/cvmfs/soft.computecanada.ca/easybuild/software/2020/avx512/Compiler/intel2020/openmpi/4.0.3/bin/mpiexec
/cvmfs/soft.computecanada.ca/easybuild/software/2020/avx512/Compiler/intel2020/openmpi/4.0.3/bin/mpirun
Number of Vertices for coarse mesh in process  0  6255001
[0]PETSC ERROR: --------------------- Error Message --------------------------------------------------------------
[0]PETSC ERROR: Out of memory. This could be due to allocating
[0]PETSC ERROR: too large an object or bleeding by not properly
[0]PETSC ERROR: destroying unneeded objects.
[0]PETSC ERROR: Memory allocated 0 Memory used by process 35497684992
[0]PETSC ERROR: Try running with -malloc_dump or -malloc_view for info.
[0]PETSC ERROR: Memory requested 18446744071199758336
[0]PETSC ERROR: See https://www.mcs.anl.gov/petsc/documentation/faq.html for trouble shooting.
[0]PETSC ERROR: Petsc Release Version 3.15.0, Mar 30, 2021 
[0]PETSC ERROR: /home/a/asarkar/sudhipv/software/FreeFem-sources/src/mpi/FreeFem++-mpi on a  named nia0531.scinet.local by sudhipv Fri Oct  1 23:51:34 2021
[0]PETSC ERROR: Configure options --prefix=/home/a/asarkar/sudhipv/software/FreeFem-sources/install/ff-petsc/r MAKEFLAGS= --with-debugging=0 COPTFLAGS="-O3 -mtune=native" CXXOPTFLAGS="-O3 -mtune=native" FOPTFLAGS="-O3 -mtune=native" --with-cxx-dialect=C++11 --with-ssl=0 --with-x=0 --with-fortran-bindings=0 --with-cudac=0 --with-cc=/cvmfs/soft.computecanada.ca/easybuild/software/2020/avx512/Compiler/intel2020/openmpi/4.0.3/bin/mpicc --with-cxx=/cvmfs/soft.computecanada.ca/easybuild/software/2020/avx512/Compiler/intel2020/openmpi/4.0.3/bin/mpic++ --with-fc=/cvmfs/soft.computecanada.ca/easybuild/software/2020/avx512/Compiler/intel2020/openmpi/4.0.3/bin/mpif90 --with-scalar-type=real --with-blaslapack-include=/cvmfs/soft.computecanada.ca/easybuild/software/2020/Core/imkl/2020.1.217/mkl/include --with-blaslapack-lib="-Wl,-rpath,/cvmfs/soft.computecanada.ca/easybuild/software/2020/Core/imkl/2020.1.217/mkl/lib/intel64 -L/cvmfs/soft.computecanada.ca/easybuild/software/2020/Core/imkl/2020.1.217/mkl/lib/intel64 -lmkl_rt -lmkl_intel_thread -lmkl_core  -liomp5 -lpthread" --download-metis --download-ptscotch --download-hypre --download-parmetis --download-mmg --download-parmmg --download-superlu --download-suitesparse --download-tetgen --download-slepc --download-hpddm --download-scalapack --download-mumps --download-slepc-configure-arguments=--download-arpack=https://github.com/prj-/arpack-ng/archive/b64dccb.tar.gz PETSC_ARCH=fr
[0]PETSC ERROR: #1 MatLUFactorSymbolic_SeqAIJ() at /gpfs/fs1/home/a/asarkar/sudhipv/software/FreeFem-sources/3rdparty/ff-petsc/petsc-3.15.0/src/mat/impls/aij/seq/aijfact.c:369
[0]PETSC ERROR: #2 PetscMallocA() at /gpfs/fs1/home/a/asarkar/sudhipv/software/FreeFem-sources/3rdparty/ff-petsc/petsc-3.15.0/src/sys/memory/mal.c:416
[0]PETSC ERROR: #3 MatLUFactorSymbolic_SeqAIJ() at /gpfs/fs1/home/a/asarkar/sudhipv/software/FreeFem-sources/3rdparty/ff-petsc/petsc-3.15.0/src/mat/impls/aij/seq/aijfact.c:369
[0]PETSC ERROR: #4 MatLUFactorSymbolic() at /gpfs/fs1/home/a/asarkar/sudhipv/software/FreeFem-sources/3rdparty/ff-petsc/petsc-3.15.0/src/mat/interface/matrix.c:3141
[0]PETSC ERROR: #5 PCSetUp_LU() at /gpfs/fs1/home/a/asarkar/sudhipv/software/FreeFem-sources/3rdparty/ff-petsc/petsc-3.15.0/src/ksp/pc/impls/factor/lu/lu.c:94
[0]PETSC ERROR: #6 PCSetUp() at /gpfs/fs1/home/a/asarkar/sudhipv/software/FreeFem-sources/3rdparty/ff-petsc/petsc-3.15.0/src/ksp/pc/interface/precon.c:1015
[0]PETSC ERROR: #7 KSPSetUp() at /gpfs/fs1/home/a/asarkar/sudhipv/software/FreeFem-sources/3rdparty/ff-petsc/petsc-3.15.0/src/ksp/ksp/interface/itfunc.c:406
[0]PETSC ERROR: #8 PCSetUpOnBlocks_ASM() at /gpfs/fs1/home/a/asarkar/sudhipv/software/FreeFem-sources/3rdparty/ff-petsc/petsc-3.15.0/src/ksp/pc/impls/asm/asm.c:444
[0]PETSC ERROR: #9 PCSetUpOnBlocks() at /gpfs/fs1/home/a/asarkar/sudhipv/software/FreeFem-sources/3rdparty/ff-petsc/petsc-3.15.0/src/ksp/pc/interface/precon.c:1046
[0]PETSC ERROR: #10 KSPSetUpOnBlocks() at /gpfs/fs1/home/a/asarkar/sudhipv/software/FreeFem-sources/3rdparty/ff-petsc/petsc-3.15.0/src/ksp/ksp/interface/itfunc.c:214
[0]PETSC ERROR: #11 KSPSolve_Private() at /gpfs/fs1/home/a/asarkar/sudhipv/software/FreeFem-sources/3rdparty/ff-petsc/petsc-3.15.0/src/ksp/ksp/interface/itfunc.c:851
[0]PETSC ERROR: #12 KSPSolve() at /gpfs/fs1/home/a/asarkar/sudhipv/software/FreeFem-sources/3rdparty/ff-petsc/petsc-3.15.0/src/ksp/ksp/interface/itfunc.c:1085
[0]PETSC ERROR: #13 KSPSetUp_Chebyshev() at /gpfs/fs1/home/a/asarkar/sudhipv/software/FreeFem-sources/3rdparty/ff-petsc/petsc-3.15.0/src/ksp/ksp/impls/cheby/cheby.c:87
[0]PETSC ERROR: #14 KSPSetUp() at /gpfs/fs1/home/a/asarkar/sudhipv/software/FreeFem-sources/3rdparty/ff-petsc/petsc-3.15.0/src/ksp/ksp/interface/itfunc.c:365
[0]PETSC ERROR: #15 PCSetUp_MG() at /gpfs/fs1/home/a/asarkar/sudhipv/software/FreeFem-sources/3rdparty/ff-petsc/petsc-3.15.0/src/ksp/pc/impls/mg/mg.c:1201
[0]PETSC ERROR: #16 PCSetUp() at /gpfs/fs1/home/a/asarkar/sudhipv/software/FreeFem-sources/3rdparty/ff-petsc/petsc-3.15.0/src/ksp/pc/interface/precon.c:1015
[0]PETSC ERROR: #17 KSPSetUp() at /gpfs/fs1/home/a/asarkar/sudhipv/software/FreeFem-sources/3rdparty/ff-petsc/petsc-3.15.0/src/ksp/ksp/interface/itfunc.c:406
[0]PETSC ERROR: #18 KSPSolve_Private() at /gpfs/fs1/home/a/asarkar/sudhipv/software/FreeFem-sources/3rdparty/ff-petsc/petsc-3.15.0/src/ksp/ksp/interface/itfunc.c:850
[0]PETSC ERROR: #19 KSPSolve() at /gpfs/fs1/home/a/asarkar/sudhipv/software/FreeFem-sources/3rdparty/ff-petsc/petsc-3.15.0/src/ksp/ksp/interface/itfunc.c:1085
time taken for solve is374.934
L2 Norm of uerr is1
************************************************************************************************************************
***             WIDEN YOUR WINDOW TO 120 CHARACTERS.  Use 'enscript -r -fCourier9' to print this document            ***
************************************************************************************************************************

---------------------------------------------- PETSc Performance Summary: ----------------------------------------------

/home/a/asarkar/sudhipv/software/FreeFem-sources/src/mpi/FreeFem++-mpi on a  named nia0531.scinet.local with 1 processor, by sudhipv Fri Oct  1 23:57:57 2021
Using Petsc Release Version 3.15.0, Mar 30, 2021 

                         Max       Max/Min     Avg       Total
Time (sec):           3.829e+02     1.000   3.829e+02
Objects:              7.700e+01     1.000   7.700e+01
Flop:                 0.000e+00     0.000   0.000e+00  0.000e+00
Flop/sec:             0.000e+00     0.000   0.000e+00  0.000e+00
MPI Messages:         0.000e+00     0.000   0.000e+00  0.000e+00
MPI Message Lengths:  0.000e+00     0.000   0.000e+00  0.000e+00
MPI Reductions:       0.000e+00     0.000

Flop counting convention: 1 flop = 1 real number operation of type (multiply/divide/add/subtract)
                            e.g., VecAXPY() for real vectors of length N --> 2N flop
                            and VecAXPY() for complex vectors of length N --> 8N flop

Summary of Stages:   ----- Time ------  ----- Flop ------  --- Messages ---  -- Message Lengths --  -- Reductions --
                        Avg     %Total     Avg     %Total    Count   %Total     Avg         %Total    Count   %Total
 0:      Main Stage: 3.8286e+02 100.0%  0.0000e+00   0.0%  0.000e+00   0.0%  0.000e+00        0.0%  0.000e+00   0.0%

------------------------------------------------------------------------------------------------------------------------
See the 'Profiling' chapter of the users' manual for details on interpreting output.
Phase summary info:
   Count: number of times phase was executed
   Time and Flop: Max - maximum over all processors
                  Ratio - ratio of maximum to minimum over all processors
   Mess: number of messages sent
   AvgLen: average message length (bytes)
   Reduct: number of global reductions
   Global: entire computation
   Stage: stages of a computation. Set stages with PetscLogStagePush() and PetscLogStagePop().
      %T - percent time in this phase         %F - percent flop in this phase
      %M - percent messages in this phase     %L - percent message lengths in this phase
      %R - percent reductions in this phase
   Total Mflop/s: 10e-6 * (sum of flop over all processors)/(max time over all processors)
------------------------------------------------------------------------------------------------------------------------
Event                Count      Time (sec)     Flop                              --- Global ---  --- Stage ----  Total
                   Max Ratio  Max     Ratio   Max  Ratio  Mess   AvgLen  Reduct  %T %F %M %L %R  %T %F %M %L %R Mflop/s
------------------------------------------------------------------------------------------------------------------------

--- Event Stage 0: Main Stage

BuildTwoSided          2 1.0 1.6014e-05 1.0 0.00e+00 0.0 0.0e+00 0.0e+00 0.0e+00  0  0  0  0  0   0  0  0  0  0     0
BuildTwoSidedF         2 1.0 3.3880e-05 1.0 0.00e+00 0.0 0.0e+00 0.0e+00 0.0e+00  0  0  0  0  0   0  0  0  0  0     0
MatAssemblyBegin       5 1.0 2.2018e-04 1.0 0.00e+00 0.0 0.0e+00 0.0e+00 0.0e+00  0  0  0  0  0   0  0  0  0  0     0
MatAssemblyEnd         5 1.0 1.6911e+00 1.0 0.00e+00 0.0 0.0e+00 0.0e+00 0.0e+00  0  0  0  0  0   0  0  0  0  0     0
MatGetRowIJ            1 1.0 9.8372e-01 1.0 0.00e+00 0.0 0.0e+00 0.0e+00 0.0e+00  0  0  0  0  0   0  0  0  0  0     0
MatCreateSubMats       1 1.0 6.1459e+00 1.0 0.00e+00 0.0 0.0e+00 0.0e+00 0.0e+00  2  0  0  0  0   2  0  0  0  0     0
MatGetOrdering         1 1.0 2.1341e+01 1.0 0.00e+00 0.0 0.0e+00 0.0e+00 0.0e+00  6  0  0  0  0   6  0  0  0  0     0
MatIncreaseOvrlp       1 1.0 1.5921e+00 1.0 0.00e+00 0.0 0.0e+00 0.0e+00 0.0e+00  0  0  0  0  0   0  0  0  0  0     0
VecSet                28 1.0 1.1111e+00 1.0 0.00e+00 0.0 0.0e+00 0.0e+00 0.0e+00  0  0  0  0  0   0  0  0  0  0     0
SFSetGraph             4 1.0 2.6749e-02 1.0 0.00e+00 0.0 0.0e+00 0.0e+00 0.0e+00  0  0  0  0  0   0  0  0  0  0     0
------------------------------------------------------------------------------------------------------------------------

Memory usage is given in bytes:

Object Type          Creations   Destructions     Memory  Descendants' Mem.
Reports information only for process 0.

--- Event Stage 0: Main Stage

              Matrix    11             11   8977935220     0.
              Vector    34             34   4752016192     0.
           Index Set    15             14    625272644     0.
   IS L to G Mapping     1              1    200080688     0.
   Star Forest Graph     4              4         4896     0.
       Krylov Solver     5              5        54456     0.
      Preconditioner     5              5         5440     0.
              Viewer     2              1          848     0.
========================================================================================================================
Average time to get PetscTime(): 2.89e-08
#PETSc Option Table entries:
-ksp_converged_reason
-ksp_monitor
-ksp_pc_side right
-ksp_rtol 1e-8
-ksp_type gmres
-log_view
-m 2500
-mg_coarse_ksp_type preonly
-mg_coarse_pc_type lu
-mg_levels_pc_type asm
-mg_levels_sub_pc_type lu
-n 2500
-nw
-pc_mg_type multiplicative
-pc_type mg
#End of PETSc Option Table entries
Compiled without FORTRAN kernels
Compiled with full precision matrices (default)
sizeof(short) 2 sizeof(int) 4 sizeof(long) 8 sizeof(void*) 8 sizeof(PetscScalar) 8 sizeof(PetscInt) 4
Configure options: --prefix=/home/a/asarkar/sudhipv/software/FreeFem-sources/install/ff-petsc/r MAKEFLAGS= --with-debugging=0 COPTFLAGS="-O3 -mtune=native" CXXOPTFLAGS="-O3 -mtune=native" FOPTFLAGS="-O3 -mtune=native" --with-cxx-dialect=C++11 --with-ssl=0 --with-x=0 --with-fortran-bindings=0 --with-cudac=0 --with-cc=/cvmfs/soft.computecanada.ca/easybuild/software/2020/avx512/Compiler/intel2020/openmpi/4.0.3/bin/mpicc --with-cxx=/cvmfs/soft.computecanada.ca/easybuild/software/2020/avx512/Compiler/intel2020/openmpi/4.0.3/bin/mpic++ --with-fc=/cvmfs/soft.computecanada.ca/easybuild/software/2020/avx512/Compiler/intel2020/openmpi/4.0.3/bin/mpif90 --with-scalar-type=real --with-blaslapack-include=/cvmfs/soft.computecanada.ca/easybuild/software/2020/Core/imkl/2020.1.217/mkl/include --with-blaslapack-lib="-Wl,-rpath,/cvmfs/soft.computecanada.ca/easybuild/software/2020/Core/imkl/2020.1.217/mkl/lib/intel64 -L/cvmfs/soft.computecanada.ca/easybuild/software/2020/Core/imkl/2020.1.217/mkl/lib/intel64 -lmkl_rt -lmkl_intel_thread -lmkl_core  -liomp5 -lpthread" --download-metis --download-ptscotch --download-hypre --download-parmetis --download-mmg --download-parmmg --download-superlu --download-suitesparse --download-tetgen --download-slepc --download-hpddm --download-scalapack --download-mumps --download-slepc-configure-arguments=--download-arpack=https://github.com/prj-/arpack-ng/archive/b64dccb.tar.gz PETSC_ARCH=fr
-----------------------------------------
Libraries compiled on 2021-05-02 15:39:49 on nia-login03.scinet.local 
Machine characteristics: Linux-3.10.0-957.27.2.el7.x86_64-x86_64-with-centos-7.6.1810-Core
Using PETSc directory: /home/a/asarkar/sudhipv/software/FreeFem-sources/install/ff-petsc/r
Using PETSc arch: 
-----------------------------------------

Using C compiler: /cvmfs/soft.computecanada.ca/easybuild/software/2020/avx512/Compiler/intel2020/openmpi/4.0.3/bin/mpicc  -fPIC -wd1572 -O3 -mtune=native   
Using Fortran compiler: /cvmfs/soft.computecanada.ca/easybuild/software/2020/avx512/Compiler/intel2020/openmpi/4.0.3/bin/mpif90  -fPIC -O3 -mtune=native     
-----------------------------------------

Using include paths: -I/home/a/asarkar/sudhipv/software/FreeFem-sources/install/ff-petsc/r/include -I/cvmfs/soft.computecanada.ca/easybuild/software/2020/Core/imkl/2020.1.217/mkl/include
-----------------------------------------

Using C linker: /cvmfs/soft.computecanada.ca/easybuild/software/2020/avx512/Compiler/intel2020/openmpi/4.0.3/bin/mpicc
Using Fortran linker: /cvmfs/soft.computecanada.ca/easybuild/software/2020/avx512/Compiler/intel2020/openmpi/4.0.3/bin/mpif90
Using libraries: -Wl,-rpath,/home/a/asarkar/sudhipv/software/FreeFem-sources/install/ff-petsc/r/lib -L/home/a/asarkar/sudhipv/software/FreeFem-sources/install/ff-petsc/r/lib -lpetsc -Wl,-rpath,/home/a/asarkar/sudhipv/software/FreeFem-sources/install/ff-petsc/r/lib -L/home/a/asarkar/sudhipv/software/FreeFem-sources/install/ff-petsc/r/lib -Wl,-rpath,/cvmfs/soft.computecanada.ca/easybuild/software/2020/Core/imkl/2020.1.217/mkl/lib/intel64 -L/cvmfs/soft.computecanada.ca/easybuild/software/2020/Core/imkl/2020.1.217/mkl/lib/intel64 -Wl,-rpath,/cvmfs/soft.computecanada.ca/easybuild/software/2020/avx512/Compiler/intel2020/openmpi/4.0.3/lib -L/cvmfs/soft.computecanada.ca/easybuild/software/2020/avx512/Compiler/intel2020/openmpi/4.0.3/lib -Wl,-rpath,/cvmfs/soft.computecanada.ca/easybuild/software/2020/avx512/Core/libfabric/1.10.1/lib -L/cvmfs/soft.computecanada.ca/easybuild/software/2020/avx512/Core/libfabric/1.10.1/lib -Wl,-rpath,/cvmfs/soft.computecanada.ca/easybuild/software/2020/avx512/Core/ucx/1.8.0/lib -L/cvmfs/soft.computecanada.ca/easybuild/software/2020/avx512/Core/ucx/1.8.0/lib -Wl,-rpath,/cvmfs/soft.computecanada.ca/easybuild/software/2020/Core/imkl/2020.1.217/lib/intel64 -L/cvmfs/soft.computecanada.ca/easybuild/software/2020/Core/imkl/2020.1.217/lib/intel64 -Wl,-rpath,/cvmfs/restricted.computecanada.ca/easybuild/software/2020/Core/intel/2020.1.217/compilers_and_libraries_2020.1.217/linux/tbb/lib/intel64/gcc4.8 -L/cvmfs/restricted.computecanada.ca/easybuild/software/2020/Core/intel/2020.1.217/compilers_and_libraries_2020.1.217/linux/tbb/lib/intel64/gcc4.8 -Wl,-rpath,/cvmfs/restricted.computecanada.ca/easybuild/software/2020/Core/intel/2020.1.217/compilers_and_libraries_2020.1.217/linux/compiler/lib/intel64_lin -L/cvmfs/restricted.computecanada.ca/easybuild/software/2020/Core/intel/2020.1.217/compilers_and_libraries_2020.1.217/linux/compiler/lib/intel64_lin -Wl,-rpath,/cvmfs/soft.computecanada.ca/easybuild/software/2020/avx512/Compiler/intel2020/openmpi/4.0.3/lib64 -L/cvmfs/soft.computecanada.ca/easybuild/software/2020/avx512/Compiler/intel2020/openmpi/4.0.3/lib64 -Wl,-rpath,/cvmfs/soft.computecanada.ca/easybuild/software/2020/Core/gcccore/9.3.0/lib/gcc/x86_64-pc-linux-gnu/9.3.0 -L/cvmfs/soft.computecanada.ca/easybuild/software/2020/Core/gcccore/9.3.0/lib/gcc/x86_64-pc-linux-gnu/9.3.0 -Wl,-rpath,/cvmfs/soft.computecanada.ca/easybuild/software/2020/Core/gcccore/9.3.0/lib64 -L/cvmfs/soft.computecanada.ca/easybuild/software/2020/Core/gcccore/9.3.0/lib64 -Wl,-rpath,/cvmfs/soft.computecanada.ca/gentoo/2020/lib64 -L/cvmfs/soft.computecanada.ca/gentoo/2020/lib64 -Wl,-rpath,/cvmfs/soft.computecanada.ca/gentoo/2020/usr/lib64 -L/cvmfs/soft.computecanada.ca/gentoo/2020/usr/lib64 -Wl,-rpath,/cvmfs/soft.computecanada.ca/easybuild/software/2020/Core/gcccore/9.3.0/lib -L/cvmfs/soft.computecanada.ca/easybuild/software/2020/Core/gcccore/9.3.0/lib -Wl,-rpath,/cvmfs/soft.computecanada.ca/gentoo/2020/lib -L/cvmfs/soft.computecanada.ca/gentoo/2020/lib -Wl,-rpath,/cvmfs/soft.computecanada.ca/gentoo/2020/usr/lib -L/cvmfs/soft.computecanada.ca/gentoo/2020/usr/lib -lHYPRE -lcmumps -ldmumps -lsmumps -lzmumps -lmumps_common -lpord -lscalapack -lumfpack -lklu -lcholmod -lbtf -lccolamd -lcolamd -lcamd -lamd -lsuitesparseconfig -lsuperlu -lmkl_rt -lmkl_intel_thread -lmkl_core -liomp5 -lpthread -lparmmg -lmmg -lmmg3d -lptesmumps -lptscotchparmetis -lptscotch -lptscotcherr -lesmumps -lscotch -lscotcherr -lpthread -lparmetis -lmetis -ltet -lstdc++ -ldl -lmpi_usempif08 -lmpi_usempi_ignore_tkr -lmpi_mpifh -lmpi -lifport -lifcoremt_pic -limf -lsvml -lm -lipgo -lirc -lpthread -lgcc_s -lirc_s -lrt -lquadmath -lstdc++ -ldl
-----------------------------------------

#############################################################################################################
#############################################################################################################
########     Finsihed Code with NL 10 Processors             #################################################
#############################################################################################################
#############################################################################################################

scontrol show jobid 6179774
JobId=6179774 JobName=Poisson_Weak
   UserId=sudhipv(3061414) GroupId=asarkar(6001189) MCS_label=N/A
   Priority=2436487 Nice=0 Account=def-asarkar QOS=normal
   JobState=COMPLETING Reason=None Dependency=(null)
   Requeue=0 Restarts=0 BatchFlag=1 Reboot=0 ExitCode=0:0
   RunTime=00:06:41 TimeLimit=00:30:00 TimeMin=N/A
   SubmitTime=2021-10-01T23:51:14 EligibleTime=2021-10-01T23:51:14
   AccrueTime=2021-10-01T23:51:14
   StartTime=2021-10-01T23:51:17 EndTime=2021-10-01T23:57:58 Deadline=N/A
   SuspendTime=None SecsPreSuspend=0 LastSchedEval=2021-10-01T23:51:17
   Partition=compute AllocNode:Sid=nia-login03:376588
   ReqNodeList=(null) ExcNodeList=(null)
   NodeList=nia0531
   BatchHost=nia0531
   NumNodes=1 NumCPUs=80 NumTasks=1 CPUs/Task=1 ReqB:S:C:T=0:0:*:*
   TRES=cpu=80,mem=175000M,node=1,billing=40
   Socks/Node=* NtasksPerN:B:S:C=1:0:*:* CoreSpec=*
   MinCPUsNode=1 MinMemoryNode=175000M MinTmpDiskNode=0
   Features=[skylake|cascade] DelayBoot=00:00:00
   OverSubscribe=NO Contiguous=0 Licenses=(null) Network=(null)
   Command=/gpfs/fs0/scratch/a/asarkar/sudhipv/poisson_hpc/weak/runff_niagara_weak.sh
   WorkDir=/gpfs/fs0/scratch/a/asarkar/sudhipv/poisson_hpc/weak
   StdErr=/gpfs/fs0/scratch/a/asarkar/sudhipv/poisson_hpc/weak/Poisson_Weak-6179774.out
   StdIn=/dev/null
   StdOut=/gpfs/fs0/scratch/a/asarkar/sudhipv/poisson_hpc/weak/Poisson_Weak-6179774.out
   Power=
   MailUser=sudhipv@cmail.carleton.ca MailType=BEGIN,END,FAIL,REQUEUE,STAGE_OUT

sacct -j 6179774
       JobID    JobName    Account    Elapsed  MaxVMSize     MaxRSS  SystemCPU    UserCPU ExitCode 
------------ ---------- ---------- ---------- ---------- ---------- ---------- ---------- -------- 
6179774      Poisson_W+ def-asark+   00:06:41                        00:16.754  06:05.219      0:0 
6179774.bat+      batch def-asark+   00:06:41  41667008K  34682548K  00:16.754  06:05.218      0:0 
6179774.ext+     extern def-asark+   00:06:41    138360K      1068K   00:00:00   00:00:00      0:0 

kernel messages produced during job executions:
[Oct 1 23:29] mlx5_core 0000:06:00.0: mlx5_core_get_rsc:63:(pid 0): Async event for bogus resource 0x18b30
