/cvmfs/soft.computecanada.ca/easybuild/software/2020/avx512/Compiler/intel2020/openmpi/4.0.3/bin/mpiexec
/cvmfs/soft.computecanada.ca/easybuild/software/2020/avx512/Compiler/intel2020/openmpi/4.0.3/bin/mpirun
Number of Vertices for coarse mesh in process  0  1002001
    Linear mg_coarse_ solve converged due to CONVERGED_RTOL iterations 8020
    Linear mg_coarse_ solve did not converge due to DIVERGED_ITS iterations 10000
    Linear mg_coarse_ solve did not converge due to DIVERGED_ITS iterations 10000
    Linear mg_coarse_ solve did not converge due to DIVERGED_ITS iterations 10000
    Linear mg_coarse_ solve did not converge due to DIVERGED_ITS iterations 10000
    Linear mg_coarse_ solve did not converge due to DIVERGED_ITS iterations 10000
    Linear mg_coarse_ solve did not converge due to DIVERGED_ITS iterations 10000
    Linear mg_coarse_ solve did not converge due to DIVERGED_ITS iterations 10000
    Linear mg_coarse_ solve did not converge due to DIVERGED_ITS iterations 10000
    Linear mg_coarse_ solve did not converge due to DIVERGED_ITS iterations 10000
Linear solve converged due to CONVERGED_RTOL iterations 10
time taken for solve is188.818
L2 Norm of uerr is1.25305e-06
************************************************************************************************************************
***             WIDEN YOUR WINDOW TO 120 CHARACTERS.  Use 'enscript -r -fCourier9' to print this document            ***
************************************************************************************************************************

---------------------------------------------- PETSc Performance Summary: ----------------------------------------------

/home/a/asarkar/sudhipv/software/FreeFem-sources/src/mpi/FreeFem++-mpi on a  named nia0728.scinet.local with 40 processors, by sudhipv Fri Oct  1 13:33:07 2021
Using Petsc Release Version 3.15.0, Mar 30, 2021 

                         Max       Max/Min     Avg       Total
Time (sec):           1.891e+02     1.000   1.891e+02
Objects:              1.600e+02     1.000   1.600e+02
Flop:                 2.057e+11     1.033   2.028e+11  8.113e+12
Flop/sec:             1.088e+09     1.033   1.073e+09  4.290e+10
MPI Messages:         7.100e+05     7.000   4.717e+05  1.887e+07
MPI Message Lengths:  5.844e+08     3.075   9.877e+02  1.863e+10
MPI Reductions:       1.994e+05     1.000

Flop counting convention: 1 flop = 1 real number operation of type (multiply/divide/add/subtract)
                            e.g., VecAXPY() for real vectors of length N --> 2N flop
                            and VecAXPY() for complex vectors of length N --> 8N flop

Summary of Stages:   ----- Time ------  ----- Flop ------  --- Messages ---  -- Message Lengths --  -- Reductions --
                        Avg     %Total     Avg     %Total    Count   %Total     Avg         %Total    Count   %Total
 0:      Main Stage: 1.8910e+02 100.0%  8.1130e+12 100.0%  1.887e+07 100.0%  9.877e+02      100.0%  1.994e+05 100.0%

------------------------------------------------------------------------------------------------------------------------
See the 'Profiling' chapter of the users' manual for details on interpreting output.
Phase summary info:
   Count: number of times phase was executed
   Time and Flop: Max - maximum over all processors
                  Ratio - ratio of maximum to minimum over all processors
   Mess: number of messages sent
   AvgLen: average message length (bytes)
   Reduct: number of global reductions
   Global: entire computation
   Stage: stages of a computation. Set stages with PetscLogStagePush() and PetscLogStagePop().
      %T - percent time in this phase         %F - percent flop in this phase
      %M - percent messages in this phase     %L - percent message lengths in this phase
      %R - percent reductions in this phase
   Total Mflop/s: 10e-6 * (sum of flop over all processors)/(max time over all processors)
------------------------------------------------------------------------------------------------------------------------
Event                Count      Time (sec)     Flop                              --- Global ---  --- Stage ----  Total
                   Max Ratio  Max     Ratio   Max  Ratio  Mess   AvgLen  Reduct  %T %F %M %L %R  %T %F %M %L %R Mflop/s
------------------------------------------------------------------------------------------------------------------------

--- Event Stage 0: Main Stage

BuildTwoSided          7 1.0 2.7503e-01215.0 0.00e+00 0.0 5.6e+02 4.0e+00 5.0e+00  0  0  0  0  0   0  0  0  0  0     0
BuildTwoSidedF         2 1.0 1.4999e-03 1.5 0.00e+00 0.0 0.0e+00 0.0e+00 2.0e+00  0  0  0  0  0   0  0  0  0  0     0
MatMult           101354 1.0 5.5897e+01 1.1 3.35e+10 1.0 1.9e+07 9.9e+02 2.0e+00 28 16100100  0  28 16100100  0 23630
MatMultAdd            10 1.0 4.2888e-02 1.5 2.02e+06 1.0 1.9e+03 3.2e+03 0.0e+00  0  0  0  0  0   0  0  0  0  0  1867
MatMultTranspose      10 1.0 1.2609e-01 1.1 0.00e+00 0.0 1.9e+03 1.1e+04 0.0e+00  0  0  0  0  0   0  0  0  0  0     0
MatSolve              51 1.0 1.1898e+00 1.1 8.91e+08 1.1 0.0e+00 0.0e+00 0.0e+00  1  0  0  0  0   1  0  0  0  0 28909
MatLUFactorSym         1 1.0 1.5637e-01 1.1 0.00e+00 0.0 0.0e+00 0.0e+00 0.0e+00  0  0  0  0  0   0  0  0  0  0     0
MatLUFactorNum         1 1.0 1.1618e+00 1.3 1.56e+09 1.3 0.0e+00 0.0e+00 0.0e+00  1  1  0  0  0   1  1  0  0  0 46381
MatResidual           10 1.0 2.9384e-02 1.4 1.41e+07 1.0 1.9e+03 2.2e+03 0.0e+00  0  0  0  0  0   0  0  0  0  0 19066
MatAssemblyBegin       5 1.0 3.7861e-03 1.1 0.00e+00 0.0 0.0e+00 0.0e+00 2.0e+00  0  0  0  0  0   0  0  0  0  0     0
MatAssemblyEnd         5 1.0 1.0786e-01 4.4 0.00e+00 0.0 0.0e+00 0.0e+00 8.0e+00  0  0  0  0  0   0  0  0  0  0     0
MatGetRowIJ            1 1.0 4.4278e-03 1.1 0.00e+00 0.0 0.0e+00 0.0e+00 0.0e+00  0  0  0  0  0   0  0  0  0  0     0
MatCreateSubMats       1 1.0 3.4403e-02 1.1 0.00e+00 0.0 9.3e+02 5.0e+03 1.0e+00  0  0  0  0  0   0  0  0  0  0     0
MatGetOrdering         1 1.0 5.6141e-02 1.2 0.00e+00 0.0 0.0e+00 0.0e+00 0.0e+00  0  0  0  0  0   0  0  0  0  0     0
MatIncreaseOvrlp       1 1.0 1.0113e-02 1.1 0.00e+00 0.0 0.0e+00 0.0e+00 1.0e+00  0  0  0  0  0   0  0  0  0  0     0
VecMDot            98040 1.0 6.1527e+01 1.1 7.72e+10 1.0 0.0e+00 0.0e+00 9.8e+04 31 38  0  0 49  31 38  0  0 49 49467
VecNorm           101316 1.0 6.5483e+00 1.7 5.15e+09 1.0 0.0e+00 0.0e+00 1.0e+05  3  3  0  0 51   3  3  0  0 51 31026
VecScale          101336 1.0 7.3119e-01 1.2 2.58e+09 1.0 0.0e+00 0.0e+00 0.0e+00  0  1  0  0  0   0  1  0  0  0 138930
VecCopy             3306 1.0 2.2637e-01 1.2 0.00e+00 0.0 0.0e+00 0.0e+00 0.0e+00  0  0  0  0  0   0  0  0  0  0     0
VecSet              3467 1.0 2.2773e-01 1.1 0.00e+00 0.0 0.0e+00 0.0e+00 0.0e+00  0  0  0  0  0   0  0  0  0  0     0
VecAXPY             6550 1.0 2.7491e-01 1.4 3.35e+08 1.0 0.0e+00 0.0e+00 0.0e+00  0  0  0  0  0   0  0  0  0  0 48009
VecAYPX               60 1.0 1.6318e-02 1.2 8.07e+06 1.0 0.0e+00 0.0e+00 0.0e+00  0  0  0  0  0   0  0  0  0  0 19630
VecAXPBYCZ            20 1.0 9.4426e-03 1.2 1.01e+07 1.0 0.0e+00 0.0e+00 0.0e+00  0  0  0  0  0   0  0  0  0  0 42404
VecMAXPY          101316 1.0 5.0841e+01 1.1 8.22e+10 1.0 0.0e+00 0.0e+00 0.0e+00 26 40  0  0  0  26 40  0  0  0 63732
VecPointwiseMult  101294 1.0 1.0261e+01 1.1 2.57e+09 1.0 0.0e+00 0.0e+00 0.0e+00  5  1  0  0  0   5  1  0  0  0  9892
VecScatterBegin   101548 1.0 2.2398e+00 2.2 0.00e+00 0.0 1.9e+07 9.9e+02 3.0e+00  1  0100100  0   1  0100100  0     0
VecScatterEnd     101548 1.0 1.7588e+00 3.1 0.00e+00 0.0 0.0e+00 0.0e+00 0.0e+00  1  0  0  0  0   1  0  0  0  0     0
VecNormalize      101305 1.0 7.2769e+00 1.6 7.73e+09 1.0 0.0e+00 0.0e+00 1.0e+05  3  4  0  0 51   3  4  0  0 51 41862
SFSetGraph             5 1.0 2.3549e-04 1.5 0.00e+00 0.0 0.0e+00 0.0e+00 0.0e+00  0  0  0  0  0   0  0  0  0  0     0
SFSetUp                5 1.0 2.8402e-0128.9 0.00e+00 0.0 1.1e+03 4.5e+02 3.0e+00  0  0  0  0  0   0  0  0  0  0     0
SFReduceBegin         51 1.0 1.4023e-02 1.2 0.00e+00 0.0 0.0e+00 0.0e+00 0.0e+00  0  0  0  0  0   0  0  0  0  0     0
SFReduceEnd           51 1.0 5.4268e-05 1.4 0.00e+00 0.0 0.0e+00 0.0e+00 0.0e+00  0  0  0  0  0   0  0  0  0  0     0
SFPack            101548 1.0 3.1971e-01 1.9 0.00e+00 0.0 0.0e+00 0.0e+00 0.0e+00  0  0  0  0  0   0  0  0  0  0     0
SFUnpack          101548 1.0 6.4265e-02 2.5 0.00e+00 0.0 0.0e+00 0.0e+00 0.0e+00  0  0  0  0  0   0  0  0  0  0     0
KSPSetUp               3 1.0 2.3603e+00 1.0 1.79e+09 1.3 5.6e+03 2.4e+03 3.4e+01  1  1  0  0  0   1  1  0  0  0 26661
KSPSolve               1 1.0 1.7973e+02 1.0 2.04e+11 1.0 1.9e+07 9.9e+02 2.0e+05 95 99100100100  95 99100100100 44791
KSPGMRESOrthog     98040 1.0 1.0685e+02 1.0 1.54e+11 1.0 0.0e+00 0.0e+00 9.8e+04 56 75  0  0 49  56 75  0  0 49 56966
PCSetUp                1 1.0 2.3590e+00 1.0 1.79e+09 1.3 5.6e+03 2.4e+03 3.8e+01  1  1  0  0  0   1  1  0  0  0 26676
PCSetUpOnBlocks       21 1.0 1.3616e+00 1.3 1.56e+09 1.3 0.0e+00 0.0e+00 0.0e+00  1  1  0  0  0   1  1  0  0  0 39578
PCApply               10 1.0 1.7967e+02 1.0 2.04e+11 1.0 1.9e+07 9.9e+02 2.0e+05 95 99100100100  95 99100100100 44796
PCApplyOnBlocks       51 1.0 1.1994e+00 1.1 8.91e+08 1.1 0.0e+00 0.0e+00 0.0e+00  1  0  0  0  0   1  0  0  0  0 28677
------------------------------------------------------------------------------------------------------------------------

Memory usage is given in bytes:

Object Type          Creations   Destructions     Memory  Descendants' Mem.
Reports information only for process 0.

--- Event Stage 0: Main Stage

              Matrix    11             11    141428804     0.
              Vector   101            101     53628176     0.
           Index Set    15             15      2945096     0.
   IS L to G Mapping     1              1      2000760     0.
   Star Forest Graph    11             11        12600     0.
       Krylov Solver     5              5        72264     0.
      Preconditioner     5              5         5400     0.
    Distributed Mesh     3              3        15144     0.
     Discrete System     3              3         2712     0.
           Weak Form     3              3         2472     0.
              Viewer     2              1          848     0.
========================================================================================================================
Average time to get PetscTime(): 4.28e-08
Average time for MPI_Barrier(): 7.97834e-05
Average time for zero size MPI_Send(): 2.45538e-05
#PETSc Option Table entries:
-ksp_converged_reason
-ksp_pc_side right
-ksp_rtol 1e-8
-ksp_type fgmres
-log_view
-m 1000
-mg_coarse_ksp_converged_reason
-mg_coarse_ksp_type gmres
-mg_coarse_pc_type jacobi
-mg_levels_pc_type asm
-mg_levels_sub_pc_type lu
-n 1000
-nw
-pc_mg_type multiplicative
-pc_type mg
#End of PETSc Option Table entries
Compiled without FORTRAN kernels
Compiled with full precision matrices (default)
sizeof(short) 2 sizeof(int) 4 sizeof(long) 8 sizeof(void*) 8 sizeof(PetscScalar) 8 sizeof(PetscInt) 4
Configure options: --prefix=/home/a/asarkar/sudhipv/software/FreeFem-sources/install/ff-petsc/r MAKEFLAGS= --with-debugging=0 COPTFLAGS="-O3 -mtune=native" CXXOPTFLAGS="-O3 -mtune=native" FOPTFLAGS="-O3 -mtune=native" --with-cxx-dialect=C++11 --with-ssl=0 --with-x=0 --with-fortran-bindings=0 --with-cudac=0 --with-cc=/cvmfs/soft.computecanada.ca/easybuild/software/2020/avx512/Compiler/intel2020/openmpi/4.0.3/bin/mpicc --with-cxx=/cvmfs/soft.computecanada.ca/easybuild/software/2020/avx512/Compiler/intel2020/openmpi/4.0.3/bin/mpic++ --with-fc=/cvmfs/soft.computecanada.ca/easybuild/software/2020/avx512/Compiler/intel2020/openmpi/4.0.3/bin/mpif90 --with-scalar-type=real --with-blaslapack-include=/cvmfs/soft.computecanada.ca/easybuild/software/2020/Core/imkl/2020.1.217/mkl/include --with-blaslapack-lib="-Wl,-rpath,/cvmfs/soft.computecanada.ca/easybuild/software/2020/Core/imkl/2020.1.217/mkl/lib/intel64 -L/cvmfs/soft.computecanada.ca/easybuild/software/2020/Core/imkl/2020.1.217/mkl/lib/intel64 -lmkl_rt -lmkl_intel_thread -lmkl_core  -liomp5 -lpthread" --download-metis --download-ptscotch --download-hypre --download-parmetis --download-mmg --download-parmmg --download-superlu --download-suitesparse --download-tetgen --download-slepc --download-hpddm --download-scalapack --download-mumps --download-slepc-configure-arguments=--download-arpack=https://github.com/prj-/arpack-ng/archive/b64dccb.tar.gz PETSC_ARCH=fr
-----------------------------------------
Libraries compiled on 2021-05-02 15:39:49 on nia-login03.scinet.local 
Machine characteristics: Linux-3.10.0-957.27.2.el7.x86_64-x86_64-with-centos-7.6.1810-Core
Using PETSc directory: /home/a/asarkar/sudhipv/software/FreeFem-sources/install/ff-petsc/r
Using PETSc arch: 
-----------------------------------------

Using C compiler: /cvmfs/soft.computecanada.ca/easybuild/software/2020/avx512/Compiler/intel2020/openmpi/4.0.3/bin/mpicc  -fPIC -wd1572 -O3 -mtune=native   
Using Fortran compiler: /cvmfs/soft.computecanada.ca/easybuild/software/2020/avx512/Compiler/intel2020/openmpi/4.0.3/bin/mpif90  -fPIC -O3 -mtune=native     
-----------------------------------------

Using include paths: -I/home/a/asarkar/sudhipv/software/FreeFem-sources/install/ff-petsc/r/include -I/cvmfs/soft.computecanada.ca/easybuild/software/2020/Core/imkl/2020.1.217/mkl/include
-----------------------------------------

Using C linker: /cvmfs/soft.computecanada.ca/easybuild/software/2020/avx512/Compiler/intel2020/openmpi/4.0.3/bin/mpicc
Using Fortran linker: /cvmfs/soft.computecanada.ca/easybuild/software/2020/avx512/Compiler/intel2020/openmpi/4.0.3/bin/mpif90
Using libraries: -Wl,-rpath,/home/a/asarkar/sudhipv/software/FreeFem-sources/install/ff-petsc/r/lib -L/home/a/asarkar/sudhipv/software/FreeFem-sources/install/ff-petsc/r/lib -lpetsc -Wl,-rpath,/home/a/asarkar/sudhipv/software/FreeFem-sources/install/ff-petsc/r/lib -L/home/a/asarkar/sudhipv/software/FreeFem-sources/install/ff-petsc/r/lib -Wl,-rpath,/cvmfs/soft.computecanada.ca/easybuild/software/2020/Core/imkl/2020.1.217/mkl/lib/intel64 -L/cvmfs/soft.computecanada.ca/easybuild/software/2020/Core/imkl/2020.1.217/mkl/lib/intel64 -Wl,-rpath,/cvmfs/soft.computecanada.ca/easybuild/software/2020/avx512/Compiler/intel2020/openmpi/4.0.3/lib -L/cvmfs/soft.computecanada.ca/easybuild/software/2020/avx512/Compiler/intel2020/openmpi/4.0.3/lib -Wl,-rpath,/cvmfs/soft.computecanada.ca/easybuild/software/2020/avx512/Core/libfabric/1.10.1/lib -L/cvmfs/soft.computecanada.ca/easybuild/software/2020/avx512/Core/libfabric/1.10.1/lib -Wl,-rpath,/cvmfs/soft.computecanada.ca/easybuild/software/2020/avx512/Core/ucx/1.8.0/lib -L/cvmfs/soft.computecanada.ca/easybuild/software/2020/avx512/Core/ucx/1.8.0/lib -Wl,-rpath,/cvmfs/soft.computecanada.ca/easybuild/software/2020/Core/imkl/2020.1.217/lib/intel64 -L/cvmfs/soft.computecanada.ca/easybuild/software/2020/Core/imkl/2020.1.217/lib/intel64 -Wl,-rpath,/cvmfs/restricted.computecanada.ca/easybuild/software/2020/Core/intel/2020.1.217/compilers_and_libraries_2020.1.217/linux/tbb/lib/intel64/gcc4.8 -L/cvmfs/restricted.computecanada.ca/easybuild/software/2020/Core/intel/2020.1.217/compilers_and_libraries_2020.1.217/linux/tbb/lib/intel64/gcc4.8 -Wl,-rpath,/cvmfs/restricted.computecanada.ca/easybuild/software/2020/Core/intel/2020.1.217/compilers_and_libraries_2020.1.217/linux/compiler/lib/intel64_lin -L/cvmfs/restricted.computecanada.ca/easybuild/software/2020/Core/intel/2020.1.217/compilers_and_libraries_2020.1.217/linux/compiler/lib/intel64_lin -Wl,-rpath,/cvmfs/soft.computecanada.ca/easybuild/software/2020/avx512/Compiler/intel2020/openmpi/4.0.3/lib64 -L/cvmfs/soft.computecanada.ca/easybuild/software/2020/avx512/Compiler/intel2020/openmpi/4.0.3/lib64 -Wl,-rpath,/cvmfs/soft.computecanada.ca/easybuild/software/2020/Core/gcccore/9.3.0/lib/gcc/x86_64-pc-linux-gnu/9.3.0 -L/cvmfs/soft.computecanada.ca/easybuild/software/2020/Core/gcccore/9.3.0/lib/gcc/x86_64-pc-linux-gnu/9.3.0 -Wl,-rpath,/cvmfs/soft.computecanada.ca/easybuild/software/2020/Core/gcccore/9.3.0/lib64 -L/cvmfs/soft.computecanada.ca/easybuild/software/2020/Core/gcccore/9.3.0/lib64 -Wl,-rpath,/cvmfs/soft.computecanada.ca/gentoo/2020/lib64 -L/cvmfs/soft.computecanada.ca/gentoo/2020/lib64 -Wl,-rpath,/cvmfs/soft.computecanada.ca/gentoo/2020/usr/lib64 -L/cvmfs/soft.computecanada.ca/gentoo/2020/usr/lib64 -Wl,-rpath,/cvmfs/soft.computecanada.ca/easybuild/software/2020/Core/gcccore/9.3.0/lib -L/cvmfs/soft.computecanada.ca/easybuild/software/2020/Core/gcccore/9.3.0/lib -Wl,-rpath,/cvmfs/soft.computecanada.ca/gentoo/2020/lib -L/cvmfs/soft.computecanada.ca/gentoo/2020/lib -Wl,-rpath,/cvmfs/soft.computecanada.ca/gentoo/2020/usr/lib -L/cvmfs/soft.computecanada.ca/gentoo/2020/usr/lib -lHYPRE -lcmumps -ldmumps -lsmumps -lzmumps -lmumps_common -lpord -lscalapack -lumfpack -lklu -lcholmod -lbtf -lccolamd -lcolamd -lcamd -lamd -lsuitesparseconfig -lsuperlu -lmkl_rt -lmkl_intel_thread -lmkl_core -liomp5 -lpthread -lparmmg -lmmg -lmmg3d -lptesmumps -lptscotchparmetis -lptscotch -lptscotcherr -lesmumps -lscotch -lscotcherr -lpthread -lparmetis -lmetis -ltet -lstdc++ -ldl -lmpi_usempif08 -lmpi_usempi_ignore_tkr -lmpi_mpifh -lmpi -lifport -lifcoremt_pic -limf -lsvml -lm -lipgo -lirc -lpthread -lgcc_s -lirc_s -lrt -lquadmath -lstdc++ -ldl
-----------------------------------------

#############################################################################################################
#############################################################################################################
########     Finsihed Code with NL 10 Processors             #################################################
#############################################################################################################
#############################################################################################################

scontrol show jobid 6178187
JobId=6178187 JobName=Poisson_Weak
   UserId=sudhipv(3061414) GroupId=asarkar(6001189) MCS_label=N/A
   Priority=2435400 Nice=0 Account=def-asarkar QOS=normal
   JobState=COMPLETING Reason=None Dependency=(null)
   Requeue=0 Restarts=0 BatchFlag=1 Reboot=0 ExitCode=0:0
   RunTime=00:03:20 TimeLimit=00:30:00 TimeMin=N/A
   SubmitTime=2021-10-01T13:29:47 EligibleTime=2021-10-01T13:29:47
   AccrueTime=2021-10-01T13:29:47
   StartTime=2021-10-01T13:29:47 EndTime=2021-10-01T13:33:07 Deadline=N/A
   SuspendTime=None SecsPreSuspend=0 LastSchedEval=2021-10-01T13:29:47
   Partition=compute AllocNode:Sid=nia-login01:428313
   ReqNodeList=(null) ExcNodeList=(null)
   NodeList=nia0728
   BatchHost=nia0728
   NumNodes=1 NumCPUs=80 NumTasks=40 CPUs/Task=1 ReqB:S:C:T=0:0:*:*
   TRES=cpu=80,mem=175000M,node=1,billing=40
   Socks/Node=* NtasksPerN:B:S:C=40:0:*:* CoreSpec=*
   MinCPUsNode=40 MinMemoryNode=175000M MinTmpDiskNode=0
   Features=[skylake|cascade] DelayBoot=00:00:00
   OverSubscribe=NO Contiguous=0 Licenses=(null) Network=(null)
   Command=/gpfs/fs0/scratch/a/asarkar/sudhipv/poisson_hpc/weak/runff_niagara_weak.sh
   WorkDir=/gpfs/fs0/scratch/a/asarkar/sudhipv/poisson_hpc/weak
   StdErr=/gpfs/fs0/scratch/a/asarkar/sudhipv/poisson_hpc/weak/Poisson_Weak-6178187.out
   StdIn=/dev/null
   StdOut=/gpfs/fs0/scratch/a/asarkar/sudhipv/poisson_hpc/weak/Poisson_Weak-6178187.out
   Power=
   MailUser=sudhipv@cmail.carleton.ca MailType=BEGIN,END,FAIL,REQUEUE,STAGE_OUT

sacct -j 6178187
       JobID    JobName    Account    Elapsed  MaxVMSize     MaxRSS  SystemCPU    UserCPU ExitCode 
------------ ---------- ---------- ---------- ---------- ---------- ---------- ---------- -------- 
6178187      Poisson_W+ def-asark+   00:03:20                        00:36.723   02:04:58      0:0 
6178187.bat+      batch def-asark+   00:03:20  35030032K  13208468K  00:36.723   02:04:58      0:0 
6178187.ext+     extern def-asark+   00:03:20    138360K       876K   00:00:00   00:00:00      0:0 
