/cvmfs/soft.computecanada.ca/easybuild/software/2020/avx512/Compiler/intel2020/openmpi/4.0.3/bin/mpiexec
/cvmfs/soft.computecanada.ca/easybuild/software/2020/avx512/Compiler/intel2020/openmpi/4.0.3/bin/mpirun
Number of Vertices for coarse mesh in process  0  8003241
  0 KSP Residual norm 7.521303078590e+01 
  1 KSP Residual norm 1.196994213130e+00 
  2 KSP Residual norm 4.864043266527e-01 
  3 KSP Residual norm 4.646524544582e-02 
  4 KSP Residual norm 3.736247651402e-03 
  5 KSP Residual norm 9.384895611603e-04 
  6 KSP Residual norm 9.668134109520e-05 
  7 KSP Residual norm 9.360787162803e-06 
  8 KSP Residual norm 2.229194455067e-06 
  9 KSP Residual norm 2.076801093143e-07 
Linear solve converged due to CONVERGED_RTOL iterations 9
time taken for solve is137.545
L2 Norm of uerr is9.16129e-09
************************************************************************************************************************
***             WIDEN YOUR WINDOW TO 120 CHARACTERS.  Use 'enscript -r -fCourier9' to print this document            ***
************************************************************************************************************************

---------------------------------------------- PETSc Performance Summary: ----------------------------------------------

/home/a/asarkar/sudhipv/software/FreeFem-sources/src/mpi/FreeFem++-mpi on a  named nia1814.scinet.local with 80 processors, by sudhipv Sat Oct  2 01:01:43 2021
Using Petsc Release Version 3.15.0, Mar 30, 2021 

                         Max       Max/Min     Avg       Total
Time (sec):           1.380e+02     1.000   1.380e+02
Objects:              1.170e+02     1.000   1.170e+02
Flop:                 2.985e+11     1.515   2.389e+11  1.911e+13
Flop/sec:             2.164e+09     1.515   1.732e+09  1.385e+11
MPI Messages:         1.158e+03     3.328   8.361e+02  6.689e+04
MPI Message Lengths:  1.849e+07     1.724   1.611e+04  1.078e+09
MPI Reductions:       1.080e+02     1.000

Flop counting convention: 1 flop = 1 real number operation of type (multiply/divide/add/subtract)
                            e.g., VecAXPY() for real vectors of length N --> 2N flop
                            and VecAXPY() for complex vectors of length N --> 8N flop

Summary of Stages:   ----- Time ------  ----- Flop ------  --- Messages ---  -- Message Lengths --  -- Reductions --
                        Avg     %Total     Avg     %Total    Count   %Total     Avg         %Total    Count   %Total
 0:      Main Stage: 1.3796e+02 100.0%  1.9113e+13 100.0%  6.689e+04 100.0%  1.611e+04      100.0%  9.000e+01  83.3%

------------------------------------------------------------------------------------------------------------------------
See the 'Profiling' chapter of the users' manual for details on interpreting output.
Phase summary info:
   Count: number of times phase was executed
   Time and Flop: Max - maximum over all processors
                  Ratio - ratio of maximum to minimum over all processors
   Mess: number of messages sent
   AvgLen: average message length (bytes)
   Reduct: number of global reductions
   Global: entire computation
   Stage: stages of a computation. Set stages with PetscLogStagePush() and PetscLogStagePop().
      %T - percent time in this phase         %F - percent flop in this phase
      %M - percent messages in this phase     %L - percent message lengths in this phase
      %R - percent reductions in this phase
   Total Mflop/s: 10e-6 * (sum of flop over all processors)/(max time over all processors)
------------------------------------------------------------------------------------------------------------------------
Event                Count      Time (sec)     Flop                              --- Global ---  --- Stage ----  Total
                   Max Ratio  Max     Ratio   Max  Ratio  Mess   AvgLen  Reduct  %T %F %M %L %R  %T %F %M %L %R Mflop/s
------------------------------------------------------------------------------------------------------------------------

--- Event Stage 0: Main Stage

BuildTwoSided          7 1.0 3.2113e+00923.2 0.00e+00 0.0 1.4e+03 4.0e+00 5.0e+00  1  0  2  0  5   1  0  2  0  6     0
BuildTwoSidedF         2 1.0 3.3891e-03 4.3 0.00e+00 0.0 0.0e+00 0.0e+00 2.0e+00  0  0  0  0  2   0  0  0  0  2     0
MatMult               69 1.0 8.7270e-01 1.4 3.08e+08 1.0 2.8e+04 4.5e+03 1.0e+00  1  0 42 12  1   1  0 42 12  1 28120
MatMultAdd            10 1.0 1.6578e-01 1.3 8.03e+06 1.0 4.0e+03 6.3e+03 0.0e+00  0  0  6  2  0   0  0  6  2  0  3861
MatMultTranspose      10 1.0 2.2568e-01 1.6 0.00e+00 0.0 4.0e+03 2.1e+04 0.0e+00  0  0  6  8  0   0  0  6  8  0     0
MatSolve              61 1.0 1.1793e+01 1.0 2.88e+11 1.6 9.3e+03 7.9e+04 5.0e+00  8 95 14 68  5   8 95 14 68  6 1539858
MatLUFactorSym         2 1.0 7.0657e+01 1.0 0.00e+00 0.0 0.0e+00 0.0e+00 0.0e+00 51  0  0  0  0  51  0  0  0  0     0
MatLUFactorNum         2 1.0 1.4526e+01 1.3 1.33e+10 1.4 0.0e+00 0.0e+00 0.0e+00 10  5  0  0  0  10  5  0  0  0 62364
MatResidual           10 1.0 1.7802e-01 2.5 5.62e+07 1.0 4.0e+03 4.3e+03 0.0e+00  0  0  6  2  0   0  0  6  2  0 25161
MatAssemblyBegin       5 1.0 3.5167e-03 1.3 0.00e+00 0.0 0.0e+00 0.0e+00 2.0e+00  0  0  0  0  2   0  0  0  0  2     0
MatAssemblyEnd         5 1.0 8.3780e-01 6.5 0.00e+00 0.0 0.0e+00 0.0e+00 8.0e+00  1  0  0  0  7   1  0  0  0  9     0
MatGetRowIJ            1 1.0 2.0766e-02 1.2 0.00e+00 0.0 0.0e+00 0.0e+00 0.0e+00  0  0  0  0  0   0  0  0  0  0     0
MatCreateSubMats       1 1.0 1.4434e-01 1.1 0.00e+00 0.0 2.0e+03 9.9e+03 1.0e+00  0  0  3  2  1   0  0  3  2  1     0
MatGetOrdering         1 1.0 3.0121e-01 1.3 0.00e+00 0.0 0.0e+00 0.0e+00 0.0e+00  0  0  0  0  0   0  0  0  0  0     0
MatIncreaseOvrlp       1 1.0 5.0857e-02 1.3 0.00e+00 0.0 0.0e+00 0.0e+00 1.0e+00  0  0  0  0  1   0  0  0  0  1     0
VecMDot               19 1.0 3.0034e-01 3.3 8.03e+07 1.0 0.0e+00 0.0e+00 1.9e+01  0  0  0  0 18   0  0  0  0 21 21310
VecNorm               21 1.0 3.5064e-01 1.2 1.69e+07 1.0 0.0e+00 0.0e+00 2.1e+01  0  0  0  0 19   0  0  0  0 23  3833
VecScale              41 1.0 1.5954e-02 1.1 8.44e+06 1.0 0.0e+00 0.0e+00 0.0e+00  0  0  0  0  0   0  0  0  0  0 42122
VecCopy               34 1.0 4.8060e-02 1.2 0.00e+00 0.0 0.0e+00 0.0e+00 0.0e+00  0  0  0  0  0   0  0  0  0  0     0
VecSet               193 1.0 1.3564e-01 1.1 0.00e+00 0.0 0.0e+00 0.0e+00 0.0e+00  0  0  0  0  0   0  0  0  0  0     0
VecAXPY               12 1.0 4.6254e-02 1.3 9.64e+06 1.0 0.0e+00 0.0e+00 0.0e+00  0  0  0  0  0   0  0  0  0  0 16605
VecAYPX               60 1.0 8.1349e-02 1.4 3.21e+07 1.0 0.0e+00 0.0e+00 0.0e+00  0  0  0  0  0   0  0  0  0  0 31471
VecAXPBYCZ            20 1.0 4.4299e-02 1.3 4.02e+07 1.0 0.0e+00 0.0e+00 0.0e+00  0  0  0  0  0   0  0  0  0  0 72239
VecMAXPY              21 1.0 1.1655e-01 1.0 9.56e+07 1.0 0.0e+00 0.0e+00 0.0e+00  0  0  0  0  0   0  0  0  0  0 65351
VecScatterBegin      273 1.0 3.5243e+0011.3 0.00e+00 0.0 5.3e+04 1.6e+04 3.0e+00  1  0 79 80  3   1  0 79 80  3     0
VecScatterEnd        273 1.0 2.9715e-01 9.7 0.00e+00 0.0 0.0e+00 0.0e+00 0.0e+00  0  0  0  0  0   0  0  0  0  0     0
VecNormalize          21 1.0 3.6569e-01 1.2 2.53e+07 1.0 0.0e+00 0.0e+00 2.1e+01  0  0  0  0 19   0  0  0  0 23  5513
SFSetGraph             6 1.0 1.0793e-03 1.5 0.00e+00 0.0 0.0e+00 0.0e+00 0.0e+00  0  0  0  0  0   0  0  0  0  0     0
SFSetUp                5 1.0 3.2484e+0077.1 0.00e+00 0.0 2.8e+03 1.2e+04 3.0e+00  1  0  4  3  3   1  0  4  3  3     0
SFReduceBegin         51 1.0 7.4988e-02 1.3 0.00e+00 0.0 0.0e+00 0.0e+00 0.0e+00  0  0  0  0  0   0  0  0  0  0     0
SFReduceEnd           51 1.0 1.3381e-04 1.9 0.00e+00 0.0 0.0e+00 0.0e+00 0.0e+00  0  0  0  0  0   0  0  0  0  0     0
SFPack               273 1.0 1.1747e-02 2.0 0.00e+00 0.0 0.0e+00 0.0e+00 0.0e+00  0  0  0  0  0   0  0  0  0  0     0
SFUnpack             273 1.0 5.1612e-03 2.5 0.00e+00 0.0 0.0e+00 0.0e+00 0.0e+00  0  0  0  0  0   0  0  0  0  0     0
KSPSetUp               3 1.0 1.4951e+01 1.0 1.44e+10 1.4 1.2e+04 4.8e+03 3.2e+01 11  5 18  5 30  11  5 18  5 36 65985
KSPSolve               1 1.0 1.1996e+01 1.0 2.87e+11 1.6 5.3e+04 1.9e+04 2.4e+01  9 95 79 92 22   9 95 79 92 27 1510767
KSPGMRESOrthog        19 1.0 3.9632e-01 2.1 1.61e+08 1.0 0.0e+00 0.0e+00 1.9e+01  0  0  0  0 18   0  0  0  0 21 32299
PCSetUp                1 1.0 8.7921e+01 1.0 1.44e+10 1.4 1.2e+04 4.8e+03 3.8e+01 64  5 18  5 35  64  5 18  5 42 11251
PCSetUpOnBlocks       21 1.0 1.2492e+01 1.3 1.33e+10 1.4 0.0e+00 0.0e+00 0.0e+00  8  5  0  0  0   8  5  0  0  0 72308
PCApply               10 1.0 1.1810e+01 1.0 2.87e+11 1.6 4.9e+04 2.0e+04 5.0e+00  8 95 74 91  5   8 95 74 91  6 1533701
PCApplyOnBlocks       51 1.0 5.3755e+00 1.1 4.21e+09 1.1 0.0e+00 0.0e+00 0.0e+00  4  2  0  0  0   4  2  0  0  0 60657
------------------------------------------------------------------------------------------------------------------------

Memory usage is given in bytes:

Object Type          Creations   Destructions     Memory  Descendants' Mem.
Reports information only for process 0.

--- Event Stage 0: Main Stage

              Matrix    12             12    664595628     0.
              Vector    54             54    142895168     0.
           Index Set    17             17     12083888     0.
   IS L to G Mapping     1              1      4816112     0.
   Star Forest Graph    12             12        13824     0.
       Krylov Solver     5              5        54456     0.
      Preconditioner     5              5         5544     0.
              Viewer     2              1          848     0.
    Distributed Mesh     3              3        15144     0.
     Discrete System     3              3         2712     0.
           Weak Form     3              3         2472     0.
========================================================================================================================
Average time to get PetscTime(): 3.97e-08
Average time for MPI_Barrier(): 5.8784e-05
Average time for zero size MPI_Send(): 1.13375e-06
#PETSc Option Table entries:
-ksp_converged_reason
-ksp_monitor
-ksp_pc_side right
-ksp_rtol 1e-8
-ksp_type gmres
-log_view
-m 2828
-mg_coarse_ksp_type preonly
-mg_coarse_pc_type lu
-mg_levels_pc_type asm
-mg_levels_sub_pc_type lu
-n 2828
-nw
-pc_mg_type multiplicative
-pc_type mg
#End of PETSc Option Table entries
Compiled without FORTRAN kernels
Compiled with full precision matrices (default)
sizeof(short) 2 sizeof(int) 4 sizeof(long) 8 sizeof(void*) 8 sizeof(PetscScalar) 8 sizeof(PetscInt) 4
Configure options: --prefix=/home/a/asarkar/sudhipv/software/FreeFem-sources/install/ff-petsc/r MAKEFLAGS= --with-debugging=0 COPTFLAGS="-O3 -mtune=native" CXXOPTFLAGS="-O3 -mtune=native" FOPTFLAGS="-O3 -mtune=native" --with-cxx-dialect=C++11 --with-ssl=0 --with-x=0 --with-fortran-bindings=0 --with-cudac=0 --with-cc=/cvmfs/soft.computecanada.ca/easybuild/software/2020/avx512/Compiler/intel2020/openmpi/4.0.3/bin/mpicc --with-cxx=/cvmfs/soft.computecanada.ca/easybuild/software/2020/avx512/Compiler/intel2020/openmpi/4.0.3/bin/mpic++ --with-fc=/cvmfs/soft.computecanada.ca/easybuild/software/2020/avx512/Compiler/intel2020/openmpi/4.0.3/bin/mpif90 --with-scalar-type=real --with-blaslapack-include=/cvmfs/soft.computecanada.ca/easybuild/software/2020/Core/imkl/2020.1.217/mkl/include --with-blaslapack-lib="-Wl,-rpath,/cvmfs/soft.computecanada.ca/easybuild/software/2020/Core/imkl/2020.1.217/mkl/lib/intel64 -L/cvmfs/soft.computecanada.ca/easybuild/software/2020/Core/imkl/2020.1.217/mkl/lib/intel64 -lmkl_rt -lmkl_intel_thread -lmkl_core  -liomp5 -lpthread" --download-metis --download-ptscotch --download-hypre --download-parmetis --download-mmg --download-parmmg --download-superlu --download-suitesparse --download-tetgen --download-slepc --download-hpddm --download-scalapack --download-mumps --download-slepc-configure-arguments=--download-arpack=https://github.com/prj-/arpack-ng/archive/b64dccb.tar.gz PETSC_ARCH=fr
-----------------------------------------
Libraries compiled on 2021-05-02 15:39:49 on nia-login03.scinet.local 
Machine characteristics: Linux-3.10.0-957.27.2.el7.x86_64-x86_64-with-centos-7.6.1810-Core
Using PETSc directory: /home/a/asarkar/sudhipv/software/FreeFem-sources/install/ff-petsc/r
Using PETSc arch: 
-----------------------------------------

Using C compiler: /cvmfs/soft.computecanada.ca/easybuild/software/2020/avx512/Compiler/intel2020/openmpi/4.0.3/bin/mpicc  -fPIC -wd1572 -O3 -mtune=native   
Using Fortran compiler: /cvmfs/soft.computecanada.ca/easybuild/software/2020/avx512/Compiler/intel2020/openmpi/4.0.3/bin/mpif90  -fPIC -O3 -mtune=native     
-----------------------------------------

Using include paths: -I/home/a/asarkar/sudhipv/software/FreeFem-sources/install/ff-petsc/r/include -I/cvmfs/soft.computecanada.ca/easybuild/software/2020/Core/imkl/2020.1.217/mkl/include
-----------------------------------------

Using C linker: /cvmfs/soft.computecanada.ca/easybuild/software/2020/avx512/Compiler/intel2020/openmpi/4.0.3/bin/mpicc
Using Fortran linker: /cvmfs/soft.computecanada.ca/easybuild/software/2020/avx512/Compiler/intel2020/openmpi/4.0.3/bin/mpif90
Using libraries: -Wl,-rpath,/home/a/asarkar/sudhipv/software/FreeFem-sources/install/ff-petsc/r/lib -L/home/a/asarkar/sudhipv/software/FreeFem-sources/install/ff-petsc/r/lib -lpetsc -Wl,-rpath,/home/a/asarkar/sudhipv/software/FreeFem-sources/install/ff-petsc/r/lib -L/home/a/asarkar/sudhipv/software/FreeFem-sources/install/ff-petsc/r/lib -Wl,-rpath,/cvmfs/soft.computecanada.ca/easybuild/software/2020/Core/imkl/2020.1.217/mkl/lib/intel64 -L/cvmfs/soft.computecanada.ca/easybuild/software/2020/Core/imkl/2020.1.217/mkl/lib/intel64 -Wl,-rpath,/cvmfs/soft.computecanada.ca/easybuild/software/2020/avx512/Compiler/intel2020/openmpi/4.0.3/lib -L/cvmfs/soft.computecanada.ca/easybuild/software/2020/avx512/Compiler/intel2020/openmpi/4.0.3/lib -Wl,-rpath,/cvmfs/soft.computecanada.ca/easybuild/software/2020/avx512/Core/libfabric/1.10.1/lib -L/cvmfs/soft.computecanada.ca/easybuild/software/2020/avx512/Core/libfabric/1.10.1/lib -Wl,-rpath,/cvmfs/soft.computecanada.ca/easybuild/software/2020/avx512/Core/ucx/1.8.0/lib -L/cvmfs/soft.computecanada.ca/easybuild/software/2020/avx512/Core/ucx/1.8.0/lib -Wl,-rpath,/cvmfs/soft.computecanada.ca/easybuild/software/2020/Core/imkl/2020.1.217/lib/intel64 -L/cvmfs/soft.computecanada.ca/easybuild/software/2020/Core/imkl/2020.1.217/lib/intel64 -Wl,-rpath,/cvmfs/restricted.computecanada.ca/easybuild/software/2020/Core/intel/2020.1.217/compilers_and_libraries_2020.1.217/linux/tbb/lib/intel64/gcc4.8 -L/cvmfs/restricted.computecanada.ca/easybuild/software/2020/Core/intel/2020.1.217/compilers_and_libraries_2020.1.217/linux/tbb/lib/intel64/gcc4.8 -Wl,-rpath,/cvmfs/restricted.computecanada.ca/easybuild/software/2020/Core/intel/2020.1.217/compilers_and_libraries_2020.1.217/linux/compiler/lib/intel64_lin -L/cvmfs/restricted.computecanada.ca/easybuild/software/2020/Core/intel/2020.1.217/compilers_and_libraries_2020.1.217/linux/compiler/lib/intel64_lin -Wl,-rpath,/cvmfs/soft.computecanada.ca/easybuild/software/2020/avx512/Compiler/intel2020/openmpi/4.0.3/lib64 -L/cvmfs/soft.computecanada.ca/easybuild/software/2020/avx512/Compiler/intel2020/openmpi/4.0.3/lib64 -Wl,-rpath,/cvmfs/soft.computecanada.ca/easybuild/software/2020/Core/gcccore/9.3.0/lib/gcc/x86_64-pc-linux-gnu/9.3.0 -L/cvmfs/soft.computecanada.ca/easybuild/software/2020/Core/gcccore/9.3.0/lib/gcc/x86_64-pc-linux-gnu/9.3.0 -Wl,-rpath,/cvmfs/soft.computecanada.ca/easybuild/software/2020/Core/gcccore/9.3.0/lib64 -L/cvmfs/soft.computecanada.ca/easybuild/software/2020/Core/gcccore/9.3.0/lib64 -Wl,-rpath,/cvmfs/soft.computecanada.ca/gentoo/2020/lib64 -L/cvmfs/soft.computecanada.ca/gentoo/2020/lib64 -Wl,-rpath,/cvmfs/soft.computecanada.ca/gentoo/2020/usr/lib64 -L/cvmfs/soft.computecanada.ca/gentoo/2020/usr/lib64 -Wl,-rpath,/cvmfs/soft.computecanada.ca/easybuild/software/2020/Core/gcccore/9.3.0/lib -L/cvmfs/soft.computecanada.ca/easybuild/software/2020/Core/gcccore/9.3.0/lib -Wl,-rpath,/cvmfs/soft.computecanada.ca/gentoo/2020/lib -L/cvmfs/soft.computecanada.ca/gentoo/2020/lib -Wl,-rpath,/cvmfs/soft.computecanada.ca/gentoo/2020/usr/lib -L/cvmfs/soft.computecanada.ca/gentoo/2020/usr/lib -lHYPRE -lcmumps -ldmumps -lsmumps -lzmumps -lmumps_common -lpord -lscalapack -lumfpack -lklu -lcholmod -lbtf -lccolamd -lcolamd -lcamd -lamd -lsuitesparseconfig -lsuperlu -lmkl_rt -lmkl_intel_thread -lmkl_core -liomp5 -lpthread -lparmmg -lmmg -lmmg3d -lptesmumps -lptscotchparmetis -lptscotch -lptscotcherr -lesmumps -lscotch -lscotcherr -lpthread -lparmetis -lmetis -ltet -lstdc++ -ldl -lmpi_usempif08 -lmpi_usempi_ignore_tkr -lmpi_mpifh -lmpi -lifport -lifcoremt_pic -limf -lsvml -lm -lipgo -lirc -lpthread -lgcc_s -lirc_s -lrt -lquadmath -lstdc++ -ldl
-----------------------------------------

#############################################################################################################
#############################################################################################################
########     Finsihed Code with NL 10 Processors             #################################################
#############################################################################################################
#############################################################################################################

scontrol show jobid 6179830
JobId=6179830 JobName=Poisson_Weak
   UserId=sudhipv(3061414) GroupId=asarkar(6001189) MCS_label=N/A
   Priority=2429044 Nice=0 Account=def-asarkar QOS=normal
   JobState=COMPLETED Reason=None Dependency=(null)
   Requeue=0 Restarts=0 BatchFlag=1 Reboot=0 ExitCode=0:0
   RunTime=00:02:55 TimeLimit=00:15:00 TimeMin=N/A
   SubmitTime=2021-10-02T00:58:36 EligibleTime=2021-10-02T00:58:36
   AccrueTime=2021-10-02T00:58:36
   StartTime=2021-10-02T00:58:52 EndTime=2021-10-02T01:01:47 Deadline=N/A
   SuspendTime=None SecsPreSuspend=0 LastSchedEval=2021-10-02T00:58:52
   Partition=compute AllocNode:Sid=nia-login03:376588
   ReqNodeList=(null) ExcNodeList=(null)
   NodeList=nia[1814-1815]
   BatchHost=nia1814
   NumNodes=2 NumCPUs=160 NumTasks=80 CPUs/Task=1 ReqB:S:C:T=0:0:*:*
   TRES=cpu=160,mem=350000M,node=2,billing=80
   Socks/Node=* NtasksPerN:B:S:C=40:0:*:* CoreSpec=*
   MinCPUsNode=40 MinMemoryNode=175000M MinTmpDiskNode=0
   Features=[skylake|cascade] DelayBoot=00:00:00
   OverSubscribe=NO Contiguous=0 Licenses=(null) Network=(null)
   Command=/gpfs/fs0/scratch/a/asarkar/sudhipv/poisson_hpc/weak/runff_niagara_weak.sh
   WorkDir=/gpfs/fs0/scratch/a/asarkar/sudhipv/poisson_hpc/weak
   StdErr=/gpfs/fs0/scratch/a/asarkar/sudhipv/poisson_hpc/weak/Poisson_Weak-6179830.out
   StdIn=/dev/null
   StdOut=/gpfs/fs0/scratch/a/asarkar/sudhipv/poisson_hpc/weak/Poisson_Weak-6179830.out
   Power=
   MailUser=sudhipv@cmail.carleton.ca MailType=BEGIN,END,FAIL,REQUEUE,STAGE_OUT

sacct -j 6179830
       JobID    JobName    Account    Elapsed  MaxVMSize     MaxRSS  SystemCPU    UserCPU ExitCode 
------------ ---------- ---------- ---------- ---------- ---------- ---------- ---------- -------- 
6179830      Poisson_W+ def-asark+   00:02:55                        04:45.961   02:58:31      0:0 
6179830.bat+      batch def-asark+   00:02:55 100432784K  71544444K  02:22.914   01:29:18      0:0 
6179830.ext+     extern def-asark+   00:02:55    138360K       880K   00:00:00  00:00.001      0:0 
6179830.0         orted def-asark+   00:02:31 100534568K  76195432K  02:23.047   01:29:13      0:0 
