
The following have been reloaded with a version change:
  1) mii/1.1.1 => mii/1.1.2

/cvmfs/soft.computecanada.ca/easybuild/software/2020/avx512/Compiler/intel2020/openmpi/4.0.3/bin/mpiexec
/cvmfs/soft.computecanada.ca/easybuild/software/2020/avx512/Compiler/intel2020/openmpi/4.0.3/bin/mpirun
Number of Vertices for coarse grid  160801
Number of Vertices for fine mesh is  641601
2
	-111111	  4
number of random variable  3
order of input  2
order of output  3
Number of input PC   10
Number of output PC  20
Mean of Gaussian  0
Sd of Gaussian  0.3
Size of linear System  1.2832e+07
sindex is 25 2
	   1   1
	   1   2
	   2   1
	   2   2
	   1   3
	   3   1
	   2   3
	   3   2
	   1   4
	   4   1
	   3   3
	   2   4
	   4   2
	   3   4
	   4   3
	   1   5
	   5   1
	   2   5
	   5   2
	   4   4
	   3   5
	   5   3
	   1   6
	   6   1
	   2   6

mindex for file ./kledata/multiIndex00030003.dat is 20 3
	   0   0   0
	   1   0   0
	   0   1   0
	   0   0   1
	   2   0   0
	   1   1   0
	   1   0   1
	   0   2   0
	   0   1   1
	   0   0   2
	   3   0   0
	   2   1   0
	   2   0   1
	   1   2   0
	   1   1   1
	   1   0   2
	   0   3   0
	   0   2   1
	   0   1   2
	   0   0   3

Finished generating log normal input coefficients for rank 0
Assembling matrices for level 0 and rank 0
Assembling matrices for level 1 and rank 0
Exited Assembling 0
Starting solve for 0
  0 KSP Residual norm 1.248437500000e-03
    Linear mg_coarse_ solve did not converge due to DIVERGED_ITS iterations 100
  1 KSP Residual norm 1.227136450890e-03
    Linear mg_coarse_ solve did not converge due to DIVERGED_ITS iterations 100
  2 KSP Residual norm 1.021519391994e-03
    Linear mg_coarse_ solve did not converge due to DIVERGED_ITS iterations 100
  3 KSP Residual norm 2.759675482061e-04
    Linear mg_coarse_ solve did not converge due to DIVERGED_ITS iterations 100
  4 KSP Residual norm 4.587765151790e-05
    Linear mg_coarse_ solve did not converge due to DIVERGED_ITS iterations 100
  5 KSP Residual norm 1.610638482278e-05
    Linear mg_coarse_ solve did not converge due to DIVERGED_ITS iterations 100
  6 KSP Residual norm 6.912941558870e-06
    Linear mg_coarse_ solve did not converge due to DIVERGED_ITS iterations 100
  7 KSP Residual norm 2.109911452691e-06
    Linear mg_coarse_ solve did not converge due to DIVERGED_ITS iterations 100
  8 KSP Residual norm 4.125367169039e-07
    Linear mg_coarse_ solve did not converge due to DIVERGED_ITS iterations 100
  9 KSP Residual norm 1.401365736952e-07
    Linear mg_coarse_ solve did not converge due to DIVERGED_ITS iterations 100
 10 KSP Residual norm 6.114817097089e-08
    Linear mg_coarse_ solve did not converge due to DIVERGED_ITS iterations 100
 11 KSP Residual norm 1.388883372999e-08
    Linear mg_coarse_ solve did not converge due to DIVERGED_ITS iterations 100
 12 KSP Residual norm 2.908851483631e-09
time taken for solve is122.588
************************************************************************************************************************
***             WIDEN YOUR WINDOW TO 120 CHARACTERS.  Use 'enscript -r -fCourier9' to print this document            ***
************************************************************************************************************************

---------------------------------------------- PETSc Performance Summary: ----------------------------------------------

/home/a/asarkar/sudhipv/software/FreeFem-sources/src/mpi/FreeFem++-mpi on a  named nia1562.scinet.local with 80 processors, by sudhipv Sun Nov 27 20:23:12 2022
Using Petsc Release Version 3.15.0, Mar 30, 2021

                         Max       Max/Min     Avg       Total
Time (sec):           1.232e+02     1.000   1.232e+02
Objects:              1.840e+02     1.000   1.840e+02
Flop:                 2.637e+13     1.249   2.342e+13  1.873e+15
Flop/sec:             2.141e+11     1.249   1.901e+11  1.521e+13
MPI Messages:         3.174e+04     4.000   2.023e+04  1.619e+06
MPI Message Lengths:  1.715e+08     2.894   6.686e+03  1.082e+10
MPI Reductions:       2.568e+03     1.000

Flop counting convention: 1 flop = 1 real number operation of type (multiply/divide/add/subtract)
                            e.g., VecAXPY() for real vectors of length N --> 2N flop
                            and VecAXPY() for complex vectors of length N --> 8N flop

Summary of Stages:   ----- Time ------  ----- Flop ------  --- Messages ---  -- Message Lengths --  -- Reductions --
                        Avg     %Total     Avg     %Total    Count   %Total     Avg         %Total    Count   %Total
 0:      Main Stage: 1.2317e+02 100.0%  1.8735e+15 100.0%  1.619e+06 100.0%  6.686e+03      100.0%  2.550e+03  99.3%

------------------------------------------------------------------------------------------------------------------------
See the 'Profiling' chapter of the users' manual for details on interpreting output.
Phase summary info:
   Count: number of times phase was executed
   Time and Flop: Max - maximum over all processors
                  Ratio - ratio of maximum to minimum over all processors
   Mess: number of messages sent
   AvgLen: average message length (bytes)
   Reduct: number of global reductions
   Global: entire computation
   Stage: stages of a computation. Set stages with PetscLogStagePush() and PetscLogStagePop().
      %T - percent time in this phase         %F - percent flop in this phase
      %M - percent messages in this phase     %L - percent message lengths in this phase
      %R - percent reductions in this phase
   Total Mflop/s: 10e-6 * (sum of flop over all processors)/(max time over all processors)
------------------------------------------------------------------------------------------------------------------------
Event                Count      Time (sec)     Flop                              --- Global ---  --- Stage ----  Total
                   Max Ratio  Max     Ratio   Max  Ratio  Mess   AvgLen  Reduct  %T %F %M %L %R  %T %F %M %L %R Mflop/s
------------------------------------------------------------------------------------------------------------------------

--- Event Stage 0: Main Stage

BuildTwoSided          8 1.0 1.1038e+00787.5 0.00e+00 0.0 1.6e+03 4.0e+00 6.0e+00  0  0  0  0  0   0  0  0  0  0     0
BuildTwoSidedF         2 1.0 7.0288e-0320.0 0.00e+00 0.0 0.0e+00 0.0e+00 2.0e+00  0  0  0  0  0   0  0  0  0  0     0
MatMult             1318 1.0 3.1524e+01 1.1 1.79e+10 1.1 5.4e+05 5.7e+03 2.0e+00 24  0 33 28  0  24  0 33 28  0 43018
MatMultAdd            12 1.0 6.5337e-02 1.2 3.96e+06 1.1 4.9e+03 1.8e+04 0.0e+00  0  0  0  1  0   0  0  0  1  0  4714
MatMultTranspose      12 1.0 2.8716e-01 2.7 0.00e+00 0.0 4.9e+03 5.9e+04 0.0e+00  0  0  0  3  0   0  0  0  3  0     0
MatSolve            1307 1.0 4.2224e+01 1.1 2.64e+13 1.2 0.0e+00 0.0e+00 0.0e+00 33100  0  0  0  33100  0  0  0 44330070
MatLUFactorSym         1 1.0 1.0798e+00 1.2 0.00e+00 0.0 0.0e+00 0.0e+00 0.0e+00  1  0  0  0  0   1  0  0  0  0     0
MatLUFactorNum         2 1.0 1.0203e+01 1.1 6.35e+08 1.1 0.0e+00 0.0e+00 0.0e+00  8  0  0  0  0   8  0  0  0  0  4667
MatILUFactorSym        1 1.0 4.8579e-02 1.1 0.00e+00 0.0 0.0e+00 0.0e+00 0.0e+00  0  0  0  0  0   0  0  0  0  0     0
MatResidual           12 1.0 9.5684e-01 1.1 5.55e+08 1.1 4.9e+03 1.2e+04 0.0e+00  1  0  0  1  0   1  0  0  1  0 44996
MatAssemblyBegin       6 1.0 7.1900e-0315.7 0.00e+00 0.0 0.0e+00 0.0e+00 2.0e+00  0  0  0  0  0   0  0  0  0  0     0
MatAssemblyEnd         6 1.0 3.0047e+0032.3 0.00e+00 0.0 0.0e+00 0.0e+00 8.0e+00  1  0  0  0  0   1  0  0  0  0     0
MatGetRowIJ            2 1.0 2.1190e-02 1.5 0.00e+00 0.0 0.0e+00 0.0e+00 0.0e+00  0  0  0  0  0   0  0  0  0  0     0
MatCreateSubMats       2 1.0 1.2717e+00 1.2 0.00e+00 0.0 4.1e+03 3.5e+05 2.0e+00  1  0  0 13  0   1  0  0 13  0     0
MatGetOrdering         2 1.0 7.0184e-02 1.9 0.00e+00 0.0 0.0e+00 0.0e+00 0.0e+00  0  0  0  0  0   0  0  0  0  0     0
MatIncreaseOvrlp       2 1.0 1.2360e-01 1.6 0.00e+00 0.0 0.0e+00 0.0e+00 2.0e+00  0  0  0  0  0   0  0  0  0  0     0
KSPSetUp               4 1.0 1.6879e+01 1.0 4.91e+12 1.2 1.7e+04 6.8e+04 3.8e+01 14 19  1 11  1  14 19  1 11  1 20666162
KSPSolve               1 1.0 7.6976e+01 1.0 2.15e+13 1.2 1.6e+06 5.7e+03 2.5e+03 62 81 99 85 96  62 81 99 85 97 19806616
KSPGMRESOrthog      1222 1.0 6.9880e+00 1.8 3.04e+09 1.1 0.0e+00 0.0e+00 1.2e+03  4  0  0  0 48   4  0  0  0 48 33008
PCSetUp                2 1.0 1.7330e+01 1.0 4.91e+12 1.2 1.9e+04 8.5e+04 4.5e+01 14 19  1 15  2  14 19  1 15  2 20130189
PCSetUpOnBlocks       37 1.0 1.1326e+01 1.1 6.35e+08 1.1 0.0e+00 0.0e+00 0.0e+00  9  0  0  0  0   9  0  0  0  0  4204
PCApply               12 1.0 7.5914e+01 1.0 2.15e+13 1.2 1.6e+06 5.7e+03 2.4e+03 61 81 98 84 95  61 81 98 84 96 20083147
PCApplyOnBlocks     1307 1.0 4.2383e+01 1.1 2.64e+13 1.2 0.0e+00 0.0e+00 0.0e+00 33100  0  0  0  33100  0  0  0 44164021
VecMDot             1222 1.0 5.8313e+00 2.1 1.52e+09 1.1 0.0e+00 0.0e+00 1.2e+03  3  0  0  0 48   3  0  0  0 48 19778
VecNorm             1272 1.0 6.3038e-01 2.9 1.14e+08 1.1 0.0e+00 0.0e+00 1.3e+03  0  0  0  0 50   0  0  0  0 50 13711
VecScale            1296 1.0 1.9083e-02 1.5 5.69e+07 1.1 0.0e+00 0.0e+00 0.0e+00  0  0  0  0  0   0  0  0  0  0 226461
VecCopy              145 1.0 3.9232e-02 1.4 0.00e+00 0.0 0.0e+00 0.0e+00 0.0e+00  0  0  0  0  0   0  0  0  0  0     0
VecSet              4019 1.0 4.2655e-01 1.7 0.00e+00 0.0 0.0e+00 0.0e+00 0.0e+00  0  0  0  0  0   0  0  0  0  0     0
VecAXPY               98 1.0 1.4070e-02 1.4 1.17e+07 1.1 0.0e+00 0.0e+00 0.0e+00  0  0  0  0  0   0  0  0  0  0 63935
VecAYPX               72 1.0 3.2881e-02 1.7 1.58e+07 1.1 0.0e+00 0.0e+00 0.0e+00  0  0  0  0  0   0  0  0  0  0 37464
VecAXPBYCZ            24 1.0 1.9230e-02 2.2 1.98e+07 1.1 0.0e+00 0.0e+00 0.0e+00  0  0  0  0  0   0  0  0  0  0 80073
VecMAXPY            1272 1.0 1.2855e+00 1.1 1.63e+09 1.1 0.0e+00 0.0e+00 0.0e+00  1  0  0  0  0   1  0  0  0  0 96160
VecScatterBegin     6534 1.0 1.8216e+00 2.7 0.00e+00 0.0 1.6e+06 5.6e+03 4.0e+00  1  0 99 83  0   1  0 99 83  0     0
VecScatterEnd       6534 1.0 6.8875e+00 9.2 5.85e+06 2.9 0.0e+00 0.0e+00 0.0e+00  3  0  0  0  0   3  0  0  0  0    54
VecNormalize        1259 1.0 6.3973e-01 2.8 1.64e+08 1.1 0.0e+00 0.0e+00 1.3e+03  0  0  0  0 49   0  0  0  0 49 19484
SFSetGraph             6 1.0 3.8057e-04 2.0 0.00e+00 0.0 0.0e+00 0.0e+00 0.0e+00  0  0  0  0  0   0  0  0  0  0     0
SFSetUp                6 1.0 1.1115e+0070.5 0.00e+00 0.0 3.3e+03 2.1e+03 4.0e+00  0  0  0  0  0   0  0  0  0  0     0
SFPack              6534 1.0 5.7553e-02 4.0 0.00e+00 0.0 0.0e+00 0.0e+00 0.0e+00  0  0  0  0  0   0  0  0  0  0     0
SFUnpack            6534 1.0 4.4491e-02 5.8 5.85e+06 2.9 0.0e+00 0.0e+00 0.0e+00  0  0  0  0  0   0  0  0  0  0  8331
------------------------------------------------------------------------------------------------------------------------

Memory usage is given in bytes:

Object Type          Creations   Destructions     Memory  Descendants' Mem.
Reports information only for process 0.

--- Event Stage 0: Main Stage

              Matrix    13             13    777839256     0.
       Krylov Solver     6              6        73864     0.
      Preconditioner     6              6         6552     0.
              Viewer     2              1          848     0.
              Vector   108            108     88485056     0.
           Index Set    26             26      5359040     0.
   IS L to G Mapping     2              2      2464960     0.
   Star Forest Graph    12             12        13824     0.
    Distributed Mesh     3              3        15144     0.
     Discrete System     3              3         2712     0.
           Weak Form     3              3         2472     0.
========================================================================================================================
Average time to get PetscTime(): 4.08e-08
Average time for MPI_Barrier(): 5.96312e-05
Average time for zero size MPI_Send(): 1.26171e-06
#PETSc Option Table entries:
-ksp_max_it 200
-ksp_monitor
-ksp_pc_side right
-ksp_type fgmres
-log_view
-m 400
-mg_coarse_ksp_converged_reason
-mg_coarse_ksp_max_it 100
-mg_coarse_ksp_rtol 1e-2
-mg_coarse_ksp_type gmres
-mg_coarse_pc_asm_type basic
-mg_coarse_pc_type asm
-mg_levels_pc_asm_type basic
-mg_levels_pc_type asm
-mg_levels_sub_pc_factor_mat_solver_type mumps
-mg_levels_sub_pc_type lu
-n 400
-nw
-pc_mg_type multiplicative
-pc_type mg
#End of PETSc Option Table entries
Compiled without FORTRAN kernels
Compiled with full precision matrices (default)
sizeof(short) 2 sizeof(int) 4 sizeof(long) 8 sizeof(void*) 8 sizeof(PetscScalar) 8 sizeof(PetscInt) 4
Configure options: --prefix=/home/a/asarkar/sudhipv/software/FreeFem-sources/install/ff-petsc/r MAKEFLAGS= --with-debugging=0 COPTFLAGS="-O3 -mtune=native" CXXOPTFLAGS="-O3 -mtune=native" FOPTFLAGS="-O3 -mtune=native" --with-cxx-dialect=C++11 --with-ssl=0 --with-x=0 --with-fortran-bindings=0 --with-cudac=0 --with-cc=/cvmfs/soft.computecanada.ca/easybuild/software/2020/avx512/Compiler/intel2020/openmpi/4.0.3/bin/mpicc --with-cxx=/cvmfs/soft.computecanada.ca/easybuild/software/2020/avx512/Compiler/intel2020/openmpi/4.0.3/bin/mpic++ --with-fc=/cvmfs/soft.computecanada.ca/easybuild/software/2020/avx512/Compiler/intel2020/openmpi/4.0.3/bin/mpif90 --with-scalar-type=real --with-blaslapack-include=/cvmfs/soft.computecanada.ca/easybuild/software/2020/Core/imkl/2020.1.217/mkl/include --with-blaslapack-lib="-Wl,-rpath,/cvmfs/soft.computecanada.ca/easybuild/software/2020/Core/imkl/2020.1.217/mkl/lib/intel64 -L/cvmfs/soft.computecanada.ca/easybuild/software/2020/Core/imkl/2020.1.217/mkl/lib/intel64 -lmkl_rt -lmkl_intel_thread -lmkl_core  -liomp5 -lpthread" --download-metis --download-ptscotch --download-hypre --download-parmetis --download-mmg --download-parmmg --download-superlu --download-suitesparse --download-tetgen --download-slepc --download-hpddm --download-scalapack --download-mumps --download-slepc-configure-arguments=--download-arpack=https://github.com/prj-/arpack-ng/archive/b64dccb.tar.gz PETSC_ARCH=fr
-----------------------------------------
Libraries compiled on 2021-05-02 15:39:49 on nia-login03.scinet.local
Machine characteristics: Linux-3.10.0-957.27.2.el7.x86_64-x86_64-with-centos-7.6.1810-Core
Using PETSc directory: /home/a/asarkar/sudhipv/software/FreeFem-sources/install/ff-petsc/r
Using PETSc arch:
-----------------------------------------

Using C compiler: /cvmfs/soft.computecanada.ca/easybuild/software/2020/avx512/Compiler/intel2020/openmpi/4.0.3/bin/mpicc  -fPIC -wd1572 -O3 -mtune=native
Using Fortran compiler: /cvmfs/soft.computecanada.ca/easybuild/software/2020/avx512/Compiler/intel2020/openmpi/4.0.3/bin/mpif90  -fPIC -O3 -mtune=native
-----------------------------------------

Using include paths: -I/home/a/asarkar/sudhipv/software/FreeFem-sources/install/ff-petsc/r/include -I/cvmfs/soft.computecanada.ca/easybuild/software/2020/Core/imkl/2020.1.217/mkl/include
-----------------------------------------

Using C linker: /cvmfs/soft.computecanada.ca/easybuild/software/2020/avx512/Compiler/intel2020/openmpi/4.0.3/bin/mpicc
Using Fortran linker: /cvmfs/soft.computecanada.ca/easybuild/software/2020/avx512/Compiler/intel2020/openmpi/4.0.3/bin/mpif90
Using libraries: -Wl,-rpath,/home/a/asarkar/sudhipv/software/FreeFem-sources/install/ff-petsc/r/lib -L/home/a/asarkar/sudhipv/software/FreeFem-sources/install/ff-petsc/r/lib -lpetsc -Wl,-rpath,/home/a/asarkar/sudhipv/software/FreeFem-sources/install/ff-petsc/r/lib -L/home/a/asarkar/sudhipv/software/FreeFem-sources/install/ff-petsc/r/lib -Wl,-rpath,/cvmfs/soft.computecanada.ca/easybuild/software/2020/Core/imkl/2020.1.217/mkl/lib/intel64 -L/cvmfs/soft.computecanada.ca/easybuild/software/2020/Core/imkl/2020.1.217/mkl/lib/intel64 -Wl,-rpath,/cvmfs/soft.computecanada.ca/easybuild/software/2020/avx512/Compiler/intel2020/openmpi/4.0.3/lib -L/cvmfs/soft.computecanada.ca/easybuild/software/2020/avx512/Compiler/intel2020/openmpi/4.0.3/lib -Wl,-rpath,/cvmfs/soft.computecanada.ca/easybuild/software/2020/avx512/Core/libfabric/1.10.1/lib -L/cvmfs/soft.computecanada.ca/easybuild/software/2020/avx512/Core/libfabric/1.10.1/lib -Wl,-rpath,/cvmfs/soft.computecanada.ca/easybuild/software/2020/avx512/Core/ucx/1.8.0/lib -L/cvmfs/soft.computecanada.ca/easybuild/software/2020/avx512/Core/ucx/1.8.0/lib -Wl,-rpath,/cvmfs/soft.computecanada.ca/easybuild/software/2020/Core/imkl/2020.1.217/lib/intel64 -L/cvmfs/soft.computecanada.ca/easybuild/software/2020/Core/imkl/2020.1.217/lib/intel64 -Wl,-rpath,/cvmfs/restricted.computecanada.ca/easybuild/software/2020/Core/intel/2020.1.217/compilers_and_libraries_2020.1.217/linux/tbb/lib/intel64/gcc4.8 -L/cvmfs/restricted.computecanada.ca/easybuild/software/2020/Core/intel/2020.1.217/compilers_and_libraries_2020.1.217/linux/tbb/lib/intel64/gcc4.8 -Wl,-rpath,/cvmfs/restricted.computecanada.ca/easybuild/software/2020/Core/intel/2020.1.217/compilers_and_libraries_2020.1.217/linux/compiler/lib/intel64_lin -L/cvmfs/restricted.computecanada.ca/easybuild/software/2020/Core/intel/2020.1.217/compilers_and_libraries_2020.1.217/linux/compiler/lib/intel64_lin -Wl,-rpath,/cvmfs/soft.computecanada.ca/easybuild/software/2020/avx512/Compiler/intel2020/openmpi/4.0.3/lib64 -L/cvmfs/soft.computecanada.ca/easybuild/software/2020/avx512/Compiler/intel2020/openmpi/4.0.3/lib64 -Wl,-rpath,/cvmfs/soft.computecanada.ca/easybuild/software/2020/Core/gcccore/9.3.0/lib/gcc/x86_64-pc-linux-gnu/9.3.0 -L/cvmfs/soft.computecanada.ca/easybuild/software/2020/Core/gcccore/9.3.0/lib/gcc/x86_64-pc-linux-gnu/9.3.0 -Wl,-rpath,/cvmfs/soft.computecanada.ca/easybuild/software/2020/Core/gcccore/9.3.0/lib64 -L/cvmfs/soft.computecanada.ca/easybuild/software/2020/Core/gcccore/9.3.0/lib64 -Wl,-rpath,/cvmfs/soft.computecanada.ca/gentoo/2020/lib64 -L/cvmfs/soft.computecanada.ca/gentoo/2020/lib64 -Wl,-rpath,/cvmfs/soft.computecanada.ca/gentoo/2020/usr/lib64 -L/cvmfs/soft.computecanada.ca/gentoo/2020/usr/lib64 -Wl,-rpath,/cvmfs/soft.computecanada.ca/easybuild/software/2020/Core/gcccore/9.3.0/lib -L/cvmfs/soft.computecanada.ca/easybuild/software/2020/Core/gcccore/9.3.0/lib -Wl,-rpath,/cvmfs/soft.computecanada.ca/gentoo/2020/lib -L/cvmfs/soft.computecanada.ca/gentoo/2020/lib -Wl,-rpath,/cvmfs/soft.computecanada.ca/gentoo/2020/usr/lib -L/cvmfs/soft.computecanada.ca/gentoo/2020/usr/lib -lHYPRE -lcmumps -ldmumps -lsmumps -lzmumps -lmumps_common -lpord -lscalapack -lumfpack -lklu -lcholmod -lbtf -lccolamd -lcolamd -lcamd -lamd -lsuitesparseconfig -lsuperlu -lmkl_rt -lmkl_intel_thread -lmkl_core -liomp5 -lpthread -lparmmg -lmmg -lmmg3d -lptesmumps -lptscotchparmetis -lptscotch -lptscotcherr -lesmumps -lscotch -lscotcherr -lpthread -lparmetis -lmetis -ltet -lstdc++ -ldl -lmpi_usempif08 -lmpi_usempi_ignore_tkr -lmpi_mpifh -lmpi -lifport -lifcoremt_pic -limf -lsvml -lm -lipgo -lirc -lpthread -lgcc_s -lirc_s -lrt -lquadmath -lstdc++ -ldl
-----------------------------------------

Number of Vertices for coarse grid  160801
Number of Vertices for fine mesh is  641601
1
	-111111
number of random variable  3
order of input  2
order of output  3
Number of input PC   10
Number of output PC  20
Mean of Gaussian  0
Sd of Gaussian  0.3
Size of linear System  1.2832e+07
sindex is 25 2
	   1   1
	   1   2
	   2   1
	   2   2
	   1   3
	   3   1
	   2   3
	   3   2
	   1   4
	   4   1
	   3   3
	   2   4
	   4   2
	   3   4
	   4   3
	   1   5
	   5   1
	   2   5
	   5   2
	   4   4
	   3   5
	   5   3
	   1   6
	   6   1
	   2   6

mindex for file ./kledata/multiIndex00030003.dat is 20 3
	   0   0   0
	   1   0   0
	   0   1   0
	   0   0   1
	   2   0   0
	   1   1   0
	   1   0   1
	   0   2   0
	   0   1   1
	   0   0   2
	   3   0   0
	   2   1   0
	   2   0   1
	   1   2   0
	   1   1   1
	   1   0   2
	   0   3   0
	   0   2   1
	   0   1   2
	   0   0   3

Finished generating log normal input coefficients for rank 0
Assembling matrices for level 0 and rank 0
Assembling matrices for level 1 and rank 0
Exited Assembling 0
Starting solve for 0
  0 KSP Residual norm 1.248437500000e-03
    Linear mg_coarse_ solve did not converge due to DIVERGED_ITS iterations 100
  1 KSP Residual norm 1.228516392602e-03
    Linear mg_coarse_ solve did not converge due to DIVERGED_ITS iterations 100
  2 KSP Residual norm 1.031296536872e-03
    Linear mg_coarse_ solve did not converge due to DIVERGED_ITS iterations 100
  3 KSP Residual norm 3.040678320352e-04
    Linear mg_coarse_ solve did not converge due to DIVERGED_ITS iterations 100
  4 KSP Residual norm 5.092759756762e-05
    Linear mg_coarse_ solve did not converge due to DIVERGED_ITS iterations 100
  5 KSP Residual norm 1.810872868944e-05
    Linear mg_coarse_ solve did not converge due to DIVERGED_ITS iterations 100
  6 KSP Residual norm 9.724764940664e-06
    Linear mg_coarse_ solve did not converge due to DIVERGED_ITS iterations 100
  7 KSP Residual norm 3.437829754439e-06
    Linear mg_coarse_ solve did not converge due to DIVERGED_ITS iterations 100
  8 KSP Residual norm 5.365442079862e-07
    Linear mg_coarse_ solve did not converge due to DIVERGED_ITS iterations 100
  9 KSP Residual norm 1.486678605133e-07
    Linear mg_coarse_ solve did not converge due to DIVERGED_ITS iterations 100
 10 KSP Residual norm 7.593360388726e-08
    Linear mg_coarse_ solve did not converge due to DIVERGED_ITS iterations 100
 11 KSP Residual norm 2.825580773206e-08
    Linear mg_coarse_ solve did not converge due to DIVERGED_ITS iterations 100
 12 KSP Residual norm 5.796865907505e-09
time taken for solve is61.1044
************************************************************************************************************************
***             WIDEN YOUR WINDOW TO 120 CHARACTERS.  Use 'enscript -r -fCourier9' to print this document            ***
************************************************************************************************************************

---------------------------------------------- PETSc Performance Summary: ----------------------------------------------

/home/a/asarkar/sudhipv/software/FreeFem-sources/src/mpi/FreeFem++-mpi on a  named nia1562.scinet.local with 160 processors, by sudhipv Sun Nov 27 20:24:18 2022
Using Petsc Release Version 3.15.0, Mar 30, 2021

                         Max       Max/Min     Avg       Total
Time (sec):           6.122e+01     1.000   6.122e+01
Objects:              1.840e+02     1.000   1.840e+02
Flop:                 9.630e+12     1.444   8.366e+12  1.339e+15
Flop/sec:             1.573e+11     1.444   1.367e+11  2.187e+13
MPI Messages:         3.570e+04     9.000   2.112e+04  3.380e+06
MPI Message Lengths:  1.322e+08     3.325   4.664e+03  1.576e+10
MPI Reductions:       2.568e+03     1.000

Flop counting convention: 1 flop = 1 real number operation of type (multiply/divide/add/subtract)
                            e.g., VecAXPY() for real vectors of length N --> 2N flop
                            and VecAXPY() for complex vectors of length N --> 8N flop

Summary of Stages:   ----- Time ------  ----- Flop ------  --- Messages ---  -- Message Lengths --  -- Reductions --
                        Avg     %Total     Avg     %Total    Count   %Total     Avg         %Total    Count   %Total
 0:      Main Stage: 6.1215e+01 100.0%  1.3385e+15 100.0%  3.380e+06 100.0%  4.664e+03      100.0%  2.550e+03  99.3%

------------------------------------------------------------------------------------------------------------------------
See the 'Profiling' chapter of the users' manual for details on interpreting output.
Phase summary info:
   Count: number of times phase was executed
   Time and Flop: Max - maximum over all processors
                  Ratio - ratio of maximum to minimum over all processors
   Mess: number of messages sent
   AvgLen: average message length (bytes)
   Reduct: number of global reductions
   Global: entire computation
   Stage: stages of a computation. Set stages with PetscLogStagePush() and PetscLogStagePop().
      %T - percent time in this phase         %F - percent flop in this phase
      %M - percent messages in this phase     %L - percent message lengths in this phase
      %R - percent reductions in this phase
   Total Mflop/s: 10e-6 * (sum of flop over all processors)/(max time over all processors)
------------------------------------------------------------------------------------------------------------------------
Event                Count      Time (sec)     Flop                              --- Global ---  --- Stage ----  Total
                   Max Ratio  Max     Ratio   Max  Ratio  Mess   AvgLen  Reduct  %T %F %M %L %R  %T %F %M %L %R Mflop/s
------------------------------------------------------------------------------------------------------------------------

--- Event Stage 0: Main Stage

BuildTwoSided          8 1.0 1.1612e+00133.9 0.00e+00 0.0 3.4e+03 4.0e+00 6.0e+00  1  0  0  0  0   1  0  0  0  0     0
BuildTwoSidedF         2 1.0 6.7764e-0348.7 0.00e+00 0.0 0.0e+00 0.0e+00 2.0e+00  0  0  0  0  0   0  0  0  0  0     0
MatMult             1318 1.0 1.5891e+01 1.1 9.12e+09 1.2 1.1e+06 4.0e+03 2.0e+00 25  0 33 28  0  25  0 33 28  0 85339
MatMultAdd            12 1.0 3.1634e-02 1.2 2.01e+06 1.1 1.0e+04 1.3e+04 0.0e+00  0  0  0  1  0   0  0  0  1  0  9735
MatMultTranspose      12 1.0 1.7229e-01 7.5 0.00e+00 0.0 1.0e+04 4.2e+04 0.0e+00  0  0  0  3  0   0  0  0  3  0     0
MatSolve            1307 1.0 2.1048e+01 1.1 9.62e+12 1.4 0.0e+00 0.0e+00 0.0e+00 33100  0  0  0  33100  0  0  0 63516482
MatLUFactorSym         1 1.0 4.9875e-01 1.2 0.00e+00 0.0 0.0e+00 0.0e+00 0.0e+00  1  0  0  0  0   1  0  0  0  0     0
MatLUFactorNum         2 1.0 4.5716e+00 1.3 3.05e+08 1.2 0.0e+00 0.0e+00 0.0e+00  7  0  0  0  0   7  0  0  0  0  9839
MatILUFactorSym        1 1.0 2.5382e-02 3.2 0.00e+00 0.0 0.0e+00 0.0e+00 0.0e+00  0  0  0  0  0   0  0  0  0  0     0
MatResidual           12 1.0 4.9944e-01 1.2 2.81e+08 1.1 1.0e+04 8.0e+03 0.0e+00  1  0  0  1  0   1  0  0  1  0 86204
MatAssemblyBegin       6 1.0 6.8845e-03 4.0 0.00e+00 0.0 0.0e+00 0.0e+00 2.0e+00  0  0  0  0  0   0  0  0  0  0     0
MatAssemblyEnd         6 1.0 1.9246e+0019.8 0.00e+00 0.0 0.0e+00 0.0e+00 8.0e+00  1  0  0  0  0   1  0  0  0  0     0
MatGetRowIJ            2 1.0 1.1331e-02 1.7 0.00e+00 0.0 0.0e+00 0.0e+00 0.0e+00  0  0  0  0  0   0  0  0  0  0     0
MatCreateSubMats       2 1.0 7.2978e-01 1.4 0.00e+00 0.0 8.5e+03 2.5e+05 2.0e+00  1  0  0 13  0   1  0  0 13  0     0
MatGetOrdering         2 1.0 3.0299e-02 1.8 0.00e+00 0.0 0.0e+00 0.0e+00 0.0e+00  0  0  0  0  0   0  0  0  0  0     0
MatIncreaseOvrlp       2 1.0 4.9770e-02 1.3 0.00e+00 0.0 0.0e+00 0.0e+00 2.0e+00  0  0  0  0  0   0  0  0  0  0     0
KSPSetUp               4 1.0 7.8550e+00 1.0 1.79e+12 1.4 3.5e+04 4.7e+04 3.8e+01 13 19  1 11  1  13 19  1 11  1 31710361
KSPSolve               1 1.0 3.8141e+01 1.0 7.84e+12 1.4 3.3e+06 4.0e+03 2.5e+03 62 81 99 85 96  62 81 99 85 97 28564209
KSPGMRESOrthog      1222 1.0 2.9820e+00 1.6 1.56e+09 1.2 0.0e+00 0.0e+00 1.2e+03  4  0  0  0 48   4  0  0  0 48 77351
PCSetUp                2 1.0 8.1436e+00 1.0 1.79e+12 1.4 3.9e+04 5.9e+04 4.5e+01 13 19  1 15  2  13 19  1 15  2 30589339
PCSetUpOnBlocks       37 1.0 5.0608e+00 1.3 3.05e+08 1.2 0.0e+00 0.0e+00 0.0e+00  7  0  0  0  0   7  0  0  0  0  8888
PCApply               12 1.0 3.7646e+01 1.0 7.84e+12 1.4 3.3e+06 4.0e+03 2.4e+03 61 81 98 84 95  61 81 98 84 96 28938672
PCApplyOnBlocks     1307 1.0 2.1151e+01 1.1 9.62e+12 1.4 0.0e+00 0.0e+00 0.0e+00 33100  0  0  0  33100  0  0  0 63206875
VecMDot             1222 1.0 2.5241e+00 1.9 7.79e+08 1.2 0.0e+00 0.0e+00 1.2e+03  3  0  0  0 48   3  0  0  0 48 45691
VecNorm             1272 1.0 3.2874e-01 2.1 5.83e+07 1.2 0.0e+00 0.0e+00 1.3e+03  0  0  0  0 50   0  0  0  0 50 26291
VecScale            1296 1.0 9.6096e-03 1.5 2.91e+07 1.2 0.0e+00 0.0e+00 0.0e+00  0  0  0  0  0   0  0  0  0  0 449711
VecCopy              145 1.0 1.5538e-02 1.4 0.00e+00 0.0 0.0e+00 0.0e+00 0.0e+00  0  0  0  0  0   0  0  0  0  0     0
VecSet              4019 1.0 2.2117e-01 1.6 0.00e+00 0.0 0.0e+00 0.0e+00 0.0e+00  0  0  0  0  0   0  0  0  0  0     0
VecAXPY               98 1.0 6.6018e-03 1.5 5.99e+06 1.1 0.0e+00 0.0e+00 0.0e+00  0  0  0  0  0   0  0  0  0  0 136264
VecAYPX               72 1.0 1.4555e-02 1.6 8.02e+06 1.1 0.0e+00 0.0e+00 0.0e+00  0  0  0  0  0   0  0  0  0  0 84635
VecAXPBYCZ            24 1.0 1.0305e-02 2.7 1.00e+07 1.1 0.0e+00 0.0e+00 0.0e+00  0  0  0  0  0   0  0  0  0  0 149423
VecMAXPY            1272 1.0 5.7019e-01 1.2 8.35e+08 1.2 0.0e+00 0.0e+00 0.0e+00  1  0  0  0  0   1  0  0  0  0 216793
VecScatterBegin     6534 1.0 1.6916e+00 5.1 0.00e+00 0.0 3.3e+06 3.9e+03 4.0e+00  1  0 99 83  0   1  0 99 83  0     0
VecScatterEnd       6534 1.0 3.2709e+0021.2 4.55e+06 3.3 0.0e+00 0.0e+00 0.0e+00  2  0  0  0  0   2  0  0  0  0   165
VecNormalize        1259 1.0 3.3444e-01 2.1 8.42e+07 1.2 0.0e+00 0.0e+00 1.3e+03  0  0  0  0 49   0  0  0  0 49 37269
SFSetGraph             6 1.0 1.8585e-04 2.0 0.00e+00 0.0 0.0e+00 0.0e+00 0.0e+00  0  0  0  0  0   0  0  0  0  0     0
SFSetUp                6 1.0 1.1678e+0081.0 0.00e+00 0.0 6.8e+03 1.5e+03 4.0e+00  1  0  0  0  0   1  0  0  0  0     0
SFPack              6534 1.0 4.3967e-02 4.4 0.00e+00 0.0 0.0e+00 0.0e+00 0.0e+00  0  0  0  0  0   0  0  0  0  0     0
SFUnpack            6534 1.0 2.8075e-02 4.9 4.55e+06 3.3 0.0e+00 0.0e+00 0.0e+00  0  0  0  0  0   0  0  0  0  0 19234
------------------------------------------------------------------------------------------------------------------------

Memory usage is given in bytes:

Object Type          Creations   Destructions     Memory  Descendants' Mem.
Reports information only for process 0.

--- Event Stage 0: Main Stage

              Matrix    13             13    383975576     0.
       Krylov Solver     6              6        73864     0.
      Preconditioner     6              6         6552     0.
              Viewer     2              1          848     0.
              Vector   108            108     42989376     0.
           Index Set    26             26      2783536     0.
   IS L to G Mapping     2              2      4671600     0.
   Star Forest Graph    12             12        13824     0.
    Distributed Mesh     3              3        15144     0.
     Discrete System     3              3         2712     0.
           Weak Form     3              3         2472     0.
========================================================================================================================
Average time to get PetscTime(): 3.08e-08
Average time for MPI_Barrier(): 6.90334e-05
Average time for zero size MPI_Send(): 2.21076e-06
#PETSc Option Table entries:
-ksp_max_it 200
-ksp_monitor
-ksp_pc_side right
-ksp_type fgmres
-log_view
-m 400
-mg_coarse_ksp_converged_reason
-mg_coarse_ksp_max_it 100
-mg_coarse_ksp_rtol 1e-2
-mg_coarse_ksp_type gmres
-mg_coarse_pc_asm_type basic
-mg_coarse_pc_type asm
-mg_levels_pc_asm_type basic
-mg_levels_pc_type asm
-mg_levels_sub_pc_factor_mat_solver_type mumps
-mg_levels_sub_pc_type lu
-n 400
-nw
-pc_mg_type multiplicative
-pc_type mg
#End of PETSc Option Table entries
Compiled without FORTRAN kernels
Compiled with full precision matrices (default)
sizeof(short) 2 sizeof(int) 4 sizeof(long) 8 sizeof(void*) 8 sizeof(PetscScalar) 8 sizeof(PetscInt) 4
Configure options: --prefix=/home/a/asarkar/sudhipv/software/FreeFem-sources/install/ff-petsc/r MAKEFLAGS= --with-debugging=0 COPTFLAGS="-O3 -mtune=native" CXXOPTFLAGS="-O3 -mtune=native" FOPTFLAGS="-O3 -mtune=native" --with-cxx-dialect=C++11 --with-ssl=0 --with-x=0 --with-fortran-bindings=0 --with-cudac=0 --with-cc=/cvmfs/soft.computecanada.ca/easybuild/software/2020/avx512/Compiler/intel2020/openmpi/4.0.3/bin/mpicc --with-cxx=/cvmfs/soft.computecanada.ca/easybuild/software/2020/avx512/Compiler/intel2020/openmpi/4.0.3/bin/mpic++ --with-fc=/cvmfs/soft.computecanada.ca/easybuild/software/2020/avx512/Compiler/intel2020/openmpi/4.0.3/bin/mpif90 --with-scalar-type=real --with-blaslapack-include=/cvmfs/soft.computecanada.ca/easybuild/software/2020/Core/imkl/2020.1.217/mkl/include --with-blaslapack-lib="-Wl,-rpath,/cvmfs/soft.computecanada.ca/easybuild/software/2020/Core/imkl/2020.1.217/mkl/lib/intel64 -L/cvmfs/soft.computecanada.ca/easybuild/software/2020/Core/imkl/2020.1.217/mkl/lib/intel64 -lmkl_rt -lmkl_intel_thread -lmkl_core  -liomp5 -lpthread" --download-metis --download-ptscotch --download-hypre --download-parmetis --download-mmg --download-parmmg --download-superlu --download-suitesparse --download-tetgen --download-slepc --download-hpddm --download-scalapack --download-mumps --download-slepc-configure-arguments=--download-arpack=https://github.com/prj-/arpack-ng/archive/b64dccb.tar.gz PETSC_ARCH=fr
-----------------------------------------
Libraries compiled on 2021-05-02 15:39:49 on nia-login03.scinet.local
Machine characteristics: Linux-3.10.0-957.27.2.el7.x86_64-x86_64-with-centos-7.6.1810-Core
Using PETSc directory: /home/a/asarkar/sudhipv/software/FreeFem-sources/install/ff-petsc/r
Using PETSc arch:
-----------------------------------------

Using C compiler: /cvmfs/soft.computecanada.ca/easybuild/software/2020/avx512/Compiler/intel2020/openmpi/4.0.3/bin/mpicc  -fPIC -wd1572 -O3 -mtune=native
Using Fortran compiler: /cvmfs/soft.computecanada.ca/easybuild/software/2020/avx512/Compiler/intel2020/openmpi/4.0.3/bin/mpif90  -fPIC -O3 -mtune=native
-----------------------------------------

Using include paths: -I/home/a/asarkar/sudhipv/software/FreeFem-sources/install/ff-petsc/r/include -I/cvmfs/soft.computecanada.ca/easybuild/software/2020/Core/imkl/2020.1.217/mkl/include
-----------------------------------------

Using C linker: /cvmfs/soft.computecanada.ca/easybuild/software/2020/avx512/Compiler/intel2020/openmpi/4.0.3/bin/mpicc
Using Fortran linker: /cvmfs/soft.computecanada.ca/easybuild/software/2020/avx512/Compiler/intel2020/openmpi/4.0.3/bin/mpif90
Using libraries: -Wl,-rpath,/home/a/asarkar/sudhipv/software/FreeFem-sources/install/ff-petsc/r/lib -L/home/a/asarkar/sudhipv/software/FreeFem-sources/install/ff-petsc/r/lib -lpetsc -Wl,-rpath,/home/a/asarkar/sudhipv/software/FreeFem-sources/install/ff-petsc/r/lib -L/home/a/asarkar/sudhipv/software/FreeFem-sources/install/ff-petsc/r/lib -Wl,-rpath,/cvmfs/soft.computecanada.ca/easybuild/software/2020/Core/imkl/2020.1.217/mkl/lib/intel64 -L/cvmfs/soft.computecanada.ca/easybuild/software/2020/Core/imkl/2020.1.217/mkl/lib/intel64 -Wl,-rpath,/cvmfs/soft.computecanada.ca/easybuild/software/2020/avx512/Compiler/intel2020/openmpi/4.0.3/lib -L/cvmfs/soft.computecanada.ca/easybuild/software/2020/avx512/Compiler/intel2020/openmpi/4.0.3/lib -Wl,-rpath,/cvmfs/soft.computecanada.ca/easybuild/software/2020/avx512/Core/libfabric/1.10.1/lib -L/cvmfs/soft.computecanada.ca/easybuild/software/2020/avx512/Core/libfabric/1.10.1/lib -Wl,-rpath,/cvmfs/soft.computecanada.ca/easybuild/software/2020/avx512/Core/ucx/1.8.0/lib -L/cvmfs/soft.computecanada.ca/easybuild/software/2020/avx512/Core/ucx/1.8.0/lib -Wl,-rpath,/cvmfs/soft.computecanada.ca/easybuild/software/2020/Core/imkl/2020.1.217/lib/intel64 -L/cvmfs/soft.computecanada.ca/easybuild/software/2020/Core/imkl/2020.1.217/lib/intel64 -Wl,-rpath,/cvmfs/restricted.computecanada.ca/easybuild/software/2020/Core/intel/2020.1.217/compilers_and_libraries_2020.1.217/linux/tbb/lib/intel64/gcc4.8 -L/cvmfs/restricted.computecanada.ca/easybuild/software/2020/Core/intel/2020.1.217/compilers_and_libraries_2020.1.217/linux/tbb/lib/intel64/gcc4.8 -Wl,-rpath,/cvmfs/restricted.computecanada.ca/easybuild/software/2020/Core/intel/2020.1.217/compilers_and_libraries_2020.1.217/linux/compiler/lib/intel64_lin -L/cvmfs/restricted.computecanada.ca/easybuild/software/2020/Core/intel/2020.1.217/compilers_and_libraries_2020.1.217/linux/compiler/lib/intel64_lin -Wl,-rpath,/cvmfs/soft.computecanada.ca/easybuild/software/2020/avx512/Compiler/intel2020/openmpi/4.0.3/lib64 -L/cvmfs/soft.computecanada.ca/easybuild/software/2020/avx512/Compiler/intel2020/openmpi/4.0.3/lib64 -Wl,-rpath,/cvmfs/soft.computecanada.ca/easybuild/software/2020/Core/gcccore/9.3.0/lib/gcc/x86_64-pc-linux-gnu/9.3.0 -L/cvmfs/soft.computecanada.ca/easybuild/software/2020/Core/gcccore/9.3.0/lib/gcc/x86_64-pc-linux-gnu/9.3.0 -Wl,-rpath,/cvmfs/soft.computecanada.ca/easybuild/software/2020/Core/gcccore/9.3.0/lib64 -L/cvmfs/soft.computecanada.ca/easybuild/software/2020/Core/gcccore/9.3.0/lib64 -Wl,-rpath,/cvmfs/soft.computecanada.ca/gentoo/2020/lib64 -L/cvmfs/soft.computecanada.ca/gentoo/2020/lib64 -Wl,-rpath,/cvmfs/soft.computecanada.ca/gentoo/2020/usr/lib64 -L/cvmfs/soft.computecanada.ca/gentoo/2020/usr/lib64 -Wl,-rpath,/cvmfs/soft.computecanada.ca/easybuild/software/2020/Core/gcccore/9.3.0/lib -L/cvmfs/soft.computecanada.ca/easybuild/software/2020/Core/gcccore/9.3.0/lib -Wl,-rpath,/cvmfs/soft.computecanada.ca/gentoo/2020/lib -L/cvmfs/soft.computecanada.ca/gentoo/2020/lib -Wl,-rpath,/cvmfs/soft.computecanada.ca/gentoo/2020/usr/lib -L/cvmfs/soft.computecanada.ca/gentoo/2020/usr/lib -lHYPRE -lcmumps -ldmumps -lsmumps -lzmumps -lmumps_common -lpord -lscalapack -lumfpack -lklu -lcholmod -lbtf -lccolamd -lcolamd -lcamd -lamd -lsuitesparseconfig -lsuperlu -lmkl_rt -lmkl_intel_thread -lmkl_core -liomp5 -lpthread -lparmmg -lmmg -lmmg3d -lptesmumps -lptscotchparmetis -lptscotch -lptscotcherr -lesmumps -lscotch -lscotcherr -lpthread -lparmetis -lmetis -ltet -lstdc++ -ldl -lmpi_usempif08 -lmpi_usempi_ignore_tkr -lmpi_mpifh -lmpi -lifport -lifcoremt_pic -limf -lsvml -lm -lipgo -lirc -lpthread -lgcc_s -lirc_s -lrt -lquadmath -lstdc++ -ldl
-----------------------------------------


scontrol show jobid 8493539
JobId=8493539 JobName=LP_strong_2LV2_80_160
   UserId=sudhipv(3061414) GroupId=asarkar(6001189) MCS_label=N/A
   Priority=825692 Nice=0 Account=def-asarkar QOS=normal
   JobState=COMPLETED Reason=None Dependency=(null)
   Requeue=0 Restarts=0 BatchFlag=1 Reboot=0 ExitCode=0:0
   RunTime=00:03:25 TimeLimit=00:30:00 TimeMin=N/A
   SubmitTime=2022-11-27T18:24:15 EligibleTime=2022-11-27T18:24:15
   AccrueTime=2022-11-27T18:24:15
   StartTime=2022-11-27T20:20:55 EndTime=2022-11-27T20:24:20 Deadline=N/A
   SuspendTime=None SecsPreSuspend=0 LastSchedEval=2022-11-27T20:20:55 Scheduler=Backfill
   Partition=compute AllocNode:Sid=nia-login06:108314
   ReqNodeList=(null) ExcNodeList=(null)
   NodeList=nia[1562,1662-1663,1804]
   BatchHost=nia1562
   NumNodes=4 NumCPUs=320 NumTasks=160 CPUs/Task=1 ReqB:S:C:T=0:0:*:*
   TRES=cpu=320,mem=700000M,node=4,billing=160
   Socks/Node=* NtasksPerN:B:S:C=40:0:*:* CoreSpec=*
   MinCPUsNode=40 MinMemoryNode=175000M MinTmpDiskNode=0
   Features=[skylake|cascade] DelayBoot=00:00:00
   OverSubscribe=NO Contiguous=0 Licenses=(null) Network=(null)
   Command=/gpfs/fs0/scratch/a/asarkar/sudhipv/poisson_hpc/stochastic/process_L/poisson_weak_sto/runff_niagara.sh
   WorkDir=/gpfs/fs0/scratch/a/asarkar/sudhipv/poisson_hpc/stochastic/process_L/poisson_weak_sto
   Comment=/opt/slurm/bin/sbatch --export=NONE runff_niagara.sh
   StdErr=/gpfs/fs0/scratch/a/asarkar/sudhipv/poisson_hpc/stochastic/process_L/poisson_weak_sto/LP_strong_2LV2_80_160-8493539.out
   StdIn=/dev/null
   StdOut=/gpfs/fs0/scratch/a/asarkar/sudhipv/poisson_hpc/stochastic/process_L/poisson_weak_sto/LP_strong_2LV2_80_160-8493539.out
   Power=
   MailUser=sudhipv@cmail.carleton.ca MailType=INVALID_DEPEND,BEGIN,END,FAIL,REQUEUE,STAGE_OUT


sacct -j 8493539
JobID           JobName    Account    Elapsed  MaxVMSize     MaxRSS  SystemCPU    UserCPU ExitCode
------------ ---------- ---------- ---------- ---------- ---------- ---------- ---------- --------
8493539      LP_strong+ def-asark+   00:03:25                        07:55.985   05:18:06      0:0
8493539.bat+      batch def-asark+   00:03:25 150547048K 114999108K  02:54.564   01:59:59      0:0
8493539.ext+     extern def-asark+   00:03:28    142384K      1128K  00:00.001  00:00.001      0:0
8493539.0         orted def-asark+   00:02:08 150158184K 115107076K  02:03.637   01:19:18      0:0
8493539.1         orted def-asark+   00:01:10  85729712K  58305528K  02:57.781   01:58:49      0:0
