/cvmfs/soft.computecanada.ca/easybuild/software/2020/avx512/Compiler/intel2020/openmpi/4.0.3/bin/mpiexec
/cvmfs/soft.computecanada.ca/easybuild/software/2020/avx512/Compiler/intel2020/openmpi/4.0.3/bin/mpirun
Number of Vertices for coarse mesh in process  0  8003241
    Linear mg_coarse_ solve converged due to CONVERGED_RTOL iterations 6
    Linear mg_coarse_ solve converged due to CONVERGED_RTOL iterations 5
    Linear mg_coarse_ solve converged due to CONVERGED_RTOL iterations 5
    Linear mg_coarse_ solve converged due to CONVERGED_RTOL iterations 6
    Linear mg_coarse_ solve converged due to CONVERGED_RTOL iterations 6
    Linear mg_coarse_ solve converged due to CONVERGED_RTOL iterations 6
    Linear mg_coarse_ solve converged due to CONVERGED_RTOL iterations 6
    Linear mg_coarse_ solve converged due to CONVERGED_RTOL iterations 6
    Linear mg_coarse_ solve converged due to CONVERGED_RTOL iterations 6
Linear solve converged due to CONVERGED_RTOL iterations 9
time taken for solve is33.1508
L2 Norm of uerr is1.04804e-08
************************************************************************************************************************
***             WIDEN YOUR WINDOW TO 120 CHARACTERS.  Use 'enscript -r -fCourier9' to print this document            ***
************************************************************************************************************************

---------------------------------------------- PETSc Performance Summary: ----------------------------------------------

/home/a/asarkar/sudhipv/software/FreeFem-sources/src/mpi/FreeFem++-mpi on a  named nia0609.scinet.local with 320 processors, by sudhipv Thu Oct 21 12:20:50 2021
Using Petsc Release Version 3.15.0, Mar 30, 2021 

                         Max       Max/Min     Avg       Total
Time (sec):           3.338e+01     1.000   3.338e+01
Objects:              1.460e+02     1.000   1.460e+02
Flop:                 2.591e+09     1.271   2.314e+09  7.404e+11
Flop/sec:             7.764e+07     1.271   6.932e+07  2.218e+10
MPI Messages:         1.504e+03     4.000   1.034e+03  3.309e+05
MPI Message Lengths:  2.938e+06     2.666   2.314e+03  7.657e+08
MPI Reductions:       2.250e+02     1.000

Flop counting convention: 1 flop = 1 real number operation of type (multiply/divide/add/subtract)
                            e.g., VecAXPY() for real vectors of length N --> 2N flop
                            and VecAXPY() for complex vectors of length N --> 8N flop

Summary of Stages:   ----- Time ------  ----- Flop ------  --- Messages ---  -- Message Lengths --  -- Reductions --
                        Avg     %Total     Avg     %Total    Count   %Total     Avg         %Total    Count   %Total
 0:      Main Stage: 3.3376e+01 100.0%  7.4041e+11 100.0%  3.309e+05 100.0%  2.314e+03      100.0%  2.070e+02  92.0%

------------------------------------------------------------------------------------------------------------------------
See the 'Profiling' chapter of the users' manual for details on interpreting output.
Phase summary info:
   Count: number of times phase was executed
   Time and Flop: Max - maximum over all processors
                  Ratio - ratio of maximum to minimum over all processors
   Mess: number of messages sent
   AvgLen: average message length (bytes)
   Reduct: number of global reductions
   Global: entire computation
   Stage: stages of a computation. Set stages with PetscLogStagePush() and PetscLogStagePop().
      %T - percent time in this phase         %F - percent flop in this phase
      %M - percent messages in this phase     %L - percent message lengths in this phase
      %R - percent reductions in this phase
   Total Mflop/s: 10e-6 * (sum of flop over all processors)/(max time over all processors)
------------------------------------------------------------------------------------------------------------------------
Event                Count      Time (sec)     Flop                              --- Global ---  --- Stage ----  Total
                   Max Ratio  Max     Ratio   Max  Ratio  Mess   AvgLen  Reduct  %T %F %M %L %R  %T %F %M %L %R Mflop/s
------------------------------------------------------------------------------------------------------------------------

--- Event Stage 0: Main Stage

BuildTwoSided          7 1.0 4.3391e-0157.6 0.00e+00 0.0 5.3e+03 4.0e+00 5.0e+00  1  0  2  0  2   1  0  2  0  2     0
BuildTwoSidedF         2 1.0 2.0439e-03 2.1 0.00e+00 0.0 0.0e+00 0.0e+00 2.0e+00  0  0  0  0  1   0  0  0  0  1     0
MatMult              116 1.0 2.3727e-01 1.4 8.93e+07 1.0 2.1e+05 1.6e+03 2.0e+00  1  4 64 44  1   1  4 64 44  1 119205
MatMultAdd             9 1.0 3.7103e-02 1.4 1.82e+06 1.0 1.6e+04 3.0e+03 0.0e+00  0  0  5  6  0   0  0  5  6  0 15525
MatMultTranspose       9 1.0 7.8640e-02 4.1 0.00e+00 0.0 1.6e+04 1.0e+04 0.0e+00  0  0  5 21  0   0  0  5 21  0     0
MatSolve              47 1.0 1.1246e+00 1.2 8.30e+08 1.1 0.0e+00 0.0e+00 0.0e+00  3 34  0  0  0   3 34  0  0  0 225417
MatLUFactorSym         1 1.0 1.6770e-01 1.2 0.00e+00 0.0 0.0e+00 0.0e+00 0.0e+00  0  0  0  0  0   0  0  0  0  0     0
MatLUFactorNum         1 1.0 1.2218e+00 1.5 1.59e+09 1.4 0.0e+00 0.0e+00 0.0e+00  3 58  0  0  0   3 58  0  0  0 350801
MatConvert             1 1.0 1.1417e-02 1.1 0.00e+00 0.0 0.0e+00 0.0e+00 4.0e+00  0  0  0  0  2   0  0  0  0  2     0
MatResidual            9 1.0 3.9831e-02 2.6 1.27e+07 1.0 1.6e+04 2.1e+03 0.0e+00  0  1  5  4  0   0  1  5  4  0 101213
MatAssemblyBegin       6 1.0 4.5462e-03 1.3 0.00e+00 0.0 0.0e+00 0.0e+00 2.0e+00  0  0  0  0  1   0  0  0  0  1     0
MatAssemblyEnd         6 1.0 2.4027e-01 2.9 0.00e+00 0.0 0.0e+00 0.0e+00 1.2e+01  1  0  0  0  5   1  0  0  0  6     0
MatGetRowIJ            3 1.0 7.9175e-03 2.1 0.00e+00 0.0 0.0e+00 0.0e+00 0.0e+00  0  0  0  0  0   0  0  0  0  0     0
MatCreateSubMats       1 1.0 5.7564e-02 1.8 0.00e+00 0.0 8.8e+03 4.8e+03 1.0e+00  0  0  3  5  0   0  0  3  5  0     0
MatGetOrdering         1 1.0 8.3625e-02 1.8 0.00e+00 0.0 0.0e+00 0.0e+00 0.0e+00  0  0  0  0  0   0  0  0  0  0     0
MatIncreaseOvrlp       1 1.0 2.1521e-02 1.5 0.00e+00 0.0 0.0e+00 0.0e+00 1.0e+00  0  0  0  0  0   0  0  0  0  0     0
VecMDot               71 1.0 1.7383e-01 2.3 2.92e+07 1.0 0.0e+00 0.0e+00 7.1e+01  0  1  0  0 32   0  1  0  0 34 53119
VecNorm               82 1.0 8.7720e-02 1.2 7.34e+06 1.0 0.0e+00 0.0e+00 8.2e+01  0  0  0  0 36   0  0  0  0 40 26453
VecScale             100 1.0 1.8121e-03 1.9 3.67e+06 1.0 0.0e+00 0.0e+00 0.0e+00  0  0  0  0  0   0  0  0  0  0 640257
VecCopy               38 1.0 7.0437e-03 1.4 0.00e+00 0.0 0.0e+00 0.0e+00 0.0e+00  0  0  0  0  0   0  0  0  0  0     0
VecSet               248 1.0 3.3785e-02 1.2 0.00e+00 0.0 0.0e+00 0.0e+00 0.0e+00  0  0  0  0  0   0  0  0  0  0     0
VecAXPY               20 1.0 5.8448e-03 1.7 2.68e+06 1.0 0.0e+00 0.0e+00 0.0e+00  0  0  0  0  0   0  0  0  0  0 145102
VecAYPX               54 1.0 1.6310e-02 1.3 7.26e+06 1.0 0.0e+00 0.0e+00 0.0e+00  0  0  0  0  0   0  0  0  0  0 141267
VecAXPBYCZ            18 1.0 9.0846e-03 1.5 9.08e+06 1.0 0.0e+00 0.0e+00 0.0e+00  0  0  0  0  0   0  0  0  0  0 317035
VecMAXPY              82 1.0 2.9668e-02 1.1 3.57e+07 1.0 0.0e+00 0.0e+00 0.0e+00  0  2  0  0  0   0  2  0  0  0 380269
VecScatterBegin      295 1.0 5.0489e-01 6.4 0.00e+00 0.0 2.8e+05 1.6e+03 3.0e+00  1  0 85 60  1   1  0 85 60  1     0
VecScatterEnd        295 1.0 1.0442e-0130.0 0.00e+00 0.0 0.0e+00 0.0e+00 0.0e+00  0  0  0  0  0   0  0  0  0  0     0
VecNormalize          72 1.0 8.5163e-02 1.2 7.99e+06 1.0 0.0e+00 0.0e+00 7.2e+01  0  0  0  0 32   0  0  0  0 35 29598
SFSetGraph             5 1.0 2.8317e-04 2.0 0.00e+00 0.0 0.0e+00 0.0e+00 0.0e+00  0  0  0  0  0   0  0  0  0  0     0
SFSetUp                5 1.0 4.4263e-0127.7 0.00e+00 0.0 1.1e+04 4.2e+02 3.0e+00  1  0  3  1  1   1  0  3  1  1     0
SFReduceBegin         47 1.0 1.3285e-02 1.3 0.00e+00 0.0 0.0e+00 0.0e+00 0.0e+00  0  0  0  0  0   0  0  0  0  0     0
SFReduceEnd           47 1.0 6.6379e-05 2.2 0.00e+00 0.0 0.0e+00 0.0e+00 0.0e+00  0  0  0  0  0   0  0  0  0  0     0
SFPack               295 1.0 1.8836e-03 2.2 0.00e+00 0.0 0.0e+00 0.0e+00 0.0e+00  0  0  0  0  0   0  0  0  0  0     0
SFUnpack             295 1.0 5.1366e-04 7.2 0.00e+00 0.0 0.0e+00 0.0e+00 0.0e+00  0  0  0  0  0   0  0  0  0  0     0
KSPSetUp               3 1.0 2.1006e+00 1.0 1.82e+09 1.4 5.3e+04 2.3e+03 3.8e+01  6 68 16 16 17   6 68 16 16 18 238455
KSPSolve               1 1.0 1.8971e+00 1.0 7.79e+08 1.1 2.7e+05 2.2e+03 1.4e+02  6 32 81 77 60   6 32 81 77 65 126255
KSPGMRESOrthog        71 1.0 1.9727e-01 2.0 5.84e+07 1.0 0.0e+00 0.0e+00 7.1e+01  0  2  0  0 32   0  2  0  0 34 93612
PCSetUp                1 1.0 2.2195e+00 1.0 1.82e+09 1.4 5.3e+04 2.3e+03 4.2e+01  7 68 16 16 19   7 68 16 16 20 225683
PCSetUpOnBlocks       19 1.0 1.4410e+00 1.4 1.59e+09 1.4 0.0e+00 0.0e+00 0.0e+00  4 58  0  0  0   4 58  0  0  0 297444
PCApply                9 1.0 1.8464e+00 1.0 7.44e+08 1.1 2.5e+05 2.2e+03 1.2e+02  5 31 77 73 52   5 31 77 73 56 123710
PCApplyOnBlocks       47 1.0 1.1343e+00 1.2 8.30e+08 1.1 0.0e+00 0.0e+00 0.0e+00  3 34  0  0  0   3 34  0  0  0 223488
------------------------------------------------------------------------------------------------------------------------

Memory usage is given in bytes:

Object Type          Creations   Destructions     Memory  Descendants' Mem.
Reports information only for process 0.

--- Event Stage 0: Main Stage

              Matrix    12             12    142398112     0.
              Vector    85             85     50732552     0.
           Index Set    16             16      3375424     0.
   IS L to G Mapping     1              1      1208984     0.
   Star Forest Graph    11             11        12600     0.
       Krylov Solver     5              5        72264     0.
      Preconditioner     5              5         6024     0.
    Distributed Mesh     3              3        15144     0.
     Discrete System     3              3         2712     0.
           Weak Form     3              3         2472     0.
              Viewer     2              1          848     0.
========================================================================================================================
Average time to get PetscTime(): 3.29e-08
Average time for MPI_Barrier(): 8.77868e-05
Average time for zero size MPI_Send(): 1.36322e-06
#PETSc Option Table entries:
-ksp_converged_reason
-ksp_pc_side right
-ksp_rtol 1e-8
-ksp_type fgmres
-log_view
-m 2828
-mg_coarse_ksp_converged_reason
-mg_coarse_ksp_type gmres
-mg_coarse_pc_type hypre
-mg_levels_pc_type asm
-mg_levels_sub_pc_type lu
-n 2828
-nw
-pc_mg_type multiplicative
-pc_type mg
#End of PETSc Option Table entries
Compiled without FORTRAN kernels
Compiled with full precision matrices (default)
sizeof(short) 2 sizeof(int) 4 sizeof(long) 8 sizeof(void*) 8 sizeof(PetscScalar) 8 sizeof(PetscInt) 4
Configure options: --prefix=/home/a/asarkar/sudhipv/software/FreeFem-sources/install/ff-petsc/r MAKEFLAGS= --with-debugging=0 COPTFLAGS="-O3 -mtune=native" CXXOPTFLAGS="-O3 -mtune=native" FOPTFLAGS="-O3 -mtune=native" --with-cxx-dialect=C++11 --with-ssl=0 --with-x=0 --with-fortran-bindings=0 --with-cudac=0 --with-cc=/cvmfs/soft.computecanada.ca/easybuild/software/2020/avx512/Compiler/intel2020/openmpi/4.0.3/bin/mpicc --with-cxx=/cvmfs/soft.computecanada.ca/easybuild/software/2020/avx512/Compiler/intel2020/openmpi/4.0.3/bin/mpic++ --with-fc=/cvmfs/soft.computecanada.ca/easybuild/software/2020/avx512/Compiler/intel2020/openmpi/4.0.3/bin/mpif90 --with-scalar-type=real --with-blaslapack-include=/cvmfs/soft.computecanada.ca/easybuild/software/2020/Core/imkl/2020.1.217/mkl/include --with-blaslapack-lib="-Wl,-rpath,/cvmfs/soft.computecanada.ca/easybuild/software/2020/Core/imkl/2020.1.217/mkl/lib/intel64 -L/cvmfs/soft.computecanada.ca/easybuild/software/2020/Core/imkl/2020.1.217/mkl/lib/intel64 -lmkl_rt -lmkl_intel_thread -lmkl_core  -liomp5 -lpthread" --download-metis --download-ptscotch --download-hypre --download-parmetis --download-mmg --download-parmmg --download-superlu --download-suitesparse --download-tetgen --download-slepc --download-hpddm --download-scalapack --download-mumps --download-slepc-configure-arguments=--download-arpack=https://github.com/prj-/arpack-ng/archive/b64dccb.tar.gz PETSC_ARCH=fr
-----------------------------------------
Libraries compiled on 2021-05-02 15:39:49 on nia-login03.scinet.local 
Machine characteristics: Linux-3.10.0-957.27.2.el7.x86_64-x86_64-with-centos-7.6.1810-Core
Using PETSc directory: /home/a/asarkar/sudhipv/software/FreeFem-sources/install/ff-petsc/r
Using PETSc arch: 
-----------------------------------------

Using C compiler: /cvmfs/soft.computecanada.ca/easybuild/software/2020/avx512/Compiler/intel2020/openmpi/4.0.3/bin/mpicc  -fPIC -wd1572 -O3 -mtune=native   
Using Fortran compiler: /cvmfs/soft.computecanada.ca/easybuild/software/2020/avx512/Compiler/intel2020/openmpi/4.0.3/bin/mpif90  -fPIC -O3 -mtune=native     
-----------------------------------------

Using include paths: -I/home/a/asarkar/sudhipv/software/FreeFem-sources/install/ff-petsc/r/include -I/cvmfs/soft.computecanada.ca/easybuild/software/2020/Core/imkl/2020.1.217/mkl/include
-----------------------------------------

Using C linker: /cvmfs/soft.computecanada.ca/easybuild/software/2020/avx512/Compiler/intel2020/openmpi/4.0.3/bin/mpicc
Using Fortran linker: /cvmfs/soft.computecanada.ca/easybuild/software/2020/avx512/Compiler/intel2020/openmpi/4.0.3/bin/mpif90
Using libraries: -Wl,-rpath,/home/a/asarkar/sudhipv/software/FreeFem-sources/install/ff-petsc/r/lib -L/home/a/asarkar/sudhipv/software/FreeFem-sources/install/ff-petsc/r/lib -lpetsc -Wl,-rpath,/home/a/asarkar/sudhipv/software/FreeFem-sources/install/ff-petsc/r/lib -L/home/a/asarkar/sudhipv/software/FreeFem-sources/install/ff-petsc/r/lib -Wl,-rpath,/cvmfs/soft.computecanada.ca/easybuild/software/2020/Core/imkl/2020.1.217/mkl/lib/intel64 -L/cvmfs/soft.computecanada.ca/easybuild/software/2020/Core/imkl/2020.1.217/mkl/lib/intel64 -Wl,-rpath,/cvmfs/soft.computecanada.ca/easybuild/software/2020/avx512/Compiler/intel2020/openmpi/4.0.3/lib -L/cvmfs/soft.computecanada.ca/easybuild/software/2020/avx512/Compiler/intel2020/openmpi/4.0.3/lib -Wl,-rpath,/cvmfs/soft.computecanada.ca/easybuild/software/2020/avx512/Core/libfabric/1.10.1/lib -L/cvmfs/soft.computecanada.ca/easybuild/software/2020/avx512/Core/libfabric/1.10.1/lib -Wl,-rpath,/cvmfs/soft.computecanada.ca/easybuild/software/2020/avx512/Core/ucx/1.8.0/lib -L/cvmfs/soft.computecanada.ca/easybuild/software/2020/avx512/Core/ucx/1.8.0/lib -Wl,-rpath,/cvmfs/soft.computecanada.ca/easybuild/software/2020/Core/imkl/2020.1.217/lib/intel64 -L/cvmfs/soft.computecanada.ca/easybuild/software/2020/Core/imkl/2020.1.217/lib/intel64 -Wl,-rpath,/cvmfs/restricted.computecanada.ca/easybuild/software/2020/Core/intel/2020.1.217/compilers_and_libraries_2020.1.217/linux/tbb/lib/intel64/gcc4.8 -L/cvmfs/restricted.computecanada.ca/easybuild/software/2020/Core/intel/2020.1.217/compilers_and_libraries_2020.1.217/linux/tbb/lib/intel64/gcc4.8 -Wl,-rpath,/cvmfs/restricted.computecanada.ca/easybuild/software/2020/Core/intel/2020.1.217/compilers_and_libraries_2020.1.217/linux/compiler/lib/intel64_lin -L/cvmfs/restricted.computecanada.ca/easybuild/software/2020/Core/intel/2020.1.217/compilers_and_libraries_2020.1.217/linux/compiler/lib/intel64_lin -Wl,-rpath,/cvmfs/soft.computecanada.ca/easybuild/software/2020/avx512/Compiler/intel2020/openmpi/4.0.3/lib64 -L/cvmfs/soft.computecanada.ca/easybuild/software/2020/avx512/Compiler/intel2020/openmpi/4.0.3/lib64 -Wl,-rpath,/cvmfs/soft.computecanada.ca/easybuild/software/2020/Core/gcccore/9.3.0/lib/gcc/x86_64-pc-linux-gnu/9.3.0 -L/cvmfs/soft.computecanada.ca/easybuild/software/2020/Core/gcccore/9.3.0/lib/gcc/x86_64-pc-linux-gnu/9.3.0 -Wl,-rpath,/cvmfs/soft.computecanada.ca/easybuild/software/2020/Core/gcccore/9.3.0/lib64 -L/cvmfs/soft.computecanada.ca/easybuild/software/2020/Core/gcccore/9.3.0/lib64 -Wl,-rpath,/cvmfs/soft.computecanada.ca/gentoo/2020/lib64 -L/cvmfs/soft.computecanada.ca/gentoo/2020/lib64 -Wl,-rpath,/cvmfs/soft.computecanada.ca/gentoo/2020/usr/lib64 -L/cvmfs/soft.computecanada.ca/gentoo/2020/usr/lib64 -Wl,-rpath,/cvmfs/soft.computecanada.ca/easybuild/software/2020/Core/gcccore/9.3.0/lib -L/cvmfs/soft.computecanada.ca/easybuild/software/2020/Core/gcccore/9.3.0/lib -Wl,-rpath,/cvmfs/soft.computecanada.ca/gentoo/2020/lib -L/cvmfs/soft.computecanada.ca/gentoo/2020/lib -Wl,-rpath,/cvmfs/soft.computecanada.ca/gentoo/2020/usr/lib -L/cvmfs/soft.computecanada.ca/gentoo/2020/usr/lib -lHYPRE -lcmumps -ldmumps -lsmumps -lzmumps -lmumps_common -lpord -lscalapack -lumfpack -lklu -lcholmod -lbtf -lccolamd -lcolamd -lcamd -lamd -lsuitesparseconfig -lsuperlu -lmkl_rt -lmkl_intel_thread -lmkl_core -liomp5 -lpthread -lparmmg -lmmg -lmmg3d -lptesmumps -lptscotchparmetis -lptscotch -lptscotcherr -lesmumps -lscotch -lscotcherr -lpthread -lparmetis -lmetis -ltet -lstdc++ -ldl -lmpi_usempif08 -lmpi_usempi_ignore_tkr -lmpi_mpifh -lmpi -lifport -lifcoremt_pic -limf -lsvml -lm -lipgo -lirc -lpthread -lgcc_s -lirc_s -lrt -lquadmath -lstdc++ -ldl
-----------------------------------------

#############################################################################################################
#############################################################################################################
########     Finsihed Code with NL 400 Processors             #################################################
#############################################################################################################
#############################################################################################################

scontrol show jobid 6263489
JobId=6263489 JobName=strong_hypre_check
   UserId=sudhipv(3061414) GroupId=asarkar(6001189) MCS_label=N/A
   Priority=2044874 Nice=0 Account=def-asarkar QOS=normal
   JobState=COMPLETED Reason=None Dependency=(null)
   Requeue=0 Restarts=0 BatchFlag=1 Reboot=0 ExitCode=0:0
   RunTime=00:00:55 TimeLimit=00:30:00 TimeMin=N/A
   SubmitTime=2021-10-21T01:45:43 EligibleTime=2021-10-21T01:45:43
   AccrueTime=2021-10-21T01:45:43
   StartTime=2021-10-21T12:19:58 EndTime=2021-10-21T12:20:53 Deadline=N/A
   SuspendTime=None SecsPreSuspend=0 LastSchedEval=2021-10-21T12:19:58
   Partition=compute AllocNode:Sid=nia-login01:92206
   ReqNodeList=(null) ExcNodeList=(null)
   NodeList=nia[0609-0616]
   BatchHost=nia0609
   NumNodes=8 NumCPUs=640 NumTasks=320 CPUs/Task=1 ReqB:S:C:T=0:0:*:*
   TRES=cpu=640,mem=1400000M,node=8,billing=320
   Socks/Node=* NtasksPerN:B:S:C=40:0:*:* CoreSpec=*
   MinCPUsNode=40 MinMemoryNode=175000M MinTmpDiskNode=0
   Features=[skylake|cascade] DelayBoot=00:00:00
   OverSubscribe=NO Contiguous=0 Licenses=(null) Network=(null)
   Command=/gpfs/fs0/scratch/a/asarkar/sudhipv/poisson_hpc/strong/runff_niagara_strong_poisson.sh
   WorkDir=/gpfs/fs0/scratch/a/asarkar/sudhipv/poisson_hpc/strong
   StdErr=/gpfs/fs0/scratch/a/asarkar/sudhipv/poisson_hpc/strong/strong_hypre_check-6263489.out
   StdIn=/dev/null
   StdOut=/gpfs/fs0/scratch/a/asarkar/sudhipv/poisson_hpc/strong/strong_hypre_check-6263489.out
   Power=
   MailUser=sudhipv@cmail.carleton.ca MailType=BEGIN,END,FAIL,REQUEUE,STAGE_OUT

sacct -j 6263489
       JobID    JobName    Account    Elapsed  MaxVMSize     MaxRSS  SystemCPU    UserCPU ExitCode 
------------ ---------- ---------- ---------- ---------- ---------- ---------- ---------- -------- 
6263489      strong_hy+ def-asark+   00:00:55                        07:50.647   02:52:06      0:0 
6263489.bat+      batch def-asark+   00:00:55  88896248K  69817196K  00:58.792  21:30.792      0:0 
6263489.ext+     extern def-asark+   00:00:55    138360K      1068K  00:00.001  00:00.005      0:0 
6263489.0         orted def-asark+   00:00:46  94405192K  76350028K  06:51.853   02:30:35      0:0 
