
The following have been reloaded with a version change:
  1) mii/1.1.1 => mii/1.1.2

/cvmfs/soft.computecanada.ca/easybuild/software/2020/avx512/Compiler/intel2020/openmpi/4.0.3/bin/mpiexec
/cvmfs/soft.computecanada.ca/easybuild/software/2020/avx512/Compiler/intel2020/openmpi/4.0.3/bin/mpirun
1	
	-111111	
number of random variable  3
order of input  2
order of output  3
Number of input PC   10
Number of output PC  20
Mean of Gaussian  0
Sd of Gaussian  0.3
Size of linear System  1.2832e+07
sindex is 25 2	
	   1   1
	   1   2
	   2   1
	   2   2
	   1   3
	   3   1
	   2   3
	   3   2
	   1   4
	   4   1
	   3   3
	   2   4
	   4   2
	   3   4
	   4   3
	   1   5
	   5   1
	   2   5
	   5   2
	   4   4
	   3   5
	   5   3
	   1   6
	   6   1
	   2   6
	
mindex for file ./kledata/Tijkl/multiIndex_O3_D3.dat is 20 3	
	   0   0   0
	   1   0   0
	   0   1   0
	   0   0   1
	   2   0   0
	   1   1   0
	   1   0   1
	   0   2   0
	   0   1   1
	   0   0   2
	   3   0   0
	   2   1   0
	   2   0   1
	   1   2   0
	   1   1   1
	   1   0   2
	   0   3   0
	   0   2   1
	   0   1   2
	   0   0   3
	
Finished generating log normal input coefficients for rank 0
Assembly time for picard iteration 0 is 359.448
Exited Assembling for rank0
Starting solve for rank 0
  0 KSP Residual norm 1.248437500000e-03 
  1 KSP Residual norm 1.085747450643e-03 
  2 KSP Residual norm 3.185795582726e-04 
  3 KSP Residual norm 6.015065044296e-05 
  4 KSP Residual norm 1.172465547250e-05 
  5 KSP Residual norm 2.289015059023e-06 
  6 KSP Residual norm 3.720515953657e-07 
  7 KSP Residual norm 6.064691551121e-08 
  8 KSP Residual norm 9.782301252450e-09 
iteration 0     0.982347
time for 1 Picard Iteration 368.573
Assembly time for picard iteration 1 is 362.377
Exited Assembling for rank0
Starting solve for rank 0
  0 KSP Residual norm 1.248437500000e-03 
  1 KSP Residual norm 1.105115077079e-03 
  2 KSP Residual norm 3.377889629411e-04 
  3 KSP Residual norm 6.551834460728e-05 
  4 KSP Residual norm 1.299364637897e-05 
  5 KSP Residual norm 2.396250757836e-06 
  6 KSP Residual norm 3.739106007026e-07 
  7 KSP Residual norm 5.391618870853e-08 
  8 KSP Residual norm 8.296391407466e-09 
iteration 1     0.97007
time for 1 Picard Iteration 370.63
Assembly time for picard iteration 2 is 361.973
Exited Assembling for rank0
Starting solve for rank 0
  0 KSP Residual norm 1.248437500000e-03 
  1 KSP Residual norm 1.103312636723e-03 
  2 KSP Residual norm 3.068400150214e-04 
  3 KSP Residual norm 5.574977357262e-05 
  4 KSP Residual norm 1.011567553726e-05 
  5 KSP Residual norm 1.736974983298e-06 
  6 KSP Residual norm 2.850471350968e-07 
  7 KSP Residual norm 4.544684359031e-08 
  8 KSP Residual norm 7.305424350284e-09 
iteration 2     0.0149728
time for 1 Picard Iteration 370.244
Assembly time for picard iteration 3 is 361.967
Exited Assembling for rank0
Starting solve for rank 0
  0 KSP Residual norm 1.248437500000e-03 
  1 KSP Residual norm 1.099296266946e-03 
  2 KSP Residual norm 3.307117696773e-04 
  3 KSP Residual norm 5.959807690057e-05 
  4 KSP Residual norm 1.018499342390e-05 
  5 KSP Residual norm 1.673305396233e-06 
  6 KSP Residual norm 2.431014500139e-07 
  7 KSP Residual norm 3.576793238665e-08 
  8 KSP Residual norm 5.762841175813e-09 
iteration 3     0.000354657
time for 1 Picard Iteration 370.043
Assembly time for picard iteration 4 is 366.482
Exited Assembling for rank0
Starting solve for rank 0
  0 KSP Residual norm 1.248437500000e-03 
  1 KSP Residual norm 1.100331477022e-03 
  2 KSP Residual norm 3.099530484979e-04 
  3 KSP Residual norm 5.751626389359e-05 
  4 KSP Residual norm 1.094239915425e-05 
  5 KSP Residual norm 1.934825657910e-06 
  6 KSP Residual norm 2.883007788340e-07 
  7 KSP Residual norm 4.307249412077e-08 
  8 KSP Residual norm 6.709747939247e-09 
iteration 4     6.99568e-06
time for 1 Picard Iteration 374.504
Assembly time for picard iteration 5 is 361.77
Exited Assembling for rank0
Starting solve for rank 0
  0 KSP Residual norm 1.248437500000e-03 
  1 KSP Residual norm 1.100451641519e-03 
  2 KSP Residual norm 3.281268174844e-04 
  3 KSP Residual norm 5.776849946691e-05 
  4 KSP Residual norm 1.042685033773e-05 
  5 KSP Residual norm 1.862372156113e-06 
  6 KSP Residual norm 2.811876993254e-07 
  7 KSP Residual norm 4.391235940453e-08 
  8 KSP Residual norm 7.086158564433e-09 
iteration 5     2.70523e-07
time for 1 Picard Iteration 370.3
Finished Picard Loop
time taken for solve is2226.99
************************************************************************************************************************
***             WIDEN YOUR WINDOW TO 120 CHARACTERS.  Use 'enscript -r -fCourier9' to print this document            ***
************************************************************************************************************************

---------------------------------------------- PETSc Performance Summary: ----------------------------------------------

/home/a/asarkar/sudhipv/software/FreeFem-sources/src/mpi/FreeFem++-mpi on a  named nia0098.scinet.local with 160 processors, by sudhipv Sat Dec 10 07:33:51 2022
Using Petsc Release Version 3.15.0, Mar 30, 2021 

                         Max       Max/Min     Avg       Total
Time (sec):           2.228e+03     1.000   2.228e+03
Objects:              7.000e+01     1.000   7.000e+01
Flop:                 1.213e+09     1.094   1.163e+09  1.862e+11
Flop/sec:             5.444e+05     1.094   5.223e+05  8.357e+07
MPI Messages:         4.640e+02     4.000   3.125e+02  5.000e+04
MPI Message Lengths:  3.690e+06     3.184   9.316e+03  4.657e+08
MPI Reductions:       2.000e+02     1.000

Flop counting convention: 1 flop = 1 real number operation of type (multiply/divide/add/subtract)
                            e.g., VecAXPY() for real vectors of length N --> 2N flop
                            and VecAXPY() for complex vectors of length N --> 8N flop

Summary of Stages:   ----- Time ------  ----- Flop ------  --- Messages ---  -- Message Lengths --  -- Reductions --
                        Avg     %Total     Avg     %Total    Count   %Total     Avg         %Total    Count   %Total
 0:      Main Stage: 2.2275e+03 100.0%  1.8615e+11 100.0%  5.000e+04 100.0%  9.316e+03      100.0%  1.820e+02  91.0%

------------------------------------------------------------------------------------------------------------------------
See the 'Profiling' chapter of the users' manual for details on interpreting output.
Phase summary info:
   Count: number of times phase was executed
   Time and Flop: Max - maximum over all processors
                  Ratio - ratio of maximum to minimum over all processors
   Mess: number of messages sent
   AvgLen: average message length (bytes)
   Reduct: number of global reductions
   Global: entire computation
   Stage: stages of a computation. Set stages with PetscLogStagePush() and PetscLogStagePop().
      %T - percent time in this phase         %F - percent flop in this phase
      %M - percent messages in this phase     %L - percent message lengths in this phase
      %R - percent reductions in this phase
   Total Mflop/s: 10e-6 * (sum of flop over all processors)/(max time over all processors)
------------------------------------------------------------------------------------------------------------------------
Event                Count      Time (sec)     Flop                              --- Global ---  --- Stage ----  Total
                   Max Ratio  Max     Ratio   Max  Ratio  Mess   AvgLen  Reduct  %T %F %M %L %R  %T %F %M %L %R Mflop/s
------------------------------------------------------------------------------------------------------------------------

--- Event Stage 0: Main Stage

BuildTwoSided          7 1.0 2.0822e+0272087.4 0.00e+00 0.0 8.6e+02 4.0e+00 7.0e+00  6  0  2  0  4   6  0  2  0  4     0
BuildTwoSidedF         6 1.0 2.0822e+02130126.6 0.00e+00 0.0 0.0e+00 0.0e+00 6.0e+00  6  0  0  0  3   6  0  0  0  3     0
MatMult               48 1.0 2.1230e+00 1.2 1.12e+09 1.1 4.3e+04 7.1e+03 1.0e+00  0 92 86 66  0   0 92 86 66  1 80830
MatConvert             6 1.0 2.0025e+00 1.8 0.00e+00 0.0 0.0e+00 0.0e+00 2.4e+01  0  0  0  0 12   0  0  0  0 13     0
MatAssemblyBegin      13 1.0 2.0822e+0294036.5 0.00e+00 0.0 0.0e+00 0.0e+00 6.0e+00  6  0  0  0  3   6  0  0  0  3     0
MatAssemblyEnd        13 1.0 3.8626e+01108.6 0.00e+00 0.0 0.0e+00 0.0e+00 2.8e+01  1  0  0  0 14   1  0  0  0 15     0
MatGetRowIJ           12 1.0 4.8221e-05 6.2 0.00e+00 0.0 0.0e+00 0.0e+00 0.0e+00  0  0  0  0  0   0  0  0  0  0     0
MatZeroEntries         5 1.0 8.8646e-02 1.3 0.00e+00 0.0 0.0e+00 0.0e+00 0.0e+00  0  0  0  0  0   0  0  0  0  0     0
KSPSetUp               6 1.0 1.9185e-01120.0 0.00e+00 0.0 0.0e+00 0.0e+00 2.0e+00  0  0  0  0  1   0  0  0  0  1     0
KSPSolve               6 1.0 2.7159e+01 1.0 1.21e+09 1.1 4.3e+04 7.1e+03 1.0e+02  1100 86 66 52   1100 86 66 57  6854
KSPGMRESOrthog        48 1.0 1.1153e+00 3.5 7.21e+07 1.1 0.0e+00 0.0e+00 4.8e+01  0  6  0  0 24   0  6  0  0 26  9941
PCSetUp                6 1.0 2.3438e+01 1.0 0.00e+00 0.0 0.0e+00 0.0e+00 2.4e+01  1  0  0  0 12   1  0  0  0 13     0
PCApply               54 1.0 2.4334e+01 1.0 0.00e+00 0.0 0.0e+00 0.0e+00 0.0e+00  1  0  0  0  0   1  0  0  0  0     0
VecMDot               48 1.0 1.0798e+00 3.8 3.61e+07 1.1 0.0e+00 0.0e+00 4.8e+01  0  3  0  0 24   0  3  0  0 26  5134
VecNorm               54 1.0 5.9179e-01 1.0 9.02e+06 1.1 0.0e+00 0.0e+00 5.4e+01  0  1  0  0 27   0  1  0  0 30  2342
VecScale              54 1.0 1.5014e-03 1.5 4.51e+06 1.1 0.0e+00 0.0e+00 0.0e+00  0  0  0  0  0   0  0  0  0  0 461520
VecCopy               18 1.0 6.1325e-03 2.5 0.00e+00 0.0 0.0e+00 0.0e+00 0.0e+00  0  0  0  0  0   0  0  0  0  0     0
VecSet                67 1.0 1.2828e-02 1.5 0.00e+00 0.0 0.0e+00 0.0e+00 0.0e+00  0  0  0  0  0   0  0  0  0  0     0
VecAXPY                6 1.0 6.4706e-02 1.2 1.00e+06 1.1 0.0e+00 0.0e+00 0.0e+00  0  0  0  0  0   0  0  0  0  0  2380
VecMAXPY              54 1.0 4.3908e-02 1.1 4.41e+07 1.1 0.0e+00 0.0e+00 0.0e+00  0  4  0  0  0   0  4  0  0  0 154307
VecScatterBegin       48 1.0 1.2730e-02 2.9 0.00e+00 0.0 4.3e+04 7.1e+03 1.0e+00  0  0 86 66  0   0  0 86 66  1     0
VecScatterEnd         48 1.0 3.5239e-01240.7 0.00e+00 0.0 0.0e+00 0.0e+00 0.0e+00  0  0  0  0  0   0  0  0  0  0     0
VecNormalize          54 1.0 5.9319e-01 1.0 1.35e+07 1.1 0.0e+00 0.0e+00 5.4e+01  0  1  0  0 27   0  1  0  0 30  3504
SFSetGraph             1 1.0 1.8819e-05 8.0 0.00e+00 0.0 0.0e+00 0.0e+00 0.0e+00  0  0  0  0  0   0  0  0  0  0     0
SFSetUp                1 1.0 1.1244e-0221.9 0.00e+00 0.0 1.7e+03 1.8e+03 1.0e+00  0  0  3  1  0   0  0  3  1  1     0
SFPack                48 1.0 2.3605e-03 4.0 0.00e+00 0.0 0.0e+00 0.0e+00 0.0e+00  0  0  0  0  0   0  0  0  0  0     0
SFUnpack              48 1.0 6.5239e-05 6.3 0.00e+00 0.0 0.0e+00 0.0e+00 0.0e+00  0  0  0  0  0   0  0  0  0  0     0
------------------------------------------------------------------------------------------------------------------------

Memory usage is given in bytes:

Object Type          Creations   Destructions     Memory  Descendants' Mem.
Reports information only for process 0.

--- Event Stage 0: Main Stage

              Matrix    10             10    141972348     0.
       Krylov Solver     1              1        18856     0.
      Preconditioner     1              1         1496     0.
              Viewer     2              1          848     0.
              Vector    42             42     17212816     0.
           Index Set     8              8      2195144     0.
   Star Forest Graph     3              3         3384     0.
    Distributed Mesh     1              1         5048     0.
     Discrete System     1              1          904     0.
           Weak Form     1              1          824     0.
========================================================================================================================
Average time to get PetscTime(): 2.94e-08
Average time for MPI_Barrier(): 8.31238e-05
Average time for zero size MPI_Send(): 1.37919e-06
#PETSc Option Table entries:
-ksp_max_it 200
-ksp_monitor
-ksp_pc_side right
-ksp_type gmres
-log_view
-m 800
-n 800
-nw
-pc_type hypre
#End of PETSc Option Table entries
Compiled without FORTRAN kernels
Compiled with full precision matrices (default)
sizeof(short) 2 sizeof(int) 4 sizeof(long) 8 sizeof(void*) 8 sizeof(PetscScalar) 8 sizeof(PetscInt) 4
Configure options: --prefix=/home/a/asarkar/sudhipv/software/FreeFem-sources/install/ff-petsc/r MAKEFLAGS= --with-debugging=0 COPTFLAGS="-O3 -mtune=native" CXXOPTFLAGS="-O3 -mtune=native" FOPTFLAGS="-O3 -mtune=native" --with-cxx-dialect=C++11 --with-ssl=0 --with-x=0 --with-fortran-bindings=0 --with-cudac=0 --with-cc=/cvmfs/soft.computecanada.ca/easybuild/software/2020/avx512/Compiler/intel2020/openmpi/4.0.3/bin/mpicc --with-cxx=/cvmfs/soft.computecanada.ca/easybuild/software/2020/avx512/Compiler/intel2020/openmpi/4.0.3/bin/mpic++ --with-fc=/cvmfs/soft.computecanada.ca/easybuild/software/2020/avx512/Compiler/intel2020/openmpi/4.0.3/bin/mpif90 --with-scalar-type=real --with-blaslapack-include=/cvmfs/soft.computecanada.ca/easybuild/software/2020/Core/imkl/2020.1.217/mkl/include --with-blaslapack-lib="-Wl,-rpath,/cvmfs/soft.computecanada.ca/easybuild/software/2020/Core/imkl/2020.1.217/mkl/lib/intel64 -L/cvmfs/soft.computecanada.ca/easybuild/software/2020/Core/imkl/2020.1.217/mkl/lib/intel64 -lmkl_rt -lmkl_intel_thread -lmkl_core  -liomp5 -lpthread" --download-metis --download-ptscotch --download-hypre --download-parmetis --download-mmg --download-parmmg --download-superlu --download-suitesparse --download-tetgen --download-slepc --download-hpddm --download-scalapack --download-mumps --download-slepc-configure-arguments=--download-arpack=https://github.com/prj-/arpack-ng/archive/b64dccb.tar.gz PETSC_ARCH=fr
-----------------------------------------
Libraries compiled on 2021-05-02 15:39:49 on nia-login03.scinet.local 
Machine characteristics: Linux-3.10.0-957.27.2.el7.x86_64-x86_64-with-centos-7.6.1810-Core
Using PETSc directory: /home/a/asarkar/sudhipv/software/FreeFem-sources/install/ff-petsc/r
Using PETSc arch: 
-----------------------------------------

Using C compiler: /cvmfs/soft.computecanada.ca/easybuild/software/2020/avx512/Compiler/intel2020/openmpi/4.0.3/bin/mpicc  -fPIC -wd1572 -O3 -mtune=native   
Using Fortran compiler: /cvmfs/soft.computecanada.ca/easybuild/software/2020/avx512/Compiler/intel2020/openmpi/4.0.3/bin/mpif90  -fPIC -O3 -mtune=native     
-----------------------------------------

Using include paths: -I/home/a/asarkar/sudhipv/software/FreeFem-sources/install/ff-petsc/r/include -I/cvmfs/soft.computecanada.ca/easybuild/software/2020/Core/imkl/2020.1.217/mkl/include
-----------------------------------------

Using C linker: /cvmfs/soft.computecanada.ca/easybuild/software/2020/avx512/Compiler/intel2020/openmpi/4.0.3/bin/mpicc
Using Fortran linker: /cvmfs/soft.computecanada.ca/easybuild/software/2020/avx512/Compiler/intel2020/openmpi/4.0.3/bin/mpif90
Using libraries: -Wl,-rpath,/home/a/asarkar/sudhipv/software/FreeFem-sources/install/ff-petsc/r/lib -L/home/a/asarkar/sudhipv/software/FreeFem-sources/install/ff-petsc/r/lib -lpetsc -Wl,-rpath,/home/a/asarkar/sudhipv/software/FreeFem-sources/install/ff-petsc/r/lib -L/home/a/asarkar/sudhipv/software/FreeFem-sources/install/ff-petsc/r/lib -Wl,-rpath,/cvmfs/soft.computecanada.ca/easybuild/software/2020/Core/imkl/2020.1.217/mkl/lib/intel64 -L/cvmfs/soft.computecanada.ca/easybuild/software/2020/Core/imkl/2020.1.217/mkl/lib/intel64 -Wl,-rpath,/cvmfs/soft.computecanada.ca/easybuild/software/2020/avx512/Compiler/intel2020/openmpi/4.0.3/lib -L/cvmfs/soft.computecanada.ca/easybuild/software/2020/avx512/Compiler/intel2020/openmpi/4.0.3/lib -Wl,-rpath,/cvmfs/soft.computecanada.ca/easybuild/software/2020/avx512/Core/libfabric/1.10.1/lib -L/cvmfs/soft.computecanada.ca/easybuild/software/2020/avx512/Core/libfabric/1.10.1/lib -Wl,-rpath,/cvmfs/soft.computecanada.ca/easybuild/software/2020/avx512/Core/ucx/1.8.0/lib -L/cvmfs/soft.computecanada.ca/easybuild/software/2020/avx512/Core/ucx/1.8.0/lib -Wl,-rpath,/cvmfs/soft.computecanada.ca/easybuild/software/2020/Core/imkl/2020.1.217/lib/intel64 -L/cvmfs/soft.computecanada.ca/easybuild/software/2020/Core/imkl/2020.1.217/lib/intel64 -Wl,-rpath,/cvmfs/restricted.computecanada.ca/easybuild/software/2020/Core/intel/2020.1.217/compilers_and_libraries_2020.1.217/linux/tbb/lib/intel64/gcc4.8 -L/cvmfs/restricted.computecanada.ca/easybuild/software/2020/Core/intel/2020.1.217/compilers_and_libraries_2020.1.217/linux/tbb/lib/intel64/gcc4.8 -Wl,-rpath,/cvmfs/restricted.computecanada.ca/easybuild/software/2020/Core/intel/2020.1.217/compilers_and_libraries_2020.1.217/linux/compiler/lib/intel64_lin -L/cvmfs/restricted.computecanada.ca/easybuild/software/2020/Core/intel/2020.1.217/compilers_and_libraries_2020.1.217/linux/compiler/lib/intel64_lin -Wl,-rpath,/cvmfs/soft.computecanada.ca/easybuild/software/2020/avx512/Compiler/intel2020/openmpi/4.0.3/lib64 -L/cvmfs/soft.computecanada.ca/easybuild/software/2020/avx512/Compiler/intel2020/openmpi/4.0.3/lib64 -Wl,-rpath,/cvmfs/soft.computecanada.ca/easybuild/software/2020/Core/gcccore/9.3.0/lib/gcc/x86_64-pc-linux-gnu/9.3.0 -L/cvmfs/soft.computecanada.ca/easybuild/software/2020/Core/gcccore/9.3.0/lib/gcc/x86_64-pc-linux-gnu/9.3.0 -Wl,-rpath,/cvmfs/soft.computecanada.ca/easybuild/software/2020/Core/gcccore/9.3.0/lib64 -L/cvmfs/soft.computecanada.ca/easybuild/software/2020/Core/gcccore/9.3.0/lib64 -Wl,-rpath,/cvmfs/soft.computecanada.ca/gentoo/2020/lib64 -L/cvmfs/soft.computecanada.ca/gentoo/2020/lib64 -Wl,-rpath,/cvmfs/soft.computecanada.ca/gentoo/2020/usr/lib64 -L/cvmfs/soft.computecanada.ca/gentoo/2020/usr/lib64 -Wl,-rpath,/cvmfs/soft.computecanada.ca/easybuild/software/2020/Core/gcccore/9.3.0/lib -L/cvmfs/soft.computecanada.ca/easybuild/software/2020/Core/gcccore/9.3.0/lib -Wl,-rpath,/cvmfs/soft.computecanada.ca/gentoo/2020/lib -L/cvmfs/soft.computecanada.ca/gentoo/2020/lib -Wl,-rpath,/cvmfs/soft.computecanada.ca/gentoo/2020/usr/lib -L/cvmfs/soft.computecanada.ca/gentoo/2020/usr/lib -lHYPRE -lcmumps -ldmumps -lsmumps -lzmumps -lmumps_common -lpord -lscalapack -lumfpack -lklu -lcholmod -lbtf -lccolamd -lcolamd -lcamd -lamd -lsuitesparseconfig -lsuperlu -lmkl_rt -lmkl_intel_thread -lmkl_core -liomp5 -lpthread -lparmmg -lmmg -lmmg3d -lptesmumps -lptscotchparmetis -lptscotch -lptscotcherr -lesmumps -lscotch -lscotcherr -lpthread -lparmetis -lmetis -ltet -lstdc++ -ldl -lmpi_usempif08 -lmpi_usempi_ignore_tkr -lmpi_mpifh -lmpi -lifport -lifcoremt_pic -limf -lsvml -lm -lipgo -lirc -lpthread -lgcc_s -lirc_s -lrt -lquadmath -lstdc++ -ldl
-----------------------------------------

1	
	-111111	
number of random variable  3
order of input  2
order of output  3
Number of input PC   10
Number of output PC  20
Mean of Gaussian  0
Sd of Gaussian  0.3
Size of linear System  1.2832e+07
sindex is 25 2	
	   1   1
	   1   2
	   2   1
	   2   2
	   1   3
	   3   1
	   2   3
	   3   2
	   1   4
	   4   1
	   3   3
	   2   4
	   4   2
	   3   4
	   4   3
	   1   5
	   5   1
	   2   5
	   5   2
	   4   4
	   3   5
	   5   3
	   1   6
	   6   1
	   2   6
	
mindex for file ./kledata/Tijkl/multiIndex_O3_D3.dat is 20 3	
	   0   0   0
	   1   0   0
	   0   1   0
	   0   0   1
	   2   0   0
	   1   1   0
	   1   0   1
	   0   2   0
	   0   1   1
	   0   0   2
	   3   0   0
	   2   1   0
	   2   0   1
	   1   2   0
	   1   1   1
	   1   0   2
	   0   3   0
	   0   2   1
	   0   1   2
	   0   0   3
	
Finished generating log normal input coefficients for rank 0
Assembly time for picard iteration 0 is 702.943
Exited Assembling for rank0
Starting solve for rank 0
  0 KSP Residual norm 1.248437500000e-03 
  1 KSP Residual norm 1.054947760589e-03 
  2 KSP Residual norm 2.855881509537e-04 
  3 KSP Residual norm 4.913328910111e-05 
  4 KSP Residual norm 8.990962296339e-06 
  5 KSP Residual norm 1.504807615885e-06 
  6 KSP Residual norm 2.161312722278e-07 
  7 KSP Residual norm 3.008609391348e-08 
  8 KSP Residual norm 4.201250767272e-09 
iteration 0     0.982347
time for 1 Picard Iteration 717.851
Assembly time for picard iteration 1 is 707.166
Exited Assembling for rank0
Starting solve for rank 0
  0 KSP Residual norm 1.248437500000e-03 
  1 KSP Residual norm 1.069651988831e-03 
  2 KSP Residual norm 2.960783004881e-04 
  3 KSP Residual norm 5.055026096068e-05 
  4 KSP Residual norm 8.673050289172e-06 
  5 KSP Residual norm 1.374773583826e-06 
  6 KSP Residual norm 1.931134904027e-07 
  7 KSP Residual norm 2.637991284051e-08 
  8 KSP Residual norm 3.858514915911e-09 
iteration 1     0.97007
time for 1 Picard Iteration 721.958
Assembly time for picard iteration 2 is 707.29
Exited Assembling for rank0
Starting solve for rank 0
  0 KSP Residual norm 1.248437500000e-03 
  1 KSP Residual norm 1.069255424053e-03 
  2 KSP Residual norm 2.681104300186e-04 
  3 KSP Residual norm 4.599964957464e-05 
  4 KSP Residual norm 8.667325924996e-06 
  5 KSP Residual norm 1.564346431943e-06 
  6 KSP Residual norm 2.313367283220e-07 
  7 KSP Residual norm 3.204131484716e-08 
  8 KSP Residual norm 4.384228957913e-09 
iteration 2     0.0149729
time for 1 Picard Iteration 721.827
Assembly time for picard iteration 3 is 703.66
Exited Assembling for rank0
Starting solve for rank 0
  0 KSP Residual norm 1.248437500000e-03 
  1 KSP Residual norm 1.070679211923e-03 
  2 KSP Residual norm 2.784748935850e-04 
  3 KSP Residual norm 4.828970366821e-05 
  4 KSP Residual norm 8.395776178704e-06 
  5 KSP Residual norm 1.277908782509e-06 
  6 KSP Residual norm 1.671493152256e-07 
  7 KSP Residual norm 2.320682780200e-08 
  8 KSP Residual norm 3.234276789574e-09 
iteration 3     0.000354686
time for 1 Picard Iteration 718.188
Assembly time for picard iteration 4 is 703.535
Exited Assembling for rank0
Starting solve for rank 0
  0 KSP Residual norm 1.248437500000e-03 
  1 KSP Residual norm 1.069911999418e-03 
  2 KSP Residual norm 2.840229047911e-04 
  3 KSP Residual norm 4.832434593855e-05 
  4 KSP Residual norm 7.962801498283e-06 
  5 KSP Residual norm 1.269734615303e-06 
  6 KSP Residual norm 1.792946919023e-07 
  7 KSP Residual norm 2.596232836076e-08 
  8 KSP Residual norm 3.843285723456e-09 
iteration 4     6.92674e-06
time for 1 Picard Iteration 718.186
Assembly time for picard iteration 5 is 704.17
Exited Assembling for rank0
Starting solve for rank 0
  0 KSP Residual norm 1.248437500000e-03 
  1 KSP Residual norm 1.068156787480e-03 
  2 KSP Residual norm 2.936144437162e-04 
  3 KSP Residual norm 5.200869558637e-05 
  4 KSP Residual norm 9.188667592562e-06 
  5 KSP Residual norm 1.475743373065e-06 
  6 KSP Residual norm 2.041309207877e-07 
  7 KSP Residual norm 2.964056646780e-08 
  8 KSP Residual norm 4.184950743107e-09 
iteration 5     3.23002e-07
time for 1 Picard Iteration 718.612
Finished Picard Loop
time taken for solve is4319.83
************************************************************************************************************************
***             WIDEN YOUR WINDOW TO 120 CHARACTERS.  Use 'enscript -r -fCourier9' to print this document            ***
************************************************************************************************************************

---------------------------------------------- PETSc Performance Summary: ----------------------------------------------

/home/a/asarkar/sudhipv/software/FreeFem-sources/src/mpi/FreeFem++-mpi on a  named nia0098.scinet.local with 80 processors, by sudhipv Sat Dec 10 08:45:55 2022
Using Petsc Release Version 3.15.0, Mar 30, 2021 

                         Max       Max/Min     Avg       Total
Time (sec):           4.320e+03     1.000   4.320e+03
Objects:              7.000e+01     1.000   7.000e+01
Flop:                 2.394e+09     1.062   2.327e+09  1.862e+11
Flop/sec:             5.543e+05     1.062   5.386e+05  4.309e+07
MPI Messages:         4.640e+02     4.000   2.944e+02  2.355e+04
MPI Message Lengths:  4.980e+06     2.460   1.346e+04  3.170e+08
MPI Reductions:       2.000e+02     1.000

Flop counting convention: 1 flop = 1 real number operation of type (multiply/divide/add/subtract)
                            e.g., VecAXPY() for real vectors of length N --> 2N flop
                            and VecAXPY() for complex vectors of length N --> 8N flop

Summary of Stages:   ----- Time ------  ----- Flop ------  --- Messages ---  -- Message Lengths --  -- Reductions --
                        Avg     %Total     Avg     %Total    Count   %Total     Avg         %Total    Count   %Total
 0:      Main Stage: 4.3201e+03 100.0%  1.8615e+11 100.0%  2.355e+04 100.0%  1.346e+04      100.0%  1.820e+02  91.0%

------------------------------------------------------------------------------------------------------------------------
See the 'Profiling' chapter of the users' manual for details on interpreting output.
Phase summary info:
   Count: number of times phase was executed
   Time and Flop: Max - maximum over all processors
                  Ratio - ratio of maximum to minimum over all processors
   Mess: number of messages sent
   AvgLen: average message length (bytes)
   Reduct: number of global reductions
   Global: entire computation
   Stage: stages of a computation. Set stages with PetscLogStagePush() and PetscLogStagePop().
      %T - percent time in this phase         %F - percent flop in this phase
      %M - percent messages in this phase     %L - percent message lengths in this phase
      %R - percent reductions in this phase
   Total Mflop/s: 10e-6 * (sum of flop over all processors)/(max time over all processors)
------------------------------------------------------------------------------------------------------------------------
Event                Count      Time (sec)     Flop                              --- Global ---  --- Stage ----  Total
                   Max Ratio  Max     Ratio   Max  Ratio  Mess   AvgLen  Reduct  %T %F %M %L %R  %T %F %M %L %R Mflop/s
------------------------------------------------------------------------------------------------------------------------

--- Event Stage 0: Main Stage

BuildTwoSided          7 1.0 3.0515e+02139.9 0.00e+00 0.0 4.1e+02 4.0e+00 7.0e+00  4  0  2  0  4   4  0  2  0  4     0
BuildTwoSidedF         6 1.0 3.0514e+02139.9 0.00e+00 0.0 0.0e+00 0.0e+00 6.0e+00  4  0  0  0  3   4  0  0  0  3     0
MatMult               48 1.0 4.2357e+00 1.2 2.21e+09 1.1 2.0e+04 1.0e+04 1.0e+00  0 92 86 66  0   0 92 86 66  1 40513
MatConvert             6 1.0 3.4663e+00 1.7 0.00e+00 0.0 0.0e+00 0.0e+00 2.4e+01  0  0  0  0 12   0  0  0  0 13     0
MatAssemblyBegin      13 1.0 3.0514e+02139.9 0.00e+00 0.0 0.0e+00 0.0e+00 6.0e+00  4  0  0  0  3   4  0  0  0  3     0
MatAssemblyEnd        13 1.0 6.1877e+0183.4 0.00e+00 0.0 0.0e+00 0.0e+00 2.8e+01  1  0  0  0 14   1  0  0  0 15     0
MatGetRowIJ           12 1.0 3.1228e-05 3.2 0.00e+00 0.0 0.0e+00 0.0e+00 0.0e+00  0  0  0  0  0   0  0  0  0  0     0
MatZeroEntries         5 1.0 1.7031e-01 1.2 0.00e+00 0.0 0.0e+00 0.0e+00 0.0e+00  0  0  0  0  0   0  0  0  0  0     0
KSPSetUp               6 1.0 3.6584e-01117.6 0.00e+00 0.0 0.0e+00 0.0e+00 2.0e+00  0  0  0  0  1   0  0  0  0  1     0
KSPSolve               6 1.0 5.1034e+01 1.0 2.39e+09 1.1 2.0e+04 1.0e+04 1.0e+02  1100 86 66 52   1100 86 66 57  3648
KSPGMRESOrthog        48 1.0 1.4410e+00 4.1 1.42e+08 1.1 0.0e+00 0.0e+00 4.8e+01  0  6  0  0 24   0  6  0  0 26  7694
PCSetUp                6 1.0 3.7204e+01 1.0 0.00e+00 0.0 0.0e+00 0.0e+00 2.4e+01  1  0  0  0 12   1  0  0  0 13     0
PCApply               54 1.0 4.6680e+01 1.0 0.00e+00 0.0 0.0e+00 0.0e+00 0.0e+00  1  0  0  0  0   1  0  0  0  0     0
VecMDot               48 1.0 1.3564e+00 4.9 7.12e+07 1.1 0.0e+00 0.0e+00 4.8e+01  0  3  0  0 24   0  3  0  0 26  4087
VecNorm               54 1.0 1.0252e-01 1.2 1.78e+07 1.1 0.0e+00 0.0e+00 5.4e+01  0  1  0  0 27   0  1  0  0 30 13518
VecScale              54 1.0 7.0552e-03 1.2 8.90e+06 1.1 0.0e+00 0.0e+00 0.0e+00  0  0  0  0  0   0  0  0  0  0 98216
VecCopy               18 1.0 1.2515e-02 2.0 0.00e+00 0.0 0.0e+00 0.0e+00 0.0e+00  0  0  0  0  0   0  0  0  0  0     0
VecSet                67 1.0 2.6841e-02 1.3 0.00e+00 0.0 0.0e+00 0.0e+00 0.0e+00  0  0  0  0  0   0  0  0  0  0     0
VecAXPY                6 1.0 3.8427e-03 2.9 1.98e+06 1.1 0.0e+00 0.0e+00 0.0e+00  0  0  0  0  0   0  0  0  0  0 40072
VecMAXPY              54 1.0 1.0402e-01 1.1 8.70e+07 1.1 0.0e+00 0.0e+00 0.0e+00  0  4  0  0  0   0  4  0  0  0 65135
VecScatterBegin       48 1.0 3.1670e-02 6.2 0.00e+00 0.0 2.0e+04 1.0e+04 1.0e+00  0  0 86 66  0   0  0 86 66  1     0
VecScatterEnd         48 1.0 6.1323e-01189.5 0.00e+00 0.0 0.0e+00 0.0e+00 0.0e+00  0  0  0  0  0   0  0  0  0  0     0
VecNormalize          54 1.0 1.0891e-01 1.2 2.67e+07 1.1 0.0e+00 0.0e+00 5.4e+01  0  1  0  0 27   0  1  0  0 30 19088
SFSetGraph             1 1.0 9.1400e-06 3.3 0.00e+00 0.0 0.0e+00 0.0e+00 0.0e+00  0  0  0  0  0   0  0  0  0  0     0
SFSetUp                1 1.0 2.8670e-0250.4 0.00e+00 0.0 8.1e+02 2.7e+03 1.0e+00  0  0  3  1  0   0  0  3  1  1     0
SFPack                48 1.0 3.2233e-03 3.0 0.00e+00 0.0 0.0e+00 0.0e+00 0.0e+00  0  0  0  0  0   0  0  0  0  0     0
SFUnpack              48 1.0 5.0310e-05 6.3 0.00e+00 0.0 0.0e+00 0.0e+00 0.0e+00  0  0  0  0  0   0  0  0  0  0     0
------------------------------------------------------------------------------------------------------------------------

Memory usage is given in bytes:

Object Type          Creations   Destructions     Memory  Descendants' Mem.
Reports information only for process 0.

--- Event Stage 0: Main Stage

              Matrix    10             10    288694988     0.
       Krylov Solver     1              1        18856     0.
      Preconditioner     1              1         1496     0.
              Viewer     2              1          848     0.
              Vector    42             42     34893616     0.
           Index Set     8              8      4177144     0.
   Star Forest Graph     3              3         3384     0.
    Distributed Mesh     1              1         5048     0.
     Discrete System     1              1          904     0.
           Weak Form     1              1          824     0.
========================================================================================================================
Average time to get PetscTime(): 3.21e-08
Average time for MPI_Barrier(): 5.03206e-05
Average time for zero size MPI_Send(): 1.25668e-06
#PETSc Option Table entries:
-ksp_max_it 200
-ksp_monitor
-ksp_pc_side right
-ksp_type gmres
-log_view
-m 800
-n 800
-nw
-pc_type hypre
#End of PETSc Option Table entries
Compiled without FORTRAN kernels
Compiled with full precision matrices (default)
sizeof(short) 2 sizeof(int) 4 sizeof(long) 8 sizeof(void*) 8 sizeof(PetscScalar) 8 sizeof(PetscInt) 4
Configure options: --prefix=/home/a/asarkar/sudhipv/software/FreeFem-sources/install/ff-petsc/r MAKEFLAGS= --with-debugging=0 COPTFLAGS="-O3 -mtune=native" CXXOPTFLAGS="-O3 -mtune=native" FOPTFLAGS="-O3 -mtune=native" --with-cxx-dialect=C++11 --with-ssl=0 --with-x=0 --with-fortran-bindings=0 --with-cudac=0 --with-cc=/cvmfs/soft.computecanada.ca/easybuild/software/2020/avx512/Compiler/intel2020/openmpi/4.0.3/bin/mpicc --with-cxx=/cvmfs/soft.computecanada.ca/easybuild/software/2020/avx512/Compiler/intel2020/openmpi/4.0.3/bin/mpic++ --with-fc=/cvmfs/soft.computecanada.ca/easybuild/software/2020/avx512/Compiler/intel2020/openmpi/4.0.3/bin/mpif90 --with-scalar-type=real --with-blaslapack-include=/cvmfs/soft.computecanada.ca/easybuild/software/2020/Core/imkl/2020.1.217/mkl/include --with-blaslapack-lib="-Wl,-rpath,/cvmfs/soft.computecanada.ca/easybuild/software/2020/Core/imkl/2020.1.217/mkl/lib/intel64 -L/cvmfs/soft.computecanada.ca/easybuild/software/2020/Core/imkl/2020.1.217/mkl/lib/intel64 -lmkl_rt -lmkl_intel_thread -lmkl_core  -liomp5 -lpthread" --download-metis --download-ptscotch --download-hypre --download-parmetis --download-mmg --download-parmmg --download-superlu --download-suitesparse --download-tetgen --download-slepc --download-hpddm --download-scalapack --download-mumps --download-slepc-configure-arguments=--download-arpack=https://github.com/prj-/arpack-ng/archive/b64dccb.tar.gz PETSC_ARCH=fr
-----------------------------------------
Libraries compiled on 2021-05-02 15:39:49 on nia-login03.scinet.local 
Machine characteristics: Linux-3.10.0-957.27.2.el7.x86_64-x86_64-with-centos-7.6.1810-Core
Using PETSc directory: /home/a/asarkar/sudhipv/software/FreeFem-sources/install/ff-petsc/r
Using PETSc arch: 
-----------------------------------------

Using C compiler: /cvmfs/soft.computecanada.ca/easybuild/software/2020/avx512/Compiler/intel2020/openmpi/4.0.3/bin/mpicc  -fPIC -wd1572 -O3 -mtune=native   
Using Fortran compiler: /cvmfs/soft.computecanada.ca/easybuild/software/2020/avx512/Compiler/intel2020/openmpi/4.0.3/bin/mpif90  -fPIC -O3 -mtune=native     
-----------------------------------------

Using include paths: -I/home/a/asarkar/sudhipv/software/FreeFem-sources/install/ff-petsc/r/include -I/cvmfs/soft.computecanada.ca/easybuild/software/2020/Core/imkl/2020.1.217/mkl/include
-----------------------------------------

Using C linker: /cvmfs/soft.computecanada.ca/easybuild/software/2020/avx512/Compiler/intel2020/openmpi/4.0.3/bin/mpicc
Using Fortran linker: /cvmfs/soft.computecanada.ca/easybuild/software/2020/avx512/Compiler/intel2020/openmpi/4.0.3/bin/mpif90
Using libraries: -Wl,-rpath,/home/a/asarkar/sudhipv/software/FreeFem-sources/install/ff-petsc/r/lib -L/home/a/asarkar/sudhipv/software/FreeFem-sources/install/ff-petsc/r/lib -lpetsc -Wl,-rpath,/home/a/asarkar/sudhipv/software/FreeFem-sources/install/ff-petsc/r/lib -L/home/a/asarkar/sudhipv/software/FreeFem-sources/install/ff-petsc/r/lib -Wl,-rpath,/cvmfs/soft.computecanada.ca/easybuild/software/2020/Core/imkl/2020.1.217/mkl/lib/intel64 -L/cvmfs/soft.computecanada.ca/easybuild/software/2020/Core/imkl/2020.1.217/mkl/lib/intel64 -Wl,-rpath,/cvmfs/soft.computecanada.ca/easybuild/software/2020/avx512/Compiler/intel2020/openmpi/4.0.3/lib -L/cvmfs/soft.computecanada.ca/easybuild/software/2020/avx512/Compiler/intel2020/openmpi/4.0.3/lib -Wl,-rpath,/cvmfs/soft.computecanada.ca/easybuild/software/2020/avx512/Core/libfabric/1.10.1/lib -L/cvmfs/soft.computecanada.ca/easybuild/software/2020/avx512/Core/libfabric/1.10.1/lib -Wl,-rpath,/cvmfs/soft.computecanada.ca/easybuild/software/2020/avx512/Core/ucx/1.8.0/lib -L/cvmfs/soft.computecanada.ca/easybuild/software/2020/avx512/Core/ucx/1.8.0/lib -Wl,-rpath,/cvmfs/soft.computecanada.ca/easybuild/software/2020/Core/imkl/2020.1.217/lib/intel64 -L/cvmfs/soft.computecanada.ca/easybuild/software/2020/Core/imkl/2020.1.217/lib/intel64 -Wl,-rpath,/cvmfs/restricted.computecanada.ca/easybuild/software/2020/Core/intel/2020.1.217/compilers_and_libraries_2020.1.217/linux/tbb/lib/intel64/gcc4.8 -L/cvmfs/restricted.computecanada.ca/easybuild/software/2020/Core/intel/2020.1.217/compilers_and_libraries_2020.1.217/linux/tbb/lib/intel64/gcc4.8 -Wl,-rpath,/cvmfs/restricted.computecanada.ca/easybuild/software/2020/Core/intel/2020.1.217/compilers_and_libraries_2020.1.217/linux/compiler/lib/intel64_lin -L/cvmfs/restricted.computecanada.ca/easybuild/software/2020/Core/intel/2020.1.217/compilers_and_libraries_2020.1.217/linux/compiler/lib/intel64_lin -Wl,-rpath,/cvmfs/soft.computecanada.ca/easybuild/software/2020/avx512/Compiler/intel2020/openmpi/4.0.3/lib64 -L/cvmfs/soft.computecanada.ca/easybuild/software/2020/avx512/Compiler/intel2020/openmpi/4.0.3/lib64 -Wl,-rpath,/cvmfs/soft.computecanada.ca/easybuild/software/2020/Core/gcccore/9.3.0/lib/gcc/x86_64-pc-linux-gnu/9.3.0 -L/cvmfs/soft.computecanada.ca/easybuild/software/2020/Core/gcccore/9.3.0/lib/gcc/x86_64-pc-linux-gnu/9.3.0 -Wl,-rpath,/cvmfs/soft.computecanada.ca/easybuild/software/2020/Core/gcccore/9.3.0/lib64 -L/cvmfs/soft.computecanada.ca/easybuild/software/2020/Core/gcccore/9.3.0/lib64 -Wl,-rpath,/cvmfs/soft.computecanada.ca/gentoo/2020/lib64 -L/cvmfs/soft.computecanada.ca/gentoo/2020/lib64 -Wl,-rpath,/cvmfs/soft.computecanada.ca/gentoo/2020/usr/lib64 -L/cvmfs/soft.computecanada.ca/gentoo/2020/usr/lib64 -Wl,-rpath,/cvmfs/soft.computecanada.ca/easybuild/software/2020/Core/gcccore/9.3.0/lib -L/cvmfs/soft.computecanada.ca/easybuild/software/2020/Core/gcccore/9.3.0/lib -Wl,-rpath,/cvmfs/soft.computecanada.ca/gentoo/2020/lib -L/cvmfs/soft.computecanada.ca/gentoo/2020/lib -Wl,-rpath,/cvmfs/soft.computecanada.ca/gentoo/2020/usr/lib -L/cvmfs/soft.computecanada.ca/gentoo/2020/usr/lib -lHYPRE -lcmumps -ldmumps -lsmumps -lzmumps -lmumps_common -lpord -lscalapack -lumfpack -lklu -lcholmod -lbtf -lccolamd -lcolamd -lcamd -lamd -lsuitesparseconfig -lsuperlu -lmkl_rt -lmkl_intel_thread -lmkl_core -liomp5 -lpthread -lparmmg -lmmg -lmmg3d -lptesmumps -lptscotchparmetis -lptscotch -lptscotcherr -lesmumps -lscotch -lscotcherr -lpthread -lparmetis -lmetis -ltet -lstdc++ -ldl -lmpi_usempif08 -lmpi_usempi_ignore_tkr -lmpi_mpifh -lmpi -lifport -lifcoremt_pic -limf -lsvml -lm -lipgo -lirc -lpthread -lgcc_s -lirc_s -lrt -lquadmath -lstdc++ -ldl
-----------------------------------------


scontrol show jobid 8557112
JobId=8557112 JobName=NL_AMG_strong
   UserId=sudhipv(3061414) GroupId=asarkar(6001189) MCS_label=N/A
   Priority=902739 Nice=0 Account=def-asarkar QOS=normal
   JobState=COMPLETED Reason=None Dependency=(null)
   Requeue=0 Restarts=0 BatchFlag=1 Reboot=0 ExitCode=0:0
   RunTime=01:49:43 TimeLimit=02:00:00 TimeMin=N/A
   SubmitTime=2022-12-09T16:24:30 EligibleTime=2022-12-09T16:24:30
   AccrueTime=2022-12-09T16:24:30
   StartTime=2022-12-10T06:56:13 EndTime=2022-12-10T08:45:56 Deadline=N/A
   SuspendTime=None SecsPreSuspend=0 LastSchedEval=2022-12-10T06:56:13 Scheduler=Backfill
   Partition=compute AllocNode:Sid=nia-login06:126804
   ReqNodeList=(null) ExcNodeList=(null)
   NodeList=nia[0098,0171,0269,0441]
   BatchHost=nia0098
   NumNodes=4 NumCPUs=320 NumTasks=160 CPUs/Task=1 ReqB:S:C:T=0:0:*:*
   TRES=cpu=320,mem=700000M,node=4,billing=160
   Socks/Node=* NtasksPerN:B:S:C=40:0:*:* CoreSpec=*
   MinCPUsNode=40 MinMemoryNode=175000M MinTmpDiskNode=0
   Features=[skylake|cascade] DelayBoot=00:00:00
   OverSubscribe=NO Contiguous=0 Licenses=(null) Network=(null)
   Command=/gpfs/fs0/scratch/a/asarkar/sudhipv/poisson_hpc/stochastic/process_NL/AMG/runff_niagara.sh
   WorkDir=/gpfs/fs0/scratch/a/asarkar/sudhipv/poisson_hpc/stochastic/process_NL/AMG
   Comment=/opt/slurm/bin/sbatch --export=NONE runff_niagara.sh 
   StdErr=/gpfs/fs0/scratch/a/asarkar/sudhipv/poisson_hpc/stochastic/process_NL/AMG/NL_AMG_strong-8557112.out
   StdIn=/dev/null
   StdOut=/gpfs/fs0/scratch/a/asarkar/sudhipv/poisson_hpc/stochastic/process_NL/AMG/NL_AMG_strong-8557112.out
   Power=
   MailUser=sudhipv@cmail.carleton.ca MailType=INVALID_DEPEND,BEGIN,END,FAIL,REQUEUE,STAGE_OUT
   

sacct -j 8557112
JobID           JobName    Account    Elapsed  MaxVMSize     MaxRSS  SystemCPU    UserCPU ExitCode 
------------ ---------- ---------- ---------- ---------- ---------- ---------- ---------- -------- 
8557112      NL_AMG_st+ def-asark+   01:49:43                        29:46.776 8-02:09:19      0:0 
8557112.bat+      batch def-asark+   01:49:43  99038880K  72311552K  11:21.137 3-00:26:09      0:0 
8557112.ext+     extern def-asark+   01:49:44    142384K      1124K  00:00.002  00:00.001      0:0 
8557112.0         orted def-asark+   00:37:20  65699324K  40273316K  10:49.990 3-01:55:27      0:0 
8557112.1         orted def-asark+   01:12:05  97135780K  71320792K  07:35.645 1-23:47:42      0:0 
