/cvmfs/soft.computecanada.ca/easybuild/software/2020/avx512/Compiler/intel2020/openmpi/4.0.3/bin/mpiexec
/cvmfs/soft.computecanada.ca/easybuild/software/2020/avx512/Compiler/intel2020/openmpi/4.0.3/bin/mpirun
Number of Vertices for coarse mesh in process  0  8003241
    Linear mg_coarse_ solve converged due to CONVERGED_RTOL iterations 5
    Linear mg_coarse_ solve converged due to CONVERGED_RTOL iterations 5
    Linear mg_coarse_ solve converged due to CONVERGED_RTOL iterations 5
    Linear mg_coarse_ solve converged due to CONVERGED_RTOL iterations 5
    Linear mg_coarse_ solve converged due to CONVERGED_RTOL iterations 5
    Linear mg_coarse_ solve converged due to CONVERGED_RTOL iterations 5
    Linear mg_coarse_ solve converged due to CONVERGED_RTOL iterations 5
    Linear mg_coarse_ solve converged due to CONVERGED_RTOL iterations 5
    Linear mg_coarse_ solve converged due to CONVERGED_RTOL iterations 5
Linear solve converged due to CONVERGED_RTOL iterations 9
##################### time taken for solve is ############################60.1065
    Linear mg_coarse_ solve converged due to CONVERGED_RTOL iterations 5
    Linear mg_coarse_ solve converged due to CONVERGED_RTOL iterations 5
    Linear mg_coarse_ solve converged due to CONVERGED_RTOL iterations 5
    Linear mg_coarse_ solve converged due to CONVERGED_RTOL iterations 5
    Linear mg_coarse_ solve converged due to CONVERGED_RTOL iterations 5
    Linear mg_coarse_ solve converged due to CONVERGED_RTOL iterations 5
    Linear mg_coarse_ solve converged due to CONVERGED_RTOL iterations 5
    Linear mg_coarse_ solve converged due to CONVERGED_RTOL iterations 5
    Linear mg_coarse_ solve converged due to CONVERGED_RTOL iterations 5
    Linear mg_coarse_ solve converged due to CONVERGED_RTOL iterations 5
    Linear mg_coarse_ solve converged due to CONVERGED_RTOL iterations 5
Linear solve converged due to CONVERGED_RTOL iterations 11
iteration 0     0.100295
time for 1 Picard Iteration 77.0165
    Linear mg_coarse_ solve converged due to CONVERGED_RTOL iterations 5
    Linear mg_coarse_ solve converged due to CONVERGED_RTOL iterations 5
    Linear mg_coarse_ solve converged due to CONVERGED_RTOL iterations 5
    Linear mg_coarse_ solve converged due to CONVERGED_RTOL iterations 5
    Linear mg_coarse_ solve converged due to CONVERGED_RTOL iterations 5
    Linear mg_coarse_ solve converged due to CONVERGED_RTOL iterations 5
    Linear mg_coarse_ solve converged due to CONVERGED_RTOL iterations 5
    Linear mg_coarse_ solve converged due to CONVERGED_RTOL iterations 5
    Linear mg_coarse_ solve converged due to CONVERGED_RTOL iterations 5
    Linear mg_coarse_ solve converged due to CONVERGED_RTOL iterations 5
    Linear mg_coarse_ solve converged due to CONVERGED_RTOL iterations 5
Linear solve converged due to CONVERGED_RTOL iterations 11
iteration 1     0.00480169
time for 1 Picard Iteration 77.6388
    Linear mg_coarse_ solve converged due to CONVERGED_RTOL iterations 6
    Linear mg_coarse_ solve converged due to CONVERGED_RTOL iterations 5
    Linear mg_coarse_ solve converged due to CONVERGED_RTOL iterations 5
    Linear mg_coarse_ solve converged due to CONVERGED_RTOL iterations 5
    Linear mg_coarse_ solve converged due to CONVERGED_RTOL iterations 5
    Linear mg_coarse_ solve converged due to CONVERGED_RTOL iterations 5
    Linear mg_coarse_ solve converged due to CONVERGED_RTOL iterations 5
    Linear mg_coarse_ solve converged due to CONVERGED_RTOL iterations 5
    Linear mg_coarse_ solve converged due to CONVERGED_RTOL iterations 5
    Linear mg_coarse_ solve converged due to CONVERGED_RTOL iterations 5
    Linear mg_coarse_ solve converged due to CONVERGED_RTOL iterations 5
Linear solve converged due to CONVERGED_RTOL iterations 11
iteration 2     0.000833624
time for 1 Picard Iteration 77.8681
    Linear mg_coarse_ solve converged due to CONVERGED_RTOL iterations 6
    Linear mg_coarse_ solve converged due to CONVERGED_RTOL iterations 5
    Linear mg_coarse_ solve converged due to CONVERGED_RTOL iterations 5
    Linear mg_coarse_ solve converged due to CONVERGED_RTOL iterations 5
    Linear mg_coarse_ solve converged due to CONVERGED_RTOL iterations 5
    Linear mg_coarse_ solve converged due to CONVERGED_RTOL iterations 5
    Linear mg_coarse_ solve converged due to CONVERGED_RTOL iterations 5
    Linear mg_coarse_ solve converged due to CONVERGED_RTOL iterations 5
    Linear mg_coarse_ solve converged due to CONVERGED_RTOL iterations 5
    Linear mg_coarse_ solve converged due to CONVERGED_RTOL iterations 5
    Linear mg_coarse_ solve converged due to CONVERGED_RTOL iterations 5
Linear solve converged due to CONVERGED_RTOL iterations 11
iteration 3     6.47199e-05
time for 1 Picard Iteration 77.6826
    Linear mg_coarse_ solve converged due to CONVERGED_RTOL iterations 6
    Linear mg_coarse_ solve converged due to CONVERGED_RTOL iterations 5
    Linear mg_coarse_ solve converged due to CONVERGED_RTOL iterations 5
    Linear mg_coarse_ solve converged due to CONVERGED_RTOL iterations 5
    Linear mg_coarse_ solve converged due to CONVERGED_RTOL iterations 5
    Linear mg_coarse_ solve converged due to CONVERGED_RTOL iterations 5
    Linear mg_coarse_ solve converged due to CONVERGED_RTOL iterations 5
    Linear mg_coarse_ solve converged due to CONVERGED_RTOL iterations 5
    Linear mg_coarse_ solve converged due to CONVERGED_RTOL iterations 5
    Linear mg_coarse_ solve converged due to CONVERGED_RTOL iterations 5
    Linear mg_coarse_ solve converged due to CONVERGED_RTOL iterations 5
Linear solve converged due to CONVERGED_RTOL iterations 11
iteration 4     8.8233e-06
time for 1 Picard Iteration 77.6273
    Linear mg_coarse_ solve converged due to CONVERGED_RTOL iterations 6
    Linear mg_coarse_ solve converged due to CONVERGED_RTOL iterations 5
    Linear mg_coarse_ solve converged due to CONVERGED_RTOL iterations 5
    Linear mg_coarse_ solve converged due to CONVERGED_RTOL iterations 5
    Linear mg_coarse_ solve converged due to CONVERGED_RTOL iterations 5
    Linear mg_coarse_ solve converged due to CONVERGED_RTOL iterations 5
    Linear mg_coarse_ solve converged due to CONVERGED_RTOL iterations 5
    Linear mg_coarse_ solve converged due to CONVERGED_RTOL iterations 5
    Linear mg_coarse_ solve converged due to CONVERGED_RTOL iterations 5
    Linear mg_coarse_ solve converged due to CONVERGED_RTOL iterations 5
    Linear mg_coarse_ solve converged due to CONVERGED_RTOL iterations 5
Linear solve converged due to CONVERGED_RTOL iterations 11
iteration 5     8.82982e-07
time for 1 Picard Iteration 77.5727
    Linear mg_coarse_ solve converged due to CONVERGED_RTOL iterations 6
    Linear mg_coarse_ solve converged due to CONVERGED_RTOL iterations 5
    Linear mg_coarse_ solve converged due to CONVERGED_RTOL iterations 5
    Linear mg_coarse_ solve converged due to CONVERGED_RTOL iterations 5
    Linear mg_coarse_ solve converged due to CONVERGED_RTOL iterations 5
    Linear mg_coarse_ solve converged due to CONVERGED_RTOL iterations 5
    Linear mg_coarse_ solve converged due to CONVERGED_RTOL iterations 5
    Linear mg_coarse_ solve converged due to CONVERGED_RTOL iterations 5
    Linear mg_coarse_ solve converged due to CONVERGED_RTOL iterations 5
    Linear mg_coarse_ solve converged due to CONVERGED_RTOL iterations 5
    Linear mg_coarse_ solve converged due to CONVERGED_RTOL iterations 5
Linear solve converged due to CONVERGED_RTOL iterations 11
iteration 6     9.38324e-08
time for 1 Picard Iteration 77.4829
    Linear mg_coarse_ solve converged due to CONVERGED_RTOL iterations 6
    Linear mg_coarse_ solve converged due to CONVERGED_RTOL iterations 5
    Linear mg_coarse_ solve converged due to CONVERGED_RTOL iterations 5
    Linear mg_coarse_ solve converged due to CONVERGED_RTOL iterations 5
    Linear mg_coarse_ solve converged due to CONVERGED_RTOL iterations 5
    Linear mg_coarse_ solve converged due to CONVERGED_RTOL iterations 5
    Linear mg_coarse_ solve converged due to CONVERGED_RTOL iterations 5
    Linear mg_coarse_ solve converged due to CONVERGED_RTOL iterations 5
    Linear mg_coarse_ solve converged due to CONVERGED_RTOL iterations 5
    Linear mg_coarse_ solve converged due to CONVERGED_RTOL iterations 5
    Linear mg_coarse_ solve converged due to CONVERGED_RTOL iterations 5
Linear solve converged due to CONVERGED_RTOL iterations 11
iteration 7     1.17872e-08
time for 1 Picard Iteration 77.469
    Linear mg_coarse_ solve converged due to CONVERGED_RTOL iterations 6
    Linear mg_coarse_ solve converged due to CONVERGED_RTOL iterations 5
    Linear mg_coarse_ solve converged due to CONVERGED_RTOL iterations 5
    Linear mg_coarse_ solve converged due to CONVERGED_RTOL iterations 5
    Linear mg_coarse_ solve converged due to CONVERGED_RTOL iterations 5
    Linear mg_coarse_ solve converged due to CONVERGED_RTOL iterations 5
    Linear mg_coarse_ solve converged due to CONVERGED_RTOL iterations 5
    Linear mg_coarse_ solve converged due to CONVERGED_RTOL iterations 5
    Linear mg_coarse_ solve converged due to CONVERGED_RTOL iterations 5
    Linear mg_coarse_ solve converged due to CONVERGED_RTOL iterations 5
    Linear mg_coarse_ solve converged due to CONVERGED_RTOL iterations 5
Linear solve converged due to CONVERGED_RTOL iterations 11
iteration 8     9.83944e-10
time for 1 Picard Iteration 77.6595
total time taken is758.311
relative error is5.94267e-09
************************************************************************************************************************
***             WIDEN YOUR WINDOW TO 120 CHARACTERS.  Use 'enscript -r -fCourier9' to print this document            ***
************************************************************************************************************************

---------------------------------------------- PETSc Performance Summary: ----------------------------------------------

/home/a/asarkar/sudhipv/software/FreeFem-sources/src/mpi/FreeFem++-mpi on a  named nia1613.scinet.local with 80 processors, by sudhipv Sun Oct 17 16:48:16 2021
Using Petsc Release Version 3.15.0, Mar 30, 2021 

                         Max       Max/Min     Avg       Total
Time (sec):           7.591e+02     1.000   7.591e+02
Objects:              2.200e+02     1.000   2.200e+02
Flop:                 1.857e+11     1.298   1.645e+11  1.316e+13
Flop/sec:             2.446e+08     1.298   2.167e+08  1.733e+10
MPI Messages:         1.385e+04     3.500   9.895e+03  7.916e+05
MPI Message Lengths:  6.025e+07     3.093   4.910e+03  3.887e+09
MPI Reductions:       1.816e+03     1.000

Flop counting convention: 1 flop = 1 real number operation of type (multiply/divide/add/subtract)
                            e.g., VecAXPY() for real vectors of length N --> 2N flop
                            and VecAXPY() for complex vectors of length N --> 8N flop

Summary of Stages:   ----- Time ------  ----- Flop ------  --- Messages ---  -- Message Lengths --  -- Reductions --
                        Avg     %Total     Avg     %Total    Count   %Total     Avg         %Total    Count   %Total
 0:      Main Stage: 7.5915e+02 100.0%  1.3158e+13 100.0%  7.916e+05 100.0%  4.910e+03      100.0%  1.798e+03  99.0%

------------------------------------------------------------------------------------------------------------------------
See the 'Profiling' chapter of the users' manual for details on interpreting output.
Phase summary info:
   Count: number of times phase was executed
   Time and Flop: Max - maximum over all processors
                  Ratio - ratio of maximum to minimum over all processors
   Mess: number of messages sent
   AvgLen: average message length (bytes)
   Reduct: number of global reductions
   Global: entire computation
   Stage: stages of a computation. Set stages with PetscLogStagePush() and PetscLogStagePop().
      %T - percent time in this phase         %F - percent flop in this phase
      %M - percent messages in this phase     %L - percent message lengths in this phase
      %R - percent reductions in this phase
   Total Mflop/s: 10e-6 * (sum of flop over all processors)/(max time over all processors)
------------------------------------------------------------------------------------------------------------------------
Event                Count      Time (sec)     Flop                              --- Global ---  --- Stage ----  Total
                   Max Ratio  Max     Ratio   Max  Ratio  Mess   AvgLen  Reduct  %T %F %M %L %R  %T %F %M %L %R Mflop/s
------------------------------------------------------------------------------------------------------------------------

--- Event Stage 0: Main Stage

BuildTwoSided         25 1.0 2.4925e+0111.4 0.00e+00 0.0 1.2e+03 4.0e+00 2.3e+01  2  0  0  0  1   2  0  0  0  1     0
BuildTwoSidedF        20 1.0 2.3163e+01146.0 0.00e+00 0.0 0.0e+00 0.0e+00 2.0e+01  2  0  0  0  1   2  0  0  0  1     0
MatMult             1295 1.0 1.0031e+01 1.3 4.06e+09 1.0 5.2e+05 3.5e+03 2.0e+00  1  2 66 46  0   1  2 66 46  0 32207
MatMultAdd           108 1.0 1.8986e+00 1.3 8.68e+07 1.0 4.3e+04 6.3e+03 0.0e+00  0  0  5  7  0   0  0  5  7  0  3641
MatMultTranspose     108 1.0 2.0471e+00 1.8 0.00e+00 0.0 4.3e+04 2.1e+04 0.0e+00  0  0  5 24  0   0  0  5 24  0     0
MatSolve             542 1.0 5.6917e+01 1.1 4.47e+10 1.1 0.0e+00 0.0e+00 0.0e+00  7 26  0  0  0   7 26  0  0  0 60882
MatLUFactorSym         1 1.0 7.5548e-01 1.2 0.00e+00 0.0 0.0e+00 0.0e+00 0.0e+00  0  0  0  0  0   0  0  0  0  0     0
MatLUFactorNum        10 1.0 1.1430e+02 1.4 1.33e+11 1.4 0.0e+00 0.0e+00 0.0e+00 13 69  0  0  0  13 69  0  0  0 79023
MatConvert            10 1.0 2.2530e-01 1.3 0.00e+00 0.0 0.0e+00 0.0e+00 4.0e+01  0  0  0  0  2   0  0  0  0  2     0
MatResidual          108 1.0 1.4753e+00 1.7 6.07e+08 1.0 4.3e+04 4.3e+03 0.0e+00  0  0  5  5  0   0  0  5  5  0 32791
MatAssemblyBegin      42 1.0 2.3166e+01143.5 0.00e+00 0.0 0.0e+00 0.0e+00 2.0e+01  2  0  0  0  1   2  0  0  0  1     0
MatAssemblyEnd        42 1.0 8.7995e-01 5.6 0.00e+00 0.0 0.0e+00 0.0e+00 4.8e+01  0  0  0  0  3   0  0  0  0  3     0
MatGetRowIJ           21 1.0 2.0282e-02 1.2 0.00e+00 0.0 0.0e+00 0.0e+00 0.0e+00  0  0  0  0  0   0  0  0  0  0     0
MatCreateSubMats      10 1.0 7.0640e-01 1.1 0.00e+00 0.0 5.6e+03 2.3e+04 1.0e+00  0  0  1  3  0   0  0  1  3  0     0
MatGetOrdering         1 1.0 2.9189e-01 1.3 0.00e+00 0.0 0.0e+00 0.0e+00 0.0e+00  0  0  0  0  0   0  0  0  0  0     0
MatIncreaseOvrlp       1 1.0 5.1365e-02 1.3 0.00e+00 0.0 0.0e+00 0.0e+00 1.0e+00  0  0  0  0  0   0  0  0  0  0     0
MatZeroEntries        18 1.0 6.1061e-02 1.5 0.00e+00 0.0 0.0e+00 0.0e+00 0.0e+00  0  0  0  0  0   0  0  0  0  0     0
VecMDot              755 1.0 4.0054e+00 3.2 1.29e+09 1.0 0.0e+00 0.0e+00 7.6e+02  0  1  0  0 42   0  1  0  0 42 25641
VecNorm              883 1.0 3.1053e+0140.5 3.15e+08 1.0 0.0e+00 0.0e+00 8.8e+02  2  0  0  0 49   2  0  0  0 49   808
VecScale            1099 1.0 1.8456e-01 1.1 1.58e+08 1.0 0.0e+00 0.0e+00 0.0e+00  0  0  0  0  0   0  0  0  0  0 67939
VecCopy              452 1.0 4.9918e-01 1.1 0.00e+00 0.0 0.0e+00 0.0e+00 0.0e+00  0  0  0  0  0   0  0  0  0  0     0
VecSet              2759 1.0 1.5990e+00 1.1 0.00e+00 0.0 0.0e+00 0.0e+00 0.0e+00  0  0  0  0  0   0  0  0  0  0     0
VecAXPY              236 1.0 2.4348e-01 1.4 1.25e+08 1.0 0.0e+00 0.0e+00 0.0e+00  0  0  0  0  0   0  0  0  0  0 40748
VecAYPX              648 1.0 9.0777e-01 1.5 3.47e+08 1.0 0.0e+00 0.0e+00 0.0e+00  0  0  0  0  0   0  0  0  0  0 30459
VecAXPBYCZ           216 1.0 4.8403e-01 1.2 4.34e+08 1.0 0.0e+00 0.0e+00 0.0e+00  0  0  0  0  0   0  0  0  0  0 71404
VecMAXPY             883 1.0 1.8190e+00 1.0 1.57e+09 1.0 0.0e+00 0.0e+00 0.0e+00  0  1  0  0  0   0  1  0  0  0 68593
VecScatterBegin     3355 1.0 6.1595e+00 2.2 0.00e+00 0.0 6.9e+05 3.6e+03 3.0e+00  1  0 88 63  0   1  0 88 63  0     0
VecScatterEnd       3355 1.0 2.7398e+0019.3 0.00e+00 0.0 0.0e+00 0.0e+00 0.0e+00  0  0  0  0  0   0  0  0  0  0     0
VecNormalize         765 1.0 3.1023e+0141.8 3.31e+08 1.0 0.0e+00 0.0e+00 7.6e+02  2  0  0  0 42   2  0  0  0 43   847
SFSetGraph             5 1.0 9.6941e-04 1.4 0.00e+00 0.0 0.0e+00 0.0e+00 0.0e+00  0  0  0  0  0   0  0  0  0  0     0
SFSetUp                5 1.0 3.4907e+0094.6 0.00e+00 0.0 2.4e+03 8.8e+02 3.0e+00  0  0  0  0  0   0  0  0  0  0     0
SFReduceBegin        542 1.0 8.1866e-01 1.3 0.00e+00 0.0 0.0e+00 0.0e+00 0.0e+00  0  0  0  0  0   0  0  0  0  0     0
SFReduceEnd          542 1.0 1.1384e-03 1.6 0.00e+00 0.0 0.0e+00 0.0e+00 0.0e+00  0  0  0  0  0   0  0  0  0  0     0
SFPack              3355 1.0 5.6884e-02 3.3 0.00e+00 0.0 0.0e+00 0.0e+00 0.0e+00  0  0  0  0  0   0  0  0  0  0     0
SFUnpack            3355 1.0 9.7466e-03 8.2 0.00e+00 0.0 0.0e+00 0.0e+00 0.0e+00  0  0  0  0  0   0  0  0  0  0     0
KSPSetUp              22 1.0 1.3110e+02 1.0 1.44e+11 1.4 9.1e+04 5.4e+03 2.2e+02 17 75 12 13 12  17 75 12 13 12 75254
KSPSolve              10 1.0 9.3154e+01 1.0 4.23e+10 1.1 6.9e+05 4.7e+03 1.5e+03 12 25 88 85 81  12 25 88 85 81 35346
KSPGMRESOrthog       755 1.0 5.4608e+00 2.0 2.58e+09 1.0 0.0e+00 0.0e+00 7.6e+02  1  2  0  0 42   1  2  0  0 42 37615
PCSetUp               18 1.0 1.3387e+02 1.0 1.44e+11 1.4 9.1e+04 5.4e+03 2.7e+02 18 75 12 13 15  18 75 12 13 15 73697
PCSetUpOnBlocks      226 1.0 1.2444e+01 1.4 1.33e+10 1.4 0.0e+00 0.0e+00 0.0e+00  1  7  0  0  0   1  7  0  0  0 72589
PCApply              108 1.0 9.0856e+01 1.0 4.05e+10 1.1 6.5e+05 4.8e+03 1.2e+03 12 24 82 80 68  12 24 82 80 69 34638
PCApplyOnBlocks      542 1.0 1.6019e+02 1.3 1.64e+11 1.3 0.0e+00 0.0e+00 0.0e+00 19 88  0  0  0  19 88  0  0  0 72382
------------------------------------------------------------------------------------------------------------------------

Memory usage is given in bytes:

Object Type          Creations   Destructions     Memory  Descendants' Mem.
Reports information only for process 0.

--- Event Stage 0: Main Stage

              Matrix    22             22    664616492     0.
              Vector   147            147    343900224     0.
           Index Set    17             17     13731792     0.
   IS L to G Mapping     1              1      4816112     0.
   Star Forest Graph    11             11        12600     0.
       Krylov Solver     5              5        72264     0.
      Preconditioner     6              6         6864     0.
    Distributed Mesh     3              3        15144     0.
     Discrete System     3              3         2712     0.
           Weak Form     3              3         2472     0.
              Viewer     2              1          848     0.
========================================================================================================================
Average time to get PetscTime(): 2.9e-08
Average time for MPI_Barrier(): 4.69538e-05
Average time for zero size MPI_Send(): 1.27295e-06
#PETSc Option Table entries:
-beta 1
-ksp_converged_reason
-ksp_pc_side right
-ksp_rtol 1e-8
-ksp_type fgmres
-log_view
-m 2828
-mg_coarse_ksp_converged_reason
-mg_coarse_ksp_type gmres
-mg_coarse_pc_type hypre
-mg_levels_pc_type asm
-mg_levels_sub_pc_type lu
-n 2828
-nw
-pc_mg_type multiplicative
-pc_type mg
#End of PETSc Option Table entries
Compiled without FORTRAN kernels
Compiled with full precision matrices (default)
sizeof(short) 2 sizeof(int) 4 sizeof(long) 8 sizeof(void*) 8 sizeof(PetscScalar) 8 sizeof(PetscInt) 4
Configure options: --prefix=/home/a/asarkar/sudhipv/software/FreeFem-sources/install/ff-petsc/r MAKEFLAGS= --with-debugging=0 COPTFLAGS="-O3 -mtune=native" CXXOPTFLAGS="-O3 -mtune=native" FOPTFLAGS="-O3 -mtune=native" --with-cxx-dialect=C++11 --with-ssl=0 --with-x=0 --with-fortran-bindings=0 --with-cudac=0 --with-cc=/cvmfs/soft.computecanada.ca/easybuild/software/2020/avx512/Compiler/intel2020/openmpi/4.0.3/bin/mpicc --with-cxx=/cvmfs/soft.computecanada.ca/easybuild/software/2020/avx512/Compiler/intel2020/openmpi/4.0.3/bin/mpic++ --with-fc=/cvmfs/soft.computecanada.ca/easybuild/software/2020/avx512/Compiler/intel2020/openmpi/4.0.3/bin/mpif90 --with-scalar-type=real --with-blaslapack-include=/cvmfs/soft.computecanada.ca/easybuild/software/2020/Core/imkl/2020.1.217/mkl/include --with-blaslapack-lib="-Wl,-rpath,/cvmfs/soft.computecanada.ca/easybuild/software/2020/Core/imkl/2020.1.217/mkl/lib/intel64 -L/cvmfs/soft.computecanada.ca/easybuild/software/2020/Core/imkl/2020.1.217/mkl/lib/intel64 -lmkl_rt -lmkl_intel_thread -lmkl_core  -liomp5 -lpthread" --download-metis --download-ptscotch --download-hypre --download-parmetis --download-mmg --download-parmmg --download-superlu --download-suitesparse --download-tetgen --download-slepc --download-hpddm --download-scalapack --download-mumps --download-slepc-configure-arguments=--download-arpack=https://github.com/prj-/arpack-ng/archive/b64dccb.tar.gz PETSC_ARCH=fr
-----------------------------------------
Libraries compiled on 2021-05-02 15:39:49 on nia-login03.scinet.local 
Machine characteristics: Linux-3.10.0-957.27.2.el7.x86_64-x86_64-with-centos-7.6.1810-Core
Using PETSc directory: /home/a/asarkar/sudhipv/software/FreeFem-sources/install/ff-petsc/r
Using PETSc arch: 
-----------------------------------------

Using C compiler: /cvmfs/soft.computecanada.ca/easybuild/software/2020/avx512/Compiler/intel2020/openmpi/4.0.3/bin/mpicc  -fPIC -wd1572 -O3 -mtune=native   
Using Fortran compiler: /cvmfs/soft.computecanada.ca/easybuild/software/2020/avx512/Compiler/intel2020/openmpi/4.0.3/bin/mpif90  -fPIC -O3 -mtune=native     
-----------------------------------------

Using include paths: -I/home/a/asarkar/sudhipv/software/FreeFem-sources/install/ff-petsc/r/include -I/cvmfs/soft.computecanada.ca/easybuild/software/2020/Core/imkl/2020.1.217/mkl/include
-----------------------------------------

Using C linker: /cvmfs/soft.computecanada.ca/easybuild/software/2020/avx512/Compiler/intel2020/openmpi/4.0.3/bin/mpicc
Using Fortran linker: /cvmfs/soft.computecanada.ca/easybuild/software/2020/avx512/Compiler/intel2020/openmpi/4.0.3/bin/mpif90
Using libraries: -Wl,-rpath,/home/a/asarkar/sudhipv/software/FreeFem-sources/install/ff-petsc/r/lib -L/home/a/asarkar/sudhipv/software/FreeFem-sources/install/ff-petsc/r/lib -lpetsc -Wl,-rpath,/home/a/asarkar/sudhipv/software/FreeFem-sources/install/ff-petsc/r/lib -L/home/a/asarkar/sudhipv/software/FreeFem-sources/install/ff-petsc/r/lib -Wl,-rpath,/cvmfs/soft.computecanada.ca/easybuild/software/2020/Core/imkl/2020.1.217/mkl/lib/intel64 -L/cvmfs/soft.computecanada.ca/easybuild/software/2020/Core/imkl/2020.1.217/mkl/lib/intel64 -Wl,-rpath,/cvmfs/soft.computecanada.ca/easybuild/software/2020/avx512/Compiler/intel2020/openmpi/4.0.3/lib -L/cvmfs/soft.computecanada.ca/easybuild/software/2020/avx512/Compiler/intel2020/openmpi/4.0.3/lib -Wl,-rpath,/cvmfs/soft.computecanada.ca/easybuild/software/2020/avx512/Core/libfabric/1.10.1/lib -L/cvmfs/soft.computecanada.ca/easybuild/software/2020/avx512/Core/libfabric/1.10.1/lib -Wl,-rpath,/cvmfs/soft.computecanada.ca/easybuild/software/2020/avx512/Core/ucx/1.8.0/lib -L/cvmfs/soft.computecanada.ca/easybuild/software/2020/avx512/Core/ucx/1.8.0/lib -Wl,-rpath,/cvmfs/soft.computecanada.ca/easybuild/software/2020/Core/imkl/2020.1.217/lib/intel64 -L/cvmfs/soft.computecanada.ca/easybuild/software/2020/Core/imkl/2020.1.217/lib/intel64 -Wl,-rpath,/cvmfs/restricted.computecanada.ca/easybuild/software/2020/Core/intel/2020.1.217/compilers_and_libraries_2020.1.217/linux/tbb/lib/intel64/gcc4.8 -L/cvmfs/restricted.computecanada.ca/easybuild/software/2020/Core/intel/2020.1.217/compilers_and_libraries_2020.1.217/linux/tbb/lib/intel64/gcc4.8 -Wl,-rpath,/cvmfs/restricted.computecanada.ca/easybuild/software/2020/Core/intel/2020.1.217/compilers_and_libraries_2020.1.217/linux/compiler/lib/intel64_lin -L/cvmfs/restricted.computecanada.ca/easybuild/software/2020/Core/intel/2020.1.217/compilers_and_libraries_2020.1.217/linux/compiler/lib/intel64_lin -Wl,-rpath,/cvmfs/soft.computecanada.ca/easybuild/software/2020/avx512/Compiler/intel2020/openmpi/4.0.3/lib64 -L/cvmfs/soft.computecanada.ca/easybuild/software/2020/avx512/Compiler/intel2020/openmpi/4.0.3/lib64 -Wl,-rpath,/cvmfs/soft.computecanada.ca/easybuild/software/2020/Core/gcccore/9.3.0/lib/gcc/x86_64-pc-linux-gnu/9.3.0 -L/cvmfs/soft.computecanada.ca/easybuild/software/2020/Core/gcccore/9.3.0/lib/gcc/x86_64-pc-linux-gnu/9.3.0 -Wl,-rpath,/cvmfs/soft.computecanada.ca/easybuild/software/2020/Core/gcccore/9.3.0/lib64 -L/cvmfs/soft.computecanada.ca/easybuild/software/2020/Core/gcccore/9.3.0/lib64 -Wl,-rpath,/cvmfs/soft.computecanada.ca/gentoo/2020/lib64 -L/cvmfs/soft.computecanada.ca/gentoo/2020/lib64 -Wl,-rpath,/cvmfs/soft.computecanada.ca/gentoo/2020/usr/lib64 -L/cvmfs/soft.computecanada.ca/gentoo/2020/usr/lib64 -Wl,-rpath,/cvmfs/soft.computecanada.ca/easybuild/software/2020/Core/gcccore/9.3.0/lib -L/cvmfs/soft.computecanada.ca/easybuild/software/2020/Core/gcccore/9.3.0/lib -Wl,-rpath,/cvmfs/soft.computecanada.ca/gentoo/2020/lib -L/cvmfs/soft.computecanada.ca/gentoo/2020/lib -Wl,-rpath,/cvmfs/soft.computecanada.ca/gentoo/2020/usr/lib -L/cvmfs/soft.computecanada.ca/gentoo/2020/usr/lib -lHYPRE -lcmumps -ldmumps -lsmumps -lzmumps -lmumps_common -lpord -lscalapack -lumfpack -lklu -lcholmod -lbtf -lccolamd -lcolamd -lcamd -lamd -lsuitesparseconfig -lsuperlu -lmkl_rt -lmkl_intel_thread -lmkl_core -liomp5 -lpthread -lparmmg -lmmg -lmmg3d -lptesmumps -lptscotchparmetis -lptscotch -lptscotcherr -lesmumps -lscotch -lscotcherr -lpthread -lparmetis -lmetis -ltet -lstdc++ -ldl -lmpi_usempif08 -lmpi_usempi_ignore_tkr -lmpi_mpifh -lmpi -lifport -lifcoremt_pic -limf -lsvml -lm -lipgo -lirc -lpthread -lgcc_s -lirc_s -lrt -lquadmath -lstdc++ -ldl
-----------------------------------------

#############################################################################################################
#############################################################################################################
########     Finsihed Code with NL 80 Processors             #################################################
#############################################################################################################
#############################################################################################################
Number of Vertices for coarse mesh in process  0  8003241
    Linear mg_coarse_ solve converged due to CONVERGED_RTOL iterations 6
    Linear mg_coarse_ solve converged due to CONVERGED_RTOL iterations 5
    Linear mg_coarse_ solve converged due to CONVERGED_RTOL iterations 5
    Linear mg_coarse_ solve converged due to CONVERGED_RTOL iterations 5
    Linear mg_coarse_ solve converged due to CONVERGED_RTOL iterations 5
    Linear mg_coarse_ solve converged due to CONVERGED_RTOL iterations 5
    Linear mg_coarse_ solve converged due to CONVERGED_RTOL iterations 5
    Linear mg_coarse_ solve converged due to CONVERGED_RTOL iterations 5
    Linear mg_coarse_ solve converged due to CONVERGED_RTOL iterations 5
Linear solve converged due to CONVERGED_RTOL iterations 9
##################### time taken for solve is ############################40.7485
    Linear mg_coarse_ solve converged due to CONVERGED_RTOL iterations 6
    Linear mg_coarse_ solve converged due to CONVERGED_RTOL iterations 5
    Linear mg_coarse_ solve converged due to CONVERGED_RTOL iterations 5
    Linear mg_coarse_ solve converged due to CONVERGED_RTOL iterations 5
    Linear mg_coarse_ solve converged due to CONVERGED_RTOL iterations 5
    Linear mg_coarse_ solve converged due to CONVERGED_RTOL iterations 5
    Linear mg_coarse_ solve converged due to CONVERGED_RTOL iterations 5
    Linear mg_coarse_ solve converged due to CONVERGED_RTOL iterations 5
    Linear mg_coarse_ solve converged due to CONVERGED_RTOL iterations 5
    Linear mg_coarse_ solve converged due to CONVERGED_RTOL iterations 5
    Linear mg_coarse_ solve converged due to CONVERGED_RTOL iterations 5
Linear solve converged due to CONVERGED_RTOL iterations 11
iteration 0     0.100295
time for 1 Picard Iteration 37.185
    Linear mg_coarse_ solve converged due to CONVERGED_RTOL iterations 6
    Linear mg_coarse_ solve converged due to CONVERGED_RTOL iterations 5
    Linear mg_coarse_ solve converged due to CONVERGED_RTOL iterations 5
    Linear mg_coarse_ solve converged due to CONVERGED_RTOL iterations 5
    Linear mg_coarse_ solve converged due to CONVERGED_RTOL iterations 5
    Linear mg_coarse_ solve converged due to CONVERGED_RTOL iterations 5
    Linear mg_coarse_ solve converged due to CONVERGED_RTOL iterations 5
    Linear mg_coarse_ solve converged due to CONVERGED_RTOL iterations 5
    Linear mg_coarse_ solve converged due to CONVERGED_RTOL iterations 5
    Linear mg_coarse_ solve converged due to CONVERGED_RTOL iterations 5
    Linear mg_coarse_ solve converged due to CONVERGED_RTOL iterations 5
Linear solve converged due to CONVERGED_RTOL iterations 11
iteration 1     0.00480169
time for 1 Picard Iteration 37.2809
    Linear mg_coarse_ solve converged due to CONVERGED_RTOL iterations 6
    Linear mg_coarse_ solve converged due to CONVERGED_RTOL iterations 5
    Linear mg_coarse_ solve converged due to CONVERGED_RTOL iterations 5
    Linear mg_coarse_ solve converged due to CONVERGED_RTOL iterations 5
    Linear mg_coarse_ solve converged due to CONVERGED_RTOL iterations 5
    Linear mg_coarse_ solve converged due to CONVERGED_RTOL iterations 5
    Linear mg_coarse_ solve converged due to CONVERGED_RTOL iterations 5
    Linear mg_coarse_ solve converged due to CONVERGED_RTOL iterations 5
    Linear mg_coarse_ solve converged due to CONVERGED_RTOL iterations 5
    Linear mg_coarse_ solve converged due to CONVERGED_RTOL iterations 5
    Linear mg_coarse_ solve converged due to CONVERGED_RTOL iterations 5
Linear solve converged due to CONVERGED_RTOL iterations 11
iteration 2     0.000833624
time for 1 Picard Iteration 37.2773
    Linear mg_coarse_ solve converged due to CONVERGED_RTOL iterations 5
    Linear mg_coarse_ solve converged due to CONVERGED_RTOL iterations 5
    Linear mg_coarse_ solve converged due to CONVERGED_RTOL iterations 5
    Linear mg_coarse_ solve converged due to CONVERGED_RTOL iterations 5
    Linear mg_coarse_ solve converged due to CONVERGED_RTOL iterations 5
    Linear mg_coarse_ solve converged due to CONVERGED_RTOL iterations 5
    Linear mg_coarse_ solve converged due to CONVERGED_RTOL iterations 5
    Linear mg_coarse_ solve converged due to CONVERGED_RTOL iterations 5
    Linear mg_coarse_ solve converged due to CONVERGED_RTOL iterations 5
    Linear mg_coarse_ solve converged due to CONVERGED_RTOL iterations 5
    Linear mg_coarse_ solve converged due to CONVERGED_RTOL iterations 5
Linear solve converged due to CONVERGED_RTOL iterations 11
iteration 3     6.47202e-05
time for 1 Picard Iteration 37.339
    Linear mg_coarse_ solve converged due to CONVERGED_RTOL iterations 5
    Linear mg_coarse_ solve converged due to CONVERGED_RTOL iterations 5
    Linear mg_coarse_ solve converged due to CONVERGED_RTOL iterations 5
    Linear mg_coarse_ solve converged due to CONVERGED_RTOL iterations 5
    Linear mg_coarse_ solve converged due to CONVERGED_RTOL iterations 5
    Linear mg_coarse_ solve converged due to CONVERGED_RTOL iterations 5
    Linear mg_coarse_ solve converged due to CONVERGED_RTOL iterations 5
    Linear mg_coarse_ solve converged due to CONVERGED_RTOL iterations 5
    Linear mg_coarse_ solve converged due to CONVERGED_RTOL iterations 5
    Linear mg_coarse_ solve converged due to CONVERGED_RTOL iterations 5
    Linear mg_coarse_ solve converged due to CONVERGED_RTOL iterations 5
Linear solve converged due to CONVERGED_RTOL iterations 11
iteration 4     8.82332e-06
time for 1 Picard Iteration 37.4423
    Linear mg_coarse_ solve converged due to CONVERGED_RTOL iterations 5
    Linear mg_coarse_ solve converged due to CONVERGED_RTOL iterations 5
    Linear mg_coarse_ solve converged due to CONVERGED_RTOL iterations 5
    Linear mg_coarse_ solve converged due to CONVERGED_RTOL iterations 5
    Linear mg_coarse_ solve converged due to CONVERGED_RTOL iterations 5
    Linear mg_coarse_ solve converged due to CONVERGED_RTOL iterations 5
    Linear mg_coarse_ solve converged due to CONVERGED_RTOL iterations 5
    Linear mg_coarse_ solve converged due to CONVERGED_RTOL iterations 5
    Linear mg_coarse_ solve converged due to CONVERGED_RTOL iterations 5
    Linear mg_coarse_ solve converged due to CONVERGED_RTOL iterations 5
    Linear mg_coarse_ solve converged due to CONVERGED_RTOL iterations 5
Linear solve converged due to CONVERGED_RTOL iterations 11
iteration 5     8.82984e-07
time for 1 Picard Iteration 37.3903
    Linear mg_coarse_ solve converged due to CONVERGED_RTOL iterations 5
    Linear mg_coarse_ solve converged due to CONVERGED_RTOL iterations 5
    Linear mg_coarse_ solve converged due to CONVERGED_RTOL iterations 5
    Linear mg_coarse_ solve converged due to CONVERGED_RTOL iterations 5
    Linear mg_coarse_ solve converged due to CONVERGED_RTOL iterations 5
    Linear mg_coarse_ solve converged due to CONVERGED_RTOL iterations 5
    Linear mg_coarse_ solve converged due to CONVERGED_RTOL iterations 5
    Linear mg_coarse_ solve converged due to CONVERGED_RTOL iterations 5
    Linear mg_coarse_ solve converged due to CONVERGED_RTOL iterations 5
slurmstepd: error: *** JOB 6253744 ON nia1613 CANCELLED AT 2021-10-17T16:53:25 DUE TO TIME LIMIT ***

scontrol show jobid 6253744
JobId=6253744 JobName=strong_NL
   UserId=sudhipv(3061414) GroupId=asarkar(6001189) MCS_label=N/A
   Priority=2197628 Nice=0 Account=def-asarkar QOS=normal
   JobState=TIMEOUT Reason=TimeLimit Dependency=(null)
   Requeue=0 Restarts=0 BatchFlag=1 Reboot=0 ExitCode=0:15
   RunTime=00:18:14 TimeLimit=00:18:00 TimeMin=N/A
   SubmitTime=2021-10-17T16:14:12 EligibleTime=2021-10-17T16:14:12
   AccrueTime=2021-10-17T16:14:12
   StartTime=2021-10-17T16:35:10 EndTime=2021-10-17T16:53:24 Deadline=N/A
   SuspendTime=None SecsPreSuspend=0 LastSchedEval=2021-10-17T16:35:10
   Partition=compute AllocNode:Sid=nia-login03:1076
   ReqNodeList=(null) ExcNodeList=(null)
   NodeList=nia[1613,1616,1642,1646,1694,1697,1699,1733,1739,1751,1785,1828,1929,1967-1968]
   BatchHost=nia1613
   NumNodes=15 NumCPUs=1200 NumTasks=600 CPUs/Task=1 ReqB:S:C:T=0:0:*:*
   TRES=cpu=1200,mem=2625000M,node=15,billing=600
   Socks/Node=* NtasksPerN:B:S:C=40:0:*:* CoreSpec=*
   MinCPUsNode=40 MinMemoryNode=175000M MinTmpDiskNode=0
   Features=[skylake|cascade] DelayBoot=00:00:00
   OverSubscribe=NO Contiguous=0 Licenses=(null) Network=(null)
   Command=/gpfs/fs0/scratch/a/asarkar/sudhipv/poisson_hpc/strong_NL/runff_niagara_strong.sh
   WorkDir=/gpfs/fs0/scratch/a/asarkar/sudhipv/poisson_hpc/strong_NL
   StdErr=/gpfs/fs0/scratch/a/asarkar/sudhipv/poisson_hpc/strong_NL/strong_NL-6253744.out
   StdIn=/dev/null
   StdOut=/gpfs/fs0/scratch/a/asarkar/sudhipv/poisson_hpc/strong_NL/strong_NL-6253744.out
   Power=
   MailUser=sudhipv@cmail.carleton.ca MailType=BEGIN,END,FAIL,REQUEUE,STAGE_OUT

sacct -j 6253744
       JobID    JobName    Account    Elapsed  MaxVMSize     MaxRSS  SystemCPU    UserCPU ExitCode 
------------ ---------- ---------- ---------- ---------- ---------- ---------- ---------- -------- 
6253744       strong_NL def-asark+   00:18:14                         02:09:53 1-00:28:16      0:0 
6253744.bat+      batch def-asark+   00:18:17  95005772K  75441720K  38:54.015   07:46:09     0:15 
6253744.ext+     extern def-asark+   00:18:17    138360K      1076K   00:00:00  00:00.010      0:0 
6253744.0         orted def-asark+   00:12:50  93943180K  75877260K  40:39.424   07:44:22      0:0 
6253744.1         orted def-asark+   00:05:12  91831064K  73689192K  50:19.748   08:57:44      1:0 
