
The following have been reloaded with a version change:
  1) mii/1.1.1 => mii/1.1.2

/cvmfs/soft.computecanada.ca/easybuild/software/2020/avx512/Compiler/intel2020/openmpi/4.0.3/bin/mpiexec
/cvmfs/soft.computecanada.ca/easybuild/software/2020/avx512/Compiler/intel2020/openmpi/4.0.3/bin/mpirun
Number of Vertices for coarse mesh in process  0  10201
time taken before solve is5.94014
    Linear mg_coarse_ solve converged due to CONVERGED_RTOL iterations 38
    Linear mg_coarse_ solve converged due to CONVERGED_RTOL iterations 30
    Linear mg_coarse_ solve converged due to CONVERGED_RTOL iterations 30
    Linear mg_coarse_ solve converged due to CONVERGED_RTOL iterations 26
    Linear mg_coarse_ solve converged due to CONVERGED_RTOL iterations 34
    Linear mg_coarse_ solve converged due to CONVERGED_RTOL iterations 14
    Linear mg_coarse_ solve converged due to CONVERGED_RTOL iterations 16
    Linear mg_coarse_ solve converged due to CONVERGED_RTOL iterations 43
    Linear mg_coarse_ solve converged due to CONVERGED_RTOL iterations 16
    Linear mg_coarse_ solve converged due to CONVERGED_RTOL iterations 25
    Linear mg_coarse_ solve converged due to CONVERGED_RTOL iterations 20
    Linear mg_coarse_ solve converged due to CONVERGED_RTOL iterations 23
    Linear mg_coarse_ solve converged due to CONVERGED_RTOL iterations 15
    Linear mg_coarse_ solve converged due to CONVERGED_RTOL iterations 36
    Linear mg_coarse_ solve converged due to CONVERGED_RTOL iterations 34
    Linear mg_coarse_ solve converged due to CONVERGED_RTOL iterations 24
    Linear mg_coarse_ solve converged due to CONVERGED_RTOL iterations 39
    Linear mg_coarse_ solve converged due to CONVERGED_RTOL iterations 50
    Linear mg_coarse_ solve converged due to CONVERGED_RTOL iterations 30
    Linear mg_coarse_ solve converged due to CONVERGED_RTOL iterations 23
    Linear mg_coarse_ solve converged due to CONVERGED_RTOL iterations 45
    Linear mg_coarse_ solve converged due to CONVERGED_RTOL iterations 29
    Linear mg_coarse_ solve converged due to CONVERGED_RTOL iterations 27
Linear solve converged due to CONVERGED_RTOL iterations 23
time taken for solve is194.241
************************************************************************************************************************
***             WIDEN YOUR WINDOW TO 120 CHARACTERS.  Use 'enscript -r -fCourier9' to print this document            ***
************************************************************************************************************************

---------------------------------------------- PETSc Performance Summary: ----------------------------------------------

/home/a/asarkar/sudhipv/software/FreeFem-sources/src/mpi/FreeFem++-mpi on a  named nia0077.scinet.local with 600 processors, by sudhipv Thu Dec 15 00:13:24 2022
Using Petsc Release Version 3.15.0, Mar 30, 2021 

                         Max       Max/Min     Avg       Total
Time (sec):           1.944e+02     1.000   1.944e+02
Objects:              2.220e+02     1.000   2.220e+02
Flop:                 2.080e+09     1.996   1.554e+09  9.326e+11
Flop/sec:             1.070e+07     1.996   7.997e+06  4.798e+09
MPI Messages:         1.336e+04     4.000   9.480e+03  5.688e+06
MPI Message Lengths:  4.815e+06     4.314   3.363e+02  1.913e+09
MPI Reductions:       1.507e+03     1.000

Flop counting convention: 1 flop = 1 real number operation of type (multiply/divide/add/subtract)
                            e.g., VecAXPY() for real vectors of length N --> 2N flop
                            and VecAXPY() for complex vectors of length N --> 8N flop

Summary of Stages:   ----- Time ------  ----- Flop ------  --- Messages ---  -- Message Lengths --  -- Reductions --
                        Avg     %Total     Avg     %Total    Count   %Total     Avg         %Total    Count   %Total
 0:      Main Stage: 1.9436e+02 100.0%  9.3258e+11 100.0%  5.688e+06 100.0%  3.363e+02      100.0%  1.489e+03  98.8%

------------------------------------------------------------------------------------------------------------------------
See the 'Profiling' chapter of the users' manual for details on interpreting output.
Phase summary info:
   Count: number of times phase was executed
   Time and Flop: Max - maximum over all processors
                  Ratio - ratio of maximum to minimum over all processors
   Mess: number of messages sent
   AvgLen: average message length (bytes)
   Reduct: number of global reductions
   Global: entire computation
   Stage: stages of a computation. Set stages with PetscLogStagePush() and PetscLogStagePop().
      %T - percent time in this phase         %F - percent flop in this phase
      %M - percent messages in this phase     %L - percent message lengths in this phase
      %R - percent reductions in this phase
   Total Mflop/s: 10e-6 * (sum of flop over all processors)/(max time over all processors)
------------------------------------------------------------------------------------------------------------------------
Event                Count      Time (sec)     Flop                              --- Global ---  --- Stage ----  Total
                   Max Ratio  Max     Ratio   Max  Ratio  Mess   AvgLen  Reduct  %T %F %M %L %R  %T %F %M %L %R Mflop/s
------------------------------------------------------------------------------------------------------------------------

--- Event Stage 0: Main Stage

BuildTwoSided         10 1.0 8.6575e+0027.0 0.00e+00 0.0 1.4e+04 4.0e+00 6.0e+00  2  0  0  0  0   2  0  0  0  0     0
BuildTwoSidedF         2 1.0 1.1116e+001722.1 0.00e+00 0.0 0.0e+00 0.0e+00 2.0e+00  0  0  0  0  0   0  0  0  0  0     0
MatMult              823 1.0 2.9727e+01925.2 6.74e+06 1.2 2.8e+06 7.9e+01 2.0e+00  3  0 50 12  0   3  0 50 12  0   126
MatMultAdd            23 1.0 6.6145e-03 1.8 1.84e+05 1.2 8.7e+04 1.2e+02 0.0e+00  0  0  2  1  0   0  0  2  1  0 15668
MatMultTranspose      23 1.0 4.2717e+014424.5 0.00e+00 0.0 8.7e+04 1.5e+04 0.0e+00  1  0  2 70  0   1  0  2 70  0     0
MatSolve             801 1.0 3.9540e-01 1.3 2.07e+09 2.0 0.0e+00 0.0e+00 0.0e+00  0 99  0  0  0   0 99  0  0  0 2336536
MatLUFactorSym         1 1.0 7.6380e-03 2.3 0.00e+00 0.0 0.0e+00 0.0e+00 0.0e+00  0  0  0  0  0   0  0  0  0  0     0
MatLUFactorNum         2 1.0 5.9129e-0113.4 3.41e+05 1.3 0.0e+00 0.0e+00 0.0e+00  0  0  0  0  0   0  0  0  0  0   304
MatILUFactorSym        1 1.0 2.5588e-0413.0 0.00e+00 0.0 0.0e+00 0.0e+00 0.0e+00  0  0  0  0  0   0  0  0  0  0     0
MatResidual           23 1.0 1.4975e+017875.8 1.29e+06 1.2 7.8e+04 3.6e+02 0.0e+00  0  0  1  1  0   0  0  1  1  0    48
MatAssemblyBegin       6 1.0 1.1117e+001567.6 0.00e+00 0.0 0.0e+00 0.0e+00 2.0e+00  0  0  0  0  0   0  0  0  0  0     0
MatAssemblyEnd         6 1.0 2.9870e+00 1.6 0.00e+00 0.0 0.0e+00 0.0e+00 8.0e+00  1  0  0  0  1   1  0  0  0  1     0
MatGetRowIJ            2 1.0 5.2386e-04 4.8 0.00e+00 0.0 0.0e+00 0.0e+00 0.0e+00  0  0  0  0  0   0  0  0  0  0     0
MatCreateSubMats       2 1.0 7.6683e+00 3.8 0.00e+00 0.0 3.4e+04 4.5e+02 2.0e+00  3  0  1  1  0   3  0  1  1  0     0
MatGetOrdering         2 1.0 3.2142e-03 2.5 0.00e+00 0.0 0.0e+00 0.0e+00 0.0e+00  0  0  0  0  0   0  0  0  0  0     0
MatIncreaseOvrlp       2 1.0 1.5551e+001000.6 0.00e+00 0.0 0.0e+00 0.0e+00 2.0e+00  0  0  0  0  0   0  0  0  0  0     0
VecMDot              700 1.0 5.3354e+01 3.8 3.14e+06 1.3 0.0e+00 0.0e+00 7.0e+02 20  0  0  0 46  20  0  0  0 47    31
VecNorm              733 1.0 1.2539e+02 2.2 3.20e+05 1.3 0.0e+00 0.0e+00 7.3e+02 58  0  0  0 49  58  0  0  0 49     1
VecScale             779 1.0 7.7627e-04 2.3 1.60e+05 1.3 0.0e+00 0.0e+00 0.0e+00  0  0  0  0  0   0  0  0  0  0 110754
VecCopy              205 1.0 7.7384e-04 1.7 0.00e+00 0.0 0.0e+00 0.0e+00 0.0e+00  0  0  0  0  0   0  0  0  0  0     0
VecSet              2517 1.0 3.0748e-03 1.5 0.00e+00 0.0 0.0e+00 0.0e+00 0.0e+00  0  0  0  0  0   0  0  0  0  0     0
VecAXPY               64 1.0 3.6788e-04 1.7 2.02e+05 1.2 0.0e+00 0.0e+00 0.0e+00  0  0  0  0  0   0  0  0  0  0 308378
VecAYPX              138 1.0 8.5490e-04 1.4 7.34e+05 1.2 0.0e+00 0.0e+00 0.0e+00  0  0  0  0  0   0  0  0  0  0 484914
VecAXPBYCZ            46 1.0 4.8107e-04 1.6 9.18e+05 1.2 0.0e+00 0.0e+00 0.0e+00  0  0  0  0  0   0  0  0  0  0 1077162
VecMAXPY             733 1.0 2.1506e-03 2.0 3.45e+06 1.3 0.0e+00 0.0e+00 0.0e+00  0  0  0  0  0   0  0  0  0  0 851571
VecScatterBegin     4004 1.0 7.5813e+00 3.7 0.00e+00 0.0 5.5e+06 7.3e+01 4.0e+00  3  0 96 21  0   3  0 96 21  0     0
VecScatterEnd       4004 1.0 7.3938e+013028.7 0.00e+00 0.0 0.0e+00 0.0e+00 0.0e+00  6  0  0  0  0   6  0  0  0  0     0
VecNormalize         709 1.0 1.2539e+02 2.2 1.92e+05 1.5 0.0e+00 0.0e+00 7.1e+02 58  0  0  0 47  58  0  0  0 48     1
SFSetGraph             8 1.0 2.6633e-05 3.6 0.00e+00 0.0 0.0e+00 0.0e+00 0.0e+00  0  0  0  0  0   0  0  0  0  0     0
SFSetUp                8 1.0 7.5681e+00 3.7 0.00e+00 0.0 2.7e+04 5.0e+01 4.0e+00  3  0  0  0  0   3  0  0  0  0     0
SFReduceBegin        801 1.0 8.7189e-04 1.3 0.00e+00 0.0 0.0e+00 0.0e+00 0.0e+00  0  0  0  0  0   0  0  0  0  0     0
SFReduceEnd          801 1.0 2.4956e-04 1.3 0.00e+00 0.0 0.0e+00 0.0e+00 0.0e+00  0  0  0  0  0   0  0  0  0  0     0
SFPack              4004 1.0 1.1515e-03 1.9 0.00e+00 0.0 0.0e+00 0.0e+00 0.0e+00  0  0  0  0  0   0  0  0  0  0     0
SFUnpack            4004 1.0 6.8119e-04 2.6 0.00e+00 0.0 0.0e+00 0.0e+00 0.0e+00  0  0  0  0  0   0  0  0  0  0     0
KSPSetUp               4 1.0 2.6554e+01 1.1 2.22e+08 2.0 1.0e+05 4.0e+02 3.8e+01 13 11  2  2  3  13 11  2  2  3  3756
KSPSolve               1 1.0 1.5794e+02 1.0 1.86e+09 2.0 5.6e+06 3.1e+02 1.4e+03 81 89 98 90 94  81 89 98 90 95  5273
KSPGMRESOrthog       700 1.0 5.3356e+01 3.8 6.28e+06 1.3 0.0e+00 0.0e+00 7.0e+02 20  0  0  0 46  20  0  0  0 47    62
PCSetUp                2 1.0 2.6825e+01 1.1 2.22e+08 2.0 1.2e+05 3.6e+02 4.5e+01 14 11  2  2  3  14 11  2  2  3  3718
PCSetUpOnBlocks       70 1.0 6.1234e-01 9.9 3.41e+05 1.3 0.0e+00 0.0e+00 0.0e+00  0  0  0  0  0   0  0  0  0  0   294
PCApply               23 1.0 1.4734e+02 1.2 1.85e+09 2.0 5.5e+06 3.1e+02 1.4e+03 66 89 96 89 91  66 89 96 89 92  5629
PCApplyOnBlocks      801 1.0 3.9883e-01 1.3 2.07e+09 2.0 0.0e+00 0.0e+00 0.0e+00  0 99  0  0  0   0 99  0  0  0 2316406
------------------------------------------------------------------------------------------------------------------------

Memory usage is given in bytes:

Object Type          Creations   Destructions     Memory  Descendants' Mem.
Reports information only for process 0.

--- Event Stage 0: Main Stage

              Matrix    13             13      1390492     0.
              Vector   146            146      3030456     0.
           Index Set    24             24       175424     0.
   IS L to G Mapping     2              2       167244     0.
   Star Forest Graph    14             14        16272     0.
       Krylov Solver     6              6        73864     0.
      Preconditioner     6              6         6552     0.
    Distributed Mesh     3              3        15144     0.
     Discrete System     3              3         2712     0.
           Weak Form     3              3         2472     0.
              Viewer     2              1          848     0.
========================================================================================================================
Average time to get PetscTime(): 3.11e-08
Average time for MPI_Barrier(): 0.000130473
Average time for zero size MPI_Send(): 3.21126e-06
#PETSc Option Table entries:
-ksp_converged_reason
-ksp_pc_side right
-ksp_rtol 1e-8
-ksp_type fgmres
-log_view
-m 100
-mg_coarse_ksp_converged_reason
-mg_coarse_ksp_max_it 100
-mg_coarse_ksp_rtol 1e-2
-mg_coarse_ksp_type gmres
-mg_coarse_pc_type asm
-mg_levels_pc_type asm
-mg_levels_sub_pc_factor_mat_solver_type mumps
-mg_levels_sub_pc_type lu
-n 100
-nw
-pc_mg_type multiplicative
-pc_type mg
#End of PETSc Option Table entries
Compiled without FORTRAN kernels
Compiled with full precision matrices (default)
sizeof(short) 2 sizeof(int) 4 sizeof(long) 8 sizeof(void*) 8 sizeof(PetscScalar) 8 sizeof(PetscInt) 4
Configure options: --prefix=/home/a/asarkar/sudhipv/software/FreeFem-sources/install/ff-petsc/r MAKEFLAGS= --with-debugging=0 COPTFLAGS="-O3 -mtune=native" CXXOPTFLAGS="-O3 -mtune=native" FOPTFLAGS="-O3 -mtune=native" --with-cxx-dialect=C++11 --with-ssl=0 --with-x=0 --with-fortran-bindings=0 --with-cudac=0 --with-cc=/cvmfs/soft.computecanada.ca/easybuild/software/2020/avx512/Compiler/intel2020/openmpi/4.0.3/bin/mpicc --with-cxx=/cvmfs/soft.computecanada.ca/easybuild/software/2020/avx512/Compiler/intel2020/openmpi/4.0.3/bin/mpic++ --with-fc=/cvmfs/soft.computecanada.ca/easybuild/software/2020/avx512/Compiler/intel2020/openmpi/4.0.3/bin/mpif90 --with-scalar-type=real --with-blaslapack-include=/cvmfs/soft.computecanada.ca/easybuild/software/2020/Core/imkl/2020.1.217/mkl/include --with-blaslapack-lib="-Wl,-rpath,/cvmfs/soft.computecanada.ca/easybuild/software/2020/Core/imkl/2020.1.217/mkl/lib/intel64 -L/cvmfs/soft.computecanada.ca/easybuild/software/2020/Core/imkl/2020.1.217/mkl/lib/intel64 -lmkl_rt -lmkl_intel_thread -lmkl_core  -liomp5 -lpthread" --download-metis --download-ptscotch --download-hypre --download-parmetis --download-mmg --download-parmmg --download-superlu --download-suitesparse --download-tetgen --download-slepc --download-hpddm --download-scalapack --download-mumps --download-slepc-configure-arguments=--download-arpack=https://github.com/prj-/arpack-ng/archive/b64dccb.tar.gz PETSC_ARCH=fr
-----------------------------------------
Libraries compiled on 2021-05-02 15:39:49 on nia-login03.scinet.local 
Machine characteristics: Linux-3.10.0-957.27.2.el7.x86_64-x86_64-with-centos-7.6.1810-Core
Using PETSc directory: /home/a/asarkar/sudhipv/software/FreeFem-sources/install/ff-petsc/r
Using PETSc arch: 
-----------------------------------------

Using C compiler: /cvmfs/soft.computecanada.ca/easybuild/software/2020/avx512/Compiler/intel2020/openmpi/4.0.3/bin/mpicc  -fPIC -wd1572 -O3 -mtune=native   
Using Fortran compiler: /cvmfs/soft.computecanada.ca/easybuild/software/2020/avx512/Compiler/intel2020/openmpi/4.0.3/bin/mpif90  -fPIC -O3 -mtune=native     
-----------------------------------------

Using include paths: -I/home/a/asarkar/sudhipv/software/FreeFem-sources/install/ff-petsc/r/include -I/cvmfs/soft.computecanada.ca/easybuild/software/2020/Core/imkl/2020.1.217/mkl/include
-----------------------------------------

Using C linker: /cvmfs/soft.computecanada.ca/easybuild/software/2020/avx512/Compiler/intel2020/openmpi/4.0.3/bin/mpicc
Using Fortran linker: /cvmfs/soft.computecanada.ca/easybuild/software/2020/avx512/Compiler/intel2020/openmpi/4.0.3/bin/mpif90
Using libraries: -Wl,-rpath,/home/a/asarkar/sudhipv/software/FreeFem-sources/install/ff-petsc/r/lib -L/home/a/asarkar/sudhipv/software/FreeFem-sources/install/ff-petsc/r/lib -lpetsc -Wl,-rpath,/home/a/asarkar/sudhipv/software/FreeFem-sources/install/ff-petsc/r/lib -L/home/a/asarkar/sudhipv/software/FreeFem-sources/install/ff-petsc/r/lib -Wl,-rpath,/cvmfs/soft.computecanada.ca/easybuild/software/2020/Core/imkl/2020.1.217/mkl/lib/intel64 -L/cvmfs/soft.computecanada.ca/easybuild/software/2020/Core/imkl/2020.1.217/mkl/lib/intel64 -Wl,-rpath,/cvmfs/soft.computecanada.ca/easybuild/software/2020/avx512/Compiler/intel2020/openmpi/4.0.3/lib -L/cvmfs/soft.computecanada.ca/easybuild/software/2020/avx512/Compiler/intel2020/openmpi/4.0.3/lib -Wl,-rpath,/cvmfs/soft.computecanada.ca/easybuild/software/2020/avx512/Core/libfabric/1.10.1/lib -L/cvmfs/soft.computecanada.ca/easybuild/software/2020/avx512/Core/libfabric/1.10.1/lib -Wl,-rpath,/cvmfs/soft.computecanada.ca/easybuild/software/2020/avx512/Core/ucx/1.8.0/lib -L/cvmfs/soft.computecanada.ca/easybuild/software/2020/avx512/Core/ucx/1.8.0/lib -Wl,-rpath,/cvmfs/soft.computecanada.ca/easybuild/software/2020/Core/imkl/2020.1.217/lib/intel64 -L/cvmfs/soft.computecanada.ca/easybuild/software/2020/Core/imkl/2020.1.217/lib/intel64 -Wl,-rpath,/cvmfs/restricted.computecanada.ca/easybuild/software/2020/Core/intel/2020.1.217/compilers_and_libraries_2020.1.217/linux/tbb/lib/intel64/gcc4.8 -L/cvmfs/restricted.computecanada.ca/easybuild/software/2020/Core/intel/2020.1.217/compilers_and_libraries_2020.1.217/linux/tbb/lib/intel64/gcc4.8 -Wl,-rpath,/cvmfs/restricted.computecanada.ca/easybuild/software/2020/Core/intel/2020.1.217/compilers_and_libraries_2020.1.217/linux/compiler/lib/intel64_lin -L/cvmfs/restricted.computecanada.ca/easybuild/software/2020/Core/intel/2020.1.217/compilers_and_libraries_2020.1.217/linux/compiler/lib/intel64_lin -Wl,-rpath,/cvmfs/soft.computecanada.ca/easybuild/software/2020/avx512/Compiler/intel2020/openmpi/4.0.3/lib64 -L/cvmfs/soft.computecanada.ca/easybuild/software/2020/avx512/Compiler/intel2020/openmpi/4.0.3/lib64 -Wl,-rpath,/cvmfs/soft.computecanada.ca/easybuild/software/2020/Core/gcccore/9.3.0/lib/gcc/x86_64-pc-linux-gnu/9.3.0 -L/cvmfs/soft.computecanada.ca/easybuild/software/2020/Core/gcccore/9.3.0/lib/gcc/x86_64-pc-linux-gnu/9.3.0 -Wl,-rpath,/cvmfs/soft.computecanada.ca/easybuild/software/2020/Core/gcccore/9.3.0/lib64 -L/cvmfs/soft.computecanada.ca/easybuild/software/2020/Core/gcccore/9.3.0/lib64 -Wl,-rpath,/cvmfs/soft.computecanada.ca/gentoo/2020/lib64 -L/cvmfs/soft.computecanada.ca/gentoo/2020/lib64 -Wl,-rpath,/cvmfs/soft.computecanada.ca/gentoo/2020/usr/lib64 -L/cvmfs/soft.computecanada.ca/gentoo/2020/usr/lib64 -Wl,-rpath,/cvmfs/soft.computecanada.ca/easybuild/software/2020/Core/gcccore/9.3.0/lib -L/cvmfs/soft.computecanada.ca/easybuild/software/2020/Core/gcccore/9.3.0/lib -Wl,-rpath,/cvmfs/soft.computecanada.ca/gentoo/2020/lib -L/cvmfs/soft.computecanada.ca/gentoo/2020/lib -Wl,-rpath,/cvmfs/soft.computecanada.ca/gentoo/2020/usr/lib -L/cvmfs/soft.computecanada.ca/gentoo/2020/usr/lib -lHYPRE -lcmumps -ldmumps -lsmumps -lzmumps -lmumps_common -lpord -lscalapack -lumfpack -lklu -lcholmod -lbtf -lccolamd -lcolamd -lcamd -lamd -lsuitesparseconfig -lsuperlu -lmkl_rt -lmkl_intel_thread -lmkl_core -liomp5 -lpthread -lparmmg -lmmg -lmmg3d -lptesmumps -lptscotchparmetis -lptscotch -lptscotcherr -lesmumps -lscotch -lscotcherr -lpthread -lparmetis -lmetis -ltet -lstdc++ -ldl -lmpi_usempif08 -lmpi_usempi_ignore_tkr -lmpi_mpifh -lmpi -lifport -lifcoremt_pic -limf -lsvml -lm -lipgo -lirc -lpthread -lgcc_s -lirc_s -lrt -lquadmath -lstdc++ -ldl
-----------------------------------------

Number of Vertices for coarse mesh in process  0  10201
--------------------------------------------------------------------------
ORTE has lost communication with a remote daemon.

  HNP daemon   : [[47465,0],0] on node nia0077
  Remote daemon: [[47465,0],14] on node nia1286

This is usually due to either a failure of the TCP network
connection to the node, or possibly an internal failure of
the daemon itself. We cannot recover from this failure, and
therefore will terminate the job.
--------------------------------------------------------------------------
slurmstepd: error: *** JOB 8579597 ON nia0077 CANCELLED AT 2022-12-15T00:24:40 DUE TO TIME LIMIT ***

scontrol show jobid 8579597
JobId=8579597 JobName=DD_AMG_600_split_15
   UserId=sudhipv(3061414) GroupId=asarkar(6001189) MCS_label=N/A
   Priority=1118236 Nice=0 Account=def-asarkar QOS=normal
   JobState=TIMEOUT Reason=TimeLimit Dependency=(null)
   Requeue=0 Restarts=0 BatchFlag=1 Reboot=0 ExitCode=0:15
   RunTime=00:15:04 TimeLimit=00:15:00 TimeMin=N/A
   SubmitTime=2022-12-15T00:08:32 EligibleTime=2022-12-15T00:08:32
   AccrueTime=2022-12-15T00:08:32
   StartTime=2022-12-15T00:09:35 EndTime=2022-12-15T00:24:39 Deadline=N/A
   SuspendTime=None SecsPreSuspend=0 LastSchedEval=2022-12-15T00:09:35 Scheduler=Backfill
   Partition=compute AllocNode:Sid=nia-login03:71245
   ReqNodeList=(null) ExcNodeList=(null)
   NodeList=nia[0077,0132,0828,0931,0936,0949,0953,1101,1109,1125-1126,1136,1228,1285-1286]
   BatchHost=nia0077
   NumNodes=15 NumCPUs=1200 NumTasks=600 CPUs/Task=1 ReqB:S:C:T=0:0:*:*
   TRES=cpu=1200,mem=2625000M,node=15,billing=600
   Socks/Node=* NtasksPerN:B:S:C=40:0:*:* CoreSpec=*
   MinCPUsNode=40 MinMemoryNode=175000M MinTmpDiskNode=0
   Features=[skylake|cascade] DelayBoot=00:00:00
   OverSubscribe=NO Contiguous=0 Licenses=(null) Network=(null)
   Command=/gpfs/fs0/scratch/a/asarkar/sudhipv/poisson_hpc/deterministic/DD_vsMG/linear/runff_niagara_weak.sh
   WorkDir=/gpfs/fs0/scratch/a/asarkar/sudhipv/poisson_hpc/deterministic/DD_vsMG/linear
   Comment=/opt/slurm/bin/sbatch --export=NONE runff_niagara_weak.sh 
   StdErr=/gpfs/fs0/scratch/a/asarkar/sudhipv/poisson_hpc/deterministic/DD_vsMG/linear/DD_AMG_600_split_15-8579597.out
   StdIn=/dev/null
   StdOut=/gpfs/fs0/scratch/a/asarkar/sudhipv/poisson_hpc/deterministic/DD_vsMG/linear/DD_AMG_600_split_15-8579597.out
   Power=
   MailUser=sudhipv@cmail.carleton.ca MailType=INVALID_DEPEND,BEGIN,END,FAIL,REQUEUE,STAGE_OUT
   

sacct -j 8579597
JobID           JobName    Account    Elapsed  MaxVMSize     MaxRSS  SystemCPU    UserCPU ExitCode 
------------ ---------- ---------- ---------- ---------- ---------- ---------- ---------- -------- 
8579597      DD_AMG_60+ def-asark+   00:15:04                        04:13.837 1-08:20:05      0:0 
8579597.bat+      batch def-asark+   00:15:06  29055840K   5935944K  00:18.682   02:08:36     0:15 
8579597.ext+     extern def-asark+   00:15:05    142384K      1132K  00:00.006  00:00.006      0:0 
8579597.0         orted def-asark+   00:03:24  27591712K   5972656K  03:52.037 1-06:11:26      0:0 
8579597.1         orted def-asark+   00:11:18  23327840K   4592044K  00:03.109  00:02.302      1:0 

kernel messages produced during job executions:
[Dec15 00:07] FreeFem++-mpi (247362): Using mlock ulimits for SHM_HUGETLB is deprecated
