
The following have been reloaded with a version change:
  1) mii/1.1.1 => mii/1.1.2

/cvmfs/soft.computecanada.ca/easybuild/software/2020/avx512/Compiler/intel2020/openmpi/4.0.3/bin/mpiexec
/cvmfs/soft.computecanada.ca/easybuild/software/2020/avx512/Compiler/intel2020/openmpi/4.0.3/bin/mpirun
Number of Vertices for coarse grid  143641
Number of Vertices for fine mesh is  573049
1	
	-111111	
number of random variable  2
order of input  2
order of output  3
Number of input PC   6
Number of output PC  10
Mean of Gaussian  0
Sd of Gaussian  0.3
Size of linear System  5.73049e+06
sindex is 25 2	
	   1   1
	   1   2
	   2   1
	   2   2
	   1   3
	   3   1
	   2   3
	   3   2
	   1   4
	   4   1
	   3   3
	   2   4
	   4   2
	   3   4
	   4   3
	   1   5
	   5   1
	   2   5
	   5   2
	   4   4
	   3   5
	   5   3
	   1   6
	   6   1
	   2   6
	
mindex for file ./kledata/Tijkl/multiIndex_O3_D2.dat is 10 2	
	   0   0
	   1   0
	   0   1
	   2   0
	   1   1
	   0   2
	   3   0
	   2   1
	   1   2
	   0   3
	
Finished generating log normal input coefficients for rank 0
Assembling matrices for level 0 and rank 0
Assembling matrices for level 1 and rank 0
Exited Assembling for rank0
Starting solve for rank 0
  0 KSP Residual norm 1.321001651689e-03 
      Residual norms for mg_coarse_ solve.
      0 KSP Residual norm 1.028450080995e+01 
      1 KSP Residual norm 2.065094883939e+00 
      2 KSP Residual norm 3.576741055680e-01 
      3 KSP Residual norm 6.399138318583e-02 
      4 KSP Residual norm 1.169859255529e-02 
      5 KSP Residual norm 2.043513690079e-03 
      6 KSP Residual norm 2.921914435251e-04 
      7 KSP Residual norm 4.240667586441e-05 
    Linear mg_coarse_ solve converged due to CONVERGED_RTOL iterations 7
  1 KSP Residual norm 1.260279264414e-03 
      Residual norms for mg_coarse_ solve.
      0 KSP Residual norm 2.694068266433e-02 
      1 KSP Residual norm 6.495091911103e-04 
      2 KSP Residual norm 1.310640041813e-04 
      3 KSP Residual norm 2.104832723454e-05 
      4 KSP Residual norm 3.741305168172e-06 
      5 KSP Residual norm 6.981576289755e-07 
      6 KSP Residual norm 1.033782026891e-07 
    Linear mg_coarse_ solve converged due to CONVERGED_RTOL iterations 6
  2 KSP Residual norm 9.974605478335e-05 
      Residual norms for mg_coarse_ solve.
      0 KSP Residual norm 2.437219380910e-01 
      1 KSP Residual norm 1.004068039210e-02 
      2 KSP Residual norm 6.500327407487e-04 
      3 KSP Residual norm 1.168937182202e-04 
      4 KSP Residual norm 2.111646465392e-05 
      5 KSP Residual norm 3.568725943896e-06 
      6 KSP Residual norm 5.873132316679e-07 
    Linear mg_coarse_ solve converged due to CONVERGED_RTOL iterations 6
  3 KSP Residual norm 4.006302269665e-05 
      Residual norms for mg_coarse_ solve.
      0 KSP Residual norm 3.969659126574e-01 
      1 KSP Residual norm 2.074878408365e-02 
      2 KSP Residual norm 5.134826907882e-04 
      3 KSP Residual norm 7.962801875316e-05 
      4 KSP Residual norm 1.166433549808e-05 
      5 KSP Residual norm 2.319235282708e-06 
    Linear mg_coarse_ solve converged due to CONVERGED_RTOL iterations 5
  4 KSP Residual norm 9.139111147674e-06 
      Residual norms for mg_coarse_ solve.
      0 KSP Residual norm 4.956683616701e-01 
      1 KSP Residual norm 2.499619906734e-02 
      2 KSP Residual norm 1.272518155951e-03 
      3 KSP Residual norm 2.202766774460e-04 
      4 KSP Residual norm 4.131123642726e-05 
      5 KSP Residual norm 7.099361582960e-06 
      6 KSP Residual norm 1.113117515831e-06 
    Linear mg_coarse_ solve converged due to CONVERGED_RTOL iterations 6
  5 KSP Residual norm 2.047356102301e-06 
      Residual norms for mg_coarse_ solve.
      0 KSP Residual norm 4.967838909696e-01 
      1 KSP Residual norm 2.163489138567e-02 
      2 KSP Residual norm 1.380075992910e-03 
      3 KSP Residual norm 2.228055507777e-04 
      4 KSP Residual norm 4.175259388763e-05 
      5 KSP Residual norm 7.338276355435e-06 
      6 KSP Residual norm 1.168507116322e-06 
    Linear mg_coarse_ solve converged due to CONVERGED_RTOL iterations 6
  6 KSP Residual norm 4.700360160660e-07 
      Residual norms for mg_coarse_ solve.
      0 KSP Residual norm 3.379438439802e-01 
      1 KSP Residual norm 1.231294561257e-02 
      2 KSP Residual norm 3.812072111669e-04 
      3 KSP Residual norm 6.990371893645e-05 
      4 KSP Residual norm 1.184956426029e-05 
      5 KSP Residual norm 1.976477715768e-06 
    Linear mg_coarse_ solve converged due to CONVERGED_RTOL iterations 5
  7 KSP Residual norm 1.764497685939e-07 
      Residual norms for mg_coarse_ solve.
      0 KSP Residual norm 3.649578345884e-01 
      1 KSP Residual norm 1.511256123596e-02 
      2 KSP Residual norm 8.809324802773e-04 
      3 KSP Residual norm 1.500376586098e-04 
      4 KSP Residual norm 2.790943826947e-05 
      5 KSP Residual norm 4.798990515094e-06 
      6 KSP Residual norm 7.649867404286e-07 
    Linear mg_coarse_ solve converged due to CONVERGED_RTOL iterations 6
  8 KSP Residual norm 5.977727662380e-08 
      Residual norms for mg_coarse_ solve.
      0 KSP Residual norm 4.541013601909e-01 
      1 KSP Residual norm 1.641876223509e-02 
      2 KSP Residual norm 9.168342416661e-04 
      3 KSP Residual norm 1.489052182721e-04 
      4 KSP Residual norm 2.766968981864e-05 
      5 KSP Residual norm 4.900061964544e-06 
      6 KSP Residual norm 8.022536844796e-07 
    Linear mg_coarse_ solve converged due to CONVERGED_RTOL iterations 6
  9 KSP Residual norm 1.180042283292e-08 
iteration 0     0.982442
time for 1 Picard Iteration 50.1132
Assembling matrices for level 0 and rank 0
Assembling matrices for level 1 and rank 0
Exited Assembling for rank0
Starting solve for rank 0
  0 KSP Residual norm 1.321001651689e-03 
      Residual norms for mg_coarse_ solve.
      0 KSP Residual norm 1.028555557007e+01 
      1 KSP Residual norm 2.292071503734e+00 
      2 KSP Residual norm 3.736298464292e-01 
      3 KSP Residual norm 5.713337942105e-02 
      4 KSP Residual norm 9.956671590064e-03 
      5 KSP Residual norm 1.570063244962e-03 
      6 KSP Residual norm 2.090115830495e-04 
      7 KSP Residual norm 2.875655377031e-05 
    Linear mg_coarse_ solve converged due to CONVERGED_RTOL iterations 7
  1 KSP Residual norm 1.260284270438e-03 
      Residual norms for mg_coarse_ solve.
      0 KSP Residual norm 2.667083431836e-02 
      1 KSP Residual norm 5.625864173796e-04 
      2 KSP Residual norm 1.096212125744e-04 
      3 KSP Residual norm 1.554891841589e-05 
      4 KSP Residual norm 2.542378822242e-06 
      5 KSP Residual norm 4.247471257129e-07 
      6 KSP Residual norm 5.752253756290e-08 
    Linear mg_coarse_ solve converged due to CONVERGED_RTOL iterations 6
  2 KSP Residual norm 9.113725724440e-05 
      Residual norms for mg_coarse_ solve.
      0 KSP Residual norm 1.812599783825e-01 
      1 KSP Residual norm 3.369322253748e-03 
      2 KSP Residual norm 4.768362031696e-04 
      3 KSP Residual norm 6.395325798535e-05 
      4 KSP Residual norm 1.114138494186e-05 
      5 KSP Residual norm 1.895580335130e-06 
      6 KSP Residual norm 2.590440579025e-07 
    Linear mg_coarse_ solve converged due to CONVERGED_RTOL iterations 6
  3 KSP Residual norm 1.670757402137e-05 
      Residual norms for mg_coarse_ solve.
      0 KSP Residual norm 6.084270839004e-01 
      1 KSP Residual norm 1.174829495130e-02 
      2 KSP Residual norm 1.149900032611e-03 
      3 KSP Residual norm 1.685293955932e-04 
      4 KSP Residual norm 2.901038334928e-05 
      5 KSP Residual norm 4.803309008780e-06 
    Linear mg_coarse_ solve converged due to CONVERGED_RTOL iterations 5
  4 KSP Residual norm 1.689195454789e-06 
      Residual norms for mg_coarse_ solve.
      0 KSP Residual norm 4.668954905147e-01 
      1 KSP Residual norm 1.466271582392e-02 
      2 KSP Residual norm 6.271135606836e-04 
      3 KSP Residual norm 1.109495168011e-04 
      4 KSP Residual norm 1.694242926724e-05 
      5 KSP Residual norm 2.630268207108e-06 
    Linear mg_coarse_ solve converged due to CONVERGED_RTOL iterations 5
  5 KSP Residual norm 4.019645440615e-07 
      Residual norms for mg_coarse_ solve.
      0 KSP Residual norm 2.869176321744e-01 
      1 KSP Residual norm 9.900471230457e-03 
      2 KSP Residual norm 3.663224438756e-04 
      3 KSP Residual norm 6.209144511136e-05 
      4 KSP Residual norm 1.031576116146e-05 
      5 KSP Residual norm 1.661066131239e-06 
    Linear mg_coarse_ solve converged due to CONVERGED_RTOL iterations 5
  6 KSP Residual norm 9.831162386572e-08 
      Residual norms for mg_coarse_ solve.
      0 KSP Residual norm 5.023792713684e-01 
      1 KSP Residual norm 1.225381173324e-02 
      2 KSP Residual norm 4.604623481731e-04 
      3 KSP Residual norm 7.559794504043e-05 
      4 KSP Residual norm 1.206988659074e-05 
      5 KSP Residual norm 1.883471443735e-06 
    Linear mg_coarse_ solve converged due to CONVERGED_RTOL iterations 5
  7 KSP Residual norm 1.005058604062e-08 
iteration 1     0.970258
time for 1 Picard Iteration 48.6606
Assembling matrices for level 0 and rank 0
Assembling matrices for level 1 and rank 0
Exited Assembling for rank0
Starting solve for rank 0
  0 KSP Residual norm 1.321001651689e-03 
      Residual norms for mg_coarse_ solve.
      0 KSP Residual norm 1.028661212828e+01 
      1 KSP Residual norm 2.290255042621e+00 
      2 KSP Residual norm 3.482341291732e-01 
      3 KSP Residual norm 5.691531114557e-02 
      4 KSP Residual norm 9.820688706072e-03 
      5 KSP Residual norm 1.572050086830e-03 
      6 KSP Residual norm 2.319666450495e-04 
      7 KSP Residual norm 3.521267032507e-05 
    Linear mg_coarse_ solve converged due to CONVERGED_RTOL iterations 7
  1 KSP Residual norm 1.260297860305e-03 
      Residual norms for mg_coarse_ solve.
      0 KSP Residual norm 2.666603887375e-02 
      1 KSP Residual norm 5.332687044408e-04 
      2 KSP Residual norm 1.032626874403e-04 
      3 KSP Residual norm 1.438092861029e-05 
      4 KSP Residual norm 2.379751476248e-06 
      5 KSP Residual norm 4.048353549954e-07 
      6 KSP Residual norm 5.994014994729e-08 
    Linear mg_coarse_ solve converged due to CONVERGED_RTOL iterations 6
  2 KSP Residual norm 9.123332361660e-05 
      Residual norms for mg_coarse_ solve.
      0 KSP Residual norm 1.823872695149e-01 
      1 KSP Residual norm 3.451221338756e-03 
      2 KSP Residual norm 5.116277761631e-04 
      3 KSP Residual norm 6.574327332731e-05 
      4 KSP Residual norm 1.181471061554e-05 
      5 KSP Residual norm 1.980219041364e-06 
      6 KSP Residual norm 2.876126118388e-07 
    Linear mg_coarse_ solve converged due to CONVERGED_RTOL iterations 6
  3 KSP Residual norm 1.678864186817e-05 
      Residual norms for mg_coarse_ solve.
      0 KSP Residual norm 6.089271094557e-01 
      1 KSP Residual norm 1.188034889068e-02 
      2 KSP Residual norm 1.277401919623e-03 
      3 KSP Residual norm 1.749481507509e-04 
      4 KSP Residual norm 3.189001226073e-05 
      5 KSP Residual norm 5.141867456344e-06 
    Linear mg_coarse_ solve converged due to CONVERGED_RTOL iterations 5
  4 KSP Residual norm 1.693257790427e-06 
      Residual norms for mg_coarse_ solve.
      0 KSP Residual norm 4.671368205798e-01 
      1 KSP Residual norm 1.470704593706e-02 
      2 KSP Residual norm 6.967643075970e-04 
      3 KSP Residual norm 1.152384903196e-04 
      4 KSP Residual norm 1.880721662219e-05 
      5 KSP Residual norm 2.683043064375e-06 
    Linear mg_coarse_ solve converged due to CONVERGED_RTOL iterations 5
  5 KSP Residual norm 4.022014812895e-07 
      Residual norms for mg_coarse_ solve.
      0 KSP Residual norm 2.864287411791e-01 
      1 KSP Residual norm 9.904623120295e-03 
      2 KSP Residual norm 3.984977278731e-04 
      3 KSP Residual norm 6.445901432464e-05 
      4 KSP Residual norm 1.179034853939e-05 
      5 KSP Residual norm 1.868215830930e-06 
    Linear mg_coarse_ solve converged due to CONVERGED_RTOL iterations 5
  6 KSP Residual norm 9.854760366116e-08 
      Residual norms for mg_coarse_ solve.
      0 KSP Residual norm 5.020729833142e-01 
      1 KSP Residual norm 1.229000750810e-02 
      2 KSP Residual norm 5.335248800936e-04 
      3 KSP Residual norm 8.024702921977e-05 
      4 KSP Residual norm 1.373708908271e-05 
      5 KSP Residual norm 1.924369077005e-06 
    Linear mg_coarse_ solve converged due to CONVERGED_RTOL iterations 5
  7 KSP Residual norm 1.007290681863e-08 
iteration 2     0.0148839
time for 1 Picard Iteration 48.6137
Assembling matrices for level 0 and rank 0
Assembling matrices for level 1 and rank 0
Exited Assembling for rank0
Starting solve for rank 0
  0 KSP Residual norm 1.321001651689e-03 
      Residual norms for mg_coarse_ solve.
      0 KSP Residual norm 1.028660577208e+01 
      1 KSP Residual norm 2.249864298029e+00 
      2 KSP Residual norm 3.727807233035e-01 
      3 KSP Residual norm 6.511184324330e-02 
      4 KSP Residual norm 1.146061625676e-02 
      5 KSP Residual norm 1.959337392752e-03 
      6 KSP Residual norm 2.879296273553e-04 
      7 KSP Residual norm 3.746534331063e-05 
    Linear mg_coarse_ solve converged due to CONVERGED_RTOL iterations 7
  1 KSP Residual norm 1.260297594161e-03 
      Residual norms for mg_coarse_ solve.
      0 KSP Residual norm 2.666550379427e-02 
      1 KSP Residual norm 5.277050444653e-04 
      2 KSP Residual norm 1.054038326460e-04 
      3 KSP Residual norm 1.655056568444e-05 
      4 KSP Residual norm 2.778628223301e-06 
      5 KSP Residual norm 4.898297165474e-07 
      6 KSP Residual norm 7.684685168868e-08 
    Linear mg_coarse_ solve converged due to CONVERGED_RTOL iterations 6
  2 KSP Residual norm 9.123172346656e-05 
      Residual norms for mg_coarse_ solve.
      0 KSP Residual norm 1.823911997425e-01 
      1 KSP Residual norm 3.440040237169e-03 
      2 KSP Residual norm 5.174611209340e-04 
      3 KSP Residual norm 7.512756690006e-05 
      4 KSP Residual norm 1.377503771010e-05 
      5 KSP Residual norm 2.436680586689e-06 
      6 KSP Residual norm 3.769637943502e-07 
    Linear mg_coarse_ solve converged due to CONVERGED_RTOL iterations 6
  3 KSP Residual norm 1.678868333495e-05 
      Residual norms for mg_coarse_ solve.
      0 KSP Residual norm 6.089265487224e-01 
      1 KSP Residual norm 1.186112184740e-02 
      2 KSP Residual norm 1.292584848062e-03 
      3 KSP Residual norm 1.977240466239e-04 
      4 KSP Residual norm 3.730205805904e-05 
      5 KSP Residual norm 6.274039276613e-06 
      6 KSP Residual norm 9.912302594816e-07 
    Linear mg_coarse_ solve converged due to CONVERGED_RTOL iterations 6
  4 KSP Residual norm 1.693261827341e-06 
      Residual norms for mg_coarse_ solve.
      0 KSP Residual norm 4.671384925539e-01 
      1 KSP Residual norm 1.470420406530e-02 
      2 KSP Residual norm 7.000874964522e-04 
      3 KSP Residual norm 1.257159025379e-04 
      4 KSP Residual norm 2.205304018159e-05 
      5 KSP Residual norm 3.394930489816e-06 
    Linear mg_coarse_ solve converged due to CONVERGED_RTOL iterations 5
  5 KSP Residual norm 4.021999607445e-07 
      Residual norms for mg_coarse_ solve.
      0 KSP Residual norm 2.864269599423e-01 
      1 KSP Residual norm 9.902708211341e-03 
      2 KSP Residual norm 3.983131909260e-04 
      3 KSP Residual norm 6.959233082970e-05 
      4 KSP Residual norm 1.297097317393e-05 
      5 KSP Residual norm 2.047315855161e-06 
    Linear mg_coarse_ solve converged due to CONVERGED_RTOL iterations 5
  6 KSP Residual norm 9.854834826422e-08 
      Residual norms for mg_coarse_ solve.
      0 KSP Residual norm 5.020721763676e-01 
      1 KSP Residual norm 1.228624667141e-02 
      2 KSP Residual norm 5.336393391654e-04 
      3 KSP Residual norm 8.699031162182e-05 
      4 KSP Residual norm 1.562388925507e-05 
      5 KSP Residual norm 2.475690367971e-06 
    Linear mg_coarse_ solve converged due to CONVERGED_RTOL iterations 5
  7 KSP Residual norm 1.007321446448e-08 
iteration 3     0.000350583
time for 1 Picard Iteration 48.8163
Assembling matrices for level 0 and rank 0
Assembling matrices for level 1 and rank 0
Exited Assembling for rank0
Starting solve for rank 0
  0 KSP Residual norm 1.321001651689e-03 
      Residual norms for mg_coarse_ solve.
      0 KSP Residual norm 1.028660575135e+01 
      1 KSP Residual norm 2.262051852037e+00 
      2 KSP Residual norm 3.596912491201e-01 
      3 KSP Residual norm 5.761899168826e-02 
      4 KSP Residual norm 9.500479836160e-03 
      5 KSP Residual norm 1.421292431732e-03 
      6 KSP Residual norm 2.058849921771e-04 
      7 KSP Residual norm 2.778426100318e-05 
    Linear mg_coarse_ solve converged due to CONVERGED_RTOL iterations 7
  1 KSP Residual norm 1.260297602916e-03 
      Residual norms for mg_coarse_ solve.
      0 KSP Residual norm 2.666553767322e-02 
      1 KSP Residual norm 5.298067058170e-04 
      2 KSP Residual norm 1.043459310821e-04 
      3 KSP Residual norm 1.480473430836e-05 
      4 KSP Residual norm 2.342813370680e-06 
      5 KSP Residual norm 3.688452699142e-07 
      6 KSP Residual norm 5.405667552184e-08 
    Linear mg_coarse_ solve converged due to CONVERGED_RTOL iterations 6
  2 KSP Residual norm 9.123182902638e-05 
      Residual norms for mg_coarse_ solve.
      0 KSP Residual norm 1.823909339820e-01 
      1 KSP Residual norm 3.444105611794e-03 
      2 KSP Residual norm 5.110322592698e-04 
      3 KSP Residual norm 6.759818775522e-05 
      4 KSP Residual norm 1.174246604335e-05 
      5 KSP Residual norm 1.860162475509e-06 
      6 KSP Residual norm 2.644667888213e-07 
    Linear mg_coarse_ solve converged due to CONVERGED_RTOL iterations 6
  3 KSP Residual norm 1.678866829590e-05 
      Residual norms for mg_coarse_ solve.
      0 KSP Residual norm 6.089266825405e-01 
      1 KSP Residual norm 1.186753849885e-02 
      2 KSP Residual norm 1.274235778986e-03 
      3 KSP Residual norm 1.799544458839e-04 
      4 KSP Residual norm 3.176152864198e-05 
      5 KSP Residual norm 4.815849337542e-06 
    Linear mg_coarse_ solve converged due to CONVERGED_RTOL iterations 5
  4 KSP Residual norm 1.693260041578e-06 
      Residual norms for mg_coarse_ solve.
      0 KSP Residual norm 4.671380999901e-01 
      1 KSP Residual norm 1.470493294045e-02 
      2 KSP Residual norm 6.916311295285e-04 
      3 KSP Residual norm 1.168394120060e-04 
      4 KSP Residual norm 1.871902508549e-05 
      5 KSP Residual norm 2.646478140834e-06 
    Linear mg_coarse_ solve converged due to CONVERGED_RTOL iterations 5
  5 KSP Residual norm 4.022001646141e-07 
      Residual norms for mg_coarse_ solve.
      0 KSP Residual norm 2.864270759660e-01 
      1 KSP Residual norm 9.902487580718e-03 
      2 KSP Residual norm 3.918368333035e-04 
      3 KSP Residual norm 6.462061367090e-05 
      4 KSP Residual norm 1.102001313814e-05 
      5 KSP Residual norm 1.583725101566e-06 
    Linear mg_coarse_ solve converged due to CONVERGED_RTOL iterations 5
  6 KSP Residual norm 9.854803536824e-08 
      Residual norms for mg_coarse_ solve.
      0 KSP Residual norm 5.020728071170e-01 
      1 KSP Residual norm 1.228556766586e-02 
      2 KSP Residual norm 5.237397135387e-04 
      3 KSP Residual norm 7.952444332832e-05 
      4 KSP Residual norm 1.325650611832e-05 
      5 KSP Residual norm 1.931891806670e-06 
    Linear mg_coarse_ solve converged due to CONVERGED_RTOL iterations 5
  7 KSP Residual norm 1.007301713351e-08 
iteration 4     6.84445e-06
time for 1 Picard Iteration 48.852
Assembling matrices for level 0 and rank 0
Assembling matrices for level 1 and rank 0
Exited Assembling for rank0
Starting solve for rank 0
  0 KSP Residual norm 1.321001651689e-03 
      Residual norms for mg_coarse_ solve.
      0 KSP Residual norm 1.028660575273e+01 
      1 KSP Residual norm 2.262051924807e+00 
      2 KSP Residual norm 3.596913154024e-01 
      3 KSP Residual norm 5.761903255723e-02 
      4 KSP Residual norm 9.500494114228e-03 
      5 KSP Residual norm 1.421295489689e-03 
      6 KSP Residual norm 2.058855141835e-04 
      7 KSP Residual norm 2.778434718377e-05 
    Linear mg_coarse_ solve converged due to CONVERGED_RTOL iterations 7
  1 KSP Residual norm 1.260297602945e-03 
      Residual norms for mg_coarse_ solve.
      0 KSP Residual norm 2.666553750534e-02 
      1 KSP Residual norm 5.298068228854e-04 
      2 KSP Residual norm 1.043459500981e-04 
      3 KSP Residual norm 1.480474367758e-05 
      4 KSP Residual norm 2.342816811664e-06 
      5 KSP Residual norm 3.688460455511e-07 
      6 KSP Residual norm 5.405681188271e-08 
    Linear mg_coarse_ solve converged due to CONVERGED_RTOL iterations 6
  2 KSP Residual norm 9.123182866092e-05 
      Residual norms for mg_coarse_ solve.
      0 KSP Residual norm 1.823909351741e-01 
      1 KSP Residual norm 3.444105679076e-03 
      2 KSP Residual norm 5.110323060503e-04 
      3 KSP Residual norm 6.759822291459e-05 
      4 KSP Residual norm 1.174247977399e-05 
      5 KSP Residual norm 1.860166111205e-06 
      6 KSP Residual norm 2.644674262851e-07 
    Linear mg_coarse_ solve converged due to CONVERGED_RTOL iterations 6
  3 KSP Residual norm 1.678866832724e-05 
      Residual norms for mg_coarse_ solve.
      0 KSP Residual norm 6.089266828607e-01 
      1 KSP Residual norm 1.186753855190e-02 
      2 KSP Residual norm 1.274235889439e-03 
      3 KSP Residual norm 1.799545253327e-04 
      4 KSP Residual norm 3.176156454364e-05 
      5 KSP Residual norm 4.815858667423e-06 
    Linear mg_coarse_ solve converged due to CONVERGED_RTOL iterations 5
  4 KSP Residual norm 1.693260043230e-06 
      Residual norms for mg_coarse_ solve.
      0 KSP Residual norm 4.671381001324e-01 
      1 KSP Residual norm 1.470493297853e-02 
      2 KSP Residual norm 6.916311889882e-04 
      3 KSP Residual norm 1.168394509696e-04 
      4 KSP Residual norm 1.871904491043e-05 
      5 KSP Residual norm 2.646482862197e-06 
    Linear mg_coarse_ solve converged due to CONVERGED_RTOL iterations 5
  5 KSP Residual norm 4.022001651274e-07 
      Residual norms for mg_coarse_ solve.
      0 KSP Residual norm 2.864270758530e-01 
      1 KSP Residual norm 9.902487602984e-03 
      2 KSP Residual norm 3.918368865933e-04 
      3 KSP Residual norm 6.462063820860e-05 
      4 KSP Residual norm 1.102002625965e-05 
      5 KSP Residual norm 1.583728387979e-06 
    Linear mg_coarse_ solve converged due to CONVERGED_RTOL iterations 5
  6 KSP Residual norm 9.854803560765e-08 
      Residual norms for mg_coarse_ solve.
      0 KSP Residual norm 5.020728072565e-01 
      1 KSP Residual norm 1.228556767346e-02 
      2 KSP Residual norm 5.237397783641e-04 
      3 KSP Residual norm 7.952447818387e-05 
      4 KSP Residual norm 1.325652022218e-05 
      5 KSP Residual norm 1.931895047335e-06 
    Linear mg_coarse_ solve converged due to CONVERGED_RTOL iterations 5
  7 KSP Residual norm 1.007301716791e-08 
iteration 5     1.16173e-07
time for 1 Picard Iteration 48.8777
Finished Picard Loop
time taken for solve is295.262
************************************************************************************************************************
***             WIDEN YOUR WINDOW TO 120 CHARACTERS.  Use 'enscript -r -fCourier9' to print this document            ***
************************************************************************************************************************

---------------------------------------------- PETSc Performance Summary: ----------------------------------------------

/home/a/asarkar/sudhipv/software/FreeFem-sources/src/mpi/FreeFem++-mpi on a  named nia1552.scinet.local with 142 processors, by sudhipv Thu Nov 24 16:51:39 2022
Using Petsc Release Version 3.15.0, Mar 30, 2021 

                         Max       Max/Min     Avg       Total
Time (sec):           2.956e+02     1.000   2.956e+02
Objects:              1.900e+02     1.000   1.900e+02
Flop:                 5.093e+12     1.420   4.456e+12  6.327e+14
Flop/sec:             1.723e+10     1.420   1.507e+10  2.141e+12
MPI Messages:         7.080e+03     4.000   4.690e+03  6.659e+05
MPI Message Lengths:  3.776e+07     3.044   6.403e+03  4.264e+09
MPI Reductions:       8.940e+02     1.000

Flop counting convention: 1 flop = 1 real number operation of type (multiply/divide/add/subtract)
                            e.g., VecAXPY() for real vectors of length N --> 2N flop
                            and VecAXPY() for complex vectors of length N --> 8N flop

Summary of Stages:   ----- Time ------  ----- Flop ------  --- Messages ---  -- Message Lengths --  -- Reductions --
                        Avg     %Total     Avg     %Total    Count   %Total     Avg         %Total    Count   %Total
 0:      Main Stage: 2.9559e+02 100.0%  6.3273e+14 100.0%  6.659e+05 100.0%  6.403e+03      100.0%  8.760e+02  98.0%

------------------------------------------------------------------------------------------------------------------------
See the 'Profiling' chapter of the users' manual for details on interpreting output.
Phase summary info:
   Count: number of times phase was executed
   Time and Flop: Max - maximum over all processors
                  Ratio - ratio of maximum to minimum over all processors
   Mess: number of messages sent
   AvgLen: average message length (bytes)
   Reduct: number of global reductions
   Global: entire computation
   Stage: stages of a computation. Set stages with PetscLogStagePush() and PetscLogStagePop().
      %T - percent time in this phase         %F - percent flop in this phase
      %M - percent messages in this phase     %L - percent message lengths in this phase
      %R - percent reductions in this phase
   Total Mflop/s: 10e-6 * (sum of flop over all processors)/(max time over all processors)
------------------------------------------------------------------------------------------------------------------------
Event                Count      Time (sec)     Flop                              --- Global ---  --- Stage ----  Total
                   Max Ratio  Max     Ratio   Max  Ratio  Mess   AvgLen  Reduct  %T %F %M %L %R  %T %F %M %L %R Mflop/s
------------------------------------------------------------------------------------------------------------------------

--- Event Stage 0: Main Stage

BuildTwoSided         17 1.0 4.8710e+01293.9 0.00e+00 0.0 2.3e+03 4.0e+00 1.5e+01  6  0  0  0  2   6  0  0  0  2     0
BuildTwoSidedF        12 1.0 4.8480e+01906.8 0.00e+00 0.0 0.0e+00 0.0e+00 1.2e+01  6  0  0  0  1   6  0  0  0  1     0
MatMult              573 1.0 3.9290e+00 2.2 2.01e+09 1.1 4.3e+05 3.2e+03 2.0e+00  1  0 65 32  0   1  0 65 32  0 69295
MatMultAdd            44 1.0 7.7802e-02 2.0 3.69e+06 1.1 3.3e+04 6.2e+03 0.0e+00  0  0  5  5  0   0  0  5  5  0  6482
MatMultTranspose      44 1.0 8.3079e-0110.9 0.00e+00 0.0 3.3e+04 2.1e+04 0.0e+00  0  0  5 16  0   0  0  5 16  0     0
MatSolve             242 1.0 1.0411e+01 1.8 5.09e+12 1.4 0.0e+00 0.0e+00 0.0e+00  3100  0  0  0   3100  0  0  0 60742860
MatLUFactorSym         1 1.0 1.9193e-01 1.8 0.00e+00 0.0 0.0e+00 0.0e+00 0.0e+00  0  0  0  0  0   0  0  0  0  0     0
MatLUFactorNum         6 1.0 4.9350e+00 1.4 2.07e+08 1.3 0.0e+00 0.0e+00 0.0e+00  1  0  0  0  0   1  0  0  0  0  5383
MatConvert             6 1.0 8.1261e-02 1.0 0.00e+00 0.0 0.0e+00 0.0e+00 2.4e+01  0  0  0  0  3   0  0  0  0  3     0
MatResidual           44 1.0 7.6243e-01 3.4 2.58e+08 1.1 3.3e+04 3.9e+03 0.0e+00  0  0  5  3  0   0  0  5  3  0 46229
MatAssemblyBegin      26 1.0 4.8480e+01896.2 0.00e+00 0.0 0.0e+00 0.0e+00 1.2e+01  6  0  0  0  1   6  0  0  0  1     0
MatAssemblyEnd        26 1.0 8.8517e+00161.8 0.00e+00 0.0 0.0e+00 0.0e+00 3.2e+01  1  0  0  0  4   1  0  0  0  4     0
MatGetRowIJ           13 1.0 3.9182e-03 2.4 0.00e+00 0.0 0.0e+00 0.0e+00 0.0e+00  0  0  0  0  0   0  0  0  0  0     0
MatCreateSubMats       6 1.0 4.5901e-01 1.3 0.00e+00 0.0 7.5e+03 1.8e+05 1.0e+00  0  0  1 32  0   0  0  1 32  0     0
MatGetOrdering         1 1.0 9.8819e-03 2.0 0.00e+00 0.0 0.0e+00 0.0e+00 0.0e+00  0  0  0  0  0   0  0  0  0  0     0
MatIncreaseOvrlp       1 1.0 1.1609e-02 1.2 0.00e+00 0.0 0.0e+00 0.0e+00 1.0e+00  0  0  0  0  0   0  0  0  0  0     0
MatZeroEntries        10 1.0 3.0934e-02 1.5 0.00e+00 0.0 0.0e+00 0.0e+00 0.0e+00  0  0  0  0  0   0  0  0  0  0     0
KSPSetUp              13 1.0 9.2463e+00 1.0 1.39e+12 1.4 1.1e+05 1.6e+04 1.4e+02  3 27 16 41 16   3 27 16 41 16 18662362
KSPSolve               6 1.0 2.1877e+01 1.0 3.70e+12 1.4 5.5e+05 4.4e+03 6.6e+02  7 73 83 57 73   7 73 83 57 75 21034881
KSPGMRESOrthog       353 1.0 4.8145e+0010.4 1.23e+08 1.1 0.0e+00 0.0e+00 3.5e+02  0  0  0  0 39   0  0  0  0 40  3454
PCSetUp               11 1.0 1.1777e+01 1.0 1.39e+12 1.4 1.1e+05 1.6e+04 1.7e+02  4 27 16 41 19   4 27 16 41 19 14652083
PCSetUpOnBlocks       94 1.0 1.4202e+00 1.2 3.45e+07 1.3 0.0e+00 0.0e+00 0.0e+00  0  0  0  0  0   0  0  0  0  0  3118
PCApply               44 1.0 2.1467e+01 1.1 3.70e+12 1.4 5.2e+05 4.4e+03 5.6e+02  7 73 78 54 63   7 73 78 54 64 21434819
PCApplyOnBlocks      242 1.0 1.4195e+01 1.7 5.09e+12 1.4 0.0e+00 0.0e+00 0.0e+00  4100  0  0  0   4100  0  0  0 44554057
VecMDot              353 1.0 4.7902e+0011.3 6.15e+07 1.1 0.0e+00 0.0e+00 3.5e+02  0  0  0  0 39   0  0  0  0 40  1736
VecNorm              409 1.0 3.0687e+0035.2 1.61e+07 1.1 0.0e+00 0.0e+00 4.1e+02  0  0  0  0 46   0  0  0  0 47   708
VecScale             497 1.0 3.1347e-03 1.5 8.05e+06 1.1 0.0e+00 0.0e+00 0.0e+00  0  0  0  0  0   0  0  0  0  0 346314
VecCopy              518 1.0 2.3624e-02 2.0 0.00e+00 0.0 0.0e+00 0.0e+00 0.0e+00  0  0  0  0  0   0  0  0  0  0     0
VecSet              1225 1.0 8.0926e-02 1.8 0.00e+00 0.0 0.0e+00 0.0e+00 0.0e+00  0  0  0  0  0   0  0  0  0  0     0
VecAXPY              100 1.0 8.3426e-03 3.0 5.65e+06 1.1 0.0e+00 0.0e+00 0.0e+00  0  0  0  0  0   0  0  0  0  0 92084
VecAYPX              264 1.0 3.3977e-02 3.1 1.48e+07 1.1 0.0e+00 0.0e+00 0.0e+00  0  0  0  0  0   0  0  0  0  0 59368
VecAXPBYCZ            88 1.0 2.0605e-02 3.4 1.85e+07 1.1 0.0e+00 0.0e+00 0.0e+00  0  0  0  0  0   0  0  0  0  0 122368
VecMAXPY             409 1.0 4.7169e-02 2.1 7.56e+07 1.1 0.0e+00 0.0e+00 0.0e+00  0  0  0  0  0   0  0  0  0  0 216730
VecScatterBegin     1497 1.0 3.2627e-01 2.5 0.00e+00 0.0 5.8e+05 3.2e+03 3.0e+00  0  0 88 44  0   0  0 88 44  0     0
VecScatterEnd       1497 1.0 3.4633e+0082.4 0.00e+00 0.0 0.0e+00 0.0e+00 0.0e+00  0  0  0  0  0   0  0  0  0  0     0
VecNormalize         359 1.0 3.0600e+0035.9 1.79e+07 1.1 0.0e+00 0.0e+00 3.6e+02  0  0  0  0 40   0  0  0  0 41   783
SFSetGraph             5 1.0 8.7414e-05 1.6 0.00e+00 0.0 0.0e+00 0.0e+00 0.0e+00  0  0  0  0  0   0  0  0  0  0     0
SFSetUp                5 1.0 2.5242e-0124.7 0.00e+00 0.0 4.5e+03 8.1e+02 3.0e+00  0  0  1  0  0   0  0  1  0  0     0
SFReduceBegin        242 1.0 2.9166e-02 3.3 0.00e+00 0.0 0.0e+00 0.0e+00 0.0e+00  0  0  0  0  0   0  0  0  0  0     0
SFReduceEnd          242 1.0 2.2816e-04 2.6 0.00e+00 0.0 0.0e+00 0.0e+00 0.0e+00  0  0  0  0  0   0  0  0  0  0     0
SFPack              1497 1.0 1.0515e-02 5.0 0.00e+00 0.0 0.0e+00 0.0e+00 0.0e+00  0  0  0  0  0   0  0  0  0  0     0
SFUnpack            1497 1.0 2.1175e-03 8.5 0.00e+00 0.0 0.0e+00 0.0e+00 0.0e+00  0  0  0  0  0   0  0  0  0  0     0
------------------------------------------------------------------------------------------------------------------------

Memory usage is given in bytes:

Object Type          Creations   Destructions     Memory  Descendants' Mem.
Reports information only for process 0.

--- Event Stage 0: Main Stage

              Matrix    17             17     83701460     0.
       Krylov Solver     5              5        72264     0.
      Preconditioner     5              5         6024     0.
              Viewer     2              1          848     0.
              Vector   120            120     27556272     0.
           Index Set    20             20      2087536     0.
   IS L to G Mapping     1              1       499400     0.
   Star Forest Graph    11             11        12600     0.
    Distributed Mesh     3              3        15144     0.
     Discrete System     3              3         2712     0.
           Weak Form     3              3         2472     0.
========================================================================================================================
Average time to get PetscTime(): 3e-08
Average time for MPI_Barrier(): 6.3168e-05
Average time for zero size MPI_Send(): 1.33612e-06
#PETSc Option Table entries:
-ksp_max_it 200
-ksp_monitor
-ksp_pc_side right
-ksp_type fgmres
-log_view
-m 378
-mg_coarse_ksp_converged_reason
-mg_coarse_ksp_monitor
-mg_coarse_ksp_pc_side right
-mg_coarse_ksp_type gmres
-mg_coarse_pc_type hypre
-mg_levels_pc_type asm
-mg_levels_sub_pc_factor_mat_solver_type mumps
-mg_levels_sub_pc_type lu
-n 378
-nw
-pc_mg_type multiplicative
-pc_type mg
#End of PETSc Option Table entries
Compiled without FORTRAN kernels
Compiled with full precision matrices (default)
sizeof(short) 2 sizeof(int) 4 sizeof(long) 8 sizeof(void*) 8 sizeof(PetscScalar) 8 sizeof(PetscInt) 4
Configure options: --prefix=/home/a/asarkar/sudhipv/software/FreeFem-sources/install/ff-petsc/r MAKEFLAGS= --with-debugging=0 COPTFLAGS="-O3 -mtune=native" CXXOPTFLAGS="-O3 -mtune=native" FOPTFLAGS="-O3 -mtune=native" --with-cxx-dialect=C++11 --with-ssl=0 --with-x=0 --with-fortran-bindings=0 --with-cudac=0 --with-cc=/cvmfs/soft.computecanada.ca/easybuild/software/2020/avx512/Compiler/intel2020/openmpi/4.0.3/bin/mpicc --with-cxx=/cvmfs/soft.computecanada.ca/easybuild/software/2020/avx512/Compiler/intel2020/openmpi/4.0.3/bin/mpic++ --with-fc=/cvmfs/soft.computecanada.ca/easybuild/software/2020/avx512/Compiler/intel2020/openmpi/4.0.3/bin/mpif90 --with-scalar-type=real --with-blaslapack-include=/cvmfs/soft.computecanada.ca/easybuild/software/2020/Core/imkl/2020.1.217/mkl/include --with-blaslapack-lib="-Wl,-rpath,/cvmfs/soft.computecanada.ca/easybuild/software/2020/Core/imkl/2020.1.217/mkl/lib/intel64 -L/cvmfs/soft.computecanada.ca/easybuild/software/2020/Core/imkl/2020.1.217/mkl/lib/intel64 -lmkl_rt -lmkl_intel_thread -lmkl_core  -liomp5 -lpthread" --download-metis --download-ptscotch --download-hypre --download-parmetis --download-mmg --download-parmmg --download-superlu --download-suitesparse --download-tetgen --download-slepc --download-hpddm --download-scalapack --download-mumps --download-slepc-configure-arguments=--download-arpack=https://github.com/prj-/arpack-ng/archive/b64dccb.tar.gz PETSC_ARCH=fr
-----------------------------------------
Libraries compiled on 2021-05-02 15:39:49 on nia-login03.scinet.local 
Machine characteristics: Linux-3.10.0-957.27.2.el7.x86_64-x86_64-with-centos-7.6.1810-Core
Using PETSc directory: /home/a/asarkar/sudhipv/software/FreeFem-sources/install/ff-petsc/r
Using PETSc arch: 
-----------------------------------------

Using C compiler: /cvmfs/soft.computecanada.ca/easybuild/software/2020/avx512/Compiler/intel2020/openmpi/4.0.3/bin/mpicc  -fPIC -wd1572 -O3 -mtune=native   
Using Fortran compiler: /cvmfs/soft.computecanada.ca/easybuild/software/2020/avx512/Compiler/intel2020/openmpi/4.0.3/bin/mpif90  -fPIC -O3 -mtune=native     
-----------------------------------------

Using include paths: -I/home/a/asarkar/sudhipv/software/FreeFem-sources/install/ff-petsc/r/include -I/cvmfs/soft.computecanada.ca/easybuild/software/2020/Core/imkl/2020.1.217/mkl/include
-----------------------------------------

Using C linker: /cvmfs/soft.computecanada.ca/easybuild/software/2020/avx512/Compiler/intel2020/openmpi/4.0.3/bin/mpicc
Using Fortran linker: /cvmfs/soft.computecanada.ca/easybuild/software/2020/avx512/Compiler/intel2020/openmpi/4.0.3/bin/mpif90
Using libraries: -Wl,-rpath,/home/a/asarkar/sudhipv/software/FreeFem-sources/install/ff-petsc/r/lib -L/home/a/asarkar/sudhipv/software/FreeFem-sources/install/ff-petsc/r/lib -lpetsc -Wl,-rpath,/home/a/asarkar/sudhipv/software/FreeFem-sources/install/ff-petsc/r/lib -L/home/a/asarkar/sudhipv/software/FreeFem-sources/install/ff-petsc/r/lib -Wl,-rpath,/cvmfs/soft.computecanada.ca/easybuild/software/2020/Core/imkl/2020.1.217/mkl/lib/intel64 -L/cvmfs/soft.computecanada.ca/easybuild/software/2020/Core/imkl/2020.1.217/mkl/lib/intel64 -Wl,-rpath,/cvmfs/soft.computecanada.ca/easybuild/software/2020/avx512/Compiler/intel2020/openmpi/4.0.3/lib -L/cvmfs/soft.computecanada.ca/easybuild/software/2020/avx512/Compiler/intel2020/openmpi/4.0.3/lib -Wl,-rpath,/cvmfs/soft.computecanada.ca/easybuild/software/2020/avx512/Core/libfabric/1.10.1/lib -L/cvmfs/soft.computecanada.ca/easybuild/software/2020/avx512/Core/libfabric/1.10.1/lib -Wl,-rpath,/cvmfs/soft.computecanada.ca/easybuild/software/2020/avx512/Core/ucx/1.8.0/lib -L/cvmfs/soft.computecanada.ca/easybuild/software/2020/avx512/Core/ucx/1.8.0/lib -Wl,-rpath,/cvmfs/soft.computecanada.ca/easybuild/software/2020/Core/imkl/2020.1.217/lib/intel64 -L/cvmfs/soft.computecanada.ca/easybuild/software/2020/Core/imkl/2020.1.217/lib/intel64 -Wl,-rpath,/cvmfs/restricted.computecanada.ca/easybuild/software/2020/Core/intel/2020.1.217/compilers_and_libraries_2020.1.217/linux/tbb/lib/intel64/gcc4.8 -L/cvmfs/restricted.computecanada.ca/easybuild/software/2020/Core/intel/2020.1.217/compilers_and_libraries_2020.1.217/linux/tbb/lib/intel64/gcc4.8 -Wl,-rpath,/cvmfs/restricted.computecanada.ca/easybuild/software/2020/Core/intel/2020.1.217/compilers_and_libraries_2020.1.217/linux/compiler/lib/intel64_lin -L/cvmfs/restricted.computecanada.ca/easybuild/software/2020/Core/intel/2020.1.217/compilers_and_libraries_2020.1.217/linux/compiler/lib/intel64_lin -Wl,-rpath,/cvmfs/soft.computecanada.ca/easybuild/software/2020/avx512/Compiler/intel2020/openmpi/4.0.3/lib64 -L/cvmfs/soft.computecanada.ca/easybuild/software/2020/avx512/Compiler/intel2020/openmpi/4.0.3/lib64 -Wl,-rpath,/cvmfs/soft.computecanada.ca/easybuild/software/2020/Core/gcccore/9.3.0/lib/gcc/x86_64-pc-linux-gnu/9.3.0 -L/cvmfs/soft.computecanada.ca/easybuild/software/2020/Core/gcccore/9.3.0/lib/gcc/x86_64-pc-linux-gnu/9.3.0 -Wl,-rpath,/cvmfs/soft.computecanada.ca/easybuild/software/2020/Core/gcccore/9.3.0/lib64 -L/cvmfs/soft.computecanada.ca/easybuild/software/2020/Core/gcccore/9.3.0/lib64 -Wl,-rpath,/cvmfs/soft.computecanada.ca/gentoo/2020/lib64 -L/cvmfs/soft.computecanada.ca/gentoo/2020/lib64 -Wl,-rpath,/cvmfs/soft.computecanada.ca/gentoo/2020/usr/lib64 -L/cvmfs/soft.computecanada.ca/gentoo/2020/usr/lib64 -Wl,-rpath,/cvmfs/soft.computecanada.ca/easybuild/software/2020/Core/gcccore/9.3.0/lib -L/cvmfs/soft.computecanada.ca/easybuild/software/2020/Core/gcccore/9.3.0/lib -Wl,-rpath,/cvmfs/soft.computecanada.ca/gentoo/2020/lib -L/cvmfs/soft.computecanada.ca/gentoo/2020/lib -Wl,-rpath,/cvmfs/soft.computecanada.ca/gentoo/2020/usr/lib -L/cvmfs/soft.computecanada.ca/gentoo/2020/usr/lib -lHYPRE -lcmumps -ldmumps -lsmumps -lzmumps -lmumps_common -lpord -lscalapack -lumfpack -lklu -lcholmod -lbtf -lccolamd -lcolamd -lcamd -lamd -lsuitesparseconfig -lsuperlu -lmkl_rt -lmkl_intel_thread -lmkl_core -liomp5 -lpthread -lparmmg -lmmg -lmmg3d -lptesmumps -lptscotchparmetis -lptscotch -lptscotcherr -lesmumps -lscotch -lscotcherr -lpthread -lparmetis -lmetis -ltet -lstdc++ -ldl -lmpi_usempif08 -lmpi_usempi_ignore_tkr -lmpi_mpifh -lmpi -lifport -lifcoremt_pic -limf -lsvml -lm -lipgo -lirc -lpthread -lgcc_s -lirc_s -lrt -lquadmath -lstdc++ -ldl
-----------------------------------------


scontrol show jobid 8480309
JobId=8480309 JobName=NLweaksto_order3
   UserId=sudhipv(3061414) GroupId=asarkar(6001189) MCS_label=N/A
   Priority=1287974 Nice=0 Account=def-asarkar QOS=normal
   JobState=COMPLETED Reason=None Dependency=(null)
   Requeue=0 Restarts=0 BatchFlag=1 Reboot=0 ExitCode=0:0
   RunTime=00:05:25 TimeLimit=00:35:00 TimeMin=N/A
   SubmitTime=2022-11-24T16:23:13 EligibleTime=2022-11-24T16:23:13
   AccrueTime=2022-11-24T16:23:13
   StartTime=2022-11-24T16:46:15 EndTime=2022-11-24T16:51:40 Deadline=N/A
   SuspendTime=None SecsPreSuspend=0 LastSchedEval=2022-11-24T16:46:15 Scheduler=Backfill
   Partition=compute AllocNode:Sid=nia-login07:154972
   ReqNodeList=(null) ExcNodeList=(null)
   NodeList=nia[1552,1560,1582,2004]
   BatchHost=nia1552
   NumNodes=4 NumCPUs=320 NumTasks=160 CPUs/Task=1 ReqB:S:C:T=0:0:*:*
   TRES=cpu=320,mem=700000M,node=4,billing=160
   Socks/Node=* NtasksPerN:B:S:C=40:0:*:* CoreSpec=*
   MinCPUsNode=40 MinMemoryNode=175000M MinTmpDiskNode=0
   Features=[skylake|cascade] DelayBoot=00:00:00
   OverSubscribe=NO Contiguous=0 Licenses=(null) Network=(null)
   Command=/gpfs/fs0/scratch/a/asarkar/sudhipv/poisson_hpc/stochastic/process_NL/weak_RV2/runff_niagara.sh
   WorkDir=/gpfs/fs0/scratch/a/asarkar/sudhipv/poisson_hpc/stochastic/process_NL/weak_RV2
   Comment=/opt/slurm/bin/sbatch --export=NONE runff_niagara.sh 
   StdErr=/gpfs/fs0/scratch/a/asarkar/sudhipv/poisson_hpc/stochastic/process_NL/weak_RV2/NLweaksto_order3-8480309.out
   StdIn=/dev/null
   StdOut=/gpfs/fs0/scratch/a/asarkar/sudhipv/poisson_hpc/stochastic/process_NL/weak_RV2/NLweaksto_order3-8480309.out
   Power=
   MailUser=sudhipv@cmail.carleton.ca MailType=INVALID_DEPEND,BEGIN,END,FAIL,REQUEUE,STAGE_OUT
   

sacct -j 8480309
JobID           JobName    Account    Elapsed  MaxVMSize     MaxRSS  SystemCPU    UserCPU ExitCode 
------------ ---------- ---------- ---------- ---------- ---------- ---------- ---------- -------- 
8480309      NLweaksto+ def-asark+   00:05:25                        03:37.613   11:33:00      0:0 
8480309.bat+      batch def-asark+   00:05:25  51535600K  26671624K  01:02.838   03:15:12      0:0 
8480309.ext+     extern def-asark+   00:05:28    142384K      1132K  00:00.001  00:00.001      0:0 
8480309.0         orted def-asark+   00:05:09     49891M  27048688K  02:34.774   08:17:48      0:0 
