
The following have been reloaded with a version change:
  1) mii/1.1.1 => mii/1.1.2

/cvmfs/soft.computecanada.ca/easybuild/software/2020/avx512/Compiler/intel2020/openmpi/4.0.3/bin/mpiexec
/cvmfs/soft.computecanada.ca/easybuild/software/2020/avx512/Compiler/intel2020/openmpi/4.0.3/bin/mpirun
Number of Vertices for coarse grid  1285956
Number of Vertices for fine mesh is  5.13929e+06
1	
	-111111	
number of random variable  3
order of input  2
order of output  3
Number of input PC   10
Number of output PC  20
Mean of Gaussian  0
Sd of Gaussian  0.3
Size of linear System  1.02786e+08
sindex is 25 2	
	   1   1
	   1   2
	   2   1
	   2   2
	   1   3
	   3   1
	   2   3
	   3   2
	   1   4
	   4   1
	   3   3
	   2   4
	   4   2
	   3   4
	   4   3
	   1   5
	   5   1
	   2   5
	   5   2
	   4   4
	   3   5
	   5   3
	   1   6
	   6   1
	   2   6
	
mindex for file ./kledata/multiIndex00030003.dat is 20 3	
	   0   0   0
	   1   0   0
	   0   1   0
	   0   0   1
	   2   0   0
	   1   1   0
	   1   0   1
	   0   2   0
	   0   1   1
	   0   0   2
	   3   0   0
	   2   1   0
	   2   0   1
	   1   2   0
	   1   1   1
	   1   0   2
	   0   3   0
	   0   2   1
	   0   1   2
	   0   0   3
	
Finished generating log normal input coefficients for rank 0
Assembling matrices for level 0 and rank 0
Assembling matrices for level 1 and rank 0
Exited Assembling 0
Starting solve for 0
  0 KSP Residual norm 4.411115153281e-04 
    Linear mg_coarse_ solve did not converge due to DIVERGED_ITS iterations 100
  1 KSP Residual norm 4.406526105636e-04 
    Linear mg_coarse_ solve did not converge due to DIVERGED_ITS iterations 100
  2 KSP Residual norm 4.354998078676e-04 
    Linear mg_coarse_ solve did not converge due to DIVERGED_ITS iterations 100
  3 KSP Residual norm 4.266488360523e-04 
    Linear mg_coarse_ solve did not converge due to DIVERGED_ITS iterations 100
  4 KSP Residual norm 4.104930797415e-04 
    Linear mg_coarse_ solve did not converge due to DIVERGED_ITS iterations 100
  5 KSP Residual norm 3.677611558190e-04 
    Linear mg_coarse_ solve did not converge due to DIVERGED_ITS iterations 100
  6 KSP Residual norm 2.345200944074e-04 
    Linear mg_coarse_ solve did not converge due to DIVERGED_ITS iterations 100
  7 KSP Residual norm 9.846124332750e-05 
    Linear mg_coarse_ solve did not converge due to DIVERGED_ITS iterations 100
  8 KSP Residual norm 6.593702549237e-05 
    Linear mg_coarse_ solve did not converge due to DIVERGED_ITS iterations 100
  9 KSP Residual norm 4.723230076749e-05 
    Linear mg_coarse_ solve did not converge due to DIVERGED_ITS iterations 100
 10 KSP Residual norm 3.259119616566e-05 
    Linear mg_coarse_ solve did not converge due to DIVERGED_ITS iterations 100
 11 KSP Residual norm 2.038865133862e-05 
    Linear mg_coarse_ solve did not converge due to DIVERGED_ITS iterations 100
 12 KSP Residual norm 1.298347309443e-05 
    Linear mg_coarse_ solve did not converge due to DIVERGED_ITS iterations 100
 13 KSP Residual norm 1.050034727783e-05 
    Linear mg_coarse_ solve did not converge due to DIVERGED_ITS iterations 100
 14 KSP Residual norm 8.545071083761e-06 
    Linear mg_coarse_ solve did not converge due to DIVERGED_ITS iterations 100
 15 KSP Residual norm 4.514314560377e-06 
    Linear mg_coarse_ solve did not converge due to DIVERGED_ITS iterations 100
 16 KSP Residual norm 2.250352847324e-06 
    Linear mg_coarse_ solve did not converge due to DIVERGED_ITS iterations 100
 17 KSP Residual norm 1.133184248363e-06 
    Linear mg_coarse_ solve did not converge due to DIVERGED_ITS iterations 100
 18 KSP Residual norm 4.338025950129e-07 
    Linear mg_coarse_ solve did not converge due to DIVERGED_ITS iterations 100
 19 KSP Residual norm 2.455366921953e-07 
    Linear mg_coarse_ solve did not converge due to DIVERGED_ITS iterations 100
 20 KSP Residual norm 1.825412946857e-07 
    Linear mg_coarse_ solve did not converge due to DIVERGED_ITS iterations 100
 21 KSP Residual norm 1.377365241642e-07 
    Linear mg_coarse_ solve did not converge due to DIVERGED_ITS iterations 100
 22 KSP Residual norm 1.115074693753e-07 
    Linear mg_coarse_ solve did not converge due to DIVERGED_ITS iterations 100
 23 KSP Residual norm 7.547981924794e-08 
    Linear mg_coarse_ solve did not converge due to DIVERGED_ITS iterations 100
 24 KSP Residual norm 4.685707618772e-08 
    Linear mg_coarse_ solve did not converge due to DIVERGED_ITS iterations 100
 25 KSP Residual norm 2.936055975353e-08 
    Linear mg_coarse_ solve did not converge due to DIVERGED_ITS iterations 100
 26 KSP Residual norm 1.923954216309e-08 
    Linear mg_coarse_ solve did not converge due to DIVERGED_ITS iterations 100
 27 KSP Residual norm 1.147762661066e-08 
    Linear mg_coarse_ solve did not converge due to DIVERGED_ITS iterations 100
 28 KSP Residual norm 6.156476883538e-09 
    Linear mg_coarse_ solve did not converge due to DIVERGED_ITS iterations 100
 29 KSP Residual norm 3.181060650716e-09 
time taken for solve is296.212
************************************************************************************************************************
***             WIDEN YOUR WINDOW TO 120 CHARACTERS.  Use 'enscript -r -fCourier9' to print this document            ***
************************************************************************************************************************

---------------------------------------------- PETSc Performance Summary: ----------------------------------------------

/home/a/asarkar/sudhipv/software/FreeFem-sources/src/mpi/FreeFem++-mpi on a  named nia0502.scinet.local with 640 processors, by sudhipv Tue Nov 29 13:24:38 2022
Using Petsc Release Version 3.15.0, Mar 30, 2021 

                         Max       Max/Min     Avg       Total
Time (sec):           2.978e+02     1.000   2.978e+02
Objects:              2.220e+02     1.000   2.220e+02
Flop:                 5.753e+13     1.363   5.103e+13  3.266e+16
Flop/sec:             1.932e+11     1.363   1.714e+11  1.097e+14
MPI Messages:         8.558e+04     4.500   5.384e+04  3.446e+07
MPI Message Lengths:  4.243e+08     3.373   5.937e+03  2.046e+11
MPI Reductions:       6.070e+03     1.000

Flop counting convention: 1 flop = 1 real number operation of type (multiply/divide/add/subtract)
                            e.g., VecAXPY() for real vectors of length N --> 2N flop
                            and VecAXPY() for complex vectors of length N --> 8N flop

Summary of Stages:   ----- Time ------  ----- Flop ------  --- Messages ---  -- Message Lengths --  -- Reductions --
                        Avg     %Total     Avg     %Total    Count   %Total     Avg         %Total    Count   %Total
 0:      Main Stage: 2.9780e+02 100.0%  3.2662e+16 100.0%  3.446e+07 100.0%  5.937e+03      100.0%  6.052e+03  99.7%

------------------------------------------------------------------------------------------------------------------------
See the 'Profiling' chapter of the users' manual for details on interpreting output.
Phase summary info:
   Count: number of times phase was executed
   Time and Flop: Max - maximum over all processors
                  Ratio - ratio of maximum to minimum over all processors
   Mess: number of messages sent
   AvgLen: average message length (bytes)
   Reduct: number of global reductions
   Global: entire computation
   Stage: stages of a computation. Set stages with PetscLogStagePush() and PetscLogStagePop().
      %T - percent time in this phase         %F - percent flop in this phase
      %M - percent messages in this phase     %L - percent message lengths in this phase
      %R - percent reductions in this phase
   Total Mflop/s: 10e-6 * (sum of flop over all processors)/(max time over all processors)
------------------------------------------------------------------------------------------------------------------------
Event                Count      Time (sec)     Flop                              --- Global ---  --- Stage ----  Total
                   Max Ratio  Max     Ratio   Max  Ratio  Mess   AvgLen  Reduct  %T %F %M %L %R  %T %F %M %L %R Mflop/s
------------------------------------------------------------------------------------------------------------------------

--- Event Stage 0: Main Stage

BuildTwoSided          8 1.0 4.3385e+0020.5 0.00e+00 0.0 1.4e+04 4.0e+00 6.0e+00  1  0  0  0  0   1  0  0  0  0     0
BuildTwoSidedF         2 1.0 1.8324e-01254.5 0.00e+00 0.0 0.0e+00 0.0e+00 2.0e+00  0  0  0  0  0   0  0  0  0  0     0
MatMult             3171 1.0 8.6262e+01 1.2 4.31e+10 1.1 1.2e+07 5.5e+03 2.0e+00 25  0 33 31  0  25  0 33 31  0 299723
MatMultAdd            29 1.0 2.5612e-01 2.0 9.67e+06 1.1 1.1e+05 1.7e+04 0.0e+00  0  0  0  1  0   0  0  0  1  0 23276
MatMultTranspose      29 1.0 5.1506e+0047.4 0.00e+00 0.0 1.1e+05 5.8e+04 0.0e+00  0  0  0  3  0   0  0  0  3  0     0
MatSolve            3143 1.0 1.2903e+02 1.4 5.75e+13 1.4 0.0e+00 0.0e+00 0.0e+00 34100  0  0  0  34100  0  0  0 252895968
MatLUFactorSym         1 1.0 1.1638e+00 1.2 0.00e+00 0.0 0.0e+00 0.0e+00 0.0e+00  0  0  0  0  0   0  0  0  0  0     0
MatLUFactorNum         2 1.0 1.2475e+01 1.4 6.37e+08 1.1 0.0e+00 0.0e+00 0.0e+00  3  0  0  0  0   3  0  0  0  0 30824
MatILUFactorSym        1 1.0 1.7443e-01 8.0 0.00e+00 0.0 0.0e+00 0.0e+00 0.0e+00  0  0  0  0  0   0  0  0  0  0     0
MatResidual           29 1.0 6.1450e+00 4.3 1.35e+09 1.1 1.1e+05 1.1e+04 0.0e+00  1  0  0  1  0   1  0  0  1  0 135753
MatAssemblyBegin       6 1.0 1.8366e-01219.7 0.00e+00 0.0 0.0e+00 0.0e+00 2.0e+00  0  0  0  0  0   0  0  0  0  0     0
MatAssemblyEnd         6 1.0 4.6337e+0011.8 0.00e+00 0.0 0.0e+00 0.0e+00 8.0e+00  1  0  0  0  0   1  0  0  0  0     0
MatGetRowIJ            2 1.0 2.2244e-02 1.6 0.00e+00 0.0 0.0e+00 0.0e+00 0.0e+00  0  0  0  0  0   0  0  0  0  0     0
MatCreateSubMats       2 1.0 1.3760e+00 1.2 0.00e+00 0.0 3.6e+04 3.4e+05 2.0e+00  0  0  0  6  0   0  0  0  6  0     0
MatGetOrdering         2 1.0 7.2354e-02 2.0 0.00e+00 0.0 0.0e+00 0.0e+00 0.0e+00  0  0  0  0  0   0  0  0  0  0     0
MatIncreaseOvrlp       2 1.0 1.9895e-01 2.2 0.00e+00 0.0 0.0e+00 0.0e+00 2.0e+00  0  0  0  0  0   0  0  0  0  0     0
KSPSetUp               4 1.0 2.1465e+01 1.0 4.98e+12 1.4 1.5e+05 6.6e+04 3.8e+01  7  9  0  5  1   7  9  0  5  1 131599903
KSPSolve               1 1.0 2.3998e+02 1.0 5.26e+13 1.4 3.4e+07 5.5e+03 6.0e+03 81 91 99 93 98  81 91 99 93 99 124333336
KSPGMRESOrthog      2939 1.0 5.4087e+01 2.3 7.60e+09 1.2 0.0e+00 0.0e+00 2.9e+03 15  0  0  0 48  15  0  0  0 49 83705
PCSetUp                2 1.0 2.2188e+01 1.0 4.98e+12 1.4 1.7e+05 8.3e+04 4.5e+01  7  9  0  7  1   7  9  0  7  1 127323900
PCSetUpOnBlocks       88 1.0 1.3777e+01 1.4 6.37e+08 1.1 0.0e+00 0.0e+00 0.0e+00  4  0  0  0  0   4  0  0  0  0 27912
PCApply               29 1.0 2.3643e+02 1.0 5.25e+13 1.4 3.4e+07 5.5e+03 5.9e+03 77 91 99 92 97  77 91 99 92 98 126194553
PCApplyOnBlocks     3143 1.0 1.2944e+02 1.4 5.75e+13 1.4 0.0e+00 0.0e+00 0.0e+00 34100  0  0  0  34100  0  0  0 252102395
VecMDot             2939 1.0 5.1269e+01 2.6 3.80e+09 1.2 0.0e+00 0.0e+00 2.9e+03 14  0  0  0 48  14  0  0  0 49 44153
VecNorm             3057 1.0 1.3740e+01 4.9 2.74e+08 1.2 0.0e+00 0.0e+00 3.1e+03  3  0  0  0 50   3  0  0  0 51 11904
VecScale            3115 1.0 4.2019e-02 1.4 1.37e+08 1.2 0.0e+00 0.0e+00 0.0e+00  0  0  0  0  0   0  0  0  0  0 1946341
VecCopy              332 1.0 9.0962e-02 1.4 0.00e+00 0.0 0.0e+00 0.0e+00 0.0e+00  0  0  0  0  0   0  0  0  0  0     0
VecSet              9646 1.0 1.1503e+00 1.9 0.00e+00 0.0 0.0e+00 0.0e+00 0.0e+00  0  0  0  0  0   0  0  0  0  0     0
VecAXPY              234 1.0 5.3002e-02 2.1 2.79e+07 1.1 0.0e+00 0.0e+00 0.0e+00  0  0  0  0  0   0  0  0  0  0 317247
VecAYPX              174 1.0 6.9440e-02 1.6 3.87e+07 1.1 0.0e+00 0.0e+00 0.0e+00  0  0  0  0  0   0  0  0  0  0 343407
VecAXPBYCZ            58 1.0 4.1633e-02 2.1 4.83e+07 1.1 0.0e+00 0.0e+00 0.0e+00  0  0  0  0  0   0  0  0  0  0 715975
VecMAXPY            3057 1.0 5.4233e+00 1.9 4.06e+09 1.2 0.0e+00 0.0e+00 0.0e+00  1  0  0  0  0   1  0  0  0  0 446385
VecScatterBegin    15714 1.0 5.8378e+00 4.4 0.00e+00 0.0 3.4e+07 5.4e+03 4.0e+00  1  0 99 90  0   1  0 99 90  0     0
VecScatterEnd      15714 1.0 4.9479e+0122.5 1.58e+07 3.4 0.0e+00 0.0e+00 0.0e+00  6  0  0  0  0   6  0  0  0  0   154
VecNormalize        3027 1.0 1.3599e+01 4.9 3.97e+08 1.2 0.0e+00 0.0e+00 3.0e+03  3  0  0  0 50   3  0  0  0 50 17361
SFSetGraph             6 1.0 4.4753e-04 2.4 0.00e+00 0.0 0.0e+00 0.0e+00 0.0e+00  0  0  0  0  0   0  0  0  0  0     0
SFSetUp                6 1.0 4.1706e+0052.2 0.00e+00 0.0 2.9e+04 2.0e+03 4.0e+00  1  0  0  0  0   1  0  0  0  0     0
SFPack             15714 1.0 1.5695e-01 5.1 0.00e+00 0.0 0.0e+00 0.0e+00 0.0e+00  0  0  0  0  0   0  0  0  0  0     0
SFUnpack           15714 1.0 1.0579e-01 6.0 1.58e+07 3.4 0.0e+00 0.0e+00 0.0e+00  0  0  0  0  0   0  0  0  0  0 72079
------------------------------------------------------------------------------------------------------------------------

Memory usage is given in bytes:

Object Type          Creations   Destructions     Memory  Descendants' Mem.
Reports information only for process 0.

--- Event Stage 0: Main Stage

              Matrix    13             13    774813016     0.
       Krylov Solver     6              6        73864     0.
      Preconditioner     6              6         6552     0.
              Viewer     2              1          848     0.
              Vector   146            146    135031952     0.
           Index Set    26             26      5403952     0.
   IS L to G Mapping     2              2      4184640     0.
   Star Forest Graph    12             12        13824     0.
    Distributed Mesh     3              3        15144     0.
     Discrete System     3              3         2712     0.
           Weak Form     3              3         2472     0.
========================================================================================================================
Average time to get PetscTime(): 3.28e-08
Average time for MPI_Barrier(): 8.8312e-05
Average time for zero size MPI_Send(): 3.05973e-06
#PETSc Option Table entries:
-ksp_max_it 200
-ksp_monitor
-ksp_pc_side right
-ksp_type fgmres
-log_view
-m 1133
-mg_coarse_ksp_converged_reason
-mg_coarse_ksp_max_it 100
-mg_coarse_ksp_rtol 1e-2
-mg_coarse_ksp_type gmres
-mg_coarse_pc_asm_type basic
-mg_coarse_pc_type asm
-mg_levels_pc_asm_type basic
-mg_levels_pc_type asm
-mg_levels_sub_pc_factor_mat_solver_type mumps
-mg_levels_sub_pc_type lu
-n 1133
-nw
-pc_mg_type multiplicative
-pc_type mg
#End of PETSc Option Table entries
Compiled without FORTRAN kernels
Compiled with full precision matrices (default)
sizeof(short) 2 sizeof(int) 4 sizeof(long) 8 sizeof(void*) 8 sizeof(PetscScalar) 8 sizeof(PetscInt) 4
Configure options: --prefix=/home/a/asarkar/sudhipv/software/FreeFem-sources/install/ff-petsc/r MAKEFLAGS= --with-debugging=0 COPTFLAGS="-O3 -mtune=native" CXXOPTFLAGS="-O3 -mtune=native" FOPTFLAGS="-O3 -mtune=native" --with-cxx-dialect=C++11 --with-ssl=0 --with-x=0 --with-fortran-bindings=0 --with-cudac=0 --with-cc=/cvmfs/soft.computecanada.ca/easybuild/software/2020/avx512/Compiler/intel2020/openmpi/4.0.3/bin/mpicc --with-cxx=/cvmfs/soft.computecanada.ca/easybuild/software/2020/avx512/Compiler/intel2020/openmpi/4.0.3/bin/mpic++ --with-fc=/cvmfs/soft.computecanada.ca/easybuild/software/2020/avx512/Compiler/intel2020/openmpi/4.0.3/bin/mpif90 --with-scalar-type=real --with-blaslapack-include=/cvmfs/soft.computecanada.ca/easybuild/software/2020/Core/imkl/2020.1.217/mkl/include --with-blaslapack-lib="-Wl,-rpath,/cvmfs/soft.computecanada.ca/easybuild/software/2020/Core/imkl/2020.1.217/mkl/lib/intel64 -L/cvmfs/soft.computecanada.ca/easybuild/software/2020/Core/imkl/2020.1.217/mkl/lib/intel64 -lmkl_rt -lmkl_intel_thread -lmkl_core  -liomp5 -lpthread" --download-metis --download-ptscotch --download-hypre --download-parmetis --download-mmg --download-parmmg --download-superlu --download-suitesparse --download-tetgen --download-slepc --download-hpddm --download-scalapack --download-mumps --download-slepc-configure-arguments=--download-arpack=https://github.com/prj-/arpack-ng/archive/b64dccb.tar.gz PETSC_ARCH=fr
-----------------------------------------
Libraries compiled on 2021-05-02 15:39:49 on nia-login03.scinet.local 
Machine characteristics: Linux-3.10.0-957.27.2.el7.x86_64-x86_64-with-centos-7.6.1810-Core
Using PETSc directory: /home/a/asarkar/sudhipv/software/FreeFem-sources/install/ff-petsc/r
Using PETSc arch: 
-----------------------------------------

Using C compiler: /cvmfs/soft.computecanada.ca/easybuild/software/2020/avx512/Compiler/intel2020/openmpi/4.0.3/bin/mpicc  -fPIC -wd1572 -O3 -mtune=native   
Using Fortran compiler: /cvmfs/soft.computecanada.ca/easybuild/software/2020/avx512/Compiler/intel2020/openmpi/4.0.3/bin/mpif90  -fPIC -O3 -mtune=native     
-----------------------------------------

Using include paths: -I/home/a/asarkar/sudhipv/software/FreeFem-sources/install/ff-petsc/r/include -I/cvmfs/soft.computecanada.ca/easybuild/software/2020/Core/imkl/2020.1.217/mkl/include
-----------------------------------------

Using C linker: /cvmfs/soft.computecanada.ca/easybuild/software/2020/avx512/Compiler/intel2020/openmpi/4.0.3/bin/mpicc
Using Fortran linker: /cvmfs/soft.computecanada.ca/easybuild/software/2020/avx512/Compiler/intel2020/openmpi/4.0.3/bin/mpif90
Using libraries: -Wl,-rpath,/home/a/asarkar/sudhipv/software/FreeFem-sources/install/ff-petsc/r/lib -L/home/a/asarkar/sudhipv/software/FreeFem-sources/install/ff-petsc/r/lib -lpetsc -Wl,-rpath,/home/a/asarkar/sudhipv/software/FreeFem-sources/install/ff-petsc/r/lib -L/home/a/asarkar/sudhipv/software/FreeFem-sources/install/ff-petsc/r/lib -Wl,-rpath,/cvmfs/soft.computecanada.ca/easybuild/software/2020/Core/imkl/2020.1.217/mkl/lib/intel64 -L/cvmfs/soft.computecanada.ca/easybuild/software/2020/Core/imkl/2020.1.217/mkl/lib/intel64 -Wl,-rpath,/cvmfs/soft.computecanada.ca/easybuild/software/2020/avx512/Compiler/intel2020/openmpi/4.0.3/lib -L/cvmfs/soft.computecanada.ca/easybuild/software/2020/avx512/Compiler/intel2020/openmpi/4.0.3/lib -Wl,-rpath,/cvmfs/soft.computecanada.ca/easybuild/software/2020/avx512/Core/libfabric/1.10.1/lib -L/cvmfs/soft.computecanada.ca/easybuild/software/2020/avx512/Core/libfabric/1.10.1/lib -Wl,-rpath,/cvmfs/soft.computecanada.ca/easybuild/software/2020/avx512/Core/ucx/1.8.0/lib -L/cvmfs/soft.computecanada.ca/easybuild/software/2020/avx512/Core/ucx/1.8.0/lib -Wl,-rpath,/cvmfs/soft.computecanada.ca/easybuild/software/2020/Core/imkl/2020.1.217/lib/intel64 -L/cvmfs/soft.computecanada.ca/easybuild/software/2020/Core/imkl/2020.1.217/lib/intel64 -Wl,-rpath,/cvmfs/restricted.computecanada.ca/easybuild/software/2020/Core/intel/2020.1.217/compilers_and_libraries_2020.1.217/linux/tbb/lib/intel64/gcc4.8 -L/cvmfs/restricted.computecanada.ca/easybuild/software/2020/Core/intel/2020.1.217/compilers_and_libraries_2020.1.217/linux/tbb/lib/intel64/gcc4.8 -Wl,-rpath,/cvmfs/restricted.computecanada.ca/easybuild/software/2020/Core/intel/2020.1.217/compilers_and_libraries_2020.1.217/linux/compiler/lib/intel64_lin -L/cvmfs/restricted.computecanada.ca/easybuild/software/2020/Core/intel/2020.1.217/compilers_and_libraries_2020.1.217/linux/compiler/lib/intel64_lin -Wl,-rpath,/cvmfs/soft.computecanada.ca/easybuild/software/2020/avx512/Compiler/intel2020/openmpi/4.0.3/lib64 -L/cvmfs/soft.computecanada.ca/easybuild/software/2020/avx512/Compiler/intel2020/openmpi/4.0.3/lib64 -Wl,-rpath,/cvmfs/soft.computecanada.ca/easybuild/software/2020/Core/gcccore/9.3.0/lib/gcc/x86_64-pc-linux-gnu/9.3.0 -L/cvmfs/soft.computecanada.ca/easybuild/software/2020/Core/gcccore/9.3.0/lib/gcc/x86_64-pc-linux-gnu/9.3.0 -Wl,-rpath,/cvmfs/soft.computecanada.ca/easybuild/software/2020/Core/gcccore/9.3.0/lib64 -L/cvmfs/soft.computecanada.ca/easybuild/software/2020/Core/gcccore/9.3.0/lib64 -Wl,-rpath,/cvmfs/soft.computecanada.ca/gentoo/2020/lib64 -L/cvmfs/soft.computecanada.ca/gentoo/2020/lib64 -Wl,-rpath,/cvmfs/soft.computecanada.ca/gentoo/2020/usr/lib64 -L/cvmfs/soft.computecanada.ca/gentoo/2020/usr/lib64 -Wl,-rpath,/cvmfs/soft.computecanada.ca/easybuild/software/2020/Core/gcccore/9.3.0/lib -L/cvmfs/soft.computecanada.ca/easybuild/software/2020/Core/gcccore/9.3.0/lib -Wl,-rpath,/cvmfs/soft.computecanada.ca/gentoo/2020/lib -L/cvmfs/soft.computecanada.ca/gentoo/2020/lib -Wl,-rpath,/cvmfs/soft.computecanada.ca/gentoo/2020/usr/lib -L/cvmfs/soft.computecanada.ca/gentoo/2020/usr/lib -lHYPRE -lcmumps -ldmumps -lsmumps -lzmumps -lmumps_common -lpord -lscalapack -lumfpack -lklu -lcholmod -lbtf -lccolamd -lcolamd -lcamd -lamd -lsuitesparseconfig -lsuperlu -lmkl_rt -lmkl_intel_thread -lmkl_core -liomp5 -lpthread -lparmmg -lmmg -lmmg3d -lptesmumps -lptscotchparmetis -lptscotch -lptscotcherr -lesmumps -lscotch -lscotcherr -lpthread -lparmetis -lmetis -ltet -lstdc++ -ldl -lmpi_usempif08 -lmpi_usempi_ignore_tkr -lmpi_mpifh -lmpi -lifport -lifcoremt_pic -limf -lsvml -lm -lipgo -lirc -lpthread -lgcc_s -lirc_s -lrt -lquadmath -lstdc++ -ldl
-----------------------------------------

Number of Vertices for coarse grid  1607824
Number of Vertices for fine mesh is  6.42622e+06
1	
	-111111	
number of random variable  3
order of input  2
order of output  3
Number of input PC   10
Number of output PC  20
Mean of Gaussian  0
Sd of Gaussian  0.3
Size of linear System  1.28524e+08
sindex is 25 2	
	   1   1
	   1   2
	   2   1
	   2   2
	   1   3
	   3   1
	   2   3
	   3   2
	   1   4
	   4   1
	   3   3
	   2   4
	   4   2
	   3   4
	   4   3
	   1   5
	   5   1
	   2   5
	   5   2
	   4   4
	   3   5
	   5   3
	   1   6
	   6   1
	   2   6
	
mindex for file ./kledata/multiIndex00030003.dat is 20 3	
	   0   0   0
	   1   0   0
	   0   1   0
	   0   0   1
	   2   0   0
	   1   1   0
	   1   0   1
	   0   2   0
	   0   1   1
	   0   0   2
	   3   0   0
	   2   1   0
	   2   0   1
	   1   2   0
	   1   1   1
	   1   0   2
	   0   3   0
	   0   2   1
	   0   1   2
	   0   0   3
	
Finished generating log normal input coefficients for rank 0
Assembling matrices for level 0 and rank 0
Assembling matrices for level 1 and rank 0
Exited Assembling 0
Starting solve for 0
  0 KSP Residual norm 3.944772561202e-04 
    Linear mg_coarse_ solve did not converge due to DIVERGED_ITS iterations 100
  1 KSP Residual norm 3.941657107011e-04 
    Linear mg_coarse_ solve did not converge due to DIVERGED_ITS iterations 100
  2 KSP Residual norm 3.904506998464e-04 
    Linear mg_coarse_ solve did not converge due to DIVERGED_ITS iterations 100
  3 KSP Residual norm 3.843199409812e-04 
    Linear mg_coarse_ solve did not converge due to DIVERGED_ITS iterations 100
  4 KSP Residual norm 3.744196664208e-04 
    Linear mg_coarse_ solve did not converge due to DIVERGED_ITS iterations 100
  5 KSP Residual norm 3.538861991349e-04 
    Linear mg_coarse_ solve did not converge due to DIVERGED_ITS iterations 100
  6 KSP Residual norm 2.949650090194e-04 
    Linear mg_coarse_ solve did not converge due to DIVERGED_ITS iterations 100
  7 KSP Residual norm 1.602115166734e-04 
    Linear mg_coarse_ solve did not converge due to DIVERGED_ITS iterations 100
  8 KSP Residual norm 8.732751355001e-05 
    Linear mg_coarse_ solve did not converge due to DIVERGED_ITS iterations 100
  9 KSP Residual norm 6.029769993090e-05 
    Linear mg_coarse_ solve did not converge due to DIVERGED_ITS iterations 100
 10 KSP Residual norm 4.170752930362e-05 
    Linear mg_coarse_ solve did not converge due to DIVERGED_ITS iterations 100
 11 KSP Residual norm 3.093065928653e-05 
    Linear mg_coarse_ solve did not converge due to DIVERGED_ITS iterations 100
 12 KSP Residual norm 2.056644934351e-05 
    Linear mg_coarse_ solve did not converge due to DIVERGED_ITS iterations 100
 13 KSP Residual norm 1.268613207209e-05 
    Linear mg_coarse_ solve did not converge due to DIVERGED_ITS iterations 100
 14 KSP Residual norm 1.006761867718e-05 
    Linear mg_coarse_ solve did not converge due to DIVERGED_ITS iterations 100
 15 KSP Residual norm 8.933152035832e-06 
    Linear mg_coarse_ solve did not converge due to DIVERGED_ITS iterations 100
 16 KSP Residual norm 6.653366946653e-06 
    Linear mg_coarse_ solve did not converge due to DIVERGED_ITS iterations 100
 17 KSP Residual norm 3.347554236887e-06 
    Linear mg_coarse_ solve did not converge due to DIVERGED_ITS iterations 100
 18 KSP Residual norm 1.951149767270e-06 
    Linear mg_coarse_ solve did not converge due to DIVERGED_ITS iterations 100
 19 KSP Residual norm 8.947149400977e-07 
    Linear mg_coarse_ solve did not converge due to DIVERGED_ITS iterations 100
 20 KSP Residual norm 3.395417821146e-07 
    Linear mg_coarse_ solve did not converge due to DIVERGED_ITS iterations 100
 21 KSP Residual norm 2.386430255149e-07 
    Linear mg_coarse_ solve did not converge due to DIVERGED_ITS iterations 100
 22 KSP Residual norm 1.790707321412e-07 
    Linear mg_coarse_ solve did not converge due to DIVERGED_ITS iterations 100
 23 KSP Residual norm 1.440542817911e-07 
    Linear mg_coarse_ solve did not converge due to DIVERGED_ITS iterations 100
 24 KSP Residual norm 1.176794571399e-07 
    Linear mg_coarse_ solve did not converge due to DIVERGED_ITS iterations 100
 25 KSP Residual norm 9.149815204527e-08 
    Linear mg_coarse_ solve did not converge due to DIVERGED_ITS iterations 100
 26 KSP Residual norm 6.372298106693e-08 
    Linear mg_coarse_ solve did not converge due to DIVERGED_ITS iterations 100
 27 KSP Residual norm 4.495566267356e-08 
    Linear mg_coarse_ solve did not converge due to DIVERGED_ITS iterations 100
 28 KSP Residual norm 2.867306011356e-08 
    Linear mg_coarse_ solve did not converge due to DIVERGED_ITS iterations 100
 29 KSP Residual norm 1.925508822617e-08 
    Linear mg_coarse_ solve did not converge due to DIVERGED_ITS iterations 100
 30 KSP Residual norm 1.329917595312e-08 
    Linear mg_coarse_ solve did not converge due to DIVERGED_ITS iterations 100
 31 KSP Residual norm 9.184579405214e-09 
    Linear mg_coarse_ solve did not converge due to DIVERGED_ITS iterations 100
 32 KSP Residual norm 6.738006577597e-09 
    Linear mg_coarse_ solve did not converge due to DIVERGED_ITS iterations 100
 33 KSP Residual norm 4.713016918810e-09 
    Linear mg_coarse_ solve did not converge due to DIVERGED_ITS iterations 100
 34 KSP Residual norm 3.325840210314e-09 
time taken for solve is343.399
************************************************************************************************************************
***             WIDEN YOUR WINDOW TO 120 CHARACTERS.  Use 'enscript -r -fCourier9' to print this document            ***
************************************************************************************************************************

---------------------------------------------- PETSc Performance Summary: ----------------------------------------------

/home/a/asarkar/sudhipv/software/FreeFem-sources/src/mpi/FreeFem++-mpi on a  named nia0502.scinet.local with 800 processors, by sudhipv Tue Nov 29 13:30:29 2022
Using Petsc Release Version 3.15.0, Mar 30, 2021 

                         Max       Max/Min     Avg       Total
Time (sec):           3.451e+02     1.000   3.451e+02
Objects:              2.220e+02     1.000   2.220e+02
Flop:                 6.796e+13     1.419   5.926e+13  4.741e+16
Flop/sec:             1.969e+11     1.419   1.717e+11  1.374e+14
MPI Messages:         1.003e+05     9.000   6.364e+04  5.091e+07
MPI Message Lengths:  4.807e+08     3.396   5.832e+03  2.969e+11
MPI Reductions:       7.101e+03     1.000

Flop counting convention: 1 flop = 1 real number operation of type (multiply/divide/add/subtract)
                            e.g., VecAXPY() for real vectors of length N --> 2N flop
                            and VecAXPY() for complex vectors of length N --> 8N flop

Summary of Stages:   ----- Time ------  ----- Flop ------  --- Messages ---  -- Message Lengths --  -- Reductions --
                        Avg     %Total     Avg     %Total    Count   %Total     Avg         %Total    Count   %Total
 0:      Main Stage: 3.4513e+02 100.0%  4.7408e+16 100.0%  5.091e+07 100.0%  5.832e+03      100.0%  7.083e+03  99.7%

------------------------------------------------------------------------------------------------------------------------
See the 'Profiling' chapter of the users' manual for details on interpreting output.
Phase summary info:
   Count: number of times phase was executed
   Time and Flop: Max - maximum over all processors
                  Ratio - ratio of maximum to minimum over all processors
   Mess: number of messages sent
   AvgLen: average message length (bytes)
   Reduct: number of global reductions
   Global: entire computation
   Stage: stages of a computation. Set stages with PetscLogStagePush() and PetscLogStagePop().
      %T - percent time in this phase         %F - percent flop in this phase
      %M - percent messages in this phase     %L - percent message lengths in this phase
      %R - percent reductions in this phase
   Total Mflop/s: 10e-6 * (sum of flop over all processors)/(max time over all processors)
------------------------------------------------------------------------------------------------------------------------
Event                Count      Time (sec)     Flop                              --- Global ---  --- Stage ----  Total
                   Max Ratio  Max     Ratio   Max  Ratio  Mess   AvgLen  Reduct  %T %F %M %L %R  %T %F %M %L %R Mflop/s
------------------------------------------------------------------------------------------------------------------------

--- Event Stage 0: Main Stage

BuildTwoSided          8 1.0 4.4483e+0072.2 0.00e+00 0.0 1.8e+04 4.0e+00 6.0e+00  1  0  0  0  0   1  0  0  0  0     0
BuildTwoSidedF         2 1.0 1.9692e-0121.7 0.00e+00 0.0 0.0e+00 0.0e+00 2.0e+00  0  0  0  0  0   0  0  0  0  0     0
MatMult             3717 1.0 1.0263e+02 1.3 5.03e+10 1.1 1.7e+07 5.5e+03 2.0e+00 25  0 33 31  0  25  0 33 31  0 369063
MatMultAdd            34 1.0 3.0457e-01 2.0 1.13e+07 1.1 1.6e+05 1.7e+04 0.0e+00  0  0  0  1  0   0  0  0  1  0 28695
MatMultTranspose      34 1.0 5.5757e+0037.3 0.00e+00 0.0 1.6e+05 5.7e+04 0.0e+00  0  0  0  3  0   0  0  0  3  0     0
MatSolve            3683 1.0 1.5087e+02 1.4 6.79e+13 1.4 0.0e+00 0.0e+00 0.0e+00 34100  0  0  0  34100  0  0  0 313938780
MatLUFactorSym         1 1.0 1.1948e+00 1.3 0.00e+00 0.0 0.0e+00 0.0e+00 0.0e+00  0  0  0  0  0   0  0  0  0  0     0
MatLUFactorNum         2 1.0 1.1800e+01 1.4 6.39e+08 1.2 0.0e+00 0.0e+00 0.0e+00  3  0  0  0  0   3  0  0  0  0 40778
MatILUFactorSym        1 1.0 1.9374e-01 8.7 0.00e+00 0.0 0.0e+00 0.0e+00 0.0e+00  0  0  0  0  0   0  0  0  0  0     0
MatResidual           34 1.0 7.0358e+00 4.2 1.58e+09 1.1 1.6e+05 1.1e+04 0.0e+00  1  0  0  1  0   1  0  0  1  0 173826
MatAssemblyBegin       6 1.0 1.9712e-0121.4 0.00e+00 0.0 0.0e+00 0.0e+00 2.0e+00  0  0  0  0  0   0  0  0  0  0     0
MatAssemblyEnd         6 1.0 4.9077e+0027.1 0.00e+00 0.0 0.0e+00 0.0e+00 8.0e+00  1  0  0  0  0   1  0  0  0  0     0
MatGetRowIJ            2 1.0 2.2580e-02 1.7 0.00e+00 0.0 0.0e+00 0.0e+00 0.0e+00  0  0  0  0  0   0  0  0  0  0     0
MatCreateSubMats       2 1.0 1.3567e+00 1.3 0.00e+00 0.0 4.6e+04 3.4e+05 2.0e+00  0  0  0  5  0   0  0  0  5  0     0
MatGetOrdering         2 1.0 7.1751e-02 2.0 0.00e+00 0.0 0.0e+00 0.0e+00 0.0e+00  0  0  0  0  0   0  0  0  0  0     0
MatIncreaseOvrlp       2 1.0 1.3760e-01 1.5 0.00e+00 0.0 0.0e+00 0.0e+00 2.0e+00  0  0  0  0  0   0  0  0  0  0     0
KSPSetUp               4 1.0 2.0741e+01 1.0 5.08e+12 1.4 1.9e+05 6.6e+04 3.8e+01  6  7  0  4  1   6  7  0  4  1 170787102
KSPSolve               1 1.0 2.8582e+02 1.0 6.29e+13 1.4 5.1e+07 5.5e+03 7.0e+03 83 93100 94 99  83 93100 94 99 153473589
KSPGMRESOrthog      3444 1.0 6.6432e+01 2.1 8.81e+09 1.1 0.0e+00 0.0e+00 3.4e+03 16  0  0  0 49  16  0  0  0 49 99555
PCSetUp                2 1.0 2.1477e+01 1.0 5.08e+12 1.4 2.1e+05 8.2e+04 4.5e+01  6  7  0  6  1   6  7  0  6  1 164945263
PCSetUpOnBlocks      103 1.0 1.3046e+01 1.4 6.39e+08 1.2 0.0e+00 0.0e+00 0.0e+00  3  0  0  0  0   3  0  0  0  0 36884
PCApply               34 1.0 2.8188e+02 1.0 6.29e+13 1.4 5.1e+07 5.5e+03 6.9e+03 80 93 99 93 98  80 93 99 93 98 155615744
PCApplyOnBlocks     3683 1.0 1.5133e+02 1.4 6.79e+13 1.4 0.0e+00 0.0e+00 0.0e+00 34100  0  0  0  34100  0  0  0 312984504
VecMDot             3444 1.0 6.2988e+01 2.4 4.41e+09 1.1 0.0e+00 0.0e+00 3.4e+03 15  0  0  0 49  15  0  0  0 49 52499
VecNorm             3583 1.0 1.7710e+01 5.4 3.19e+08 1.1 0.0e+00 0.0e+00 3.6e+03  3  0  0  0 50   3  0  0  0 51 13523
VecScale            3651 1.0 5.6363e-02 1.6 1.60e+08 1.1 0.0e+00 0.0e+00 0.0e+00  0  0  0  0  0   0  0  0  0  0 2124564
VecCopy              387 1.0 1.0202e-01 1.4 0.00e+00 0.0 0.0e+00 0.0e+00 0.0e+00  0  0  0  0  0   0  0  0  0  0     0
VecSet             11302 1.0 1.3244e+00 1.9 0.00e+00 0.0 0.0e+00 0.0e+00 0.0e+00  0  0  0  0  0   0  0  0  0  0     0
VecAXPY              275 1.0 6.6768e-02 2.3 3.27e+07 1.1 0.0e+00 0.0e+00 0.0e+00  0  0  0  0  0   0  0  0  0  0 371694
VecAYPX              204 1.0 8.8997e-02 1.8 4.52e+07 1.1 0.0e+00 0.0e+00 0.0e+00  0  0  0  0  0   0  0  0  0  0 392807
VecAXPBYCZ            68 1.0 5.0383e-02 2.2 5.65e+07 1.1 0.0e+00 0.0e+00 0.0e+00  0  0  0  0  0   0  0  0  0  0 867314
VecWAXPY               1 1.0 1.2655e-03 4.3 1.66e+05 1.1 0.0e+00 0.0e+00 0.0e+00  0  0  0  0  0   0  0  0  0  0 101563
VecMAXPY            3583 1.0 6.9779e+00 2.0 4.71e+09 1.1 0.0e+00 0.0e+00 0.0e+00  1  0  0  0  0   1  0  0  0  0 506864
VecScatterBegin    18415 1.0 5.9684e+00 3.5 0.00e+00 0.0 5.1e+07 5.3e+03 4.0e+00  1  0 99 91  0   1  0 99 91  0     0
VecScatterEnd      18415 1.0 5.5742e+0115.8 1.81e+07 3.4 0.0e+00 0.0e+00 0.0e+00  6  0  0  0  0   6  0  0  0  0   200
VecNormalize        3547 1.0 1.7514e+01 5.3 4.61e+08 1.1 0.0e+00 0.0e+00 3.5e+03  3  0  0  0 50   3  0  0  0 50 19719
SFSetGraph             6 1.0 3.7979e-04 1.9 0.00e+00 0.0 0.0e+00 0.0e+00 0.0e+00  0  0  0  0  0   0  0  0  0  0     0
SFSetUp                6 1.0 4.2658e+0065.9 0.00e+00 0.0 3.7e+04 2.0e+03 4.0e+00  1  0  0  0  0   1  0  0  0  0     0
SFPack             18415 1.0 1.9510e-01 5.8 0.00e+00 0.0 0.0e+00 0.0e+00 0.0e+00  0  0  0  0  0   0  0  0  0  0     0
SFUnpack           18415 1.0 1.3459e-01 5.8 1.81e+07 3.4 0.0e+00 0.0e+00 0.0e+00  0  0  0  0  0   0  0  0  0  0 83000
------------------------------------------------------------------------------------------------------------------------

Memory usage is given in bytes:

Object Type          Creations   Destructions     Memory  Descendants' Mem.
Reports information only for process 0.

--- Event Stage 0: Main Stage

              Matrix    13             13    776763576     0.
       Krylov Solver     6              6        73864     0.
      Preconditioner     6              6         6552     0.
              Viewer     2              1          848     0.
              Vector   146            146    135416752     0.
           Index Set    26             26      5403904     0.
   IS L to G Mapping     2              2      2473840     0.
   Star Forest Graph    12             12        13824     0.
    Distributed Mesh     3              3        15144     0.
     Discrete System     3              3         2712     0.
           Weak Form     3              3         2472     0.
========================================================================================================================
Average time to get PetscTime(): 3.07e-08
Average time for MPI_Barrier(): 8.95078e-05
Average time for zero size MPI_Send(): 1.40969e-06
#PETSc Option Table entries:
-ksp_max_it 200
-ksp_monitor
-ksp_pc_side right
-ksp_type fgmres
-log_view
-m 1267
-mg_coarse_ksp_converged_reason
-mg_coarse_ksp_max_it 100
-mg_coarse_ksp_rtol 1e-2
-mg_coarse_ksp_type gmres
-mg_coarse_pc_asm_type basic
-mg_coarse_pc_type asm
-mg_levels_pc_asm_type basic
-mg_levels_pc_type asm
-mg_levels_sub_pc_factor_mat_solver_type mumps
-mg_levels_sub_pc_type lu
-n 1267
-nw
-pc_mg_type multiplicative
-pc_type mg
#End of PETSc Option Table entries
Compiled without FORTRAN kernels
Compiled with full precision matrices (default)
sizeof(short) 2 sizeof(int) 4 sizeof(long) 8 sizeof(void*) 8 sizeof(PetscScalar) 8 sizeof(PetscInt) 4
Configure options: --prefix=/home/a/asarkar/sudhipv/software/FreeFem-sources/install/ff-petsc/r MAKEFLAGS= --with-debugging=0 COPTFLAGS="-O3 -mtune=native" CXXOPTFLAGS="-O3 -mtune=native" FOPTFLAGS="-O3 -mtune=native" --with-cxx-dialect=C++11 --with-ssl=0 --with-x=0 --with-fortran-bindings=0 --with-cudac=0 --with-cc=/cvmfs/soft.computecanada.ca/easybuild/software/2020/avx512/Compiler/intel2020/openmpi/4.0.3/bin/mpicc --with-cxx=/cvmfs/soft.computecanada.ca/easybuild/software/2020/avx512/Compiler/intel2020/openmpi/4.0.3/bin/mpic++ --with-fc=/cvmfs/soft.computecanada.ca/easybuild/software/2020/avx512/Compiler/intel2020/openmpi/4.0.3/bin/mpif90 --with-scalar-type=real --with-blaslapack-include=/cvmfs/soft.computecanada.ca/easybuild/software/2020/Core/imkl/2020.1.217/mkl/include --with-blaslapack-lib="-Wl,-rpath,/cvmfs/soft.computecanada.ca/easybuild/software/2020/Core/imkl/2020.1.217/mkl/lib/intel64 -L/cvmfs/soft.computecanada.ca/easybuild/software/2020/Core/imkl/2020.1.217/mkl/lib/intel64 -lmkl_rt -lmkl_intel_thread -lmkl_core  -liomp5 -lpthread" --download-metis --download-ptscotch --download-hypre --download-parmetis --download-mmg --download-parmmg --download-superlu --download-suitesparse --download-tetgen --download-slepc --download-hpddm --download-scalapack --download-mumps --download-slepc-configure-arguments=--download-arpack=https://github.com/prj-/arpack-ng/archive/b64dccb.tar.gz PETSC_ARCH=fr
-----------------------------------------
Libraries compiled on 2021-05-02 15:39:49 on nia-login03.scinet.local 
Machine characteristics: Linux-3.10.0-957.27.2.el7.x86_64-x86_64-with-centos-7.6.1810-Core
Using PETSc directory: /home/a/asarkar/sudhipv/software/FreeFem-sources/install/ff-petsc/r
Using PETSc arch: 
-----------------------------------------

Using C compiler: /cvmfs/soft.computecanada.ca/easybuild/software/2020/avx512/Compiler/intel2020/openmpi/4.0.3/bin/mpicc  -fPIC -wd1572 -O3 -mtune=native   
Using Fortran compiler: /cvmfs/soft.computecanada.ca/easybuild/software/2020/avx512/Compiler/intel2020/openmpi/4.0.3/bin/mpif90  -fPIC -O3 -mtune=native     
-----------------------------------------

Using include paths: -I/home/a/asarkar/sudhipv/software/FreeFem-sources/install/ff-petsc/r/include -I/cvmfs/soft.computecanada.ca/easybuild/software/2020/Core/imkl/2020.1.217/mkl/include
-----------------------------------------

Using C linker: /cvmfs/soft.computecanada.ca/easybuild/software/2020/avx512/Compiler/intel2020/openmpi/4.0.3/bin/mpicc
Using Fortran linker: /cvmfs/soft.computecanada.ca/easybuild/software/2020/avx512/Compiler/intel2020/openmpi/4.0.3/bin/mpif90
Using libraries: -Wl,-rpath,/home/a/asarkar/sudhipv/software/FreeFem-sources/install/ff-petsc/r/lib -L/home/a/asarkar/sudhipv/software/FreeFem-sources/install/ff-petsc/r/lib -lpetsc -Wl,-rpath,/home/a/asarkar/sudhipv/software/FreeFem-sources/install/ff-petsc/r/lib -L/home/a/asarkar/sudhipv/software/FreeFem-sources/install/ff-petsc/r/lib -Wl,-rpath,/cvmfs/soft.computecanada.ca/easybuild/software/2020/Core/imkl/2020.1.217/mkl/lib/intel64 -L/cvmfs/soft.computecanada.ca/easybuild/software/2020/Core/imkl/2020.1.217/mkl/lib/intel64 -Wl,-rpath,/cvmfs/soft.computecanada.ca/easybuild/software/2020/avx512/Compiler/intel2020/openmpi/4.0.3/lib -L/cvmfs/soft.computecanada.ca/easybuild/software/2020/avx512/Compiler/intel2020/openmpi/4.0.3/lib -Wl,-rpath,/cvmfs/soft.computecanada.ca/easybuild/software/2020/avx512/Core/libfabric/1.10.1/lib -L/cvmfs/soft.computecanada.ca/easybuild/software/2020/avx512/Core/libfabric/1.10.1/lib -Wl,-rpath,/cvmfs/soft.computecanada.ca/easybuild/software/2020/avx512/Core/ucx/1.8.0/lib -L/cvmfs/soft.computecanada.ca/easybuild/software/2020/avx512/Core/ucx/1.8.0/lib -Wl,-rpath,/cvmfs/soft.computecanada.ca/easybuild/software/2020/Core/imkl/2020.1.217/lib/intel64 -L/cvmfs/soft.computecanada.ca/easybuild/software/2020/Core/imkl/2020.1.217/lib/intel64 -Wl,-rpath,/cvmfs/restricted.computecanada.ca/easybuild/software/2020/Core/intel/2020.1.217/compilers_and_libraries_2020.1.217/linux/tbb/lib/intel64/gcc4.8 -L/cvmfs/restricted.computecanada.ca/easybuild/software/2020/Core/intel/2020.1.217/compilers_and_libraries_2020.1.217/linux/tbb/lib/intel64/gcc4.8 -Wl,-rpath,/cvmfs/restricted.computecanada.ca/easybuild/software/2020/Core/intel/2020.1.217/compilers_and_libraries_2020.1.217/linux/compiler/lib/intel64_lin -L/cvmfs/restricted.computecanada.ca/easybuild/software/2020/Core/intel/2020.1.217/compilers_and_libraries_2020.1.217/linux/compiler/lib/intel64_lin -Wl,-rpath,/cvmfs/soft.computecanada.ca/easybuild/software/2020/avx512/Compiler/intel2020/openmpi/4.0.3/lib64 -L/cvmfs/soft.computecanada.ca/easybuild/software/2020/avx512/Compiler/intel2020/openmpi/4.0.3/lib64 -Wl,-rpath,/cvmfs/soft.computecanada.ca/easybuild/software/2020/Core/gcccore/9.3.0/lib/gcc/x86_64-pc-linux-gnu/9.3.0 -L/cvmfs/soft.computecanada.ca/easybuild/software/2020/Core/gcccore/9.3.0/lib/gcc/x86_64-pc-linux-gnu/9.3.0 -Wl,-rpath,/cvmfs/soft.computecanada.ca/easybuild/software/2020/Core/gcccore/9.3.0/lib64 -L/cvmfs/soft.computecanada.ca/easybuild/software/2020/Core/gcccore/9.3.0/lib64 -Wl,-rpath,/cvmfs/soft.computecanada.ca/gentoo/2020/lib64 -L/cvmfs/soft.computecanada.ca/gentoo/2020/lib64 -Wl,-rpath,/cvmfs/soft.computecanada.ca/gentoo/2020/usr/lib64 -L/cvmfs/soft.computecanada.ca/gentoo/2020/usr/lib64 -Wl,-rpath,/cvmfs/soft.computecanada.ca/easybuild/software/2020/Core/gcccore/9.3.0/lib -L/cvmfs/soft.computecanada.ca/easybuild/software/2020/Core/gcccore/9.3.0/lib -Wl,-rpath,/cvmfs/soft.computecanada.ca/gentoo/2020/lib -L/cvmfs/soft.computecanada.ca/gentoo/2020/lib -Wl,-rpath,/cvmfs/soft.computecanada.ca/gentoo/2020/usr/lib -L/cvmfs/soft.computecanada.ca/gentoo/2020/usr/lib -lHYPRE -lcmumps -ldmumps -lsmumps -lzmumps -lmumps_common -lpord -lscalapack -lumfpack -lklu -lcholmod -lbtf -lccolamd -lcolamd -lcamd -lamd -lsuitesparseconfig -lsuperlu -lmkl_rt -lmkl_intel_thread -lmkl_core -liomp5 -lpthread -lparmmg -lmmg -lmmg3d -lptesmumps -lptscotchparmetis -lptscotch -lptscotcherr -lesmumps -lscotch -lscotcherr -lpthread -lparmetis -lmetis -ltet -lstdc++ -ldl -lmpi_usempif08 -lmpi_usempi_ignore_tkr -lmpi_mpifh -lmpi -lifport -lifcoremt_pic -limf -lsvml -lm -lipgo -lirc -lpthread -lgcc_s -lirc_s -lrt -lquadmath -lstdc++ -ldl
-----------------------------------------


scontrol show jobid 8501819
JobId=8501819 JobName=LP_strong_2LV2_640_800
   UserId=sudhipv(3061414) GroupId=asarkar(6001189) MCS_label=N/A
   Priority=1056579 Nice=0 Account=def-asarkar QOS=normal
   JobState=COMPLETING Reason=None Dependency=(null)
   Requeue=0 Restarts=0 BatchFlag=1 Reboot=0 ExitCode=0:0
   RunTime=00:11:14 TimeLimit=00:30:00 TimeMin=N/A
   SubmitTime=2022-11-29T11:35:32 EligibleTime=2022-11-29T11:35:32
   AccrueTime=2022-11-29T11:35:32
   StartTime=2022-11-29T13:19:16 EndTime=2022-11-29T13:30:30 Deadline=N/A
   SuspendTime=None SecsPreSuspend=0 LastSchedEval=2022-11-29T13:19:16 Scheduler=Backfill
   Partition=compute AllocNode:Sid=nia-login01:123059
   ReqNodeList=(null) ExcNodeList=(null)
   NodeList=nia[0503-0507,0618-0624,0707-0713]
   BatchHost=nia0502
   NumNodes=19 NumCPUs=1600 NumTasks=800 CPUs/Task=1 ReqB:S:C:T=0:0:*:*
   TRES=cpu=1600,mem=3500000M,node=20,billing=800
   Socks/Node=* NtasksPerN:B:S:C=40:0:*:* CoreSpec=*
   MinCPUsNode=40 MinMemoryNode=175000M MinTmpDiskNode=0
   Features=[skylake|cascade] DelayBoot=00:00:00
   OverSubscribe=NO Contiguous=0 Licenses=(null) Network=(null)
   Command=/gpfs/fs0/scratch/a/asarkar/sudhipv/poisson_hpc/stochastic/process_L/poisson_weak_sto/runff_niagara.sh
   WorkDir=/gpfs/fs0/scratch/a/asarkar/sudhipv/poisson_hpc/stochastic/process_L/poisson_weak_sto
   Comment=/opt/slurm/bin/sbatch --export=NONE runff_niagara.sh 
   StdErr=/gpfs/fs0/scratch/a/asarkar/sudhipv/poisson_hpc/stochastic/process_L/poisson_weak_sto/LP_strong_2LV2_640_800-8501819.out
   StdIn=/dev/null
   StdOut=/gpfs/fs0/scratch/a/asarkar/sudhipv/poisson_hpc/stochastic/process_L/poisson_weak_sto/LP_strong_2LV2_640_800-8501819.out
   Power=
   MailUser=sudhipv@cmail.carleton.ca MailType=INVALID_DEPEND,BEGIN,END,FAIL,REQUEUE,STAGE_OUT
   

sacct -j 8501819
JobID           JobName    Account    Elapsed  MaxVMSize     MaxRSS  SystemCPU    UserCPU ExitCode 
------------ ---------- ---------- ---------- ---------- ---------- ---------- ---------- -------- 
8501819      LP_strong+ def-asark+   00:11:14                         01:43:06 5-07:49:25      0:0 
8501819.bat+      batch def-asark+   00:11:14 153914092K 117693000K  04:13.194   07:04:11      0:0 
8501819.ext+     extern def-asark+   00:11:15    142384K      1136K  00:00.007  00:00.008      0:0 
8501819.0         orted def-asark+   00:05:06 154074600K 118452928K  42:10.492 2-00:45:19      0:0 
8501819.1         orted def-asark+   00:05:52 154029332K 118601456K  56:43.015 2-23:59:54      0:0 
