
The following have been reloaded with a version change:
  1) mii/1.1.1 => mii/1.1.2

/cvmfs/soft.computecanada.ca/easybuild/software/2020/avx512/Compiler/intel2020/openmpi/4.0.3/bin/mpiexec
/cvmfs/soft.computecanada.ca/easybuild/software/2020/avx512/Compiler/intel2020/openmpi/4.0.3/bin/mpirun
Number of Vertices for coarse grid  321489
Number of Vertices for fine mesh is  1.28369e+06
2	
	-111111	  3	
number of random variable  3
order of input  2
order of output  3
Number of input PC   10
Number of output PC  20
Mean of Gaussian  0
Sd of Gaussian  0.3
Size of linear System  2.56738e+07
sindex is 25 2	
	   1   1
	   1   2
	   2   1
	   2   2
	   1   3
	   3   1
	   2   3
	   3   2
	   1   4
	   4   1
	   3   3
	   2   4
	   4   2
	   3   4
	   4   3
	   1   5
	   5   1
	   2   5
	   5   2
	   4   4
	   3   5
	   5   3
	   1   6
	   6   1
	   2   6
	
mindex for file ./kledata/multiIndex00030003.dat is 20 3	
	   0   0   0
	   1   0   0
	   0   1   0
	   0   0   1
	   2   0   0
	   1   1   0
	   1   0   1
	   0   2   0
	   0   1   1
	   0   0   2
	   3   0   0
	   2   1   0
	   2   0   1
	   1   2   0
	   1   1   1
	   1   0   2
	   0   3   0
	   0   2   1
	   0   1   2
	   0   0   3
	
Finished generating log normal input coefficients for rank 0
Assembling matrices for level 0 and rank 0
Assembling matrices for level 1 and rank 0
Exited Assembling 0
Starting solve for 0
  0 KSP Residual norm 8.826118443232e-04 
    Linear mg_coarse_ solve did not converge due to DIVERGED_ITS iterations 100
  1 KSP Residual norm 8.767904955921e-04 
    Linear mg_coarse_ solve did not converge due to DIVERGED_ITS iterations 100
  2 KSP Residual norm 8.296596871747e-04 
    Linear mg_coarse_ solve did not converge due to DIVERGED_ITS iterations 100
  3 KSP Residual norm 5.305203392507e-04 
    Linear mg_coarse_ solve did not converge due to DIVERGED_ITS iterations 100
  4 KSP Residual norm 1.532327194234e-04 
    Linear mg_coarse_ solve did not converge due to DIVERGED_ITS iterations 100
  5 KSP Residual norm 4.792435096901e-05 
    Linear mg_coarse_ solve did not converge due to DIVERGED_ITS iterations 100
  6 KSP Residual norm 2.439673815189e-05 
    Linear mg_coarse_ solve did not converge due to DIVERGED_ITS iterations 100
  7 KSP Residual norm 1.410991026452e-05 
    Linear mg_coarse_ solve did not converge due to DIVERGED_ITS iterations 100
  8 KSP Residual norm 8.115148679555e-06 
    Linear mg_coarse_ solve did not converge due to DIVERGED_ITS iterations 100
  9 KSP Residual norm 2.394938783579e-06 
    Linear mg_coarse_ solve did not converge due to DIVERGED_ITS iterations 100
 10 KSP Residual norm 4.994845643277e-07 
    Linear mg_coarse_ solve did not converge due to DIVERGED_ITS iterations 100
 11 KSP Residual norm 2.063750450285e-07 
    Linear mg_coarse_ solve did not converge due to DIVERGED_ITS iterations 100
 12 KSP Residual norm 1.081786485577e-07 
    Linear mg_coarse_ solve did not converge due to DIVERGED_ITS iterations 100
 13 KSP Residual norm 3.238875896022e-08 
    Linear mg_coarse_ solve did not converge due to DIVERGED_ITS iterations 100
 14 KSP Residual norm 1.219118627445e-08 
    Linear mg_coarse_ solve did not converge due to DIVERGED_ITS iterations 100
 15 KSP Residual norm 4.875527231564e-09 
time taken for solve is157.697
************************************************************************************************************************
***             WIDEN YOUR WINDOW TO 120 CHARACTERS.  Use 'enscript -r -fCourier9' to print this document            ***
************************************************************************************************************************

---------------------------------------------- PETSc Performance Summary: ----------------------------------------------

/home/a/asarkar/sudhipv/software/FreeFem-sources/src/mpi/FreeFem++-mpi on a  named nia0232.scinet.local with 160 processors, by sudhipv Sun Nov 27 13:09:45 2022
Using Petsc Release Version 3.15.0, Mar 30, 2021 

                         Max       Max/Min     Avg       Total
Time (sec):           1.585e+02     1.000   1.585e+02
Objects:              2.040e+02     1.000   2.040e+02
Flop:                 3.115e+13     1.384   2.838e+13  4.541e+15
Flop/sec:             1.966e+11     1.384   1.791e+11  2.866e+13
MPI Messages:         3.956e+04     8.000   2.633e+04  4.213e+06
MPI Message Lengths:  2.359e+08     3.480   6.441e+03  2.714e+10
MPI Reductions:       3.186e+03     1.000

Flop counting convention: 1 flop = 1 real number operation of type (multiply/divide/add/subtract)
                            e.g., VecAXPY() for real vectors of length N --> 2N flop
                            and VecAXPY() for complex vectors of length N --> 8N flop

Summary of Stages:   ----- Time ------  ----- Flop ------  --- Messages ---  -- Message Lengths --  -- Reductions --
                        Avg     %Total     Avg     %Total    Count   %Total     Avg         %Total    Count   %Total
 0:      Main Stage: 1.5847e+02 100.0%  4.5413e+15 100.0%  4.213e+06 100.0%  6.441e+03      100.0%  3.168e+03  99.4%

------------------------------------------------------------------------------------------------------------------------
See the 'Profiling' chapter of the users' manual for details on interpreting output.
Phase summary info:
   Count: number of times phase was executed
   Time and Flop: Max - maximum over all processors
                  Ratio - ratio of maximum to minimum over all processors
   Mess: number of messages sent
   AvgLen: average message length (bytes)
   Reduct: number of global reductions
   Global: entire computation
   Stage: stages of a computation. Set stages with PetscLogStagePush() and PetscLogStagePop().
      %T - percent time in this phase         %F - percent flop in this phase
      %M - percent messages in this phase     %L - percent message lengths in this phase
      %R - percent reductions in this phase
   Total Mflop/s: 10e-6 * (sum of flop over all processors)/(max time over all processors)
------------------------------------------------------------------------------------------------------------------------
Event                Count      Time (sec)     Flop                              --- Global ---  --- Stage ----  Total
                   Max Ratio  Max     Ratio   Max  Ratio  Mess   AvgLen  Reduct  %T %F %M %L %R  %T %F %M %L %R Mflop/s
------------------------------------------------------------------------------------------------------------------------

--- Event Stage 0: Main Stage

BuildTwoSided          8 1.0 2.6606e+0087.0 0.00e+00 0.0 3.4e+03 4.0e+00 6.0e+00  1  0  0  0  0   1  0  0  0  0     0
BuildTwoSidedF         2 1.0 8.5642e-0313.3 0.00e+00 0.0 0.0e+00 0.0e+00 2.0e+00  0  0  0  0  0   0  0  0  0  0     0
MatMult             1645 1.0 4.0879e+01 1.1 2.22e+10 1.1 1.4e+06 5.7e+03 2.0e+00 24  0 33 29  0  24  0 33 29  0 82543
MatMultAdd            15 1.0 9.1571e-02 1.3 4.96e+06 1.1 1.3e+04 1.8e+04 0.0e+00  0  0  0  1  0   0  0  0  1  0  8411
MatMultTranspose      15 1.0 7.6251e-01 9.2 0.00e+00 0.0 1.3e+04 5.9e+04 0.0e+00  0  0  0  3  0   0  0  0  3  0     0
MatSolve            1631 1.0 6.4512e+01 1.3 3.11e+13 1.4 0.0e+00 0.0e+00 0.0e+00 35100  0  0  0  35100  0  0  0 70330653
MatLUFactorSym         1 1.0 1.0373e+00 1.1 0.00e+00 0.0 0.0e+00 0.0e+00 0.0e+00  1  0  0  0  0   1  0  0  0  0     0
MatLUFactorNum         2 1.0 1.0595e+01 1.3 6.32e+08 1.1 0.0e+00 0.0e+00 0.0e+00  6  0  0  0  0   6  0  0  0  0  9027
MatILUFactorSym        1 1.0 1.4013e-01 6.2 0.00e+00 0.0 0.0e+00 0.0e+00 0.0e+00  0  0  0  0  0   0  0  0  0  0     0
MatResidual           15 1.0 1.1757e+00 1.5 6.94e+08 1.1 1.3e+04 1.1e+04 0.0e+00  1  0  0  1  0   1  0  0  1  0 91626
MatAssemblyBegin       6 1.0 8.7388e-03 4.6 0.00e+00 0.0 0.0e+00 0.0e+00 2.0e+00  0  0  0  0  0   0  0  0  0  0     0
MatAssemblyEnd         6 1.0 3.8388e+0032.9 0.00e+00 0.0 0.0e+00 0.0e+00 8.0e+00  1  0  0  0  0   1  0  0  0  0     0
MatGetRowIJ            2 1.0 2.1365e-02 1.6 0.00e+00 0.0 0.0e+00 0.0e+00 0.0e+00  0  0  0  0  0   0  0  0  0  0     0
MatCreateSubMats       2 1.0 1.3427e+00 1.2 0.00e+00 0.0 8.5e+03 3.5e+05 2.0e+00  1  0  0 11  0   1  0  0 11  0     0
MatGetOrdering         2 1.0 7.4417e-02 2.1 0.00e+00 0.0 0.0e+00 0.0e+00 0.0e+00  0  0  0  0  0   0  0  0  0  0     0
MatIncreaseOvrlp       2 1.0 1.3708e-01 1.7 0.00e+00 0.0 0.0e+00 0.0e+00 2.0e+00  0  0  0  0  0   0  0  0  0  0     0
KSPSetUp               4 1.0 1.7889e+01 1.0 4.82e+12 1.4 3.5e+04 6.8e+04 3.8e+01 11 15  1  9  1  11 15  1  9  1 39275645
KSPSolve               1 1.0 1.0926e+02 1.0 2.63e+13 1.4 4.2e+06 5.7e+03 3.1e+03 69 85 99 87 97  69 85 99 87 98 35132921
KSPGMRESOrthog      1525 1.0 1.6811e+01 3.3 3.83e+09 1.1 0.0e+00 0.0e+00 1.5e+03  8  0  0  0 48   8  0  0  0 48 34345
PCSetUp                2 1.0 1.8547e+01 1.0 4.82e+12 1.4 3.9e+04 8.5e+04 4.5e+01 12 15  1 12  1  12 15  1 12  1 37885143
PCSetUpOnBlocks       46 1.0 1.1791e+01 1.3 6.32e+08 1.1 0.0e+00 0.0e+00 0.0e+00  7  0  0  0  0   7  0  0  0  0  8111
PCApply               15 1.0 1.0793e+02 1.0 2.63e+13 1.4 4.2e+06 5.7e+03 3.1e+03 68 85 99 87 96  68 85 99 87 97 35564005
PCApplyOnBlocks     1631 1.0 6.4691e+01 1.3 3.11e+13 1.4 0.0e+00 0.0e+00 0.0e+00 35100  0  0  0  35100  0  0  0 70136206
VecMDot             1525 1.0 1.5349e+01 4.4 1.91e+09 1.1 0.0e+00 0.0e+00 1.5e+03  7  0  0  0 48   7  0  0  0 48 18808
VecNorm             1587 1.0 2.7502e+00 8.6 1.42e+08 1.1 0.0e+00 0.0e+00 1.6e+03  1  0  0  0 50   1  0  0  0 50  7798
VecScale            1617 1.0 2.2755e-02 1.4 7.10e+07 1.1 0.0e+00 0.0e+00 0.0e+00  0  0  0  0  0   0  0  0  0  0 471274
VecCopy              178 1.0 4.5000e-02 1.3 0.00e+00 0.0 0.0e+00 0.0e+00 0.0e+00  0  0  0  0  0   0  0  0  0  0     0
VecSet              5012 1.0 5.8933e-01 1.8 0.00e+00 0.0 0.0e+00 0.0e+00 0.0e+00  0  0  0  0  0   0  0  0  0  0     0
VecAXPY              122 1.0 1.9992e-02 1.4 1.46e+07 1.1 0.0e+00 0.0e+00 0.0e+00  0  0  0  0  0   0  0  0  0  0 111200
VecAYPX               90 1.0 3.6968e-02 1.6 1.98e+07 1.1 0.0e+00 0.0e+00 0.0e+00  0  0  0  0  0   0  0  0  0  0 83339
VecAXPBYCZ            30 1.0 2.0868e-02 1.8 2.48e+07 1.1 0.0e+00 0.0e+00 0.0e+00  0  0  0  0  0   0  0  0  0  0 184543
VecMAXPY            1587 1.0 1.7740e+00 1.2 2.05e+09 1.1 0.0e+00 0.0e+00 0.0e+00  1  0  0  0  0   1  0  0  0  0 174325
VecScatterBegin     8154 1.0 3.4781e+00 3.9 0.00e+00 0.0 4.2e+06 5.5e+03 4.0e+00  1  0 99 85  0   1  0 99 85  0     0
VecScatterEnd       8154 1.0 1.6379e+0110.5 8.37e+06 3.5 0.0e+00 0.0e+00 0.0e+00  4  0  0  0  0   4  0  0  0  0    58
VecNormalize        1571 1.0 2.7585e+00 8.3 2.05e+08 1.1 0.0e+00 0.0e+00 1.6e+03  1  0  0  0 49   1  0  0  0 50 11216
SFSetGraph             6 1.0 4.3280e-04 2.1 0.00e+00 0.0 0.0e+00 0.0e+00 0.0e+00  0  0  0  0  0   0  0  0  0  0     0
SFSetUp                6 1.0 2.6681e+0064.4 0.00e+00 0.0 6.8e+03 2.1e+03 4.0e+00  1  0  0  0  0   1  0  0  0  0     0
SFPack              8154 1.0 8.7200e-02 4.7 0.00e+00 0.0 0.0e+00 0.0e+00 0.0e+00  0  0  0  0  0   0  0  0  0  0     0
SFUnpack            8154 1.0 5.0615e-02 4.8 8.37e+06 3.5 0.0e+00 0.0e+00 0.0e+00  0  0  0  0  0   0  0  0  0  0 18874
------------------------------------------------------------------------------------------------------------------------

Memory usage is given in bytes:

Object Type          Creations   Destructions     Memory  Descendants' Mem.
Reports information only for process 0.

--- Event Stage 0: Main Stage

              Matrix    13             13    778449176     0.
       Krylov Solver     6              6        73864     0.
      Preconditioner     6              6         6552     0.
              Viewer     2              1          848     0.
              Vector   128            128    113930976     0.
           Index Set    26             26      5359728     0.
   IS L to G Mapping     2              2      4829120     0.
   Star Forest Graph    12             12        13824     0.
    Distributed Mesh     3              3        15144     0.
     Discrete System     3              3         2712     0.
           Weak Form     3              3         2472     0.
========================================================================================================================
Average time to get PetscTime(): 3.08e-08
Average time for MPI_Barrier(): 9.02828e-05
Average time for zero size MPI_Send(): 2.50451e-06
#PETSc Option Table entries:
-ksp_max_it 200
-ksp_monitor
-ksp_pc_side right
-ksp_type fgmres
-log_view
-m 566
-mg_coarse_ksp_converged_reason
-mg_coarse_ksp_max_it 100
-mg_coarse_ksp_rtol 1e-2
-mg_coarse_ksp_type gmres
-mg_coarse_pc_asm_type basic
-mg_coarse_pc_type asm
-mg_levels_pc_asm_type basic
-mg_levels_pc_type asm
-mg_levels_sub_pc_factor_mat_solver_type mumps
-mg_levels_sub_pc_type lu
-n 566
-nw
-pc_mg_type multiplicative
-pc_type mg
#End of PETSc Option Table entries
Compiled without FORTRAN kernels
Compiled with full precision matrices (default)
sizeof(short) 2 sizeof(int) 4 sizeof(long) 8 sizeof(void*) 8 sizeof(PetscScalar) 8 sizeof(PetscInt) 4
Configure options: --prefix=/home/a/asarkar/sudhipv/software/FreeFem-sources/install/ff-petsc/r MAKEFLAGS= --with-debugging=0 COPTFLAGS="-O3 -mtune=native" CXXOPTFLAGS="-O3 -mtune=native" FOPTFLAGS="-O3 -mtune=native" --with-cxx-dialect=C++11 --with-ssl=0 --with-x=0 --with-fortran-bindings=0 --with-cudac=0 --with-cc=/cvmfs/soft.computecanada.ca/easybuild/software/2020/avx512/Compiler/intel2020/openmpi/4.0.3/bin/mpicc --with-cxx=/cvmfs/soft.computecanada.ca/easybuild/software/2020/avx512/Compiler/intel2020/openmpi/4.0.3/bin/mpic++ --with-fc=/cvmfs/soft.computecanada.ca/easybuild/software/2020/avx512/Compiler/intel2020/openmpi/4.0.3/bin/mpif90 --with-scalar-type=real --with-blaslapack-include=/cvmfs/soft.computecanada.ca/easybuild/software/2020/Core/imkl/2020.1.217/mkl/include --with-blaslapack-lib="-Wl,-rpath,/cvmfs/soft.computecanada.ca/easybuild/software/2020/Core/imkl/2020.1.217/mkl/lib/intel64 -L/cvmfs/soft.computecanada.ca/easybuild/software/2020/Core/imkl/2020.1.217/mkl/lib/intel64 -lmkl_rt -lmkl_intel_thread -lmkl_core  -liomp5 -lpthread" --download-metis --download-ptscotch --download-hypre --download-parmetis --download-mmg --download-parmmg --download-superlu --download-suitesparse --download-tetgen --download-slepc --download-hpddm --download-scalapack --download-mumps --download-slepc-configure-arguments=--download-arpack=https://github.com/prj-/arpack-ng/archive/b64dccb.tar.gz PETSC_ARCH=fr
-----------------------------------------
Libraries compiled on 2021-05-02 15:39:49 on nia-login03.scinet.local 
Machine characteristics: Linux-3.10.0-957.27.2.el7.x86_64-x86_64-with-centos-7.6.1810-Core
Using PETSc directory: /home/a/asarkar/sudhipv/software/FreeFem-sources/install/ff-petsc/r
Using PETSc arch: 
-----------------------------------------

Using C compiler: /cvmfs/soft.computecanada.ca/easybuild/software/2020/avx512/Compiler/intel2020/openmpi/4.0.3/bin/mpicc  -fPIC -wd1572 -O3 -mtune=native   
Using Fortran compiler: /cvmfs/soft.computecanada.ca/easybuild/software/2020/avx512/Compiler/intel2020/openmpi/4.0.3/bin/mpif90  -fPIC -O3 -mtune=native     
-----------------------------------------

Using include paths: -I/home/a/asarkar/sudhipv/software/FreeFem-sources/install/ff-petsc/r/include -I/cvmfs/soft.computecanada.ca/easybuild/software/2020/Core/imkl/2020.1.217/mkl/include
-----------------------------------------

Using C linker: /cvmfs/soft.computecanada.ca/easybuild/software/2020/avx512/Compiler/intel2020/openmpi/4.0.3/bin/mpicc
Using Fortran linker: /cvmfs/soft.computecanada.ca/easybuild/software/2020/avx512/Compiler/intel2020/openmpi/4.0.3/bin/mpif90
Using libraries: -Wl,-rpath,/home/a/asarkar/sudhipv/software/FreeFem-sources/install/ff-petsc/r/lib -L/home/a/asarkar/sudhipv/software/FreeFem-sources/install/ff-petsc/r/lib -lpetsc -Wl,-rpath,/home/a/asarkar/sudhipv/software/FreeFem-sources/install/ff-petsc/r/lib -L/home/a/asarkar/sudhipv/software/FreeFem-sources/install/ff-petsc/r/lib -Wl,-rpath,/cvmfs/soft.computecanada.ca/easybuild/software/2020/Core/imkl/2020.1.217/mkl/lib/intel64 -L/cvmfs/soft.computecanada.ca/easybuild/software/2020/Core/imkl/2020.1.217/mkl/lib/intel64 -Wl,-rpath,/cvmfs/soft.computecanada.ca/easybuild/software/2020/avx512/Compiler/intel2020/openmpi/4.0.3/lib -L/cvmfs/soft.computecanada.ca/easybuild/software/2020/avx512/Compiler/intel2020/openmpi/4.0.3/lib -Wl,-rpath,/cvmfs/soft.computecanada.ca/easybuild/software/2020/avx512/Core/libfabric/1.10.1/lib -L/cvmfs/soft.computecanada.ca/easybuild/software/2020/avx512/Core/libfabric/1.10.1/lib -Wl,-rpath,/cvmfs/soft.computecanada.ca/easybuild/software/2020/avx512/Core/ucx/1.8.0/lib -L/cvmfs/soft.computecanada.ca/easybuild/software/2020/avx512/Core/ucx/1.8.0/lib -Wl,-rpath,/cvmfs/soft.computecanada.ca/easybuild/software/2020/Core/imkl/2020.1.217/lib/intel64 -L/cvmfs/soft.computecanada.ca/easybuild/software/2020/Core/imkl/2020.1.217/lib/intel64 -Wl,-rpath,/cvmfs/restricted.computecanada.ca/easybuild/software/2020/Core/intel/2020.1.217/compilers_and_libraries_2020.1.217/linux/tbb/lib/intel64/gcc4.8 -L/cvmfs/restricted.computecanada.ca/easybuild/software/2020/Core/intel/2020.1.217/compilers_and_libraries_2020.1.217/linux/tbb/lib/intel64/gcc4.8 -Wl,-rpath,/cvmfs/restricted.computecanada.ca/easybuild/software/2020/Core/intel/2020.1.217/compilers_and_libraries_2020.1.217/linux/compiler/lib/intel64_lin -L/cvmfs/restricted.computecanada.ca/easybuild/software/2020/Core/intel/2020.1.217/compilers_and_libraries_2020.1.217/linux/compiler/lib/intel64_lin -Wl,-rpath,/cvmfs/soft.computecanada.ca/easybuild/software/2020/avx512/Compiler/intel2020/openmpi/4.0.3/lib64 -L/cvmfs/soft.computecanada.ca/easybuild/software/2020/avx512/Compiler/intel2020/openmpi/4.0.3/lib64 -Wl,-rpath,/cvmfs/soft.computecanada.ca/easybuild/software/2020/Core/gcccore/9.3.0/lib/gcc/x86_64-pc-linux-gnu/9.3.0 -L/cvmfs/soft.computecanada.ca/easybuild/software/2020/Core/gcccore/9.3.0/lib/gcc/x86_64-pc-linux-gnu/9.3.0 -Wl,-rpath,/cvmfs/soft.computecanada.ca/easybuild/software/2020/Core/gcccore/9.3.0/lib64 -L/cvmfs/soft.computecanada.ca/easybuild/software/2020/Core/gcccore/9.3.0/lib64 -Wl,-rpath,/cvmfs/soft.computecanada.ca/gentoo/2020/lib64 -L/cvmfs/soft.computecanada.ca/gentoo/2020/lib64 -Wl,-rpath,/cvmfs/soft.computecanada.ca/gentoo/2020/usr/lib64 -L/cvmfs/soft.computecanada.ca/gentoo/2020/usr/lib64 -Wl,-rpath,/cvmfs/soft.computecanada.ca/easybuild/software/2020/Core/gcccore/9.3.0/lib -L/cvmfs/soft.computecanada.ca/easybuild/software/2020/Core/gcccore/9.3.0/lib -Wl,-rpath,/cvmfs/soft.computecanada.ca/gentoo/2020/lib -L/cvmfs/soft.computecanada.ca/gentoo/2020/lib -Wl,-rpath,/cvmfs/soft.computecanada.ca/gentoo/2020/usr/lib -L/cvmfs/soft.computecanada.ca/gentoo/2020/usr/lib -lHYPRE -lcmumps -ldmumps -lsmumps -lzmumps -lmumps_common -lpord -lscalapack -lumfpack -lklu -lcholmod -lbtf -lccolamd -lcolamd -lcamd -lamd -lsuitesparseconfig -lsuperlu -lmkl_rt -lmkl_intel_thread -lmkl_core -liomp5 -lpthread -lparmmg -lmmg -lmmg3d -lptesmumps -lptscotchparmetis -lptscotch -lptscotcherr -lesmumps -lscotch -lscotcherr -lpthread -lparmetis -lmetis -ltet -lstdc++ -ldl -lmpi_usempif08 -lmpi_usempi_ignore_tkr -lmpi_mpifh -lmpi -lifport -lifcoremt_pic -limf -lsvml -lm -lipgo -lirc -lpthread -lgcc_s -lirc_s -lrt -lquadmath -lstdc++ -ldl
-----------------------------------------


scontrol show jobid 8492358
JobId=8492358 JobName=LP_weak_2LV2_160
   UserId=sudhipv(3061414) GroupId=asarkar(6001189) MCS_label=N/A
   Priority=840147 Nice=0 Account=def-asarkar QOS=normal
   JobState=COMPLETED Reason=None Dependency=(null)
   Requeue=0 Restarts=0 BatchFlag=1 Reboot=0 ExitCode=0:0
   RunTime=00:03:03 TimeLimit=00:30:00 TimeMin=N/A
   SubmitTime=2022-11-27T12:58:06 EligibleTime=2022-11-27T12:58:06
   AccrueTime=2022-11-27T12:58:06
   StartTime=2022-11-27T13:06:44 EndTime=2022-11-27T13:09:47 Deadline=N/A
   SuspendTime=None SecsPreSuspend=0 LastSchedEval=2022-11-27T13:06:44 Scheduler=Backfill
   Partition=compute AllocNode:Sid=nia-login06:163564
   ReqNodeList=(null) ExcNodeList=(null)
   NodeList=nia[0232,0282,0284,0325]
   BatchHost=nia0232
   NumNodes=4 NumCPUs=320 NumTasks=160 CPUs/Task=1 ReqB:S:C:T=0:0:*:*
   TRES=cpu=320,mem=700000M,node=4,billing=160
   Socks/Node=* NtasksPerN:B:S:C=40:0:*:* CoreSpec=*
   MinCPUsNode=40 MinMemoryNode=175000M MinTmpDiskNode=0
   Features=[skylake|cascade] DelayBoot=00:00:00
   OverSubscribe=NO Contiguous=0 Licenses=(null) Network=(null)
   Command=/gpfs/fs0/scratch/a/asarkar/sudhipv/poisson_hpc/stochastic/process_L/poisson_weakmesh/runff_niagara.sh
   WorkDir=/gpfs/fs0/scratch/a/asarkar/sudhipv/poisson_hpc/stochastic/process_L/poisson_weakmesh
   Comment=/opt/slurm/bin/sbatch --export=NONE runff_niagara.sh 
   StdErr=/gpfs/fs0/scratch/a/asarkar/sudhipv/poisson_hpc/stochastic/process_L/poisson_weakmesh/LP_weak_2LV2_160-8492358.out
   StdIn=/dev/null
   StdOut=/gpfs/fs0/scratch/a/asarkar/sudhipv/poisson_hpc/stochastic/process_L/poisson_weakmesh/LP_weak_2LV2_160-8492358.out
   Power=
   MailUser=sudhipv@cmail.carleton.ca MailType=INVALID_DEPEND,BEGIN,END,FAIL,REQUEUE,STAGE_OUT
   

sacct -j 8492358
JobID           JobName    Account    Elapsed  MaxVMSize     MaxRSS  SystemCPU    UserCPU ExitCode 
------------ ---------- ---------- ---------- ---------- ---------- ---------- ---------- -------- 
8492358      LP_weak_2+ def-asark+   00:03:03                        09:39.424   06:52:59      0:0 
8492358.bat+      batch def-asark+   00:03:03 150239724K 114883800K  02:22.252   01:43:18      0:0 
8492358.ext+     extern def-asark+   00:03:03    142384K      1128K  00:00.001  00:00.002      0:0 
8492358.0         orted def-asark+   00:02:49 151761032K 117322132K  07:17.170   05:09:41      0:0 
