
The following have been reloaded with a version change:
  1) mii/1.1.1 => mii/1.1.2

/cvmfs/soft.computecanada.ca/easybuild/software/2020/avx512/Compiler/intel2020/openmpi/4.0.3/bin/mpiexec
/cvmfs/soft.computecanada.ca/easybuild/software/2020/avx512/Compiler/intel2020/openmpi/4.0.3/bin/mpirun
Number of Vertices for coarse grid  1285956
Number of Vertices for fine mesh is  5.13929e+06
1	
	-111111	
number of random variable  2
order of input  2
order of output  5
Number of input PC   6
Number of output PC  21
Mean of Gaussian  0
Sd of Gaussian  0.3
Size of linear System  1.07925e+08
sindex is 25 2	
	   1   1
	   1   2
	   2   1
	   2   2
	   1   3
	   3   1
	   2   3
	   3   2
	   1   4
	   4   1
	   3   3
	   2   4
	   4   2
	   3   4
	   4   3
	   1   5
	   5   1
	   2   5
	   5   2
	   4   4
	   3   5
	   5   3
	   1   6
	   6   1
	   2   6
	
mindex for file ./kledata/multiIndex00050002.dat is 21 2	
	   0   0
	   1   0
	   0   1
	   2   0
	   1   1
	   0   2
	   3   0
	   2   1
	   1   2
	   0   3
	   4   0
	   3   1
	   2   2
	   1   3
	   0   4
	   5   0
	   4   1
	   3   2
	   2   3
	   1   4
	   0   5
	
Finished generating log normal input coefficients for rank 0
Assembling matrices for level 0 and rank 0
Assembling matrices for level 1 and rank 0
Exited Assembling 0
Starting solve for 0
  0 KSP Residual norm 4.411115153281e-04 
    Linear mg_coarse_ solve did not converge due to DIVERGED_ITS iterations 100
  1 KSP Residual norm 4.406419037957e-04 
    Linear mg_coarse_ solve did not converge due to DIVERGED_ITS iterations 100
  2 KSP Residual norm 4.353245620455e-04 
    Linear mg_coarse_ solve did not converge due to DIVERGED_ITS iterations 100
  3 KSP Residual norm 4.265681000099e-04 
    Linear mg_coarse_ solve did not converge due to DIVERGED_ITS iterations 100
  4 KSP Residual norm 4.104836736630e-04 
    Linear mg_coarse_ solve did not converge due to DIVERGED_ITS iterations 100
  5 KSP Residual norm 3.686543431774e-04 
    Linear mg_coarse_ solve did not converge due to DIVERGED_ITS iterations 100
  6 KSP Residual norm 2.346242386890e-04 
    Linear mg_coarse_ solve did not converge due to DIVERGED_ITS iterations 100
  7 KSP Residual norm 9.157549841293e-05 
    Linear mg_coarse_ solve did not converge due to DIVERGED_ITS iterations 100
  8 KSP Residual norm 5.589454366977e-05 
    Linear mg_coarse_ solve did not converge due to DIVERGED_ITS iterations 100
  9 KSP Residual norm 3.979440854162e-05 
    Linear mg_coarse_ solve did not converge due to DIVERGED_ITS iterations 100
 10 KSP Residual norm 2.920799641961e-05 
    Linear mg_coarse_ solve did not converge due to DIVERGED_ITS iterations 100
 11 KSP Residual norm 2.148768681308e-05 
    Linear mg_coarse_ solve did not converge due to DIVERGED_ITS iterations 100
 12 KSP Residual norm 1.373645646200e-05 
    Linear mg_coarse_ solve did not converge due to DIVERGED_ITS iterations 100
 13 KSP Residual norm 1.036599866258e-05 
    Linear mg_coarse_ solve did not converge due to DIVERGED_ITS iterations 100
 14 KSP Residual norm 8.950700211681e-06 
    Linear mg_coarse_ solve did not converge due to DIVERGED_ITS iterations 100
 15 KSP Residual norm 5.854320995175e-06 
    Linear mg_coarse_ solve did not converge due to DIVERGED_ITS iterations 100
 16 KSP Residual norm 2.540010547122e-06 
    Linear mg_coarse_ solve did not converge due to DIVERGED_ITS iterations 100
 17 KSP Residual norm 1.329382242873e-06 
    Linear mg_coarse_ solve did not converge due to DIVERGED_ITS iterations 100
 18 KSP Residual norm 6.560694685755e-07 
    Linear mg_coarse_ solve did not converge due to DIVERGED_ITS iterations 100
 19 KSP Residual norm 2.825098264547e-07 
    Linear mg_coarse_ solve did not converge due to DIVERGED_ITS iterations 100
 20 KSP Residual norm 2.082433498467e-07 
    Linear mg_coarse_ solve did not converge due to DIVERGED_ITS iterations 100
 21 KSP Residual norm 1.699369892901e-07 
    Linear mg_coarse_ solve did not converge due to DIVERGED_ITS iterations 100
 22 KSP Residual norm 1.312430407802e-07 
    Linear mg_coarse_ solve did not converge due to DIVERGED_ITS iterations 100
 23 KSP Residual norm 1.036901610037e-07 
    Linear mg_coarse_ solve did not converge due to DIVERGED_ITS iterations 100
 24 KSP Residual norm 6.404593380354e-08 
    Linear mg_coarse_ solve did not converge due to DIVERGED_ITS iterations 100
 25 KSP Residual norm 3.892336825696e-08 
    Linear mg_coarse_ solve did not converge due to DIVERGED_ITS iterations 100
 26 KSP Residual norm 2.513976003113e-08 
    Linear mg_coarse_ solve did not converge due to DIVERGED_ITS iterations 100
 27 KSP Residual norm 1.652798609041e-08 
    Linear mg_coarse_ solve did not converge due to DIVERGED_ITS iterations 100
 28 KSP Residual norm 1.075803370696e-08 
    Linear mg_coarse_ solve did not converge due to DIVERGED_ITS iterations 100
 29 KSP Residual norm 6.161179966035e-09 
    Linear mg_coarse_ solve did not converge due to DIVERGED_ITS iterations 100
 30 KSP Residual norm 2.699644857093e-09 
time taken for solve is352.509
************************************************************************************************************************
***             WIDEN YOUR WINDOW TO 120 CHARACTERS.  Use 'enscript -r -fCourier9' to print this document            ***
************************************************************************************************************************

---------------------------------------------- PETSc Performance Summary: ----------------------------------------------

/home/a/asarkar/sudhipv/software/FreeFem-sources/src/mpi/FreeFem++-mpi on a  named nia0476.scinet.local with 640 processors, by sudhipv Sun Nov 27 17:19:03 2022
Using Petsc Release Version 3.15.0, Mar 30, 2021 

                         Max       Max/Min     Avg       Total
Time (sec):           3.543e+02     1.000   3.543e+02
Objects:              2.220e+02     1.000   2.220e+02
Flop:                 7.023e+13     1.397   6.085e+13  3.894e+16
Flop/sec:             1.982e+11     1.397   1.717e+11  1.099e+14
MPI Messages:         8.852e+04     4.500   5.569e+04  3.564e+07
MPI Message Lengths:  4.612e+08     3.373   6.238e+03  2.224e+11
MPI Reductions:       6.276e+03     1.000

Flop counting convention: 1 flop = 1 real number operation of type (multiply/divide/add/subtract)
                            e.g., VecAXPY() for real vectors of length N --> 2N flop
                            and VecAXPY() for complex vectors of length N --> 8N flop

Summary of Stages:   ----- Time ------  ----- Flop ------  --- Messages ---  -- Message Lengths --  -- Reductions --
                        Avg     %Total     Avg     %Total    Count   %Total     Avg         %Total    Count   %Total
 0:      Main Stage: 3.5429e+02 100.0%  3.8943e+16 100.0%  3.564e+07 100.0%  6.238e+03      100.0%  6.258e+03  99.7%

------------------------------------------------------------------------------------------------------------------------
See the 'Profiling' chapter of the users' manual for details on interpreting output.
Phase summary info:
   Count: number of times phase was executed
   Time and Flop: Max - maximum over all processors
                  Ratio - ratio of maximum to minimum over all processors
   Mess: number of messages sent
   AvgLen: average message length (bytes)
   Reduct: number of global reductions
   Global: entire computation
   Stage: stages of a computation. Set stages with PetscLogStagePush() and PetscLogStagePop().
      %T - percent time in this phase         %F - percent flop in this phase
      %M - percent messages in this phase     %L - percent message lengths in this phase
      %R - percent reductions in this phase
   Total Mflop/s: 10e-6 * (sum of flop over all processors)/(max time over all processors)
------------------------------------------------------------------------------------------------------------------------
Event                Count      Time (sec)     Flop                              --- Global ---  --- Stage ----  Total
                   Max Ratio  Max     Ratio   Max  Ratio  Mess   AvgLen  Reduct  %T %F %M %L %R  %T %F %M %L %R Mflop/s
------------------------------------------------------------------------------------------------------------------------

--- Event Stage 0: Main Stage

BuildTwoSided          8 1.0 9.4833e+0038.7 0.00e+00 0.0 1.4e+04 4.0e+00 6.0e+00  2  0  0  0  0   2  0  0  0  0     0
BuildTwoSidedF         2 1.0 2.2397e-0165.7 0.00e+00 0.0 0.0e+00 0.0e+00 2.0e+00  0  0  0  0  0   0  0  0  0  0     0
MatMult             3280 1.0 9.9704e+01 1.2 4.91e+10 1.1 1.2e+07 5.8e+03 2.0e+00 25  0 33 31  0  25  0 33 31  0 295694
MatMultAdd            30 1.0 2.4445e-01 1.6 1.05e+07 1.1 1.1e+05 1.8e+04 0.0e+00  0  0  0  1  0   0  0  0  1  0 26490
MatMultTranspose      30 1.0 5.1097e+0022.0 0.00e+00 0.0 1.1e+05 6.0e+04 0.0e+00  0  0  0  3  0   0  0  0  3  0     0
MatSolve            3251 1.0 1.6317e+02 1.5 7.02e+13 1.4 0.0e+00 0.0e+00 0.0e+00 33100  0  0  0  33100  0  0  0 238441865
MatLUFactorSym         1 1.0 1.3163e+00 1.3 0.00e+00 0.0 0.0e+00 0.0e+00 0.0e+00  0  0  0  0  0   0  0  0  0  0     0
MatLUFactorNum         2 1.0 1.8453e+01 1.9 6.90e+08 1.2 0.0e+00 0.0e+00 0.0e+00  4  0  0  0  0   4  0  0  0  0 22479
MatILUFactorSym        1 1.0 5.4597e-0122.7 0.00e+00 0.0 0.0e+00 0.0e+00 0.0e+00  0  0  0  0  0   0  0  0  0  0     0
MatResidual           30 1.0 6.2366e+00 3.7 1.54e+09 1.1 1.1e+05 1.2e+04 0.0e+00  1  0  0  1  0   1  0  0  1  0 152555
MatAssemblyBegin       6 1.0 2.2419e-0163.2 0.00e+00 0.0 0.0e+00 0.0e+00 2.0e+00  0  0  0  0  0   0  0  0  0  0     0
MatAssemblyEnd         6 1.0 7.3107e+0074.8 0.00e+00 0.0 0.0e+00 0.0e+00 8.0e+00  1  0  0  0  0   1  0  0  0  0     0
MatGetRowIJ            2 1.0 3.0311e-02 1.6 0.00e+00 0.0 0.0e+00 0.0e+00 0.0e+00  0  0  0  0  0   0  0  0  0  0     0
MatCreateSubMats       2 1.0 1.5994e+00 1.3 0.00e+00 0.0 3.6e+04 3.8e+05 2.0e+00  0  0  0  6  0   0  0  0  6  0     0
MatGetOrdering         2 1.0 1.0494e-01 2.1 0.00e+00 0.0 0.0e+00 0.0e+00 0.0e+00  0  0  0  0  0   0  0  0  0  0     0
MatIncreaseOvrlp       2 1.0 2.0498e-01 2.1 0.00e+00 0.0 0.0e+00 0.0e+00 2.0e+00  0  0  0  0  0   0  0  0  0  0     0
KSPSetUp               4 1.0 2.8527e+01 1.0 5.89e+12 1.4 1.5e+05 7.3e+04 3.8e+01  8  8  0  5  1   8  8  0  5  1 114466985
KSPSolve               1 1.0 2.8546e+02 1.0 6.43e+13 1.4 3.5e+07 5.8e+03 6.2e+03 81 92 99 93 99  81 92 99 93 99 124980702
KSPGMRESOrthog      3040 1.0 6.7063e+01 2.7 8.26e+09 1.2 0.0e+00 0.0e+00 3.0e+03 16  0  0  0 48  16  0  0  0 49 73413
PCSetUp                2 1.0 2.9697e+01 1.0 5.89e+12 1.4 1.7e+05 9.1e+04 4.5e+01  8  8  0  7  1   8  8  0  7  1 109964714
PCSetUpOnBlocks       91 1.0 1.9930e+01 1.8 6.90e+08 1.2 0.0e+00 0.0e+00 0.0e+00  4  0  0  0  0   4  0  0  0  0 20813
PCApply               30 1.0 2.8102e+02 1.0 6.43e+13 1.4 3.5e+07 5.8e+03 6.1e+03 78 92 99 92 98  78 92 99 92 98 126953799
PCApplyOnBlocks     3251 1.0 1.6347e+02 1.5 7.02e+13 1.4 0.0e+00 0.0e+00 0.0e+00 33100  0  0  0  33100  0  0  0 238003459
VecMDot             3040 1.0 6.3827e+01 3.0 4.13e+09 1.2 0.0e+00 0.0e+00 3.0e+03 15  0  0  0 48  15  0  0  0 49 38567
VecNorm             3162 1.0 1.3630e+01 4.3 2.98e+08 1.2 0.0e+00 0.0e+00 3.2e+03  3  0  0  0 50   3  0  0  0 51 13028
VecScale            3222 1.0 1.4746e-01 4.5 1.49e+08 1.2 0.0e+00 0.0e+00 0.0e+00  0  0  0  0  0   0  0  0  0  0 602125
VecCopy              343 1.0 9.6586e-02 1.4 0.00e+00 0.0 0.0e+00 0.0e+00 0.0e+00  0  0  0  0  0   0  0  0  0  0     0
VecSet              9977 1.0 1.2493e+00 1.9 0.00e+00 0.0 0.0e+00 0.0e+00 0.0e+00  0  0  0  0  0   0  0  0  0  0     0
VecAXPY              242 1.0 4.2345e-02 1.5 3.03e+07 1.1 0.0e+00 0.0e+00 0.0e+00  0  0  0  0  0   0  0  0  0  0 430965
VecAYPX              180 1.0 7.8120e-02 1.6 4.20e+07 1.1 0.0e+00 0.0e+00 0.0e+00  0  0  0  0  0   0  0  0  0  0 331565
VecAXPBYCZ            60 1.0 4.7050e-02 2.1 5.25e+07 1.1 0.0e+00 0.0e+00 0.0e+00  0  0  0  0  0   0  0  0  0  0 688145
VecMAXPY            3162 1.0 4.3126e+00 1.4 4.42e+09 1.2 0.0e+00 0.0e+00 0.0e+00  1  0  0  0  0   1  0  0  0  0 610392
VecScatterBegin    16254 1.0 1.1239e+01 6.6 0.00e+00 0.0 3.5e+07 5.6e+03 4.0e+00  2  0 99 90  0   2  0 99 90  0     0
VecScatterEnd      16254 1.0 6.3637e+0118.2 1.72e+07 3.4 0.0e+00 0.0e+00 0.0e+00  6  0  0  0  0   6  0  0  0  0   130
VecNormalize        3131 1.0 1.3529e+01 4.4 4.31e+08 1.2 0.0e+00 0.0e+00 3.1e+03  3  0  0  0 50   3  0  0  0 50 18946
SFSetGraph             6 1.0 4.3894e-04 2.1 0.00e+00 0.0 0.0e+00 0.0e+00 0.0e+00  0  0  0  0  0   0  0  0  0  0     0
SFSetUp                6 1.0 9.2759e+0062.7 0.00e+00 0.0 2.9e+04 2.1e+03 4.0e+00  2  0  0  0  0   2  0  0  0  0     0
SFPack             16254 1.0 1.7224e-01 5.2 0.00e+00 0.0 0.0e+00 0.0e+00 0.0e+00  0  0  0  0  0   0  0  0  0  0     0
SFUnpack           16254 1.0 1.2150e-01 6.2 1.72e+07 3.4 0.0e+00 0.0e+00 0.0e+00  0  0  0  0  0   0  0  0  0  0 68151
------------------------------------------------------------------------------------------------------------------------

Memory usage is given in bytes:

Object Type          Creations   Destructions     Memory  Descendants' Mem.
Reports information only for process 0.

--- Event Stage 0: Main Stage

              Matrix    13             13    852137172     0.
       Krylov Solver     6              6        73864     0.
      Preconditioner     6              6         6552     0.
              Viewer     2              1          848     0.
              Vector   146            146    141770824     0.
           Index Set    26             26      5738840     0.
   IS L to G Mapping     2              2      4393804     0.
   Star Forest Graph    12             12        13824     0.
    Distributed Mesh     3              3        15144     0.
     Discrete System     3              3         2712     0.
           Weak Form     3              3         2472     0.
========================================================================================================================
Average time to get PetscTime(): 3.25e-08
Average time for MPI_Barrier(): 8.53966e-05
Average time for zero size MPI_Send(): 2.92441e-06
#PETSc Option Table entries:
-ksp_max_it 200
-ksp_monitor
-ksp_pc_side right
-ksp_type fgmres
-log_view
-m 1133
-mg_coarse_ksp_converged_reason
-mg_coarse_ksp_max_it 100
-mg_coarse_ksp_rtol 1e-2
-mg_coarse_ksp_type gmres
-mg_coarse_pc_asm_type basic
-mg_coarse_pc_type asm
-mg_levels_pc_asm_type basic
-mg_levels_pc_type asm
-mg_levels_sub_pc_factor_mat_solver_type mumps
-mg_levels_sub_pc_type lu
-n 1133
-nw
-pc_mg_type multiplicative
-pc_type mg
#End of PETSc Option Table entries
Compiled without FORTRAN kernels
Compiled with full precision matrices (default)
sizeof(short) 2 sizeof(int) 4 sizeof(long) 8 sizeof(void*) 8 sizeof(PetscScalar) 8 sizeof(PetscInt) 4
Configure options: --prefix=/home/a/asarkar/sudhipv/software/FreeFem-sources/install/ff-petsc/r MAKEFLAGS= --with-debugging=0 COPTFLAGS="-O3 -mtune=native" CXXOPTFLAGS="-O3 -mtune=native" FOPTFLAGS="-O3 -mtune=native" --with-cxx-dialect=C++11 --with-ssl=0 --with-x=0 --with-fortran-bindings=0 --with-cudac=0 --with-cc=/cvmfs/soft.computecanada.ca/easybuild/software/2020/avx512/Compiler/intel2020/openmpi/4.0.3/bin/mpicc --with-cxx=/cvmfs/soft.computecanada.ca/easybuild/software/2020/avx512/Compiler/intel2020/openmpi/4.0.3/bin/mpic++ --with-fc=/cvmfs/soft.computecanada.ca/easybuild/software/2020/avx512/Compiler/intel2020/openmpi/4.0.3/bin/mpif90 --with-scalar-type=real --with-blaslapack-include=/cvmfs/soft.computecanada.ca/easybuild/software/2020/Core/imkl/2020.1.217/mkl/include --with-blaslapack-lib="-Wl,-rpath,/cvmfs/soft.computecanada.ca/easybuild/software/2020/Core/imkl/2020.1.217/mkl/lib/intel64 -L/cvmfs/soft.computecanada.ca/easybuild/software/2020/Core/imkl/2020.1.217/mkl/lib/intel64 -lmkl_rt -lmkl_intel_thread -lmkl_core  -liomp5 -lpthread" --download-metis --download-ptscotch --download-hypre --download-parmetis --download-mmg --download-parmmg --download-superlu --download-suitesparse --download-tetgen --download-slepc --download-hpddm --download-scalapack --download-mumps --download-slepc-configure-arguments=--download-arpack=https://github.com/prj-/arpack-ng/archive/b64dccb.tar.gz PETSC_ARCH=fr
-----------------------------------------
Libraries compiled on 2021-05-02 15:39:49 on nia-login03.scinet.local 
Machine characteristics: Linux-3.10.0-957.27.2.el7.x86_64-x86_64-with-centos-7.6.1810-Core
Using PETSc directory: /home/a/asarkar/sudhipv/software/FreeFem-sources/install/ff-petsc/r
Using PETSc arch: 
-----------------------------------------

Using C compiler: /cvmfs/soft.computecanada.ca/easybuild/software/2020/avx512/Compiler/intel2020/openmpi/4.0.3/bin/mpicc  -fPIC -wd1572 -O3 -mtune=native   
Using Fortran compiler: /cvmfs/soft.computecanada.ca/easybuild/software/2020/avx512/Compiler/intel2020/openmpi/4.0.3/bin/mpif90  -fPIC -O3 -mtune=native     
-----------------------------------------

Using include paths: -I/home/a/asarkar/sudhipv/software/FreeFem-sources/install/ff-petsc/r/include -I/cvmfs/soft.computecanada.ca/easybuild/software/2020/Core/imkl/2020.1.217/mkl/include
-----------------------------------------

Using C linker: /cvmfs/soft.computecanada.ca/easybuild/software/2020/avx512/Compiler/intel2020/openmpi/4.0.3/bin/mpicc
Using Fortran linker: /cvmfs/soft.computecanada.ca/easybuild/software/2020/avx512/Compiler/intel2020/openmpi/4.0.3/bin/mpif90
Using libraries: -Wl,-rpath,/home/a/asarkar/sudhipv/software/FreeFem-sources/install/ff-petsc/r/lib -L/home/a/asarkar/sudhipv/software/FreeFem-sources/install/ff-petsc/r/lib -lpetsc -Wl,-rpath,/home/a/asarkar/sudhipv/software/FreeFem-sources/install/ff-petsc/r/lib -L/home/a/asarkar/sudhipv/software/FreeFem-sources/install/ff-petsc/r/lib -Wl,-rpath,/cvmfs/soft.computecanada.ca/easybuild/software/2020/Core/imkl/2020.1.217/mkl/lib/intel64 -L/cvmfs/soft.computecanada.ca/easybuild/software/2020/Core/imkl/2020.1.217/mkl/lib/intel64 -Wl,-rpath,/cvmfs/soft.computecanada.ca/easybuild/software/2020/avx512/Compiler/intel2020/openmpi/4.0.3/lib -L/cvmfs/soft.computecanada.ca/easybuild/software/2020/avx512/Compiler/intel2020/openmpi/4.0.3/lib -Wl,-rpath,/cvmfs/soft.computecanada.ca/easybuild/software/2020/avx512/Core/libfabric/1.10.1/lib -L/cvmfs/soft.computecanada.ca/easybuild/software/2020/avx512/Core/libfabric/1.10.1/lib -Wl,-rpath,/cvmfs/soft.computecanada.ca/easybuild/software/2020/avx512/Core/ucx/1.8.0/lib -L/cvmfs/soft.computecanada.ca/easybuild/software/2020/avx512/Core/ucx/1.8.0/lib -Wl,-rpath,/cvmfs/soft.computecanada.ca/easybuild/software/2020/Core/imkl/2020.1.217/lib/intel64 -L/cvmfs/soft.computecanada.ca/easybuild/software/2020/Core/imkl/2020.1.217/lib/intel64 -Wl,-rpath,/cvmfs/restricted.computecanada.ca/easybuild/software/2020/Core/intel/2020.1.217/compilers_and_libraries_2020.1.217/linux/tbb/lib/intel64/gcc4.8 -L/cvmfs/restricted.computecanada.ca/easybuild/software/2020/Core/intel/2020.1.217/compilers_and_libraries_2020.1.217/linux/tbb/lib/intel64/gcc4.8 -Wl,-rpath,/cvmfs/restricted.computecanada.ca/easybuild/software/2020/Core/intel/2020.1.217/compilers_and_libraries_2020.1.217/linux/compiler/lib/intel64_lin -L/cvmfs/restricted.computecanada.ca/easybuild/software/2020/Core/intel/2020.1.217/compilers_and_libraries_2020.1.217/linux/compiler/lib/intel64_lin -Wl,-rpath,/cvmfs/soft.computecanada.ca/easybuild/software/2020/avx512/Compiler/intel2020/openmpi/4.0.3/lib64 -L/cvmfs/soft.computecanada.ca/easybuild/software/2020/avx512/Compiler/intel2020/openmpi/4.0.3/lib64 -Wl,-rpath,/cvmfs/soft.computecanada.ca/easybuild/software/2020/Core/gcccore/9.3.0/lib/gcc/x86_64-pc-linux-gnu/9.3.0 -L/cvmfs/soft.computecanada.ca/easybuild/software/2020/Core/gcccore/9.3.0/lib/gcc/x86_64-pc-linux-gnu/9.3.0 -Wl,-rpath,/cvmfs/soft.computecanada.ca/easybuild/software/2020/Core/gcccore/9.3.0/lib64 -L/cvmfs/soft.computecanada.ca/easybuild/software/2020/Core/gcccore/9.3.0/lib64 -Wl,-rpath,/cvmfs/soft.computecanada.ca/gentoo/2020/lib64 -L/cvmfs/soft.computecanada.ca/gentoo/2020/lib64 -Wl,-rpath,/cvmfs/soft.computecanada.ca/gentoo/2020/usr/lib64 -L/cvmfs/soft.computecanada.ca/gentoo/2020/usr/lib64 -Wl,-rpath,/cvmfs/soft.computecanada.ca/easybuild/software/2020/Core/gcccore/9.3.0/lib -L/cvmfs/soft.computecanada.ca/easybuild/software/2020/Core/gcccore/9.3.0/lib -Wl,-rpath,/cvmfs/soft.computecanada.ca/gentoo/2020/lib -L/cvmfs/soft.computecanada.ca/gentoo/2020/lib -Wl,-rpath,/cvmfs/soft.computecanada.ca/gentoo/2020/usr/lib -L/cvmfs/soft.computecanada.ca/gentoo/2020/usr/lib -lHYPRE -lcmumps -ldmumps -lsmumps -lzmumps -lmumps_common -lpord -lscalapack -lumfpack -lklu -lcholmod -lbtf -lccolamd -lcolamd -lcamd -lamd -lsuitesparseconfig -lsuperlu -lmkl_rt -lmkl_intel_thread -lmkl_core -liomp5 -lpthread -lparmmg -lmmg -lmmg3d -lptesmumps -lptscotchparmetis -lptscotch -lptscotcherr -lesmumps -lscotch -lscotcherr -lpthread -lparmetis -lmetis -ltet -lstdc++ -ldl -lmpi_usempif08 -lmpi_usempi_ignore_tkr -lmpi_mpifh -lmpi -lifport -lifcoremt_pic -limf -lsvml -lm -lipgo -lirc -lpthread -lgcc_s -lirc_s -lrt -lquadmath -lstdc++ -ldl
-----------------------------------------

Number of Vertices for coarse grid  1607824
Number of Vertices for fine mesh is  6.42622e+06
1	
	-111111	
number of random variable  2
order of input  2
order of output  5
Number of input PC   6
Number of output PC  21
Mean of Gaussian  0
Sd of Gaussian  0.3
Size of linear System  1.34951e+08
sindex is 25 2	
	   1   1
	   1   2
	   2   1
	   2   2
	   1   3
	   3   1
	   2   3
	   3   2
	   1   4
	   4   1
	   3   3
	   2   4
	   4   2
	   3   4
	   4   3
	   1   5
	   5   1
	   2   5
	   5   2
	   4   4
	   3   5
	   5   3
	   1   6
	   6   1
	   2   6
	
mindex for file ./kledata/multiIndex00050002.dat is 21 2	
	   0   0
	   1   0
	   0   1
	   2   0
	   1   1
	   0   2
	   3   0
	   2   1
	   1   2
	   0   3
	   4   0
	   3   1
	   2   2
	   1   3
	   0   4
	   5   0
	   4   1
	   3   2
	   2   3
	   1   4
	   0   5
	
Finished generating log normal input coefficients for rank 0
Assembling matrices for level 0 and rank 0
Assembling matrices for level 1 and rank 0
Exited Assembling 0
Starting solve for 0
  0 KSP Residual norm 3.944772561202e-04 
    Linear mg_coarse_ solve did not converge due to DIVERGED_ITS iterations 100
  1 KSP Residual norm 3.941666767431e-04 
    Linear mg_coarse_ solve did not converge due to DIVERGED_ITS iterations 100
  2 KSP Residual norm 3.904510394398e-04 
    Linear mg_coarse_ solve did not converge due to DIVERGED_ITS iterations 100
  3 KSP Residual norm 3.842763729225e-04 
    Linear mg_coarse_ solve did not converge due to DIVERGED_ITS iterations 100
  4 KSP Residual norm 3.741851085172e-04 
    Linear mg_coarse_ solve did not converge due to DIVERGED_ITS iterations 100
  5 KSP Residual norm 3.531597577596e-04 
    Linear mg_coarse_ solve did not converge due to DIVERGED_ITS iterations 100
  6 KSP Residual norm 2.924573695219e-04 
    Linear mg_coarse_ solve did not converge due to DIVERGED_ITS iterations 100
  7 KSP Residual norm 1.518068492285e-04 
    Linear mg_coarse_ solve did not converge due to DIVERGED_ITS iterations 100
  8 KSP Residual norm 7.548527567762e-05 
    Linear mg_coarse_ solve did not converge due to DIVERGED_ITS iterations 100
  9 KSP Residual norm 4.991402109423e-05 
    Linear mg_coarse_ solve did not converge due to DIVERGED_ITS iterations 100
 10 KSP Residual norm 3.458794209596e-05 
    Linear mg_coarse_ solve did not converge due to DIVERGED_ITS iterations 100
 11 KSP Residual norm 2.716105917064e-05 
    Linear mg_coarse_ solve did not converge due to DIVERGED_ITS iterations 100
 12 KSP Residual norm 2.016678691234e-05 
    Linear mg_coarse_ solve did not converge due to DIVERGED_ITS iterations 100
 13 KSP Residual norm 1.307183227012e-05 
    Linear mg_coarse_ solve did not converge due to DIVERGED_ITS iterations 100
 14 KSP Residual norm 1.006798172319e-05 
    Linear mg_coarse_ solve did not converge due to DIVERGED_ITS iterations 100
 15 KSP Residual norm 8.905477488385e-06 
    Linear mg_coarse_ solve did not converge due to DIVERGED_ITS iterations 100
 16 KSP Residual norm 7.345065126767e-06 
    Linear mg_coarse_ solve did not converge due to DIVERGED_ITS iterations 100
 17 KSP Residual norm 4.089778486124e-06 
    Linear mg_coarse_ solve did not converge due to DIVERGED_ITS iterations 100
 18 KSP Residual norm 1.948829429281e-06 
    Linear mg_coarse_ solve did not converge due to DIVERGED_ITS iterations 100
 19 KSP Residual norm 1.140574352028e-06 
    Linear mg_coarse_ solve did not converge due to DIVERGED_ITS iterations 100
 20 KSP Residual norm 4.912700595639e-07 
    Linear mg_coarse_ solve did not converge due to DIVERGED_ITS iterations 100
 21 KSP Residual norm 2.528216622815e-07 
    Linear mg_coarse_ solve did not converge due to DIVERGED_ITS iterations 100
 22 KSP Residual norm 1.978585093379e-07 
    Linear mg_coarse_ solve did not converge due to DIVERGED_ITS iterations 100
 23 KSP Residual norm 1.538178720731e-07 
    Linear mg_coarse_ solve did not converge due to DIVERGED_ITS iterations 100
 24 KSP Residual norm 1.258535159389e-07 
    Linear mg_coarse_ solve did not converge due to DIVERGED_ITS iterations 100
 25 KSP Residual norm 1.012889227309e-07 
    Linear mg_coarse_ solve did not converge due to DIVERGED_ITS iterations 100
 26 KSP Residual norm 7.204486771673e-08 
    Linear mg_coarse_ solve did not converge due to DIVERGED_ITS iterations 100
 27 KSP Residual norm 4.615658114417e-08 
    Linear mg_coarse_ solve did not converge due to DIVERGED_ITS iterations 100
 28 KSP Residual norm 2.918576037970e-08 
    Linear mg_coarse_ solve did not converge due to DIVERGED_ITS iterations 100
 29 KSP Residual norm 2.027523972721e-08 
    Linear mg_coarse_ solve did not converge due to DIVERGED_ITS iterations 100
 30 KSP Residual norm 1.416167436151e-08 
    Linear mg_coarse_ solve did not converge due to DIVERGED_ITS iterations 100
 31 KSP Residual norm 1.039300719126e-08 
    Linear mg_coarse_ solve did not converge due to DIVERGED_ITS iterations 100
 32 KSP Residual norm 7.286559430151e-09 
    Linear mg_coarse_ solve did not converge due to DIVERGED_ITS iterations 100
 33 KSP Residual norm 5.057598690707e-09 
    Linear mg_coarse_ solve did not converge due to DIVERGED_ITS iterations 100
 34 KSP Residual norm 3.608969408770e-09 
time taken for solve is451.409
************************************************************************************************************************
***             WIDEN YOUR WINDOW TO 120 CHARACTERS.  Use 'enscript -r -fCourier9' to print this document            ***
************************************************************************************************************************

---------------------------------------------- PETSc Performance Summary: ----------------------------------------------

/home/a/asarkar/sudhipv/software/FreeFem-sources/src/mpi/FreeFem++-mpi on a  named nia0476.scinet.local with 800 processors, by sudhipv Sun Nov 27 17:26:42 2022
Using Petsc Release Version 3.15.0, Mar 30, 2021 

                         Max       Max/Min     Avg       Total
Time (sec):           4.529e+02     1.000   4.529e+02
Objects:              2.220e+02     1.000   2.220e+02
Flop:                 7.848e+13     1.428   6.850e+13  5.480e+16
Flop/sec:             1.733e+11     1.428   1.512e+11  1.210e+14
MPI Messages:         1.003e+05     9.000   6.364e+04  5.091e+07
MPI Message Lengths:  5.061e+08     3.396   6.140e+03  3.126e+11
MPI Reductions:       7.101e+03     1.000

Flop counting convention: 1 flop = 1 real number operation of type (multiply/divide/add/subtract)
                            e.g., VecAXPY() for real vectors of length N --> 2N flop
                            and VecAXPY() for complex vectors of length N --> 8N flop

Summary of Stages:   ----- Time ------  ----- Flop ------  --- Messages ---  -- Message Lengths --  -- Reductions --
                        Avg     %Total     Avg     %Total    Count   %Total     Avg         %Total    Count   %Total
 0:      Main Stage: 4.5293e+02 100.0%  5.4796e+16 100.0%  5.091e+07 100.0%  6.140e+03      100.0%  7.083e+03  99.7%

------------------------------------------------------------------------------------------------------------------------
See the 'Profiling' chapter of the users' manual for details on interpreting output.
Phase summary info:
   Count: number of times phase was executed
   Time and Flop: Max - maximum over all processors
                  Ratio - ratio of maximum to minimum over all processors
   Mess: number of messages sent
   AvgLen: average message length (bytes)
   Reduct: number of global reductions
   Global: entire computation
   Stage: stages of a computation. Set stages with PetscLogStagePush() and PetscLogStagePop().
      %T - percent time in this phase         %F - percent flop in this phase
      %M - percent messages in this phase     %L - percent message lengths in this phase
      %R - percent reductions in this phase
   Total Mflop/s: 10e-6 * (sum of flop over all processors)/(max time over all processors)
------------------------------------------------------------------------------------------------------------------------
Event                Count      Time (sec)     Flop                              --- Global ---  --- Stage ----  Total
                   Max Ratio  Max     Ratio   Max  Ratio  Mess   AvgLen  Reduct  %T %F %M %L %R  %T %F %M %L %R Mflop/s
------------------------------------------------------------------------------------------------------------------------

--- Event Stage 0: Main Stage

BuildTwoSided          8 1.0 7.8439e+0033.5 0.00e+00 0.0 1.8e+04 4.0e+00 6.0e+00  1  0  0  0  0   1  0  0  0  0     0
BuildTwoSidedF         2 1.0 2.2854e-0146.6 0.00e+00 0.0 0.0e+00 0.0e+00 2.0e+00  0  0  0  0  0   0  0  0  0  0     0
MatMult             3717 1.0 1.3663e+02 1.5 5.55e+10 1.1 1.7e+07 5.7e+03 2.0e+00 22  0 33 31  0  22  0 33 31  0 305702
MatMultAdd            34 1.0 3.1999e-01 1.9 1.19e+07 1.1 1.6e+05 1.8e+04 0.0e+00  0  0  0  1  0   0  0  0  1  0 28678
MatMultTranspose      34 1.0 1.2197e+0189.6 0.00e+00 0.0 1.6e+05 6.0e+04 0.0e+00  0  0  0  3  0   0  0  0  3  0     0
MatSolve            3683 1.0 2.1984e+02 1.9 7.84e+13 1.4 0.0e+00 0.0e+00 0.0e+00 29100  0  0  0  29100  0  0  0 249028891
MatLUFactorSym         1 1.0 1.3361e+00 1.3 0.00e+00 0.0 0.0e+00 0.0e+00 0.0e+00  0  0  0  0  0   0  0  0  0  0     0
MatLUFactorNum         2 1.0 1.6153e+01 1.7 6.91e+08 1.2 0.0e+00 0.0e+00 0.0e+00  3  0  0  0  0   3  0  0  0  0 32140
MatILUFactorSym        1 1.0 2.4556e-0110.0 0.00e+00 0.0 0.0e+00 0.0e+00 0.0e+00  0  0  0  0  0   0  0  0  0  0     0
MatResidual           34 1.0 1.3462e+01 7.3 1.74e+09 1.1 1.6e+05 1.2e+04 0.0e+00  1  0  0  1  0   1  0  0  1  0 100163
MatAssemblyBegin       6 1.0 2.2869e-0145.5 0.00e+00 0.0 0.0e+00 0.0e+00 2.0e+00  0  0  0  0  0   0  0  0  0  0     0
MatAssemblyEnd         6 1.0 5.8627e+0023.9 0.00e+00 0.0 0.0e+00 0.0e+00 8.0e+00  1  0  0  0  0   1  0  0  0  0     0
MatGetRowIJ            2 1.0 3.1557e-02 2.0 0.00e+00 0.0 0.0e+00 0.0e+00 0.0e+00  0  0  0  0  0   0  0  0  0  0     0
MatCreateSubMats       2 1.0 1.6471e+00 1.4 0.00e+00 0.0 4.6e+04 3.7e+05 2.0e+00  0  0  0  5  0   0  0  0  5  0     0
MatGetOrdering         2 1.0 1.0944e-01 2.2 0.00e+00 0.0 0.0e+00 0.0e+00 0.0e+00  0  0  0  0  0   0  0  0  0  0     0
MatIncreaseOvrlp       2 1.0 1.7240e-01 1.8 0.00e+00 0.0 0.0e+00 0.0e+00 2.0e+00  0  0  0  0  0   0  0  0  0  0     0
KSPSetUp               4 1.0 2.7707e+01 1.0 5.86e+12 1.4 1.9e+05 7.2e+04 3.8e+01  6  7  0  4  1   6  7  0  4  1 147783404
KSPSolve               1 1.0 3.8509e+02 1.0 7.26e+13 1.4 5.1e+07 5.8e+03 7.0e+03 85 93100 94 99  85 93100 94 99 131663606
KSPGMRESOrthog      3444 1.0 1.2870e+02 7.8 9.25e+09 1.1 0.0e+00 0.0e+00 3.4e+03 23  0  0  0 49  23  0  0  0 49 53957
PCSetUp                2 1.0 2.8637e+01 1.0 5.87e+12 1.4 2.1e+05 9.0e+04 4.5e+01  6  7  0  6  1   6  7  0  6  1 142993544
PCSetUpOnBlocks      103 1.0 1.7561e+01 1.6 6.91e+08 1.2 0.0e+00 0.0e+00 0.0e+00  3  0  0  0  0   3  0  0  0  0 29562
PCApply               34 1.0 3.8010e+02 1.1 7.26e+13 1.4 5.1e+07 5.8e+03 6.9e+03 81 93 99 93 98  81 93 99 93 98 133388014
PCApplyOnBlocks     3683 1.0 2.2017e+02 1.9 7.84e+13 1.4 0.0e+00 0.0e+00 0.0e+00 30100  0  0  0  30100  0  0  0 248658718
VecMDot             3444 1.0 1.2480e+02 9.9 4.63e+09 1.1 0.0e+00 0.0e+00 3.4e+03 22  0  0  0 49  22  0  0  0 49 27823
VecNorm             3583 1.0 3.0257e+01 8.9 3.35e+08 1.1 0.0e+00 0.0e+00 3.6e+03  4  0  0  0 50   4  0  0  0 51  8311
VecScale            3651 1.0 1.0652e-01 2.8 1.67e+08 1.1 0.0e+00 0.0e+00 0.0e+00  0  0  0  0  0   0  0  0  0  0 1180400
VecCopy              387 1.0 1.2366e-01 1.6 0.00e+00 0.0 0.0e+00 0.0e+00 0.0e+00  0  0  0  0  0   0  0  0  0  0     0
VecSet             11302 1.0 1.3444e+00 1.8 0.00e+00 0.0 0.0e+00 0.0e+00 0.0e+00  0  0  0  0  0   0  0  0  0  0     0
VecAXPY              275 1.0 6.5203e-02 2.2 3.44e+07 1.1 0.0e+00 0.0e+00 0.0e+00  0  0  0  0  0   0  0  0  0  0 399648
VecAYPX              204 1.0 8.9542e-02 1.7 4.75e+07 1.1 0.0e+00 0.0e+00 0.0e+00  0  0  0  0  0   0  0  0  0  0 409936
VecAXPBYCZ            68 1.0 4.8957e-02 2.1 5.93e+07 1.1 0.0e+00 0.0e+00 0.0e+00  0  0  0  0  0   0  0  0  0  0 937212
VecWAXPY               1 1.0 1.9337e-03 5.9 1.75e+05 1.1 0.0e+00 0.0e+00 0.0e+00  0  0  0  0  0   0  0  0  0  0 69790
VecMAXPY            3583 1.0 6.8687e+00 1.8 4.95e+09 1.1 0.0e+00 0.0e+00 0.0e+00  1  0  0  0  0   1  0  0  0  0 540670
VecScatterBegin    18415 1.0 9.4163e+00 4.7 0.00e+00 0.0 5.1e+07 5.6e+03 4.0e+00  2  0 99 90  0   2  0 99 90  0     0
VecScatterEnd      18415 1.0 1.4915e+0233.4 1.90e+07 3.4 0.0e+00 0.0e+00 0.0e+00  8  0  0  0  0   8  0  0  0  0    79
VecNormalize        3547 1.0 3.0025e+01 9.0 4.84e+08 1.1 0.0e+00 0.0e+00 3.5e+03  4  0  0  0 50   4  0  0  0 50 12078
SFSetGraph             6 1.0 4.1573e-04 2.2 0.00e+00 0.0 0.0e+00 0.0e+00 0.0e+00  0  0  0  0  0   0  0  0  0  0     0
SFSetUp                6 1.0 7.6319e+00354.2 0.00e+00 0.0 3.7e+04 2.1e+03 4.0e+00  1  0  0  0  0   1  0  0  0  0     0
SFPack             18415 1.0 1.8702e-01 5.1 0.00e+00 0.0 0.0e+00 0.0e+00 0.0e+00  0  0  0  0  0   0  0  0  0  0     0
SFUnpack           18415 1.0 2.1808e-01 9.4 1.90e+07 3.4 0.0e+00 0.0e+00 0.0e+00  0  0  0  0  0   0  0  0  0  0 53784
------------------------------------------------------------------------------------------------------------------------

Memory usage is given in bytes:

Object Type          Creations   Destructions     Memory  Descendants' Mem.
Reports information only for process 0.

--- Event Stage 0: Main Stage

              Matrix    13             13    854281272     0.
       Krylov Solver     6              6        73864     0.
      Preconditioner     6              6         6552     0.
              Viewer     2              1          848     0.
              Vector   146            146    142174864     0.
           Index Set    26             26      5738860     0.
   IS L to G Mapping     2              2      2597464     0.
   Star Forest Graph    12             12        13824     0.
    Distributed Mesh     3              3        15144     0.
     Discrete System     3              3         2712     0.
           Weak Form     3              3         2472     0.
========================================================================================================================
Average time to get PetscTime(): 4.74e-08
Average time for MPI_Barrier(): 8.65784e-05
Average time for zero size MPI_Send(): 1.30784e-06
#PETSc Option Table entries:
-ksp_max_it 200
-ksp_monitor
-ksp_pc_side right
-ksp_type fgmres
-log_view
-m 1267
-mg_coarse_ksp_converged_reason
-mg_coarse_ksp_max_it 100
-mg_coarse_ksp_rtol 1e-2
-mg_coarse_ksp_type gmres
-mg_coarse_pc_asm_type basic
-mg_coarse_pc_type asm
-mg_levels_pc_asm_type basic
-mg_levels_pc_type asm
-mg_levels_sub_pc_factor_mat_solver_type mumps
-mg_levels_sub_pc_type lu
-n 1267
-nw
-pc_mg_type multiplicative
-pc_type mg
#End of PETSc Option Table entries
Compiled without FORTRAN kernels
Compiled with full precision matrices (default)
sizeof(short) 2 sizeof(int) 4 sizeof(long) 8 sizeof(void*) 8 sizeof(PetscScalar) 8 sizeof(PetscInt) 4
Configure options: --prefix=/home/a/asarkar/sudhipv/software/FreeFem-sources/install/ff-petsc/r MAKEFLAGS= --with-debugging=0 COPTFLAGS="-O3 -mtune=native" CXXOPTFLAGS="-O3 -mtune=native" FOPTFLAGS="-O3 -mtune=native" --with-cxx-dialect=C++11 --with-ssl=0 --with-x=0 --with-fortran-bindings=0 --with-cudac=0 --with-cc=/cvmfs/soft.computecanada.ca/easybuild/software/2020/avx512/Compiler/intel2020/openmpi/4.0.3/bin/mpicc --with-cxx=/cvmfs/soft.computecanada.ca/easybuild/software/2020/avx512/Compiler/intel2020/openmpi/4.0.3/bin/mpic++ --with-fc=/cvmfs/soft.computecanada.ca/easybuild/software/2020/avx512/Compiler/intel2020/openmpi/4.0.3/bin/mpif90 --with-scalar-type=real --with-blaslapack-include=/cvmfs/soft.computecanada.ca/easybuild/software/2020/Core/imkl/2020.1.217/mkl/include --with-blaslapack-lib="-Wl,-rpath,/cvmfs/soft.computecanada.ca/easybuild/software/2020/Core/imkl/2020.1.217/mkl/lib/intel64 -L/cvmfs/soft.computecanada.ca/easybuild/software/2020/Core/imkl/2020.1.217/mkl/lib/intel64 -lmkl_rt -lmkl_intel_thread -lmkl_core  -liomp5 -lpthread" --download-metis --download-ptscotch --download-hypre --download-parmetis --download-mmg --download-parmmg --download-superlu --download-suitesparse --download-tetgen --download-slepc --download-hpddm --download-scalapack --download-mumps --download-slepc-configure-arguments=--download-arpack=https://github.com/prj-/arpack-ng/archive/b64dccb.tar.gz PETSC_ARCH=fr
-----------------------------------------
Libraries compiled on 2021-05-02 15:39:49 on nia-login03.scinet.local 
Machine characteristics: Linux-3.10.0-957.27.2.el7.x86_64-x86_64-with-centos-7.6.1810-Core
Using PETSc directory: /home/a/asarkar/sudhipv/software/FreeFem-sources/install/ff-petsc/r
Using PETSc arch: 
-----------------------------------------

Using C compiler: /cvmfs/soft.computecanada.ca/easybuild/software/2020/avx512/Compiler/intel2020/openmpi/4.0.3/bin/mpicc  -fPIC -wd1572 -O3 -mtune=native   
Using Fortran compiler: /cvmfs/soft.computecanada.ca/easybuild/software/2020/avx512/Compiler/intel2020/openmpi/4.0.3/bin/mpif90  -fPIC -O3 -mtune=native     
-----------------------------------------

Using include paths: -I/home/a/asarkar/sudhipv/software/FreeFem-sources/install/ff-petsc/r/include -I/cvmfs/soft.computecanada.ca/easybuild/software/2020/Core/imkl/2020.1.217/mkl/include
-----------------------------------------

Using C linker: /cvmfs/soft.computecanada.ca/easybuild/software/2020/avx512/Compiler/intel2020/openmpi/4.0.3/bin/mpicc
Using Fortran linker: /cvmfs/soft.computecanada.ca/easybuild/software/2020/avx512/Compiler/intel2020/openmpi/4.0.3/bin/mpif90
Using libraries: -Wl,-rpath,/home/a/asarkar/sudhipv/software/FreeFem-sources/install/ff-petsc/r/lib -L/home/a/asarkar/sudhipv/software/FreeFem-sources/install/ff-petsc/r/lib -lpetsc -Wl,-rpath,/home/a/asarkar/sudhipv/software/FreeFem-sources/install/ff-petsc/r/lib -L/home/a/asarkar/sudhipv/software/FreeFem-sources/install/ff-petsc/r/lib -Wl,-rpath,/cvmfs/soft.computecanada.ca/easybuild/software/2020/Core/imkl/2020.1.217/mkl/lib/intel64 -L/cvmfs/soft.computecanada.ca/easybuild/software/2020/Core/imkl/2020.1.217/mkl/lib/intel64 -Wl,-rpath,/cvmfs/soft.computecanada.ca/easybuild/software/2020/avx512/Compiler/intel2020/openmpi/4.0.3/lib -L/cvmfs/soft.computecanada.ca/easybuild/software/2020/avx512/Compiler/intel2020/openmpi/4.0.3/lib -Wl,-rpath,/cvmfs/soft.computecanada.ca/easybuild/software/2020/avx512/Core/libfabric/1.10.1/lib -L/cvmfs/soft.computecanada.ca/easybuild/software/2020/avx512/Core/libfabric/1.10.1/lib -Wl,-rpath,/cvmfs/soft.computecanada.ca/easybuild/software/2020/avx512/Core/ucx/1.8.0/lib -L/cvmfs/soft.computecanada.ca/easybuild/software/2020/avx512/Core/ucx/1.8.0/lib -Wl,-rpath,/cvmfs/soft.computecanada.ca/easybuild/software/2020/Core/imkl/2020.1.217/lib/intel64 -L/cvmfs/soft.computecanada.ca/easybuild/software/2020/Core/imkl/2020.1.217/lib/intel64 -Wl,-rpath,/cvmfs/restricted.computecanada.ca/easybuild/software/2020/Core/intel/2020.1.217/compilers_and_libraries_2020.1.217/linux/tbb/lib/intel64/gcc4.8 -L/cvmfs/restricted.computecanada.ca/easybuild/software/2020/Core/intel/2020.1.217/compilers_and_libraries_2020.1.217/linux/tbb/lib/intel64/gcc4.8 -Wl,-rpath,/cvmfs/restricted.computecanada.ca/easybuild/software/2020/Core/intel/2020.1.217/compilers_and_libraries_2020.1.217/linux/compiler/lib/intel64_lin -L/cvmfs/restricted.computecanada.ca/easybuild/software/2020/Core/intel/2020.1.217/compilers_and_libraries_2020.1.217/linux/compiler/lib/intel64_lin -Wl,-rpath,/cvmfs/soft.computecanada.ca/easybuild/software/2020/avx512/Compiler/intel2020/openmpi/4.0.3/lib64 -L/cvmfs/soft.computecanada.ca/easybuild/software/2020/avx512/Compiler/intel2020/openmpi/4.0.3/lib64 -Wl,-rpath,/cvmfs/soft.computecanada.ca/easybuild/software/2020/Core/gcccore/9.3.0/lib/gcc/x86_64-pc-linux-gnu/9.3.0 -L/cvmfs/soft.computecanada.ca/easybuild/software/2020/Core/gcccore/9.3.0/lib/gcc/x86_64-pc-linux-gnu/9.3.0 -Wl,-rpath,/cvmfs/soft.computecanada.ca/easybuild/software/2020/Core/gcccore/9.3.0/lib64 -L/cvmfs/soft.computecanada.ca/easybuild/software/2020/Core/gcccore/9.3.0/lib64 -Wl,-rpath,/cvmfs/soft.computecanada.ca/gentoo/2020/lib64 -L/cvmfs/soft.computecanada.ca/gentoo/2020/lib64 -Wl,-rpath,/cvmfs/soft.computecanada.ca/gentoo/2020/usr/lib64 -L/cvmfs/soft.computecanada.ca/gentoo/2020/usr/lib64 -Wl,-rpath,/cvmfs/soft.computecanada.ca/easybuild/software/2020/Core/gcccore/9.3.0/lib -L/cvmfs/soft.computecanada.ca/easybuild/software/2020/Core/gcccore/9.3.0/lib -Wl,-rpath,/cvmfs/soft.computecanada.ca/gentoo/2020/lib -L/cvmfs/soft.computecanada.ca/gentoo/2020/lib -Wl,-rpath,/cvmfs/soft.computecanada.ca/gentoo/2020/usr/lib -L/cvmfs/soft.computecanada.ca/gentoo/2020/usr/lib -lHYPRE -lcmumps -ldmumps -lsmumps -lzmumps -lmumps_common -lpord -lscalapack -lumfpack -lklu -lcholmod -lbtf -lccolamd -lcolamd -lcamd -lamd -lsuitesparseconfig -lsuperlu -lmkl_rt -lmkl_intel_thread -lmkl_core -liomp5 -lpthread -lparmmg -lmmg -lmmg3d -lptesmumps -lptscotchparmetis -lptscotch -lptscotcherr -lesmumps -lscotch -lscotcherr -lpthread -lparmetis -lmetis -ltet -lstdc++ -ldl -lmpi_usempif08 -lmpi_usempi_ignore_tkr -lmpi_mpifh -lmpi -lifport -lifcoremt_pic -limf -lsvml -lm -lipgo -lirc -lpthread -lgcc_s -lirc_s -lrt -lquadmath -lstdc++ -ldl
-----------------------------------------


scontrol show jobid 8493335
JobId=8493335 JobName=LP_weak_2LV2_640_800
   UserId=sudhipv(3061414) GroupId=asarkar(6001189) MCS_label=N/A
   Priority=841681 Nice=0 Account=def-asarkar QOS=normal
   JobState=COMPLETED Reason=None Dependency=(null)
   Requeue=0 Restarts=0 BatchFlag=1 Reboot=0 ExitCode=0:0
   RunTime=00:14:12 TimeLimit=00:55:00 TimeMin=N/A
   SubmitTime=2022-11-27T15:18:54 EligibleTime=2022-11-27T15:18:54
   AccrueTime=2022-11-27T15:18:54
   StartTime=2022-11-27T17:12:43 EndTime=2022-11-27T17:26:55 Deadline=N/A
   SuspendTime=None SecsPreSuspend=0 LastSchedEval=2022-11-27T17:12:43 Scheduler=Backfill
   Partition=compute AllocNode:Sid=nia-login05:8143
   ReqNodeList=(null) ExcNodeList=(null)
   NodeList=nia[0476-0479,0771-0773,0948-0949,1008-1009,1019-1021,1099-1101,1294-1296]
   BatchHost=nia0476
   NumNodes=20 NumCPUs=1600 NumTasks=800 CPUs/Task=1 ReqB:S:C:T=0:0:*:*
   TRES=cpu=1600,mem=3500000M,node=20,billing=800
   Socks/Node=* NtasksPerN:B:S:C=40:0:*:* CoreSpec=*
   MinCPUsNode=40 MinMemoryNode=175000M MinTmpDiskNode=0
   Features=[skylake|cascade] DelayBoot=00:00:00
   OverSubscribe=NO Contiguous=0 Licenses=(null) Network=(null)
   Command=/gpfs/fs0/scratch/a/asarkar/sudhipv/poisson_hpc/stochastic/process_L/poisson_weak_sto/runff_niagara.sh
   WorkDir=/gpfs/fs0/scratch/a/asarkar/sudhipv/poisson_hpc/stochastic/process_L/poisson_weak_sto
   Comment=/opt/slurm/bin/sbatch --export=NONE runff_niagara.sh 
   StdErr=/gpfs/fs0/scratch/a/asarkar/sudhipv/poisson_hpc/stochastic/process_L/poisson_weak_sto/LP_weak_2LV2_640_800-8493335.out
   StdIn=/dev/null
   StdOut=/gpfs/fs0/scratch/a/asarkar/sudhipv/poisson_hpc/stochastic/process_L/poisson_weak_sto/LP_weak_2LV2_640_800-8493335.out
   Power=
   MailUser=sudhipv@cmail.carleton.ca MailType=INVALID_DEPEND,BEGIN,END,FAIL,REQUEUE,STAGE_OUT
   

sacct -j 8493335
JobID           JobName    Account    Elapsed  MaxVMSize     MaxRSS  SystemCPU    UserCPU ExitCode 
------------ ---------- ---------- ---------- ---------- ---------- ---------- ---------- -------- 
8493335      LP_weak_2+ def-asark+   00:14:12                         02:31:45 6-16:56:56      0:0 
8493335.bat+      batch def-asark+   00:14:12 166314356K 128513356K  04:58.209   08:52:48      0:0 
8493335.ext+     extern def-asark+   00:14:13    142384K      1140K  00:00.010  00:00.006      0:0 
8493335.0         orted def-asark+   00:06:05 166143252K 129602856K   01:14:24 2-09:39:00      0:0 
8493335.1         orted def-asark+   00:07:51 166306404K 129607760K   01:12:22 3-22:25:07      0:0 
