/cvmfs/soft.computecanada.ca/easybuild/software/2020/avx512/Compiler/intel2020/openmpi/4.0.3/bin/mpiexec
/cvmfs/soft.computecanada.ca/easybuild/software/2020/avx512/Compiler/intel2020/openmpi/4.0.3/bin/mpirun
Number of Vertices for fine mesh2253001
Linear solve did not converge due to DIVERGED_ITS iterations 10000
KSP final norm of residual 1.60448e-05
time taken for solve is82.8448
L2 Norm of uerr is0.00420881
************************************************************************************************************************
***             WIDEN YOUR WINDOW TO 120 CHARACTERS.  Use 'enscript -r -fCourier9' to print this document            ***
************************************************************************************************************************

---------------------------------------------- PETSc Performance Summary: ----------------------------------------------

/home/a/asarkar/sudhipv/software/FreeFem-sources/src/mpi/FreeFem++-mpi on a  named nia0042.scinet.local with 40 processors, by sudhipv Thu Oct  7 08:51:39 2021
Using Petsc Release Version 3.15.0, Mar 30, 2021 

                         Max       Max/Min     Avg       Total
Time (sec):           8.318e+01     1.000   8.317e+01
Objects:              7.900e+01     1.000   7.900e+01
Flop:                 5.357e+10     1.022   5.305e+10  2.122e+12
Flop/sec:             6.441e+08     1.022   6.378e+08  2.551e+10
MPI Messages:         1.654e+05     4.000   9.720e+04  3.888e+06
MPI Message Lengths:  1.809e+08     2.938   1.458e+03  5.668e+09
MPI Reductions:       2.038e+04     1.000

Flop counting convention: 1 flop = 1 real number operation of type (multiply/divide/add/subtract)
                            e.g., VecAXPY() for real vectors of length N --> 2N flop
                            and VecAXPY() for complex vectors of length N --> 8N flop

Summary of Stages:   ----- Time ------  ----- Flop ------  --- Messages ---  -- Message Lengths --  -- Reductions --
                        Avg     %Total     Avg     %Total    Count   %Total     Avg         %Total    Count   %Total
 0:      Main Stage: 8.3174e+01 100.0%  2.1219e+12 100.0%  3.888e+06 100.0%  1.458e+03      100.0%  2.036e+04  99.9%

------------------------------------------------------------------------------------------------------------------------
See the 'Profiling' chapter of the users' manual for details on interpreting output.
Phase summary info:
   Count: number of times phase was executed
   Time and Flop: Max - maximum over all processors
                  Ratio - ratio of maximum to minimum over all processors
   Mess: number of messages sent
   AvgLen: average message length (bytes)
   Reduct: number of global reductions
   Global: entire computation
   Stage: stages of a computation. Set stages with PetscLogStagePush() and PetscLogStagePop().
      %T - percent time in this phase         %F - percent flop in this phase
      %M - percent messages in this phase     %L - percent message lengths in this phase
      %R - percent reductions in this phase
   Total Mflop/s: 10e-6 * (sum of flop over all processors)/(max time over all processors)
------------------------------------------------------------------------------------------------------------------------
Event                Count      Time (sec)     Flop                              --- Global ---  --- Stage ----  Total
                   Max Ratio  Max     Ratio   Max  Ratio  Mess   AvgLen  Reduct  %T %F %M %L %R  %T %F %M %L %R Mflop/s
------------------------------------------------------------------------------------------------------------------------

--- Event Stage 0: Main Stage

BuildTwoSided          5 1.0 4.5327e-03 4.9 0.00e+00 0.0 3.8e+02 4.0e+00 3.0e+00  0  0  0  0  0   0  0  0  0  0     0
BuildTwoSidedF         1 1.0 1.4501e-03 1.5 0.00e+00 0.0 0.0e+00 0.0e+00 1.0e+00  0  0  0  0  0   0  0  0  0  0     0
MatMult            10334 1.0 1.5612e+01 1.1 7.64e+09 1.0 1.9e+06 1.5e+03 1.0e+00 18 14 50 50  0  18 14 50 50  0 19371
MatSolve           10334 1.0 1.5984e+01 1.1 7.73e+09 1.0 0.0e+00 0.0e+00 0.0e+00 18 14  0  0  0  18 14  0  0  0 19120
MatLUFactorNum         1 1.0 6.3738e-03 2.5 8.66e+05 1.0 0.0e+00 0.0e+00 0.0e+00  0  0  0  0  0   0  0  0  0  0  5375
MatILUFactorSym        1 1.0 3.0783e-03 1.4 0.00e+00 0.0 0.0e+00 0.0e+00 0.0e+00  0  0  0  0  0   0  0  0  0  0     0
MatAssemblyBegin       3 1.0 3.2271e-03 1.1 0.00e+00 0.0 0.0e+00 0.0e+00 1.0e+00  0  0  0  0  0   0  0  0  0  0     0
MatAssemblyEnd         3 1.0 7.4740e-02 7.3 0.00e+00 0.0 0.0e+00 0.0e+00 4.0e+00  0  0  0  0  0   0  0  0  0  0     0
MatGetRowIJ            1 1.0 1.8002e-0495.6 0.00e+00 0.0 0.0e+00 0.0e+00 0.0e+00  0  0  0  0  0   0  0  0  0  0     0
MatCreateSubMats       1 1.0 3.0381e-02 1.5 0.00e+00 0.0 9.4e+02 3.4e+03 1.0e+00  0  0  0  0  0   0  0  0  0  0     0
MatGetOrdering         1 1.0 4.4356e-04 4.3 0.00e+00 0.0 0.0e+00 0.0e+00 0.0e+00  0  0  0  0  0   0  0  0  0  0     0
MatIncreaseOvrlp       1 1.0 8.9459e-03 1.5 0.00e+00 0.0 0.0e+00 0.0e+00 1.0e+00  0  0  0  0  0   0  0  0  0  0     0
VecMDot            10000 1.0 1.8741e+01 1.1 1.76e+10 1.0 0.0e+00 0.0e+00 1.0e+04 22 33  0  0 49  22 33  0  0 49 37244
VecNorm            10335 1.0 1.9089e+00 1.8 1.18e+09 1.0 0.0e+00 0.0e+00 1.0e+04  2  2  0  0 51   2  2  0  0 51 24396
VecScale           10334 1.0 1.6856e-01 1.5 5.88e+08 1.0 0.0e+00 0.0e+00 0.0e+00  0  1  0  0  0   0  1  0  0  0 138124
VecCopy             1002 1.0 1.1973e-01 1.1 0.00e+00 0.0 0.0e+00 0.0e+00 0.0e+00  0  0  0  0  0   0  0  0  0  0     0
VecSet             31342 1.0 3.8688e+00 1.2 0.00e+00 0.0 0.0e+00 0.0e+00 0.0e+00  4  0  0  0  0   4  0  0  0  0     0
VecAXPY              667 1.0 1.2378e-01 1.2 7.59e+07 1.0 0.0e+00 0.0e+00 0.0e+00  0  0  0  0  0   0  0  0  0  0 24280
VecAYPX                1 1.0 4.0215e-04 6.4 5.69e+04 1.0 0.0e+00 0.0e+00 0.0e+00  0  0  0  0  0   0  0  0  0  0  5602
VecMAXPY           10334 1.0 1.5769e+01 1.1 1.88e+10 1.0 0.0e+00 0.0e+00 0.0e+00 19 35  0  0  0  19 35  0  0  0 47119
VecScatterBegin    51670 1.0 5.9649e+00 1.1 0.00e+00 0.0 3.9e+06 1.5e+03 2.0e+00  7  0100100  0   7  0100100  0     0
VecScatterEnd      51670 1.0 4.8421e-01 2.0 0.00e+00 0.0 0.0e+00 0.0e+00 0.0e+00  0  0  0  0  0   0  0  0  0  0     0
VecNormalize       10334 1.0 2.0415e+00 1.7 1.76e+09 1.0 0.0e+00 0.0e+00 1.0e+04  2  3  0  0 51   2  3  0  0 51 34213
SFSetGraph             4 1.0 1.7227e-04 2.1 0.00e+00 0.0 0.0e+00 0.0e+00 0.0e+00  0  0  0  0  0   0  0  0  0  0     0
SFSetUp                4 1.0 9.9729e-03 1.5 0.00e+00 0.0 7.5e+02 3.7e+02 2.0e+00  0  0  0  0  0   0  0  0  0  0     0
SFReduceBegin      10334 1.0 1.4509e+00 1.1 0.00e+00 0.0 0.0e+00 0.0e+00 0.0e+00  2  0  0  0  0   2  0  0  0  0     0
SFReduceEnd        10334 1.0 1.0559e-02 1.8 0.00e+00 0.0 0.0e+00 0.0e+00 0.0e+00  0  0  0  0  0   0  0  0  0  0     0
SFPack             51670 1.0 1.2261e-01 2.0 0.00e+00 0.0 0.0e+00 0.0e+00 0.0e+00  0  0  0  0  0   0  0  0  0  0     0
SFUnpack           51670 1.0 5.1617e-02 5.0 0.00e+00 0.0 0.0e+00 0.0e+00 0.0e+00  0  0  0  0  0   0  0  0  0  0     0
KSPSetUp               2 1.0 1.4934e-03 2.1 0.00e+00 0.0 0.0e+00 0.0e+00 0.0e+00  0  0  0  0  0   0  0  0  0  0     0
KSPSolve               1 1.0 7.4769e+01 1.0 5.36e+10 1.0 3.9e+06 1.5e+03 2.0e+04 90100100100100  90100100100100 28379
KSPGMRESOrthog     10000 1.0 3.3476e+01 1.1 3.52e+10 1.0 0.0e+00 0.0e+00 1.0e+04 39 66  0  0 49  39 66  0  0 49 41700
PCSetUp                2 1.0 5.9040e-02 1.2 8.66e+05 1.0 9.4e+02 3.4e+03 7.0e+00  0  0  0  0  0   0  0  0  0  0   580
PCSetUpOnBlocks        1 1.0 9.6772e-03 1.8 8.66e+05 1.0 0.0e+00 0.0e+00 0.0e+00  0  0  0  0  0   0  0  0  0  0  3540
PCApply            10334 1.0 2.5239e+01 1.1 7.73e+09 1.0 1.9e+06 1.5e+03 1.0e+00 30 14 50 50  0  30 14 50 50  0 12108
PCApplyOnBlocks    10334 1.0 1.7266e+01 1.1 7.73e+09 1.0 0.0e+00 0.0e+00 0.0e+00 20 14  0  0  0  20 14  0  0  0 17700
------------------------------------------------------------------------------------------------------------------------

Memory usage is given in bytes:

Object Type          Creations   Destructions     Memory  Descendants' Mem.
Reports information only for process 0.

--- Event Stage 0: Main Stage

              Matrix     6              6     26198672     0.
              Vector    45             45     18802584     0.
           Index Set    12             12      1603592     0.
   IS L to G Mapping     1              1       679472     0.
   Star Forest Graph     6              6         7056     0.
       Krylov Solver     2              2        20456     0.
      Preconditioner     2              2         2024     0.
              Viewer     2              1          848     0.
    Distributed Mesh     1              1         5048     0.
     Discrete System     1              1          904     0.
           Weak Form     1              1          824     0.
========================================================================================================================
Average time to get PetscTime(): 2.94e-08
Average time for MPI_Barrier(): 4.53486e-05
Average time for zero size MPI_Send(): 1.4733e-06
#PETSc Option Table entries:
-ksp_converged_reason
-ksp_pc_side right
-ksp_rtol 1e-8
-ksp_type gmres
-ksp_view_final_residual
-log_view
-m 1500
-n 1500
-nw
-pc_type asm
#End of PETSc Option Table entries
Compiled without FORTRAN kernels
Compiled with full precision matrices (default)
sizeof(short) 2 sizeof(int) 4 sizeof(long) 8 sizeof(void*) 8 sizeof(PetscScalar) 8 sizeof(PetscInt) 4
Configure options: --prefix=/home/a/asarkar/sudhipv/software/FreeFem-sources/install/ff-petsc/r MAKEFLAGS= --with-debugging=0 COPTFLAGS="-O3 -mtune=native" CXXOPTFLAGS="-O3 -mtune=native" FOPTFLAGS="-O3 -mtune=native" --with-cxx-dialect=C++11 --with-ssl=0 --with-x=0 --with-fortran-bindings=0 --with-cudac=0 --with-cc=/cvmfs/soft.computecanada.ca/easybuild/software/2020/avx512/Compiler/intel2020/openmpi/4.0.3/bin/mpicc --with-cxx=/cvmfs/soft.computecanada.ca/easybuild/software/2020/avx512/Compiler/intel2020/openmpi/4.0.3/bin/mpic++ --with-fc=/cvmfs/soft.computecanada.ca/easybuild/software/2020/avx512/Compiler/intel2020/openmpi/4.0.3/bin/mpif90 --with-scalar-type=real --with-blaslapack-include=/cvmfs/soft.computecanada.ca/easybuild/software/2020/Core/imkl/2020.1.217/mkl/include --with-blaslapack-lib="-Wl,-rpath,/cvmfs/soft.computecanada.ca/easybuild/software/2020/Core/imkl/2020.1.217/mkl/lib/intel64 -L/cvmfs/soft.computecanada.ca/easybuild/software/2020/Core/imkl/2020.1.217/mkl/lib/intel64 -lmkl_rt -lmkl_intel_thread -lmkl_core  -liomp5 -lpthread" --download-metis --download-ptscotch --download-hypre --download-parmetis --download-mmg --download-parmmg --download-superlu --download-suitesparse --download-tetgen --download-slepc --download-hpddm --download-scalapack --download-mumps --download-slepc-configure-arguments=--download-arpack=https://github.com/prj-/arpack-ng/archive/b64dccb.tar.gz PETSC_ARCH=fr
-----------------------------------------
Libraries compiled on 2021-05-02 15:39:49 on nia-login03.scinet.local 
Machine characteristics: Linux-3.10.0-957.27.2.el7.x86_64-x86_64-with-centos-7.6.1810-Core
Using PETSc directory: /home/a/asarkar/sudhipv/software/FreeFem-sources/install/ff-petsc/r
Using PETSc arch: 
-----------------------------------------

Using C compiler: /cvmfs/soft.computecanada.ca/easybuild/software/2020/avx512/Compiler/intel2020/openmpi/4.0.3/bin/mpicc  -fPIC -wd1572 -O3 -mtune=native   
Using Fortran compiler: /cvmfs/soft.computecanada.ca/easybuild/software/2020/avx512/Compiler/intel2020/openmpi/4.0.3/bin/mpif90  -fPIC -O3 -mtune=native     
-----------------------------------------

Using include paths: -I/home/a/asarkar/sudhipv/software/FreeFem-sources/install/ff-petsc/r/include -I/cvmfs/soft.computecanada.ca/easybuild/software/2020/Core/imkl/2020.1.217/mkl/include
-----------------------------------------

Using C linker: /cvmfs/soft.computecanada.ca/easybuild/software/2020/avx512/Compiler/intel2020/openmpi/4.0.3/bin/mpicc
Using Fortran linker: /cvmfs/soft.computecanada.ca/easybuild/software/2020/avx512/Compiler/intel2020/openmpi/4.0.3/bin/mpif90
Using libraries: -Wl,-rpath,/home/a/asarkar/sudhipv/software/FreeFem-sources/install/ff-petsc/r/lib -L/home/a/asarkar/sudhipv/software/FreeFem-sources/install/ff-petsc/r/lib -lpetsc -Wl,-rpath,/home/a/asarkar/sudhipv/software/FreeFem-sources/install/ff-petsc/r/lib -L/home/a/asarkar/sudhipv/software/FreeFem-sources/install/ff-petsc/r/lib -Wl,-rpath,/cvmfs/soft.computecanada.ca/easybuild/software/2020/Core/imkl/2020.1.217/mkl/lib/intel64 -L/cvmfs/soft.computecanada.ca/easybuild/software/2020/Core/imkl/2020.1.217/mkl/lib/intel64 -Wl,-rpath,/cvmfs/soft.computecanada.ca/easybuild/software/2020/avx512/Compiler/intel2020/openmpi/4.0.3/lib -L/cvmfs/soft.computecanada.ca/easybuild/software/2020/avx512/Compiler/intel2020/openmpi/4.0.3/lib -Wl,-rpath,/cvmfs/soft.computecanada.ca/easybuild/software/2020/avx512/Core/libfabric/1.10.1/lib -L/cvmfs/soft.computecanada.ca/easybuild/software/2020/avx512/Core/libfabric/1.10.1/lib -Wl,-rpath,/cvmfs/soft.computecanada.ca/easybuild/software/2020/avx512/Core/ucx/1.8.0/lib -L/cvmfs/soft.computecanada.ca/easybuild/software/2020/avx512/Core/ucx/1.8.0/lib -Wl,-rpath,/cvmfs/soft.computecanada.ca/easybuild/software/2020/Core/imkl/2020.1.217/lib/intel64 -L/cvmfs/soft.computecanada.ca/easybuild/software/2020/Core/imkl/2020.1.217/lib/intel64 -Wl,-rpath,/cvmfs/restricted.computecanada.ca/easybuild/software/2020/Core/intel/2020.1.217/compilers_and_libraries_2020.1.217/linux/tbb/lib/intel64/gcc4.8 -L/cvmfs/restricted.computecanada.ca/easybuild/software/2020/Core/intel/2020.1.217/compilers_and_libraries_2020.1.217/linux/tbb/lib/intel64/gcc4.8 -Wl,-rpath,/cvmfs/restricted.computecanada.ca/easybuild/software/2020/Core/intel/2020.1.217/compilers_and_libraries_2020.1.217/linux/compiler/lib/intel64_lin -L/cvmfs/restricted.computecanada.ca/easybuild/software/2020/Core/intel/2020.1.217/compilers_and_libraries_2020.1.217/linux/compiler/lib/intel64_lin -Wl,-rpath,/cvmfs/soft.computecanada.ca/easybuild/software/2020/avx512/Compiler/intel2020/openmpi/4.0.3/lib64 -L/cvmfs/soft.computecanada.ca/easybuild/software/2020/avx512/Compiler/intel2020/openmpi/4.0.3/lib64 -Wl,-rpath,/cvmfs/soft.computecanada.ca/easybuild/software/2020/Core/gcccore/9.3.0/lib/gcc/x86_64-pc-linux-gnu/9.3.0 -L/cvmfs/soft.computecanada.ca/easybuild/software/2020/Core/gcccore/9.3.0/lib/gcc/x86_64-pc-linux-gnu/9.3.0 -Wl,-rpath,/cvmfs/soft.computecanada.ca/easybuild/software/2020/Core/gcccore/9.3.0/lib64 -L/cvmfs/soft.computecanada.ca/easybuild/software/2020/Core/gcccore/9.3.0/lib64 -Wl,-rpath,/cvmfs/soft.computecanada.ca/gentoo/2020/lib64 -L/cvmfs/soft.computecanada.ca/gentoo/2020/lib64 -Wl,-rpath,/cvmfs/soft.computecanada.ca/gentoo/2020/usr/lib64 -L/cvmfs/soft.computecanada.ca/gentoo/2020/usr/lib64 -Wl,-rpath,/cvmfs/soft.computecanada.ca/easybuild/software/2020/Core/gcccore/9.3.0/lib -L/cvmfs/soft.computecanada.ca/easybuild/software/2020/Core/gcccore/9.3.0/lib -Wl,-rpath,/cvmfs/soft.computecanada.ca/gentoo/2020/lib -L/cvmfs/soft.computecanada.ca/gentoo/2020/lib -Wl,-rpath,/cvmfs/soft.computecanada.ca/gentoo/2020/usr/lib -L/cvmfs/soft.computecanada.ca/gentoo/2020/usr/lib -lHYPRE -lcmumps -ldmumps -lsmumps -lzmumps -lmumps_common -lpord -lscalapack -lumfpack -lklu -lcholmod -lbtf -lccolamd -lcolamd -lcamd -lamd -lsuitesparseconfig -lsuperlu -lmkl_rt -lmkl_intel_thread -lmkl_core -liomp5 -lpthread -lparmmg -lmmg -lmmg3d -lptesmumps -lptscotchparmetis -lptscotch -lptscotcherr -lesmumps -lscotch -lscotcherr -lpthread -lparmetis -lmetis -ltet -lstdc++ -ldl -lmpi_usempif08 -lmpi_usempi_ignore_tkr -lmpi_mpifh -lmpi -lifport -lifcoremt_pic -limf -lsvml -lm -lipgo -lirc -lpthread -lgcc_s -lirc_s -lrt -lquadmath -lstdc++ -ldl
-----------------------------------------

#############################################################################################################
#############################################################################################################
########     Finsihed Code with 40 Processors             #################################################
#############################################################################################################
#############################################################################################################
Number of Vertices for fine mesh4507129
Linear solve did not converge due to DIVERGED_ITS iterations 10000
KSP final norm of residual 0.000372961
time taken for solve is92.1694
L2 Norm of uerr is0.138345
************************************************************************************************************************
***             WIDEN YOUR WINDOW TO 120 CHARACTERS.  Use 'enscript -r -fCourier9' to print this document            ***
************************************************************************************************************************

---------------------------------------------- PETSc Performance Summary: ----------------------------------------------

/home/a/asarkar/sudhipv/software/FreeFem-sources/src/mpi/FreeFem++-mpi on a  named nia0042.scinet.local with 80 processors, by sudhipv Thu Oct  7 08:53:14 2021
Using Petsc Release Version 3.15.0, Mar 30, 2021 

                         Max       Max/Min     Avg       Total
Time (sec):           9.229e+01     1.000   9.229e+01
Objects:              7.900e+01     1.000   7.900e+01
Flop:                 5.366e+10     1.023   5.307e+10  4.246e+12
Flop/sec:             5.814e+08     1.023   5.750e+08  4.600e+10
MPI Messages:         1.448e+05     3.500   1.034e+05  8.272e+06
MPI Message Lengths:  1.927e+08     3.056   1.439e+03  1.190e+10
MPI Reductions:       2.038e+04     1.000

Flop counting convention: 1 flop = 1 real number operation of type (multiply/divide/add/subtract)
                            e.g., VecAXPY() for real vectors of length N --> 2N flop
                            and VecAXPY() for complex vectors of length N --> 8N flop

Summary of Stages:   ----- Time ------  ----- Flop ------  --- Messages ---  -- Message Lengths --  -- Reductions --
                        Avg     %Total     Avg     %Total    Count   %Total     Avg         %Total    Count   %Total
 0:      Main Stage: 9.2287e+01 100.0%  4.2455e+12 100.0%  8.272e+06 100.0%  1.439e+03      100.0%  2.036e+04  99.9%

------------------------------------------------------------------------------------------------------------------------
See the 'Profiling' chapter of the users' manual for details on interpreting output.
Phase summary info:
   Count: number of times phase was executed
   Time and Flop: Max - maximum over all processors
                  Ratio - ratio of maximum to minimum over all processors
   Mess: number of messages sent
   AvgLen: average message length (bytes)
   Reduct: number of global reductions
   Global: entire computation
   Stage: stages of a computation. Set stages with PetscLogStagePush() and PetscLogStagePop().
      %T - percent time in this phase         %F - percent flop in this phase
      %M - percent messages in this phase     %L - percent message lengths in this phase
      %R - percent reductions in this phase
   Total Mflop/s: 10e-6 * (sum of flop over all processors)/(max time over all processors)
------------------------------------------------------------------------------------------------------------------------
Event                Count      Time (sec)     Flop                              --- Global ---  --- Stage ----  Total
                   Max Ratio  Max     Ratio   Max  Ratio  Mess   AvgLen  Reduct  %T %F %M %L %R  %T %F %M %L %R Mflop/s
------------------------------------------------------------------------------------------------------------------------

--- Event Stage 0: Main Stage

BuildTwoSided          5 1.0 2.1069e-0224.4 0.00e+00 0.0 8.0e+02 4.0e+00 3.0e+00  0  0  0  0  0   0  0  0  0  0     0
BuildTwoSidedF         1 1.0 5.0377e-03 7.0 0.00e+00 0.0 0.0e+00 0.0e+00 1.0e+00  0  0  0  0  0   0  0  0  0  0     0
MatMult            10334 1.0 1.5575e+01 1.1 7.65e+09 1.0 4.1e+06 1.4e+03 1.0e+00 16 14 50 50  0  16 14 50 50  0 38855
MatSolve           10334 1.0 1.5908e+01 1.0 7.75e+09 1.0 0.0e+00 0.0e+00 0.0e+00 17 14  0  0  0  17 14  0  0  0 38461
MatLUFactorNum         1 1.0 5.3879e-03 2.0 8.69e+05 1.0 0.0e+00 0.0e+00 0.0e+00  0  0  0  0  0   0  0  0  0  0 12743
MatILUFactorSym        1 1.0 3.9533e-03 1.9 0.00e+00 0.0 0.0e+00 0.0e+00 0.0e+00  0  0  0  0  0   0  0  0  0  0     0
MatAssemblyBegin       3 1.0 5.0864e-03 2.0 0.00e+00 0.0 0.0e+00 0.0e+00 1.0e+00  0  0  0  0  0   0  0  0  0  0     0
MatAssemblyEnd         3 1.0 4.7839e-02 4.8 0.00e+00 0.0 0.0e+00 0.0e+00 4.0e+00  0  0  0  0  0   0  0  0  0  0     0
MatGetRowIJ            1 1.0 1.3405e-0474.1 0.00e+00 0.0 0.0e+00 0.0e+00 0.0e+00  0  0  0  0  0   0  0  0  0  0     0
MatCreateSubMats       1 1.0 2.9743e-02 1.4 0.00e+00 0.0 2.0e+03 3.3e+03 1.0e+00  0  0  0  0  0   0  0  0  0  0     0
MatGetOrdering         1 1.0 4.2041e-04 4.9 0.00e+00 0.0 0.0e+00 0.0e+00 0.0e+00  0  0  0  0  0   0  0  0  0  0     0
MatIncreaseOvrlp       1 1.0 1.0920e-02 1.7 0.00e+00 0.0 0.0e+00 0.0e+00 1.0e+00  0  0  0  0  0   0  0  0  0  0     0
VecMDot            10000 1.0 2.0256e+01 1.1 1.76e+10 1.0 0.0e+00 0.0e+00 1.0e+04 21 33  0  0 49  21 33  0  0 49 68932
VecNorm            10335 1.0 1.9237e+00 1.4 1.18e+09 1.0 0.0e+00 0.0e+00 1.0e+04  2  2  0  0 51   2  2  0  0 51 48428
VecScale           10334 1.0 1.5279e-01 1.3 5.88e+08 1.0 0.0e+00 0.0e+00 0.0e+00  0  1  0  0  0   0  1  0  0  0 304848
VecCopy             1002 1.0 1.2312e-01 1.2 0.00e+00 0.0 0.0e+00 0.0e+00 0.0e+00  0  0  0  0  0   0  0  0  0  0     0
VecSet             31342 1.0 3.9227e+00 1.2 0.00e+00 0.0 0.0e+00 0.0e+00 0.0e+00  4  0  0  0  0   4  0  0  0  0     0
VecAXPY              667 1.0 1.0106e-01 1.3 7.59e+07 1.0 0.0e+00 0.0e+00 0.0e+00  0  0  0  0  0   0  0  0  0  0 59492
VecAYPX                1 1.0 1.6192e-04 2.5 5.69e+04 1.0 0.0e+00 0.0e+00 0.0e+00  0  0  0  0  0   0  0  0  0  0 27835
VecMAXPY           10334 1.0 1.5837e+01 1.0 1.88e+10 1.0 0.0e+00 0.0e+00 0.0e+00 17 35  0  0  0  17 35  0  0  0 93857
VecScatterBegin    51670 1.0 6.1782e+00 1.1 0.00e+00 0.0 8.3e+06 1.4e+03 2.0e+00  6  0100100  0   6  0100100  0     0
VecScatterEnd      51670 1.0 6.3762e-01 2.1 0.00e+00 0.0 0.0e+00 0.0e+00 0.0e+00  0  0  0  0  0   0  0  0  0  0     0
VecNormalize       10334 1.0 2.0567e+00 1.4 1.77e+09 1.0 0.0e+00 0.0e+00 1.0e+04  2  3  0  0 51   2  3  0  0 51 67940
SFSetGraph             4 1.0 1.6113e-04 1.9 0.00e+00 0.0 0.0e+00 0.0e+00 0.0e+00  0  0  0  0  0   0  0  0  0  0     0
SFSetUp                4 1.0 2.1597e-02 2.6 0.00e+00 0.0 1.6e+03 3.6e+02 2.0e+00  0  0  0  0  0   0  0  0  0  0     0
SFReduceBegin      10334 1.0 1.5005e+00 1.2 0.00e+00 0.0 0.0e+00 0.0e+00 0.0e+00  2  0  0  0  0   2  0  0  0  0     0
SFReduceEnd        10334 1.0 9.3084e-03 1.7 0.00e+00 0.0 0.0e+00 0.0e+00 0.0e+00  0  0  0  0  0   0  0  0  0  0     0
SFPack             51670 1.0 1.1977e-01 1.8 0.00e+00 0.0 0.0e+00 0.0e+00 0.0e+00  0  0  0  0  0   0  0  0  0  0     0
SFUnpack           51670 1.0 5.3042e-02 5.2 0.00e+00 0.0 0.0e+00 0.0e+00 0.0e+00  0  0  0  0  0   0  0  0  0  0     0
KSPSetUp               2 1.0 2.6229e-03 4.2 0.00e+00 0.0 0.0e+00 0.0e+00 0.0e+00  0  0  0  0  0   0  0  0  0  0     0
KSPSolve               1 1.0 7.7176e+01 1.0 5.37e+10 1.0 8.3e+06 1.4e+03 2.0e+04 84100100100100  84100100100100 55010
KSPGMRESOrthog     10000 1.0 3.4741e+01 1.0 3.53e+10 1.0 0.0e+00 0.0e+00 1.0e+04 37 66  0  0 49  37 66  0  0 49 80384
PCSetUp                2 1.0 5.8860e-02 1.2 8.69e+05 1.0 2.0e+03 3.3e+03 7.0e+00  0  0  0  0  0   0  0  0  0  0  1166
PCSetUpOnBlocks        1 1.0 1.0124e-02 1.9 8.69e+05 1.0 0.0e+00 0.0e+00 0.0e+00  0  0  0  0  0   0  0  0  0  0  6782
PCApply            10334 1.0 2.5902e+01 1.1 7.75e+09 1.0 4.1e+06 1.4e+03 1.0e+00 27 14 50 50  0  27 14 50 50  0 23621
PCApplyOnBlocks    10334 1.0 1.7254e+01 1.0 7.75e+09 1.0 0.0e+00 0.0e+00 0.0e+00 18 14  0  0  0  18 14  0  0  0 35460
------------------------------------------------------------------------------------------------------------------------

Memory usage is given in bytes:

Object Type          Creations   Destructions     Memory  Descendants' Mem.
Reports information only for process 0.

--- Event Stage 0: Main Stage

              Matrix     6              6     26241452     0.
              Vector    45             45     18829704     0.
           Index Set    12             12      1606900     0.
   IS L to G Mapping     1              1      3822236     0.
   Star Forest Graph     6              6         7056     0.
       Krylov Solver     2              2        20456     0.
      Preconditioner     2              2         2024     0.
              Viewer     2              1          848     0.
    Distributed Mesh     1              1         5048     0.
     Discrete System     1              1          904     0.
           Weak Form     1              1          824     0.
========================================================================================================================
Average time to get PetscTime(): 2.91e-08
Average time for MPI_Barrier(): 0.000103057
Average time for zero size MPI_Send(): 1.29901e-06
#PETSc Option Table entries:
-ksp_converged_reason
-ksp_pc_side right
-ksp_rtol 1e-8
-ksp_type gmres
-ksp_view_final_residual
-log_view
-m 2122
-n 2122
-nw
-pc_type asm
#End of PETSc Option Table entries
Compiled without FORTRAN kernels
Compiled with full precision matrices (default)
sizeof(short) 2 sizeof(int) 4 sizeof(long) 8 sizeof(void*) 8 sizeof(PetscScalar) 8 sizeof(PetscInt) 4
Configure options: --prefix=/home/a/asarkar/sudhipv/software/FreeFem-sources/install/ff-petsc/r MAKEFLAGS= --with-debugging=0 COPTFLAGS="-O3 -mtune=native" CXXOPTFLAGS="-O3 -mtune=native" FOPTFLAGS="-O3 -mtune=native" --with-cxx-dialect=C++11 --with-ssl=0 --with-x=0 --with-fortran-bindings=0 --with-cudac=0 --with-cc=/cvmfs/soft.computecanada.ca/easybuild/software/2020/avx512/Compiler/intel2020/openmpi/4.0.3/bin/mpicc --with-cxx=/cvmfs/soft.computecanada.ca/easybuild/software/2020/avx512/Compiler/intel2020/openmpi/4.0.3/bin/mpic++ --with-fc=/cvmfs/soft.computecanada.ca/easybuild/software/2020/avx512/Compiler/intel2020/openmpi/4.0.3/bin/mpif90 --with-scalar-type=real --with-blaslapack-include=/cvmfs/soft.computecanada.ca/easybuild/software/2020/Core/imkl/2020.1.217/mkl/include --with-blaslapack-lib="-Wl,-rpath,/cvmfs/soft.computecanada.ca/easybuild/software/2020/Core/imkl/2020.1.217/mkl/lib/intel64 -L/cvmfs/soft.computecanada.ca/easybuild/software/2020/Core/imkl/2020.1.217/mkl/lib/intel64 -lmkl_rt -lmkl_intel_thread -lmkl_core  -liomp5 -lpthread" --download-metis --download-ptscotch --download-hypre --download-parmetis --download-mmg --download-parmmg --download-superlu --download-suitesparse --download-tetgen --download-slepc --download-hpddm --download-scalapack --download-mumps --download-slepc-configure-arguments=--download-arpack=https://github.com/prj-/arpack-ng/archive/b64dccb.tar.gz PETSC_ARCH=fr
-----------------------------------------
Libraries compiled on 2021-05-02 15:39:49 on nia-login03.scinet.local 
Machine characteristics: Linux-3.10.0-957.27.2.el7.x86_64-x86_64-with-centos-7.6.1810-Core
Using PETSc directory: /home/a/asarkar/sudhipv/software/FreeFem-sources/install/ff-petsc/r
Using PETSc arch: 
-----------------------------------------

Using C compiler: /cvmfs/soft.computecanada.ca/easybuild/software/2020/avx512/Compiler/intel2020/openmpi/4.0.3/bin/mpicc  -fPIC -wd1572 -O3 -mtune=native   
Using Fortran compiler: /cvmfs/soft.computecanada.ca/easybuild/software/2020/avx512/Compiler/intel2020/openmpi/4.0.3/bin/mpif90  -fPIC -O3 -mtune=native     
-----------------------------------------

Using include paths: -I/home/a/asarkar/sudhipv/software/FreeFem-sources/install/ff-petsc/r/include -I/cvmfs/soft.computecanada.ca/easybuild/software/2020/Core/imkl/2020.1.217/mkl/include
-----------------------------------------

Using C linker: /cvmfs/soft.computecanada.ca/easybuild/software/2020/avx512/Compiler/intel2020/openmpi/4.0.3/bin/mpicc
Using Fortran linker: /cvmfs/soft.computecanada.ca/easybuild/software/2020/avx512/Compiler/intel2020/openmpi/4.0.3/bin/mpif90
Using libraries: -Wl,-rpath,/home/a/asarkar/sudhipv/software/FreeFem-sources/install/ff-petsc/r/lib -L/home/a/asarkar/sudhipv/software/FreeFem-sources/install/ff-petsc/r/lib -lpetsc -Wl,-rpath,/home/a/asarkar/sudhipv/software/FreeFem-sources/install/ff-petsc/r/lib -L/home/a/asarkar/sudhipv/software/FreeFem-sources/install/ff-petsc/r/lib -Wl,-rpath,/cvmfs/soft.computecanada.ca/easybuild/software/2020/Core/imkl/2020.1.217/mkl/lib/intel64 -L/cvmfs/soft.computecanada.ca/easybuild/software/2020/Core/imkl/2020.1.217/mkl/lib/intel64 -Wl,-rpath,/cvmfs/soft.computecanada.ca/easybuild/software/2020/avx512/Compiler/intel2020/openmpi/4.0.3/lib -L/cvmfs/soft.computecanada.ca/easybuild/software/2020/avx512/Compiler/intel2020/openmpi/4.0.3/lib -Wl,-rpath,/cvmfs/soft.computecanada.ca/easybuild/software/2020/avx512/Core/libfabric/1.10.1/lib -L/cvmfs/soft.computecanada.ca/easybuild/software/2020/avx512/Core/libfabric/1.10.1/lib -Wl,-rpath,/cvmfs/soft.computecanada.ca/easybuild/software/2020/avx512/Core/ucx/1.8.0/lib -L/cvmfs/soft.computecanada.ca/easybuild/software/2020/avx512/Core/ucx/1.8.0/lib -Wl,-rpath,/cvmfs/soft.computecanada.ca/easybuild/software/2020/Core/imkl/2020.1.217/lib/intel64 -L/cvmfs/soft.computecanada.ca/easybuild/software/2020/Core/imkl/2020.1.217/lib/intel64 -Wl,-rpath,/cvmfs/restricted.computecanada.ca/easybuild/software/2020/Core/intel/2020.1.217/compilers_and_libraries_2020.1.217/linux/tbb/lib/intel64/gcc4.8 -L/cvmfs/restricted.computecanada.ca/easybuild/software/2020/Core/intel/2020.1.217/compilers_and_libraries_2020.1.217/linux/tbb/lib/intel64/gcc4.8 -Wl,-rpath,/cvmfs/restricted.computecanada.ca/easybuild/software/2020/Core/intel/2020.1.217/compilers_and_libraries_2020.1.217/linux/compiler/lib/intel64_lin -L/cvmfs/restricted.computecanada.ca/easybuild/software/2020/Core/intel/2020.1.217/compilers_and_libraries_2020.1.217/linux/compiler/lib/intel64_lin -Wl,-rpath,/cvmfs/soft.computecanada.ca/easybuild/software/2020/avx512/Compiler/intel2020/openmpi/4.0.3/lib64 -L/cvmfs/soft.computecanada.ca/easybuild/software/2020/avx512/Compiler/intel2020/openmpi/4.0.3/lib64 -Wl,-rpath,/cvmfs/soft.computecanada.ca/easybuild/software/2020/Core/gcccore/9.3.0/lib/gcc/x86_64-pc-linux-gnu/9.3.0 -L/cvmfs/soft.computecanada.ca/easybuild/software/2020/Core/gcccore/9.3.0/lib/gcc/x86_64-pc-linux-gnu/9.3.0 -Wl,-rpath,/cvmfs/soft.computecanada.ca/easybuild/software/2020/Core/gcccore/9.3.0/lib64 -L/cvmfs/soft.computecanada.ca/easybuild/software/2020/Core/gcccore/9.3.0/lib64 -Wl,-rpath,/cvmfs/soft.computecanada.ca/gentoo/2020/lib64 -L/cvmfs/soft.computecanada.ca/gentoo/2020/lib64 -Wl,-rpath,/cvmfs/soft.computecanada.ca/gentoo/2020/usr/lib64 -L/cvmfs/soft.computecanada.ca/gentoo/2020/usr/lib64 -Wl,-rpath,/cvmfs/soft.computecanada.ca/easybuild/software/2020/Core/gcccore/9.3.0/lib -L/cvmfs/soft.computecanada.ca/easybuild/software/2020/Core/gcccore/9.3.0/lib -Wl,-rpath,/cvmfs/soft.computecanada.ca/gentoo/2020/lib -L/cvmfs/soft.computecanada.ca/gentoo/2020/lib -Wl,-rpath,/cvmfs/soft.computecanada.ca/gentoo/2020/usr/lib -L/cvmfs/soft.computecanada.ca/gentoo/2020/usr/lib -lHYPRE -lcmumps -ldmumps -lsmumps -lzmumps -lmumps_common -lpord -lscalapack -lumfpack -lklu -lcholmod -lbtf -lccolamd -lcolamd -lcamd -lamd -lsuitesparseconfig -lsuperlu -lmkl_rt -lmkl_intel_thread -lmkl_core -liomp5 -lpthread -lparmmg -lmmg -lmmg3d -lptesmumps -lptscotchparmetis -lptscotch -lptscotcherr -lesmumps -lscotch -lscotcherr -lpthread -lparmetis -lmetis -ltet -lstdc++ -ldl -lmpi_usempif08 -lmpi_usempi_ignore_tkr -lmpi_mpifh -lmpi -lifport -lifcoremt_pic -limf -lsvml -lm -lipgo -lirc -lpthread -lgcc_s -lirc_s -lrt -lquadmath -lstdc++ -ldl
-----------------------------------------

#############################################################################################################
#############################################################################################################
########     Finsihed Code with NL 80 Processors             #################################################
#############################################################################################################
#############################################################################################################
Number of Vertices for fine mesh9006001
Linear solve did not converge due to DIVERGED_ITS iterations 10000
KSP final norm of residual 0.00043291
time taken for solve is107.019
L2 Norm of uerr is0.226763
************************************************************************************************************************
***             WIDEN YOUR WINDOW TO 120 CHARACTERS.  Use 'enscript -r -fCourier9' to print this document            ***
************************************************************************************************************************

---------------------------------------------- PETSc Performance Summary: ----------------------------------------------

/home/a/asarkar/sudhipv/software/FreeFem-sources/src/mpi/FreeFem++-mpi on a  named nia0042.scinet.local with 160 processors, by sudhipv Thu Oct  7 08:55:03 2021
Using Petsc Release Version 3.15.0, Mar 30, 2021 

                         Max       Max/Min     Avg       Total
Time (sec):           1.072e+02     1.000   1.072e+02
Objects:              7.900e+01     1.000   7.900e+01
Flop:                 5.371e+10     1.025   5.303e+10  8.484e+12
Flop/sec:             5.011e+08     1.025   4.948e+08  7.917e+10
MPI Messages:         1.654e+05     4.000   1.101e+05  1.762e+07
MPI Message Lengths:  1.900e+08     3.189   1.414e+03  2.491e+10
MPI Reductions:       2.038e+04     1.000

Flop counting convention: 1 flop = 1 real number operation of type (multiply/divide/add/subtract)
                            e.g., VecAXPY() for real vectors of length N --> 2N flop
                            and VecAXPY() for complex vectors of length N --> 8N flop

Summary of Stages:   ----- Time ------  ----- Flop ------  --- Messages ---  -- Message Lengths --  -- Reductions --
                        Avg     %Total     Avg     %Total    Count   %Total     Avg         %Total    Count   %Total
 0:      Main Stage: 1.0717e+02 100.0%  8.4844e+12 100.0%  1.762e+07 100.0%  1.414e+03      100.0%  2.036e+04  99.9%

------------------------------------------------------------------------------------------------------------------------
See the 'Profiling' chapter of the users' manual for details on interpreting output.
Phase summary info:
   Count: number of times phase was executed
   Time and Flop: Max - maximum over all processors
                  Ratio - ratio of maximum to minimum over all processors
   Mess: number of messages sent
   AvgLen: average message length (bytes)
   Reduct: number of global reductions
   Global: entire computation
   Stage: stages of a computation. Set stages with PetscLogStagePush() and PetscLogStagePop().
      %T - percent time in this phase         %F - percent flop in this phase
      %M - percent messages in this phase     %L - percent message lengths in this phase
      %R - percent reductions in this phase
   Total Mflop/s: 10e-6 * (sum of flop over all processors)/(max time over all processors)
------------------------------------------------------------------------------------------------------------------------
Event                Count      Time (sec)     Flop                              --- Global ---  --- Stage ----  Total
                   Max Ratio  Max     Ratio   Max  Ratio  Mess   AvgLen  Reduct  %T %F %M %L %R  %T %F %M %L %R Mflop/s
------------------------------------------------------------------------------------------------------------------------

--- Event Stage 0: Main Stage

BuildTwoSided          5 1.0 2.9034e-0212.1 0.00e+00 0.0 1.7e+03 4.0e+00 3.0e+00  0  0  0  0  0   0  0  0  0  0     0
BuildTwoSidedF         1 1.0 8.0237e-0311.5 0.00e+00 0.0 0.0e+00 0.0e+00 1.0e+00  0  0  0  0  0   0  0  0  0  0     0
MatMult            10334 1.0 1.5655e+01 1.1 7.66e+09 1.0 8.8e+06 1.4e+03 1.0e+00 14 14 50 50  0  14 14 50 50  0 77251
MatSolve           10334 1.0 1.5978e+01 1.1 7.76e+09 1.0 0.0e+00 0.0e+00 0.0e+00 15 14  0  0  0  15 14  0  0  0 76567
MatLUFactorNum         1 1.0 5.9013e-03 2.2 8.70e+05 1.0 0.0e+00 0.0e+00 0.0e+00  0  0  0  0  0   0  0  0  0  0 23264
MatILUFactorSym        1 1.0 4.1367e-03 2.1 0.00e+00 0.0 0.0e+00 0.0e+00 0.0e+00  0  0  0  0  0   0  0  0  0  0     0
MatAssemblyBegin       3 1.0 8.0837e-03 2.9 0.00e+00 0.0 0.0e+00 0.0e+00 1.0e+00  0  0  0  0  0   0  0  0  0  0     0
MatAssemblyEnd         3 1.0 9.2442e-02 7.8 0.00e+00 0.0 0.0e+00 0.0e+00 4.0e+00  0  0  0  0  0   0  0  0  0  0     0
MatGetRowIJ            1 1.0 3.2728e-04183.4 0.00e+00 0.0 0.0e+00 0.0e+00 0.0e+00  0  0  0  0  0   0  0  0  0  0     0
MatCreateSubMats       1 1.0 3.3396e-02 1.5 0.00e+00 0.0 4.3e+03 3.3e+03 1.0e+00  0  0  0  0  0   0  0  0  0  0     0
MatGetOrdering         1 1.0 6.4500e-04 7.8 0.00e+00 0.0 0.0e+00 0.0e+00 0.0e+00  0  0  0  0  0   0  0  0  0  0     0
MatIncreaseOvrlp       1 1.0 1.1167e-02 1.6 0.00e+00 0.0 0.0e+00 0.0e+00 1.0e+00  0  0  0  0  0   0  0  0  0  0     0
VecMDot            10000 1.0 2.0873e+01 1.1 1.77e+10 1.0 0.0e+00 0.0e+00 1.0e+04 19 33  0  0 49  19 33  0  0 49 133668
VecNorm            10335 1.0 2.3769e+00 1.4 1.18e+09 1.0 0.0e+00 0.0e+00 1.0e+04  2  2  0  0 51   2  2  0  0 51 78318
VecScale           10334 1.0 1.4041e-01 1.2 5.89e+08 1.0 0.0e+00 0.0e+00 0.0e+00  0  1  0  0  0   0  1  0  0  0 662832
VecCopy             1002 1.0 1.2593e-01 1.2 0.00e+00 0.0 0.0e+00 0.0e+00 0.0e+00  0  0  0  0  0   0  0  0  0  0     0
VecSet             31342 1.0 3.8895e+00 1.1 0.00e+00 0.0 0.0e+00 0.0e+00 0.0e+00  3  0  0  0  0   3  0  0  0  0     0
VecAXPY              667 1.0 9.9467e-02 1.4 7.60e+07 1.0 0.0e+00 0.0e+00 0.0e+00  0  0  0  0  0   0  0  0  0  0 120783
VecAYPX                1 1.0 1.8357e-04 2.8 5.70e+04 1.0 0.0e+00 0.0e+00 0.0e+00  0  0  0  0  0   0  0  0  0  0 49061
VecMAXPY           10334 1.0 1.5885e+01 1.0 1.88e+10 1.0 0.0e+00 0.0e+00 0.0e+00 14 35  0  0  0  14 35  0  0  0 186982
VecScatterBegin    51670 1.0 6.1581e+00 1.1 0.00e+00 0.0 1.8e+07 1.4e+03 2.0e+00  5  0100100  0   5  0100100  0     0
VecScatterEnd      51670 1.0 5.7486e-01 1.9 0.00e+00 0.0 0.0e+00 0.0e+00 0.0e+00  0  0  0  0  0   0  0  0  0  0     0
VecNormalize       10334 1.0 2.5077e+00 1.4 1.77e+09 1.0 0.0e+00 0.0e+00 1.0e+04  2  3  0  0 51   2  3  0  0 51 111341
SFSetGraph             4 1.0 2.5355e-04 3.3 0.00e+00 0.0 0.0e+00 0.0e+00 0.0e+00  0  0  0  0  0   0  0  0  0  0     0
SFSetUp                4 1.0 2.6396e-02 3.7 0.00e+00 0.0 3.4e+03 3.6e+02 2.0e+00  0  0  0  0  0   0  0  0  0  0     0
SFReduceBegin      10334 1.0 1.5204e+00 1.3 0.00e+00 0.0 0.0e+00 0.0e+00 0.0e+00  1  0  0  0  0   1  0  0  0  0     0
SFReduceEnd        10334 1.0 1.0060e-02 2.0 0.00e+00 0.0 0.0e+00 0.0e+00 0.0e+00  0  0  0  0  0   0  0  0  0  0     0
SFPack             51670 1.0 1.3938e-01 2.3 0.00e+00 0.0 0.0e+00 0.0e+00 0.0e+00  0  0  0  0  0   0  0  0  0  0     0
SFUnpack           51670 1.0 5.4812e-02 5.2 0.00e+00 0.0 0.0e+00 0.0e+00 0.0e+00  0  0  0  0  0   0  0  0  0  0     0
KSPSetUp               2 1.0 2.2016e-03 3.9 0.00e+00 0.0 0.0e+00 0.0e+00 0.0e+00  0  0  0  0  0   0  0  0  0  0     0
KSPSolve               1 1.0 7.8106e+01 1.0 5.37e+10 1.0 1.8e+07 1.4e+03 2.0e+04 73100100100100  73100100100100 108622
KSPGMRESOrthog     10000 1.0 3.5414e+01 1.1 3.53e+10 1.0 0.0e+00 0.0e+00 1.0e+04 32 66  0  0 49  32 66  0  0 49 157569
PCSetUp                2 1.0 6.6921e-02 1.2 8.70e+05 1.0 4.3e+03 3.3e+03 7.0e+00  0  0  0  0  0   0  0  0  0  0  2051
PCSetUpOnBlocks        1 1.0 1.1618e-02 2.3 8.70e+05 1.0 0.0e+00 0.0e+00 0.0e+00  0  0  0  0  0   0  0  0  0  0 11817
PCApply            10334 1.0 2.5758e+01 1.1 7.76e+09 1.0 8.8e+06 1.4e+03 1.0e+00 23 14 50 50  0  23 14 50 50  0 47495
PCApplyOnBlocks    10334 1.0 1.7349e+01 1.1 7.76e+09 1.0 0.0e+00 0.0e+00 0.0e+00 16 14  0  0  0  16 14  0  0  0 70517
------------------------------------------------------------------------------------------------------------------------

Memory usage is given in bytes:

Object Type          Creations   Destructions     Memory  Descendants' Mem.
Reports information only for process 0.

--- Event Stage 0: Main Stage

              Matrix     6              6     26250384     0.
              Vector    45             45     18849568     0.
           Index Set    12             12      1605856     0.
   IS L to G Mapping     1              1      2928176     0.
   Star Forest Graph     6              6         7056     0.
       Krylov Solver     2              2        20456     0.
      Preconditioner     2              2         2024     0.
              Viewer     2              1          848     0.
    Distributed Mesh     1              1         5048     0.
     Discrete System     1              1          904     0.
           Weak Form     1              1          824     0.
========================================================================================================================
Average time to get PetscTime(): 3.01e-08
Average time for MPI_Barrier(): 0.000131545
Average time for zero size MPI_Send(): 1.28917e-06
#PETSc Option Table entries:
-ksp_converged_reason
-ksp_pc_side right
-ksp_rtol 1e-8
-ksp_type gmres
-ksp_view_final_residual
-log_view
-m 3000
-n 3000
-nw
-pc_type asm
#End of PETSc Option Table entries
Compiled without FORTRAN kernels
Compiled with full precision matrices (default)
sizeof(short) 2 sizeof(int) 4 sizeof(long) 8 sizeof(void*) 8 sizeof(PetscScalar) 8 sizeof(PetscInt) 4
Configure options: --prefix=/home/a/asarkar/sudhipv/software/FreeFem-sources/install/ff-petsc/r MAKEFLAGS= --with-debugging=0 COPTFLAGS="-O3 -mtune=native" CXXOPTFLAGS="-O3 -mtune=native" FOPTFLAGS="-O3 -mtune=native" --with-cxx-dialect=C++11 --with-ssl=0 --with-x=0 --with-fortran-bindings=0 --with-cudac=0 --with-cc=/cvmfs/soft.computecanada.ca/easybuild/software/2020/avx512/Compiler/intel2020/openmpi/4.0.3/bin/mpicc --with-cxx=/cvmfs/soft.computecanada.ca/easybuild/software/2020/avx512/Compiler/intel2020/openmpi/4.0.3/bin/mpic++ --with-fc=/cvmfs/soft.computecanada.ca/easybuild/software/2020/avx512/Compiler/intel2020/openmpi/4.0.3/bin/mpif90 --with-scalar-type=real --with-blaslapack-include=/cvmfs/soft.computecanada.ca/easybuild/software/2020/Core/imkl/2020.1.217/mkl/include --with-blaslapack-lib="-Wl,-rpath,/cvmfs/soft.computecanada.ca/easybuild/software/2020/Core/imkl/2020.1.217/mkl/lib/intel64 -L/cvmfs/soft.computecanada.ca/easybuild/software/2020/Core/imkl/2020.1.217/mkl/lib/intel64 -lmkl_rt -lmkl_intel_thread -lmkl_core  -liomp5 -lpthread" --download-metis --download-ptscotch --download-hypre --download-parmetis --download-mmg --download-parmmg --download-superlu --download-suitesparse --download-tetgen --download-slepc --download-hpddm --download-scalapack --download-mumps --download-slepc-configure-arguments=--download-arpack=https://github.com/prj-/arpack-ng/archive/b64dccb.tar.gz PETSC_ARCH=fr
-----------------------------------------
Libraries compiled on 2021-05-02 15:39:49 on nia-login03.scinet.local 
Machine characteristics: Linux-3.10.0-957.27.2.el7.x86_64-x86_64-with-centos-7.6.1810-Core
Using PETSc directory: /home/a/asarkar/sudhipv/software/FreeFem-sources/install/ff-petsc/r
Using PETSc arch: 
-----------------------------------------

Using C compiler: /cvmfs/soft.computecanada.ca/easybuild/software/2020/avx512/Compiler/intel2020/openmpi/4.0.3/bin/mpicc  -fPIC -wd1572 -O3 -mtune=native   
Using Fortran compiler: /cvmfs/soft.computecanada.ca/easybuild/software/2020/avx512/Compiler/intel2020/openmpi/4.0.3/bin/mpif90  -fPIC -O3 -mtune=native     
-----------------------------------------

Using include paths: -I/home/a/asarkar/sudhipv/software/FreeFem-sources/install/ff-petsc/r/include -I/cvmfs/soft.computecanada.ca/easybuild/software/2020/Core/imkl/2020.1.217/mkl/include
-----------------------------------------

Using C linker: /cvmfs/soft.computecanada.ca/easybuild/software/2020/avx512/Compiler/intel2020/openmpi/4.0.3/bin/mpicc
Using Fortran linker: /cvmfs/soft.computecanada.ca/easybuild/software/2020/avx512/Compiler/intel2020/openmpi/4.0.3/bin/mpif90
Using libraries: -Wl,-rpath,/home/a/asarkar/sudhipv/software/FreeFem-sources/install/ff-petsc/r/lib -L/home/a/asarkar/sudhipv/software/FreeFem-sources/install/ff-petsc/r/lib -lpetsc -Wl,-rpath,/home/a/asarkar/sudhipv/software/FreeFem-sources/install/ff-petsc/r/lib -L/home/a/asarkar/sudhipv/software/FreeFem-sources/install/ff-petsc/r/lib -Wl,-rpath,/cvmfs/soft.computecanada.ca/easybuild/software/2020/Core/imkl/2020.1.217/mkl/lib/intel64 -L/cvmfs/soft.computecanada.ca/easybuild/software/2020/Core/imkl/2020.1.217/mkl/lib/intel64 -Wl,-rpath,/cvmfs/soft.computecanada.ca/easybuild/software/2020/avx512/Compiler/intel2020/openmpi/4.0.3/lib -L/cvmfs/soft.computecanada.ca/easybuild/software/2020/avx512/Compiler/intel2020/openmpi/4.0.3/lib -Wl,-rpath,/cvmfs/soft.computecanada.ca/easybuild/software/2020/avx512/Core/libfabric/1.10.1/lib -L/cvmfs/soft.computecanada.ca/easybuild/software/2020/avx512/Core/libfabric/1.10.1/lib -Wl,-rpath,/cvmfs/soft.computecanada.ca/easybuild/software/2020/avx512/Core/ucx/1.8.0/lib -L/cvmfs/soft.computecanada.ca/easybuild/software/2020/avx512/Core/ucx/1.8.0/lib -Wl,-rpath,/cvmfs/soft.computecanada.ca/easybuild/software/2020/Core/imkl/2020.1.217/lib/intel64 -L/cvmfs/soft.computecanada.ca/easybuild/software/2020/Core/imkl/2020.1.217/lib/intel64 -Wl,-rpath,/cvmfs/restricted.computecanada.ca/easybuild/software/2020/Core/intel/2020.1.217/compilers_and_libraries_2020.1.217/linux/tbb/lib/intel64/gcc4.8 -L/cvmfs/restricted.computecanada.ca/easybuild/software/2020/Core/intel/2020.1.217/compilers_and_libraries_2020.1.217/linux/tbb/lib/intel64/gcc4.8 -Wl,-rpath,/cvmfs/restricted.computecanada.ca/easybuild/software/2020/Core/intel/2020.1.217/compilers_and_libraries_2020.1.217/linux/compiler/lib/intel64_lin -L/cvmfs/restricted.computecanada.ca/easybuild/software/2020/Core/intel/2020.1.217/compilers_and_libraries_2020.1.217/linux/compiler/lib/intel64_lin -Wl,-rpath,/cvmfs/soft.computecanada.ca/easybuild/software/2020/avx512/Compiler/intel2020/openmpi/4.0.3/lib64 -L/cvmfs/soft.computecanada.ca/easybuild/software/2020/avx512/Compiler/intel2020/openmpi/4.0.3/lib64 -Wl,-rpath,/cvmfs/soft.computecanada.ca/easybuild/software/2020/Core/gcccore/9.3.0/lib/gcc/x86_64-pc-linux-gnu/9.3.0 -L/cvmfs/soft.computecanada.ca/easybuild/software/2020/Core/gcccore/9.3.0/lib/gcc/x86_64-pc-linux-gnu/9.3.0 -Wl,-rpath,/cvmfs/soft.computecanada.ca/easybuild/software/2020/Core/gcccore/9.3.0/lib64 -L/cvmfs/soft.computecanada.ca/easybuild/software/2020/Core/gcccore/9.3.0/lib64 -Wl,-rpath,/cvmfs/soft.computecanada.ca/gentoo/2020/lib64 -L/cvmfs/soft.computecanada.ca/gentoo/2020/lib64 -Wl,-rpath,/cvmfs/soft.computecanada.ca/gentoo/2020/usr/lib64 -L/cvmfs/soft.computecanada.ca/gentoo/2020/usr/lib64 -Wl,-rpath,/cvmfs/soft.computecanada.ca/easybuild/software/2020/Core/gcccore/9.3.0/lib -L/cvmfs/soft.computecanada.ca/easybuild/software/2020/Core/gcccore/9.3.0/lib -Wl,-rpath,/cvmfs/soft.computecanada.ca/gentoo/2020/lib -L/cvmfs/soft.computecanada.ca/gentoo/2020/lib -Wl,-rpath,/cvmfs/soft.computecanada.ca/gentoo/2020/usr/lib -L/cvmfs/soft.computecanada.ca/gentoo/2020/usr/lib -lHYPRE -lcmumps -ldmumps -lsmumps -lzmumps -lmumps_common -lpord -lscalapack -lumfpack -lklu -lcholmod -lbtf -lccolamd -lcolamd -lcamd -lamd -lsuitesparseconfig -lsuperlu -lmkl_rt -lmkl_intel_thread -lmkl_core -liomp5 -lpthread -lparmmg -lmmg -lmmg3d -lptesmumps -lptscotchparmetis -lptscotch -lptscotcherr -lesmumps -lscotch -lscotcherr -lpthread -lparmetis -lmetis -ltet -lstdc++ -ldl -lmpi_usempif08 -lmpi_usempi_ignore_tkr -lmpi_mpifh -lmpi -lifport -lifcoremt_pic -limf -lsvml -lm -lipgo -lirc -lpthread -lgcc_s -lirc_s -lrt -lquadmath -lstdc++ -ldl
-----------------------------------------

#############################################################################################################
#############################################################################################################
########     Finsihed Code with NL 160 Processors             #################################################
#############################################################################################################
#############################################################################################################
Number of Vertices for fine mesh13520329
Linear solve did not converge due to DIVERGED_ITS iterations 10000
KSP final norm of residual 0.00071234
time taken for solve is121.805
L2 Norm of uerr is0.434754
************************************************************************************************************************
***             WIDEN YOUR WINDOW TO 120 CHARACTERS.  Use 'enscript -r -fCourier9' to print this document            ***
************************************************************************************************************************

---------------------------------------------- PETSc Performance Summary: ----------------------------------------------

/home/a/asarkar/sudhipv/software/FreeFem-sources/src/mpi/FreeFem++-mpi on a  named nia0042.scinet.local with 240 processors, by sudhipv Thu Oct  7 08:57:09 2021
Using Petsc Release Version 3.15.0, Mar 30, 2021 

                         Max       Max/Min     Avg       Total
Time (sec):           1.220e+02     1.000   1.220e+02
Objects:              7.900e+01     1.000   7.900e+01
Flop:                 5.372e+10     1.025   5.307e+10  1.274e+13
Flop/sec:             4.402e+08     1.025   4.350e+08  1.044e+11
MPI Messages:         1.654e+05     4.000   1.124e+05  2.697e+07
MPI Message Lengths:  1.999e+08     2.989   1.404e+03  3.786e+10
MPI Reductions:       2.038e+04     1.000

Flop counting convention: 1 flop = 1 real number operation of type (multiply/divide/add/subtract)
                            e.g., VecAXPY() for real vectors of length N --> 2N flop
                            and VecAXPY() for complex vectors of length N --> 8N flop

Summary of Stages:   ----- Time ------  ----- Flop ------  --- Messages ---  -- Message Lengths --  -- Reductions --
                        Avg     %Total     Avg     %Total    Count   %Total     Avg         %Total    Count   %Total
 0:      Main Stage: 1.2202e+02 100.0%  1.2738e+13 100.0%  2.697e+07 100.0%  1.404e+03      100.0%  2.036e+04  99.9%

------------------------------------------------------------------------------------------------------------------------
See the 'Profiling' chapter of the users' manual for details on interpreting output.
Phase summary info:
   Count: number of times phase was executed
   Time and Flop: Max - maximum over all processors
                  Ratio - ratio of maximum to minimum over all processors
   Mess: number of messages sent
   AvgLen: average message length (bytes)
   Reduct: number of global reductions
   Global: entire computation
   Stage: stages of a computation. Set stages with PetscLogStagePush() and PetscLogStagePop().
      %T - percent time in this phase         %F - percent flop in this phase
      %M - percent messages in this phase     %L - percent message lengths in this phase
      %R - percent reductions in this phase
   Total Mflop/s: 10e-6 * (sum of flop over all processors)/(max time over all processors)
------------------------------------------------------------------------------------------------------------------------
Event                Count      Time (sec)     Flop                              --- Global ---  --- Stage ----  Total
                   Max Ratio  Max     Ratio   Max  Ratio  Mess   AvgLen  Reduct  %T %F %M %L %R  %T %F %M %L %R Mflop/s
------------------------------------------------------------------------------------------------------------------------

--- Event Stage 0: Main Stage

BuildTwoSided          5 1.0 2.2086e-0217.6 0.00e+00 0.0 2.6e+03 4.0e+00 3.0e+00  0  0  0  0  0   0  0  0  0  0     0
BuildTwoSidedF         1 1.0 3.4753e-03 3.8 0.00e+00 0.0 0.0e+00 0.0e+00 1.0e+00  0  0  0  0  0   0  0  0  0  0     0
MatMult            10334 1.0 1.5562e+01 1.1 7.66e+09 1.0 1.3e+07 1.4e+03 1.0e+00 12 14 50 50  0  12 14 50 50  0 116676
MatSolve           10334 1.0 1.5972e+01 1.1 7.76e+09 1.0 0.0e+00 0.0e+00 0.0e+00 13 14  0  0  0  13 14  0  0  0 115011
MatLUFactorNum         1 1.0 5.0292e-03 1.9 8.70e+05 1.0 0.0e+00 0.0e+00 0.0e+00  0  0  0  0  0   0  0  0  0  0 40975
MatILUFactorSym        1 1.0 3.4709e-03 1.8 0.00e+00 0.0 0.0e+00 0.0e+00 0.0e+00  0  0  0  0  0   0  0  0  0  0     0
MatAssemblyBegin       3 1.0 3.7660e-03 1.2 0.00e+00 0.0 0.0e+00 0.0e+00 1.0e+00  0  0  0  0  0   0  0  0  0  0     0
MatAssemblyEnd         3 1.0 9.3342e-02 8.6 0.00e+00 0.0 0.0e+00 0.0e+00 4.0e+00  0  0  0  0  0   0  0  0  0  0     0
MatGetRowIJ            1 1.0 2.0339e-04110.7 0.00e+00 0.0 0.0e+00 0.0e+00 0.0e+00  0  0  0  0  0   0  0  0  0  0     0
MatCreateSubMats       1 1.0 2.2586e-02 1.2 0.00e+00 0.0 6.5e+03 3.2e+03 1.0e+00  0  0  0  0  0   0  0  0  0  0     0
MatGetOrdering         1 1.0 4.6538e-04 5.8 0.00e+00 0.0 0.0e+00 0.0e+00 0.0e+00  0  0  0  0  0   0  0  0  0  0     0
MatIncreaseOvrlp       1 1.0 1.2381e-02 1.5 0.00e+00 0.0 0.0e+00 0.0e+00 1.0e+00  0  0  0  0  0   0  0  0  0  0     0
VecMDot            10000 1.0 2.1559e+01 1.1 1.77e+10 1.0 0.0e+00 0.0e+00 1.0e+04 17 33  0  0 49  17 33  0  0 49 194287
VecNorm            10335 1.0 2.4949e+00 1.4 1.18e+09 1.0 0.0e+00 0.0e+00 1.0e+04  2  2  0  0 51   2  2  0  0 51 112016
VecScale           10334 1.0 1.3734e-01 1.2 5.89e+08 1.0 0.0e+00 0.0e+00 0.0e+00  0  1  0  0  0   0  1  0  0  0 1017322
VecCopy             1002 1.0 1.2540e-01 1.2 0.00e+00 0.0 0.0e+00 0.0e+00 0.0e+00  0  0  0  0  0   0  0  0  0  0     0
VecSet             31342 1.0 4.0814e+00 1.2 0.00e+00 0.0 0.0e+00 0.0e+00 0.0e+00  3  0  0  0  0   3  0  0  0  0     0
VecAXPY              667 1.0 1.0624e-01 1.4 7.60e+07 1.0 0.0e+00 0.0e+00 0.0e+00  0  0  0  0  0   0  0  0  0  0 169772
VecAYPX                1 1.0 1.7696e-04 2.3 5.70e+04 1.0 0.0e+00 0.0e+00 0.0e+00  0  0  0  0  0   0  0  0  0  0 76402
VecMAXPY           10334 1.0 1.6029e+01 1.1 1.88e+10 1.0 0.0e+00 0.0e+00 0.0e+00 13 35  0  0  0  13 35  0  0  0 278188
VecScatterBegin    51670 1.0 6.3483e+00 1.2 0.00e+00 0.0 2.7e+07 1.4e+03 2.0e+00  5  0100100  0   5  0100100  0     0
VecScatterEnd      51670 1.0 6.0016e-01 2.1 0.00e+00 0.0 0.0e+00 0.0e+00 0.0e+00  0  0  0  0  0   0  0  0  0  0     0
VecNormalize       10334 1.0 2.6290e+00 1.4 1.77e+09 1.0 0.0e+00 0.0e+00 1.0e+04  2  3  0  0 51   2  3  0  0 51 159435
SFSetGraph             4 1.0 1.9596e-04 2.3 0.00e+00 0.0 0.0e+00 0.0e+00 0.0e+00  0  0  0  0  0   0  0  0  0  0     0
SFSetUp                4 1.0 2.3741e-02 2.8 0.00e+00 0.0 5.2e+03 3.5e+02 2.0e+00  0  0  0  0  0   0  0  0  0  0     0
SFReduceBegin      10334 1.0 1.5450e+00 1.2 0.00e+00 0.0 0.0e+00 0.0e+00 0.0e+00  1  0  0  0  0   1  0  0  0  0     0
SFReduceEnd        10334 1.0 1.0848e-02 2.3 0.00e+00 0.0 0.0e+00 0.0e+00 0.0e+00  0  0  0  0  0   0  0  0  0  0     0
SFPack             51670 1.0 1.3822e-01 2.1 0.00e+00 0.0 0.0e+00 0.0e+00 0.0e+00  0  0  0  0  0   0  0  0  0  0     0
SFUnpack           51670 1.0 6.0960e-02 6.0 0.00e+00 0.0 0.0e+00 0.0e+00 0.0e+00  0  0  0  0  0   0  0  0  0  0     0
KSPSetUp               2 1.0 2.5806e-03 4.3 0.00e+00 0.0 0.0e+00 0.0e+00 0.0e+00  0  0  0  0  0   0  0  0  0  0     0
KSPSolve               1 1.0 7.8985e+01 1.0 5.37e+10 1.0 2.7e+07 1.4e+03 2.0e+04 65100100100100  65100100100100 161263
KSPGMRESOrthog     10000 1.0 3.6184e+01 1.1 3.53e+10 1.0 0.0e+00 0.0e+00 1.0e+04 29 66  0  0 49  29 66  0  0 49 231518
PCSetUp                2 1.0 5.2185e-02 1.2 8.70e+05 1.0 6.5e+03 3.2e+03 7.0e+00  0  0  0  0  0   0  0  0  0  0  3949
PCSetUpOnBlocks        1 1.0 9.4720e-03 2.0 8.70e+05 1.0 0.0e+00 0.0e+00 0.0e+00  0  0  0  0  0   0  0  0  0  0 21756
PCApply            10334 1.0 2.6218e+01 1.1 7.76e+09 1.0 1.3e+07 1.4e+03 1.0e+00 21 14 50 50  0  21 14 50 50  0 70067
PCApplyOnBlocks    10334 1.0 1.7280e+01 1.0 7.76e+09 1.0 0.0e+00 0.0e+00 0.0e+00 14 14  0  0  0  14 14  0  0  0 106308
------------------------------------------------------------------------------------------------------------------------

Memory usage is given in bytes:

Object Type          Creations   Destructions     Memory  Descendants' Mem.
Reports information only for process 0.

--- Event Stage 0: Main Stage

              Matrix     6              6     26218096     0.
              Vector    45             45     18810056     0.
           Index Set    12             12      1607012     0.
   IS L to G Mapping     1              1       680648     0.
   Star Forest Graph     6              6         7056     0.
       Krylov Solver     2              2        20456     0.
      Preconditioner     2              2         2024     0.
              Viewer     2              1          848     0.
    Distributed Mesh     1              1         5048     0.
     Discrete System     1              1          904     0.
           Weak Form     1              1          824     0.
========================================================================================================================
Average time to get PetscTime(): 3e-08
Average time for MPI_Barrier(): 0.000107681
Average time for zero size MPI_Send(): 1.40634e-06
#PETSc Option Table entries:
-ksp_converged_reason
-ksp_pc_side right
-ksp_rtol 1e-8
-ksp_type gmres
-ksp_view_final_residual
-log_view
-m 3676
-n 3676
-nw
-pc_type asm
#End of PETSc Option Table entries
Compiled without FORTRAN kernels
Compiled with full precision matrices (default)
sizeof(short) 2 sizeof(int) 4 sizeof(long) 8 sizeof(void*) 8 sizeof(PetscScalar) 8 sizeof(PetscInt) 4
Configure options: --prefix=/home/a/asarkar/sudhipv/software/FreeFem-sources/install/ff-petsc/r MAKEFLAGS= --with-debugging=0 COPTFLAGS="-O3 -mtune=native" CXXOPTFLAGS="-O3 -mtune=native" FOPTFLAGS="-O3 -mtune=native" --with-cxx-dialect=C++11 --with-ssl=0 --with-x=0 --with-fortran-bindings=0 --with-cudac=0 --with-cc=/cvmfs/soft.computecanada.ca/easybuild/software/2020/avx512/Compiler/intel2020/openmpi/4.0.3/bin/mpicc --with-cxx=/cvmfs/soft.computecanada.ca/easybuild/software/2020/avx512/Compiler/intel2020/openmpi/4.0.3/bin/mpic++ --with-fc=/cvmfs/soft.computecanada.ca/easybuild/software/2020/avx512/Compiler/intel2020/openmpi/4.0.3/bin/mpif90 --with-scalar-type=real --with-blaslapack-include=/cvmfs/soft.computecanada.ca/easybuild/software/2020/Core/imkl/2020.1.217/mkl/include --with-blaslapack-lib="-Wl,-rpath,/cvmfs/soft.computecanada.ca/easybuild/software/2020/Core/imkl/2020.1.217/mkl/lib/intel64 -L/cvmfs/soft.computecanada.ca/easybuild/software/2020/Core/imkl/2020.1.217/mkl/lib/intel64 -lmkl_rt -lmkl_intel_thread -lmkl_core  -liomp5 -lpthread" --download-metis --download-ptscotch --download-hypre --download-parmetis --download-mmg --download-parmmg --download-superlu --download-suitesparse --download-tetgen --download-slepc --download-hpddm --download-scalapack --download-mumps --download-slepc-configure-arguments=--download-arpack=https://github.com/prj-/arpack-ng/archive/b64dccb.tar.gz PETSC_ARCH=fr
-----------------------------------------
Libraries compiled on 2021-05-02 15:39:49 on nia-login03.scinet.local 
Machine characteristics: Linux-3.10.0-957.27.2.el7.x86_64-x86_64-with-centos-7.6.1810-Core
Using PETSc directory: /home/a/asarkar/sudhipv/software/FreeFem-sources/install/ff-petsc/r
Using PETSc arch: 
-----------------------------------------

Using C compiler: /cvmfs/soft.computecanada.ca/easybuild/software/2020/avx512/Compiler/intel2020/openmpi/4.0.3/bin/mpicc  -fPIC -wd1572 -O3 -mtune=native   
Using Fortran compiler: /cvmfs/soft.computecanada.ca/easybuild/software/2020/avx512/Compiler/intel2020/openmpi/4.0.3/bin/mpif90  -fPIC -O3 -mtune=native     
-----------------------------------------

Using include paths: -I/home/a/asarkar/sudhipv/software/FreeFem-sources/install/ff-petsc/r/include -I/cvmfs/soft.computecanada.ca/easybuild/software/2020/Core/imkl/2020.1.217/mkl/include
-----------------------------------------

Using C linker: /cvmfs/soft.computecanada.ca/easybuild/software/2020/avx512/Compiler/intel2020/openmpi/4.0.3/bin/mpicc
Using Fortran linker: /cvmfs/soft.computecanada.ca/easybuild/software/2020/avx512/Compiler/intel2020/openmpi/4.0.3/bin/mpif90
Using libraries: -Wl,-rpath,/home/a/asarkar/sudhipv/software/FreeFem-sources/install/ff-petsc/r/lib -L/home/a/asarkar/sudhipv/software/FreeFem-sources/install/ff-petsc/r/lib -lpetsc -Wl,-rpath,/home/a/asarkar/sudhipv/software/FreeFem-sources/install/ff-petsc/r/lib -L/home/a/asarkar/sudhipv/software/FreeFem-sources/install/ff-petsc/r/lib -Wl,-rpath,/cvmfs/soft.computecanada.ca/easybuild/software/2020/Core/imkl/2020.1.217/mkl/lib/intel64 -L/cvmfs/soft.computecanada.ca/easybuild/software/2020/Core/imkl/2020.1.217/mkl/lib/intel64 -Wl,-rpath,/cvmfs/soft.computecanada.ca/easybuild/software/2020/avx512/Compiler/intel2020/openmpi/4.0.3/lib -L/cvmfs/soft.computecanada.ca/easybuild/software/2020/avx512/Compiler/intel2020/openmpi/4.0.3/lib -Wl,-rpath,/cvmfs/soft.computecanada.ca/easybuild/software/2020/avx512/Core/libfabric/1.10.1/lib -L/cvmfs/soft.computecanada.ca/easybuild/software/2020/avx512/Core/libfabric/1.10.1/lib -Wl,-rpath,/cvmfs/soft.computecanada.ca/easybuild/software/2020/avx512/Core/ucx/1.8.0/lib -L/cvmfs/soft.computecanada.ca/easybuild/software/2020/avx512/Core/ucx/1.8.0/lib -Wl,-rpath,/cvmfs/soft.computecanada.ca/easybuild/software/2020/Core/imkl/2020.1.217/lib/intel64 -L/cvmfs/soft.computecanada.ca/easybuild/software/2020/Core/imkl/2020.1.217/lib/intel64 -Wl,-rpath,/cvmfs/restricted.computecanada.ca/easybuild/software/2020/Core/intel/2020.1.217/compilers_and_libraries_2020.1.217/linux/tbb/lib/intel64/gcc4.8 -L/cvmfs/restricted.computecanada.ca/easybuild/software/2020/Core/intel/2020.1.217/compilers_and_libraries_2020.1.217/linux/tbb/lib/intel64/gcc4.8 -Wl,-rpath,/cvmfs/restricted.computecanada.ca/easybuild/software/2020/Core/intel/2020.1.217/compilers_and_libraries_2020.1.217/linux/compiler/lib/intel64_lin -L/cvmfs/restricted.computecanada.ca/easybuild/software/2020/Core/intel/2020.1.217/compilers_and_libraries_2020.1.217/linux/compiler/lib/intel64_lin -Wl,-rpath,/cvmfs/soft.computecanada.ca/easybuild/software/2020/avx512/Compiler/intel2020/openmpi/4.0.3/lib64 -L/cvmfs/soft.computecanada.ca/easybuild/software/2020/avx512/Compiler/intel2020/openmpi/4.0.3/lib64 -Wl,-rpath,/cvmfs/soft.computecanada.ca/easybuild/software/2020/Core/gcccore/9.3.0/lib/gcc/x86_64-pc-linux-gnu/9.3.0 -L/cvmfs/soft.computecanada.ca/easybuild/software/2020/Core/gcccore/9.3.0/lib/gcc/x86_64-pc-linux-gnu/9.3.0 -Wl,-rpath,/cvmfs/soft.computecanada.ca/easybuild/software/2020/Core/gcccore/9.3.0/lib64 -L/cvmfs/soft.computecanada.ca/easybuild/software/2020/Core/gcccore/9.3.0/lib64 -Wl,-rpath,/cvmfs/soft.computecanada.ca/gentoo/2020/lib64 -L/cvmfs/soft.computecanada.ca/gentoo/2020/lib64 -Wl,-rpath,/cvmfs/soft.computecanada.ca/gentoo/2020/usr/lib64 -L/cvmfs/soft.computecanada.ca/gentoo/2020/usr/lib64 -Wl,-rpath,/cvmfs/soft.computecanada.ca/easybuild/software/2020/Core/gcccore/9.3.0/lib -L/cvmfs/soft.computecanada.ca/easybuild/software/2020/Core/gcccore/9.3.0/lib -Wl,-rpath,/cvmfs/soft.computecanada.ca/gentoo/2020/lib -L/cvmfs/soft.computecanada.ca/gentoo/2020/lib -Wl,-rpath,/cvmfs/soft.computecanada.ca/gentoo/2020/usr/lib -L/cvmfs/soft.computecanada.ca/gentoo/2020/usr/lib -lHYPRE -lcmumps -ldmumps -lsmumps -lzmumps -lmumps_common -lpord -lscalapack -lumfpack -lklu -lcholmod -lbtf -lccolamd -lcolamd -lcamd -lamd -lsuitesparseconfig -lsuperlu -lmkl_rt -lmkl_intel_thread -lmkl_core -liomp5 -lpthread -lparmmg -lmmg -lmmg3d -lptesmumps -lptscotchparmetis -lptscotch -lptscotcherr -lesmumps -lscotch -lscotcherr -lpthread -lparmetis -lmetis -ltet -lstdc++ -ldl -lmpi_usempif08 -lmpi_usempi_ignore_tkr -lmpi_mpifh -lmpi -lifport -lifcoremt_pic -limf -lsvml -lm -lipgo -lirc -lpthread -lgcc_s -lirc_s -lrt -lquadmath -lstdc++ -ldl
-----------------------------------------

#############################################################################################################
#############################################################################################################
########     Finsihed Code with NL 240 Processors             #################################################
#############################################################################################################
#############################################################################################################
***Failed to allocate memory for adjncy.

--------------------------------------------------------------------------
Primary job  terminated normally, but 1 process returned
a non-zero exit code. Per user-direction, the job has been aborted.
--------------------------------------------------------------------------
