/cvmfs/soft.computecanada.ca/easybuild/software/2020/avx512/Compiler/intel2020/openmpi/4.0.3/bin/mpiexec
/cvmfs/soft.computecanada.ca/easybuild/software/2020/avx512/Compiler/intel2020/openmpi/4.0.3/bin/mpirun
Number of Vertices for coarse mesh in process  0  564001
Linear solve converged due to CONVERGED_RTOL iterations 9
time taken for solve is11.1316
L2 Norm of uerr is1.82882e-08
************************************************************************************************************************
***             WIDEN YOUR WINDOW TO 120 CHARACTERS.  Use 'enscript -r -fCourier9' to print this document            ***
************************************************************************************************************************

---------------------------------------------- PETSc Performance Summary: ----------------------------------------------

/home/a/asarkar/sudhipv/software/FreeFem-sources/src/mpi/FreeFem++-mpi on a  named nia0659.scinet.local with 40 processors, by sudhipv Sat Oct  2 05:56:50 2021
Using Petsc Release Version 3.15.0, Mar 30, 2021 

                         Max       Max/Min     Avg       Total
Time (sec):           1.134e+01     1.000   1.134e+01
Objects:              1.170e+02     1.000   1.170e+02
Flop:                 1.531e+10     2.253   9.277e+09  3.711e+11
Flop/sec:             1.350e+09     2.253   8.181e+08  3.272e+10
MPI Messages:         1.272e+03     3.655   7.653e+02  3.061e+04
MPI Message Lengths:  3.529e+06     1.804   3.644e+03  1.115e+08
MPI Reductions:       1.080e+02     1.000

Flop counting convention: 1 flop = 1 real number operation of type (multiply/divide/add/subtract)
                            e.g., VecAXPY() for real vectors of length N --> 2N flop
                            and VecAXPY() for complex vectors of length N --> 8N flop

Summary of Stages:   ----- Time ------  ----- Flop ------  --- Messages ---  -- Message Lengths --  -- Reductions --
                        Avg     %Total     Avg     %Total    Count   %Total     Avg         %Total    Count   %Total
 0:      Main Stage: 1.1339e+01 100.0%  3.7107e+11 100.0%  3.061e+04 100.0%  3.644e+03      100.0%  9.000e+01  83.3%

------------------------------------------------------------------------------------------------------------------------
See the 'Profiling' chapter of the users' manual for details on interpreting output.
Phase summary info:
   Count: number of times phase was executed
   Time and Flop: Max - maximum over all processors
                  Ratio - ratio of maximum to minimum over all processors
   Mess: number of messages sent
   AvgLen: average message length (bytes)
   Reduct: number of global reductions
   Global: entire computation
   Stage: stages of a computation. Set stages with PetscLogStagePush() and PetscLogStagePop().
      %T - percent time in this phase         %F - percent flop in this phase
      %M - percent messages in this phase     %L - percent message lengths in this phase
      %R - percent reductions in this phase
   Total Mflop/s: 10e-6 * (sum of flop over all processors)/(max time over all processors)
------------------------------------------------------------------------------------------------------------------------
Event                Count      Time (sec)     Flop                              --- Global ---  --- Stage ----  Total
                   Max Ratio  Max     Ratio   Max  Ratio  Mess   AvgLen  Reduct  %T %F %M %L %R  %T %F %M %L %R Mflop/s
------------------------------------------------------------------------------------------------------------------------

--- Event Stage 0: Main Stage

BuildTwoSided          7 1.0 1.3349e-01126.7 0.00e+00 0.0 6.3e+02 4.0e+00 5.0e+00  0  0  2  0  5   0  0  2  0  6     0
BuildTwoSidedF         2 1.0 1.2708e-03 1.5 0.00e+00 0.0 0.0e+00 0.0e+00 2.0e+00  0  0  0  0  2   0  0  0  0  2     0
MatMult               69 1.0 9.9385e-02 1.2 4.36e+07 1.0 1.3e+04 1.7e+03 1.0e+00  1  0 43 20  1   1  0 43 20  1 17373
MatMultAdd            10 1.0 1.6557e-02 1.1 1.14e+06 1.0 1.9e+03 2.4e+03 0.0e+00  0  0  6  4  0   0  0  6  4  0  2722
MatMultTranspose      10 1.0 1.7188e-01 1.0 0.00e+00 0.0 1.9e+03 7.9e+03 0.0e+00  1  0  6 13  0   1  0  6 13  0     0
MatSolve              61 1.0 1.1757e+00 1.1 1.47e+10 2.4 3.8e+03 1.4e+04 5.0e+00 10 93 13 46  5  10 93 13 46  6 293248
MatLUFactorSym         2 1.0 3.8280e+00 1.0 0.00e+00 0.0 0.0e+00 0.0e+00 0.0e+00 34  0  0  0  0  34  0  0  0  0     0
MatLUFactorNum         2 1.0 1.0280e+00 1.1 6.78e+08 1.4 0.0e+00 0.0e+00 0.0e+00  9  6  0  0  0   9  6  0  0  0 22340
MatResidual           10 1.0 1.5622e-02 1.4 7.95e+06 1.0 1.9e+03 1.6e+03 0.0e+00  0  0  6  3  0   0  0  6  3  0 20175
MatAssemblyBegin       5 1.0 3.2355e-03 1.1 0.00e+00 0.0 0.0e+00 0.0e+00 2.0e+00  0  0  0  0  2   0  0  0  0  2     0
MatAssemblyEnd         5 1.0 1.0647e-01 4.7 0.00e+00 0.0 0.0e+00 0.0e+00 8.0e+00  1  0  0  0  7   1  0  0  0  9     0
MatGetRowIJ            1 1.0 3.1850e-03 1.5 0.00e+00 0.0 0.0e+00 0.0e+00 0.0e+00  0  0  0  0  0   0  0  0  0  0     0
MatCreateSubMats       1 1.0 2.0997e-02 1.1 0.00e+00 0.0 9.3e+02 3.7e+03 1.0e+00  0  0  3  3  1   0  0  3  3  1     0
MatGetOrdering         1 1.0 2.9567e-02 1.2 0.00e+00 0.0 0.0e+00 0.0e+00 0.0e+00  0  0  0  0  0   0  0  0  0  0     0
MatIncreaseOvrlp       1 1.0 5.9467e-03 1.1 0.00e+00 0.0 0.0e+00 0.0e+00 1.0e+00  0  0  0  0  1   0  0  0  0  1     0
VecMDot               19 1.0 7.3325e-02 5.6 1.14e+07 1.0 0.0e+00 0.0e+00 1.9e+01  0  0  0  0 18   0  0  0  0 21  6145
VecNorm               21 1.0 3.6306e-01 1.0 2.39e+06 1.0 0.0e+00 0.0e+00 2.1e+01  3  0  0  0 19   3  0  0  0 23   261
VecScale              41 1.0 1.1247e-03 1.5 1.19e+06 1.0 0.0e+00 0.0e+00 0.0e+00  0  0  0  0  0   0  0  0  0  0 42066
VecCopy               34 1.0 2.9919e-03 1.4 0.00e+00 0.0 0.0e+00 0.0e+00 0.0e+00  0  0  0  0  0   0  0  0  0  0     0
VecSet               193 1.0 1.6751e-02 1.1 0.00e+00 0.0 0.0e+00 0.0e+00 0.0e+00  0  0  0  0  0   0  0  0  0  0     0
VecAXPY               12 1.0 3.6653e-02 1.0 1.36e+06 1.0 0.0e+00 0.0e+00 0.0e+00  0  0  0  0  0   0  0  0  0  0  1475
VecAYPX               60 1.0 8.5145e-03 1.3 4.55e+06 1.0 0.0e+00 0.0e+00 0.0e+00  0  0  0  0  0   0  0  0  0  0 21169
VecAXPBYCZ            20 1.0 4.5003e-03 1.2 5.69e+06 1.0 0.0e+00 0.0e+00 0.0e+00  0  0  0  0  0   0  0  0  0  0 50064
VecMAXPY              21 1.0 1.3288e-02 1.3 1.35e+07 1.0 0.0e+00 0.0e+00 0.0e+00  0  0  0  0  0   0  0  0  0  0 40353
VecScatterBegin      273 1.0 1.7102e-01 4.5 0.00e+00 0.0 2.4e+04 3.3e+03 3.0e+00  1  0 79 72  3   1  0 79 72  3     0
VecScatterEnd        273 1.0 2.7215e-02 5.5 0.00e+00 0.0 0.0e+00 0.0e+00 0.0e+00  0  0  0  0  0   0  0  0  0  0     0
VecNormalize          21 1.0 3.6391e-01 1.0 3.58e+06 1.0 0.0e+00 0.0e+00 2.1e+01  3  0  0  0 19   3  0  0  0 23   390
SFSetGraph             6 1.0 1.3993e-04 1.6 0.00e+00 0.0 0.0e+00 0.0e+00 0.0e+00  0  0  0  0  0   0  0  0  0  0     0
SFSetUp                5 1.0 1.3848e-0121.7 0.00e+00 0.0 1.3e+03 2.0e+03 3.0e+00  1  0  4  2  3   1  0  4  2  3     0
SFReduceBegin         51 1.0 5.8195e-03 1.1 0.00e+00 0.0 0.0e+00 0.0e+00 0.0e+00  0  0  0  0  0   0  0  0  0  0     0
SFReduceEnd           51 1.0 4.2702e-05 1.5 0.00e+00 0.0 0.0e+00 0.0e+00 0.0e+00  0  0  0  0  0   0  0  0  0  0     0
SFPack               273 1.0 1.8412e-03 1.6 0.00e+00 0.0 0.0e+00 0.0e+00 0.0e+00  0  0  0  0  0   0  0  0  0  0     0
SFUnpack             273 1.0 6.9665e-04 1.9 0.00e+00 0.0 0.0e+00 0.0e+00 0.0e+00  0  0  0  0  0   0  0  0  0  0     0
KSPSetUp               3 1.0 1.5697e+00 1.0 7.99e+08 1.3 5.6e+03 1.8e+03 3.2e+01 14  7 18  9 30  14  7 18  9 36 17626
KSPSolve               1 1.0 1.3400e+00 1.0 1.47e+10 2.4 2.4e+04 4.0e+03 2.6e+01 12 93 79 87 24  12 93 79 87 29 256183
KSPGMRESOrthog        19 1.0 8.3251e-02 3.4 2.27e+07 1.0 0.0e+00 0.0e+00 1.9e+01  1  0  0  0 18   1  0  0  0 21 10825
PCSetUp                1 1.0 5.9517e+00 1.0 8.01e+08 1.3 5.6e+03 1.8e+03 3.8e+01 52  7 18  9 35  52  7 18  9 42  4666
PCSetUpOnBlocks       21 1.0 5.3620e-01 1.3 6.76e+08 1.4 0.0e+00 0.0e+00 0.0e+00  4  6  0  0  0   4  6  0  0  0 42636
PCApply               10 1.0 1.3122e+00 1.0 1.47e+10 2.4 2.2e+04 4.2e+03 5.0e+00 12 92 73 85  5  12 92 73 85  6 261026
PCApplyOnBlocks       51 1.0 6.3133e-01 1.1 4.67e+08 1.1 0.0e+00 0.0e+00 0.0e+00  5  5  0  0  0   5  5  0  0  0 28602
------------------------------------------------------------------------------------------------------------------------

Memory usage is given in bytes:

Object Type          Creations   Destructions     Memory  Descendants' Mem.
Reports information only for process 0.

--- Event Stage 0: Main Stage

              Matrix    12             12     76422956     0.
              Vector    54             54     20038968     0.
           Index Set    17             17      1771352     0.
   IS L to G Mapping     1              1      2805172     0.
   Star Forest Graph    12             12        13824     0.
       Krylov Solver     5              5        54456     0.
      Preconditioner     5              5         5544     0.
    Distributed Mesh     3              3        15144     0.
     Discrete System     3              3         2712     0.
           Weak Form     3              3         2472     0.
              Viewer     2              1          848     0.
========================================================================================================================
Average time to get PetscTime(): 2.89e-08
Average time for MPI_Barrier(): 4.49116e-05
Average time for zero size MPI_Send(): 1.0773e-06
#PETSc Option Table entries:
-ksp_converged_reason
-ksp_pc_side right
-ksp_rtol 1e-8
-ksp_type gmres
-log_view
-m 750
-mg_coarse_ksp_type preonly
-mg_coarse_pc_type lu
-mg_levels_pc_type asm
-mg_levels_sub_pc_type lu
-n 750
-nw
-pc_mg_type multiplicative
-pc_type mg
#End of PETSc Option Table entries
Compiled without FORTRAN kernels
Compiled with full precision matrices (default)
sizeof(short) 2 sizeof(int) 4 sizeof(long) 8 sizeof(void*) 8 sizeof(PetscScalar) 8 sizeof(PetscInt) 4
Configure options: --prefix=/home/a/asarkar/sudhipv/software/FreeFem-sources/install/ff-petsc/r MAKEFLAGS= --with-debugging=0 COPTFLAGS="-O3 -mtune=native" CXXOPTFLAGS="-O3 -mtune=native" FOPTFLAGS="-O3 -mtune=native" --with-cxx-dialect=C++11 --with-ssl=0 --with-x=0 --with-fortran-bindings=0 --with-cudac=0 --with-cc=/cvmfs/soft.computecanada.ca/easybuild/software/2020/avx512/Compiler/intel2020/openmpi/4.0.3/bin/mpicc --with-cxx=/cvmfs/soft.computecanada.ca/easybuild/software/2020/avx512/Compiler/intel2020/openmpi/4.0.3/bin/mpic++ --with-fc=/cvmfs/soft.computecanada.ca/easybuild/software/2020/avx512/Compiler/intel2020/openmpi/4.0.3/bin/mpif90 --with-scalar-type=real --with-blaslapack-include=/cvmfs/soft.computecanada.ca/easybuild/software/2020/Core/imkl/2020.1.217/mkl/include --with-blaslapack-lib="-Wl,-rpath,/cvmfs/soft.computecanada.ca/easybuild/software/2020/Core/imkl/2020.1.217/mkl/lib/intel64 -L/cvmfs/soft.computecanada.ca/easybuild/software/2020/Core/imkl/2020.1.217/mkl/lib/intel64 -lmkl_rt -lmkl_intel_thread -lmkl_core  -liomp5 -lpthread" --download-metis --download-ptscotch --download-hypre --download-parmetis --download-mmg --download-parmmg --download-superlu --download-suitesparse --download-tetgen --download-slepc --download-hpddm --download-scalapack --download-mumps --download-slepc-configure-arguments=--download-arpack=https://github.com/prj-/arpack-ng/archive/b64dccb.tar.gz PETSC_ARCH=fr
-----------------------------------------
Libraries compiled on 2021-05-02 15:39:49 on nia-login03.scinet.local 
Machine characteristics: Linux-3.10.0-957.27.2.el7.x86_64-x86_64-with-centos-7.6.1810-Core
Using PETSc directory: /home/a/asarkar/sudhipv/software/FreeFem-sources/install/ff-petsc/r
Using PETSc arch: 
-----------------------------------------

Using C compiler: /cvmfs/soft.computecanada.ca/easybuild/software/2020/avx512/Compiler/intel2020/openmpi/4.0.3/bin/mpicc  -fPIC -wd1572 -O3 -mtune=native   
Using Fortran compiler: /cvmfs/soft.computecanada.ca/easybuild/software/2020/avx512/Compiler/intel2020/openmpi/4.0.3/bin/mpif90  -fPIC -O3 -mtune=native     
-----------------------------------------

Using include paths: -I/home/a/asarkar/sudhipv/software/FreeFem-sources/install/ff-petsc/r/include -I/cvmfs/soft.computecanada.ca/easybuild/software/2020/Core/imkl/2020.1.217/mkl/include
-----------------------------------------

Using C linker: /cvmfs/soft.computecanada.ca/easybuild/software/2020/avx512/Compiler/intel2020/openmpi/4.0.3/bin/mpicc
Using Fortran linker: /cvmfs/soft.computecanada.ca/easybuild/software/2020/avx512/Compiler/intel2020/openmpi/4.0.3/bin/mpif90
Using libraries: -Wl,-rpath,/home/a/asarkar/sudhipv/software/FreeFem-sources/install/ff-petsc/r/lib -L/home/a/asarkar/sudhipv/software/FreeFem-sources/install/ff-petsc/r/lib -lpetsc -Wl,-rpath,/home/a/asarkar/sudhipv/software/FreeFem-sources/install/ff-petsc/r/lib -L/home/a/asarkar/sudhipv/software/FreeFem-sources/install/ff-petsc/r/lib -Wl,-rpath,/cvmfs/soft.computecanada.ca/easybuild/software/2020/Core/imkl/2020.1.217/mkl/lib/intel64 -L/cvmfs/soft.computecanada.ca/easybuild/software/2020/Core/imkl/2020.1.217/mkl/lib/intel64 -Wl,-rpath,/cvmfs/soft.computecanada.ca/easybuild/software/2020/avx512/Compiler/intel2020/openmpi/4.0.3/lib -L/cvmfs/soft.computecanada.ca/easybuild/software/2020/avx512/Compiler/intel2020/openmpi/4.0.3/lib -Wl,-rpath,/cvmfs/soft.computecanada.ca/easybuild/software/2020/avx512/Core/libfabric/1.10.1/lib -L/cvmfs/soft.computecanada.ca/easybuild/software/2020/avx512/Core/libfabric/1.10.1/lib -Wl,-rpath,/cvmfs/soft.computecanada.ca/easybuild/software/2020/avx512/Core/ucx/1.8.0/lib -L/cvmfs/soft.computecanada.ca/easybuild/software/2020/avx512/Core/ucx/1.8.0/lib -Wl,-rpath,/cvmfs/soft.computecanada.ca/easybuild/software/2020/Core/imkl/2020.1.217/lib/intel64 -L/cvmfs/soft.computecanada.ca/easybuild/software/2020/Core/imkl/2020.1.217/lib/intel64 -Wl,-rpath,/cvmfs/restricted.computecanada.ca/easybuild/software/2020/Core/intel/2020.1.217/compilers_and_libraries_2020.1.217/linux/tbb/lib/intel64/gcc4.8 -L/cvmfs/restricted.computecanada.ca/easybuild/software/2020/Core/intel/2020.1.217/compilers_and_libraries_2020.1.217/linux/tbb/lib/intel64/gcc4.8 -Wl,-rpath,/cvmfs/restricted.computecanada.ca/easybuild/software/2020/Core/intel/2020.1.217/compilers_and_libraries_2020.1.217/linux/compiler/lib/intel64_lin -L/cvmfs/restricted.computecanada.ca/easybuild/software/2020/Core/intel/2020.1.217/compilers_and_libraries_2020.1.217/linux/compiler/lib/intel64_lin -Wl,-rpath,/cvmfs/soft.computecanada.ca/easybuild/software/2020/avx512/Compiler/intel2020/openmpi/4.0.3/lib64 -L/cvmfs/soft.computecanada.ca/easybuild/software/2020/avx512/Compiler/intel2020/openmpi/4.0.3/lib64 -Wl,-rpath,/cvmfs/soft.computecanada.ca/easybuild/software/2020/Core/gcccore/9.3.0/lib/gcc/x86_64-pc-linux-gnu/9.3.0 -L/cvmfs/soft.computecanada.ca/easybuild/software/2020/Core/gcccore/9.3.0/lib/gcc/x86_64-pc-linux-gnu/9.3.0 -Wl,-rpath,/cvmfs/soft.computecanada.ca/easybuild/software/2020/Core/gcccore/9.3.0/lib64 -L/cvmfs/soft.computecanada.ca/easybuild/software/2020/Core/gcccore/9.3.0/lib64 -Wl,-rpath,/cvmfs/soft.computecanada.ca/gentoo/2020/lib64 -L/cvmfs/soft.computecanada.ca/gentoo/2020/lib64 -Wl,-rpath,/cvmfs/soft.computecanada.ca/gentoo/2020/usr/lib64 -L/cvmfs/soft.computecanada.ca/gentoo/2020/usr/lib64 -Wl,-rpath,/cvmfs/soft.computecanada.ca/easybuild/software/2020/Core/gcccore/9.3.0/lib -L/cvmfs/soft.computecanada.ca/easybuild/software/2020/Core/gcccore/9.3.0/lib -Wl,-rpath,/cvmfs/soft.computecanada.ca/gentoo/2020/lib -L/cvmfs/soft.computecanada.ca/gentoo/2020/lib -Wl,-rpath,/cvmfs/soft.computecanada.ca/gentoo/2020/usr/lib -L/cvmfs/soft.computecanada.ca/gentoo/2020/usr/lib -lHYPRE -lcmumps -ldmumps -lsmumps -lzmumps -lmumps_common -lpord -lscalapack -lumfpack -lklu -lcholmod -lbtf -lccolamd -lcolamd -lcamd -lamd -lsuitesparseconfig -lsuperlu -lmkl_rt -lmkl_intel_thread -lmkl_core -liomp5 -lpthread -lparmmg -lmmg -lmmg3d -lptesmumps -lptscotchparmetis -lptscotch -lptscotcherr -lesmumps -lscotch -lscotcherr -lpthread -lparmetis -lmetis -ltet -lstdc++ -ldl -lmpi_usempif08 -lmpi_usempi_ignore_tkr -lmpi_mpifh -lmpi -lifport -lifcoremt_pic -limf -lsvml -lm -lipgo -lirc -lpthread -lgcc_s -lirc_s -lrt -lquadmath -lstdc++ -ldl
-----------------------------------------

#############################################################################################################
#############################################################################################################
########     Finsihed Code with NL 10 Processors             #################################################
#############################################################################################################
#############################################################################################################
Number of Vertices for coarse mesh in process  0  1127844
Linear solve converged due to CONVERGED_RTOL iterations 9
time taken for solve is17.0471
L2 Norm of uerr is1.34246e-08
************************************************************************************************************************
***             WIDEN YOUR WINDOW TO 120 CHARACTERS.  Use 'enscript -r -fCourier9' to print this document            ***
************************************************************************************************************************

---------------------------------------------- PETSc Performance Summary: ----------------------------------------------

/home/a/asarkar/sudhipv/software/FreeFem-sources/src/mpi/FreeFem++-mpi on a  named nia0659.scinet.local with 80 processors, by sudhipv Sat Oct  2 05:57:12 2021
Using Petsc Release Version 3.15.0, Mar 30, 2021 

                         Max       Max/Min     Avg       Total
Time (sec):           1.713e+01     1.000   1.713e+01
Objects:              1.170e+02     1.000   1.170e+02
Flop:                 1.908e+10     2.126   1.266e+10  1.013e+12
Flop/sec:             1.114e+09     2.126   7.392e+08  5.913e+10
MPI Messages:         1.294e+03     3.720   8.479e+02  6.783e+04
MPI Message Lengths:  3.656e+06     1.924   3.403e+03  2.308e+08
MPI Reductions:       1.080e+02     1.000

Flop counting convention: 1 flop = 1 real number operation of type (multiply/divide/add/subtract)
                            e.g., VecAXPY() for real vectors of length N --> 2N flop
                            and VecAXPY() for complex vectors of length N --> 8N flop

Summary of Stages:   ----- Time ------  ----- Flop ------  --- Messages ---  -- Message Lengths --  -- Reductions --
                        Avg     %Total     Avg     %Total    Count   %Total     Avg         %Total    Count   %Total
 0:      Main Stage: 1.7130e+01 100.0%  1.0129e+12 100.0%  6.783e+04 100.0%  3.403e+03      100.0%  9.000e+01  83.3%

------------------------------------------------------------------------------------------------------------------------
See the 'Profiling' chapter of the users' manual for details on interpreting output.
Phase summary info:
   Count: number of times phase was executed
   Time and Flop: Max - maximum over all processors
                  Ratio - ratio of maximum to minimum over all processors
   Mess: number of messages sent
   AvgLen: average message length (bytes)
   Reduct: number of global reductions
   Global: entire computation
   Stage: stages of a computation. Set stages with PetscLogStagePush() and PetscLogStagePop().
      %T - percent time in this phase         %F - percent flop in this phase
      %M - percent messages in this phase     %L - percent message lengths in this phase
      %R - percent reductions in this phase
   Total Mflop/s: 10e-6 * (sum of flop over all processors)/(max time over all processors)
------------------------------------------------------------------------------------------------------------------------
Event                Count      Time (sec)     Flop                              --- Global ---  --- Stage ----  Total
                   Max Ratio  Max     Ratio   Max  Ratio  Mess   AvgLen  Reduct  %T %F %M %L %R  %T %F %M %L %R Mflop/s
------------------------------------------------------------------------------------------------------------------------

--- Event Stage 0: Main Stage

BuildTwoSided          7 1.0 1.7534e-01153.0 0.00e+00 0.0 1.4e+03 4.0e+00 5.0e+00  0  0  2  0  5   0  0  2  0  6     0
BuildTwoSidedF         2 1.0 3.2064e-03 4.8 0.00e+00 0.0 0.0e+00 0.0e+00 2.0e+00  0  0  0  0  2   0  0  0  0  2     0
MatMult               69 1.0 1.1015e-01 1.3 4.37e+07 1.0 2.9e+04 1.6e+03 1.0e+00  1  0 43 20  1   1  0 43 20  1 31367
MatMultAdd            10 1.0 1.7558e-02 1.2 1.14e+06 1.0 4.1e+03 2.3e+03 0.0e+00  0  0  6  4  0   0  0  6  4  0  5134
MatMultTranspose      10 1.0 5.8549e-02 4.7 0.00e+00 0.0 4.1e+03 7.7e+03 0.0e+00  0  0  6 14  0   0  0  6 14  0     0
MatSolve              61 1.0 1.8511e+00 1.1 1.84e+10 2.2 9.1e+03 1.1e+04 5.0e+00 11 95 13 45  5  11 95 13 45  6 519502
MatLUFactorSym         2 1.0 8.4394e+00 1.0 0.00e+00 0.0 0.0e+00 0.0e+00 0.0e+00 49  0  0  0  0  49  0  0  0  0     0
MatLUFactorNum         2 1.0 9.7481e-01 1.2 6.73e+08 1.4 0.0e+00 0.0e+00 0.0e+00  5  4  0  0  0   5  4  0  0  0 45811
MatResidual           10 1.0 1.8765e-02 1.9 7.97e+06 1.0 4.1e+03 1.5e+03 0.0e+00  0  0  6  3  0   0  0  6  3  0 33608
MatAssemblyBegin       5 1.0 3.2834e-03 1.4 0.00e+00 0.0 0.0e+00 0.0e+00 2.0e+00  0  0  0  0  2   0  0  0  0  2     0
MatAssemblyEnd         5 1.0 6.9426e-02 5.4 0.00e+00 0.0 0.0e+00 0.0e+00 8.0e+00  0  0  0  0  7   0  0  0  0  9     0
MatGetRowIJ            1 1.0 4.2299e-03 2.1 0.00e+00 0.0 0.0e+00 0.0e+00 0.0e+00  0  0  0  0  0   0  0  0  0  0     0
MatCreateSubMats       1 1.0 3.1718e-02 1.4 0.00e+00 0.0 2.0e+03 3.5e+03 1.0e+00  0  0  3  3  1   0  0  3  3  1     0
MatGetOrdering         1 1.0 4.2902e-02 1.8 0.00e+00 0.0 0.0e+00 0.0e+00 0.0e+00  0  0  0  0  0   0  0  0  0  0     0
MatIncreaseOvrlp       1 1.0 9.9376e-03 1.6 0.00e+00 0.0 0.0e+00 0.0e+00 1.0e+00  0  0  0  0  1   0  0  0  0  1     0
VecMDot               19 1.0 7.2293e-02 2.8 1.14e+07 1.0 0.0e+00 0.0e+00 1.9e+01  0  0  0  0 18   0  0  0  0 21 12469
VecNorm               21 1.0 6.2143e-02 1.1 2.39e+06 1.0 0.0e+00 0.0e+00 2.1e+01  0  0  0  0 19   0  0  0  0 23  3046
VecScale              41 1.0 7.3400e-04 1.9 1.20e+06 1.0 0.0e+00 0.0e+00 0.0e+00  0  0  0  0  0   0  0  0  0  0 128950
VecCopy               34 1.0 3.2787e-03 1.4 0.00e+00 0.0 0.0e+00 0.0e+00 0.0e+00  0  0  0  0  0   0  0  0  0  0     0
VecSet               193 1.0 1.7393e-02 1.2 0.00e+00 0.0 0.0e+00 0.0e+00 0.0e+00  0  0  0  0  0   0  0  0  0  0     0
VecAXPY               12 1.0 2.9525e-03 2.1 1.37e+06 1.0 0.0e+00 0.0e+00 0.0e+00  0  0  0  0  0   0  0  0  0  0 36637
VecAYPX               60 1.0 8.7840e-03 1.3 4.56e+06 1.0 0.0e+00 0.0e+00 0.0e+00  0  0  0  0  0   0  0  0  0  0 41048
VecAXPBYCZ            20 1.0 4.7243e-03 1.2 5.69e+06 1.0 0.0e+00 0.0e+00 0.0e+00  0  0  0  0  0   0  0  0  0  0 95403
VecMAXPY              21 1.0 1.2402e-02 1.2 1.36e+07 1.0 0.0e+00 0.0e+00 0.0e+00  0  0  0  0  0   0  0  0  0  0 86493
VecScatterBegin      273 1.0 2.0868e-01 5.5 0.00e+00 0.0 5.4e+04 3.1e+03 3.0e+00  1  0 79 71  3   1  0 79 71  3     0
VecScatterEnd        273 1.0 3.3467e-02 5.2 0.00e+00 0.0 0.0e+00 0.0e+00 0.0e+00  0  0  0  0  0   0  0  0  0  0     0
VecNormalize          21 1.0 6.2663e-02 1.1 3.59e+06 1.0 0.0e+00 0.0e+00 2.1e+01  0  0  0  0 19   0  0  0  0 23  4531
SFSetGraph             6 1.0 1.6988e-04 1.9 0.00e+00 0.0 0.0e+00 0.0e+00 0.0e+00  0  0  0  0  0   0  0  0  0  0     0
SFSetUp                5 1.0 1.7752e-0126.0 0.00e+00 0.0 2.8e+03 1.8e+03 3.0e+00  1  0  4  2  3   1  0  4  2  3     0
SFReduceBegin         51 1.0 5.9465e-03 1.2 0.00e+00 0.0 0.0e+00 0.0e+00 0.0e+00  0  0  0  0  0   0  0  0  0  0     0
SFReduceEnd           51 1.0 4.7036e-05 1.6 0.00e+00 0.0 0.0e+00 0.0e+00 0.0e+00  0  0  0  0  0   0  0  0  0  0     0
SFPack               273 1.0 1.6349e-03 2.0 0.00e+00 0.0 0.0e+00 0.0e+00 0.0e+00  0  0  0  0  0   0  0  0  0  0     0
SFUnpack             273 1.0 7.2439e-04 2.6 0.00e+00 0.0 0.0e+00 0.0e+00 0.0e+00  0  0  0  0  0   0  0  0  0  0     0
KSPSetUp               3 1.0 9.2881e-01 1.1 7.94e+08 1.4 1.2e+04 1.7e+03 3.2e+01  5  5 18  9 30   5  5 18  9 36 58109
KSPSolve               1 1.0 1.8858e+00 1.0 1.83e+10 2.2 5.4e+04 3.7e+03 2.6e+01 11 95 79 87 24  11 95 79 87 29 508396
KSPGMRESOrthog        19 1.0 8.1626e-02 2.2 2.28e+07 1.0 0.0e+00 0.0e+00 1.9e+01  0  0  0  0 18   0  0  0  0 21 22087
PCSetUp                1 1.0 9.8522e+00 1.0 7.96e+08 1.4 1.2e+04 1.7e+03 3.8e+01 58  5 18  9 35  58  5 18  9 42  5502
PCSetUpOnBlocks       21 1.0 5.4038e-01 1.4 6.71e+08 1.4 0.0e+00 0.0e+00 0.0e+00  3  4  0  0  0   3  4  0  0  0 82199
PCApply               10 1.0 1.8604e+00 1.0 1.83e+10 2.2 5.0e+04 3.9e+03 5.0e+00 11 94 74 84  5  11 94 74 84  6 514479
PCApplyOnBlocks       51 1.0 6.3967e-01 1.1 4.66e+08 1.1 0.0e+00 0.0e+00 0.0e+00  4  4  0  0  0   4  4  0  0  0 56015
------------------------------------------------------------------------------------------------------------------------

Memory usage is given in bytes:

Object Type          Creations   Destructions     Memory  Descendants' Mem.
Reports information only for process 0.

--- Event Stage 0: Main Stage

              Matrix    12             12     76414536     0.
              Vector    54             54     20125416     0.
           Index Set    17             17      1728468     0.
   IS L to G Mapping     1              1      2028588     0.
   Star Forest Graph    12             12        13824     0.
       Krylov Solver     5              5        54456     0.
      Preconditioner     5              5         5544     0.
    Distributed Mesh     3              3        15144     0.
     Discrete System     3              3         2712     0.
           Weak Form     3              3         2472     0.
              Viewer     2              1          848     0.
========================================================================================================================
Average time to get PetscTime(): 2.88e-08
Average time for MPI_Barrier(): 5.88218e-05
Average time for zero size MPI_Send(): 1.21263e-06
#PETSc Option Table entries:
-ksp_converged_reason
-ksp_pc_side right
-ksp_rtol 1e-8
-ksp_type gmres
-log_view
-m 1061
-mg_coarse_ksp_type preonly
-mg_coarse_pc_type lu
-mg_levels_pc_type asm
-mg_levels_sub_pc_type lu
-n 1061
-nw
-pc_mg_type multiplicative
-pc_type mg
#End of PETSc Option Table entries
Compiled without FORTRAN kernels
Compiled with full precision matrices (default)
sizeof(short) 2 sizeof(int) 4 sizeof(long) 8 sizeof(void*) 8 sizeof(PetscScalar) 8 sizeof(PetscInt) 4
Configure options: --prefix=/home/a/asarkar/sudhipv/software/FreeFem-sources/install/ff-petsc/r MAKEFLAGS= --with-debugging=0 COPTFLAGS="-O3 -mtune=native" CXXOPTFLAGS="-O3 -mtune=native" FOPTFLAGS="-O3 -mtune=native" --with-cxx-dialect=C++11 --with-ssl=0 --with-x=0 --with-fortran-bindings=0 --with-cudac=0 --with-cc=/cvmfs/soft.computecanada.ca/easybuild/software/2020/avx512/Compiler/intel2020/openmpi/4.0.3/bin/mpicc --with-cxx=/cvmfs/soft.computecanada.ca/easybuild/software/2020/avx512/Compiler/intel2020/openmpi/4.0.3/bin/mpic++ --with-fc=/cvmfs/soft.computecanada.ca/easybuild/software/2020/avx512/Compiler/intel2020/openmpi/4.0.3/bin/mpif90 --with-scalar-type=real --with-blaslapack-include=/cvmfs/soft.computecanada.ca/easybuild/software/2020/Core/imkl/2020.1.217/mkl/include --with-blaslapack-lib="-Wl,-rpath,/cvmfs/soft.computecanada.ca/easybuild/software/2020/Core/imkl/2020.1.217/mkl/lib/intel64 -L/cvmfs/soft.computecanada.ca/easybuild/software/2020/Core/imkl/2020.1.217/mkl/lib/intel64 -lmkl_rt -lmkl_intel_thread -lmkl_core  -liomp5 -lpthread" --download-metis --download-ptscotch --download-hypre --download-parmetis --download-mmg --download-parmmg --download-superlu --download-suitesparse --download-tetgen --download-slepc --download-hpddm --download-scalapack --download-mumps --download-slepc-configure-arguments=--download-arpack=https://github.com/prj-/arpack-ng/archive/b64dccb.tar.gz PETSC_ARCH=fr
-----------------------------------------
Libraries compiled on 2021-05-02 15:39:49 on nia-login03.scinet.local 
Machine characteristics: Linux-3.10.0-957.27.2.el7.x86_64-x86_64-with-centos-7.6.1810-Core
Using PETSc directory: /home/a/asarkar/sudhipv/software/FreeFem-sources/install/ff-petsc/r
Using PETSc arch: 
-----------------------------------------

Using C compiler: /cvmfs/soft.computecanada.ca/easybuild/software/2020/avx512/Compiler/intel2020/openmpi/4.0.3/bin/mpicc  -fPIC -wd1572 -O3 -mtune=native   
Using Fortran compiler: /cvmfs/soft.computecanada.ca/easybuild/software/2020/avx512/Compiler/intel2020/openmpi/4.0.3/bin/mpif90  -fPIC -O3 -mtune=native     
-----------------------------------------

Using include paths: -I/home/a/asarkar/sudhipv/software/FreeFem-sources/install/ff-petsc/r/include -I/cvmfs/soft.computecanada.ca/easybuild/software/2020/Core/imkl/2020.1.217/mkl/include
-----------------------------------------

Using C linker: /cvmfs/soft.computecanada.ca/easybuild/software/2020/avx512/Compiler/intel2020/openmpi/4.0.3/bin/mpicc
Using Fortran linker: /cvmfs/soft.computecanada.ca/easybuild/software/2020/avx512/Compiler/intel2020/openmpi/4.0.3/bin/mpif90
Using libraries: -Wl,-rpath,/home/a/asarkar/sudhipv/software/FreeFem-sources/install/ff-petsc/r/lib -L/home/a/asarkar/sudhipv/software/FreeFem-sources/install/ff-petsc/r/lib -lpetsc -Wl,-rpath,/home/a/asarkar/sudhipv/software/FreeFem-sources/install/ff-petsc/r/lib -L/home/a/asarkar/sudhipv/software/FreeFem-sources/install/ff-petsc/r/lib -Wl,-rpath,/cvmfs/soft.computecanada.ca/easybuild/software/2020/Core/imkl/2020.1.217/mkl/lib/intel64 -L/cvmfs/soft.computecanada.ca/easybuild/software/2020/Core/imkl/2020.1.217/mkl/lib/intel64 -Wl,-rpath,/cvmfs/soft.computecanada.ca/easybuild/software/2020/avx512/Compiler/intel2020/openmpi/4.0.3/lib -L/cvmfs/soft.computecanada.ca/easybuild/software/2020/avx512/Compiler/intel2020/openmpi/4.0.3/lib -Wl,-rpath,/cvmfs/soft.computecanada.ca/easybuild/software/2020/avx512/Core/libfabric/1.10.1/lib -L/cvmfs/soft.computecanada.ca/easybuild/software/2020/avx512/Core/libfabric/1.10.1/lib -Wl,-rpath,/cvmfs/soft.computecanada.ca/easybuild/software/2020/avx512/Core/ucx/1.8.0/lib -L/cvmfs/soft.computecanada.ca/easybuild/software/2020/avx512/Core/ucx/1.8.0/lib -Wl,-rpath,/cvmfs/soft.computecanada.ca/easybuild/software/2020/Core/imkl/2020.1.217/lib/intel64 -L/cvmfs/soft.computecanada.ca/easybuild/software/2020/Core/imkl/2020.1.217/lib/intel64 -Wl,-rpath,/cvmfs/restricted.computecanada.ca/easybuild/software/2020/Core/intel/2020.1.217/compilers_and_libraries_2020.1.217/linux/tbb/lib/intel64/gcc4.8 -L/cvmfs/restricted.computecanada.ca/easybuild/software/2020/Core/intel/2020.1.217/compilers_and_libraries_2020.1.217/linux/tbb/lib/intel64/gcc4.8 -Wl,-rpath,/cvmfs/restricted.computecanada.ca/easybuild/software/2020/Core/intel/2020.1.217/compilers_and_libraries_2020.1.217/linux/compiler/lib/intel64_lin -L/cvmfs/restricted.computecanada.ca/easybuild/software/2020/Core/intel/2020.1.217/compilers_and_libraries_2020.1.217/linux/compiler/lib/intel64_lin -Wl,-rpath,/cvmfs/soft.computecanada.ca/easybuild/software/2020/avx512/Compiler/intel2020/openmpi/4.0.3/lib64 -L/cvmfs/soft.computecanada.ca/easybuild/software/2020/avx512/Compiler/intel2020/openmpi/4.0.3/lib64 -Wl,-rpath,/cvmfs/soft.computecanada.ca/easybuild/software/2020/Core/gcccore/9.3.0/lib/gcc/x86_64-pc-linux-gnu/9.3.0 -L/cvmfs/soft.computecanada.ca/easybuild/software/2020/Core/gcccore/9.3.0/lib/gcc/x86_64-pc-linux-gnu/9.3.0 -Wl,-rpath,/cvmfs/soft.computecanada.ca/easybuild/software/2020/Core/gcccore/9.3.0/lib64 -L/cvmfs/soft.computecanada.ca/easybuild/software/2020/Core/gcccore/9.3.0/lib64 -Wl,-rpath,/cvmfs/soft.computecanada.ca/gentoo/2020/lib64 -L/cvmfs/soft.computecanada.ca/gentoo/2020/lib64 -Wl,-rpath,/cvmfs/soft.computecanada.ca/gentoo/2020/usr/lib64 -L/cvmfs/soft.computecanada.ca/gentoo/2020/usr/lib64 -Wl,-rpath,/cvmfs/soft.computecanada.ca/easybuild/software/2020/Core/gcccore/9.3.0/lib -L/cvmfs/soft.computecanada.ca/easybuild/software/2020/Core/gcccore/9.3.0/lib -Wl,-rpath,/cvmfs/soft.computecanada.ca/gentoo/2020/lib -L/cvmfs/soft.computecanada.ca/gentoo/2020/lib -Wl,-rpath,/cvmfs/soft.computecanada.ca/gentoo/2020/usr/lib -L/cvmfs/soft.computecanada.ca/gentoo/2020/usr/lib -lHYPRE -lcmumps -ldmumps -lsmumps -lzmumps -lmumps_common -lpord -lscalapack -lumfpack -lklu -lcholmod -lbtf -lccolamd -lcolamd -lcamd -lamd -lsuitesparseconfig -lsuperlu -lmkl_rt -lmkl_intel_thread -lmkl_core -liomp5 -lpthread -lparmmg -lmmg -lmmg3d -lptesmumps -lptscotchparmetis -lptscotch -lptscotcherr -lesmumps -lscotch -lscotcherr -lpthread -lparmetis -lmetis -ltet -lstdc++ -ldl -lmpi_usempif08 -lmpi_usempi_ignore_tkr -lmpi_mpifh -lmpi -lifport -lifcoremt_pic -limf -lsvml -lm -lipgo -lirc -lpthread -lgcc_s -lirc_s -lrt -lquadmath -lstdc++ -ldl
-----------------------------------------

#############################################################################################################
#############################################################################################################
########     Finsihed Code with NL 10 Processors             #################################################
#############################################################################################################
#############################################################################################################
Number of Vertices for coarse mesh in process  0  2253001
Linear solve converged due to CONVERGED_RTOL iterations 9
time taken for solve is32.1194
L2 Norm of uerr is1.27392e-08
************************************************************************************************************************
***             WIDEN YOUR WINDOW TO 120 CHARACTERS.  Use 'enscript -r -fCourier9' to print this document            ***
************************************************************************************************************************

---------------------------------------------- PETSc Performance Summary: ----------------------------------------------

/home/a/asarkar/sudhipv/software/FreeFem-sources/src/mpi/FreeFem++-mpi on a  named nia0659.scinet.local with 160 processors, by sudhipv Sat Oct  2 05:57:48 2021
Using Petsc Release Version 3.15.0, Mar 30, 2021 

                         Max       Max/Min     Avg       Total
Time (sec):           3.222e+01     1.000   3.222e+01
Objects:              1.170e+02     1.000   1.170e+02
Flop:                 2.508e+10     2.003   1.754e+10  2.806e+12
Flop/sec:             7.785e+08     2.003   5.444e+08  8.710e+10
MPI Messages:         1.294e+03     3.566   8.746e+02  1.399e+05
MPI Message Lengths:  3.850e+06     2.130   3.377e+03  4.725e+08
MPI Reductions:       1.080e+02     1.000

Flop counting convention: 1 flop = 1 real number operation of type (multiply/divide/add/subtract)
                            e.g., VecAXPY() for real vectors of length N --> 2N flop
                            and VecAXPY() for complex vectors of length N --> 8N flop

Summary of Stages:   ----- Time ------  ----- Flop ------  --- Messages ---  -- Message Lengths --  -- Reductions --
                        Avg     %Total     Avg     %Total    Count   %Total     Avg         %Total    Count   %Total
 0:      Main Stage: 3.2222e+01 100.0%  2.8064e+12 100.0%  1.399e+05 100.0%  3.377e+03      100.0%  9.000e+01  83.3%

------------------------------------------------------------------------------------------------------------------------
See the 'Profiling' chapter of the users' manual for details on interpreting output.
Phase summary info:
   Count: number of times phase was executed
   Time and Flop: Max - maximum over all processors
                  Ratio - ratio of maximum to minimum over all processors
   Mess: number of messages sent
   AvgLen: average message length (bytes)
   Reduct: number of global reductions
   Global: entire computation
   Stage: stages of a computation. Set stages with PetscLogStagePush() and PetscLogStagePop().
      %T - percent time in this phase         %F - percent flop in this phase
      %M - percent messages in this phase     %L - percent message lengths in this phase
      %R - percent reductions in this phase
   Total Mflop/s: 10e-6 * (sum of flop over all processors)/(max time over all processors)
------------------------------------------------------------------------------------------------------------------------
Event                Count      Time (sec)     Flop                              --- Global ---  --- Stage ----  Total
                   Max Ratio  Max     Ratio   Max  Ratio  Mess   AvgLen  Reduct  %T %F %M %L %R  %T %F %M %L %R Mflop/s
------------------------------------------------------------------------------------------------------------------------

--- Event Stage 0: Main Stage

BuildTwoSided          7 1.0 2.0068e-01171.4 0.00e+00 0.0 2.9e+03 4.0e+00 5.0e+00  0  0  2  0  5   0  0  2  0  6     0
BuildTwoSidedF         2 1.0 4.0191e-03 5.6 0.00e+00 0.0 0.0e+00 0.0e+00 2.0e+00  0  0  0  0  2   0  0  0  0  2     0
MatMult               69 1.0 2.0885e-01 2.3 4.36e+07 1.0 6.0e+04 1.6e+03 1.0e+00  0  0 43 21  1   0  0 43 21  1 33062
MatMultAdd            10 1.0 2.8468e-02 2.1 1.14e+06 1.0 8.5e+03 2.3e+03 0.0e+00  0  0  6  4  0   0  0  6  4  0  6327
MatMultTranspose      10 1.0 4.3073e-02 3.3 0.00e+00 0.0 8.5e+03 7.7e+03 0.0e+00  0  0  6 14  0   0  0  6 14  0     0
MatSolve              61 1.0 2.9345e+00 1.1 2.44e+10 2.1 1.8e+04 1.2e+04 5.0e+00  9 96 13 44  5   9 96 13 44  6 921082
MatLUFactorSym         2 1.0 1.8315e+01 1.0 0.00e+00 0.0 0.0e+00 0.0e+00 0.0e+00 57  0  0  0  0  57  0  0  0  0     0
MatLUFactorNum         2 1.0 1.2898e+00 1.2 6.74e+08 1.4 0.0e+00 0.0e+00 0.0e+00  4  3  0  0  0   4  3  0  0  0 70015
MatResidual           10 1.0 4.2362e-02 4.0 7.97e+06 1.0 8.5e+03 1.5e+03 0.0e+00  0  0  6  3  0   0  0  6  3  0 29752
MatAssemblyBegin       5 1.0 4.5173e-03 1.8 0.00e+00 0.0 0.0e+00 0.0e+00 2.0e+00  0  0  0  0  2   0  0  0  0  2     0
MatAssemblyEnd         5 1.0 1.2217e-01 4.0 0.00e+00 0.0 0.0e+00 0.0e+00 8.0e+00  0  0  0  0  7   0  0  0  0  9     0
MatGetRowIJ            1 1.0 4.3298e-03 2.1 0.00e+00 0.0 0.0e+00 0.0e+00 0.0e+00  0  0  0  0  0   0  0  0  0  0     0
MatCreateSubMats       1 1.0 3.2651e-02 1.5 0.00e+00 0.0 4.2e+03 3.6e+03 1.0e+00  0  0  3  3  1   0  0  3  3  1     0
MatGetOrdering         1 1.0 4.4866e-02 1.9 0.00e+00 0.0 0.0e+00 0.0e+00 0.0e+00  0  0  0  0  0   0  0  0  0  0     0
MatIncreaseOvrlp       1 1.0 1.2725e-02 1.9 0.00e+00 0.0 0.0e+00 0.0e+00 1.0e+00  0  0  0  0  1   0  0  0  0  1     0
VecMDot               19 1.0 1.3128e-01 2.3 1.14e+07 1.0 0.0e+00 0.0e+00 1.9e+01  0  0  0  0 18   0  0  0  0 21 13721
VecNorm               21 1.0 1.4320e-01 1.1 2.39e+06 1.0 0.0e+00 0.0e+00 2.1e+01  0  0  0  0 19   0  0  0  0 23  2641
VecScale              41 1.0 7.3104e-04 2.3 1.19e+06 1.0 0.0e+00 0.0e+00 0.0e+00  0  0  0  0  0   0  0  0  0  0 258710
VecCopy               34 1.0 4.5089e-03 2.0 0.00e+00 0.0 0.0e+00 0.0e+00 0.0e+00  0  0  0  0  0   0  0  0  0  0     0
VecSet               193 1.0 1.8378e-02 1.2 0.00e+00 0.0 0.0e+00 0.0e+00 0.0e+00  0  0  0  0  0   0  0  0  0  0     0
VecAXPY               12 1.0 3.9887e-03 3.2 1.37e+06 1.0 0.0e+00 0.0e+00 0.0e+00  0  0  0  0  0   0  0  0  0  0 54189
VecAYPX               60 1.0 9.7143e-03 1.6 4.55e+06 1.0 0.0e+00 0.0e+00 0.0e+00  0  0  0  0  0   0  0  0  0  0 74167
VecAXPBYCZ            20 1.0 4.8238e-03 1.8 5.69e+06 1.0 0.0e+00 0.0e+00 0.0e+00  0  0  0  0  0   0  0  0  0  0 186699
VecMAXPY              21 1.0 1.4005e-02 1.3 1.35e+07 1.0 0.0e+00 0.0e+00 0.0e+00  0  0  0  0  0   0  0  0  0  0 153051
VecScatterBegin      273 1.0 2.4018e-01 5.5 0.00e+00 0.0 1.1e+05 3.0e+03 3.0e+00  0  0 79 71  3   0  0 79 71  3     0
VecScatterEnd        273 1.0 1.7984e-0120.9 0.00e+00 0.0 0.0e+00 0.0e+00 0.0e+00  0  0  0  0  0   0  0  0  0  0     0
VecNormalize          21 1.0 1.4370e-01 1.1 3.58e+06 1.0 0.0e+00 0.0e+00 2.1e+01  0  0  0  0 19   0  0  0  0 23  3948
SFSetGraph             6 1.0 1.7987e-04 2.0 0.00e+00 0.0 0.0e+00 0.0e+00 0.0e+00  0  0  0  0  0   0  0  0  0  0     0
SFSetUp                5 1.0 2.0617e-0123.3 0.00e+00 0.0 5.7e+03 1.8e+03 3.0e+00  0  0  4  2  3   0  0  4  2  3     0
SFReduceBegin         51 1.0 6.7417e-03 1.6 0.00e+00 0.0 0.0e+00 0.0e+00 0.0e+00  0  0  0  0  0   0  0  0  0  0     0
SFReduceEnd           51 1.0 5.3067e-05 2.0 0.00e+00 0.0 0.0e+00 0.0e+00 0.0e+00  0  0  0  0  0   0  0  0  0  0     0
SFPack               273 1.0 1.9750e-03 2.5 0.00e+00 0.0 0.0e+00 0.0e+00 0.0e+00  0  0  0  0  0   0  0  0  0  0     0
SFUnpack             273 1.0 7.6690e-04 2.2 0.00e+00 0.0 0.0e+00 0.0e+00 0.0e+00  0  0  0  0  0   0  0  0  0  0     0
KSPSetUp               3 1.0 1.0258e+00 1.0 7.94e+08 1.4 2.6e+04 1.7e+03 3.2e+01  3  4 18  9 30   3  4 18  9 36 106156
KSPSolve               1 1.0 3.0097e+00 1.0 2.44e+10 2.1 1.1e+05 3.7e+03 2.6e+01  9 96 79 87 24   9 96 79 87 29 896104
KSPGMRESOrthog        19 1.0 1.4116e-01 2.1 2.28e+07 1.0 0.0e+00 0.0e+00 1.9e+01  0  0  0  0 18   0  0  0  0 21 25519
PCSetUp                1 1.0 2.0097e+01 1.0 7.97e+08 1.4 2.6e+04 1.7e+03 3.8e+01 62  4 18  9 35  62  4 18  9 42  5446
PCSetUpOnBlocks       21 1.0 5.7606e-01 1.5 6.71e+08 1.4 0.0e+00 0.0e+00 0.0e+00  2  3  0  0  0   2  3  0  0  0 155798
PCApply               10 1.0 2.9704e+00 1.0 2.44e+10 2.1 1.0e+05 3.9e+03 5.0e+00  9 96 73 84  5   9 96 73 84  6 906902
PCApplyOnBlocks       51 1.0 6.8535e-01 1.3 4.68e+08 1.1 0.0e+00 0.0e+00 0.0e+00  2  3  0  0  0   2  3  0  0  0 104882
------------------------------------------------------------------------------------------------------------------------

Memory usage is given in bytes:

Object Type          Creations   Destructions     Memory  Descendants' Mem.
Reports information only for process 0.

--- Event Stage 0: Main Stage

              Matrix    12             12     77356448     0.
              Vector    54             54     20063240     0.
           Index Set    17             17      1760552     0.
   IS L to G Mapping     1              1       681680     0.
   Star Forest Graph    12             12        13824     0.
       Krylov Solver     5              5        54456     0.
      Preconditioner     5              5         5544     0.
    Distributed Mesh     3              3        15144     0.
     Discrete System     3              3         2712     0.
           Weak Form     3              3         2472     0.
              Viewer     2              1          848     0.
========================================================================================================================
Average time to get PetscTime(): 6.94e-08
Average time for MPI_Barrier(): 0.000113177
Average time for zero size MPI_Send(): 1.51069e-06
#PETSc Option Table entries:
-ksp_converged_reason
-ksp_pc_side right
-ksp_rtol 1e-8
-ksp_type gmres
-log_view
-m 1500
-mg_coarse_ksp_type preonly
-mg_coarse_pc_type lu
-mg_levels_pc_type asm
-mg_levels_sub_pc_type lu
-n 1500
-nw
-pc_mg_type multiplicative
-pc_type mg
#End of PETSc Option Table entries
Compiled without FORTRAN kernels
Compiled with full precision matrices (default)
sizeof(short) 2 sizeof(int) 4 sizeof(long) 8 sizeof(void*) 8 sizeof(PetscScalar) 8 sizeof(PetscInt) 4
Configure options: --prefix=/home/a/asarkar/sudhipv/software/FreeFem-sources/install/ff-petsc/r MAKEFLAGS= --with-debugging=0 COPTFLAGS="-O3 -mtune=native" CXXOPTFLAGS="-O3 -mtune=native" FOPTFLAGS="-O3 -mtune=native" --with-cxx-dialect=C++11 --with-ssl=0 --with-x=0 --with-fortran-bindings=0 --with-cudac=0 --with-cc=/cvmfs/soft.computecanada.ca/easybuild/software/2020/avx512/Compiler/intel2020/openmpi/4.0.3/bin/mpicc --with-cxx=/cvmfs/soft.computecanada.ca/easybuild/software/2020/avx512/Compiler/intel2020/openmpi/4.0.3/bin/mpic++ --with-fc=/cvmfs/soft.computecanada.ca/easybuild/software/2020/avx512/Compiler/intel2020/openmpi/4.0.3/bin/mpif90 --with-scalar-type=real --with-blaslapack-include=/cvmfs/soft.computecanada.ca/easybuild/software/2020/Core/imkl/2020.1.217/mkl/include --with-blaslapack-lib="-Wl,-rpath,/cvmfs/soft.computecanada.ca/easybuild/software/2020/Core/imkl/2020.1.217/mkl/lib/intel64 -L/cvmfs/soft.computecanada.ca/easybuild/software/2020/Core/imkl/2020.1.217/mkl/lib/intel64 -lmkl_rt -lmkl_intel_thread -lmkl_core  -liomp5 -lpthread" --download-metis --download-ptscotch --download-hypre --download-parmetis --download-mmg --download-parmmg --download-superlu --download-suitesparse --download-tetgen --download-slepc --download-hpddm --download-scalapack --download-mumps --download-slepc-configure-arguments=--download-arpack=https://github.com/prj-/arpack-ng/archive/b64dccb.tar.gz PETSC_ARCH=fr
-----------------------------------------
Libraries compiled on 2021-05-02 15:39:49 on nia-login03.scinet.local 
Machine characteristics: Linux-3.10.0-957.27.2.el7.x86_64-x86_64-with-centos-7.6.1810-Core
Using PETSc directory: /home/a/asarkar/sudhipv/software/FreeFem-sources/install/ff-petsc/r
Using PETSc arch: 
-----------------------------------------

Using C compiler: /cvmfs/soft.computecanada.ca/easybuild/software/2020/avx512/Compiler/intel2020/openmpi/4.0.3/bin/mpicc  -fPIC -wd1572 -O3 -mtune=native   
Using Fortran compiler: /cvmfs/soft.computecanada.ca/easybuild/software/2020/avx512/Compiler/intel2020/openmpi/4.0.3/bin/mpif90  -fPIC -O3 -mtune=native     
-----------------------------------------

Using include paths: -I/home/a/asarkar/sudhipv/software/FreeFem-sources/install/ff-petsc/r/include -I/cvmfs/soft.computecanada.ca/easybuild/software/2020/Core/imkl/2020.1.217/mkl/include
-----------------------------------------

Using C linker: /cvmfs/soft.computecanada.ca/easybuild/software/2020/avx512/Compiler/intel2020/openmpi/4.0.3/bin/mpicc
Using Fortran linker: /cvmfs/soft.computecanada.ca/easybuild/software/2020/avx512/Compiler/intel2020/openmpi/4.0.3/bin/mpif90
Using libraries: -Wl,-rpath,/home/a/asarkar/sudhipv/software/FreeFem-sources/install/ff-petsc/r/lib -L/home/a/asarkar/sudhipv/software/FreeFem-sources/install/ff-petsc/r/lib -lpetsc -Wl,-rpath,/home/a/asarkar/sudhipv/software/FreeFem-sources/install/ff-petsc/r/lib -L/home/a/asarkar/sudhipv/software/FreeFem-sources/install/ff-petsc/r/lib -Wl,-rpath,/cvmfs/soft.computecanada.ca/easybuild/software/2020/Core/imkl/2020.1.217/mkl/lib/intel64 -L/cvmfs/soft.computecanada.ca/easybuild/software/2020/Core/imkl/2020.1.217/mkl/lib/intel64 -Wl,-rpath,/cvmfs/soft.computecanada.ca/easybuild/software/2020/avx512/Compiler/intel2020/openmpi/4.0.3/lib -L/cvmfs/soft.computecanada.ca/easybuild/software/2020/avx512/Compiler/intel2020/openmpi/4.0.3/lib -Wl,-rpath,/cvmfs/soft.computecanada.ca/easybuild/software/2020/avx512/Core/libfabric/1.10.1/lib -L/cvmfs/soft.computecanada.ca/easybuild/software/2020/avx512/Core/libfabric/1.10.1/lib -Wl,-rpath,/cvmfs/soft.computecanada.ca/easybuild/software/2020/avx512/Core/ucx/1.8.0/lib -L/cvmfs/soft.computecanada.ca/easybuild/software/2020/avx512/Core/ucx/1.8.0/lib -Wl,-rpath,/cvmfs/soft.computecanada.ca/easybuild/software/2020/Core/imkl/2020.1.217/lib/intel64 -L/cvmfs/soft.computecanada.ca/easybuild/software/2020/Core/imkl/2020.1.217/lib/intel64 -Wl,-rpath,/cvmfs/restricted.computecanada.ca/easybuild/software/2020/Core/intel/2020.1.217/compilers_and_libraries_2020.1.217/linux/tbb/lib/intel64/gcc4.8 -L/cvmfs/restricted.computecanada.ca/easybuild/software/2020/Core/intel/2020.1.217/compilers_and_libraries_2020.1.217/linux/tbb/lib/intel64/gcc4.8 -Wl,-rpath,/cvmfs/restricted.computecanada.ca/easybuild/software/2020/Core/intel/2020.1.217/compilers_and_libraries_2020.1.217/linux/compiler/lib/intel64_lin -L/cvmfs/restricted.computecanada.ca/easybuild/software/2020/Core/intel/2020.1.217/compilers_and_libraries_2020.1.217/linux/compiler/lib/intel64_lin -Wl,-rpath,/cvmfs/soft.computecanada.ca/easybuild/software/2020/avx512/Compiler/intel2020/openmpi/4.0.3/lib64 -L/cvmfs/soft.computecanada.ca/easybuild/software/2020/avx512/Compiler/intel2020/openmpi/4.0.3/lib64 -Wl,-rpath,/cvmfs/soft.computecanada.ca/easybuild/software/2020/Core/gcccore/9.3.0/lib/gcc/x86_64-pc-linux-gnu/9.3.0 -L/cvmfs/soft.computecanada.ca/easybuild/software/2020/Core/gcccore/9.3.0/lib/gcc/x86_64-pc-linux-gnu/9.3.0 -Wl,-rpath,/cvmfs/soft.computecanada.ca/easybuild/software/2020/Core/gcccore/9.3.0/lib64 -L/cvmfs/soft.computecanada.ca/easybuild/software/2020/Core/gcccore/9.3.0/lib64 -Wl,-rpath,/cvmfs/soft.computecanada.ca/gentoo/2020/lib64 -L/cvmfs/soft.computecanada.ca/gentoo/2020/lib64 -Wl,-rpath,/cvmfs/soft.computecanada.ca/gentoo/2020/usr/lib64 -L/cvmfs/soft.computecanada.ca/gentoo/2020/usr/lib64 -Wl,-rpath,/cvmfs/soft.computecanada.ca/easybuild/software/2020/Core/gcccore/9.3.0/lib -L/cvmfs/soft.computecanada.ca/easybuild/software/2020/Core/gcccore/9.3.0/lib -Wl,-rpath,/cvmfs/soft.computecanada.ca/gentoo/2020/lib -L/cvmfs/soft.computecanada.ca/gentoo/2020/lib -Wl,-rpath,/cvmfs/soft.computecanada.ca/gentoo/2020/usr/lib -L/cvmfs/soft.computecanada.ca/gentoo/2020/usr/lib -lHYPRE -lcmumps -ldmumps -lsmumps -lzmumps -lmumps_common -lpord -lscalapack -lumfpack -lklu -lcholmod -lbtf -lccolamd -lcolamd -lcamd -lamd -lsuitesparseconfig -lsuperlu -lmkl_rt -lmkl_intel_thread -lmkl_core -liomp5 -lpthread -lparmmg -lmmg -lmmg3d -lptesmumps -lptscotchparmetis -lptscotch -lptscotcherr -lesmumps -lscotch -lscotcherr -lpthread -lparmetis -lmetis -ltet -lstdc++ -ldl -lmpi_usempif08 -lmpi_usempi_ignore_tkr -lmpi_mpifh -lmpi -lifport -lifcoremt_pic -limf -lsvml -lm -lipgo -lirc -lpthread -lgcc_s -lirc_s -lrt -lquadmath -lstdc++ -ldl
-----------------------------------------

#############################################################################################################
#############################################################################################################
########     Finsihed Code with NL 10 Processors             #################################################
#############################################################################################################
#############################################################################################################
Number of Vertices for coarse mesh in process  0  3381921
Linear solve converged due to CONVERGED_RTOL iterations 9
time taken for solve is47.5023
L2 Norm of uerr is1.57545e-08
************************************************************************************************************************
***             WIDEN YOUR WINDOW TO 120 CHARACTERS.  Use 'enscript -r -fCourier9' to print this document            ***
************************************************************************************************************************

---------------------------------------------- PETSc Performance Summary: ----------------------------------------------

/home/a/asarkar/sudhipv/software/FreeFem-sources/src/mpi/FreeFem++-mpi on a  named nia0659.scinet.local with 240 processors, by sudhipv Sat Oct  2 05:58:41 2021
Using Petsc Release Version 3.15.0, Mar 30, 2021 

                         Max       Max/Min     Avg       Total
Time (sec):           4.763e+01     1.000   4.762e+01
Objects:              1.170e+02     1.000   1.170e+02
Flop:                 3.267e+10     3.688   2.128e+10  5.108e+12
Flop/sec:             6.859e+08     3.688   4.469e+08  1.073e+11
MPI Messages:         1.360e+03     3.672   8.990e+02  2.158e+05
MPI Message Lengths:  3.961e+06     2.307   3.299e+03  7.117e+08
MPI Reductions:       1.080e+02     1.000

Flop counting convention: 1 flop = 1 real number operation of type (multiply/divide/add/subtract)
                            e.g., VecAXPY() for real vectors of length N --> 2N flop
                            and VecAXPY() for complex vectors of length N --> 8N flop

Summary of Stages:   ----- Time ------  ----- Flop ------  --- Messages ---  -- Message Lengths --  -- Reductions --
                        Avg     %Total     Avg     %Total    Count   %Total     Avg         %Total    Count   %Total
 0:      Main Stage: 4.7624e+01 100.0%  5.1083e+12 100.0%  2.158e+05 100.0%  3.299e+03      100.0%  9.000e+01  83.3%

------------------------------------------------------------------------------------------------------------------------
See the 'Profiling' chapter of the users' manual for details on interpreting output.
Phase summary info:
   Count: number of times phase was executed
   Time and Flop: Max - maximum over all processors
                  Ratio - ratio of maximum to minimum over all processors
   Mess: number of messages sent
   AvgLen: average message length (bytes)
   Reduct: number of global reductions
   Global: entire computation
   Stage: stages of a computation. Set stages with PetscLogStagePush() and PetscLogStagePop().
      %T - percent time in this phase         %F - percent flop in this phase
      %M - percent messages in this phase     %L - percent message lengths in this phase
      %R - percent reductions in this phase
   Total Mflop/s: 10e-6 * (sum of flop over all processors)/(max time over all processors)
------------------------------------------------------------------------------------------------------------------------
Event                Count      Time (sec)     Flop                              --- Global ---  --- Stage ----  Total
                   Max Ratio  Max     Ratio   Max  Ratio  Mess   AvgLen  Reduct  %T %F %M %L %R  %T %F %M %L %R Mflop/s
------------------------------------------------------------------------------------------------------------------------

--- Event Stage 0: Main Stage

BuildTwoSided          7 1.0 2.0942e-0119.8 0.00e+00 0.0 4.4e+03 4.0e+00 5.0e+00  0  0  2  0  5   0  0  2  0  6     0
BuildTwoSidedF         2 1.0 3.3934e-03 3.4 0.00e+00 0.0 0.0e+00 0.0e+00 2.0e+00  0  0  0  0  2   0  0  0  0  2     0
MatMult               69 1.0 1.2707e-01 1.6 4.37e+07 1.0 9.3e+04 1.6e+03 1.0e+00  0  0 43 21  1   0  0 43 21  1 81583
MatMultAdd            10 1.0 2.2013e-02 1.6 1.14e+06 1.0 1.3e+04 2.2e+03 0.0e+00  0  0  6  4  0   0  0  6  4  0 12284
MatMultTranspose      10 1.0 2.9066e-02 2.2 0.00e+00 0.0 1.3e+04 7.5e+03 0.0e+00  0  0  6 14  0   0  0  6 14  0     0
MatSolve              61 1.0 3.8190e+00 1.0 3.20e+10 3.9 2.7e+04 1.2e+04 5.0e+00  8 97 12 44  5   8 97 12 44  6 1296899
MatLUFactorSym         2 1.0 2.9205e+01 1.0 0.00e+00 0.0 0.0e+00 0.0e+00 0.0e+00 61  0  0  0  0  61  0  0  0  0     0
MatLUFactorNum         2 1.0 1.7051e+00 1.1 7.14e+08 1.6 0.0e+00 0.0e+00 0.0e+00  3  3  0  0  0   3  3  0  0  0 79508
MatResidual           10 1.0 2.4631e-02 2.8 7.98e+06 1.0 1.3e+04 1.5e+03 0.0e+00  0  0  6  3  0   0  0  6  3  0 76823
MatAssemblyBegin       5 1.0 3.7539e-03 1.2 0.00e+00 0.0 0.0e+00 0.0e+00 2.0e+00  0  0  0  0  2   0  0  0  0  2     0
MatAssemblyEnd         5 1.0 1.4972e-01 9.3 0.00e+00 0.0 0.0e+00 0.0e+00 8.0e+00  0  0  0  0  7   0  0  0  0  9     0
MatGetRowIJ            1 1.0 4.5917e-03 2.2 0.00e+00 0.0 0.0e+00 0.0e+00 0.0e+00  0  0  0  0  0   0  0  0  0  0     0
MatCreateSubMats       1 1.0 3.2031e-02 1.5 0.00e+00 0.0 6.6e+03 3.5e+03 1.0e+00  0  0  3  3  1   0  0  3  3  1     0
MatGetOrdering         1 1.0 4.3403e-02 1.8 0.00e+00 0.0 0.0e+00 0.0e+00 0.0e+00  0  0  0  0  0   0  0  0  0  0     0
MatIncreaseOvrlp       1 1.0 1.1671e-02 1.5 0.00e+00 0.0 0.0e+00 0.0e+00 1.0e+00  0  0  0  0  1   0  0  0  0  1     0
VecMDot               19 1.0 9.1936e-02 3.1 1.14e+07 1.0 0.0e+00 0.0e+00 1.9e+01  0  0  0  0 18   0  0  0  0 21 29412
VecNorm               21 1.0 6.8481e-02 1.1 2.39e+06 1.0 0.0e+00 0.0e+00 2.1e+01  0  0  0  0 19   0  0  0  0 23  8292
VecScale              41 1.0 9.6842e-04 3.2 1.20e+06 1.0 0.0e+00 0.0e+00 0.0e+00  0  0  0  0  0   0  0  0  0  0 293186
VecCopy               34 1.0 3.6720e-03 1.5 0.00e+00 0.0 0.0e+00 0.0e+00 0.0e+00  0  0  0  0  0   0  0  0  0  0     0
VecSet               193 1.0 1.8724e-02 1.2 0.00e+00 0.0 0.0e+00 0.0e+00 0.0e+00  0  0  0  0  0   0  0  0  0  0     0
VecAXPY               12 1.0 2.9805e-03 2.3 1.37e+06 1.0 0.0e+00 0.0e+00 0.0e+00  0  0  0  0  0   0  0  0  0  0 108871
VecAYPX               60 1.0 8.9239e-03 1.4 4.56e+06 1.0 0.0e+00 0.0e+00 0.0e+00  0  0  0  0  0   0  0  0  0  0 121205
VecAXPBYCZ            20 1.0 4.7797e-03 1.5 5.70e+06 1.0 0.0e+00 0.0e+00 0.0e+00  0  0  0  0  0   0  0  0  0  0 282873
VecMAXPY              21 1.0 1.3934e-02 1.3 1.36e+07 1.0 0.0e+00 0.0e+00 0.0e+00  0  0  0  0  0   0  0  0  0  0 230929
VecScatterBegin      273 1.0 2.4913e-01 5.7 0.00e+00 0.0 1.7e+05 2.9e+03 3.0e+00  0  0 79 71  3   0  0 79 71  3     0
VecScatterEnd        273 1.0 6.6147e-02 8.6 0.00e+00 0.0 0.0e+00 0.0e+00 0.0e+00  0  0  0  0  0   0  0  0  0  0     0
VecNormalize          21 1.0 6.9095e-02 1.1 3.59e+06 1.0 0.0e+00 0.0e+00 2.1e+01  0  0  0  0 19   0  0  0  0 23 12328
SFSetGraph             6 1.0 1.6822e-04 1.9 0.00e+00 0.0 0.0e+00 0.0e+00 0.0e+00  0  0  0  0  0   0  0  0  0  0     0
SFSetUp                5 1.0 2.1463e-0116.3 0.00e+00 0.0 8.8e+03 1.8e+03 3.0e+00  0  0  4  2  3   0  0  4  2  3     0
SFReduceBegin         51 1.0 6.2577e-03 1.3 0.00e+00 0.0 0.0e+00 0.0e+00 0.0e+00  0  0  0  0  0   0  0  0  0  0     0
SFReduceEnd           51 1.0 5.2746e-05 2.2 0.00e+00 0.0 0.0e+00 0.0e+00 0.0e+00  0  0  0  0  0   0  0  0  0  0     0
SFPack               273 1.0 1.7801e-03 2.3 0.00e+00 0.0 0.0e+00 0.0e+00 0.0e+00  0  0  0  0  0   0  0  0  0  0     0
SFUnpack             273 1.0 7.4592e-04 4.2 0.00e+00 0.0 0.0e+00 0.0e+00 0.0e+00  0  0  0  0  0   0  0  0  0  0     0
KSPSetUp               3 1.0 9.7956e-01 1.1 8.38e+08 1.5 3.9e+04 1.7e+03 3.2e+01  2  3 18  9 30   2  3 18  9 36 166821
KSPSolve               1 1.0 3.8445e+00 1.0 3.20e+10 3.9 1.7e+05 3.6e+03 2.6e+01  8 97 79 87 24   8 97 79 87 29 1285982
KSPGMRESOrthog        19 1.0 1.0155e-01 2.4 2.28e+07 1.0 0.0e+00 0.0e+00 1.9e+01  0  0  0  0 18   0  0  0  0 21 53255
PCSetUp                1 1.0 3.1385e+01 1.0 8.41e+08 1.5 3.9e+04 1.7e+03 3.8e+01 66  3 18  9 35  66  3 18  9 42  5236
PCSetUpOnBlocks       21 1.0 5.8426e-01 1.6 7.11e+08 1.6 0.0e+00 0.0e+00 0.0e+00  1  3  0  0  0   1  3  0  0  0 230463
PCApply               10 1.0 3.8172e+00 1.0 3.20e+10 3.9 1.6e+05 3.8e+03 5.0e+00  8 97 73 84  5   8 97 73 84  6 1293950
PCApplyOnBlocks       51 1.0 6.6405e-01 1.2 4.83e+08 1.1 0.0e+00 0.0e+00 0.0e+00  1  2  0  0  0   1  2  0  0  0 162580
------------------------------------------------------------------------------------------------------------------------

Memory usage is given in bytes:

Object Type          Creations   Destructions     Memory  Descendants' Mem.
Reports information only for process 0.

--- Event Stage 0: Main Stage

              Matrix    12             12     77910612     0.
              Vector    54             54     20081128     0.
           Index Set    17             17      1784012     0.
   IS L to G Mapping     1              1       681992     0.
   Star Forest Graph    12             12        13824     0.
       Krylov Solver     5              5        54456     0.
      Preconditioner     5              5         5544     0.
    Distributed Mesh     3              3        15144     0.
     Discrete System     3              3         2712     0.
           Weak Form     3              3         2472     0.
              Viewer     2              1          848     0.
========================================================================================================================
Average time to get PetscTime(): 4.53e-08
Average time for MPI_Barrier(): 0.00011282
Average time for zero size MPI_Send(): 1.27595e-06
#PETSc Option Table entries:
-ksp_converged_reason
-ksp_pc_side right
-ksp_rtol 1e-8
-ksp_type gmres
-log_view
-m 1838
-mg_coarse_ksp_type preonly
-mg_coarse_pc_type lu
-mg_levels_pc_type asm
-mg_levels_sub_pc_type lu
-n 1838
-nw
-pc_mg_type multiplicative
-pc_type mg
#End of PETSc Option Table entries
Compiled without FORTRAN kernels
Compiled with full precision matrices (default)
sizeof(short) 2 sizeof(int) 4 sizeof(long) 8 sizeof(void*) 8 sizeof(PetscScalar) 8 sizeof(PetscInt) 4
Configure options: --prefix=/home/a/asarkar/sudhipv/software/FreeFem-sources/install/ff-petsc/r MAKEFLAGS= --with-debugging=0 COPTFLAGS="-O3 -mtune=native" CXXOPTFLAGS="-O3 -mtune=native" FOPTFLAGS="-O3 -mtune=native" --with-cxx-dialect=C++11 --with-ssl=0 --with-x=0 --with-fortran-bindings=0 --with-cudac=0 --with-cc=/cvmfs/soft.computecanada.ca/easybuild/software/2020/avx512/Compiler/intel2020/openmpi/4.0.3/bin/mpicc --with-cxx=/cvmfs/soft.computecanada.ca/easybuild/software/2020/avx512/Compiler/intel2020/openmpi/4.0.3/bin/mpic++ --with-fc=/cvmfs/soft.computecanada.ca/easybuild/software/2020/avx512/Compiler/intel2020/openmpi/4.0.3/bin/mpif90 --with-scalar-type=real --with-blaslapack-include=/cvmfs/soft.computecanada.ca/easybuild/software/2020/Core/imkl/2020.1.217/mkl/include --with-blaslapack-lib="-Wl,-rpath,/cvmfs/soft.computecanada.ca/easybuild/software/2020/Core/imkl/2020.1.217/mkl/lib/intel64 -L/cvmfs/soft.computecanada.ca/easybuild/software/2020/Core/imkl/2020.1.217/mkl/lib/intel64 -lmkl_rt -lmkl_intel_thread -lmkl_core  -liomp5 -lpthread" --download-metis --download-ptscotch --download-hypre --download-parmetis --download-mmg --download-parmmg --download-superlu --download-suitesparse --download-tetgen --download-slepc --download-hpddm --download-scalapack --download-mumps --download-slepc-configure-arguments=--download-arpack=https://github.com/prj-/arpack-ng/archive/b64dccb.tar.gz PETSC_ARCH=fr
-----------------------------------------
Libraries compiled on 2021-05-02 15:39:49 on nia-login03.scinet.local 
Machine characteristics: Linux-3.10.0-957.27.2.el7.x86_64-x86_64-with-centos-7.6.1810-Core
Using PETSc directory: /home/a/asarkar/sudhipv/software/FreeFem-sources/install/ff-petsc/r
Using PETSc arch: 
-----------------------------------------

Using C compiler: /cvmfs/soft.computecanada.ca/easybuild/software/2020/avx512/Compiler/intel2020/openmpi/4.0.3/bin/mpicc  -fPIC -wd1572 -O3 -mtune=native   
Using Fortran compiler: /cvmfs/soft.computecanada.ca/easybuild/software/2020/avx512/Compiler/intel2020/openmpi/4.0.3/bin/mpif90  -fPIC -O3 -mtune=native     
-----------------------------------------

Using include paths: -I/home/a/asarkar/sudhipv/software/FreeFem-sources/install/ff-petsc/r/include -I/cvmfs/soft.computecanada.ca/easybuild/software/2020/Core/imkl/2020.1.217/mkl/include
-----------------------------------------

Using C linker: /cvmfs/soft.computecanada.ca/easybuild/software/2020/avx512/Compiler/intel2020/openmpi/4.0.3/bin/mpicc
Using Fortran linker: /cvmfs/soft.computecanada.ca/easybuild/software/2020/avx512/Compiler/intel2020/openmpi/4.0.3/bin/mpif90
Using libraries: -Wl,-rpath,/home/a/asarkar/sudhipv/software/FreeFem-sources/install/ff-petsc/r/lib -L/home/a/asarkar/sudhipv/software/FreeFem-sources/install/ff-petsc/r/lib -lpetsc -Wl,-rpath,/home/a/asarkar/sudhipv/software/FreeFem-sources/install/ff-petsc/r/lib -L/home/a/asarkar/sudhipv/software/FreeFem-sources/install/ff-petsc/r/lib -Wl,-rpath,/cvmfs/soft.computecanada.ca/easybuild/software/2020/Core/imkl/2020.1.217/mkl/lib/intel64 -L/cvmfs/soft.computecanada.ca/easybuild/software/2020/Core/imkl/2020.1.217/mkl/lib/intel64 -Wl,-rpath,/cvmfs/soft.computecanada.ca/easybuild/software/2020/avx512/Compiler/intel2020/openmpi/4.0.3/lib -L/cvmfs/soft.computecanada.ca/easybuild/software/2020/avx512/Compiler/intel2020/openmpi/4.0.3/lib -Wl,-rpath,/cvmfs/soft.computecanada.ca/easybuild/software/2020/avx512/Core/libfabric/1.10.1/lib -L/cvmfs/soft.computecanada.ca/easybuild/software/2020/avx512/Core/libfabric/1.10.1/lib -Wl,-rpath,/cvmfs/soft.computecanada.ca/easybuild/software/2020/avx512/Core/ucx/1.8.0/lib -L/cvmfs/soft.computecanada.ca/easybuild/software/2020/avx512/Core/ucx/1.8.0/lib -Wl,-rpath,/cvmfs/soft.computecanada.ca/easybuild/software/2020/Core/imkl/2020.1.217/lib/intel64 -L/cvmfs/soft.computecanada.ca/easybuild/software/2020/Core/imkl/2020.1.217/lib/intel64 -Wl,-rpath,/cvmfs/restricted.computecanada.ca/easybuild/software/2020/Core/intel/2020.1.217/compilers_and_libraries_2020.1.217/linux/tbb/lib/intel64/gcc4.8 -L/cvmfs/restricted.computecanada.ca/easybuild/software/2020/Core/intel/2020.1.217/compilers_and_libraries_2020.1.217/linux/tbb/lib/intel64/gcc4.8 -Wl,-rpath,/cvmfs/restricted.computecanada.ca/easybuild/software/2020/Core/intel/2020.1.217/compilers_and_libraries_2020.1.217/linux/compiler/lib/intel64_lin -L/cvmfs/restricted.computecanada.ca/easybuild/software/2020/Core/intel/2020.1.217/compilers_and_libraries_2020.1.217/linux/compiler/lib/intel64_lin -Wl,-rpath,/cvmfs/soft.computecanada.ca/easybuild/software/2020/avx512/Compiler/intel2020/openmpi/4.0.3/lib64 -L/cvmfs/soft.computecanada.ca/easybuild/software/2020/avx512/Compiler/intel2020/openmpi/4.0.3/lib64 -Wl,-rpath,/cvmfs/soft.computecanada.ca/easybuild/software/2020/Core/gcccore/9.3.0/lib/gcc/x86_64-pc-linux-gnu/9.3.0 -L/cvmfs/soft.computecanada.ca/easybuild/software/2020/Core/gcccore/9.3.0/lib/gcc/x86_64-pc-linux-gnu/9.3.0 -Wl,-rpath,/cvmfs/soft.computecanada.ca/easybuild/software/2020/Core/gcccore/9.3.0/lib64 -L/cvmfs/soft.computecanada.ca/easybuild/software/2020/Core/gcccore/9.3.0/lib64 -Wl,-rpath,/cvmfs/soft.computecanada.ca/gentoo/2020/lib64 -L/cvmfs/soft.computecanada.ca/gentoo/2020/lib64 -Wl,-rpath,/cvmfs/soft.computecanada.ca/gentoo/2020/usr/lib64 -L/cvmfs/soft.computecanada.ca/gentoo/2020/usr/lib64 -Wl,-rpath,/cvmfs/soft.computecanada.ca/easybuild/software/2020/Core/gcccore/9.3.0/lib -L/cvmfs/soft.computecanada.ca/easybuild/software/2020/Core/gcccore/9.3.0/lib -Wl,-rpath,/cvmfs/soft.computecanada.ca/gentoo/2020/lib -L/cvmfs/soft.computecanada.ca/gentoo/2020/lib -Wl,-rpath,/cvmfs/soft.computecanada.ca/gentoo/2020/usr/lib -L/cvmfs/soft.computecanada.ca/gentoo/2020/usr/lib -lHYPRE -lcmumps -ldmumps -lsmumps -lzmumps -lmumps_common -lpord -lscalapack -lumfpack -lklu -lcholmod -lbtf -lccolamd -lcolamd -lcamd -lamd -lsuitesparseconfig -lsuperlu -lmkl_rt -lmkl_intel_thread -lmkl_core -liomp5 -lpthread -lparmmg -lmmg -lmmg3d -lptesmumps -lptscotchparmetis -lptscotch -lptscotcherr -lesmumps -lscotch -lscotcherr -lpthread -lparmetis -lmetis -ltet -lstdc++ -ldl -lmpi_usempif08 -lmpi_usempi_ignore_tkr -lmpi_mpifh -lmpi -lifport -lifcoremt_pic -limf -lsvml -lm -lipgo -lirc -lpthread -lgcc_s -lirc_s -lrt -lquadmath -lstdc++ -ldl
-----------------------------------------

#############################################################################################################
#############################################################################################################
########     Finsihed Code with NL 10 Processors             #################################################
#############################################################################################################
#############################################################################################################
Number of Vertices for coarse mesh in process  0  5635876
Linear solve converged due to CONVERGED_RTOL iterations 9
time taken for solve is78.5204
L2 Norm of uerr is1.4409e-08
************************************************************************************************************************
***             WIDEN YOUR WINDOW TO 120 CHARACTERS.  Use 'enscript -r -fCourier9' to print this document            ***
************************************************************************************************************************

---------------------------------------------- PETSc Performance Summary: ----------------------------------------------

/home/a/asarkar/sudhipv/software/FreeFem-sources/src/mpi/FreeFem++-mpi on a  named nia0659.scinet.local with 400 processors, by sudhipv Sat Oct  2 06:00:03 2021
Using Petsc Release Version 3.15.0, Mar 30, 2021 

                         Max       Max/Min     Avg       Total
Time (sec):           7.861e+01     1.000   7.861e+01
Objects:              1.170e+02     1.000   1.170e+02
Flop:                 3.872e+10     2.200   2.719e+10  1.087e+13
Flop/sec:             4.926e+08     2.200   3.458e+08  1.383e+11
MPI Messages:         1.310e+03     3.763   9.179e+02  3.672e+05
MPI Message Lengths:  3.851e+06     1.771   3.269e+03  1.200e+09
MPI Reductions:       1.080e+02     1.000

Flop counting convention: 1 flop = 1 real number operation of type (multiply/divide/add/subtract)
                            e.g., VecAXPY() for real vectors of length N --> 2N flop
                            and VecAXPY() for complex vectors of length N --> 8N flop

Summary of Stages:   ----- Time ------  ----- Flop ------  --- Messages ---  -- Message Lengths --  -- Reductions --
                        Avg     %Total     Avg     %Total    Count   %Total     Avg         %Total    Count   %Total
 0:      Main Stage: 7.8611e+01 100.0%  1.0875e+13 100.0%  3.672e+05 100.0%  3.269e+03      100.0%  9.000e+01  83.3%

------------------------------------------------------------------------------------------------------------------------
See the 'Profiling' chapter of the users' manual for details on interpreting output.
Phase summary info:
   Count: number of times phase was executed
   Time and Flop: Max - maximum over all processors
                  Ratio - ratio of maximum to minimum over all processors
   Mess: number of messages sent
   AvgLen: average message length (bytes)
   Reduct: number of global reductions
   Global: entire computation
   Stage: stages of a computation. Set stages with PetscLogStagePush() and PetscLogStagePop().
      %T - percent time in this phase         %F - percent flop in this phase
      %M - percent messages in this phase     %L - percent message lengths in this phase
      %R - percent reductions in this phase
   Total Mflop/s: 10e-6 * (sum of flop over all processors)/(max time over all processors)
------------------------------------------------------------------------------------------------------------------------
Event                Count      Time (sec)     Flop                              --- Global ---  --- Stage ----  Total
                   Max Ratio  Max     Ratio   Max  Ratio  Mess   AvgLen  Reduct  %T %F %M %L %R  %T %F %M %L %R Mflop/s
------------------------------------------------------------------------------------------------------------------------

--- Event Stage 0: Main Stage

BuildTwoSided          7 1.0 1.7333e-0120.0 0.00e+00 0.0 7.5e+03 4.0e+00 5.0e+00  0  0  2  0  5   0  0  2  0  6     0
BuildTwoSidedF         2 1.0 3.6363e-03 4.1 0.00e+00 0.0 0.0e+00 0.0e+00 2.0e+00  0  0  0  0  2   0  0  0  0  2     0
MatMult               69 1.0 1.3378e-01 1.5 4.37e+07 1.0 1.6e+05 1.6e+03 1.0e+00  0  0 43 21  1   0  0 43 21  1 129157
MatMultAdd            10 1.0 2.1258e-02 1.5 1.14e+06 1.0 2.2e+04 2.2e+03 0.0e+00  0  0  6  4  0   0  0  6  4  0 21201
MatMultTranspose      10 1.0 3.0205e-02 2.3 0.00e+00 0.0 2.2e+04 7.6e+03 0.0e+00  0  0  6 14  0   0  0  6 14  0     0
MatSolve              61 1.0 5.0147e+00 1.0 3.81e+10 2.3 4.5e+04 1.1e+04 5.0e+00  6 98 12 43  5   6 98 12 43  6 2117209
MatLUFactorSym         2 1.0 5.0544e+01 1.0 0.00e+00 0.0 0.0e+00 0.0e+00 0.0e+00 64  0  0  0  0  64  0  0  0  0     0
MatLUFactorNum         2 1.0 2.5075e+00 1.1 6.86e+08 1.5 0.0e+00 0.0e+00 0.0e+00  3  2  0  0  0   3  2  0  0  0 89509
MatResidual           10 1.0 2.4868e-02 2.7 7.98e+06 1.0 2.2e+04 1.5e+03 0.0e+00  0  0  6  3  0   0  0  6  3  0 126828
MatAssemblyBegin       5 1.0 4.3533e-03 1.4 0.00e+00 0.0 0.0e+00 0.0e+00 2.0e+00  0  0  0  0  2   0  0  0  0  2     0
MatAssemblyEnd         5 1.0 1.9978e-01 2.4 0.00e+00 0.0 0.0e+00 0.0e+00 8.0e+00  0  0  0  0  7   0  0  0  0  9     0
MatGetRowIJ            1 1.0 5.4658e-03 2.8 0.00e+00 0.0 0.0e+00 0.0e+00 0.0e+00  0  0  0  0  0   0  0  0  0  0     0
MatCreateSubMats       1 1.0 3.2809e-02 1.4 0.00e+00 0.0 1.1e+04 3.5e+03 1.0e+00  0  0  3  3  1   0  0  3  3  1     0
MatGetOrdering         1 1.0 4.3708e-02 1.8 0.00e+00 0.0 0.0e+00 0.0e+00 0.0e+00  0  0  0  0  0   0  0  0  0  0     0
MatIncreaseOvrlp       1 1.0 1.3135e-02 1.5 0.00e+00 0.0 0.0e+00 0.0e+00 1.0e+00  0  0  0  0  1   0  0  0  0  1     0
VecMDot               19 1.0 1.0723e-01 2.6 1.14e+07 1.0 0.0e+00 0.0e+00 1.9e+01  0  0  0  0 18   0  0  0  0 21 42030
VecNorm               21 1.0 9.3378e-02 1.1 2.40e+06 1.0 0.0e+00 0.0e+00 2.1e+01  0  0  0  0 19   0  0  0  0 23 10135
VecScale              41 1.0 9.4422e-04 3.1 1.20e+06 1.0 0.0e+00 0.0e+00 0.0e+00  0  0  0  0  0   0  0  0  0  0 501168
VecCopy               34 1.0 3.6095e-03 1.6 0.00e+00 0.0 0.0e+00 0.0e+00 0.0e+00  0  0  0  0  0   0  0  0  0  0     0
VecSet               193 1.0 1.8854e-02 1.2 0.00e+00 0.0 0.0e+00 0.0e+00 0.0e+00  0  0  0  0  0   0  0  0  0  0     0
VecAXPY               12 1.0 3.6688e-03 3.0 1.37e+06 1.0 0.0e+00 0.0e+00 0.0e+00  0  0  0  0  0   0  0  0  0  0 147411
VecAYPX               60 1.0 9.1686e-03 1.4 4.56e+06 1.0 0.0e+00 0.0e+00 0.0e+00  0  0  0  0  0   0  0  0  0  0 196618
VecAXPBYCZ            20 1.0 4.9906e-03 1.5 5.70e+06 1.0 0.0e+00 0.0e+00 0.0e+00  0  0  0  0  0   0  0  0  0  0 451525
VecMAXPY              21 1.0 1.4089e-02 1.3 1.36e+07 1.0 0.0e+00 0.0e+00 0.0e+00  0  0  0  0  0   0  0  0  0  0 380657
VecScatterBegin      273 1.0 2.0986e-01 4.5 0.00e+00 0.0 2.9e+05 2.9e+03 3.0e+00  0  0 79 71  3   0  0 79 71  3     0
VecScatterEnd        273 1.0 7.4685e-0210.3 0.00e+00 0.0 0.0e+00 0.0e+00 0.0e+00  0  0  0  0  0   0  0  0  0  0     0
VecNormalize          21 1.0 9.3871e-02 1.1 3.59e+06 1.0 0.0e+00 0.0e+00 2.1e+01  0  0  0  0 19   0  0  0  0 23 15123
SFSetGraph             6 1.0 1.8722e-04 2.0 0.00e+00 0.0 0.0e+00 0.0e+00 0.0e+00  0  0  0  0  0   0  0  0  0  0     0
SFSetUp                5 1.0 1.7585e-0112.7 0.00e+00 0.0 1.5e+04 1.7e+03 3.0e+00  0  0  4  2  3   0  0  4  2  3     0
SFReduceBegin         51 1.0 6.2315e-03 1.3 0.00e+00 0.0 0.0e+00 0.0e+00 0.0e+00  0  0  0  0  0   0  0  0  0  0     0
SFReduceEnd           51 1.0 5.4393e-05 2.0 0.00e+00 0.0 0.0e+00 0.0e+00 0.0e+00  0  0  0  0  0   0  0  0  0  0     0
SFPack               273 1.0 1.9865e-03 2.7 0.00e+00 0.0 0.0e+00 0.0e+00 0.0e+00  0  0  0  0  0   0  0  0  0  0     0
SFUnpack             273 1.0 7.9347e-04 2.7 0.00e+00 0.0 0.0e+00 0.0e+00 0.0e+00  0  0  0  0  0   0  0  0  0  0     0
KSPSetUp               3 1.0 9.8836e-01 1.0 8.03e+08 1.4 6.7e+04 1.7e+03 3.2e+01  1  2 18  9 30   1  2 18  9 36 273668
KSPSolve               1 1.0 5.0518e+00 1.0 3.81e+10 2.3 2.9e+05 3.6e+03 2.6e+01  6 97 79 86 24   6 97 79 86 29 2098754
KSPGMRESOrthog        19 1.0 1.1694e-01 2.2 2.28e+07 1.0 0.0e+00 0.0e+00 1.9e+01  0  0  0  0 18   0  0  0  0 21 77078
PCSetUp                1 1.0 5.3506e+01 1.0 8.09e+08 1.4 6.7e+04 1.7e+03 3.8e+01 68  3 18  9 35  68  3 18  9 42  5090
PCSetUpOnBlocks       21 1.0 5.7425e-01 1.4 6.80e+08 1.5 0.0e+00 0.0e+00 0.0e+00  1  2  0  0  0   1  2  0  0  0 387643
PCApply               10 1.0 5.0104e+00 1.0 3.80e+10 2.3 2.7e+05 3.7e+03 5.0e+00  6 97 73 84  5   6 97 73 84  6 2114531
PCApplyOnBlocks       51 1.0 6.5552e-01 1.2 4.73e+08 1.1 0.0e+00 0.0e+00 0.0e+00  1  2  0  0  0   1  2  0  0  0 274075
------------------------------------------------------------------------------------------------------------------------

Memory usage is given in bytes:

Object Type          Creations   Destructions     Memory  Descendants' Mem.
Reports information only for process 0.

--- Event Stage 0: Main Stage

              Matrix    12             12     76546336     0.
              Vector    54             54     20097592     0.
           Index Set    17             17      1731692     0.
   IS L to G Mapping     1              1       682160     0.
   Star Forest Graph    12             12        13824     0.
       Krylov Solver     5              5        54456     0.
      Preconditioner     5              5         5544     0.
    Distributed Mesh     3              3        15144     0.
     Discrete System     3              3         2712     0.
           Weak Form     3              3         2472     0.
              Viewer     2              1          848     0.
========================================================================================================================
Average time to get PetscTime(): 4.4e-08
Average time for MPI_Barrier(): 0.000103964
Average time for zero size MPI_Send(): 1.3367e-06
#PETSc Option Table entries:
-ksp_converged_reason
-ksp_pc_side right
-ksp_rtol 1e-8
-ksp_type gmres
-log_view
-m 2373
-mg_coarse_ksp_type preonly
-mg_coarse_pc_type lu
-mg_levels_pc_type asm
-mg_levels_sub_pc_type lu
-n 2373
-nw
-pc_mg_type multiplicative
-pc_type mg
#End of PETSc Option Table entries
Compiled without FORTRAN kernels
Compiled with full precision matrices (default)
sizeof(short) 2 sizeof(int) 4 sizeof(long) 8 sizeof(void*) 8 sizeof(PetscScalar) 8 sizeof(PetscInt) 4
Configure options: --prefix=/home/a/asarkar/sudhipv/software/FreeFem-sources/install/ff-petsc/r MAKEFLAGS= --with-debugging=0 COPTFLAGS="-O3 -mtune=native" CXXOPTFLAGS="-O3 -mtune=native" FOPTFLAGS="-O3 -mtune=native" --with-cxx-dialect=C++11 --with-ssl=0 --with-x=0 --with-fortran-bindings=0 --with-cudac=0 --with-cc=/cvmfs/soft.computecanada.ca/easybuild/software/2020/avx512/Compiler/intel2020/openmpi/4.0.3/bin/mpicc --with-cxx=/cvmfs/soft.computecanada.ca/easybuild/software/2020/avx512/Compiler/intel2020/openmpi/4.0.3/bin/mpic++ --with-fc=/cvmfs/soft.computecanada.ca/easybuild/software/2020/avx512/Compiler/intel2020/openmpi/4.0.3/bin/mpif90 --with-scalar-type=real --with-blaslapack-include=/cvmfs/soft.computecanada.ca/easybuild/software/2020/Core/imkl/2020.1.217/mkl/include --with-blaslapack-lib="-Wl,-rpath,/cvmfs/soft.computecanada.ca/easybuild/software/2020/Core/imkl/2020.1.217/mkl/lib/intel64 -L/cvmfs/soft.computecanada.ca/easybuild/software/2020/Core/imkl/2020.1.217/mkl/lib/intel64 -lmkl_rt -lmkl_intel_thread -lmkl_core  -liomp5 -lpthread" --download-metis --download-ptscotch --download-hypre --download-parmetis --download-mmg --download-parmmg --download-superlu --download-suitesparse --download-tetgen --download-slepc --download-hpddm --download-scalapack --download-mumps --download-slepc-configure-arguments=--download-arpack=https://github.com/prj-/arpack-ng/archive/b64dccb.tar.gz PETSC_ARCH=fr
-----------------------------------------
Libraries compiled on 2021-05-02 15:39:49 on nia-login03.scinet.local 
Machine characteristics: Linux-3.10.0-957.27.2.el7.x86_64-x86_64-with-centos-7.6.1810-Core
Using PETSc directory: /home/a/asarkar/sudhipv/software/FreeFem-sources/install/ff-petsc/r
Using PETSc arch: 
-----------------------------------------

Using C compiler: /cvmfs/soft.computecanada.ca/easybuild/software/2020/avx512/Compiler/intel2020/openmpi/4.0.3/bin/mpicc  -fPIC -wd1572 -O3 -mtune=native   
Using Fortran compiler: /cvmfs/soft.computecanada.ca/easybuild/software/2020/avx512/Compiler/intel2020/openmpi/4.0.3/bin/mpif90  -fPIC -O3 -mtune=native     
-----------------------------------------

Using include paths: -I/home/a/asarkar/sudhipv/software/FreeFem-sources/install/ff-petsc/r/include -I/cvmfs/soft.computecanada.ca/easybuild/software/2020/Core/imkl/2020.1.217/mkl/include
-----------------------------------------

Using C linker: /cvmfs/soft.computecanada.ca/easybuild/software/2020/avx512/Compiler/intel2020/openmpi/4.0.3/bin/mpicc
Using Fortran linker: /cvmfs/soft.computecanada.ca/easybuild/software/2020/avx512/Compiler/intel2020/openmpi/4.0.3/bin/mpif90
Using libraries: -Wl,-rpath,/home/a/asarkar/sudhipv/software/FreeFem-sources/install/ff-petsc/r/lib -L/home/a/asarkar/sudhipv/software/FreeFem-sources/install/ff-petsc/r/lib -lpetsc -Wl,-rpath,/home/a/asarkar/sudhipv/software/FreeFem-sources/install/ff-petsc/r/lib -L/home/a/asarkar/sudhipv/software/FreeFem-sources/install/ff-petsc/r/lib -Wl,-rpath,/cvmfs/soft.computecanada.ca/easybuild/software/2020/Core/imkl/2020.1.217/mkl/lib/intel64 -L/cvmfs/soft.computecanada.ca/easybuild/software/2020/Core/imkl/2020.1.217/mkl/lib/intel64 -Wl,-rpath,/cvmfs/soft.computecanada.ca/easybuild/software/2020/avx512/Compiler/intel2020/openmpi/4.0.3/lib -L/cvmfs/soft.computecanada.ca/easybuild/software/2020/avx512/Compiler/intel2020/openmpi/4.0.3/lib -Wl,-rpath,/cvmfs/soft.computecanada.ca/easybuild/software/2020/avx512/Core/libfabric/1.10.1/lib -L/cvmfs/soft.computecanada.ca/easybuild/software/2020/avx512/Core/libfabric/1.10.1/lib -Wl,-rpath,/cvmfs/soft.computecanada.ca/easybuild/software/2020/avx512/Core/ucx/1.8.0/lib -L/cvmfs/soft.computecanada.ca/easybuild/software/2020/avx512/Core/ucx/1.8.0/lib -Wl,-rpath,/cvmfs/soft.computecanada.ca/easybuild/software/2020/Core/imkl/2020.1.217/lib/intel64 -L/cvmfs/soft.computecanada.ca/easybuild/software/2020/Core/imkl/2020.1.217/lib/intel64 -Wl,-rpath,/cvmfs/restricted.computecanada.ca/easybuild/software/2020/Core/intel/2020.1.217/compilers_and_libraries_2020.1.217/linux/tbb/lib/intel64/gcc4.8 -L/cvmfs/restricted.computecanada.ca/easybuild/software/2020/Core/intel/2020.1.217/compilers_and_libraries_2020.1.217/linux/tbb/lib/intel64/gcc4.8 -Wl,-rpath,/cvmfs/restricted.computecanada.ca/easybuild/software/2020/Core/intel/2020.1.217/compilers_and_libraries_2020.1.217/linux/compiler/lib/intel64_lin -L/cvmfs/restricted.computecanada.ca/easybuild/software/2020/Core/intel/2020.1.217/compilers_and_libraries_2020.1.217/linux/compiler/lib/intel64_lin -Wl,-rpath,/cvmfs/soft.computecanada.ca/easybuild/software/2020/avx512/Compiler/intel2020/openmpi/4.0.3/lib64 -L/cvmfs/soft.computecanada.ca/easybuild/software/2020/avx512/Compiler/intel2020/openmpi/4.0.3/lib64 -Wl,-rpath,/cvmfs/soft.computecanada.ca/easybuild/software/2020/Core/gcccore/9.3.0/lib/gcc/x86_64-pc-linux-gnu/9.3.0 -L/cvmfs/soft.computecanada.ca/easybuild/software/2020/Core/gcccore/9.3.0/lib/gcc/x86_64-pc-linux-gnu/9.3.0 -Wl,-rpath,/cvmfs/soft.computecanada.ca/easybuild/software/2020/Core/gcccore/9.3.0/lib64 -L/cvmfs/soft.computecanada.ca/easybuild/software/2020/Core/gcccore/9.3.0/lib64 -Wl,-rpath,/cvmfs/soft.computecanada.ca/gentoo/2020/lib64 -L/cvmfs/soft.computecanada.ca/gentoo/2020/lib64 -Wl,-rpath,/cvmfs/soft.computecanada.ca/gentoo/2020/usr/lib64 -L/cvmfs/soft.computecanada.ca/gentoo/2020/usr/lib64 -Wl,-rpath,/cvmfs/soft.computecanada.ca/easybuild/software/2020/Core/gcccore/9.3.0/lib -L/cvmfs/soft.computecanada.ca/easybuild/software/2020/Core/gcccore/9.3.0/lib -Wl,-rpath,/cvmfs/soft.computecanada.ca/gentoo/2020/lib -L/cvmfs/soft.computecanada.ca/gentoo/2020/lib -Wl,-rpath,/cvmfs/soft.computecanada.ca/gentoo/2020/usr/lib -L/cvmfs/soft.computecanada.ca/gentoo/2020/usr/lib -lHYPRE -lcmumps -ldmumps -lsmumps -lzmumps -lmumps_common -lpord -lscalapack -lumfpack -lklu -lcholmod -lbtf -lccolamd -lcolamd -lcamd -lamd -lsuitesparseconfig -lsuperlu -lmkl_rt -lmkl_intel_thread -lmkl_core -liomp5 -lpthread -lparmmg -lmmg -lmmg3d -lptesmumps -lptscotchparmetis -lptscotch -lptscotcherr -lesmumps -lscotch -lscotcherr -lpthread -lparmetis -lmetis -ltet -lstdc++ -ldl -lmpi_usempif08 -lmpi_usempi_ignore_tkr -lmpi_mpifh -lmpi -lifport -lifcoremt_pic -limf -lsvml -lm -lipgo -lirc -lpthread -lgcc_s -lirc_s -lrt -lquadmath -lstdc++ -ldl
-----------------------------------------

#############################################################################################################
#############################################################################################################
########     Finsihed Code with NL 10 Processors             #################################################
#############################################################################################################
#############################################################################################################

scontrol show jobid 6179967
JobId=6179967 JobName=Poisson_Weak
   UserId=sudhipv(3061414) GroupId=asarkar(6001189) MCS_label=N/A
   Priority=2398376 Nice=0 Account=def-asarkar QOS=normal
   JobState=COMPLETED Reason=None Dependency=(null)
   Requeue=0 Restarts=0 BatchFlag=1 Reboot=0 ExitCode=0:0
   RunTime=00:03:49 TimeLimit=00:30:00 TimeMin=N/A
   SubmitTime=2021-10-02T05:30:02 EligibleTime=2021-10-02T05:30:02
   AccrueTime=2021-10-02T05:30:02
   StartTime=2021-10-02T05:56:15 EndTime=2021-10-02T06:00:04 Deadline=N/A
   SuspendTime=None SecsPreSuspend=0 LastSchedEval=2021-10-02T05:56:15
   Partition=compute AllocNode:Sid=nia-login03:154295
   ReqNodeList=(null) ExcNodeList=(null)
   NodeList=nia[0659-0668]
   BatchHost=nia0659
   NumNodes=10 NumCPUs=800 NumTasks=400 CPUs/Task=1 ReqB:S:C:T=0:0:*:*
   TRES=cpu=800,mem=1750000M,node=10,billing=400
   Socks/Node=* NtasksPerN:B:S:C=40:0:*:* CoreSpec=*
   MinCPUsNode=40 MinMemoryNode=175000M MinTmpDiskNode=0
   Features=[skylake|cascade] DelayBoot=00:00:00
   OverSubscribe=NO Contiguous=0 Licenses=(null) Network=(null)
   Command=/gpfs/fs0/scratch/a/asarkar/sudhipv/poisson_hpc/weak/runff_niagara_weak.sh
   WorkDir=/gpfs/fs0/scratch/a/asarkar/sudhipv/poisson_hpc/weak
   StdErr=/gpfs/fs0/scratch/a/asarkar/sudhipv/poisson_hpc/weak/Poisson_Weak-6179967.out
   StdIn=/dev/null
   StdOut=/gpfs/fs0/scratch/a/asarkar/sudhipv/poisson_hpc/weak/Poisson_Weak-6179967.out
   Power=
   MailUser=sudhipv@cmail.carleton.ca MailType=BEGIN,END,FAIL,REQUEUE,STAGE_OUT

sacct -j 6179967
       JobID    JobName    Account    Elapsed  MaxVMSize     MaxRSS  SystemCPU    UserCPU ExitCode 
------------ ---------- ---------- ---------- ---------- ---------- ---------- ---------- -------- 
6179967      Poisson_W+ def-asark+   00:03:49                        19:52.971   13:43:10      0:0 
6179967.bat+      batch def-asark+   00:03:49  56251916K  37001260K  03:47.101   02:03:40      0:0 
6179967.ext+     extern def-asark+   00:03:49    138360K      1068K  00:00.002  00:00.005      0:0 
6179967.0         orted def-asark+   00:00:26    395276K      2988K  00:01.390  00:01.115      0:0 
6179967.1         orted def-asark+   00:00:21    395276K      2988K  00:34.948  11:03.555      0:0 
6179967.2         orted def-asark+   00:00:37  31779216K  10067088K  02:07.087   01:03:38      0:0 
6179967.3         orted def-asark+   00:00:51  32266308K  10363252K  04:08.700   02:37:29      0:0 
6179967.4         orted def-asark+   00:01:26  31419288K   9375988K  09:13.740   07:47:18      0:0 
