/cvmfs/soft.computecanada.ca/easybuild/software/2020/avx512/Compiler/intel2020/openmpi/4.0.3/bin/mpiexec
/cvmfs/soft.computecanada.ca/easybuild/software/2020/avx512/Compiler/intel2020/openmpi/4.0.3/bin/mpirun
Number of Vertices for coarse mesh in process  0  564001
    Linear mg_coarse_ solve converged due to CONVERGED_RTOL iterations 17
    Linear mg_coarse_ solve did not converge due to DIVERGED_ITS iterations 100
    Linear mg_coarse_ solve did not converge due to DIVERGED_ITS iterations 100
    Linear mg_coarse_ solve did not converge due to DIVERGED_ITS iterations 100
    Linear mg_coarse_ solve did not converge due to DIVERGED_ITS iterations 100
    Linear mg_coarse_ solve did not converge due to DIVERGED_ITS iterations 100
    Linear mg_coarse_ solve did not converge due to DIVERGED_ITS iterations 100
    Linear mg_coarse_ solve did not converge due to DIVERGED_ITS iterations 100
    Linear mg_coarse_ solve did not converge due to DIVERGED_ITS iterations 100
    Linear mg_coarse_ solve did not converge due to DIVERGED_ITS iterations 100
Linear solve converged due to CONVERGED_RTOL iterations 10
time taken for solve is6.82609
L2 Norm of uerr is0.000497035
************************************************************************************************************************
***             WIDEN YOUR WINDOW TO 120 CHARACTERS.  Use 'enscript -r -fCourier9' to print this document            ***
************************************************************************************************************************

---------------------------------------------- PETSc Performance Summary: ----------------------------------------------

/home/a/asarkar/sudhipv/software/FreeFem-sources/src/mpi/FreeFem++-mpi on a  named nia1569.scinet.local with 40 processors, by sudhipv Sun Oct  3 14:53:06 2021
Using Petsc Release Version 3.15.0, Mar 30, 2021 

                         Max       Max/Min     Avg       Total
Time (sec):           7.141e+00     1.000   7.140e+00
Objects:              1.670e+02     1.000   1.670e+02
Flop:                 2.379e+09     1.092   2.268e+09  9.071e+10
Flop/sec:             3.332e+08     1.092   3.176e+08  1.270e+10
MPI Messages:         8.728e+03     4.000   5.073e+03  2.029e+05
MPI Message Lengths:  5.846e+06     2.419   9.236e+02  1.874e+08
MPI Reductions:       1.977e+03     1.000

Flop counting convention: 1 flop = 1 real number operation of type (multiply/divide/add/subtract)
                            e.g., VecAXPY() for real vectors of length N --> 2N flop
                            and VecAXPY() for complex vectors of length N --> 8N flop

Summary of Stages:   ----- Time ------  ----- Flop ------  --- Messages ---  -- Message Lengths --  -- Reductions --
                        Avg     %Total     Avg     %Total    Count   %Total     Avg         %Total    Count   %Total
 0:      Main Stage: 7.1401e+00 100.0%  9.0708e+10 100.0%  2.029e+05 100.0%  9.236e+02      100.0%  1.959e+03  99.1%

------------------------------------------------------------------------------------------------------------------------
See the 'Profiling' chapter of the users' manual for details on interpreting output.
Phase summary info:
   Count: number of times phase was executed
   Time and Flop: Max - maximum over all processors
                  Ratio - ratio of maximum to minimum over all processors
   Mess: number of messages sent
   AvgLen: average message length (bytes)
   Reduct: number of global reductions
   Global: entire computation
   Stage: stages of a computation. Set stages with PetscLogStagePush() and PetscLogStagePop().
      %T - percent time in this phase         %F - percent flop in this phase
      %M - percent messages in this phase     %L - percent message lengths in this phase
      %R - percent reductions in this phase
   Total Mflop/s: 10e-6 * (sum of flop over all processors)/(max time over all processors)
------------------------------------------------------------------------------------------------------------------------
Event                Count      Time (sec)     Flop                              --- Global ---  --- Stage ----  Total
                   Max Ratio  Max     Ratio   Max  Ratio  Mess   AvgLen  Reduct  %T %F %M %L %R  %T %F %M %L %R Mflop/s
------------------------------------------------------------------------------------------------------------------------

--- Event Stage 0: Main Stage

BuildTwoSided          7 1.0 1.1521e-01129.3 0.00e+00 0.0 5.6e+02 4.0e+00 5.0e+00  1  0  0  0  0   1  0  0  0  0     0
BuildTwoSidedF         2 1.0 1.2760e-03 1.4 0.00e+00 0.0 0.0e+00 0.0e+00 2.0e+00  0  0  0  0  0   0  0  0  0  0     0
MatMult             1014 1.0 3.4149e-01 1.1 2.20e+08 1.0 1.9e+05 7.9e+02 2.0e+00  5 10 93 80  0   5 10 93 80  0 25377
MatMultAdd            10 1.0 1.6312e-02 1.1 1.14e+06 1.0 1.9e+03 2.4e+03 0.0e+00  0  0  1  2  0   0  0  1  2  0  2762
MatMultTranspose      10 1.0 1.5228e-01 1.1 0.00e+00 0.0 1.9e+03 7.9e+03 0.0e+00  2  0  1  8  0   2  0  1  8  0     0
MatSolve            1005 1.0 8.2653e-01 1.1 6.42e+08 1.1 0.0e+00 0.0e+00 0.0e+00 11 28  0  0  0  11 28  0  0  0 30219
MatLUFactorSym         1 1.0 1.0259e-01 1.5 0.00e+00 0.0 0.0e+00 0.0e+00 0.0e+00  1  0  0  0  0   1  0  0  0  0     0
MatLUFactorNum         2 1.0 4.1598e-01 1.3 6.76e+08 1.4 0.0e+00 0.0e+00 0.0e+00  5 25  0  0  0   5 25  0  0  0 54977
MatILUFactorSym        1 1.0 1.0834e-03 2.3 0.00e+00 0.0 0.0e+00 0.0e+00 0.0e+00  0  0  0  0  0   0  0  0  0  0     0
MatResidual           10 1.0 2.1152e-02 2.0 7.95e+06 1.0 1.9e+03 1.6e+03 0.0e+00  0  0  1  2  0   0  0  1  2  0 14901
MatAssemblyBegin       5 1.0 2.8554e-03 1.1 0.00e+00 0.0 0.0e+00 0.0e+00 2.0e+00  0  0  0  0  0   0  0  0  0  0     0
MatAssemblyEnd         5 1.0 4.6436e-02 3.6 0.00e+00 0.0 0.0e+00 0.0e+00 8.0e+00  0  0  0  0  0   0  0  0  0  0     0
MatGetRowIJ            2 1.0 4.8810e-03 2.4 0.00e+00 0.0 0.0e+00 0.0e+00 0.0e+00  0  0  0  0  0   0  0  0  0  0     0
MatCreateSubMats       1 1.0 2.8449e-02 1.4 0.00e+00 0.0 9.3e+02 3.7e+03 1.0e+00  0  0  0  2  0   0  0  0  2  0     0
MatGetOrdering         2 1.0 4.0435e-02 1.7 0.00e+00 0.0 0.0e+00 0.0e+00 0.0e+00  0  0  0  0  0   0  0  0  0  0     0
MatIncreaseOvrlp       1 1.0 8.3785e-03 1.6 0.00e+00 0.0 0.0e+00 0.0e+00 1.0e+00  0  0  0  0  0   0  0  0  0  0     0
VecMDot              937 1.0 3.2944e-01 1.3 3.92e+08 1.0 0.0e+00 0.0e+00 9.4e+02  4 17  0  0 47   4 17  0  0 48 46710
VecNorm              976 1.0 2.0772e-01 1.1 2.99e+07 1.0 0.0e+00 0.0e+00 9.8e+02  3  1  0  0 49   3  1  0  0 50  5658
VecScale             996 1.0 4.5975e-03 1.3 1.50e+07 1.0 0.0e+00 0.0e+00 0.0e+00  0  1  0  0  0   0  1  0  0  0 127814
VecCopy               69 1.0 3.6218e-03 1.2 0.00e+00 0.0 0.0e+00 0.0e+00 0.0e+00  0  0  0  0  0   0  0  0  0  0     0
VecSet              1184 1.0 3.6537e-02 1.1 0.00e+00 0.0 0.0e+00 0.0e+00 0.0e+00  0  0  0  0  0   0  0  0  0  0     0
VecAXPY               76 1.0 2.9022e-03 1.3 3.20e+06 1.0 0.0e+00 0.0e+00 0.0e+00  0  0  0  0  0   0  0  0  0  0 43506
VecAYPX               60 1.0 7.8231e-03 1.3 4.55e+06 1.0 0.0e+00 0.0e+00 0.0e+00  0  0  0  0  0   0  0  0  0  0 23039
VecAXPBYCZ            20 1.0 4.2700e-03 1.3 5.69e+06 1.0 0.0e+00 0.0e+00 0.0e+00  0  0  0  0  0   0  0  0  0  0 52764
VecMAXPY             976 1.0 1.9430e-01 1.1 4.20e+08 1.0 0.0e+00 0.0e+00 0.0e+00  3 18  0  0  0   3 18  0  0  0 84986
VecScatterBegin     1208 1.0 1.5969e-01 3.1 0.00e+00 0.0 2.0e+05 8.1e+02 3.0e+00  1  0 97 86  0   1  0 97 86  0     0
VecScatterEnd       1208 1.0 5.4664e-02 4.6 0.00e+00 0.0 0.0e+00 0.0e+00 0.0e+00  0  0  0  0  0   0  0  0  0  0     0
VecNormalize         965 1.0 2.1128e-01 1.1 4.30e+07 1.0 0.0e+00 0.0e+00 9.6e+02  3  2  0  0 49   3  2  0  0 49  7992
SFSetGraph             5 1.0 1.7557e-04 2.1 0.00e+00 0.0 0.0e+00 0.0e+00 0.0e+00  0  0  0  0  0   0  0  0  0  0     0
SFSetUp                5 1.0 1.2025e-0120.4 0.00e+00 0.0 1.1e+03 3.3e+02 3.0e+00  1  0  1  0  0   1  0  1  0  0     0
SFReduceBegin         51 1.0 5.5639e-03 1.2 0.00e+00 0.0 0.0e+00 0.0e+00 0.0e+00  0  0  0  0  0   0  0  0  0  0     0
SFReduceEnd           51 1.0 4.7417e-05 2.0 0.00e+00 0.0 0.0e+00 0.0e+00 0.0e+00  0  0  0  0  0   0  0  0  0  0     0
SFPack              1208 1.0 3.0942e-03 1.6 0.00e+00 0.0 0.0e+00 0.0e+00 0.0e+00  0  0  0  0  0   0  0  0  0  0     0
SFUnpack            1208 1.0 5.4309e-04 2.1 0.00e+00 0.0 0.0e+00 0.0e+00 0.0e+00  0  0  0  0  0   0  0  0  0  0     0
KSPSetUp               4 1.0 1.1019e+00 1.0 7.99e+08 1.3 5.6e+03 1.8e+03 3.4e+01 15 31  3  5  2  15 31  3  5  2 25111
KSPSolve               1 1.0 1.7184e+00 1.0 1.61e+09 1.0 2.0e+05 8.8e+02 1.9e+03 24 69 97 92 96  24 69 97 92 97 36685
KSPGMRESOrthog       937 1.0 5.0456e-01 1.2 7.84e+08 1.0 0.0e+00 0.0e+00 9.4e+02  7 34  0  0 47   7 34  0  0 48 60997
PCSetUp                2 1.0 1.1036e+00 1.0 7.99e+08 1.3 5.6e+03 1.8e+03 3.8e+01 15 31  3  5  2  15 31  3  5  2 25078
PCSetUpOnBlocks       31 1.0 5.2192e-01 1.3 6.76e+08 1.4 0.0e+00 0.0e+00 0.0e+00  7 25  0  0  0   7 25  0  0  0 43818
PCApply               10 1.0 1.6866e+00 1.0 1.59e+09 1.0 1.9e+05 8.7e+02 1.9e+03 24 68 96 91 95  24 68 96 91 96 36836
PCApplyOnBlocks       51 1.0 5.8916e-01 1.1 4.67e+08 1.1 0.0e+00 0.0e+00 0.0e+00  8 20  0  0  0   8 20  0  0  0 30649
------------------------------------------------------------------------------------------------------------------------

Memory usage is given in bytes:

Object Type          Creations   Destructions     Memory  Descendants' Mem.
Reports information only for process 0.

--- Event Stage 0: Main Stage

              Matrix    12             12     77776588     0.
              Vector   102            102     29749960     0.
           Index Set    18             18      1844396     0.
   IS L to G Mapping     1              1      2805172     0.
   Star Forest Graph    11             11        12600     0.
       Krylov Solver     6              6        73864     0.
      Preconditioner     6              6         6464     0.
    Distributed Mesh     3              3        15144     0.
     Discrete System     3              3         2712     0.
           Weak Form     3              3         2472     0.
              Viewer     2              1          848     0.
========================================================================================================================
Average time to get PetscTime(): 2.72e-08
Average time for MPI_Barrier(): 4.32876e-05
Average time for zero size MPI_Send(): 1.5129e-06
#PETSc Option Table entries:
-ksp_converged_reason
-ksp_pc_side right
-ksp_type fgmres
-log_view
-m 750
-mg_coarse_ksp_converged_reason
-mg_coarse_ksp_max_it 100
-mg_coarse_ksp_rtol 1e-2
-mg_coarse_ksp_type gmres
-mg_coarse_pc_type bjacobi
-mg_coarse_sub_pc_type ilu
-mg_levels_pc_type asm
-mg_levels_sub_pc_type lu
-n 750
-nw
-pc_mg_type multiplicative
-pc_type mg
#End of PETSc Option Table entries
Compiled without FORTRAN kernels
Compiled with full precision matrices (default)
sizeof(short) 2 sizeof(int) 4 sizeof(long) 8 sizeof(void*) 8 sizeof(PetscScalar) 8 sizeof(PetscInt) 4
Configure options: --prefix=/home/a/asarkar/sudhipv/software/FreeFem-sources/install/ff-petsc/r MAKEFLAGS= --with-debugging=0 COPTFLAGS="-O3 -mtune=native" CXXOPTFLAGS="-O3 -mtune=native" FOPTFLAGS="-O3 -mtune=native" --with-cxx-dialect=C++11 --with-ssl=0 --with-x=0 --with-fortran-bindings=0 --with-cudac=0 --with-cc=/cvmfs/soft.computecanada.ca/easybuild/software/2020/avx512/Compiler/intel2020/openmpi/4.0.3/bin/mpicc --with-cxx=/cvmfs/soft.computecanada.ca/easybuild/software/2020/avx512/Compiler/intel2020/openmpi/4.0.3/bin/mpic++ --with-fc=/cvmfs/soft.computecanada.ca/easybuild/software/2020/avx512/Compiler/intel2020/openmpi/4.0.3/bin/mpif90 --with-scalar-type=real --with-blaslapack-include=/cvmfs/soft.computecanada.ca/easybuild/software/2020/Core/imkl/2020.1.217/mkl/include --with-blaslapack-lib="-Wl,-rpath,/cvmfs/soft.computecanada.ca/easybuild/software/2020/Core/imkl/2020.1.217/mkl/lib/intel64 -L/cvmfs/soft.computecanada.ca/easybuild/software/2020/Core/imkl/2020.1.217/mkl/lib/intel64 -lmkl_rt -lmkl_intel_thread -lmkl_core  -liomp5 -lpthread" --download-metis --download-ptscotch --download-hypre --download-parmetis --download-mmg --download-parmmg --download-superlu --download-suitesparse --download-tetgen --download-slepc --download-hpddm --download-scalapack --download-mumps --download-slepc-configure-arguments=--download-arpack=https://github.com/prj-/arpack-ng/archive/b64dccb.tar.gz PETSC_ARCH=fr
-----------------------------------------
Libraries compiled on 2021-05-02 15:39:49 on nia-login03.scinet.local 
Machine characteristics: Linux-3.10.0-957.27.2.el7.x86_64-x86_64-with-centos-7.6.1810-Core
Using PETSc directory: /home/a/asarkar/sudhipv/software/FreeFem-sources/install/ff-petsc/r
Using PETSc arch: 
-----------------------------------------

Using C compiler: /cvmfs/soft.computecanada.ca/easybuild/software/2020/avx512/Compiler/intel2020/openmpi/4.0.3/bin/mpicc  -fPIC -wd1572 -O3 -mtune=native   
Using Fortran compiler: /cvmfs/soft.computecanada.ca/easybuild/software/2020/avx512/Compiler/intel2020/openmpi/4.0.3/bin/mpif90  -fPIC -O3 -mtune=native     
-----------------------------------------

Using include paths: -I/home/a/asarkar/sudhipv/software/FreeFem-sources/install/ff-petsc/r/include -I/cvmfs/soft.computecanada.ca/easybuild/software/2020/Core/imkl/2020.1.217/mkl/include
-----------------------------------------

Using C linker: /cvmfs/soft.computecanada.ca/easybuild/software/2020/avx512/Compiler/intel2020/openmpi/4.0.3/bin/mpicc
Using Fortran linker: /cvmfs/soft.computecanada.ca/easybuild/software/2020/avx512/Compiler/intel2020/openmpi/4.0.3/bin/mpif90
Using libraries: -Wl,-rpath,/home/a/asarkar/sudhipv/software/FreeFem-sources/install/ff-petsc/r/lib -L/home/a/asarkar/sudhipv/software/FreeFem-sources/install/ff-petsc/r/lib -lpetsc -Wl,-rpath,/home/a/asarkar/sudhipv/software/FreeFem-sources/install/ff-petsc/r/lib -L/home/a/asarkar/sudhipv/software/FreeFem-sources/install/ff-petsc/r/lib -Wl,-rpath,/cvmfs/soft.computecanada.ca/easybuild/software/2020/Core/imkl/2020.1.217/mkl/lib/intel64 -L/cvmfs/soft.computecanada.ca/easybuild/software/2020/Core/imkl/2020.1.217/mkl/lib/intel64 -Wl,-rpath,/cvmfs/soft.computecanada.ca/easybuild/software/2020/avx512/Compiler/intel2020/openmpi/4.0.3/lib -L/cvmfs/soft.computecanada.ca/easybuild/software/2020/avx512/Compiler/intel2020/openmpi/4.0.3/lib -Wl,-rpath,/cvmfs/soft.computecanada.ca/easybuild/software/2020/avx512/Core/libfabric/1.10.1/lib -L/cvmfs/soft.computecanada.ca/easybuild/software/2020/avx512/Core/libfabric/1.10.1/lib -Wl,-rpath,/cvmfs/soft.computecanada.ca/easybuild/software/2020/avx512/Core/ucx/1.8.0/lib -L/cvmfs/soft.computecanada.ca/easybuild/software/2020/avx512/Core/ucx/1.8.0/lib -Wl,-rpath,/cvmfs/soft.computecanada.ca/easybuild/software/2020/Core/imkl/2020.1.217/lib/intel64 -L/cvmfs/soft.computecanada.ca/easybuild/software/2020/Core/imkl/2020.1.217/lib/intel64 -Wl,-rpath,/cvmfs/restricted.computecanada.ca/easybuild/software/2020/Core/intel/2020.1.217/compilers_and_libraries_2020.1.217/linux/tbb/lib/intel64/gcc4.8 -L/cvmfs/restricted.computecanada.ca/easybuild/software/2020/Core/intel/2020.1.217/compilers_and_libraries_2020.1.217/linux/tbb/lib/intel64/gcc4.8 -Wl,-rpath,/cvmfs/restricted.computecanada.ca/easybuild/software/2020/Core/intel/2020.1.217/compilers_and_libraries_2020.1.217/linux/compiler/lib/intel64_lin -L/cvmfs/restricted.computecanada.ca/easybuild/software/2020/Core/intel/2020.1.217/compilers_and_libraries_2020.1.217/linux/compiler/lib/intel64_lin -Wl,-rpath,/cvmfs/soft.computecanada.ca/easybuild/software/2020/avx512/Compiler/intel2020/openmpi/4.0.3/lib64 -L/cvmfs/soft.computecanada.ca/easybuild/software/2020/avx512/Compiler/intel2020/openmpi/4.0.3/lib64 -Wl,-rpath,/cvmfs/soft.computecanada.ca/easybuild/software/2020/Core/gcccore/9.3.0/lib/gcc/x86_64-pc-linux-gnu/9.3.0 -L/cvmfs/soft.computecanada.ca/easybuild/software/2020/Core/gcccore/9.3.0/lib/gcc/x86_64-pc-linux-gnu/9.3.0 -Wl,-rpath,/cvmfs/soft.computecanada.ca/easybuild/software/2020/Core/gcccore/9.3.0/lib64 -L/cvmfs/soft.computecanada.ca/easybuild/software/2020/Core/gcccore/9.3.0/lib64 -Wl,-rpath,/cvmfs/soft.computecanada.ca/gentoo/2020/lib64 -L/cvmfs/soft.computecanada.ca/gentoo/2020/lib64 -Wl,-rpath,/cvmfs/soft.computecanada.ca/gentoo/2020/usr/lib64 -L/cvmfs/soft.computecanada.ca/gentoo/2020/usr/lib64 -Wl,-rpath,/cvmfs/soft.computecanada.ca/easybuild/software/2020/Core/gcccore/9.3.0/lib -L/cvmfs/soft.computecanada.ca/easybuild/software/2020/Core/gcccore/9.3.0/lib -Wl,-rpath,/cvmfs/soft.computecanada.ca/gentoo/2020/lib -L/cvmfs/soft.computecanada.ca/gentoo/2020/lib -Wl,-rpath,/cvmfs/soft.computecanada.ca/gentoo/2020/usr/lib -L/cvmfs/soft.computecanada.ca/gentoo/2020/usr/lib -lHYPRE -lcmumps -ldmumps -lsmumps -lzmumps -lmumps_common -lpord -lscalapack -lumfpack -lklu -lcholmod -lbtf -lccolamd -lcolamd -lcamd -lamd -lsuitesparseconfig -lsuperlu -lmkl_rt -lmkl_intel_thread -lmkl_core -liomp5 -lpthread -lparmmg -lmmg -lmmg3d -lptesmumps -lptscotchparmetis -lptscotch -lptscotcherr -lesmumps -lscotch -lscotcherr -lpthread -lparmetis -lmetis -ltet -lstdc++ -ldl -lmpi_usempif08 -lmpi_usempi_ignore_tkr -lmpi_mpifh -lmpi -lifport -lifcoremt_pic -limf -lsvml -lm -lipgo -lirc -lpthread -lgcc_s -lirc_s -lrt -lquadmath -lstdc++ -ldl
-----------------------------------------

#############################################################################################################
#############################################################################################################
########     Finsihed Code with NL 10 Processors             #################################################
#############################################################################################################
#############################################################################################################
Number of Vertices for coarse mesh in process  0  1127844
    Linear mg_coarse_ solve converged due to CONVERGED_RTOL iterations 17
    Linear mg_coarse_ solve did not converge due to DIVERGED_ITS iterations 100
    Linear mg_coarse_ solve did not converge due to DIVERGED_ITS iterations 100
    Linear mg_coarse_ solve did not converge due to DIVERGED_ITS iterations 100
    Linear mg_coarse_ solve did not converge due to DIVERGED_ITS iterations 100
    Linear mg_coarse_ solve did not converge due to DIVERGED_ITS iterations 100
    Linear mg_coarse_ solve did not converge due to DIVERGED_ITS iterations 100
    Linear mg_coarse_ solve did not converge due to DIVERGED_ITS iterations 100
    Linear mg_coarse_ solve did not converge due to DIVERGED_ITS iterations 100
    Linear mg_coarse_ solve did not converge due to DIVERGED_ITS iterations 100
    Linear mg_coarse_ solve did not converge due to DIVERGED_ITS iterations 100
    Linear mg_coarse_ solve did not converge due to DIVERGED_ITS iterations 100
    Linear mg_coarse_ solve did not converge due to DIVERGED_ITS iterations 100
Linear solve converged due to CONVERGED_RTOL iterations 13
time taken for solve is8.88195
L2 Norm of uerr is0.000656941
************************************************************************************************************************
***             WIDEN YOUR WINDOW TO 120 CHARACTERS.  Use 'enscript -r -fCourier9' to print this document            ***
************************************************************************************************************************

---------------------------------------------- PETSc Performance Summary: ----------------------------------------------

/home/a/asarkar/sudhipv/software/FreeFem-sources/src/mpi/FreeFem++-mpi on a  named nia1569.scinet.local with 80 processors, by sudhipv Sun Oct  3 14:53:20 2021
Using Petsc Release Version 3.15.0, Mar 30, 2021 

                         Max       Max/Min     Avg       Total
Time (sec):           8.955e+00     1.000   8.954e+00
Objects:              1.870e+02     1.000   1.870e+02
Flop:                 2.897e+09     1.110   2.757e+09  2.206e+11
Flop/sec:             3.235e+08     1.110   3.079e+08  2.463e+10
MPI Messages:         1.146e+04     4.000   7.308e+03  5.847e+05
MPI Message Lengths:  8.029e+06     3.060   8.816e+02  5.154e+08
MPI Reductions:       2.595e+03     1.000

Flop counting convention: 1 flop = 1 real number operation of type (multiply/divide/add/subtract)
                            e.g., VecAXPY() for real vectors of length N --> 2N flop
                            and VecAXPY() for complex vectors of length N --> 8N flop

Summary of Stages:   ----- Time ------  ----- Flop ------  --- Messages ---  -- Message Lengths --  -- Reductions --
                        Avg     %Total     Avg     %Total    Count   %Total     Avg         %Total    Count   %Total
 0:      Main Stage: 8.9541e+00 100.0%  2.2057e+11 100.0%  5.847e+05 100.0%  8.816e+02      100.0%  2.577e+03  99.3%

------------------------------------------------------------------------------------------------------------------------
See the 'Profiling' chapter of the users' manual for details on interpreting output.
Phase summary info:
   Count: number of times phase was executed
   Time and Flop: Max - maximum over all processors
                  Ratio - ratio of maximum to minimum over all processors
   Mess: number of messages sent
   AvgLen: average message length (bytes)
   Reduct: number of global reductions
   Global: entire computation
   Stage: stages of a computation. Set stages with PetscLogStagePush() and PetscLogStagePop().
      %T - percent time in this phase         %F - percent flop in this phase
      %M - percent messages in this phase     %L - percent message lengths in this phase
      %R - percent reductions in this phase
   Total Mflop/s: 10e-6 * (sum of flop over all processors)/(max time over all processors)
------------------------------------------------------------------------------------------------------------------------
Event                Count      Time (sec)     Flop                              --- Global ---  --- Stage ----  Total
                   Max Ratio  Max     Ratio   Max  Ratio  Mess   AvgLen  Reduct  %T %F %M %L %R  %T %F %M %L %R Mflop/s
------------------------------------------------------------------------------------------------------------------------

--- Event Stage 0: Main Stage

BuildTwoSided          7 1.0 1.4826e-01200.4 0.00e+00 0.0 1.2e+03 4.0e+00 5.0e+00  1  0  0  0  0   1  0  0  0  0     0
BuildTwoSidedF         2 1.0 3.5288e-03 5.2 0.00e+00 0.0 0.0e+00 0.0e+00 2.0e+00  0  0  0  0  0   0  0  0  0  0     0
MatMult             1341 1.0 4.5251e-01 1.1 2.90e+08 1.0 5.5e+05 7.6e+02 2.0e+00  5 10 94 81  0   5 10 94 81  0 50258
MatMultAdd            13 1.0 2.1252e-02 1.2 1.48e+06 1.0 5.3e+03 2.3e+03 0.0e+00  0  0  1  2  0   0  0  1  2  0  5514
MatMultTranspose      13 1.0 7.4174e-02 4.5 0.00e+00 0.0 5.3e+03 7.7e+03 0.0e+00  1  0  1  8  0   1  0  1  8  0     0
MatSolve            1329 1.0 1.0563e+00 1.1 8.06e+08 1.1 0.0e+00 0.0e+00 0.0e+00 11 28  0  0  0  11 28  0  0  0 59285
MatLUFactorSym         1 1.0 1.0743e-01 1.6 0.00e+00 0.0 0.0e+00 0.0e+00 0.0e+00  1  0  0  0  0   1  0  0  0  0     0
MatLUFactorNum         2 1.0 4.1573e-01 1.5 6.71e+08 1.4 0.0e+00 0.0e+00 0.0e+00  4 20  0  0  0   4 20  0  0  0 106884
MatILUFactorSym        1 1.0 8.8694e-04 2.2 0.00e+00 0.0 0.0e+00 0.0e+00 0.0e+00  0  0  0  0  0   0  0  0  0  0     0
MatResidual           13 1.0 2.5146e-02 1.8 1.04e+07 1.0 5.3e+03 1.5e+03 0.0e+00  0  0  1  2  0   0  0  1  2  0 32603
MatAssemblyBegin       5 1.0 3.5855e-03 1.5 0.00e+00 0.0 0.0e+00 0.0e+00 2.0e+00  0  0  0  0  0   0  0  0  0  0     0
MatAssemblyEnd         5 1.0 2.1986e-01 2.6 0.00e+00 0.0 0.0e+00 0.0e+00 8.0e+00  2  0  0  0  0   2  0  0  0  0     0
MatGetRowIJ            2 1.0 4.0735e-03 2.0 0.00e+00 0.0 0.0e+00 0.0e+00 0.0e+00  0  0  0  0  0   0  0  0  0  0     0
MatCreateSubMats       1 1.0 2.9273e-02 1.5 0.00e+00 0.0 2.0e+03 3.5e+03 1.0e+00  0  0  0  1  0   0  0  0  1  0     0
MatGetOrdering         2 1.0 3.9751e-02 1.7 0.00e+00 0.0 0.0e+00 0.0e+00 0.0e+00  0  0  0  0  0   0  0  0  0  0     0
MatIncreaseOvrlp       1 1.0 9.4037e-03 1.5 0.00e+00 0.0 0.0e+00 0.0e+00 1.0e+00  0  0  0  0  0   0  0  0  0  0     0
VecMDot             1240 1.0 4.5438e-01 1.3 5.22e+08 1.0 0.0e+00 0.0e+00 1.2e+03  5 19  0  0 48   5 19  0  0 48 90032
VecNorm             1291 1.0 4.5438e-01 1.2 3.93e+07 1.0 0.0e+00 0.0e+00 1.3e+03  5  1  0  0 50   5  1  0  0 50  6781
VecScale            1317 1.0 6.2259e-03 1.4 1.97e+07 1.0 0.0e+00 0.0e+00 0.0e+00  0  1  0  0  0   0  1  0  0  0 247437
VecCopy               90 1.0 4.6272e-03 1.2 0.00e+00 0.0 0.0e+00 0.0e+00 0.0e+00  0  0  0  0  0   0  0  0  0  0     0
VecSet              1553 1.0 4.7571e-02 1.1 0.00e+00 0.0 0.0e+00 0.0e+00 0.0e+00  1  0  0  0  0   1  0  0  0  0     0
VecAXPY              100 1.0 3.8158e-0212.4 4.16e+06 1.0 0.0e+00 0.0e+00 0.0e+00  0  0  0  0  0   0  0  0  0  0  8568
VecAYPX               78 1.0 1.0457e-02 1.3 5.92e+06 1.0 0.0e+00 0.0e+00 0.0e+00  0  0  0  0  0   0  0  0  0  0 44825
VecAXPBYCZ            26 1.0 5.8407e-03 1.3 7.40e+06 1.0 0.0e+00 0.0e+00 0.0e+00  0  0  0  0  0   0  0  0  0  0 100319
VecMAXPY            1291 1.0 2.5906e-01 1.1 5.60e+08 1.0 0.0e+00 0.0e+00 0.0e+00  3 20  0  0  0   3 20  0  0  0 169315
VecScatterBegin     1580 1.0 2.0025e-01 3.3 0.00e+00 0.0 5.7e+05 7.8e+02 3.0e+00  1  0 97 87  0   1  0 97 87  0     0
VecScatterEnd       1580 1.0 7.4027e-02 6.4 0.00e+00 0.0 0.0e+00 0.0e+00 0.0e+00  0  0  0  0  0   0  0  0  0  0     0
VecNormalize        1277 1.0 4.5810e-01 1.2 5.66e+07 1.0 0.0e+00 0.0e+00 1.3e+03  5  2  0  0 49   5  2  0  0 50  9675
SFSetGraph             5 1.0 1.3716e-04 1.6 0.00e+00 0.0 0.0e+00 0.0e+00 0.0e+00  0  0  0  0  0   0  0  0  0  0     0
SFSetUp                5 1.0 1.5147e-0125.0 0.00e+00 0.0 2.4e+03 3.2e+02 3.0e+00  1  0  0  0  0   1  0  0  0  0     0
SFReduceBegin         63 1.0 7.0087e-03 1.2 0.00e+00 0.0 0.0e+00 0.0e+00 0.0e+00  0  0  0  0  0   0  0  0  0  0     0
SFReduceEnd           63 1.0 5.7826e-05 1.9 0.00e+00 0.0 0.0e+00 0.0e+00 0.0e+00  0  0  0  0  0   0  0  0  0  0     0
SFPack              1580 1.0 4.0012e-03 2.0 0.00e+00 0.0 0.0e+00 0.0e+00 0.0e+00  0  0  0  0  0   0  0  0  0  0     0
SFUnpack            1580 1.0 8.0371e-04 2.3 0.00e+00 0.0 0.0e+00 0.0e+00 0.0e+00  0  0  0  0  0   0  0  0  0  0     0
KSPSetUp               4 1.0 1.4116e+00 1.0 7.94e+08 1.4 1.2e+04 1.7e+03 3.4e+01 16 24  2  4  1  16 24  2  4  1 38234
KSPSolve               1 1.0 2.1624e+00 1.0 2.13e+09 1.1 5.7e+05 8.5e+02 2.5e+03 24 76 98 94 97  24 76 98 94 98 77046
KSPGMRESOrthog      1240 1.0 6.8108e-01 1.2 1.04e+09 1.0 0.0e+00 0.0e+00 1.2e+03  7 37  0  0 48   7 37  0  0 48 120131
PCSetUp                2 1.0 1.4133e+00 1.0 7.94e+08 1.4 1.2e+04 1.7e+03 3.8e+01 16 24  2  4  1  16 24  2  4  1 38201
PCSetUpOnBlocks       40 1.0 5.1572e-01 1.4 6.71e+08 1.4 0.0e+00 0.0e+00 0.0e+00  5 20  0  0  0   5 20  0  0  0 86162
PCApply               13 1.0 2.1190e+00 1.0 2.09e+09 1.1 5.7e+05 8.4e+02 2.5e+03 24 74 97 93 96  24 74 97 93 96 77339
PCApplyOnBlocks       63 1.0 7.4458e-01 1.2 5.76e+08 1.1 0.0e+00 0.0e+00 0.0e+00  8 20  0  0  0   8 20  0  0  0 59446
------------------------------------------------------------------------------------------------------------------------

Memory usage is given in bytes:

Object Type          Creations   Destructions     Memory  Descendants' Mem.
Reports information only for process 0.

--- Event Stage 0: Main Stage

              Matrix    12             12     77777504     0.
              Vector   122            122     38860560     0.
           Index Set    18             18      1847612     0.
   IS L to G Mapping     1              1      2028588     0.
   Star Forest Graph    11             11        12600     0.
       Krylov Solver     6              6        73864     0.
      Preconditioner     6              6         6464     0.
    Distributed Mesh     3              3        15144     0.
     Discrete System     3              3         2712     0.
           Weak Form     3              3         2472     0.
              Viewer     2              1          848     0.
========================================================================================================================
Average time to get PetscTime(): 2.79e-08
Average time for MPI_Barrier(): 5.69772e-05
Average time for zero size MPI_Send(): 3.75514e-06
#PETSc Option Table entries:
-ksp_converged_reason
-ksp_pc_side right
-ksp_type fgmres
-log_view
-m 1061
-mg_coarse_ksp_converged_reason
-mg_coarse_ksp_max_it 100
-mg_coarse_ksp_rtol 1e-2
-mg_coarse_ksp_type gmres
-mg_coarse_pc_type bjacobi
-mg_coarse_sub_pc_type ilu
-mg_levels_pc_type asm
-mg_levels_sub_pc_type lu
-n 1061
-nw
-pc_mg_type multiplicative
-pc_type mg
#End of PETSc Option Table entries
Compiled without FORTRAN kernels
Compiled with full precision matrices (default)
sizeof(short) 2 sizeof(int) 4 sizeof(long) 8 sizeof(void*) 8 sizeof(PetscScalar) 8 sizeof(PetscInt) 4
Configure options: --prefix=/home/a/asarkar/sudhipv/software/FreeFem-sources/install/ff-petsc/r MAKEFLAGS= --with-debugging=0 COPTFLAGS="-O3 -mtune=native" CXXOPTFLAGS="-O3 -mtune=native" FOPTFLAGS="-O3 -mtune=native" --with-cxx-dialect=C++11 --with-ssl=0 --with-x=0 --with-fortran-bindings=0 --with-cudac=0 --with-cc=/cvmfs/soft.computecanada.ca/easybuild/software/2020/avx512/Compiler/intel2020/openmpi/4.0.3/bin/mpicc --with-cxx=/cvmfs/soft.computecanada.ca/easybuild/software/2020/avx512/Compiler/intel2020/openmpi/4.0.3/bin/mpic++ --with-fc=/cvmfs/soft.computecanada.ca/easybuild/software/2020/avx512/Compiler/intel2020/openmpi/4.0.3/bin/mpif90 --with-scalar-type=real --with-blaslapack-include=/cvmfs/soft.computecanada.ca/easybuild/software/2020/Core/imkl/2020.1.217/mkl/include --with-blaslapack-lib="-Wl,-rpath,/cvmfs/soft.computecanada.ca/easybuild/software/2020/Core/imkl/2020.1.217/mkl/lib/intel64 -L/cvmfs/soft.computecanada.ca/easybuild/software/2020/Core/imkl/2020.1.217/mkl/lib/intel64 -lmkl_rt -lmkl_intel_thread -lmkl_core  -liomp5 -lpthread" --download-metis --download-ptscotch --download-hypre --download-parmetis --download-mmg --download-parmmg --download-superlu --download-suitesparse --download-tetgen --download-slepc --download-hpddm --download-scalapack --download-mumps --download-slepc-configure-arguments=--download-arpack=https://github.com/prj-/arpack-ng/archive/b64dccb.tar.gz PETSC_ARCH=fr
-----------------------------------------
Libraries compiled on 2021-05-02 15:39:49 on nia-login03.scinet.local 
Machine characteristics: Linux-3.10.0-957.27.2.el7.x86_64-x86_64-with-centos-7.6.1810-Core
Using PETSc directory: /home/a/asarkar/sudhipv/software/FreeFem-sources/install/ff-petsc/r
Using PETSc arch: 
-----------------------------------------

Using C compiler: /cvmfs/soft.computecanada.ca/easybuild/software/2020/avx512/Compiler/intel2020/openmpi/4.0.3/bin/mpicc  -fPIC -wd1572 -O3 -mtune=native   
Using Fortran compiler: /cvmfs/soft.computecanada.ca/easybuild/software/2020/avx512/Compiler/intel2020/openmpi/4.0.3/bin/mpif90  -fPIC -O3 -mtune=native     
-----------------------------------------

Using include paths: -I/home/a/asarkar/sudhipv/software/FreeFem-sources/install/ff-petsc/r/include -I/cvmfs/soft.computecanada.ca/easybuild/software/2020/Core/imkl/2020.1.217/mkl/include
-----------------------------------------

Using C linker: /cvmfs/soft.computecanada.ca/easybuild/software/2020/avx512/Compiler/intel2020/openmpi/4.0.3/bin/mpicc
Using Fortran linker: /cvmfs/soft.computecanada.ca/easybuild/software/2020/avx512/Compiler/intel2020/openmpi/4.0.3/bin/mpif90
Using libraries: -Wl,-rpath,/home/a/asarkar/sudhipv/software/FreeFem-sources/install/ff-petsc/r/lib -L/home/a/asarkar/sudhipv/software/FreeFem-sources/install/ff-petsc/r/lib -lpetsc -Wl,-rpath,/home/a/asarkar/sudhipv/software/FreeFem-sources/install/ff-petsc/r/lib -L/home/a/asarkar/sudhipv/software/FreeFem-sources/install/ff-petsc/r/lib -Wl,-rpath,/cvmfs/soft.computecanada.ca/easybuild/software/2020/Core/imkl/2020.1.217/mkl/lib/intel64 -L/cvmfs/soft.computecanada.ca/easybuild/software/2020/Core/imkl/2020.1.217/mkl/lib/intel64 -Wl,-rpath,/cvmfs/soft.computecanada.ca/easybuild/software/2020/avx512/Compiler/intel2020/openmpi/4.0.3/lib -L/cvmfs/soft.computecanada.ca/easybuild/software/2020/avx512/Compiler/intel2020/openmpi/4.0.3/lib -Wl,-rpath,/cvmfs/soft.computecanada.ca/easybuild/software/2020/avx512/Core/libfabric/1.10.1/lib -L/cvmfs/soft.computecanada.ca/easybuild/software/2020/avx512/Core/libfabric/1.10.1/lib -Wl,-rpath,/cvmfs/soft.computecanada.ca/easybuild/software/2020/avx512/Core/ucx/1.8.0/lib -L/cvmfs/soft.computecanada.ca/easybuild/software/2020/avx512/Core/ucx/1.8.0/lib -Wl,-rpath,/cvmfs/soft.computecanada.ca/easybuild/software/2020/Core/imkl/2020.1.217/lib/intel64 -L/cvmfs/soft.computecanada.ca/easybuild/software/2020/Core/imkl/2020.1.217/lib/intel64 -Wl,-rpath,/cvmfs/restricted.computecanada.ca/easybuild/software/2020/Core/intel/2020.1.217/compilers_and_libraries_2020.1.217/linux/tbb/lib/intel64/gcc4.8 -L/cvmfs/restricted.computecanada.ca/easybuild/software/2020/Core/intel/2020.1.217/compilers_and_libraries_2020.1.217/linux/tbb/lib/intel64/gcc4.8 -Wl,-rpath,/cvmfs/restricted.computecanada.ca/easybuild/software/2020/Core/intel/2020.1.217/compilers_and_libraries_2020.1.217/linux/compiler/lib/intel64_lin -L/cvmfs/restricted.computecanada.ca/easybuild/software/2020/Core/intel/2020.1.217/compilers_and_libraries_2020.1.217/linux/compiler/lib/intel64_lin -Wl,-rpath,/cvmfs/soft.computecanada.ca/easybuild/software/2020/avx512/Compiler/intel2020/openmpi/4.0.3/lib64 -L/cvmfs/soft.computecanada.ca/easybuild/software/2020/avx512/Compiler/intel2020/openmpi/4.0.3/lib64 -Wl,-rpath,/cvmfs/soft.computecanada.ca/easybuild/software/2020/Core/gcccore/9.3.0/lib/gcc/x86_64-pc-linux-gnu/9.3.0 -L/cvmfs/soft.computecanada.ca/easybuild/software/2020/Core/gcccore/9.3.0/lib/gcc/x86_64-pc-linux-gnu/9.3.0 -Wl,-rpath,/cvmfs/soft.computecanada.ca/easybuild/software/2020/Core/gcccore/9.3.0/lib64 -L/cvmfs/soft.computecanada.ca/easybuild/software/2020/Core/gcccore/9.3.0/lib64 -Wl,-rpath,/cvmfs/soft.computecanada.ca/gentoo/2020/lib64 -L/cvmfs/soft.computecanada.ca/gentoo/2020/lib64 -Wl,-rpath,/cvmfs/soft.computecanada.ca/gentoo/2020/usr/lib64 -L/cvmfs/soft.computecanada.ca/gentoo/2020/usr/lib64 -Wl,-rpath,/cvmfs/soft.computecanada.ca/easybuild/software/2020/Core/gcccore/9.3.0/lib -L/cvmfs/soft.computecanada.ca/easybuild/software/2020/Core/gcccore/9.3.0/lib -Wl,-rpath,/cvmfs/soft.computecanada.ca/gentoo/2020/lib -L/cvmfs/soft.computecanada.ca/gentoo/2020/lib -Wl,-rpath,/cvmfs/soft.computecanada.ca/gentoo/2020/usr/lib -L/cvmfs/soft.computecanada.ca/gentoo/2020/usr/lib -lHYPRE -lcmumps -ldmumps -lsmumps -lzmumps -lmumps_common -lpord -lscalapack -lumfpack -lklu -lcholmod -lbtf -lccolamd -lcolamd -lcamd -lamd -lsuitesparseconfig -lsuperlu -lmkl_rt -lmkl_intel_thread -lmkl_core -liomp5 -lpthread -lparmmg -lmmg -lmmg3d -lptesmumps -lptscotchparmetis -lptscotch -lptscotcherr -lesmumps -lscotch -lscotcherr -lpthread -lparmetis -lmetis -ltet -lstdc++ -ldl -lmpi_usempif08 -lmpi_usempi_ignore_tkr -lmpi_mpifh -lmpi -lifport -lifcoremt_pic -limf -lsvml -lm -lipgo -lirc -lpthread -lgcc_s -lirc_s -lrt -lquadmath -lstdc++ -ldl
-----------------------------------------

#############################################################################################################
#############################################################################################################
########     Finsihed Code with NL 10 Processors             #################################################
#############################################################################################################
#############################################################################################################
Number of Vertices for coarse mesh in process  0  2253001
    Linear mg_coarse_ solve converged due to CONVERGED_RTOL iterations 16
    Linear mg_coarse_ solve did not converge due to DIVERGED_ITS iterations 100
    Linear mg_coarse_ solve did not converge due to DIVERGED_ITS iterations 100
    Linear mg_coarse_ solve did not converge due to DIVERGED_ITS iterations 100
    Linear mg_coarse_ solve did not converge due to DIVERGED_ITS iterations 100
    Linear mg_coarse_ solve did not converge due to DIVERGED_ITS iterations 100
    Linear mg_coarse_ solve did not converge due to DIVERGED_ITS iterations 100
    Linear mg_coarse_ solve did not converge due to DIVERGED_ITS iterations 100
    Linear mg_coarse_ solve did not converge due to DIVERGED_ITS iterations 100
    Linear mg_coarse_ solve did not converge due to DIVERGED_ITS iterations 100
    Linear mg_coarse_ solve did not converge due to DIVERGED_ITS iterations 100
    Linear mg_coarse_ solve did not converge due to DIVERGED_ITS iterations 100
    Linear mg_coarse_ solve did not converge due to DIVERGED_ITS iterations 100
    Linear mg_coarse_ solve did not converge due to DIVERGED_ITS iterations 100
    Linear mg_coarse_ solve did not converge due to DIVERGED_ITS iterations 100
    Linear mg_coarse_ solve did not converge due to DIVERGED_ITS iterations 100
    Linear mg_coarse_ solve did not converge due to DIVERGED_ITS iterations 100
Linear solve converged due to CONVERGED_RTOL iterations 17
time taken for solve is12.353
L2 Norm of uerr is0.000930892
************************************************************************************************************************
***             WIDEN YOUR WINDOW TO 120 CHARACTERS.  Use 'enscript -r -fCourier9' to print this document            ***
************************************************************************************************************************

---------------------------------------------- PETSc Performance Summary: ----------------------------------------------

/home/a/asarkar/sudhipv/software/FreeFem-sources/src/mpi/FreeFem++-mpi on a  named nia1569.scinet.local with 160 processors, by sudhipv Sun Oct  3 14:53:35 2021
Using Petsc Release Version 3.15.0, Mar 30, 2021 

                         Max       Max/Min     Avg       Total
Time (sec):           1.243e+01     1.000   1.242e+01
Objects:              1.870e+02     1.000   1.870e+02
Flop:                 3.584e+09     1.081   3.443e+09  5.510e+11
Flop/sec:             2.884e+08     1.081   2.771e+08  4.434e+10
MPI Messages:         1.510e+04     4.000   1.003e+04  1.605e+06
MPI Message Lengths:  1.182e+07     2.945   8.700e+02  1.396e+09
MPI Reductions:       3.417e+03     1.000

Flop counting convention: 1 flop = 1 real number operation of type (multiply/divide/add/subtract)
                            e.g., VecAXPY() for real vectors of length N --> 2N flop
                            and VecAXPY() for complex vectors of length N --> 8N flop

Summary of Stages:   ----- Time ------  ----- Flop ------  --- Messages ---  -- Message Lengths --  -- Reductions --
                        Avg     %Total     Avg     %Total    Count   %Total     Avg         %Total    Count   %Total
 0:      Main Stage: 1.2425e+01 100.0%  5.5096e+11 100.0%  1.605e+06 100.0%  8.700e+02      100.0%  3.399e+03  99.5%

------------------------------------------------------------------------------------------------------------------------
See the 'Profiling' chapter of the users' manual for details on interpreting output.
Phase summary info:
   Count: number of times phase was executed
   Time and Flop: Max - maximum over all processors
                  Ratio - ratio of maximum to minimum over all processors
   Mess: number of messages sent
   AvgLen: average message length (bytes)
   Reduct: number of global reductions
   Global: entire computation
   Stage: stages of a computation. Set stages with PetscLogStagePush() and PetscLogStagePop().
      %T - percent time in this phase         %F - percent flop in this phase
      %M - percent messages in this phase     %L - percent message lengths in this phase
      %R - percent reductions in this phase
   Total Mflop/s: 10e-6 * (sum of flop over all processors)/(max time over all processors)
------------------------------------------------------------------------------------------------------------------------
Event                Count      Time (sec)     Flop                              --- Global ---  --- Stage ----  Total
                   Max Ratio  Max     Ratio   Max  Ratio  Mess   AvgLen  Reduct  %T %F %M %L %R  %T %F %M %L %R Mflop/s
------------------------------------------------------------------------------------------------------------------------

--- Event Stage 0: Main Stage

BuildTwoSided          7 1.0 1.8710e-0116.6 0.00e+00 0.0 2.6e+03 4.0e+00 5.0e+00  1  0  0  0  0   1  0  0  0  0     0
BuildTwoSidedF         2 1.0 3.9188e-03 5.9 0.00e+00 0.0 0.0e+00 0.0e+00 2.0e+00  0  0  0  0  0   0  0  0  0  0     0
MatMult             1776 1.0 6.3729e-01 1.2 3.81e+08 1.0 1.5e+06 7.6e+02 2.0e+00  5 11 94 82  0   5 11 94 82  0 93859
MatMultAdd            17 1.0 3.1800e-02 1.4 1.93e+06 1.0 1.4e+04 2.3e+03 0.0e+00  0  0  1  2  0   0  0  1  2  0  9629
MatMultTranspose      17 1.0 4.2033e-02 2.1 0.00e+00 0.0 1.4e+04 7.7e+03 0.0e+00  0  0  1  8  0   0  0  1  8  0     0
MatSolve            1760 1.0 1.3492e+00 1.1 1.03e+09 1.1 0.0e+00 0.0e+00 0.0e+00 10 29  0  0  0  10 29  0  0  0 118618
MatLUFactorSym         1 1.0 9.9710e-02 1.5 0.00e+00 0.0 0.0e+00 0.0e+00 0.0e+00  1  0  0  0  0   1  0  0  0  0     0
MatLUFactorNum         2 1.0 4.4531e-01 1.6 6.71e+08 1.4 0.0e+00 0.0e+00 0.0e+00  3 16  0  0  0   3 16  0  0  0 201620
MatILUFactorSym        1 1.0 8.4397e-04 2.3 0.00e+00 0.0 0.0e+00 0.0e+00 0.0e+00  0  0  0  0  0   0  0  0  0  0     0
MatResidual           17 1.0 3.0013e-02 1.7 1.35e+07 1.0 1.4e+04 1.5e+03 0.0e+00  0  0  1  2  0   0  0  1  2  0 71389
MatAssemblyBegin       5 1.0 3.9795e-03 1.7 0.00e+00 0.0 0.0e+00 0.0e+00 2.0e+00  0  0  0  0  0   0  0  0  0  0     0
MatAssemblyEnd         5 1.0 9.8771e-02 9.3 0.00e+00 0.0 0.0e+00 0.0e+00 8.0e+00  1  0  0  0  0   1  0  0  0  0     0
MatGetRowIJ            2 1.0 4.3414e-03 2.3 0.00e+00 0.0 0.0e+00 0.0e+00 0.0e+00  0  0  0  0  0   0  0  0  0  0     0
MatCreateSubMats       1 1.0 2.9572e-02 1.4 0.00e+00 0.0 4.2e+03 3.6e+03 1.0e+00  0  0  0  1  0   0  0  0  1  0     0
MatGetOrdering         2 1.0 4.1947e-02 1.8 0.00e+00 0.0 0.0e+00 0.0e+00 0.0e+00  0  0  0  0  0   0  0  0  0  0     0
MatIncreaseOvrlp       1 1.0 1.0324e-02 1.6 0.00e+00 0.0 0.0e+00 0.0e+00 1.0e+00  0  0  0  0  0   0  0  0  0  0     0
VecMDot             1643 1.0 6.5974e-01 1.3 6.95e+08 1.0 0.0e+00 0.0e+00 1.6e+03  5 20  0  0 48   5 20  0  0 48 165056
VecNorm             1710 1.0 2.2153e-01 1.6 5.17e+07 1.0 0.0e+00 0.0e+00 1.7e+03  1  1  0  0 50   1  1  0  0 50 36550
VecScale            1744 1.0 8.4943e-03 1.5 2.58e+07 1.0 0.0e+00 0.0e+00 0.0e+00  0  1  0  0  0   0  1  0  0  0 476610
VecCopy              118 1.0 6.1270e-03 1.3 0.00e+00 0.0 0.0e+00 0.0e+00 0.0e+00  0  0  0  0  0   0  0  0  0  0     0
VecSet              2044 1.0 6.7843e-02 1.2 0.00e+00 0.0 0.0e+00 0.0e+00 0.0e+00  0  0  0  0  0   0  0  0  0  0     0
VecAXPY              132 1.0 5.2711e-03 1.5 5.41e+06 1.0 0.0e+00 0.0e+00 0.0e+00  0  0  0  0  0   0  0  0  0  0 161524
VecAYPX              102 1.0 1.4161e-02 1.4 7.74e+06 1.0 0.0e+00 0.0e+00 0.0e+00  0  0  0  0  0   0  0  0  0  0 86490
VecAXPBYCZ            34 1.0 7.8638e-03 1.3 9.67e+06 1.0 0.0e+00 0.0e+00 0.0e+00  0  0  0  0  0   0  0  0  0  0 194691
VecMAXPY            1710 1.0 3.6950e-01 1.2 7.44e+08 1.0 0.0e+00 0.0e+00 0.0e+00  3 21  0  0  0   3 21  0  0  0 315742
VecScatterBegin     2075 1.0 2.5223e-01 3.2 0.00e+00 0.0 1.6e+06 7.8e+02 3.0e+00  1  0 98 87  0   1  0 98 87  0     0
VecScatterEnd       2075 1.0 9.0735e-02 4.0 0.00e+00 0.0 0.0e+00 0.0e+00 0.0e+00  0  0  0  0  0   0  0  0  0  0     0
VecNormalize        1692 1.0 2.2461e-01 1.6 7.44e+07 1.0 0.0e+00 0.0e+00 1.7e+03  1  2  0  0 50   1  2  0  0 50 51907
SFSetGraph             5 1.0 1.8694e-04 2.3 0.00e+00 0.0 0.0e+00 0.0e+00 0.0e+00  0  0  0  0  0   0  0  0  0  0     0
SFSetUp                5 1.0 1.9114e-0114.8 0.00e+00 0.0 5.1e+03 3.2e+02 3.0e+00  1  0  0  0  0   1  0  0  0  0     0
SFReduceBegin         79 1.0 9.1291e-03 1.3 0.00e+00 0.0 0.0e+00 0.0e+00 0.0e+00  0  0  0  0  0   0  0  0  0  0     0
SFReduceEnd           79 1.0 7.7726e-05 1.9 0.00e+00 0.0 0.0e+00 0.0e+00 0.0e+00  0  0  0  0  0   0  0  0  0  0     0
SFPack              2075 1.0 5.3927e-03 1.9 0.00e+00 0.0 0.0e+00 0.0e+00 0.0e+00  0  0  0  0  0   0  0  0  0  0     0
SFUnpack            2075 1.0 1.0955e-03 2.7 0.00e+00 0.0 0.0e+00 0.0e+00 0.0e+00  0  0  0  0  0   0  0  0  0  0     0
KSPSetUp               4 1.0 9.3293e-01 1.0 7.94e+08 1.4 2.6e+04 1.7e+03 3.4e+01  8 20  2  3  1   8 20  2  3  1 116729
KSPSolve               1 1.0 2.9343e+00 1.0 2.83e+09 1.0 1.6e+06 8.5e+02 3.3e+03 24 80 98 95 98  24 80 98 95 98 150652
KSPGMRESOrthog      1643 1.0 9.6056e-01 1.1 1.39e+09 1.0 0.0e+00 0.0e+00 1.6e+03  7 40  0  0 48   7 40  0  0 48 226737
PCSetUp                2 1.0 9.3615e-01 1.0 7.94e+08 1.4 2.6e+04 1.7e+03 3.8e+01  8 20  2  3  1   8 20  2  3  1 116363
PCSetUpOnBlocks       52 1.0 5.5233e-01 1.5 6.71e+08 1.4 0.0e+00 0.0e+00 0.0e+00  4 16  0  0  0   4 16  0  0  0 162552
PCApply               17 1.0 2.8623e+00 1.0 2.77e+09 1.0 1.6e+06 8.4e+02 3.3e+03 23 79 97 94 97  23 79 97 94 97 151538
PCApplyOnBlocks       79 1.0 9.3976e-01 1.2 7.24e+08 1.1 0.0e+00 0.0e+00 0.0e+00  7 20  0  0  0   7 20  0  0  0 118482
------------------------------------------------------------------------------------------------------------------------

Memory usage is given in bytes:

Object Type          Creations   Destructions     Memory  Descendants' Mem.
Reports information only for process 0.

--- Event Stage 0: Main Stage

              Matrix    12             12     78712952     0.
              Vector   122            122     38729880     0.
           Index Set    18             18      1845004     0.
   IS L to G Mapping     1              1       681680     0.
   Star Forest Graph    11             11        12600     0.
       Krylov Solver     6              6        73864     0.
      Preconditioner     6              6         6464     0.
    Distributed Mesh     3              3        15144     0.
     Discrete System     3              3         2712     0.
           Weak Form     3              3         2472     0.
              Viewer     2              1          848     0.
========================================================================================================================
Average time to get PetscTime(): 3.13e-08
Average time for MPI_Barrier(): 9.92406e-05
Average time for zero size MPI_Send(): 2.72508e-06
#PETSc Option Table entries:
-ksp_converged_reason
-ksp_pc_side right
-ksp_type fgmres
-log_view
-m 1500
-mg_coarse_ksp_converged_reason
-mg_coarse_ksp_max_it 100
-mg_coarse_ksp_rtol 1e-2
-mg_coarse_ksp_type gmres
-mg_coarse_pc_type bjacobi
-mg_coarse_sub_pc_type ilu
-mg_levels_pc_type asm
-mg_levels_sub_pc_type lu
-n 1500
-nw
-pc_mg_type multiplicative
-pc_type mg
#End of PETSc Option Table entries
Compiled without FORTRAN kernels
Compiled with full precision matrices (default)
sizeof(short) 2 sizeof(int) 4 sizeof(long) 8 sizeof(void*) 8 sizeof(PetscScalar) 8 sizeof(PetscInt) 4
Configure options: --prefix=/home/a/asarkar/sudhipv/software/FreeFem-sources/install/ff-petsc/r MAKEFLAGS= --with-debugging=0 COPTFLAGS="-O3 -mtune=native" CXXOPTFLAGS="-O3 -mtune=native" FOPTFLAGS="-O3 -mtune=native" --with-cxx-dialect=C++11 --with-ssl=0 --with-x=0 --with-fortran-bindings=0 --with-cudac=0 --with-cc=/cvmfs/soft.computecanada.ca/easybuild/software/2020/avx512/Compiler/intel2020/openmpi/4.0.3/bin/mpicc --with-cxx=/cvmfs/soft.computecanada.ca/easybuild/software/2020/avx512/Compiler/intel2020/openmpi/4.0.3/bin/mpic++ --with-fc=/cvmfs/soft.computecanada.ca/easybuild/software/2020/avx512/Compiler/intel2020/openmpi/4.0.3/bin/mpif90 --with-scalar-type=real --with-blaslapack-include=/cvmfs/soft.computecanada.ca/easybuild/software/2020/Core/imkl/2020.1.217/mkl/include --with-blaslapack-lib="-Wl,-rpath,/cvmfs/soft.computecanada.ca/easybuild/software/2020/Core/imkl/2020.1.217/mkl/lib/intel64 -L/cvmfs/soft.computecanada.ca/easybuild/software/2020/Core/imkl/2020.1.217/mkl/lib/intel64 -lmkl_rt -lmkl_intel_thread -lmkl_core  -liomp5 -lpthread" --download-metis --download-ptscotch --download-hypre --download-parmetis --download-mmg --download-parmmg --download-superlu --download-suitesparse --download-tetgen --download-slepc --download-hpddm --download-scalapack --download-mumps --download-slepc-configure-arguments=--download-arpack=https://github.com/prj-/arpack-ng/archive/b64dccb.tar.gz PETSC_ARCH=fr
-----------------------------------------
Libraries compiled on 2021-05-02 15:39:49 on nia-login03.scinet.local 
Machine characteristics: Linux-3.10.0-957.27.2.el7.x86_64-x86_64-with-centos-7.6.1810-Core
Using PETSc directory: /home/a/asarkar/sudhipv/software/FreeFem-sources/install/ff-petsc/r
Using PETSc arch: 
-----------------------------------------

Using C compiler: /cvmfs/soft.computecanada.ca/easybuild/software/2020/avx512/Compiler/intel2020/openmpi/4.0.3/bin/mpicc  -fPIC -wd1572 -O3 -mtune=native   
Using Fortran compiler: /cvmfs/soft.computecanada.ca/easybuild/software/2020/avx512/Compiler/intel2020/openmpi/4.0.3/bin/mpif90  -fPIC -O3 -mtune=native     
-----------------------------------------

Using include paths: -I/home/a/asarkar/sudhipv/software/FreeFem-sources/install/ff-petsc/r/include -I/cvmfs/soft.computecanada.ca/easybuild/software/2020/Core/imkl/2020.1.217/mkl/include
-----------------------------------------

Using C linker: /cvmfs/soft.computecanada.ca/easybuild/software/2020/avx512/Compiler/intel2020/openmpi/4.0.3/bin/mpicc
Using Fortran linker: /cvmfs/soft.computecanada.ca/easybuild/software/2020/avx512/Compiler/intel2020/openmpi/4.0.3/bin/mpif90
Using libraries: -Wl,-rpath,/home/a/asarkar/sudhipv/software/FreeFem-sources/install/ff-petsc/r/lib -L/home/a/asarkar/sudhipv/software/FreeFem-sources/install/ff-petsc/r/lib -lpetsc -Wl,-rpath,/home/a/asarkar/sudhipv/software/FreeFem-sources/install/ff-petsc/r/lib -L/home/a/asarkar/sudhipv/software/FreeFem-sources/install/ff-petsc/r/lib -Wl,-rpath,/cvmfs/soft.computecanada.ca/easybuild/software/2020/Core/imkl/2020.1.217/mkl/lib/intel64 -L/cvmfs/soft.computecanada.ca/easybuild/software/2020/Core/imkl/2020.1.217/mkl/lib/intel64 -Wl,-rpath,/cvmfs/soft.computecanada.ca/easybuild/software/2020/avx512/Compiler/intel2020/openmpi/4.0.3/lib -L/cvmfs/soft.computecanada.ca/easybuild/software/2020/avx512/Compiler/intel2020/openmpi/4.0.3/lib -Wl,-rpath,/cvmfs/soft.computecanada.ca/easybuild/software/2020/avx512/Core/libfabric/1.10.1/lib -L/cvmfs/soft.computecanada.ca/easybuild/software/2020/avx512/Core/libfabric/1.10.1/lib -Wl,-rpath,/cvmfs/soft.computecanada.ca/easybuild/software/2020/avx512/Core/ucx/1.8.0/lib -L/cvmfs/soft.computecanada.ca/easybuild/software/2020/avx512/Core/ucx/1.8.0/lib -Wl,-rpath,/cvmfs/soft.computecanada.ca/easybuild/software/2020/Core/imkl/2020.1.217/lib/intel64 -L/cvmfs/soft.computecanada.ca/easybuild/software/2020/Core/imkl/2020.1.217/lib/intel64 -Wl,-rpath,/cvmfs/restricted.computecanada.ca/easybuild/software/2020/Core/intel/2020.1.217/compilers_and_libraries_2020.1.217/linux/tbb/lib/intel64/gcc4.8 -L/cvmfs/restricted.computecanada.ca/easybuild/software/2020/Core/intel/2020.1.217/compilers_and_libraries_2020.1.217/linux/tbb/lib/intel64/gcc4.8 -Wl,-rpath,/cvmfs/restricted.computecanada.ca/easybuild/software/2020/Core/intel/2020.1.217/compilers_and_libraries_2020.1.217/linux/compiler/lib/intel64_lin -L/cvmfs/restricted.computecanada.ca/easybuild/software/2020/Core/intel/2020.1.217/compilers_and_libraries_2020.1.217/linux/compiler/lib/intel64_lin -Wl,-rpath,/cvmfs/soft.computecanada.ca/easybuild/software/2020/avx512/Compiler/intel2020/openmpi/4.0.3/lib64 -L/cvmfs/soft.computecanada.ca/easybuild/software/2020/avx512/Compiler/intel2020/openmpi/4.0.3/lib64 -Wl,-rpath,/cvmfs/soft.computecanada.ca/easybuild/software/2020/Core/gcccore/9.3.0/lib/gcc/x86_64-pc-linux-gnu/9.3.0 -L/cvmfs/soft.computecanada.ca/easybuild/software/2020/Core/gcccore/9.3.0/lib/gcc/x86_64-pc-linux-gnu/9.3.0 -Wl,-rpath,/cvmfs/soft.computecanada.ca/easybuild/software/2020/Core/gcccore/9.3.0/lib64 -L/cvmfs/soft.computecanada.ca/easybuild/software/2020/Core/gcccore/9.3.0/lib64 -Wl,-rpath,/cvmfs/soft.computecanada.ca/gentoo/2020/lib64 -L/cvmfs/soft.computecanada.ca/gentoo/2020/lib64 -Wl,-rpath,/cvmfs/soft.computecanada.ca/gentoo/2020/usr/lib64 -L/cvmfs/soft.computecanada.ca/gentoo/2020/usr/lib64 -Wl,-rpath,/cvmfs/soft.computecanada.ca/easybuild/software/2020/Core/gcccore/9.3.0/lib -L/cvmfs/soft.computecanada.ca/easybuild/software/2020/Core/gcccore/9.3.0/lib -Wl,-rpath,/cvmfs/soft.computecanada.ca/gentoo/2020/lib -L/cvmfs/soft.computecanada.ca/gentoo/2020/lib -Wl,-rpath,/cvmfs/soft.computecanada.ca/gentoo/2020/usr/lib -L/cvmfs/soft.computecanada.ca/gentoo/2020/usr/lib -lHYPRE -lcmumps -ldmumps -lsmumps -lzmumps -lmumps_common -lpord -lscalapack -lumfpack -lklu -lcholmod -lbtf -lccolamd -lcolamd -lcamd -lamd -lsuitesparseconfig -lsuperlu -lmkl_rt -lmkl_intel_thread -lmkl_core -liomp5 -lpthread -lparmmg -lmmg -lmmg3d -lptesmumps -lptscotchparmetis -lptscotch -lptscotcherr -lesmumps -lscotch -lscotcherr -lpthread -lparmetis -lmetis -ltet -lstdc++ -ldl -lmpi_usempif08 -lmpi_usempi_ignore_tkr -lmpi_mpifh -lmpi -lifport -lifcoremt_pic -limf -lsvml -lm -lipgo -lirc -lpthread -lgcc_s -lirc_s -lrt -lquadmath -lstdc++ -ldl
-----------------------------------------

#############################################################################################################
#############################################################################################################
########     Finsihed Code with NL 10 Processors             #################################################
#############################################################################################################
#############################################################################################################
Number of Vertices for coarse mesh in process  0  3381921
    Linear mg_coarse_ solve converged due to CONVERGED_RTOL iterations 17
    Linear mg_coarse_ solve did not converge due to DIVERGED_ITS iterations 100
    Linear mg_coarse_ solve did not converge due to DIVERGED_ITS iterations 100
    Linear mg_coarse_ solve did not converge due to DIVERGED_ITS iterations 100
    Linear mg_coarse_ solve did not converge due to DIVERGED_ITS iterations 100
    Linear mg_coarse_ solve did not converge due to DIVERGED_ITS iterations 100
    Linear mg_coarse_ solve did not converge due to DIVERGED_ITS iterations 100
    Linear mg_coarse_ solve did not converge due to DIVERGED_ITS iterations 100
    Linear mg_coarse_ solve did not converge due to DIVERGED_ITS iterations 100
    Linear mg_coarse_ solve did not converge due to DIVERGED_ITS iterations 100
    Linear mg_coarse_ solve did not converge due to DIVERGED_ITS iterations 100
    Linear mg_coarse_ solve did not converge due to DIVERGED_ITS iterations 100
    Linear mg_coarse_ solve did not converge due to DIVERGED_ITS iterations 100
    Linear mg_coarse_ solve did not converge due to DIVERGED_ITS iterations 100
    Linear mg_coarse_ solve did not converge due to DIVERGED_ITS iterations 100
    Linear mg_coarse_ solve did not converge due to DIVERGED_ITS iterations 100
    Linear mg_coarse_ solve did not converge due to DIVERGED_ITS iterations 100
    Linear mg_coarse_ solve did not converge due to DIVERGED_ITS iterations 100
    Linear mg_coarse_ solve did not converge due to DIVERGED_ITS iterations 100
Linear solve converged due to CONVERGED_RTOL iterations 19
time taken for solve is16.4455
L2 Norm of uerr is0.00120017
************************************************************************************************************************
***             WIDEN YOUR WINDOW TO 120 CHARACTERS.  Use 'enscript -r -fCourier9' to print this document            ***
************************************************************************************************************************

---------------------------------------------- PETSc Performance Summary: ----------------------------------------------

/home/a/asarkar/sudhipv/software/FreeFem-sources/src/mpi/FreeFem++-mpi on a  named nia1569.scinet.local with 240 processors, by sudhipv Sun Oct  3 14:53:55 2021
Using Petsc Release Version 3.15.0, Mar 30, 2021 

                         Max       Max/Min     Avg       Total
Time (sec):           1.653e+01     1.000   1.653e+01
Objects:              1.870e+02     1.000   1.870e+02
Flop:                 4.044e+09     1.118   3.790e+09  9.097e+11
Flop/sec:             2.446e+08     1.118   2.292e+08  5.502e+10
MPI Messages:         1.694e+04     4.000   1.159e+04  2.782e+06
MPI Message Lengths:  1.304e+07     3.152   8.489e+02  2.361e+09
MPI Reductions:       3.831e+03     1.000

Flop counting convention: 1 flop = 1 real number operation of type (multiply/divide/add/subtract)
                            e.g., VecAXPY() for real vectors of length N --> 2N flop
                            and VecAXPY() for complex vectors of length N --> 8N flop

Summary of Stages:   ----- Time ------  ----- Flop ------  --- Messages ---  -- Message Lengths --  -- Reductions --
                        Avg     %Total     Avg     %Total    Count   %Total     Avg         %Total    Count   %Total
 0:      Main Stage: 1.6534e+01 100.0%  9.0966e+11 100.0%  2.782e+06 100.0%  8.489e+02      100.0%  3.813e+03  99.5%

------------------------------------------------------------------------------------------------------------------------
See the 'Profiling' chapter of the users' manual for details on interpreting output.
Phase summary info:
   Count: number of times phase was executed
   Time and Flop: Max - maximum over all processors
                  Ratio - ratio of maximum to minimum over all processors
   Mess: number of messages sent
   AvgLen: average message length (bytes)
   Reduct: number of global reductions
   Global: entire computation
   Stage: stages of a computation. Set stages with PetscLogStagePush() and PetscLogStagePop().
      %T - percent time in this phase         %F - percent flop in this phase
      %M - percent messages in this phase     %L - percent message lengths in this phase
      %R - percent reductions in this phase
   Total Mflop/s: 10e-6 * (sum of flop over all processors)/(max time over all processors)
------------------------------------------------------------------------------------------------------------------------
Event                Count      Time (sec)     Flop                              --- Global ---  --- Stage ----  Total
                   Max Ratio  Max     Ratio   Max  Ratio  Mess   AvgLen  Reduct  %T %F %M %L %R  %T %F %M %L %R Mflop/s
------------------------------------------------------------------------------------------------------------------------

--- Event Stage 0: Main Stage

BuildTwoSided          7 1.0 2.0326e-0116.1 0.00e+00 0.0 3.9e+03 4.0e+00 5.0e+00  1  0  0  0  0   1  0  0  0  0     0
BuildTwoSidedF         2 1.0 3.2704e-03 3.7 0.00e+00 0.0 0.0e+00 0.0e+00 2.0e+00  0  0  0  0  0   0  0  0  0  0     0
MatMult             1995 1.0 6.9606e-01 1.2 4.28e+08 1.0 2.6e+06 7.4e+02 2.0e+00  4 11 94 82  0   4 11 94 82  0 144603
MatMultAdd            19 1.0 3.3593e-02 1.3 2.17e+06 1.0 2.5e+04 2.2e+03 0.0e+00  0  0  1  2  0   0  0  1  2  0 15294
MatMultTranspose      19 1.0 4.9194e-02 2.3 0.00e+00 0.0 2.5e+04 7.5e+03 0.0e+00  0  0  1  8  0   0  0  1  8  0     0
MatSolve            1977 1.0 1.5423e+00 1.2 1.17e+09 1.1 0.0e+00 0.0e+00 0.0e+00  9 29  0  0  0   9 29  0  0  0 172710
MatLUFactorSym         1 1.0 9.6399e-02 1.4 0.00e+00 0.0 0.0e+00 0.0e+00 0.0e+00  0  0  0  0  0   0  0  0  0  0     0
MatLUFactorNum         2 1.0 4.3721e-01 1.8 7.11e+08 1.6 0.0e+00 0.0e+00 0.0e+00  2 15  0  0  0   2 15  0  0  0 308088
MatILUFactorSym        1 1.0 8.9135e-04 2.3 0.00e+00 0.0 0.0e+00 0.0e+00 0.0e+00  0  0  0  0  0   0  0  0  0  0     0
MatResidual           19 1.0 3.5769e-02 2.3 1.52e+07 1.0 2.5e+04 1.5e+03 0.0e+00  0  0  1  2  0   0  0  1  2  0 100514
MatAssemblyBegin       5 1.0 3.3297e-03 1.2 0.00e+00 0.0 0.0e+00 0.0e+00 2.0e+00  0  0  0  0  0   0  0  0  0  0     0
MatAssemblyEnd         5 1.0 1.2237e-01 6.0 0.00e+00 0.0 0.0e+00 0.0e+00 8.0e+00  1  0  0  0  0   1  0  0  0  0     0
MatGetRowIJ            2 1.0 4.1125e-03 2.1 0.00e+00 0.0 0.0e+00 0.0e+00 0.0e+00  0  0  0  0  0   0  0  0  0  0     0
MatCreateSubMats       1 1.0 2.9223e-02 1.4 0.00e+00 0.0 6.6e+03 3.5e+03 1.0e+00  0  0  0  1  0   0  0  0  1  0     0
MatGetOrdering         2 1.0 4.1313e-02 1.8 0.00e+00 0.0 0.0e+00 0.0e+00 0.0e+00  0  0  0  0  0   0  0  0  0  0     0
MatIncreaseOvrlp       1 1.0 1.1086e-02 1.5 0.00e+00 0.0 0.0e+00 0.0e+00 1.0e+00  0  0  0  0  0   0  0  0  0  0     0
VecMDot             1846 1.0 8.0325e-01 1.3 7.85e+08 1.0 0.0e+00 0.0e+00 1.8e+03  4 20  0  0 48   4 20  0  0 48 229305
VecNorm             1921 1.0 3.6162e-01 1.3 5.80e+07 1.0 0.0e+00 0.0e+00 1.9e+03  2  1  0  0 50   2  1  0  0 50 37669
VecScale            1959 1.0 1.0366e-02 1.6 2.90e+07 1.0 0.0e+00 0.0e+00 0.0e+00  0  1  0  0  0   0  1  0  0  0 657061
VecCopy              132 1.0 6.9417e-03 1.3 0.00e+00 0.0 0.0e+00 0.0e+00 0.0e+00  0  0  0  0  0   0  0  0  0  0     0
VecSet              2291 1.0 7.6995e-02 1.3 0.00e+00 0.0 0.0e+00 0.0e+00 0.0e+00  0  0  0  0  0   0  0  0  0  0     0
VecAXPY              148 1.0 5.9227e-03 1.6 6.05e+06 1.0 0.0e+00 0.0e+00 0.0e+00  0  0  0  0  0   0  0  0  0  0 240914
VecAYPX              114 1.0 1.6297e-02 1.4 8.66e+06 1.0 0.0e+00 0.0e+00 0.0e+00  0  0  0  0  0   0  0  0  0  0 126105
VecAXPBYCZ            38 1.0 9.0413e-03 1.4 1.08e+07 1.0 0.0e+00 0.0e+00 0.0e+00  0  0  0  0  0   0  0  0  0  0 284126
VecMAXPY            1921 1.0 4.2429e-01 1.2 8.40e+08 1.0 0.0e+00 0.0e+00 0.0e+00  2 22  0  0  0   2 22  0  0  0 464946
VecScatterBegin     2324 1.0 2.8197e-01 3.1 0.00e+00 0.0 2.7e+06 7.6e+02 3.0e+00  1  0 98 87  0   1  0 98 87  0     0
VecScatterEnd       2324 1.0 1.1568e-01 6.3 0.00e+00 0.0 0.0e+00 0.0e+00 0.0e+00  0  0  0  0  0   0  0  0  0  0     0
VecNormalize        1901 1.0 3.6394e-01 1.3 8.36e+07 1.0 0.0e+00 0.0e+00 1.9e+03  2  2  0  0 50   2  2  0  0 50 53915
SFSetGraph             5 1.0 1.4473e-04 1.8 0.00e+00 0.0 0.0e+00 0.0e+00 0.0e+00  0  0  0  0  0   0  0  0  0  0     0
SFSetUp                5 1.0 2.0803e-0114.2 0.00e+00 0.0 7.9e+03 3.1e+02 3.0e+00  1  0  0  0  0   1  0  0  0  0     0
SFReduceBegin         87 1.0 1.0835e-02 1.4 0.00e+00 0.0 0.0e+00 0.0e+00 0.0e+00  0  0  0  0  0   0  0  0  0  0     0
SFReduceEnd           87 1.0 1.1514e-04 2.5 0.00e+00 0.0 0.0e+00 0.0e+00 0.0e+00  0  0  0  0  0   0  0  0  0  0     0
SFPack              2324 1.0 6.3773e-03 1.9 0.00e+00 0.0 0.0e+00 0.0e+00 0.0e+00  0  0  0  0  0   0  0  0  0  0     0
SFUnpack            2324 1.0 1.2025e-03 2.4 0.00e+00 0.0 0.0e+00 0.0e+00 0.0e+00  0  0  0  0  0   0  0  0  0  0     0
KSPSetUp               4 1.0 1.0100e+00 1.0 8.38e+08 1.5 3.9e+04 1.7e+03 3.4e+01  6 18  1  3  1   6 18  1  3  1 161792
KSPSolve               1 1.0 3.3864e+00 1.0 3.21e+09 1.1 2.7e+06 8.3e+02 3.7e+03 20 82 98 96 98  20 82 98 96 98 220365
KSPGMRESOrthog      1846 1.0 1.1460e+00 1.2 1.57e+09 1.0 0.0e+00 0.0e+00 1.8e+03  6 40  0  0 48   6 40  0  0 48 321448
PCSetUp                2 1.0 1.0130e+00 1.0 8.38e+08 1.5 3.9e+04 1.7e+03 3.8e+01  6 18  1  3  1   6 18  1  3  1 161369
PCSetUpOnBlocks       58 1.0 5.4655e-01 1.6 7.11e+08 1.6 0.0e+00 0.0e+00 0.0e+00  3 15  0  0  0   3 15  0  0  0 246457
PCApply               19 1.0 3.3129e+00 1.0 3.14e+09 1.1 2.7e+06 8.2e+02 3.7e+03 20 80 97 94 97  20 80 97 94 97 220741
PCApplyOnBlocks       87 1.0 1.0661e+00 1.2 8.24e+08 1.1 0.0e+00 0.0e+00 0.0e+00  6 20  0  0  0   6 20  0  0  0 172752
------------------------------------------------------------------------------------------------------------------------

Memory usage is given in bytes:

Object Type          Creations   Destructions     Memory  Descendants' Mem.
Reports information only for process 0.

--- Event Stage 0: Main Stage

              Matrix    12             12     79269104     0.
              Vector   122            122     38766520     0.
           Index Set    18             18      1845508     0.
   IS L to G Mapping     1              1       681992     0.
   Star Forest Graph    11             11        12600     0.
       Krylov Solver     6              6        73864     0.
      Preconditioner     6              6         6464     0.
    Distributed Mesh     3              3        15144     0.
     Discrete System     3              3         2712     0.
           Weak Form     3              3         2472     0.
              Viewer     2              1          848     0.
========================================================================================================================
Average time to get PetscTime(): 3.15e-08
Average time for MPI_Barrier(): 0.000114205
Average time for zero size MPI_Send(): 1.25882e-06
#PETSc Option Table entries:
-ksp_converged_reason
-ksp_pc_side right
-ksp_type fgmres
-log_view
-m 1838
-mg_coarse_ksp_converged_reason
-mg_coarse_ksp_max_it 100
-mg_coarse_ksp_rtol 1e-2
-mg_coarse_ksp_type gmres
-mg_coarse_pc_type bjacobi
-mg_coarse_sub_pc_type ilu
-mg_levels_pc_type asm
-mg_levels_sub_pc_type lu
-n 1838
-nw
-pc_mg_type multiplicative
-pc_type mg
#End of PETSc Option Table entries
Compiled without FORTRAN kernels
Compiled with full precision matrices (default)
sizeof(short) 2 sizeof(int) 4 sizeof(long) 8 sizeof(void*) 8 sizeof(PetscScalar) 8 sizeof(PetscInt) 4
Configure options: --prefix=/home/a/asarkar/sudhipv/software/FreeFem-sources/install/ff-petsc/r MAKEFLAGS= --with-debugging=0 COPTFLAGS="-O3 -mtune=native" CXXOPTFLAGS="-O3 -mtune=native" FOPTFLAGS="-O3 -mtune=native" --with-cxx-dialect=C++11 --with-ssl=0 --with-x=0 --with-fortran-bindings=0 --with-cudac=0 --with-cc=/cvmfs/soft.computecanada.ca/easybuild/software/2020/avx512/Compiler/intel2020/openmpi/4.0.3/bin/mpicc --with-cxx=/cvmfs/soft.computecanada.ca/easybuild/software/2020/avx512/Compiler/intel2020/openmpi/4.0.3/bin/mpic++ --with-fc=/cvmfs/soft.computecanada.ca/easybuild/software/2020/avx512/Compiler/intel2020/openmpi/4.0.3/bin/mpif90 --with-scalar-type=real --with-blaslapack-include=/cvmfs/soft.computecanada.ca/easybuild/software/2020/Core/imkl/2020.1.217/mkl/include --with-blaslapack-lib="-Wl,-rpath,/cvmfs/soft.computecanada.ca/easybuild/software/2020/Core/imkl/2020.1.217/mkl/lib/intel64 -L/cvmfs/soft.computecanada.ca/easybuild/software/2020/Core/imkl/2020.1.217/mkl/lib/intel64 -lmkl_rt -lmkl_intel_thread -lmkl_core  -liomp5 -lpthread" --download-metis --download-ptscotch --download-hypre --download-parmetis --download-mmg --download-parmmg --download-superlu --download-suitesparse --download-tetgen --download-slepc --download-hpddm --download-scalapack --download-mumps --download-slepc-configure-arguments=--download-arpack=https://github.com/prj-/arpack-ng/archive/b64dccb.tar.gz PETSC_ARCH=fr
-----------------------------------------
Libraries compiled on 2021-05-02 15:39:49 on nia-login03.scinet.local 
Machine characteristics: Linux-3.10.0-957.27.2.el7.x86_64-x86_64-with-centos-7.6.1810-Core
Using PETSc directory: /home/a/asarkar/sudhipv/software/FreeFem-sources/install/ff-petsc/r
Using PETSc arch: 
-----------------------------------------

Using C compiler: /cvmfs/soft.computecanada.ca/easybuild/software/2020/avx512/Compiler/intel2020/openmpi/4.0.3/bin/mpicc  -fPIC -wd1572 -O3 -mtune=native   
Using Fortran compiler: /cvmfs/soft.computecanada.ca/easybuild/software/2020/avx512/Compiler/intel2020/openmpi/4.0.3/bin/mpif90  -fPIC -O3 -mtune=native     
-----------------------------------------

Using include paths: -I/home/a/asarkar/sudhipv/software/FreeFem-sources/install/ff-petsc/r/include -I/cvmfs/soft.computecanada.ca/easybuild/software/2020/Core/imkl/2020.1.217/mkl/include
-----------------------------------------

Using C linker: /cvmfs/soft.computecanada.ca/easybuild/software/2020/avx512/Compiler/intel2020/openmpi/4.0.3/bin/mpicc
Using Fortran linker: /cvmfs/soft.computecanada.ca/easybuild/software/2020/avx512/Compiler/intel2020/openmpi/4.0.3/bin/mpif90
Using libraries: -Wl,-rpath,/home/a/asarkar/sudhipv/software/FreeFem-sources/install/ff-petsc/r/lib -L/home/a/asarkar/sudhipv/software/FreeFem-sources/install/ff-petsc/r/lib -lpetsc -Wl,-rpath,/home/a/asarkar/sudhipv/software/FreeFem-sources/install/ff-petsc/r/lib -L/home/a/asarkar/sudhipv/software/FreeFem-sources/install/ff-petsc/r/lib -Wl,-rpath,/cvmfs/soft.computecanada.ca/easybuild/software/2020/Core/imkl/2020.1.217/mkl/lib/intel64 -L/cvmfs/soft.computecanada.ca/easybuild/software/2020/Core/imkl/2020.1.217/mkl/lib/intel64 -Wl,-rpath,/cvmfs/soft.computecanada.ca/easybuild/software/2020/avx512/Compiler/intel2020/openmpi/4.0.3/lib -L/cvmfs/soft.computecanada.ca/easybuild/software/2020/avx512/Compiler/intel2020/openmpi/4.0.3/lib -Wl,-rpath,/cvmfs/soft.computecanada.ca/easybuild/software/2020/avx512/Core/libfabric/1.10.1/lib -L/cvmfs/soft.computecanada.ca/easybuild/software/2020/avx512/Core/libfabric/1.10.1/lib -Wl,-rpath,/cvmfs/soft.computecanada.ca/easybuild/software/2020/avx512/Core/ucx/1.8.0/lib -L/cvmfs/soft.computecanada.ca/easybuild/software/2020/avx512/Core/ucx/1.8.0/lib -Wl,-rpath,/cvmfs/soft.computecanada.ca/easybuild/software/2020/Core/imkl/2020.1.217/lib/intel64 -L/cvmfs/soft.computecanada.ca/easybuild/software/2020/Core/imkl/2020.1.217/lib/intel64 -Wl,-rpath,/cvmfs/restricted.computecanada.ca/easybuild/software/2020/Core/intel/2020.1.217/compilers_and_libraries_2020.1.217/linux/tbb/lib/intel64/gcc4.8 -L/cvmfs/restricted.computecanada.ca/easybuild/software/2020/Core/intel/2020.1.217/compilers_and_libraries_2020.1.217/linux/tbb/lib/intel64/gcc4.8 -Wl,-rpath,/cvmfs/restricted.computecanada.ca/easybuild/software/2020/Core/intel/2020.1.217/compilers_and_libraries_2020.1.217/linux/compiler/lib/intel64_lin -L/cvmfs/restricted.computecanada.ca/easybuild/software/2020/Core/intel/2020.1.217/compilers_and_libraries_2020.1.217/linux/compiler/lib/intel64_lin -Wl,-rpath,/cvmfs/soft.computecanada.ca/easybuild/software/2020/avx512/Compiler/intel2020/openmpi/4.0.3/lib64 -L/cvmfs/soft.computecanada.ca/easybuild/software/2020/avx512/Compiler/intel2020/openmpi/4.0.3/lib64 -Wl,-rpath,/cvmfs/soft.computecanada.ca/easybuild/software/2020/Core/gcccore/9.3.0/lib/gcc/x86_64-pc-linux-gnu/9.3.0 -L/cvmfs/soft.computecanada.ca/easybuild/software/2020/Core/gcccore/9.3.0/lib/gcc/x86_64-pc-linux-gnu/9.3.0 -Wl,-rpath,/cvmfs/soft.computecanada.ca/easybuild/software/2020/Core/gcccore/9.3.0/lib64 -L/cvmfs/soft.computecanada.ca/easybuild/software/2020/Core/gcccore/9.3.0/lib64 -Wl,-rpath,/cvmfs/soft.computecanada.ca/gentoo/2020/lib64 -L/cvmfs/soft.computecanada.ca/gentoo/2020/lib64 -Wl,-rpath,/cvmfs/soft.computecanada.ca/gentoo/2020/usr/lib64 -L/cvmfs/soft.computecanada.ca/gentoo/2020/usr/lib64 -Wl,-rpath,/cvmfs/soft.computecanada.ca/easybuild/software/2020/Core/gcccore/9.3.0/lib -L/cvmfs/soft.computecanada.ca/easybuild/software/2020/Core/gcccore/9.3.0/lib -Wl,-rpath,/cvmfs/soft.computecanada.ca/gentoo/2020/lib -L/cvmfs/soft.computecanada.ca/gentoo/2020/lib -Wl,-rpath,/cvmfs/soft.computecanada.ca/gentoo/2020/usr/lib -L/cvmfs/soft.computecanada.ca/gentoo/2020/usr/lib -lHYPRE -lcmumps -ldmumps -lsmumps -lzmumps -lmumps_common -lpord -lscalapack -lumfpack -lklu -lcholmod -lbtf -lccolamd -lcolamd -lcamd -lamd -lsuitesparseconfig -lsuperlu -lmkl_rt -lmkl_intel_thread -lmkl_core -liomp5 -lpthread -lparmmg -lmmg -lmmg3d -lptesmumps -lptscotchparmetis -lptscotch -lptscotcherr -lesmumps -lscotch -lscotcherr -lpthread -lparmetis -lmetis -ltet -lstdc++ -ldl -lmpi_usempif08 -lmpi_usempi_ignore_tkr -lmpi_mpifh -lmpi -lifport -lifcoremt_pic -limf -lsvml -lm -lipgo -lirc -lpthread -lgcc_s -lirc_s -lrt -lquadmath -lstdc++ -ldl
-----------------------------------------

#############################################################################################################
#############################################################################################################
########     Finsihed Code with NL 10 Processors             #################################################
#############################################################################################################
#############################################################################################################
Number of Vertices for coarse mesh in process  0  5635876
    Linear mg_coarse_ solve converged due to CONVERGED_RTOL iterations 17
    Linear mg_coarse_ solve did not converge due to DIVERGED_ITS iterations 100
    Linear mg_coarse_ solve did not converge due to DIVERGED_ITS iterations 100
    Linear mg_coarse_ solve did not converge due to DIVERGED_ITS iterations 100
    Linear mg_coarse_ solve did not converge due to DIVERGED_ITS iterations 100
    Linear mg_coarse_ solve did not converge due to DIVERGED_ITS iterations 100
    Linear mg_coarse_ solve did not converge due to DIVERGED_ITS iterations 100
    Linear mg_coarse_ solve did not converge due to DIVERGED_ITS iterations 100
    Linear mg_coarse_ solve did not converge due to DIVERGED_ITS iterations 100
    Linear mg_coarse_ solve did not converge due to DIVERGED_ITS iterations 100
    Linear mg_coarse_ solve did not converge due to DIVERGED_ITS iterations 100
    Linear mg_coarse_ solve did not converge due to DIVERGED_ITS iterations 100
    Linear mg_coarse_ solve did not converge due to DIVERGED_ITS iterations 100
    Linear mg_coarse_ solve did not converge due to DIVERGED_ITS iterations 100
    Linear mg_coarse_ solve did not converge due to DIVERGED_ITS iterations 100
    Linear mg_coarse_ solve did not converge due to DIVERGED_ITS iterations 100
    Linear mg_coarse_ solve did not converge due to DIVERGED_ITS iterations 100
    Linear mg_coarse_ solve did not converge due to DIVERGED_ITS iterations 100
    Linear mg_coarse_ solve did not converge due to DIVERGED_ITS iterations 100
    Linear mg_coarse_ solve did not converge due to DIVERGED_ITS iterations 100
    Linear mg_coarse_ solve did not converge due to DIVERGED_ITS iterations 100
    Linear mg_coarse_ solve did not converge due to DIVERGED_ITS iterations 100
    Linear mg_coarse_ solve did not converge due to DIVERGED_ITS iterations 100
    Linear mg_coarse_ solve did not converge due to DIVERGED_ITS iterations 100
Linear solve converged due to CONVERGED_RTOL iterations 24
time taken for solve is24.4453
L2 Norm of uerr is0.000721463
************************************************************************************************************************
***             WIDEN YOUR WINDOW TO 120 CHARACTERS.  Use 'enscript -r -fCourier9' to print this document            ***
************************************************************************************************************************

---------------------------------------------- PETSc Performance Summary: ----------------------------------------------

/home/a/asarkar/sudhipv/software/FreeFem-sources/src/mpi/FreeFem++-mpi on a  named nia1569.scinet.local with 400 processors, by sudhipv Sun Oct  3 14:54:27 2021
Using Petsc Release Version 3.15.0, Mar 30, 2021 

                         Max       Max/Min     Avg       Total
Time (sec):           2.453e+01     1.000   2.453e+01
Objects:              2.050e+02     1.000   2.050e+02
Flop:                 4.835e+09     1.085   4.645e+09  1.858e+12
Flop/sec:             1.971e+08     1.085   1.893e+08  7.573e+10
MPI Messages:         2.150e+04     4.000   1.501e+04  6.003e+06
MPI Message Lengths:  1.566e+07     3.083   8.447e+02  5.071e+09
MPI Reductions:       4.861e+03     1.000

Flop counting convention: 1 flop = 1 real number operation of type (multiply/divide/add/subtract)
                            e.g., VecAXPY() for real vectors of length N --> 2N flop
                            and VecAXPY() for complex vectors of length N --> 8N flop

Summary of Stages:   ----- Time ------  ----- Flop ------  --- Messages ---  -- Message Lengths --  -- Reductions --
                        Avg     %Total     Avg     %Total    Count   %Total     Avg         %Total    Count   %Total
 0:      Main Stage: 2.4533e+01 100.0%  1.8579e+12 100.0%  6.003e+06 100.0%  8.447e+02      100.0%  4.843e+03  99.6%

------------------------------------------------------------------------------------------------------------------------
See the 'Profiling' chapter of the users' manual for details on interpreting output.
Phase summary info:
   Count: number of times phase was executed
   Time and Flop: Max - maximum over all processors
                  Ratio - ratio of maximum to minimum over all processors
   Mess: number of messages sent
   AvgLen: average message length (bytes)
   Reduct: number of global reductions
   Global: entire computation
   Stage: stages of a computation. Set stages with PetscLogStagePush() and PetscLogStagePop().
      %T - percent time in this phase         %F - percent flop in this phase
      %M - percent messages in this phase     %L - percent message lengths in this phase
      %R - percent reductions in this phase
   Total Mflop/s: 10e-6 * (sum of flop over all processors)/(max time over all processors)
------------------------------------------------------------------------------------------------------------------------
Event                Count      Time (sec)     Flop                              --- Global ---  --- Stage ----  Total
                   Max Ratio  Max     Ratio   Max  Ratio  Mess   AvgLen  Reduct  %T %F %M %L %R  %T %F %M %L %R Mflop/s
------------------------------------------------------------------------------------------------------------------------

--- Event Stage 0: Main Stage

BuildTwoSided          7 1.0 1.8880e-0111.1 0.00e+00 0.0 6.7e+03 4.0e+00 5.0e+00  0  0  0  0  0   0  0  0  0  0     0
BuildTwoSidedF         2 1.0 3.6381e-03 3.6 0.00e+00 0.0 0.0e+00 0.0e+00 2.0e+00  0  0  0  0  0   0  0  0  0  0     0
MatMult             2540 1.0 9.0180e-01 1.2 5.44e+08 1.0 5.7e+06 7.4e+02 2.0e+00  3 11 95 83  0   3 11 95 83  0 235968
MatMultAdd            24 1.0 4.1141e-02 1.2 2.74e+06 1.0 5.4e+04 2.2e+03 0.0e+00  0  0  1  2  0   0  0  1  2  0 26291
MatMultTranspose      24 1.0 5.5700e-02 2.0 0.00e+00 0.0 5.4e+04 7.6e+03 0.0e+00  0  0  1  8  0   0  0  1  8  0     0
MatSolve            2517 1.0 1.9136e+00 1.1 1.44e+09 1.1 0.0e+00 0.0e+00 0.0e+00  7 30  0  0  0   7 30  0  0  0 288250
MatLUFactorSym         1 1.0 1.1170e-01 1.6 0.00e+00 0.0 0.0e+00 0.0e+00 0.0e+00  0  0  0  0  0   0  0  0  0  0     0
MatLUFactorNum         2 1.0 4.3771e-01 1.6 6.80e+08 1.5 0.0e+00 0.0e+00 0.0e+00  1 12  0  0  0   1 12  0  0  0 508756
MatILUFactorSym        1 1.0 1.2149e-03 3.3 0.00e+00 0.0 0.0e+00 0.0e+00 0.0e+00  0  0  0  0  0   0  0  0  0  0     0
MatResidual           24 1.0 4.6969e-02 2.2 1.92e+07 1.0 5.4e+04 1.5e+03 0.0e+00  0  0  1  2  0   0  0  1  2  0 161163
MatAssemblyBegin       5 1.0 3.9868e-03 1.2 0.00e+00 0.0 0.0e+00 0.0e+00 2.0e+00  0  0  0  0  0   0  0  0  0  0     0
MatAssemblyEnd         5 1.0 1.3639e-01 5.8 0.00e+00 0.0 0.0e+00 0.0e+00 8.0e+00  0  0  0  0  0   0  0  0  0  0     0
MatGetRowIJ            2 1.0 4.3947e-03 2.4 0.00e+00 0.0 0.0e+00 0.0e+00 0.0e+00  0  0  0  0  0   0  0  0  0  0     0
MatCreateSubMats       1 1.0 3.2073e-02 1.5 0.00e+00 0.0 1.1e+04 3.5e+03 1.0e+00  0  0  0  1  0   0  0  0  1  0     0
MatGetOrdering         2 1.0 4.2206e-02 1.8 0.00e+00 0.0 0.0e+00 0.0e+00 0.0e+00  0  0  0  0  0   0  0  0  0  0     0
MatIncreaseOvrlp       1 1.0 1.2585e-02 1.5 0.00e+00 0.0 0.0e+00 0.0e+00 1.0e+00  0  0  0  0  0   0  0  0  0  0     0
VecMDot             2351 1.0 1.1473e+00 1.3 1.01e+09 1.0 0.0e+00 0.0e+00 2.4e+03  4 21  0  0 48   4 21  0  0 49 343085
VecNorm             2446 1.0 4.2628e-01 1.5 7.37e+07 1.0 0.0e+00 0.0e+00 2.4e+03  1  2  0  0 50   1  2  0  0 51 67532
VecScale            2494 1.0 1.2980e-02 1.6 3.68e+07 1.0 0.0e+00 0.0e+00 0.0e+00  0  1  0  0  0   0  1  0  0  0 1108880
VecCopy              167 1.0 9.1640e-03 1.3 0.00e+00 0.0 0.0e+00 0.0e+00 0.0e+00  0  0  0  0  0   0  0  0  0  0     0
VecSet              2906 1.0 9.5708e-02 1.2 0.00e+00 0.0 0.0e+00 0.0e+00 0.0e+00  0  0  0  0  0   0  0  0  0  0     0
VecAXPY              188 1.0 7.2706e-03 1.5 7.64e+06 1.0 0.0e+00 0.0e+00 0.0e+00  0  0  0  0  0   0  0  0  0  0 412320
VecAYPX              144 1.0 2.0692e-02 1.4 1.09e+07 1.0 0.0e+00 0.0e+00 0.0e+00  0  0  0  0  0   0  0  0  0  0 209095
VecAXPBYCZ            48 1.0 1.1740e-02 1.4 1.37e+07 1.0 0.0e+00 0.0e+00 0.0e+00  0  0  0  0  0   0  0  0  0  0 460650
VecMAXPY            2446 1.0 5.6125e-01 1.2 1.08e+09 1.0 0.0e+00 0.0e+00 0.0e+00  2 23  0  0  0   2 23  0  0  0 750621
VecScatterBegin     2944 1.0 2.8608e-01 2.6 0.00e+00 0.0 5.9e+06 7.6e+02 3.0e+00  1  0 98 88  0   1  0 98 88  0     0
VecScatterEnd       2944 1.0 1.3620e-01 4.9 0.00e+00 0.0 0.0e+00 0.0e+00 0.0e+00  0  0  0  0  0   0  0  0  0  0     0
VecNormalize        2421 1.0 4.2481e-01 1.5 1.06e+08 1.1 0.0e+00 0.0e+00 2.4e+03  1  2  0  0 50   1  2  0  0 50 97671
SFSetGraph             5 1.0 1.5334e-04 1.8 0.00e+00 0.0 0.0e+00 0.0e+00 0.0e+00  0  0  0  0  0   0  0  0  0  0     0
SFSetUp                5 1.0 1.9321e-0110.4 0.00e+00 0.0 1.3e+04 3.1e+02 3.0e+00  0  0  0  0  0   0  0  0  0  0     0
SFReduceBegin        107 1.0 1.3098e-02 1.3 0.00e+00 0.0 0.0e+00 0.0e+00 0.0e+00  0  0  0  0  0   0  0  0  0  0     0
SFReduceEnd          107 1.0 1.3653e-04 2.5 0.00e+00 0.0 0.0e+00 0.0e+00 0.0e+00  0  0  0  0  0   0  0  0  0  0     0
SFPack              2944 1.0 7.8049e-03 2.3 0.00e+00 0.0 0.0e+00 0.0e+00 0.0e+00  0  0  0  0  0   0  0  0  0  0     0
SFUnpack            2944 1.0 2.3158e-03 3.6 0.00e+00 0.0 0.0e+00 0.0e+00 0.0e+00  0  0  0  0  0   0  0  0  0  0     0
KSPSetUp               4 1.0 9.6650e-01 1.0 8.03e+08 1.4 6.7e+04 1.7e+03 3.4e+01  4 15  1  2  1   4 15  1  2  1 279855
KSPSolve               1 1.0 4.5615e+00 1.0 4.07e+09 1.1 5.9e+06 8.3e+02 4.8e+03 19 85 99 97 98  19 85 99 97 99 348003
KSPGMRESOrthog      2351 1.0 1.6110e+00 1.1 2.02e+09 1.0 0.0e+00 0.0e+00 2.4e+03  6 42  0  0 48   6 42  0  0 49 488665
PCSetUp                2 1.0 9.6973e-01 1.0 8.03e+08 1.4 6.7e+04 1.7e+03 3.8e+01  4 15  1  2  1   4 15  1  2  1 279011
PCSetUpOnBlocks       73 1.0 5.4829e-01 1.5 6.80e+08 1.5 0.0e+00 0.0e+00 0.0e+00  2 12  0  0  0   2 12  0  0  0 406153
PCApply               24 1.0 4.4291e+00 1.0 3.98e+09 1.1 5.9e+06 8.2e+02 4.7e+03 18 83 98 95 97  18 83 98 95 98 350073
PCApplyOnBlocks      107 1.0 1.2811e+00 1.1 9.93e+08 1.1 0.0e+00 0.0e+00 0.0e+00  5 20  0  0  0   5 20  0  0  0 294236
------------------------------------------------------------------------------------------------------------------------

Memory usage is given in bytes:

Object Type          Creations   Destructions     Memory  Descendants' Mem.
Reports information only for process 0.

--- Event Stage 0: Main Stage

              Matrix    12             12     77906936     0.
              Vector   140            140     46863336     0.
           Index Set    18             18      1845740     0.
   IS L to G Mapping     1              1       682160     0.
   Star Forest Graph    11             11        12600     0.
       Krylov Solver     6              6        73864     0.
      Preconditioner     6              6         6464     0.
    Distributed Mesh     3              3        15144     0.
     Discrete System     3              3         2712     0.
           Weak Form     3              3         2472     0.
              Viewer     2              1          848     0.
========================================================================================================================
Average time to get PetscTime(): 3.07e-08
Average time for MPI_Barrier(): 7.08882e-05
Average time for zero size MPI_Send(): 1.33128e-06
#PETSc Option Table entries:
-ksp_converged_reason
-ksp_pc_side right
-ksp_type fgmres
-log_view
-m 2373
-mg_coarse_ksp_converged_reason
-mg_coarse_ksp_max_it 100
-mg_coarse_ksp_rtol 1e-2
-mg_coarse_ksp_type gmres
-mg_coarse_pc_type bjacobi
-mg_coarse_sub_pc_type ilu
-mg_levels_pc_type asm
-mg_levels_sub_pc_type lu
-n 2373
-nw
-pc_mg_type multiplicative
-pc_type mg
#End of PETSc Option Table entries
Compiled without FORTRAN kernels
Compiled with full precision matrices (default)
sizeof(short) 2 sizeof(int) 4 sizeof(long) 8 sizeof(void*) 8 sizeof(PetscScalar) 8 sizeof(PetscInt) 4
Configure options: --prefix=/home/a/asarkar/sudhipv/software/FreeFem-sources/install/ff-petsc/r MAKEFLAGS= --with-debugging=0 COPTFLAGS="-O3 -mtune=native" CXXOPTFLAGS="-O3 -mtune=native" FOPTFLAGS="-O3 -mtune=native" --with-cxx-dialect=C++11 --with-ssl=0 --with-x=0 --with-fortran-bindings=0 --with-cudac=0 --with-cc=/cvmfs/soft.computecanada.ca/easybuild/software/2020/avx512/Compiler/intel2020/openmpi/4.0.3/bin/mpicc --with-cxx=/cvmfs/soft.computecanada.ca/easybuild/software/2020/avx512/Compiler/intel2020/openmpi/4.0.3/bin/mpic++ --with-fc=/cvmfs/soft.computecanada.ca/easybuild/software/2020/avx512/Compiler/intel2020/openmpi/4.0.3/bin/mpif90 --with-scalar-type=real --with-blaslapack-include=/cvmfs/soft.computecanada.ca/easybuild/software/2020/Core/imkl/2020.1.217/mkl/include --with-blaslapack-lib="-Wl,-rpath,/cvmfs/soft.computecanada.ca/easybuild/software/2020/Core/imkl/2020.1.217/mkl/lib/intel64 -L/cvmfs/soft.computecanada.ca/easybuild/software/2020/Core/imkl/2020.1.217/mkl/lib/intel64 -lmkl_rt -lmkl_intel_thread -lmkl_core  -liomp5 -lpthread" --download-metis --download-ptscotch --download-hypre --download-parmetis --download-mmg --download-parmmg --download-superlu --download-suitesparse --download-tetgen --download-slepc --download-hpddm --download-scalapack --download-mumps --download-slepc-configure-arguments=--download-arpack=https://github.com/prj-/arpack-ng/archive/b64dccb.tar.gz PETSC_ARCH=fr
-----------------------------------------
Libraries compiled on 2021-05-02 15:39:49 on nia-login03.scinet.local 
Machine characteristics: Linux-3.10.0-957.27.2.el7.x86_64-x86_64-with-centos-7.6.1810-Core
Using PETSc directory: /home/a/asarkar/sudhipv/software/FreeFem-sources/install/ff-petsc/r
Using PETSc arch: 
-----------------------------------------

Using C compiler: /cvmfs/soft.computecanada.ca/easybuild/software/2020/avx512/Compiler/intel2020/openmpi/4.0.3/bin/mpicc  -fPIC -wd1572 -O3 -mtune=native   
Using Fortran compiler: /cvmfs/soft.computecanada.ca/easybuild/software/2020/avx512/Compiler/intel2020/openmpi/4.0.3/bin/mpif90  -fPIC -O3 -mtune=native     
-----------------------------------------

Using include paths: -I/home/a/asarkar/sudhipv/software/FreeFem-sources/install/ff-petsc/r/include -I/cvmfs/soft.computecanada.ca/easybuild/software/2020/Core/imkl/2020.1.217/mkl/include
-----------------------------------------

Using C linker: /cvmfs/soft.computecanada.ca/easybuild/software/2020/avx512/Compiler/intel2020/openmpi/4.0.3/bin/mpicc
Using Fortran linker: /cvmfs/soft.computecanada.ca/easybuild/software/2020/avx512/Compiler/intel2020/openmpi/4.0.3/bin/mpif90
Using libraries: -Wl,-rpath,/home/a/asarkar/sudhipv/software/FreeFem-sources/install/ff-petsc/r/lib -L/home/a/asarkar/sudhipv/software/FreeFem-sources/install/ff-petsc/r/lib -lpetsc -Wl,-rpath,/home/a/asarkar/sudhipv/software/FreeFem-sources/install/ff-petsc/r/lib -L/home/a/asarkar/sudhipv/software/FreeFem-sources/install/ff-petsc/r/lib -Wl,-rpath,/cvmfs/soft.computecanada.ca/easybuild/software/2020/Core/imkl/2020.1.217/mkl/lib/intel64 -L/cvmfs/soft.computecanada.ca/easybuild/software/2020/Core/imkl/2020.1.217/mkl/lib/intel64 -Wl,-rpath,/cvmfs/soft.computecanada.ca/easybuild/software/2020/avx512/Compiler/intel2020/openmpi/4.0.3/lib -L/cvmfs/soft.computecanada.ca/easybuild/software/2020/avx512/Compiler/intel2020/openmpi/4.0.3/lib -Wl,-rpath,/cvmfs/soft.computecanada.ca/easybuild/software/2020/avx512/Core/libfabric/1.10.1/lib -L/cvmfs/soft.computecanada.ca/easybuild/software/2020/avx512/Core/libfabric/1.10.1/lib -Wl,-rpath,/cvmfs/soft.computecanada.ca/easybuild/software/2020/avx512/Core/ucx/1.8.0/lib -L/cvmfs/soft.computecanada.ca/easybuild/software/2020/avx512/Core/ucx/1.8.0/lib -Wl,-rpath,/cvmfs/soft.computecanada.ca/easybuild/software/2020/Core/imkl/2020.1.217/lib/intel64 -L/cvmfs/soft.computecanada.ca/easybuild/software/2020/Core/imkl/2020.1.217/lib/intel64 -Wl,-rpath,/cvmfs/restricted.computecanada.ca/easybuild/software/2020/Core/intel/2020.1.217/compilers_and_libraries_2020.1.217/linux/tbb/lib/intel64/gcc4.8 -L/cvmfs/restricted.computecanada.ca/easybuild/software/2020/Core/intel/2020.1.217/compilers_and_libraries_2020.1.217/linux/tbb/lib/intel64/gcc4.8 -Wl,-rpath,/cvmfs/restricted.computecanada.ca/easybuild/software/2020/Core/intel/2020.1.217/compilers_and_libraries_2020.1.217/linux/compiler/lib/intel64_lin -L/cvmfs/restricted.computecanada.ca/easybuild/software/2020/Core/intel/2020.1.217/compilers_and_libraries_2020.1.217/linux/compiler/lib/intel64_lin -Wl,-rpath,/cvmfs/soft.computecanada.ca/easybuild/software/2020/avx512/Compiler/intel2020/openmpi/4.0.3/lib64 -L/cvmfs/soft.computecanada.ca/easybuild/software/2020/avx512/Compiler/intel2020/openmpi/4.0.3/lib64 -Wl,-rpath,/cvmfs/soft.computecanada.ca/easybuild/software/2020/Core/gcccore/9.3.0/lib/gcc/x86_64-pc-linux-gnu/9.3.0 -L/cvmfs/soft.computecanada.ca/easybuild/software/2020/Core/gcccore/9.3.0/lib/gcc/x86_64-pc-linux-gnu/9.3.0 -Wl,-rpath,/cvmfs/soft.computecanada.ca/easybuild/software/2020/Core/gcccore/9.3.0/lib64 -L/cvmfs/soft.computecanada.ca/easybuild/software/2020/Core/gcccore/9.3.0/lib64 -Wl,-rpath,/cvmfs/soft.computecanada.ca/gentoo/2020/lib64 -L/cvmfs/soft.computecanada.ca/gentoo/2020/lib64 -Wl,-rpath,/cvmfs/soft.computecanada.ca/gentoo/2020/usr/lib64 -L/cvmfs/soft.computecanada.ca/gentoo/2020/usr/lib64 -Wl,-rpath,/cvmfs/soft.computecanada.ca/easybuild/software/2020/Core/gcccore/9.3.0/lib -L/cvmfs/soft.computecanada.ca/easybuild/software/2020/Core/gcccore/9.3.0/lib -Wl,-rpath,/cvmfs/soft.computecanada.ca/gentoo/2020/lib -L/cvmfs/soft.computecanada.ca/gentoo/2020/lib -Wl,-rpath,/cvmfs/soft.computecanada.ca/gentoo/2020/usr/lib -L/cvmfs/soft.computecanada.ca/gentoo/2020/usr/lib -lHYPRE -lcmumps -ldmumps -lsmumps -lzmumps -lmumps_common -lpord -lscalapack -lumfpack -lklu -lcholmod -lbtf -lccolamd -lcolamd -lcamd -lamd -lsuitesparseconfig -lsuperlu -lmkl_rt -lmkl_intel_thread -lmkl_core -liomp5 -lpthread -lparmmg -lmmg -lmmg3d -lptesmumps -lptscotchparmetis -lptscotch -lptscotcherr -lesmumps -lscotch -lscotcherr -lpthread -lparmetis -lmetis -ltet -lstdc++ -ldl -lmpi_usempif08 -lmpi_usempi_ignore_tkr -lmpi_mpifh -lmpi -lifport -lifcoremt_pic -limf -lsvml -lm -lipgo -lirc -lpthread -lgcc_s -lirc_s -lrt -lquadmath -lstdc++ -ldl
-----------------------------------------

#############################################################################################################
#############################################################################################################
########     Finsihed Code with NL 10 Processors             #################################################
#############################################################################################################
#############################################################################################################

scontrol show jobid 6184101
JobId=6184101 JobName=2L_V3_weak
   UserId=sudhipv(3061414) GroupId=asarkar(6001189) MCS_label=N/A
   Priority=2388748 Nice=0 Account=def-asarkar QOS=normal
   JobState=COMPLETED Reason=None Dependency=(null)
   Requeue=0 Restarts=0 BatchFlag=1 Reboot=0 ExitCode=0:0
   RunTime=00:01:46 TimeLimit=00:30:00 TimeMin=N/A
   SubmitTime=2021-10-03T14:39:31 EligibleTime=2021-10-03T14:39:31
   AccrueTime=2021-10-03T14:39:31
   StartTime=2021-10-03T14:52:44 EndTime=2021-10-03T14:54:30 Deadline=N/A
   SuspendTime=None SecsPreSuspend=0 LastSchedEval=2021-10-03T14:52:44
   Partition=compute AllocNode:Sid=nia-login02:4245
   ReqNodeList=(null) ExcNodeList=(null)
   NodeList=nia[1569,1697,1728,1747,1789,1901,1907-1908,1960,2009]
   BatchHost=nia1569
   NumNodes=10 NumCPUs=800 NumTasks=400 CPUs/Task=1 ReqB:S:C:T=0:0:*:*
   TRES=cpu=800,mem=1750000M,node=10,billing=400
   Socks/Node=* NtasksPerN:B:S:C=40:0:*:* CoreSpec=*
   MinCPUsNode=40 MinMemoryNode=175000M MinTmpDiskNode=0
   Features=[skylake|cascade] DelayBoot=00:00:00
   OverSubscribe=NO Contiguous=0 Licenses=(null) Network=(null)
   Command=/gpfs/fs0/scratch/a/asarkar/sudhipv/poisson_hpc/weak/runff_niagara_weak.sh
   WorkDir=/gpfs/fs0/scratch/a/asarkar/sudhipv/poisson_hpc/weak
   StdErr=/gpfs/fs0/scratch/a/asarkar/sudhipv/poisson_hpc/weak/2L_V3_weak-6184101.out
   StdIn=/dev/null
   StdOut=/gpfs/fs0/scratch/a/asarkar/sudhipv/poisson_hpc/weak/2L_V3_weak-6184101.out
   Power=
   MailUser=sudhipv@cmail.carleton.ca MailType=BEGIN,END,FAIL,REQUEUE,STAGE_OUT

sacct -j 6184101
       JobID    JobName    Account    Elapsed  MaxVMSize     MaxRSS  SystemCPU    UserCPU ExitCode 
------------ ---------- ---------- ---------- ---------- ---------- ---------- ---------- -------- 
6184101      2L_V3_weak def-asark+   00:01:46                        13:24.349   04:38:42      0:0 
6184101.bat+      batch def-asark+   00:01:46  77721244K  58633868K  02:33.292  46:40.226      0:0 
6184101.ext+     extern def-asark+   00:01:46    138360K      1068K   00:00:00  00:00.006      0:0 
6184101.0         orted def-asark+   00:00:17    395280K      3000K  00:01.007  00:01.024      0:0 
6184101.1         orted def-asark+   00:00:13    395280K      2996K  00:26.363  05:24.393      0:0 
6184101.2         orted def-asark+   00:00:15    395280K      2996K  01:28.938  24:46.578      0:0 
6184101.3         orted def-asark+   00:00:23    395280K      3000K  02:36.601  55:28.068      0:0 
6184101.4         orted def-asark+   00:00:31    395280K      2996K  06:18.145   02:26:22      0:0 
