/cvmfs/soft.computecanada.ca/easybuild/software/2020/avx512/Compiler/intel2020/openmpi/4.0.3/bin/mpiexec
/cvmfs/soft.computecanada.ca/easybuild/software/2020/avx512/Compiler/intel2020/openmpi/4.0.3/bin/mpirun
Number of Vertices for coarse mesh in process  0  564001
    Linear mg_coarse_ solve converged due to CONVERGED_RTOL iterations 17
    Linear mg_coarse_ solve converged due to CONVERGED_RTOL iterations 830
    Linear mg_coarse_ solve converged due to CONVERGED_RTOL iterations 824
    Linear mg_coarse_ solve converged due to CONVERGED_RTOL iterations 725
    Linear mg_coarse_ solve converged due to CONVERGED_RTOL iterations 1259
    Linear mg_coarse_ solve converged due to CONVERGED_RTOL iterations 446
Linear solve converged due to CONVERGED_RTOL iterations 6
time taken for solve is11.0004
L2 Norm of uerr is0.00215264
************************************************************************************************************************
***             WIDEN YOUR WINDOW TO 120 CHARACTERS.  Use 'enscript -r -fCourier9' to print this document            ***
************************************************************************************************************************

---------------------------------------------- PETSc Performance Summary: ----------------------------------------------

/home/a/asarkar/sudhipv/software/FreeFem-sources/src/mpi/FreeFem++-mpi on a  named nia0376.scinet.local with 40 processors, by sudhipv Sun Oct  3 15:01:30 2021
Using Petsc Release Version 3.15.0, Mar 30, 2021 

                         Max       Max/Min     Avg       Total
Time (sec):           1.127e+01     1.000   1.127e+01
Objects:              1.670e+02     1.000   1.670e+02
Flop:                 6.517e+09     1.058   6.346e+09  2.538e+11
Flop/sec:             5.784e+08     1.058   5.631e+08  2.253e+10
MPI Messages:         3.470e+04     4.000   2.017e+04  8.067e+05
MPI Message Lengths:  1.908e+07     2.392   7.595e+02  6.127e+08
MPI Reductions:       8.439e+03     1.000

Flop counting convention: 1 flop = 1 real number operation of type (multiply/divide/add/subtract)
                            e.g., VecAXPY() for real vectors of length N --> 2N flop
                            and VecAXPY() for complex vectors of length N --> 8N flop

Summary of Stages:   ----- Time ------  ----- Flop ------  --- Messages ---  -- Message Lengths --  -- Reductions --
                        Avg     %Total     Avg     %Total    Count   %Total     Avg         %Total    Count   %Total
 0:      Main Stage: 1.1268e+01 100.0%  2.5383e+11 100.0%  8.067e+05 100.0%  7.595e+02      100.0%  8.421e+03  99.8%

------------------------------------------------------------------------------------------------------------------------
See the 'Profiling' chapter of the users' manual for details on interpreting output.
Phase summary info:
   Count: number of times phase was executed
   Time and Flop: Max - maximum over all processors
                  Ratio - ratio of maximum to minimum over all processors
   Mess: number of messages sent
   AvgLen: average message length (bytes)
   Reduct: number of global reductions
   Global: entire computation
   Stage: stages of a computation. Set stages with PetscLogStagePush() and PetscLogStagePop().
      %T - percent time in this phase         %F - percent flop in this phase
      %M - percent messages in this phase     %L - percent message lengths in this phase
      %R - percent reductions in this phase
   Total Mflop/s: 10e-6 * (sum of flop over all processors)/(max time over all processors)
------------------------------------------------------------------------------------------------------------------------
Event                Count      Time (sec)     Flop                              --- Global ---  --- Stage ----  Total
                   Max Ratio  Max     Ratio   Max  Ratio  Mess   AvgLen  Reduct  %T %F %M %L %R  %T %F %M %L %R Mflop/s
------------------------------------------------------------------------------------------------------------------------

--- Event Stage 0: Main Stage

BuildTwoSided          7 1.0 1.2050e-01106.1 0.00e+00 0.0 5.6e+02 4.0e+00 5.0e+00  0  0  0  0  0   0  0  0  0  0     0
BuildTwoSidedF         2 1.0 1.4320e-03 1.6 0.00e+00 0.0 0.0e+00 0.0e+00 2.0e+00  0  0  0  0  0   0  0  0  0  0     0
MatMult             4280 1.0 1.2589e+00 1.1 8.19e+08 1.0 8.0e+05 7.3e+02 2.0e+00 11 13 99 96  0  11 13 99 96  0 25549
MatMultAdd             6 1.0 1.2482e-02 1.4 6.82e+05 1.0 1.1e+03 2.4e+03 0.0e+00  0  0  0  0  0   0  0  0  0  0  2166
MatMultTranspose       6 1.0 1.5424e-01 1.1 0.00e+00 0.0 1.1e+03 7.9e+03 0.0e+00  1  0  0  1  0   1  0  0  1  0     0
MatSolve            4275 1.0 1.5930e+00 1.1 1.10e+09 1.0 0.0e+00 0.0e+00 0.0e+00 14 17  0  0  0  14 17  0  0  0 27084
MatLUFactorSym         1 1.0 8.3522e-02 1.1 0.00e+00 0.0 0.0e+00 0.0e+00 0.0e+00  1  0  0  0  0   1  0  0  0  0     0
MatLUFactorNum         2 1.0 4.3026e-01 1.3 6.76e+08 1.4 0.0e+00 0.0e+00 0.0e+00  3  9  0  0  0   3  9  0  0  0 53153
MatILUFactorSym        1 1.0 1.5125e-03 3.1 0.00e+00 0.0 0.0e+00 0.0e+00 0.0e+00  0  0  0  0  0   0  0  0  0  0     0
MatResidual            6 1.0 1.7399e-02 2.5 4.77e+06 1.0 1.1e+03 1.6e+03 0.0e+00  0  0  0  0  0   0  0  0  0  0 10869
MatAssemblyBegin       5 1.0 3.3628e-03 1.2 0.00e+00 0.0 0.0e+00 0.0e+00 2.0e+00  0  0  0  0  0   0  0  0  0  0     0
MatAssemblyEnd         5 1.0 9.8106e-02 5.6 0.00e+00 0.0 0.0e+00 0.0e+00 8.0e+00  1  0  0  0  0   1  0  0  0  0     0
MatGetRowIJ            2 1.0 5.0787e-03 2.5 0.00e+00 0.0 0.0e+00 0.0e+00 0.0e+00  0  0  0  0  0   0  0  0  0  0     0
MatCreateSubMats       1 1.0 3.1871e-02 1.5 0.00e+00 0.0 9.3e+02 3.7e+03 1.0e+00  0  0  0  1  0   0  0  0  1  0     0
MatGetOrdering         2 1.0 3.1907e-02 1.3 0.00e+00 0.0 0.0e+00 0.0e+00 0.0e+00  0  0  0  0  0   0  0  0  0  0     0
MatIncreaseOvrlp       1 1.0 9.1086e-03 1.5 0.00e+00 0.0 0.0e+00 0.0e+00 1.0e+00  0  0  0  0  0   0  0  0  0  0     0
VecMDot             4117 1.0 1.3751e+00 1.2 1.82e+09 1.0 0.0e+00 0.0e+00 4.1e+03 11 28  0  0 49  11 28  0  0 49 52020
VecNorm             4258 1.0 5.9459e-01 1.2 1.24e+08 1.0 0.0e+00 0.0e+00 4.3e+03  5  2  0  0 50   5  2  0  0 51  8180
VecScale            4270 1.0 1.9709e-02 1.3 6.19e+07 1.0 0.0e+00 0.0e+00 0.0e+00  0  1  0  0  0   0  1  0  0  0 123392
VecCopy              159 1.0 6.6237e-03 1.2 0.00e+00 0.0 0.0e+00 0.0e+00 0.0e+00  0  0  0  0  0   0  0  0  0  0     0
VecSet              4512 1.0 1.0454e-01 1.1 0.00e+00 0.0 0.0e+00 0.0e+00 0.0e+00  1  0  0  0  0   1  0  0  0  0     0
VecAXPY              280 1.0 4.1054e-02 1.1 8.72e+06 1.0 0.0e+00 0.0e+00 0.0e+00  0  0  0  0  0   0  0  0  0  0  8351
VecAYPX               36 1.0 4.9272e-03 1.3 2.73e+06 1.0 0.0e+00 0.0e+00 0.0e+00  0  0  0  0  0   0  0  0  0  0 21949
VecAXPBYCZ            12 1.0 2.5014e-03 1.2 3.41e+06 1.0 0.0e+00 0.0e+00 0.0e+00  0  0  0  0  0   0  0  0  0  0 54042
VecMAXPY            4258 1.0 9.3123e-01 1.1 1.94e+09 1.0 0.0e+00 0.0e+00 0.0e+00  8 30  0  0  0   8 30  0  0  0 81863
VecScatterBegin     4414 1.0 1.9573e-01 2.4 0.00e+00 0.0 8.0e+05 7.4e+02 3.0e+00  1  0 99 97  0   1  0 99 97  0     0
VecScatterEnd       4414 1.0 9.3545e-02 1.9 0.00e+00 0.0 0.0e+00 0.0e+00 0.0e+00  1  0  0  0  0   1  0  0  0  0     0
VecNormalize        4251 1.0 6.1310e-01 1.2 1.85e+08 1.0 0.0e+00 0.0e+00 4.3e+03  5  3  0  0 50   5  3  0  0 50 11823
SFSetGraph             5 1.0 1.4156e-04 1.7 0.00e+00 0.0 0.0e+00 0.0e+00 0.0e+00  0  0  0  0  0   0  0  0  0  0     0
SFSetUp                5 1.0 1.2542e-0118.5 0.00e+00 0.0 1.1e+03 3.3e+02 3.0e+00  0  0  0  0  0   0  0  0  0  0     0
SFReduceBegin         35 1.0 3.9367e-03 1.3 0.00e+00 0.0 0.0e+00 0.0e+00 0.0e+00  0  0  0  0  0   0  0  0  0  0     0
SFReduceEnd           35 1.0 2.9634e-05 1.6 0.00e+00 0.0 0.0e+00 0.0e+00 0.0e+00  0  0  0  0  0   0  0  0  0  0     0
SFPack              4414 1.0 1.0273e-02 1.6 0.00e+00 0.0 0.0e+00 0.0e+00 0.0e+00  0  0  0  0  0   0  0  0  0  0     0
SFUnpack            4414 1.0 1.9453e-03 1.9 0.00e+00 0.0 0.0e+00 0.0e+00 0.0e+00  0  0  0  0  0   0  0  0  0  0     0
KSPSetUp               4 1.0 1.6931e+00 1.0 7.99e+08 1.3 5.6e+03 1.8e+03 3.4e+01 15 11  1  2  0  15 11  1  2  0 16342
KSPSolve               1 1.0 5.2091e+00 1.0 5.76e+09 1.0 8.0e+05 7.5e+02 8.4e+03 46 89 99 98 99  46 89 99 98 99 43416
KSPGMRESOrthog      4117 1.0 2.2323e+00 1.1 3.64e+09 1.0 0.0e+00 0.0e+00 4.1e+03 18 56  0  0 49  18 56  0  0 49 64089
PCSetUp                2 1.0 1.6961e+00 1.0 7.99e+08 1.3 5.6e+03 1.8e+03 3.8e+01 15 11  1  2  0  15 11  1  2  0 16318
PCSetUpOnBlocks       19 1.0 5.4309e-01 1.3 6.76e+08 1.4 0.0e+00 0.0e+00 0.0e+00  4  9  0  0  0   4  9  0  0  0 42111
PCApply                6 1.0 5.1874e+00 1.0 5.75e+09 1.0 8.0e+05 7.5e+02 8.3e+03 46 89 99 97 99  46 89 99 97 99 43512
PCApplyOnBlocks       35 1.0 4.2888e-01 1.1 3.21e+08 1.1 0.0e+00 0.0e+00 0.0e+00  4  5  0  0  0   4  5  0  0  0 28895
------------------------------------------------------------------------------------------------------------------------

Memory usage is given in bytes:

Object Type          Creations   Destructions     Memory  Descendants' Mem.
Reports information only for process 0.

--- Event Stage 0: Main Stage

              Matrix    12             12     77776588     0.
              Vector   102            102     29749960     0.
           Index Set    18             18      1844396     0.
   IS L to G Mapping     1              1      2805172     0.
   Star Forest Graph    11             11        12600     0.
       Krylov Solver     6              6        73864     0.
      Preconditioner     6              6         6464     0.
    Distributed Mesh     3              3        15144     0.
     Discrete System     3              3         2712     0.
           Weak Form     3              3         2472     0.
              Viewer     2              1          848     0.
========================================================================================================================
Average time to get PetscTime(): 3.11e-08
Average time for MPI_Barrier(): 4.69602e-05
Average time for zero size MPI_Send(): 5.80977e-06
#PETSc Option Table entries:
-ksp_converged_reason
-ksp_pc_side right
-ksp_type fgmres
-log_view
-m 750
-mg_coarse_ksp_converged_reason
-mg_coarse_ksp_rtol 1e-2
-mg_coarse_ksp_type gmres
-mg_coarse_pc_type bjacobi
-mg_coarse_sub_pc_type ilu
-mg_levels_pc_type asm
-mg_levels_sub_pc_type lu
-n 750
-nw
-pc_mg_type multiplicative
-pc_type mg
#End of PETSc Option Table entries
Compiled without FORTRAN kernels
Compiled with full precision matrices (default)
sizeof(short) 2 sizeof(int) 4 sizeof(long) 8 sizeof(void*) 8 sizeof(PetscScalar) 8 sizeof(PetscInt) 4
Configure options: --prefix=/home/a/asarkar/sudhipv/software/FreeFem-sources/install/ff-petsc/r MAKEFLAGS= --with-debugging=0 COPTFLAGS="-O3 -mtune=native" CXXOPTFLAGS="-O3 -mtune=native" FOPTFLAGS="-O3 -mtune=native" --with-cxx-dialect=C++11 --with-ssl=0 --with-x=0 --with-fortran-bindings=0 --with-cudac=0 --with-cc=/cvmfs/soft.computecanada.ca/easybuild/software/2020/avx512/Compiler/intel2020/openmpi/4.0.3/bin/mpicc --with-cxx=/cvmfs/soft.computecanada.ca/easybuild/software/2020/avx512/Compiler/intel2020/openmpi/4.0.3/bin/mpic++ --with-fc=/cvmfs/soft.computecanada.ca/easybuild/software/2020/avx512/Compiler/intel2020/openmpi/4.0.3/bin/mpif90 --with-scalar-type=real --with-blaslapack-include=/cvmfs/soft.computecanada.ca/easybuild/software/2020/Core/imkl/2020.1.217/mkl/include --with-blaslapack-lib="-Wl,-rpath,/cvmfs/soft.computecanada.ca/easybuild/software/2020/Core/imkl/2020.1.217/mkl/lib/intel64 -L/cvmfs/soft.computecanada.ca/easybuild/software/2020/Core/imkl/2020.1.217/mkl/lib/intel64 -lmkl_rt -lmkl_intel_thread -lmkl_core  -liomp5 -lpthread" --download-metis --download-ptscotch --download-hypre --download-parmetis --download-mmg --download-parmmg --download-superlu --download-suitesparse --download-tetgen --download-slepc --download-hpddm --download-scalapack --download-mumps --download-slepc-configure-arguments=--download-arpack=https://github.com/prj-/arpack-ng/archive/b64dccb.tar.gz PETSC_ARCH=fr
-----------------------------------------
Libraries compiled on 2021-05-02 15:39:49 on nia-login03.scinet.local 
Machine characteristics: Linux-3.10.0-957.27.2.el7.x86_64-x86_64-with-centos-7.6.1810-Core
Using PETSc directory: /home/a/asarkar/sudhipv/software/FreeFem-sources/install/ff-petsc/r
Using PETSc arch: 
-----------------------------------------

Using C compiler: /cvmfs/soft.computecanada.ca/easybuild/software/2020/avx512/Compiler/intel2020/openmpi/4.0.3/bin/mpicc  -fPIC -wd1572 -O3 -mtune=native   
Using Fortran compiler: /cvmfs/soft.computecanada.ca/easybuild/software/2020/avx512/Compiler/intel2020/openmpi/4.0.3/bin/mpif90  -fPIC -O3 -mtune=native     
-----------------------------------------

Using include paths: -I/home/a/asarkar/sudhipv/software/FreeFem-sources/install/ff-petsc/r/include -I/cvmfs/soft.computecanada.ca/easybuild/software/2020/Core/imkl/2020.1.217/mkl/include
-----------------------------------------

Using C linker: /cvmfs/soft.computecanada.ca/easybuild/software/2020/avx512/Compiler/intel2020/openmpi/4.0.3/bin/mpicc
Using Fortran linker: /cvmfs/soft.computecanada.ca/easybuild/software/2020/avx512/Compiler/intel2020/openmpi/4.0.3/bin/mpif90
Using libraries: -Wl,-rpath,/home/a/asarkar/sudhipv/software/FreeFem-sources/install/ff-petsc/r/lib -L/home/a/asarkar/sudhipv/software/FreeFem-sources/install/ff-petsc/r/lib -lpetsc -Wl,-rpath,/home/a/asarkar/sudhipv/software/FreeFem-sources/install/ff-petsc/r/lib -L/home/a/asarkar/sudhipv/software/FreeFem-sources/install/ff-petsc/r/lib -Wl,-rpath,/cvmfs/soft.computecanada.ca/easybuild/software/2020/Core/imkl/2020.1.217/mkl/lib/intel64 -L/cvmfs/soft.computecanada.ca/easybuild/software/2020/Core/imkl/2020.1.217/mkl/lib/intel64 -Wl,-rpath,/cvmfs/soft.computecanada.ca/easybuild/software/2020/avx512/Compiler/intel2020/openmpi/4.0.3/lib -L/cvmfs/soft.computecanada.ca/easybuild/software/2020/avx512/Compiler/intel2020/openmpi/4.0.3/lib -Wl,-rpath,/cvmfs/soft.computecanada.ca/easybuild/software/2020/avx512/Core/libfabric/1.10.1/lib -L/cvmfs/soft.computecanada.ca/easybuild/software/2020/avx512/Core/libfabric/1.10.1/lib -Wl,-rpath,/cvmfs/soft.computecanada.ca/easybuild/software/2020/avx512/Core/ucx/1.8.0/lib -L/cvmfs/soft.computecanada.ca/easybuild/software/2020/avx512/Core/ucx/1.8.0/lib -Wl,-rpath,/cvmfs/soft.computecanada.ca/easybuild/software/2020/Core/imkl/2020.1.217/lib/intel64 -L/cvmfs/soft.computecanada.ca/easybuild/software/2020/Core/imkl/2020.1.217/lib/intel64 -Wl,-rpath,/cvmfs/restricted.computecanada.ca/easybuild/software/2020/Core/intel/2020.1.217/compilers_and_libraries_2020.1.217/linux/tbb/lib/intel64/gcc4.8 -L/cvmfs/restricted.computecanada.ca/easybuild/software/2020/Core/intel/2020.1.217/compilers_and_libraries_2020.1.217/linux/tbb/lib/intel64/gcc4.8 -Wl,-rpath,/cvmfs/restricted.computecanada.ca/easybuild/software/2020/Core/intel/2020.1.217/compilers_and_libraries_2020.1.217/linux/compiler/lib/intel64_lin -L/cvmfs/restricted.computecanada.ca/easybuild/software/2020/Core/intel/2020.1.217/compilers_and_libraries_2020.1.217/linux/compiler/lib/intel64_lin -Wl,-rpath,/cvmfs/soft.computecanada.ca/easybuild/software/2020/avx512/Compiler/intel2020/openmpi/4.0.3/lib64 -L/cvmfs/soft.computecanada.ca/easybuild/software/2020/avx512/Compiler/intel2020/openmpi/4.0.3/lib64 -Wl,-rpath,/cvmfs/soft.computecanada.ca/easybuild/software/2020/Core/gcccore/9.3.0/lib/gcc/x86_64-pc-linux-gnu/9.3.0 -L/cvmfs/soft.computecanada.ca/easybuild/software/2020/Core/gcccore/9.3.0/lib/gcc/x86_64-pc-linux-gnu/9.3.0 -Wl,-rpath,/cvmfs/soft.computecanada.ca/easybuild/software/2020/Core/gcccore/9.3.0/lib64 -L/cvmfs/soft.computecanada.ca/easybuild/software/2020/Core/gcccore/9.3.0/lib64 -Wl,-rpath,/cvmfs/soft.computecanada.ca/gentoo/2020/lib64 -L/cvmfs/soft.computecanada.ca/gentoo/2020/lib64 -Wl,-rpath,/cvmfs/soft.computecanada.ca/gentoo/2020/usr/lib64 -L/cvmfs/soft.computecanada.ca/gentoo/2020/usr/lib64 -Wl,-rpath,/cvmfs/soft.computecanada.ca/easybuild/software/2020/Core/gcccore/9.3.0/lib -L/cvmfs/soft.computecanada.ca/easybuild/software/2020/Core/gcccore/9.3.0/lib -Wl,-rpath,/cvmfs/soft.computecanada.ca/gentoo/2020/lib -L/cvmfs/soft.computecanada.ca/gentoo/2020/lib -Wl,-rpath,/cvmfs/soft.computecanada.ca/gentoo/2020/usr/lib -L/cvmfs/soft.computecanada.ca/gentoo/2020/usr/lib -lHYPRE -lcmumps -ldmumps -lsmumps -lzmumps -lmumps_common -lpord -lscalapack -lumfpack -lklu -lcholmod -lbtf -lccolamd -lcolamd -lcamd -lamd -lsuitesparseconfig -lsuperlu -lmkl_rt -lmkl_intel_thread -lmkl_core -liomp5 -lpthread -lparmmg -lmmg -lmmg3d -lptesmumps -lptscotchparmetis -lptscotch -lptscotcherr -lesmumps -lscotch -lscotcherr -lpthread -lparmetis -lmetis -ltet -lstdc++ -ldl -lmpi_usempif08 -lmpi_usempi_ignore_tkr -lmpi_mpifh -lmpi -lifport -lifcoremt_pic -limf -lsvml -lm -lipgo -lirc -lpthread -lgcc_s -lirc_s -lrt -lquadmath -lstdc++ -ldl
-----------------------------------------

#############################################################################################################
#############################################################################################################
########     Finsihed Code with NL 10 Processors             #################################################
#############################################################################################################
#############################################################################################################
Number of Vertices for coarse mesh in process  0  1127844
    Linear mg_coarse_ solve converged due to CONVERGED_RTOL iterations 17
    Linear mg_coarse_ solve converged due to CONVERGED_RTOL iterations 955
    Linear mg_coarse_ solve converged due to CONVERGED_RTOL iterations 1406
    Linear mg_coarse_ solve converged due to CONVERGED_RTOL iterations 806
    Linear mg_coarse_ solve converged due to CONVERGED_RTOL iterations 1325
    Linear mg_coarse_ solve converged due to CONVERGED_RTOL iterations 1002
Linear solve converged due to CONVERGED_RTOL iterations 6
time taken for solve is13.341
L2 Norm of uerr is0.00314126
************************************************************************************************************************
***             WIDEN YOUR WINDOW TO 120 CHARACTERS.  Use 'enscript -r -fCourier9' to print this document            ***
************************************************************************************************************************

---------------------------------------------- PETSc Performance Summary: ----------------------------------------------

/home/a/asarkar/sudhipv/software/FreeFem-sources/src/mpi/FreeFem++-mpi on a  named nia0376.scinet.local with 80 processors, by sudhipv Sun Oct  3 15:01:48 2021
Using Petsc Release Version 3.15.0, Mar 30, 2021 

                         Max       Max/Min     Avg       Total
Time (sec):           1.341e+01     1.000   1.341e+01
Objects:              1.670e+02     1.000   1.670e+02
Flop:                 8.407e+09     1.060   8.194e+09  6.555e+11
Flop/sec:             6.267e+08     1.060   6.109e+08  4.887e+10
MPI Messages:         4.635e+04     4.000   2.955e+04  2.364e+06
MPI Message Lengths:  2.680e+07     3.124   7.262e+02  1.717e+09
MPI Reductions:       1.131e+04     1.000

Flop counting convention: 1 flop = 1 real number operation of type (multiply/divide/add/subtract)
                            e.g., VecAXPY() for real vectors of length N --> 2N flop
                            and VecAXPY() for complex vectors of length N --> 8N flop

Summary of Stages:   ----- Time ------  ----- Flop ------  --- Messages ---  -- Message Lengths --  -- Reductions --
                        Avg     %Total     Avg     %Total    Count   %Total     Avg         %Total    Count   %Total
 0:      Main Stage: 1.3412e+01 100.0%  6.5552e+11 100.0%  2.364e+06 100.0%  7.262e+02      100.0%  1.129e+04  99.8%

------------------------------------------------------------------------------------------------------------------------
See the 'Profiling' chapter of the users' manual for details on interpreting output.
Phase summary info:
   Count: number of times phase was executed
   Time and Flop: Max - maximum over all processors
                  Ratio - ratio of maximum to minimum over all processors
   Mess: number of messages sent
   AvgLen: average message length (bytes)
   Reduct: number of global reductions
   Global: entire computation
   Stage: stages of a computation. Set stages with PetscLogStagePush() and PetscLogStagePop().
      %T - percent time in this phase         %F - percent flop in this phase
      %M - percent messages in this phase     %L - percent message lengths in this phase
      %R - percent reductions in this phase
   Total Mflop/s: 10e-6 * (sum of flop over all processors)/(max time over all processors)
------------------------------------------------------------------------------------------------------------------------
Event                Count      Time (sec)     Flop                              --- Global ---  --- Stage ----  Total
                   Max Ratio  Max     Ratio   Max  Ratio  Mess   AvgLen  Reduct  %T %F %M %L %R  %T %F %M %L %R Mflop/s
------------------------------------------------------------------------------------------------------------------------

--- Event Stage 0: Main Stage

BuildTwoSided          7 1.0 1.3335e-01121.2 0.00e+00 0.0 1.2e+03 4.0e+00 5.0e+00  0  0  0  0  0   0  0  0  0  0     0
BuildTwoSidedF         2 1.0 3.7067e-0324.6 0.00e+00 0.0 0.0e+00 0.0e+00 2.0e+00  0  0  0  0  0   0  0  0  0  0     0
MatMult             5737 1.0 1.6826e+00 1.1 1.10e+09 1.0 2.3e+06 7.1e+02 2.0e+00 12 13 99 97  0  12 13 99 97  0 50924
MatMultAdd             6 1.0 1.2310e-02 1.5 6.83e+05 1.0 2.4e+03 2.3e+03 0.0e+00  0  0  0  0  0   0  0  0  0  0  4393
MatMultTranspose       6 1.0 2.1627e-02 2.3 0.00e+00 0.0 2.4e+03 7.7e+03 0.0e+00  0  0  0  1  0   0  0  0  1  0     0
MatSolve            5732 1.0 2.0703e+00 1.1 1.37e+09 1.1 0.0e+00 0.0e+00 0.0e+00 15 16  0  0  0  15 16  0  0  0 51785
MatLUFactorSym         1 1.0 9.0911e-02 1.3 0.00e+00 0.0 0.0e+00 0.0e+00 0.0e+00  1  0  0  0  0   1  0  0  0  0     0
MatLUFactorNum         2 1.0 4.2051e-01 1.4 6.71e+08 1.4 0.0e+00 0.0e+00 0.0e+00  3  7  0  0  0   3  7  0  0  0 105669
MatILUFactorSym        1 1.0 1.1992e-03 3.0 0.00e+00 0.0 0.0e+00 0.0e+00 0.0e+00  0  0  0  0  0   0  0  0  0  0     0
MatResidual            6 1.0 1.8068e-02 2.7 4.78e+06 1.0 2.4e+03 1.5e+03 0.0e+00  0  0  0  0  0   0  0  0  0  0 20943
MatAssemblyBegin       5 1.0 3.8260e-03 1.6 0.00e+00 0.0 0.0e+00 0.0e+00 2.0e+00  0  0  0  0  0   0  0  0  0  0     0
MatAssemblyEnd         5 1.0 1.0297e-01 6.0 0.00e+00 0.0 0.0e+00 0.0e+00 8.0e+00  1  0  0  0  0   1  0  0  0  0     0
MatGetRowIJ            2 1.0 4.2698e-03 2.0 0.00e+00 0.0 0.0e+00 0.0e+00 0.0e+00  0  0  0  0  0   0  0  0  0  0     0
MatCreateSubMats       1 1.0 3.0962e-02 1.4 0.00e+00 0.0 2.0e+03 3.5e+03 1.0e+00  0  0  0  0  0   0  0  0  0  0     0
MatGetOrdering         2 1.0 4.1248e-02 1.7 0.00e+00 0.0 0.0e+00 0.0e+00 0.0e+00  0  0  0  0  0   0  0  0  0  0     0
MatIncreaseOvrlp       1 1.0 9.8906e-03 1.5 0.00e+00 0.0 0.0e+00 0.0e+00 1.0e+00  0  0  0  0  0   0  0  0  0  0     0
VecMDot             5527 1.0 2.0117e+00 1.2 2.46e+09 1.0 0.0e+00 0.0e+00 5.5e+03 14 29  0  0 49  14 29  0  0 49 95614
VecNorm             5715 1.0 4.3233e-01 1.5 1.66e+08 1.0 0.0e+00 0.0e+00 5.7e+03  3  2  0  0 51   3  2  0  0 51 30099
VecScale            5727 1.0 2.7770e-02 1.4 8.31e+07 1.0 0.0e+00 0.0e+00 0.0e+00  0  1  0  0  0   0  1  0  0  0 234301
VecCopy              206 1.0 8.0621e-03 1.2 0.00e+00 0.0 0.0e+00 0.0e+00 0.0e+00  0  0  0  0  0   0  0  0  0  0     0
VecSet              6016 1.0 1.3973e-01 1.2 0.00e+00 0.0 0.0e+00 0.0e+00 0.0e+00  1  0  0  0  0   1  0  0  0  0     0
VecAXPY              374 1.0 8.5265e-03 1.3 1.15e+07 1.0 0.0e+00 0.0e+00 0.0e+00  0  0  0  0  0   0  0  0  0  0 105283
VecAYPX               36 1.0 5.0483e-03 1.4 2.73e+06 1.0 0.0e+00 0.0e+00 0.0e+00  0  0  0  0  0   0  0  0  0  0 42855
VecAXPBYCZ            12 1.0 2.6106e-03 1.3 3.42e+06 1.0 0.0e+00 0.0e+00 0.0e+00  0  0  0  0  0   0  0  0  0  0 103586
VecMAXPY            5715 1.0 1.2814e+00 1.1 2.62e+09 1.0 0.0e+00 0.0e+00 0.0e+00  9 31  0  0  0   9 31  0  0  0 159927
VecScatterBegin     5871 1.0 2.3650e-01 3.2 0.00e+00 0.0 2.4e+06 7.1e+02 3.0e+00  1  0100 98  0   1  0100 98  0     0
VecScatterEnd       5871 1.0 1.2491e-01 2.3 0.00e+00 0.0 0.0e+00 0.0e+00 0.0e+00  1  0  0  0  0   1  0  0  0  0     0
VecNormalize        5708 1.0 4.5596e-01 1.5 2.48e+08 1.0 0.0e+00 0.0e+00 5.7e+03  3  3  0  0 50   3  3  0  0 51 42601
SFSetGraph             5 1.0 1.6633e-04 2.0 0.00e+00 0.0 0.0e+00 0.0e+00 0.0e+00  0  0  0  0  0   0  0  0  0  0     0
SFSetUp                5 1.0 1.3608e-0123.0 0.00e+00 0.0 2.4e+03 3.2e+02 3.0e+00  0  0  0  0  0   0  0  0  0  0     0
SFReduceBegin         35 1.0 4.0050e-03 1.2 0.00e+00 0.0 0.0e+00 0.0e+00 0.0e+00  0  0  0  0  0   0  0  0  0  0     0
SFReduceEnd           35 1.0 3.8199e-05 2.3 0.00e+00 0.0 0.0e+00 0.0e+00 0.0e+00  0  0  0  0  0   0  0  0  0  0     0
SFPack              5871 1.0 1.3600e-02 1.9 0.00e+00 0.0 0.0e+00 0.0e+00 0.0e+00  0  0  0  0  0   0  0  0  0  0     0
SFUnpack            5871 1.0 2.4439e-03 2.0 0.00e+00 0.0 0.0e+00 0.0e+00 0.0e+00  0  0  0  0  0   0  0  0  0  0     0
KSPSetUp               4 1.0 8.9215e-01 1.0 7.94e+08 1.4 1.2e+04 1.7e+03 3.4e+01  7  8  1  1  0   7  8  1  1  0 60497
KSPSolve               1 1.0 7.0265e+00 1.0 7.68e+09 1.0 2.3e+06 7.2e+02 1.1e+04 52 92 99 98 99  52 92 99 98 99 85612
KSPGMRESOrthog      5527 1.0 3.1254e+00 1.1 4.91e+09 1.0 0.0e+00 0.0e+00 5.5e+03 22 59  0  0 49  22 59  0  0 49 123090
PCSetUp                2 1.0 8.9512e-01 1.0 7.94e+08 1.4 1.2e+04 1.7e+03 3.8e+01  7  8  1  1  0   7  8  1  1  0 60314
PCSetUpOnBlocks       19 1.0 5.2552e-01 1.3 6.71e+08 1.4 0.0e+00 0.0e+00 0.0e+00  3  7  0  0  0   3  7  0  0  0 84555
PCApply                6 1.0 7.0044e+00 1.0 7.67e+09 1.0 2.3e+06 7.2e+02 1.1e+04 52 92 99 98 99  52 92 99 98 99 85755
PCApplyOnBlocks       35 1.0 4.3149e-01 1.1 3.20e+08 1.1 0.0e+00 0.0e+00 0.0e+00  3  4  0  0  0   3  4  0  0  0 56988
------------------------------------------------------------------------------------------------------------------------

Memory usage is given in bytes:

Object Type          Creations   Destructions     Memory  Descendants' Mem.
Reports information only for process 0.

--- Event Stage 0: Main Stage

              Matrix    12             12     77777504     0.
              Vector   102            102     29891280     0.
           Index Set    18             18      1847612     0.
   IS L to G Mapping     1              1      2028588     0.
   Star Forest Graph    11             11        12600     0.
       Krylov Solver     6              6        73864     0.
      Preconditioner     6              6         6464     0.
    Distributed Mesh     3              3        15144     0.
     Discrete System     3              3         2712     0.
           Weak Form     3              3         2472     0.
              Viewer     2              1          848     0.
========================================================================================================================
Average time to get PetscTime(): 3.22e-08
Average time for MPI_Barrier(): 5.5468e-05
Average time for zero size MPI_Send(): 1.402e-05
#PETSc Option Table entries:
-ksp_converged_reason
-ksp_pc_side right
-ksp_type fgmres
-log_view
-m 1061
-mg_coarse_ksp_converged_reason
-mg_coarse_ksp_rtol 1e-2
-mg_coarse_ksp_type gmres
-mg_coarse_pc_type bjacobi
-mg_coarse_sub_pc_type ilu
-mg_levels_pc_type asm
-mg_levels_sub_pc_type lu
-n 1061
-nw
-pc_mg_type multiplicative
-pc_type mg
#End of PETSc Option Table entries
Compiled without FORTRAN kernels
Compiled with full precision matrices (default)
sizeof(short) 2 sizeof(int) 4 sizeof(long) 8 sizeof(void*) 8 sizeof(PetscScalar) 8 sizeof(PetscInt) 4
Configure options: --prefix=/home/a/asarkar/sudhipv/software/FreeFem-sources/install/ff-petsc/r MAKEFLAGS= --with-debugging=0 COPTFLAGS="-O3 -mtune=native" CXXOPTFLAGS="-O3 -mtune=native" FOPTFLAGS="-O3 -mtune=native" --with-cxx-dialect=C++11 --with-ssl=0 --with-x=0 --with-fortran-bindings=0 --with-cudac=0 --with-cc=/cvmfs/soft.computecanada.ca/easybuild/software/2020/avx512/Compiler/intel2020/openmpi/4.0.3/bin/mpicc --with-cxx=/cvmfs/soft.computecanada.ca/easybuild/software/2020/avx512/Compiler/intel2020/openmpi/4.0.3/bin/mpic++ --with-fc=/cvmfs/soft.computecanada.ca/easybuild/software/2020/avx512/Compiler/intel2020/openmpi/4.0.3/bin/mpif90 --with-scalar-type=real --with-blaslapack-include=/cvmfs/soft.computecanada.ca/easybuild/software/2020/Core/imkl/2020.1.217/mkl/include --with-blaslapack-lib="-Wl,-rpath,/cvmfs/soft.computecanada.ca/easybuild/software/2020/Core/imkl/2020.1.217/mkl/lib/intel64 -L/cvmfs/soft.computecanada.ca/easybuild/software/2020/Core/imkl/2020.1.217/mkl/lib/intel64 -lmkl_rt -lmkl_intel_thread -lmkl_core  -liomp5 -lpthread" --download-metis --download-ptscotch --download-hypre --download-parmetis --download-mmg --download-parmmg --download-superlu --download-suitesparse --download-tetgen --download-slepc --download-hpddm --download-scalapack --download-mumps --download-slepc-configure-arguments=--download-arpack=https://github.com/prj-/arpack-ng/archive/b64dccb.tar.gz PETSC_ARCH=fr
-----------------------------------------
Libraries compiled on 2021-05-02 15:39:49 on nia-login03.scinet.local 
Machine characteristics: Linux-3.10.0-957.27.2.el7.x86_64-x86_64-with-centos-7.6.1810-Core
Using PETSc directory: /home/a/asarkar/sudhipv/software/FreeFem-sources/install/ff-petsc/r
Using PETSc arch: 
-----------------------------------------

Using C compiler: /cvmfs/soft.computecanada.ca/easybuild/software/2020/avx512/Compiler/intel2020/openmpi/4.0.3/bin/mpicc  -fPIC -wd1572 -O3 -mtune=native   
Using Fortran compiler: /cvmfs/soft.computecanada.ca/easybuild/software/2020/avx512/Compiler/intel2020/openmpi/4.0.3/bin/mpif90  -fPIC -O3 -mtune=native     
-----------------------------------------

Using include paths: -I/home/a/asarkar/sudhipv/software/FreeFem-sources/install/ff-petsc/r/include -I/cvmfs/soft.computecanada.ca/easybuild/software/2020/Core/imkl/2020.1.217/mkl/include
-----------------------------------------

Using C linker: /cvmfs/soft.computecanada.ca/easybuild/software/2020/avx512/Compiler/intel2020/openmpi/4.0.3/bin/mpicc
Using Fortran linker: /cvmfs/soft.computecanada.ca/easybuild/software/2020/avx512/Compiler/intel2020/openmpi/4.0.3/bin/mpif90
Using libraries: -Wl,-rpath,/home/a/asarkar/sudhipv/software/FreeFem-sources/install/ff-petsc/r/lib -L/home/a/asarkar/sudhipv/software/FreeFem-sources/install/ff-petsc/r/lib -lpetsc -Wl,-rpath,/home/a/asarkar/sudhipv/software/FreeFem-sources/install/ff-petsc/r/lib -L/home/a/asarkar/sudhipv/software/FreeFem-sources/install/ff-petsc/r/lib -Wl,-rpath,/cvmfs/soft.computecanada.ca/easybuild/software/2020/Core/imkl/2020.1.217/mkl/lib/intel64 -L/cvmfs/soft.computecanada.ca/easybuild/software/2020/Core/imkl/2020.1.217/mkl/lib/intel64 -Wl,-rpath,/cvmfs/soft.computecanada.ca/easybuild/software/2020/avx512/Compiler/intel2020/openmpi/4.0.3/lib -L/cvmfs/soft.computecanada.ca/easybuild/software/2020/avx512/Compiler/intel2020/openmpi/4.0.3/lib -Wl,-rpath,/cvmfs/soft.computecanada.ca/easybuild/software/2020/avx512/Core/libfabric/1.10.1/lib -L/cvmfs/soft.computecanada.ca/easybuild/software/2020/avx512/Core/libfabric/1.10.1/lib -Wl,-rpath,/cvmfs/soft.computecanada.ca/easybuild/software/2020/avx512/Core/ucx/1.8.0/lib -L/cvmfs/soft.computecanada.ca/easybuild/software/2020/avx512/Core/ucx/1.8.0/lib -Wl,-rpath,/cvmfs/soft.computecanada.ca/easybuild/software/2020/Core/imkl/2020.1.217/lib/intel64 -L/cvmfs/soft.computecanada.ca/easybuild/software/2020/Core/imkl/2020.1.217/lib/intel64 -Wl,-rpath,/cvmfs/restricted.computecanada.ca/easybuild/software/2020/Core/intel/2020.1.217/compilers_and_libraries_2020.1.217/linux/tbb/lib/intel64/gcc4.8 -L/cvmfs/restricted.computecanada.ca/easybuild/software/2020/Core/intel/2020.1.217/compilers_and_libraries_2020.1.217/linux/tbb/lib/intel64/gcc4.8 -Wl,-rpath,/cvmfs/restricted.computecanada.ca/easybuild/software/2020/Core/intel/2020.1.217/compilers_and_libraries_2020.1.217/linux/compiler/lib/intel64_lin -L/cvmfs/restricted.computecanada.ca/easybuild/software/2020/Core/intel/2020.1.217/compilers_and_libraries_2020.1.217/linux/compiler/lib/intel64_lin -Wl,-rpath,/cvmfs/soft.computecanada.ca/easybuild/software/2020/avx512/Compiler/intel2020/openmpi/4.0.3/lib64 -L/cvmfs/soft.computecanada.ca/easybuild/software/2020/avx512/Compiler/intel2020/openmpi/4.0.3/lib64 -Wl,-rpath,/cvmfs/soft.computecanada.ca/easybuild/software/2020/Core/gcccore/9.3.0/lib/gcc/x86_64-pc-linux-gnu/9.3.0 -L/cvmfs/soft.computecanada.ca/easybuild/software/2020/Core/gcccore/9.3.0/lib/gcc/x86_64-pc-linux-gnu/9.3.0 -Wl,-rpath,/cvmfs/soft.computecanada.ca/easybuild/software/2020/Core/gcccore/9.3.0/lib64 -L/cvmfs/soft.computecanada.ca/easybuild/software/2020/Core/gcccore/9.3.0/lib64 -Wl,-rpath,/cvmfs/soft.computecanada.ca/gentoo/2020/lib64 -L/cvmfs/soft.computecanada.ca/gentoo/2020/lib64 -Wl,-rpath,/cvmfs/soft.computecanada.ca/gentoo/2020/usr/lib64 -L/cvmfs/soft.computecanada.ca/gentoo/2020/usr/lib64 -Wl,-rpath,/cvmfs/soft.computecanada.ca/easybuild/software/2020/Core/gcccore/9.3.0/lib -L/cvmfs/soft.computecanada.ca/easybuild/software/2020/Core/gcccore/9.3.0/lib -Wl,-rpath,/cvmfs/soft.computecanada.ca/gentoo/2020/lib -L/cvmfs/soft.computecanada.ca/gentoo/2020/lib -Wl,-rpath,/cvmfs/soft.computecanada.ca/gentoo/2020/usr/lib -L/cvmfs/soft.computecanada.ca/gentoo/2020/usr/lib -lHYPRE -lcmumps -ldmumps -lsmumps -lzmumps -lmumps_common -lpord -lscalapack -lumfpack -lklu -lcholmod -lbtf -lccolamd -lcolamd -lcamd -lamd -lsuitesparseconfig -lsuperlu -lmkl_rt -lmkl_intel_thread -lmkl_core -liomp5 -lpthread -lparmmg -lmmg -lmmg3d -lptesmumps -lptscotchparmetis -lptscotch -lptscotcherr -lesmumps -lscotch -lscotcherr -lpthread -lparmetis -lmetis -ltet -lstdc++ -ldl -lmpi_usempif08 -lmpi_usempi_ignore_tkr -lmpi_mpifh -lmpi -lifport -lifcoremt_pic -limf -lsvml -lm -lipgo -lirc -lpthread -lgcc_s -lirc_s -lrt -lquadmath -lstdc++ -ldl
-----------------------------------------

#############################################################################################################
#############################################################################################################
########     Finsihed Code with NL 10 Processors             #################################################
#############################################################################################################
#############################################################################################################
Number of Vertices for coarse mesh in process  0  2253001
    Linear mg_coarse_ solve converged due to CONVERGED_RTOL iterations 16
    Linear mg_coarse_ solve converged due to CONVERGED_RTOL iterations 873
    Linear mg_coarse_ solve converged due to CONVERGED_RTOL iterations 1301
    Linear mg_coarse_ solve converged due to CONVERGED_RTOL iterations 1576
    Linear mg_coarse_ solve converged due to CONVERGED_RTOL iterations 3365
    Linear mg_coarse_ solve converged due to CONVERGED_RTOL iterations 1526
Linear solve converged due to CONVERGED_RTOL iterations 6
time taken for solve is21.5917
L2 Norm of uerr is0.0057927
************************************************************************************************************************
***             WIDEN YOUR WINDOW TO 120 CHARACTERS.  Use 'enscript -r -fCourier9' to print this document            ***
************************************************************************************************************************

---------------------------------------------- PETSc Performance Summary: ----------------------------------------------

/home/a/asarkar/sudhipv/software/FreeFem-sources/src/mpi/FreeFem++-mpi on a  named nia0376.scinet.local with 160 processors, by sudhipv Sun Oct  3 15:02:13 2021
Using Petsc Release Version 3.15.0, Mar 30, 2021 

                         Max       Max/Min     Avg       Total
Time (sec):           2.167e+01     1.000   2.167e+01
Objects:              1.670e+02     1.000   1.670e+02
Flop:                 1.267e+10     1.052   1.235e+10  1.976e+12
Flop/sec:             5.848e+08     1.052   5.700e+08  9.121e+10
MPI Messages:         7.237e+04     4.000   4.806e+04  7.689e+06
MPI Message Lengths:  4.666e+07     2.932   7.136e+02  5.487e+09
MPI Reductions:       1.770e+04     1.000

Flop counting convention: 1 flop = 1 real number operation of type (multiply/divide/add/subtract)
                            e.g., VecAXPY() for real vectors of length N --> 2N flop
                            and VecAXPY() for complex vectors of length N --> 8N flop

Summary of Stages:   ----- Time ------  ----- Flop ------  --- Messages ---  -- Message Lengths --  -- Reductions --
                        Avg     %Total     Avg     %Total    Count   %Total     Avg         %Total    Count   %Total
 0:      Main Stage: 2.1669e+01 100.0%  1.9764e+12 100.0%  7.689e+06 100.0%  7.136e+02      100.0%  1.769e+04  99.9%

------------------------------------------------------------------------------------------------------------------------
See the 'Profiling' chapter of the users' manual for details on interpreting output.
Phase summary info:
   Count: number of times phase was executed
   Time and Flop: Max - maximum over all processors
                  Ratio - ratio of maximum to minimum over all processors
   Mess: number of messages sent
   AvgLen: average message length (bytes)
   Reduct: number of global reductions
   Global: entire computation
   Stage: stages of a computation. Set stages with PetscLogStagePush() and PetscLogStagePop().
      %T - percent time in this phase         %F - percent flop in this phase
      %M - percent messages in this phase     %L - percent message lengths in this phase
      %R - percent reductions in this phase
   Total Mflop/s: 10e-6 * (sum of flop over all processors)/(max time over all processors)
------------------------------------------------------------------------------------------------------------------------
Event                Count      Time (sec)     Flop                              --- Global ---  --- Stage ----  Total
                   Max Ratio  Max     Ratio   Max  Ratio  Mess   AvgLen  Reduct  %T %F %M %L %R  %T %F %M %L %R Mflop/s
------------------------------------------------------------------------------------------------------------------------

--- Event Stage 0: Main Stage

BuildTwoSided          7 1.0 1.8187e-0114.4 0.00e+00 0.0 2.6e+03 4.0e+00 5.0e+00  0  0  0  0  0   0  0  0  0  0     0
BuildTwoSidedF         2 1.0 4.5469e-03 5.8 0.00e+00 0.0 0.0e+00 0.0e+00 2.0e+00  0  0  0  0  0   0  0  0  0  0     0
MatMult             8989 1.0 2.7229e+00 1.2 1.70e+09 1.0 7.6e+06 7.0e+02 2.0e+00 12 13 99 98  0  12 13 99 98  0 97838
MatMultAdd             6 1.0 1.3777e-02 1.6 6.83e+05 1.0 5.1e+03 2.3e+03 0.0e+00  0  0  0  0  0   0  0  0  0  0  7844
MatMultTranspose       6 1.0 1.9812e-02 2.3 0.00e+00 0.0 5.1e+03 7.7e+03 0.0e+00  0  0  0  1  0   0  0  0  1  0     0
MatSolve            8984 1.0 3.0095e+00 1.1 1.97e+09 1.0 0.0e+00 0.0e+00 0.0e+00 13 16  0  0  0  13 16  0  0  0 102536
MatLUFactorSym         1 1.0 1.0298e-01 1.4 0.00e+00 0.0 0.0e+00 0.0e+00 0.0e+00  0  0  0  0  0   0  0  0  0  0     0
MatLUFactorNum         2 1.0 4.4244e-01 1.6 6.71e+08 1.4 0.0e+00 0.0e+00 0.0e+00  2  5  0  0  0   2  5  0  0  0 202928
MatILUFactorSym        1 1.0 1.0911e-03 2.7 0.00e+00 0.0 0.0e+00 0.0e+00 0.0e+00  0  0  0  0  0   0  0  0  0  0     0
MatResidual            6 1.0 1.9313e-02 2.9 4.78e+06 1.0 5.1e+03 1.5e+03 0.0e+00  0  0  0  0  0   0  0  0  0  0 39157
MatAssemblyBegin       5 1.0 4.6436e-03 1.8 0.00e+00 0.0 0.0e+00 0.0e+00 2.0e+00  0  0  0  0  0   0  0  0  0  0     0
MatAssemblyEnd         5 1.0 1.1172e-01 7.2 0.00e+00 0.0 0.0e+00 0.0e+00 8.0e+00  0  0  0  0  0   0  0  0  0  0     0
MatGetRowIJ            2 1.0 4.5341e-03 2.2 0.00e+00 0.0 0.0e+00 0.0e+00 0.0e+00  0  0  0  0  0   0  0  0  0  0     0
MatCreateSubMats       1 1.0 3.1284e-02 1.5 0.00e+00 0.0 4.2e+03 3.6e+03 1.0e+00  0  0  0  0  0   0  0  0  0  0     0
MatGetOrdering         2 1.0 4.2978e-02 1.8 0.00e+00 0.0 0.0e+00 0.0e+00 0.0e+00  0  0  0  0  0   0  0  0  0  0     0
MatIncreaseOvrlp       1 1.0 1.1897e-02 1.6 0.00e+00 0.0 0.0e+00 0.0e+00 1.0e+00  0  0  0  0  0   0  0  0  0  0     0
VecMDot             8673 1.0 3.6599e+00 1.2 3.85e+09 1.0 0.0e+00 0.0e+00 8.7e+03 16 31  0  0 49  16 31  0  0 49 164977
VecNorm             8967 1.0 9.8460e-01 1.6 2.59e+08 1.0 0.0e+00 0.0e+00 9.0e+03  4  2  0  0 51   4  2  0  0 51 41284
VecScale            8979 1.0 4.4668e-02 1.5 1.30e+08 1.0 0.0e+00 0.0e+00 0.0e+00  0  1  0  0  0   0  1  0  0  0 455003
VecCopy              312 1.0 1.2918e-02 1.3 0.00e+00 0.0 0.0e+00 0.0e+00 0.0e+00  0  0  0  0  0   0  0  0  0  0     0
VecSet              9374 1.0 2.1677e-01 1.2 0.00e+00 0.0 0.0e+00 0.0e+00 0.0e+00  1  0  0  0  0   1  0  0  0  0     0
VecAXPY              586 1.0 1.2210e-02 1.3 1.75e+07 1.0 0.0e+00 0.0e+00 0.0e+00  0  0  0  0  0   0  0  0  0  0 225110
VecAYPX               36 1.0 5.2749e-03 1.4 2.73e+06 1.0 0.0e+00 0.0e+00 0.0e+00  0  0  0  0  0   0  0  0  0  0 81951
VecAXPBYCZ            12 1.0 2.6063e-03 1.3 3.41e+06 1.0 0.0e+00 0.0e+00 0.0e+00  0  0  0  0  0   0  0  0  0  0 207331
VecMAXPY            8967 1.0 2.1654e+00 1.2 4.11e+09 1.0 0.0e+00 0.0e+00 0.0e+00  9 33  0  0  0   9 33  0  0  0 297002
VecScatterBegin     9123 1.0 3.2277e-01 2.4 0.00e+00 0.0 7.7e+06 7.0e+02 3.0e+00  1  0100 98  0   1  0100 98  0     0
VecScatterEnd       9123 1.0 1.7576e-01 2.6 0.00e+00 0.0 0.0e+00 0.0e+00 0.0e+00  1  0  0  0  0   1  0  0  0  0     0
VecNormalize        8960 1.0 1.0194e+00 1.6 3.88e+08 1.0 0.0e+00 0.0e+00 9.0e+03  4  3  0  0 51   4  3  0  0 51 59628
SFSetGraph             5 1.0 1.7121e-04 2.1 0.00e+00 0.0 0.0e+00 0.0e+00 0.0e+00  0  0  0  0  0   0  0  0  0  0     0
SFSetUp                5 1.0 1.8622e-0112.3 0.00e+00 0.0 5.1e+03 3.2e+02 3.0e+00  0  0  0  0  0   0  0  0  0  0     0
SFReduceBegin         35 1.0 3.9289e-03 1.2 0.00e+00 0.0 0.0e+00 0.0e+00 0.0e+00  0  0  0  0  0   0  0  0  0  0     0
SFReduceEnd           35 1.0 3.7162e-05 1.9 0.00e+00 0.0 0.0e+00 0.0e+00 0.0e+00  0  0  0  0  0   0  0  0  0  0     0
SFPack              9123 1.0 2.3240e-02 2.0 0.00e+00 0.0 0.0e+00 0.0e+00 0.0e+00  0  0  0  0  0   0  0  0  0  0     0
SFUnpack            9123 1.0 4.0492e-03 2.1 0.00e+00 0.0 0.0e+00 0.0e+00 0.0e+00  0  0  0  0  0   0  0  0  0  0     0
KSPSetUp               4 1.0 1.0061e+00 1.0 7.94e+08 1.4 2.6e+04 1.7e+03 3.4e+01  5  6  0  1  0   5  6  0  1  0 108240
KSPSolve               1 1.0 1.1681e+01 1.0 1.19e+10 1.0 7.7e+06 7.1e+02 1.8e+04 54 94100 99100  54 94100 99100 159877
KSPGMRESOrthog      8673 1.0 5.4525e+00 1.1 7.71e+09 1.0 0.0e+00 0.0e+00 8.7e+03 24 61  0  0 49  24 61  0  0 49 221482
PCSetUp                2 1.0 1.0112e+00 1.0 7.94e+08 1.4 2.6e+04 1.7e+03 3.8e+01  5  6  0  1  0   5  6  0  1  0 107725
PCSetUpOnBlocks       19 1.0 5.5439e-01 1.5 6.71e+08 1.4 0.0e+00 0.0e+00 0.0e+00  2  5  0  0  0   2  5  0  0  0 161950
PCApply                6 1.0 1.1650e+01 1.0 1.19e+10 1.0 7.7e+06 7.1e+02 1.8e+04 54 94100 99 99  54 94100 99100 160141
PCApplyOnBlocks       35 1.0 4.5130e-01 1.2 3.21e+08 1.1 0.0e+00 0.0e+00 0.0e+00  2  2  0  0  0   2  2  0  0  0 109306
------------------------------------------------------------------------------------------------------------------------

Memory usage is given in bytes:

Object Type          Creations   Destructions     Memory  Descendants' Mem.
Reports information only for process 0.

--- Event Stage 0: Main Stage

              Matrix    12             12     78712952     0.
              Vector   102            102     29789560     0.
           Index Set    18             18      1845004     0.
   IS L to G Mapping     1              1       681680     0.
   Star Forest Graph    11             11        12600     0.
       Krylov Solver     6              6        73864     0.
      Preconditioner     6              6         6464     0.
    Distributed Mesh     3              3        15144     0.
     Discrete System     3              3         2712     0.
           Weak Form     3              3         2472     0.
              Viewer     2              1          848     0.
========================================================================================================================
Average time to get PetscTime(): 3.23e-08
Average time for MPI_Barrier(): 0.00011462
Average time for zero size MPI_Send(): 2.40253e-06
#PETSc Option Table entries:
-ksp_converged_reason
-ksp_pc_side right
-ksp_type fgmres
-log_view
-m 1500
-mg_coarse_ksp_converged_reason
-mg_coarse_ksp_rtol 1e-2
-mg_coarse_ksp_type gmres
-mg_coarse_pc_type bjacobi
-mg_coarse_sub_pc_type ilu
-mg_levels_pc_type asm
-mg_levels_sub_pc_type lu
-n 1500
-nw
-pc_mg_type multiplicative
-pc_type mg
#End of PETSc Option Table entries
Compiled without FORTRAN kernels
Compiled with full precision matrices (default)
sizeof(short) 2 sizeof(int) 4 sizeof(long) 8 sizeof(void*) 8 sizeof(PetscScalar) 8 sizeof(PetscInt) 4
Configure options: --prefix=/home/a/asarkar/sudhipv/software/FreeFem-sources/install/ff-petsc/r MAKEFLAGS= --with-debugging=0 COPTFLAGS="-O3 -mtune=native" CXXOPTFLAGS="-O3 -mtune=native" FOPTFLAGS="-O3 -mtune=native" --with-cxx-dialect=C++11 --with-ssl=0 --with-x=0 --with-fortran-bindings=0 --with-cudac=0 --with-cc=/cvmfs/soft.computecanada.ca/easybuild/software/2020/avx512/Compiler/intel2020/openmpi/4.0.3/bin/mpicc --with-cxx=/cvmfs/soft.computecanada.ca/easybuild/software/2020/avx512/Compiler/intel2020/openmpi/4.0.3/bin/mpic++ --with-fc=/cvmfs/soft.computecanada.ca/easybuild/software/2020/avx512/Compiler/intel2020/openmpi/4.0.3/bin/mpif90 --with-scalar-type=real --with-blaslapack-include=/cvmfs/soft.computecanada.ca/easybuild/software/2020/Core/imkl/2020.1.217/mkl/include --with-blaslapack-lib="-Wl,-rpath,/cvmfs/soft.computecanada.ca/easybuild/software/2020/Core/imkl/2020.1.217/mkl/lib/intel64 -L/cvmfs/soft.computecanada.ca/easybuild/software/2020/Core/imkl/2020.1.217/mkl/lib/intel64 -lmkl_rt -lmkl_intel_thread -lmkl_core  -liomp5 -lpthread" --download-metis --download-ptscotch --download-hypre --download-parmetis --download-mmg --download-parmmg --download-superlu --download-suitesparse --download-tetgen --download-slepc --download-hpddm --download-scalapack --download-mumps --download-slepc-configure-arguments=--download-arpack=https://github.com/prj-/arpack-ng/archive/b64dccb.tar.gz PETSC_ARCH=fr
-----------------------------------------
Libraries compiled on 2021-05-02 15:39:49 on nia-login03.scinet.local 
Machine characteristics: Linux-3.10.0-957.27.2.el7.x86_64-x86_64-with-centos-7.6.1810-Core
Using PETSc directory: /home/a/asarkar/sudhipv/software/FreeFem-sources/install/ff-petsc/r
Using PETSc arch: 
-----------------------------------------

Using C compiler: /cvmfs/soft.computecanada.ca/easybuild/software/2020/avx512/Compiler/intel2020/openmpi/4.0.3/bin/mpicc  -fPIC -wd1572 -O3 -mtune=native   
Using Fortran compiler: /cvmfs/soft.computecanada.ca/easybuild/software/2020/avx512/Compiler/intel2020/openmpi/4.0.3/bin/mpif90  -fPIC -O3 -mtune=native     
-----------------------------------------

Using include paths: -I/home/a/asarkar/sudhipv/software/FreeFem-sources/install/ff-petsc/r/include -I/cvmfs/soft.computecanada.ca/easybuild/software/2020/Core/imkl/2020.1.217/mkl/include
-----------------------------------------

Using C linker: /cvmfs/soft.computecanada.ca/easybuild/software/2020/avx512/Compiler/intel2020/openmpi/4.0.3/bin/mpicc
Using Fortran linker: /cvmfs/soft.computecanada.ca/easybuild/software/2020/avx512/Compiler/intel2020/openmpi/4.0.3/bin/mpif90
Using libraries: -Wl,-rpath,/home/a/asarkar/sudhipv/software/FreeFem-sources/install/ff-petsc/r/lib -L/home/a/asarkar/sudhipv/software/FreeFem-sources/install/ff-petsc/r/lib -lpetsc -Wl,-rpath,/home/a/asarkar/sudhipv/software/FreeFem-sources/install/ff-petsc/r/lib -L/home/a/asarkar/sudhipv/software/FreeFem-sources/install/ff-petsc/r/lib -Wl,-rpath,/cvmfs/soft.computecanada.ca/easybuild/software/2020/Core/imkl/2020.1.217/mkl/lib/intel64 -L/cvmfs/soft.computecanada.ca/easybuild/software/2020/Core/imkl/2020.1.217/mkl/lib/intel64 -Wl,-rpath,/cvmfs/soft.computecanada.ca/easybuild/software/2020/avx512/Compiler/intel2020/openmpi/4.0.3/lib -L/cvmfs/soft.computecanada.ca/easybuild/software/2020/avx512/Compiler/intel2020/openmpi/4.0.3/lib -Wl,-rpath,/cvmfs/soft.computecanada.ca/easybuild/software/2020/avx512/Core/libfabric/1.10.1/lib -L/cvmfs/soft.computecanada.ca/easybuild/software/2020/avx512/Core/libfabric/1.10.1/lib -Wl,-rpath,/cvmfs/soft.computecanada.ca/easybuild/software/2020/avx512/Core/ucx/1.8.0/lib -L/cvmfs/soft.computecanada.ca/easybuild/software/2020/avx512/Core/ucx/1.8.0/lib -Wl,-rpath,/cvmfs/soft.computecanada.ca/easybuild/software/2020/Core/imkl/2020.1.217/lib/intel64 -L/cvmfs/soft.computecanada.ca/easybuild/software/2020/Core/imkl/2020.1.217/lib/intel64 -Wl,-rpath,/cvmfs/restricted.computecanada.ca/easybuild/software/2020/Core/intel/2020.1.217/compilers_and_libraries_2020.1.217/linux/tbb/lib/intel64/gcc4.8 -L/cvmfs/restricted.computecanada.ca/easybuild/software/2020/Core/intel/2020.1.217/compilers_and_libraries_2020.1.217/linux/tbb/lib/intel64/gcc4.8 -Wl,-rpath,/cvmfs/restricted.computecanada.ca/easybuild/software/2020/Core/intel/2020.1.217/compilers_and_libraries_2020.1.217/linux/compiler/lib/intel64_lin -L/cvmfs/restricted.computecanada.ca/easybuild/software/2020/Core/intel/2020.1.217/compilers_and_libraries_2020.1.217/linux/compiler/lib/intel64_lin -Wl,-rpath,/cvmfs/soft.computecanada.ca/easybuild/software/2020/avx512/Compiler/intel2020/openmpi/4.0.3/lib64 -L/cvmfs/soft.computecanada.ca/easybuild/software/2020/avx512/Compiler/intel2020/openmpi/4.0.3/lib64 -Wl,-rpath,/cvmfs/soft.computecanada.ca/easybuild/software/2020/Core/gcccore/9.3.0/lib/gcc/x86_64-pc-linux-gnu/9.3.0 -L/cvmfs/soft.computecanada.ca/easybuild/software/2020/Core/gcccore/9.3.0/lib/gcc/x86_64-pc-linux-gnu/9.3.0 -Wl,-rpath,/cvmfs/soft.computecanada.ca/easybuild/software/2020/Core/gcccore/9.3.0/lib64 -L/cvmfs/soft.computecanada.ca/easybuild/software/2020/Core/gcccore/9.3.0/lib64 -Wl,-rpath,/cvmfs/soft.computecanada.ca/gentoo/2020/lib64 -L/cvmfs/soft.computecanada.ca/gentoo/2020/lib64 -Wl,-rpath,/cvmfs/soft.computecanada.ca/gentoo/2020/usr/lib64 -L/cvmfs/soft.computecanada.ca/gentoo/2020/usr/lib64 -Wl,-rpath,/cvmfs/soft.computecanada.ca/easybuild/software/2020/Core/gcccore/9.3.0/lib -L/cvmfs/soft.computecanada.ca/easybuild/software/2020/Core/gcccore/9.3.0/lib -Wl,-rpath,/cvmfs/soft.computecanada.ca/gentoo/2020/lib -L/cvmfs/soft.computecanada.ca/gentoo/2020/lib -Wl,-rpath,/cvmfs/soft.computecanada.ca/gentoo/2020/usr/lib -L/cvmfs/soft.computecanada.ca/gentoo/2020/usr/lib -lHYPRE -lcmumps -ldmumps -lsmumps -lzmumps -lmumps_common -lpord -lscalapack -lumfpack -lklu -lcholmod -lbtf -lccolamd -lcolamd -lcamd -lamd -lsuitesparseconfig -lsuperlu -lmkl_rt -lmkl_intel_thread -lmkl_core -liomp5 -lpthread -lparmmg -lmmg -lmmg3d -lptesmumps -lptscotchparmetis -lptscotch -lptscotcherr -lesmumps -lscotch -lscotcherr -lpthread -lparmetis -lmetis -ltet -lstdc++ -ldl -lmpi_usempif08 -lmpi_usempi_ignore_tkr -lmpi_mpifh -lmpi -lifport -lifcoremt_pic -limf -lsvml -lm -lipgo -lirc -lpthread -lgcc_s -lirc_s -lrt -lquadmath -lstdc++ -ldl
-----------------------------------------

#############################################################################################################
#############################################################################################################
########     Finsihed Code with NL 10 Processors             #################################################
#############################################################################################################
#############################################################################################################
Number of Vertices for coarse mesh in process  0  3381921
    Linear mg_coarse_ solve converged due to CONVERGED_RTOL iterations 17
    Linear mg_coarse_ solve converged due to CONVERGED_RTOL iterations 991
    Linear mg_coarse_ solve converged due to CONVERGED_RTOL iterations 2979
    Linear mg_coarse_ solve converged due to CONVERGED_RTOL iterations 2114
    Linear mg_coarse_ solve converged due to CONVERGED_RTOL iterations 5695
    Linear mg_coarse_ solve converged due to CONVERGED_RTOL iterations 2715
Linear solve converged due to CONVERGED_RTOL iterations 6
time taken for solve is32.6253
L2 Norm of uerr is0.0082041
************************************************************************************************************************
***             WIDEN YOUR WINDOW TO 120 CHARACTERS.  Use 'enscript -r -fCourier9' to print this document            ***
************************************************************************************************************************

---------------------------------------------- PETSc Performance Summary: ----------------------------------------------

/home/a/asarkar/sudhipv/software/FreeFem-sources/src/mpi/FreeFem++-mpi on a  named nia0376.scinet.local with 240 processors, by sudhipv Sun Oct  3 15:02:49 2021
Using Petsc Release Version 3.15.0, Mar 30, 2021 

                         Max       Max/Min     Avg       Total
Time (sec):           3.271e+01     1.000   3.271e+01
Objects:              1.670e+02     1.000   1.670e+02
Flop:                 2.066e+10     1.056   2.011e+10  4.826e+12
Flop/sec:             6.317e+08     1.056   6.148e+08  1.476e+11
MPI Messages:         1.208e+05     4.000   8.265e+04  1.983e+07
MPI Message Lengths:  7.597e+07     3.106   6.936e+02  1.376e+10
MPI Reductions:       2.961e+04     1.000

Flop counting convention: 1 flop = 1 real number operation of type (multiply/divide/add/subtract)
                            e.g., VecAXPY() for real vectors of length N --> 2N flop
                            and VecAXPY() for complex vectors of length N --> 8N flop

Summary of Stages:   ----- Time ------  ----- Flop ------  --- Messages ---  -- Message Lengths --  -- Reductions --
                        Avg     %Total     Avg     %Total    Count   %Total     Avg         %Total    Count   %Total
 0:      Main Stage: 3.2708e+01 100.0%  4.8263e+12 100.0%  1.983e+07 100.0%  6.936e+02      100.0%  2.959e+04  99.9%

------------------------------------------------------------------------------------------------------------------------
See the 'Profiling' chapter of the users' manual for details on interpreting output.
Phase summary info:
   Count: number of times phase was executed
   Time and Flop: Max - maximum over all processors
                  Ratio - ratio of maximum to minimum over all processors
   Mess: number of messages sent
   AvgLen: average message length (bytes)
   Reduct: number of global reductions
   Global: entire computation
   Stage: stages of a computation. Set stages with PetscLogStagePush() and PetscLogStagePop().
      %T - percent time in this phase         %F - percent flop in this phase
      %M - percent messages in this phase     %L - percent message lengths in this phase
      %R - percent reductions in this phase
   Total Mflop/s: 10e-6 * (sum of flop over all processors)/(max time over all processors)
------------------------------------------------------------------------------------------------------------------------
Event                Count      Time (sec)     Flop                              --- Global ---  --- Stage ----  Total
                   Max Ratio  Max     Ratio   Max  Ratio  Mess   AvgLen  Reduct  %T %F %M %L %R  %T %F %M %L %R Mflop/s
------------------------------------------------------------------------------------------------------------------------

--- Event Stage 0: Main Stage

BuildTwoSided          7 1.0 2.1793e-0117.7 0.00e+00 0.0 3.9e+03 4.0e+00 5.0e+00  0  0  0  0  0   0  0  0  0  0     0
BuildTwoSidedF         2 1.0 3.2043e-03 2.8 0.00e+00 0.0 0.0e+00 0.0e+00 2.0e+00  0  0  0  0  0   0  0  0  0  0     0
MatMult            15038 1.0 4.4351e+00 1.2 2.84e+09 1.0 2.0e+07 6.9e+02 2.0e+00 13 14100 99  0  13 14100 99  0 150101
MatMultAdd             6 1.0 1.2829e-02 1.5 6.84e+05 1.0 7.9e+03 2.2e+03 0.0e+00  0  0  0  0  0   0  0  0  0  0 12647
MatMultTranspose       6 1.0 2.1700e-02 2.8 0.00e+00 0.0 7.9e+03 7.5e+03 0.0e+00  0  0  0  0  0   0  0  0  0  0     0
MatSolve           15033 1.0 4.9426e+00 1.2 3.10e+09 1.1 0.0e+00 0.0e+00 0.0e+00 14 15  0  0  0  14 15  0  0  0 146955
MatLUFactorSym         1 1.0 1.1801e-01 1.7 0.00e+00 0.0 0.0e+00 0.0e+00 0.0e+00  0  0  0  0  0   0  0  0  0  0     0
MatLUFactorNum         2 1.0 4.6042e-01 1.8 7.11e+08 1.6 0.0e+00 0.0e+00 0.0e+00  1  3  0  0  0   1  3  0  0  0 292560
MatILUFactorSym        1 1.0 9.8047e-04 2.5 0.00e+00 0.0 0.0e+00 0.0e+00 0.0e+00  0  0  0  0  0   0  0  0  0  0     0
MatResidual            6 1.0 1.8058e-02 3.5 4.79e+06 1.0 7.9e+03 1.5e+03 0.0e+00  0  0  0  0  0   0  0  0  0  0 62874
MatAssemblyBegin       5 1.0 4.0175e-03 1.4 0.00e+00 0.0 0.0e+00 0.0e+00 2.0e+00  0  0  0  0  0   0  0  0  0  0     0
MatAssemblyEnd         5 1.0 1.8528e-01 3.0 0.00e+00 0.0 0.0e+00 0.0e+00 8.0e+00  0  0  0  0  0   0  0  0  0  0     0
MatGetRowIJ            2 1.0 5.0187e-03 2.4 0.00e+00 0.0 0.0e+00 0.0e+00 0.0e+00  0  0  0  0  0   0  0  0  0  0     0
MatCreateSubMats       1 1.0 3.2245e-02 1.5 0.00e+00 0.0 6.6e+03 3.5e+03 1.0e+00  0  0  0  0  0   0  0  0  0  0     0
MatGetOrdering         2 1.0 4.6511e-02 1.9 0.00e+00 0.0 0.0e+00 0.0e+00 0.0e+00  0  0  0  0  0   0  0  0  0  0     0
MatIncreaseOvrlp       1 1.0 1.3029e-02 1.8 0.00e+00 0.0 0.0e+00 0.0e+00 1.0e+00  0  0  0  0  0   0  0  0  0  0     0
VecMDot            14527 1.0 5.9001e+00 1.2 6.48e+09 1.0 0.0e+00 0.0e+00 1.5e+04 17 31  0  0 49  17 31  0  0 49 257604
VecNorm            15016 1.0 1.4201e+00 1.4 4.34e+08 1.0 0.0e+00 0.0e+00 1.5e+04  4  2  0  0 51   4  2  0  0 51 71779
VecScale           15028 1.0 7.6365e-02 1.5 2.17e+08 1.0 0.0e+00 0.0e+00 0.0e+00  0  1  0  0  0   0  1  0  0  0 667396
VecCopy              507 1.0 2.0386e-02 1.3 0.00e+00 0.0 0.0e+00 0.0e+00 0.0e+00  0  0  0  0  0   0  0  0  0  0     0
VecSet             15618 1.0 3.6277e-01 1.2 0.00e+00 0.0 0.0e+00 0.0e+00 0.0e+00  1  0  0  0  0   1  0  0  0  0     0
VecAXPY              976 1.0 2.0726e-02 1.5 2.88e+07 1.0 0.0e+00 0.0e+00 0.0e+00  0  0  0  0  0   0  0  0  0  0 326343
VecAYPX               36 1.0 5.2395e-03 1.5 2.73e+06 1.0 0.0e+00 0.0e+00 0.0e+00  0  0  0  0  0   0  0  0  0  0 123861
VecAXPBYCZ            12 1.0 2.7553e-03 1.6 3.42e+06 1.0 0.0e+00 0.0e+00 0.0e+00  0  0  0  0  0   0  0  0  0  0 294418
VecMAXPY           15016 1.0 3.4945e+00 1.1 6.90e+09 1.0 0.0e+00 0.0e+00 0.0e+00 10 34  0  0  0  10 34  0  0  0 463166
VecScatterBegin    15172 1.0 4.3316e-01 2.3 0.00e+00 0.0 2.0e+07 6.9e+02 3.0e+00  1  0100 99  0   1  0100 99  0     0
VecScatterEnd      15172 1.0 2.5066e-01 2.1 0.00e+00 0.0 0.0e+00 0.0e+00 0.0e+00  1  0  0  0  0   1  0  0  0  0     0
VecNormalize       15009 1.0 1.4838e+00 1.4 6.50e+08 1.0 0.0e+00 0.0e+00 1.5e+04  4  3  0  0 51   4  3  0  0 51 102855
SFSetGraph             5 1.0 1.5657e-04 1.9 0.00e+00 0.0 0.0e+00 0.0e+00 0.0e+00  0  0  0  0  0   0  0  0  0  0     0
SFSetUp                5 1.0 2.2240e-0115.2 0.00e+00 0.0 7.9e+03 3.1e+02 3.0e+00  0  0  0  0  0   0  0  0  0  0     0
SFReduceBegin         35 1.0 4.2505e-03 1.4 0.00e+00 0.0 0.0e+00 0.0e+00 0.0e+00  0  0  0  0  0   0  0  0  0  0     0
SFReduceEnd           35 1.0 4.6444e-05 2.8 0.00e+00 0.0 0.0e+00 0.0e+00 0.0e+00  0  0  0  0  0   0  0  0  0  0     0
SFPack             15172 1.0 3.6536e-02 1.7 0.00e+00 0.0 0.0e+00 0.0e+00 0.0e+00  0  0  0  0  0   0  0  0  0  0     0
SFUnpack           15172 1.0 6.8767e-03 2.1 0.00e+00 0.0 0.0e+00 0.0e+00 0.0e+00  0  0  0  0  0   0  0  0  0  0     0
KSPSetUp               4 1.0 9.7467e-01 1.0 8.38e+08 1.5 3.9e+04 1.7e+03 3.4e+01  3  3  0  0  0   3  3  0  0  0 167658
KSPSolve               1 1.0 1.8978e+01 1.0 1.99e+10 1.0 2.0e+07 6.9e+02 3.0e+04 58 97100 99100  58 97100 99100 245704
KSPGMRESOrthog     14527 1.0 8.8915e+00 1.1 1.30e+10 1.0 0.0e+00 0.0e+00 1.5e+04 26 63  0  0 49  26 63  0  0 49 341882
PCSetUp                2 1.0 9.7796e-01 1.0 8.38e+08 1.5 3.9e+04 1.7e+03 3.8e+01  3  3  0  0  0   3  3  0  0  0 167146
PCSetUpOnBlocks       19 1.0 5.7209e-01 1.6 7.11e+08 1.6 0.0e+00 0.0e+00 0.0e+00  1  3  0  0  0   1  3  0  0  0 235455
PCApply                6 1.0 1.8953e+01 1.0 1.99e+10 1.0 2.0e+07 6.9e+02 3.0e+04 58 97100 99100  58 97100 99100 245889
PCApplyOnBlocks       35 1.0 4.5971e-01 1.2 3.32e+08 1.1 0.0e+00 0.0e+00 0.0e+00  1  2  0  0  0   1  2  0  0  0 161170
------------------------------------------------------------------------------------------------------------------------

Memory usage is given in bytes:

Object Type          Creations   Destructions     Memory  Descendants' Mem.
Reports information only for process 0.

--- Event Stage 0: Main Stage

              Matrix    12             12     79269104     0.
              Vector   102            102     29817720     0.
           Index Set    18             18      1845508     0.
   IS L to G Mapping     1              1       681992     0.
   Star Forest Graph    11             11        12600     0.
       Krylov Solver     6              6        73864     0.
      Preconditioner     6              6         6464     0.
    Distributed Mesh     3              3        15144     0.
     Discrete System     3              3         2712     0.
           Weak Form     3              3         2472     0.
              Viewer     2              1          848     0.
========================================================================================================================
Average time to get PetscTime(): 3.21e-08
Average time for MPI_Barrier(): 8.421e-05
Average time for zero size MPI_Send(): 1.28195e-06
#PETSc Option Table entries:
-ksp_converged_reason
-ksp_pc_side right
-ksp_type fgmres
-log_view
-m 1838
-mg_coarse_ksp_converged_reason
-mg_coarse_ksp_rtol 1e-2
-mg_coarse_ksp_type gmres
-mg_coarse_pc_type bjacobi
-mg_coarse_sub_pc_type ilu
-mg_levels_pc_type asm
-mg_levels_sub_pc_type lu
-n 1838
-nw
-pc_mg_type multiplicative
-pc_type mg
#End of PETSc Option Table entries
Compiled without FORTRAN kernels
Compiled with full precision matrices (default)
sizeof(short) 2 sizeof(int) 4 sizeof(long) 8 sizeof(void*) 8 sizeof(PetscScalar) 8 sizeof(PetscInt) 4
Configure options: --prefix=/home/a/asarkar/sudhipv/software/FreeFem-sources/install/ff-petsc/r MAKEFLAGS= --with-debugging=0 COPTFLAGS="-O3 -mtune=native" CXXOPTFLAGS="-O3 -mtune=native" FOPTFLAGS="-O3 -mtune=native" --with-cxx-dialect=C++11 --with-ssl=0 --with-x=0 --with-fortran-bindings=0 --with-cudac=0 --with-cc=/cvmfs/soft.computecanada.ca/easybuild/software/2020/avx512/Compiler/intel2020/openmpi/4.0.3/bin/mpicc --with-cxx=/cvmfs/soft.computecanada.ca/easybuild/software/2020/avx512/Compiler/intel2020/openmpi/4.0.3/bin/mpic++ --with-fc=/cvmfs/soft.computecanada.ca/easybuild/software/2020/avx512/Compiler/intel2020/openmpi/4.0.3/bin/mpif90 --with-scalar-type=real --with-blaslapack-include=/cvmfs/soft.computecanada.ca/easybuild/software/2020/Core/imkl/2020.1.217/mkl/include --with-blaslapack-lib="-Wl,-rpath,/cvmfs/soft.computecanada.ca/easybuild/software/2020/Core/imkl/2020.1.217/mkl/lib/intel64 -L/cvmfs/soft.computecanada.ca/easybuild/software/2020/Core/imkl/2020.1.217/mkl/lib/intel64 -lmkl_rt -lmkl_intel_thread -lmkl_core  -liomp5 -lpthread" --download-metis --download-ptscotch --download-hypre --download-parmetis --download-mmg --download-parmmg --download-superlu --download-suitesparse --download-tetgen --download-slepc --download-hpddm --download-scalapack --download-mumps --download-slepc-configure-arguments=--download-arpack=https://github.com/prj-/arpack-ng/archive/b64dccb.tar.gz PETSC_ARCH=fr
-----------------------------------------
Libraries compiled on 2021-05-02 15:39:49 on nia-login03.scinet.local 
Machine characteristics: Linux-3.10.0-957.27.2.el7.x86_64-x86_64-with-centos-7.6.1810-Core
Using PETSc directory: /home/a/asarkar/sudhipv/software/FreeFem-sources/install/ff-petsc/r
Using PETSc arch: 
-----------------------------------------

Using C compiler: /cvmfs/soft.computecanada.ca/easybuild/software/2020/avx512/Compiler/intel2020/openmpi/4.0.3/bin/mpicc  -fPIC -wd1572 -O3 -mtune=native   
Using Fortran compiler: /cvmfs/soft.computecanada.ca/easybuild/software/2020/avx512/Compiler/intel2020/openmpi/4.0.3/bin/mpif90  -fPIC -O3 -mtune=native     
-----------------------------------------

Using include paths: -I/home/a/asarkar/sudhipv/software/FreeFem-sources/install/ff-petsc/r/include -I/cvmfs/soft.computecanada.ca/easybuild/software/2020/Core/imkl/2020.1.217/mkl/include
-----------------------------------------

Using C linker: /cvmfs/soft.computecanada.ca/easybuild/software/2020/avx512/Compiler/intel2020/openmpi/4.0.3/bin/mpicc
Using Fortran linker: /cvmfs/soft.computecanada.ca/easybuild/software/2020/avx512/Compiler/intel2020/openmpi/4.0.3/bin/mpif90
Using libraries: -Wl,-rpath,/home/a/asarkar/sudhipv/software/FreeFem-sources/install/ff-petsc/r/lib -L/home/a/asarkar/sudhipv/software/FreeFem-sources/install/ff-petsc/r/lib -lpetsc -Wl,-rpath,/home/a/asarkar/sudhipv/software/FreeFem-sources/install/ff-petsc/r/lib -L/home/a/asarkar/sudhipv/software/FreeFem-sources/install/ff-petsc/r/lib -Wl,-rpath,/cvmfs/soft.computecanada.ca/easybuild/software/2020/Core/imkl/2020.1.217/mkl/lib/intel64 -L/cvmfs/soft.computecanada.ca/easybuild/software/2020/Core/imkl/2020.1.217/mkl/lib/intel64 -Wl,-rpath,/cvmfs/soft.computecanada.ca/easybuild/software/2020/avx512/Compiler/intel2020/openmpi/4.0.3/lib -L/cvmfs/soft.computecanada.ca/easybuild/software/2020/avx512/Compiler/intel2020/openmpi/4.0.3/lib -Wl,-rpath,/cvmfs/soft.computecanada.ca/easybuild/software/2020/avx512/Core/libfabric/1.10.1/lib -L/cvmfs/soft.computecanada.ca/easybuild/software/2020/avx512/Core/libfabric/1.10.1/lib -Wl,-rpath,/cvmfs/soft.computecanada.ca/easybuild/software/2020/avx512/Core/ucx/1.8.0/lib -L/cvmfs/soft.computecanada.ca/easybuild/software/2020/avx512/Core/ucx/1.8.0/lib -Wl,-rpath,/cvmfs/soft.computecanada.ca/easybuild/software/2020/Core/imkl/2020.1.217/lib/intel64 -L/cvmfs/soft.computecanada.ca/easybuild/software/2020/Core/imkl/2020.1.217/lib/intel64 -Wl,-rpath,/cvmfs/restricted.computecanada.ca/easybuild/software/2020/Core/intel/2020.1.217/compilers_and_libraries_2020.1.217/linux/tbb/lib/intel64/gcc4.8 -L/cvmfs/restricted.computecanada.ca/easybuild/software/2020/Core/intel/2020.1.217/compilers_and_libraries_2020.1.217/linux/tbb/lib/intel64/gcc4.8 -Wl,-rpath,/cvmfs/restricted.computecanada.ca/easybuild/software/2020/Core/intel/2020.1.217/compilers_and_libraries_2020.1.217/linux/compiler/lib/intel64_lin -L/cvmfs/restricted.computecanada.ca/easybuild/software/2020/Core/intel/2020.1.217/compilers_and_libraries_2020.1.217/linux/compiler/lib/intel64_lin -Wl,-rpath,/cvmfs/soft.computecanada.ca/easybuild/software/2020/avx512/Compiler/intel2020/openmpi/4.0.3/lib64 -L/cvmfs/soft.computecanada.ca/easybuild/software/2020/avx512/Compiler/intel2020/openmpi/4.0.3/lib64 -Wl,-rpath,/cvmfs/soft.computecanada.ca/easybuild/software/2020/Core/gcccore/9.3.0/lib/gcc/x86_64-pc-linux-gnu/9.3.0 -L/cvmfs/soft.computecanada.ca/easybuild/software/2020/Core/gcccore/9.3.0/lib/gcc/x86_64-pc-linux-gnu/9.3.0 -Wl,-rpath,/cvmfs/soft.computecanada.ca/easybuild/software/2020/Core/gcccore/9.3.0/lib64 -L/cvmfs/soft.computecanada.ca/easybuild/software/2020/Core/gcccore/9.3.0/lib64 -Wl,-rpath,/cvmfs/soft.computecanada.ca/gentoo/2020/lib64 -L/cvmfs/soft.computecanada.ca/gentoo/2020/lib64 -Wl,-rpath,/cvmfs/soft.computecanada.ca/gentoo/2020/usr/lib64 -L/cvmfs/soft.computecanada.ca/gentoo/2020/usr/lib64 -Wl,-rpath,/cvmfs/soft.computecanada.ca/easybuild/software/2020/Core/gcccore/9.3.0/lib -L/cvmfs/soft.computecanada.ca/easybuild/software/2020/Core/gcccore/9.3.0/lib -Wl,-rpath,/cvmfs/soft.computecanada.ca/gentoo/2020/lib -L/cvmfs/soft.computecanada.ca/gentoo/2020/lib -Wl,-rpath,/cvmfs/soft.computecanada.ca/gentoo/2020/usr/lib -L/cvmfs/soft.computecanada.ca/gentoo/2020/usr/lib -lHYPRE -lcmumps -ldmumps -lsmumps -lzmumps -lmumps_common -lpord -lscalapack -lumfpack -lklu -lcholmod -lbtf -lccolamd -lcolamd -lcamd -lamd -lsuitesparseconfig -lsuperlu -lmkl_rt -lmkl_intel_thread -lmkl_core -liomp5 -lpthread -lparmmg -lmmg -lmmg3d -lptesmumps -lptscotchparmetis -lptscotch -lptscotcherr -lesmumps -lscotch -lscotcherr -lpthread -lparmetis -lmetis -ltet -lstdc++ -ldl -lmpi_usempif08 -lmpi_usempi_ignore_tkr -lmpi_mpifh -lmpi -lifport -lifcoremt_pic -limf -lsvml -lm -lipgo -lirc -lpthread -lgcc_s -lirc_s -lrt -lquadmath -lstdc++ -ldl
-----------------------------------------

#############################################################################################################
#############################################################################################################
########     Finsihed Code with NL 10 Processors             #################################################
#############################################################################################################
#############################################################################################################
Number of Vertices for coarse mesh in process  0  5635876
    Linear mg_coarse_ solve converged due to CONVERGED_RTOL iterations 17
    Linear mg_coarse_ solve converged due to CONVERGED_RTOL iterations 837
    Linear mg_coarse_ solve converged due to CONVERGED_RTOL iterations 2004
    Linear mg_coarse_ solve converged due to CONVERGED_RTOL iterations 3387
    Linear mg_coarse_ solve did not converge due to DIVERGED_ITS iterations 10000
    Linear mg_coarse_ solve did not converge due to DIVERGED_ITS iterations 10000
    Linear mg_coarse_ solve did not converge due to DIVERGED_ITS iterations 10000
    Linear mg_coarse_ solve converged due to CONVERGED_RTOL iterations 3238
    Linear mg_coarse_ solve converged due to CONVERGED_RTOL iterations 1583
Linear solve converged due to CONVERGED_RTOL iterations 9
time taken for solve is76.0973
L2 Norm of uerr is0.00606017
************************************************************************************************************************
***             WIDEN YOUR WINDOW TO 120 CHARACTERS.  Use 'enscript -r -fCourier9' to print this document            ***
************************************************************************************************************************

---------------------------------------------- PETSc Performance Summary: ----------------------------------------------

/home/a/asarkar/sudhipv/software/FreeFem-sources/src/mpi/FreeFem++-mpi on a  named nia0376.scinet.local with 400 processors, by sudhipv Sun Oct  3 15:04:10 2021
Using Petsc Release Version 3.15.0, Mar 30, 2021 

                         Max       Max/Min     Avg       Total
Time (sec):           7.618e+01     1.000   7.618e+01
Objects:              1.670e+02     1.000   1.670e+02
Flop:                 5.678e+10     1.052   5.537e+10  2.215e+13
Flop/sec:             7.454e+08     1.052   7.268e+08  2.907e+11
MPI Messages:         3.405e+05     4.000   2.377e+05  9.509e+07
MPI Message Lengths:  2.036e+08     3.125   6.898e+02  6.559e+10
MPI Reductions:       8.361e+04     1.000

Flop counting convention: 1 flop = 1 real number operation of type (multiply/divide/add/subtract)
                            e.g., VecAXPY() for real vectors of length N --> 2N flop
                            and VecAXPY() for complex vectors of length N --> 8N flop

Summary of Stages:   ----- Time ------  ----- Flop ------  --- Messages ---  -- Message Lengths --  -- Reductions --
                        Avg     %Total     Avg     %Total    Count   %Total     Avg         %Total    Count   %Total
 0:      Main Stage: 7.6184e+01 100.0%  2.2147e+13 100.0%  9.509e+07 100.0%  6.898e+02      100.0%  8.359e+04 100.0%

------------------------------------------------------------------------------------------------------------------------
See the 'Profiling' chapter of the users' manual for details on interpreting output.
Phase summary info:
   Count: number of times phase was executed
   Time and Flop: Max - maximum over all processors
                  Ratio - ratio of maximum to minimum over all processors
   Mess: number of messages sent
   AvgLen: average message length (bytes)
   Reduct: number of global reductions
   Global: entire computation
   Stage: stages of a computation. Set stages with PetscLogStagePush() and PetscLogStagePop().
      %T - percent time in this phase         %F - percent flop in this phase
      %M - percent messages in this phase     %L - percent message lengths in this phase
      %R - percent reductions in this phase
   Total Mflop/s: 10e-6 * (sum of flop over all processors)/(max time over all processors)
------------------------------------------------------------------------------------------------------------------------
Event                Count      Time (sec)     Flop                              --- Global ---  --- Stage ----  Total
                   Max Ratio  Max     Ratio   Max  Ratio  Mess   AvgLen  Reduct  %T %F %M %L %R  %T %F %M %L %R Mflop/s
------------------------------------------------------------------------------------------------------------------------

--- Event Stage 0: Main Stage

BuildTwoSided          7 1.0 1.9151e-0110.0 0.00e+00 0.0 6.7e+03 4.0e+00 5.0e+00  0  0  0  0  0   0  0  0  0  0     0
BuildTwoSidedF         2 1.0 8.9372e-03 1.5 0.00e+00 0.0 0.0e+00 0.0e+00 2.0e+00  0  0  0  0  0   0  0  0  0  0     0
MatMult            42493 1.0 1.2442e+01 1.2 8.00e+09 1.1 9.5e+07 6.9e+02 2.0e+00 15 14100 99  0  15 14100 99  0 251012
MatMultAdd             9 1.0 2.1993e-02 1.5 1.03e+06 1.0 2.0e+04 2.2e+03 0.0e+00  0  0  0  0  0   0  0  0  0  0 18442
MatMultTranspose       9 1.0 5.5134e-02 4.4 0.00e+00 0.0 2.0e+04 7.6e+03 0.0e+00  0  0  0  0  0   0  0  0  0  0     0
MatSolve           42485 1.0 1.2837e+01 1.1 8.31e+09 1.1 0.0e+00 0.0e+00 0.0e+00 16 15  0  0  0  16 15  0  0  0 252473
MatLUFactorSym         1 1.0 1.1161e-01 1.5 0.00e+00 0.0 0.0e+00 0.0e+00 0.0e+00  0  0  0  0  0   0  0  0  0  0     0
MatLUFactorNum         2 1.0 4.5418e-01 1.5 6.80e+08 1.5 0.0e+00 0.0e+00 0.0e+00  0  1  0  0  0   0  1  0  0  0 490308
MatILUFactorSym        1 1.0 1.6855e-03 4.4 0.00e+00 0.0 0.0e+00 0.0e+00 0.0e+00  0  0  0  0  0   0  0  0  0  0     0
MatResidual            9 1.0 2.4127e-02 2.6 7.19e+06 1.0 2.0e+04 1.5e+03 0.0e+00  0  0  0  0  0   0  0  0  0  0 117652
MatAssemblyBegin       5 1.0 9.3283e-03 1.1 0.00e+00 0.0 0.0e+00 0.0e+00 2.0e+00  0  0  0  0  0   0  0  0  0  0     0
MatAssemblyEnd         5 1.0 1.8733e-01 2.2 0.00e+00 0.0 0.0e+00 0.0e+00 8.0e+00  0  0  0  0  0   0  0  0  0  0     0
MatGetRowIJ            2 1.0 4.4930e-03 2.2 0.00e+00 0.0 0.0e+00 0.0e+00 0.0e+00  0  0  0  0  0   0  0  0  0  0     0
MatCreateSubMats       1 1.0 3.2170e-02 1.5 0.00e+00 0.0 1.1e+04 3.5e+03 1.0e+00  0  0  0  0  0   0  0  0  0  0     0
MatGetOrdering         2 1.0 4.3294e-02 1.8 0.00e+00 0.0 0.0e+00 0.0e+00 0.0e+00  0  0  0  0  0   0  0  0  0  0     0
MatIncreaseOvrlp       1 1.0 1.3110e-02 1.5 0.00e+00 0.0 0.0e+00 0.0e+00 1.0e+00  0  0  0  0  0   0  0  0  0  0     0
VecMDot            41085 1.0 1.7527e+01 1.1 1.84e+10 1.1 0.0e+00 0.0e+00 4.1e+04 21 32  0  0 49  21 32  0  0 49 409171
VecNorm            42459 1.0 4.9445e+00 1.6 1.23e+09 1.1 0.0e+00 0.0e+00 4.2e+04  5  2  0  0 51   5  2  0  0 51 96936
VecScale           42477 1.0 2.1265e-01 1.6 6.14e+08 1.1 0.0e+00 0.0e+00 0.0e+00  0  1  0  0  0   0  1  0  0  0 1126968
VecCopy             1401 1.0 5.9005e-02 1.3 0.00e+00 0.0 0.0e+00 0.0e+00 0.0e+00  0  0  0  0  0   0  0  0  0  0     0
VecSet             43988 1.0 1.0731e+00 1.2 0.00e+00 0.0 0.0e+00 0.0e+00 0.0e+00  1  0  0  0  0   1  0  0  0  0     0
VecAXPY             2746 1.0 5.8793e-02 1.5 8.02e+07 1.1 0.0e+00 0.0e+00 0.0e+00  0  0  0  0  0   0  0  0  0  0 532784
VecAYPX               54 1.0 7.8539e-03 1.5 4.11e+06 1.0 0.0e+00 0.0e+00 0.0e+00  0  0  0  0  0   0  0  0  0  0 206578
VecAXPBYCZ            18 1.0 4.2102e-03 1.3 5.13e+06 1.0 0.0e+00 0.0e+00 0.0e+00  0  0  0  0  0   0  0  0  0  0 481705
VecMAXPY           42459 1.0 1.0215e+01 1.2 1.96e+10 1.1 0.0e+00 0.0e+00 0.0e+00 12 34  0  0  0  12 34  0  0  0 747468
VecScatterBegin    42672 1.0 8.5658e-01 2.3 0.00e+00 0.0 9.5e+07 6.9e+02 3.0e+00  1  0100100  0   1  0100100  0     0
VecScatterEnd      42672 1.0 7.1711e-01 2.3 0.00e+00 0.0 0.0e+00 0.0e+00 0.0e+00  1  0  0  0  0   1  0  0  0  0     0
VecNormalize       42449 1.0 5.1162e+00 1.5 1.84e+09 1.1 0.0e+00 0.0e+00 4.2e+04  6  3  0  0 51   6  3  0  0 51 140391
SFSetGraph             5 1.0 1.5401e-04 1.8 0.00e+00 0.0 0.0e+00 0.0e+00 0.0e+00  0  0  0  0  0   0  0  0  0  0     0
SFSetUp                5 1.0 1.8785e-0111.9 0.00e+00 0.0 1.3e+04 3.1e+02 3.0e+00  0  0  0  0  0   0  0  0  0  0     0
SFReduceBegin         47 1.0 5.8655e-03 1.4 0.00e+00 0.0 0.0e+00 0.0e+00 0.0e+00  0  0  0  0  0   0  0  0  0  0     0
SFReduceEnd           47 1.0 5.9285e-05 2.3 0.00e+00 0.0 0.0e+00 0.0e+00 0.0e+00  0  0  0  0  0   0  0  0  0  0     0
SFPack             42672 1.0 1.0258e-01 2.1 0.00e+00 0.0 0.0e+00 0.0e+00 0.0e+00  0  0  0  0  0   0  0  0  0  0     0
SFUnpack           42672 1.0 2.0534e-02 2.2 0.00e+00 0.0 0.0e+00 0.0e+00 0.0e+00  0  0  0  0  0   0  0  0  0  0     0
KSPSetUp               4 1.0 1.0168e+00 1.0 8.03e+08 1.4 6.7e+04 1.7e+03 3.4e+01  1  1  0  0  0   1  1  0  0  0 266019
KSPSolve               1 1.0 5.5073e+01 1.0 5.60e+10 1.1 9.5e+07 6.9e+02 8.4e+04 72 99100100100  72 99100100100 397237
KSPGMRESOrthog     41085 1.0 2.6515e+01 1.1 3.67e+10 1.1 0.0e+00 0.0e+00 4.1e+04 33 65  0  0 49  33 65  0  0 49 540935
PCSetUp                2 1.0 1.0210e+00 1.0 8.03e+08 1.4 6.7e+04 1.7e+03 3.8e+01  1  1  0  0  0   1  1  0  0  0 265010
PCSetUpOnBlocks       28 1.0 5.7271e-01 1.4 6.80e+08 1.5 0.0e+00 0.0e+00 0.0e+00  1  1  0  0  0   1  1  0  0  0 388831
PCApply                9 1.0 5.5035e+01 1.0 5.60e+10 1.1 9.5e+07 6.9e+02 8.4e+04 72 99100100100  72 99100100100 397370
PCApplyOnBlocks       47 1.0 6.0238e-01 1.2 4.36e+08 1.1 0.0e+00 0.0e+00 0.0e+00  1  1  0  0  0   1  1  0  0  0 274861
------------------------------------------------------------------------------------------------------------------------

Memory usage is given in bytes:

Object Type          Creations   Destructions     Memory  Descendants' Mem.
Reports information only for process 0.

--- Event Stage 0: Main Stage

              Matrix    12             12     77906936     0.
              Vector   102            102     29845720     0.
           Index Set    18             18      1845740     0.
   IS L to G Mapping     1              1       682160     0.
   Star Forest Graph    11             11        12600     0.
       Krylov Solver     6              6        73864     0.
      Preconditioner     6              6         6464     0.
    Distributed Mesh     3              3        15144     0.
     Discrete System     3              3         2712     0.
           Weak Form     3              3         2472     0.
              Viewer     2              1          848     0.
========================================================================================================================
Average time to get PetscTime(): 3.33e-08
Average time for MPI_Barrier(): 7.15804e-05
Average time for zero size MPI_Send(): 1.32479e-06
#PETSc Option Table entries:
-ksp_converged_reason
-ksp_pc_side right
-ksp_type fgmres
-log_view
-m 2373
-mg_coarse_ksp_converged_reason
-mg_coarse_ksp_rtol 1e-2
-mg_coarse_ksp_type gmres
-mg_coarse_pc_type bjacobi
-mg_coarse_sub_pc_type ilu
-mg_levels_pc_type asm
-mg_levels_sub_pc_type lu
-n 2373
-nw
-pc_mg_type multiplicative
-pc_type mg
#End of PETSc Option Table entries
Compiled without FORTRAN kernels
Compiled with full precision matrices (default)
sizeof(short) 2 sizeof(int) 4 sizeof(long) 8 sizeof(void*) 8 sizeof(PetscScalar) 8 sizeof(PetscInt) 4
Configure options: --prefix=/home/a/asarkar/sudhipv/software/FreeFem-sources/install/ff-petsc/r MAKEFLAGS= --with-debugging=0 COPTFLAGS="-O3 -mtune=native" CXXOPTFLAGS="-O3 -mtune=native" FOPTFLAGS="-O3 -mtune=native" --with-cxx-dialect=C++11 --with-ssl=0 --with-x=0 --with-fortran-bindings=0 --with-cudac=0 --with-cc=/cvmfs/soft.computecanada.ca/easybuild/software/2020/avx512/Compiler/intel2020/openmpi/4.0.3/bin/mpicc --with-cxx=/cvmfs/soft.computecanada.ca/easybuild/software/2020/avx512/Compiler/intel2020/openmpi/4.0.3/bin/mpic++ --with-fc=/cvmfs/soft.computecanada.ca/easybuild/software/2020/avx512/Compiler/intel2020/openmpi/4.0.3/bin/mpif90 --with-scalar-type=real --with-blaslapack-include=/cvmfs/soft.computecanada.ca/easybuild/software/2020/Core/imkl/2020.1.217/mkl/include --with-blaslapack-lib="-Wl,-rpath,/cvmfs/soft.computecanada.ca/easybuild/software/2020/Core/imkl/2020.1.217/mkl/lib/intel64 -L/cvmfs/soft.computecanada.ca/easybuild/software/2020/Core/imkl/2020.1.217/mkl/lib/intel64 -lmkl_rt -lmkl_intel_thread -lmkl_core  -liomp5 -lpthread" --download-metis --download-ptscotch --download-hypre --download-parmetis --download-mmg --download-parmmg --download-superlu --download-suitesparse --download-tetgen --download-slepc --download-hpddm --download-scalapack --download-mumps --download-slepc-configure-arguments=--download-arpack=https://github.com/prj-/arpack-ng/archive/b64dccb.tar.gz PETSC_ARCH=fr
-----------------------------------------
Libraries compiled on 2021-05-02 15:39:49 on nia-login03.scinet.local 
Machine characteristics: Linux-3.10.0-957.27.2.el7.x86_64-x86_64-with-centos-7.6.1810-Core
Using PETSc directory: /home/a/asarkar/sudhipv/software/FreeFem-sources/install/ff-petsc/r
Using PETSc arch: 
-----------------------------------------

Using C compiler: /cvmfs/soft.computecanada.ca/easybuild/software/2020/avx512/Compiler/intel2020/openmpi/4.0.3/bin/mpicc  -fPIC -wd1572 -O3 -mtune=native   
Using Fortran compiler: /cvmfs/soft.computecanada.ca/easybuild/software/2020/avx512/Compiler/intel2020/openmpi/4.0.3/bin/mpif90  -fPIC -O3 -mtune=native     
-----------------------------------------

Using include paths: -I/home/a/asarkar/sudhipv/software/FreeFem-sources/install/ff-petsc/r/include -I/cvmfs/soft.computecanada.ca/easybuild/software/2020/Core/imkl/2020.1.217/mkl/include
-----------------------------------------

Using C linker: /cvmfs/soft.computecanada.ca/easybuild/software/2020/avx512/Compiler/intel2020/openmpi/4.0.3/bin/mpicc
Using Fortran linker: /cvmfs/soft.computecanada.ca/easybuild/software/2020/avx512/Compiler/intel2020/openmpi/4.0.3/bin/mpif90
Using libraries: -Wl,-rpath,/home/a/asarkar/sudhipv/software/FreeFem-sources/install/ff-petsc/r/lib -L/home/a/asarkar/sudhipv/software/FreeFem-sources/install/ff-petsc/r/lib -lpetsc -Wl,-rpath,/home/a/asarkar/sudhipv/software/FreeFem-sources/install/ff-petsc/r/lib -L/home/a/asarkar/sudhipv/software/FreeFem-sources/install/ff-petsc/r/lib -Wl,-rpath,/cvmfs/soft.computecanada.ca/easybuild/software/2020/Core/imkl/2020.1.217/mkl/lib/intel64 -L/cvmfs/soft.computecanada.ca/easybuild/software/2020/Core/imkl/2020.1.217/mkl/lib/intel64 -Wl,-rpath,/cvmfs/soft.computecanada.ca/easybuild/software/2020/avx512/Compiler/intel2020/openmpi/4.0.3/lib -L/cvmfs/soft.computecanada.ca/easybuild/software/2020/avx512/Compiler/intel2020/openmpi/4.0.3/lib -Wl,-rpath,/cvmfs/soft.computecanada.ca/easybuild/software/2020/avx512/Core/libfabric/1.10.1/lib -L/cvmfs/soft.computecanada.ca/easybuild/software/2020/avx512/Core/libfabric/1.10.1/lib -Wl,-rpath,/cvmfs/soft.computecanada.ca/easybuild/software/2020/avx512/Core/ucx/1.8.0/lib -L/cvmfs/soft.computecanada.ca/easybuild/software/2020/avx512/Core/ucx/1.8.0/lib -Wl,-rpath,/cvmfs/soft.computecanada.ca/easybuild/software/2020/Core/imkl/2020.1.217/lib/intel64 -L/cvmfs/soft.computecanada.ca/easybuild/software/2020/Core/imkl/2020.1.217/lib/intel64 -Wl,-rpath,/cvmfs/restricted.computecanada.ca/easybuild/software/2020/Core/intel/2020.1.217/compilers_and_libraries_2020.1.217/linux/tbb/lib/intel64/gcc4.8 -L/cvmfs/restricted.computecanada.ca/easybuild/software/2020/Core/intel/2020.1.217/compilers_and_libraries_2020.1.217/linux/tbb/lib/intel64/gcc4.8 -Wl,-rpath,/cvmfs/restricted.computecanada.ca/easybuild/software/2020/Core/intel/2020.1.217/compilers_and_libraries_2020.1.217/linux/compiler/lib/intel64_lin -L/cvmfs/restricted.computecanada.ca/easybuild/software/2020/Core/intel/2020.1.217/compilers_and_libraries_2020.1.217/linux/compiler/lib/intel64_lin -Wl,-rpath,/cvmfs/soft.computecanada.ca/easybuild/software/2020/avx512/Compiler/intel2020/openmpi/4.0.3/lib64 -L/cvmfs/soft.computecanada.ca/easybuild/software/2020/avx512/Compiler/intel2020/openmpi/4.0.3/lib64 -Wl,-rpath,/cvmfs/soft.computecanada.ca/easybuild/software/2020/Core/gcccore/9.3.0/lib/gcc/x86_64-pc-linux-gnu/9.3.0 -L/cvmfs/soft.computecanada.ca/easybuild/software/2020/Core/gcccore/9.3.0/lib/gcc/x86_64-pc-linux-gnu/9.3.0 -Wl,-rpath,/cvmfs/soft.computecanada.ca/easybuild/software/2020/Core/gcccore/9.3.0/lib64 -L/cvmfs/soft.computecanada.ca/easybuild/software/2020/Core/gcccore/9.3.0/lib64 -Wl,-rpath,/cvmfs/soft.computecanada.ca/gentoo/2020/lib64 -L/cvmfs/soft.computecanada.ca/gentoo/2020/lib64 -Wl,-rpath,/cvmfs/soft.computecanada.ca/gentoo/2020/usr/lib64 -L/cvmfs/soft.computecanada.ca/gentoo/2020/usr/lib64 -Wl,-rpath,/cvmfs/soft.computecanada.ca/easybuild/software/2020/Core/gcccore/9.3.0/lib -L/cvmfs/soft.computecanada.ca/easybuild/software/2020/Core/gcccore/9.3.0/lib -Wl,-rpath,/cvmfs/soft.computecanada.ca/gentoo/2020/lib -L/cvmfs/soft.computecanada.ca/gentoo/2020/lib -Wl,-rpath,/cvmfs/soft.computecanada.ca/gentoo/2020/usr/lib -L/cvmfs/soft.computecanada.ca/gentoo/2020/usr/lib -lHYPRE -lcmumps -ldmumps -lsmumps -lzmumps -lmumps_common -lpord -lscalapack -lumfpack -lklu -lcholmod -lbtf -lccolamd -lcolamd -lcamd -lamd -lsuitesparseconfig -lsuperlu -lmkl_rt -lmkl_intel_thread -lmkl_core -liomp5 -lpthread -lparmmg -lmmg -lmmg3d -lptesmumps -lptscotchparmetis -lptscotch -lptscotcherr -lesmumps -lscotch -lscotcherr -lpthread -lparmetis -lmetis -ltet -lstdc++ -ldl -lmpi_usempif08 -lmpi_usempi_ignore_tkr -lmpi_mpifh -lmpi -lifport -lifcoremt_pic -limf -lsvml -lm -lipgo -lirc -lpthread -lgcc_s -lirc_s -lrt -lquadmath -lstdc++ -ldl
-----------------------------------------

#############################################################################################################
#############################################################################################################
########     Finsihed Code with NL 10 Processors             #################################################
#############################################################################################################
#############################################################################################################

scontrol show jobid 6184119
JobId=6184119 JobName=2L_V3_weak_nocoarselimit
   UserId=sudhipv(3061414) GroupId=asarkar(6001189) MCS_label=N/A
   Priority=2386600 Nice=0 Account=def-asarkar QOS=normal
   JobState=COMPLETED Reason=None Dependency=(null)
   Requeue=0 Restarts=0 BatchFlag=1 Reboot=0 ExitCode=0:0
   RunTime=00:03:16 TimeLimit=00:30:00 TimeMin=N/A
   SubmitTime=2021-10-03T15:00:04 EligibleTime=2021-10-03T15:00:04
   AccrueTime=2021-10-03T15:00:04
   StartTime=2021-10-03T15:00:56 EndTime=2021-10-03T15:04:12 Deadline=N/A
   SuspendTime=None SecsPreSuspend=0 LastSchedEval=2021-10-03T15:00:56
   Partition=compute AllocNode:Sid=nia-login02:4245
   ReqNodeList=(null) ExcNodeList=(null)
   NodeList=nia[0376,0438,0618,1164,1336-1339,1350-1351]
   BatchHost=nia0376
   NumNodes=10 NumCPUs=800 NumTasks=400 CPUs/Task=1 ReqB:S:C:T=0:0:*:*
   TRES=cpu=800,mem=1750000M,node=10,billing=400
   Socks/Node=* NtasksPerN:B:S:C=40:0:*:* CoreSpec=*
   MinCPUsNode=40 MinMemoryNode=175000M MinTmpDiskNode=0
   Features=[skylake|cascade] DelayBoot=00:00:00
   OverSubscribe=NO Contiguous=0 Licenses=(null) Network=(null)
   Command=/gpfs/fs0/scratch/a/asarkar/sudhipv/poisson_hpc/weak/runff_niagara_weak.sh
   WorkDir=/gpfs/fs0/scratch/a/asarkar/sudhipv/poisson_hpc/weak
   StdErr=/gpfs/fs0/scratch/a/asarkar/sudhipv/poisson_hpc/weak/2L_V3_weak_nocoarselimit-6184119.out
   StdIn=/dev/null
   StdOut=/gpfs/fs0/scratch/a/asarkar/sudhipv/poisson_hpc/weak/2L_V3_weak_nocoarselimit-6184119.out
   Power=
   MailUser=sudhipv@cmail.carleton.ca MailType=BEGIN,END,FAIL,REQUEUE,STAGE_OUT

sacct -j 6184119
       JobID    JobName    Account    Elapsed  MaxVMSize     MaxRSS  SystemCPU    UserCPU ExitCode 
------------ ---------- ---------- ---------- ---------- ---------- ---------- ---------- -------- 
6184119      2L_V3_wea+ def-asark+   00:03:16                        14:09.472   12:00:56      0:0 
6184119.bat+      batch def-asark+   00:03:16  67646660K  48401356K  02:38.259   01:43:43      0:0 
6184119.ext+     extern def-asark+   00:03:16    138360K      1068K  00:00.001  00:00.006      0:0 
6184119.0         orted def-asark+   00:00:24    395276K     12580K  00:01.362  00:01.125      0:0 
6184119.1         orted def-asark+   00:00:17    395276K      2996K  00:27.662  08:47.571      0:0 
6184119.2         orted def-asark+   00:00:25    395276K      2996K  01:32.955  43:48.602      0:0 
6184119.3         orted def-asark+   00:00:37  32764132K  10351488K  02:43.576   01:49:18      0:0 
6184119.4         orted def-asark+   00:01:21  32390440K   9796896K  06:45.654   07:35:16      0:0 
