/cvmfs/soft.computecanada.ca/easybuild/software/2020/avx512/Compiler/intel2020/openmpi/4.0.3/bin/mpiexec
/cvmfs/soft.computecanada.ca/easybuild/software/2020/avx512/Compiler/intel2020/openmpi/4.0.3/bin/mpirun
Number of Vertices for coarse mesh in process  0  564001
    Linear mg_coarse_ solve converged due to CONVERGED_RTOL iterations 16
    Linear mg_coarse_ solve did not converge due to DIVERGED_ITS iterations 100
    Linear mg_coarse_ solve did not converge due to DIVERGED_ITS iterations 100
    Linear mg_coarse_ solve did not converge due to DIVERGED_ITS iterations 100
    Linear mg_coarse_ solve did not converge due to DIVERGED_ITS iterations 100
    Linear mg_coarse_ solve did not converge due to DIVERGED_ITS iterations 100
    Linear mg_coarse_ solve did not converge due to DIVERGED_ITS iterations 100
    Linear mg_coarse_ solve did not converge due to DIVERGED_ITS iterations 100
    Linear mg_coarse_ solve did not converge due to DIVERGED_ITS iterations 100
    Linear mg_coarse_ solve did not converge due to DIVERGED_ITS iterations 100
    Linear mg_coarse_ solve did not converge due to DIVERGED_ITS iterations 100
    Linear mg_coarse_ solve did not converge due to DIVERGED_ITS iterations 100
    Linear mg_coarse_ solve did not converge due to DIVERGED_ITS iterations 100
    Linear mg_coarse_ solve did not converge due to DIVERGED_ITS iterations 100
    Linear mg_coarse_ solve did not converge due to DIVERGED_ITS iterations 100
    Linear mg_coarse_ solve did not converge due to DIVERGED_ITS iterations 100
Linear solve converged due to CONVERGED_RTOL iterations 16
time taken for solve is8.59339
L2 Norm of uerr is1.89928e-07
************************************************************************************************************************
***             WIDEN YOUR WINDOW TO 120 CHARACTERS.  Use 'enscript -r -fCourier9' to print this document            ***
************************************************************************************************************************

---------------------------------------------- PETSc Performance Summary: ----------------------------------------------

/home/a/asarkar/sudhipv/software/FreeFem-sources/src/mpi/FreeFem++-mpi on a  named nia0163.scinet.local with 40 processors, by sudhipv Mon Oct  4 02:12:11 2021
Using Petsc Release Version 3.15.0, Mar 30, 2021 

                         Max       Max/Min     Avg       Total
Time (sec):           8.871e+00     1.000   8.870e+00
Objects:              2.020e+02     1.000   2.020e+02
Flop:                 3.418e+09     1.070   3.297e+09  1.319e+11
Flop/sec:             3.854e+08     1.070   3.718e+08  1.487e+10
MPI Messages:         2.686e+04     4.000   1.561e+04  6.246e+05
MPI Message Lengths:  1.596e+07     2.403   8.203e+02  5.124e+08
MPI Reductions:       3.219e+03     1.000

Flop counting convention: 1 flop = 1 real number operation of type (multiply/divide/add/subtract)
                            e.g., VecAXPY() for real vectors of length N --> 2N flop
                            and VecAXPY() for complex vectors of length N --> 8N flop

Summary of Stages:   ----- Time ------  ----- Flop ------  --- Messages ---  -- Message Lengths --  -- Reductions --
                        Avg     %Total     Avg     %Total    Count   %Total     Avg         %Total    Count   %Total
 0:      Main Stage: 8.8696e+00 100.0%  1.3190e+11 100.0%  6.246e+05 100.0%  8.203e+02      100.0%  3.201e+03  99.4%

------------------------------------------------------------------------------------------------------------------------
See the 'Profiling' chapter of the users' manual for details on interpreting output.
Phase summary info:
   Count: number of times phase was executed
   Time and Flop: Max - maximum over all processors
                  Ratio - ratio of maximum to minimum over all processors
   Mess: number of messages sent
   AvgLen: average message length (bytes)
   Reduct: number of global reductions
   Global: entire computation
   Stage: stages of a computation. Set stages with PetscLogStagePush() and PetscLogStagePop().
      %T - percent time in this phase         %F - percent flop in this phase
      %M - percent messages in this phase     %L - percent message lengths in this phase
      %R - percent reductions in this phase
   Total Mflop/s: 10e-6 * (sum of flop over all processors)/(max time over all processors)
------------------------------------------------------------------------------------------------------------------------
Event                Count      Time (sec)     Flop                              --- Global ---  --- Stage ----  Total
                   Max Ratio  Max     Ratio   Max  Ratio  Mess   AvgLen  Reduct  %T %F %M %L %R  %T %F %M %L %R Mflop/s
------------------------------------------------------------------------------------------------------------------------

--- Event Stage 0: Main Stage

BuildTwoSided         10 1.0 1.2808e-0157.3 0.00e+00 0.0 7.4e+02 4.0e+00 6.0e+00  1  0  0  0  0   1  0  0  0  0     0
BuildTwoSidedF         2 1.0 1.2989e-03 1.6 0.00e+00 0.0 0.0e+00 0.0e+00 2.0e+00  0  0  0  0  0   0  0  0  0  0     0
MatMult             1667 1.0 6.6432e-01 1.1 3.57e+08 1.0 3.1e+05 7.9e+02 2.0e+00  7 11 50 48  0   7 11 50 48  0 21165
MatMultAdd            16 1.0 3.0415e-02 1.3 1.82e+06 1.0 3.0e+03 2.4e+03 0.0e+00  0  0  0  1  0   0  0  0  1  0  2370
MatMultTranspose      16 1.0 1.2458e-01 1.1 0.00e+00 0.0 3.0e+03 7.9e+03 0.0e+00  1  0  0  5  0   1  0  0  5  0     0
MatSolve            1652 1.0 1.3913e+00 1.1 9.85e+08 1.1 0.0e+00 0.0e+00 0.0e+00 15 29  0  0  0  15 29  0  0  0 27555
MatLUFactorSym         1 1.0 1.0242e-01 1.4 0.00e+00 0.0 0.0e+00 0.0e+00 0.0e+00  1  0  0  0  0   1  0  0  0  0     0
MatLUFactorNum         2 1.0 4.2681e-01 1.4 6.76e+08 1.4 0.0e+00 0.0e+00 0.0e+00  4 17  0  0  0   4 17  0  0  0 53583
MatILUFactorSym        1 1.0 1.0148e-03 2.1 0.00e+00 0.0 0.0e+00 0.0e+00 0.0e+00  0  0  0  0  0   0  0  0  0  0     0
MatResidual           16 1.0 3.0125e-02 1.5 1.27e+07 1.0 3.0e+03 1.6e+03 0.0e+00  0  0  0  1  0   0  0  0  1  0 16740
MatAssemblyBegin       6 1.0 3.1915e-03 1.2 0.00e+00 0.0 0.0e+00 0.0e+00 2.0e+00  0  0  0  0  0   0  0  0  0  0     0
MatAssemblyEnd         6 1.0 4.1910e-02 2.5 0.00e+00 0.0 0.0e+00 0.0e+00 8.0e+00  0  0  0  0  0   0  0  0  0  0     0
MatGetRowIJ            2 1.0 5.0653e-03 2.4 0.00e+00 0.0 0.0e+00 0.0e+00 0.0e+00  0  0  0  0  0   0  0  0  0  0     0
MatCreateSubMats       2 1.0 3.9849e-02 1.5 0.00e+00 0.0 1.9e+03 2.7e+03 2.0e+00  0  0  0  1  0   0  0  0  1  0     0
MatGetOrdering         2 1.0 4.4121e-02 1.9 0.00e+00 0.0 0.0e+00 0.0e+00 0.0e+00  0  0  0  0  0   0  0  0  0  0     0
MatIncreaseOvrlp       2 1.0 1.1824e-02 1.6 0.00e+00 0.0 0.0e+00 0.0e+00 2.0e+00  0  0  0  0  0   0  0  0  0  0     0
VecMDot             1542 1.0 6.4082e-01 1.2 6.51e+08 1.0 0.0e+00 0.0e+00 1.5e+03  6 19  0  0 48   6 19  0  0 48 39866
VecNorm             1605 1.0 1.2414e-01 1.2 4.85e+07 1.0 0.0e+00 0.0e+00 1.6e+03  1  1  0  0 50   1  1  0  0 50 15345
VecScale            1637 1.0 7.3052e-03 1.3 2.42e+07 1.0 0.0e+00 0.0e+00 0.0e+00  0  1  0  0  0   0  1  0  0  0 130388
VecCopy              111 1.0 5.8456e-03 1.2 0.00e+00 0.0 0.0e+00 0.0e+00 0.0e+00  0  0  0  0  0   0  0  0  0  0     0
VecSet              5079 1.0 1.1684e-01 1.1 0.00e+00 0.0 0.0e+00 0.0e+00 0.0e+00  1  0  0  0  0   1  0  0  0  0     0
VecAXPY              124 1.0 2.5214e-02 1.1 5.09e+06 1.0 0.0e+00 0.0e+00 0.0e+00  0  0  0  0  0   0  0  0  0  0  7959
VecAYPX               96 1.0 1.3785e-02 1.3 7.28e+06 1.0 0.0e+00 0.0e+00 0.0e+00  0  0  0  0  0   0  0  0  0  0 20920
VecAXPBYCZ            32 1.0 7.5716e-03 1.3 9.10e+06 1.0 0.0e+00 0.0e+00 0.0e+00  0  0  0  0  0   0  0  0  0  0 47609
VecMAXPY            1605 1.0 3.9622e-01 1.1 6.97e+08 1.0 0.0e+00 0.0e+00 0.0e+00  4 21  0  0  0   4 21  0  0  0 69091
VecScatterBegin     8259 1.0 3.4478e-01 1.6 0.00e+00 0.0 6.2e+05 7.7e+02 4.0e+00  3  0 99 92  0   3  0 99 92  0     0
VecScatterEnd       8259 1.0 9.8967e-02 2.2 0.00e+00 0.0 0.0e+00 0.0e+00 0.0e+00  1  0  0  0  0   1  0  0  0  0     0
VecNormalize        1588 1.0 1.2904e-01 1.2 6.98e+07 1.0 0.0e+00 0.0e+00 1.6e+03  1  2  0  0 49   1  2  0  0 50 21254
SFSetGraph             8 1.0 1.6433e-04 1.6 0.00e+00 0.0 0.0e+00 0.0e+00 0.0e+00  0  0  0  0  0   0  0  0  0  0     0
SFSetUp                8 1.0 1.3460e-0115.4 0.00e+00 0.0 1.5e+03 2.9e+02 4.0e+00  1  0  0  0  0   1  0  0  0  0     0
SFReduceBegin       1652 1.0 4.0301e-02 1.2 0.00e+00 0.0 0.0e+00 0.0e+00 0.0e+00  0  0  0  0  0   0  0  0  0  0     0
SFReduceEnd         1652 1.0 8.6582e-04 1.8 0.00e+00 0.0 0.0e+00 0.0e+00 0.0e+00  0  0  0  0  0   0  0  0  0  0     0
SFPack              8259 1.0 8.9701e-03 1.6 0.00e+00 0.0 0.0e+00 0.0e+00 0.0e+00  0  0  0  0  0   0  0  0  0  0     0
SFUnpack            8259 1.0 4.4619e-03 4.5 0.00e+00 0.0 0.0e+00 0.0e+00 0.0e+00  0  0  0  0  0   0  0  0  0  0     0
KSPSetUp               4 1.0 1.2799e+00 1.0 7.99e+08 1.3 5.6e+03 1.8e+03 3.4e+01 14 21  1  2  1  14 21  1  2  1 21618
KSPSolve               1 1.0 3.3089e+00 1.0 2.66e+09 1.0 6.2e+05 8.0e+02 3.1e+03 37 79 99 97 97  37 79 99 97 98 31500
KSPGMRESOrthog      1542 1.0 1.0029e+00 1.2 1.30e+09 1.0 0.0e+00 0.0e+00 1.5e+03 10 39  0  0 48  10 39  0  0 48 50950
PCSetUp                2 1.0 1.2971e+00 1.0 7.99e+08 1.3 6.5e+03 1.8e+03 4.5e+01 15 21  1  2  1  15 21  1  2  1 21337
PCSetUpOnBlocks       49 1.0 5.4179e-01 1.3 6.76e+08 1.4 0.0e+00 0.0e+00 0.0e+00  5 17  0  0  0   5 17  0  0  0 42212
PCApply               16 1.0 3.2466e+00 1.0 2.61e+09 1.0 6.1e+05 8.0e+02 3.1e+03 36 78 98 96 96  36 78 98 96 97 31523
PCApplyOnBlocks     1652 1.0 1.4335e+00 1.1 9.85e+08 1.1 0.0e+00 0.0e+00 0.0e+00 15 29  0  0  0  15 29  0  0  0 26745
------------------------------------------------------------------------------------------------------------------------

Memory usage is given in bytes:

Object Type          Creations   Destructions     Memory  Descendants' Mem.
Reports information only for process 0.

--- Event Stage 0: Main Stage

              Matrix    13             13     79296336     0.
              Vector   126            126     39250632     0.
           Index Set    24             24      2026388     0.
   IS L to G Mapping     2              2      3497652     0.
   Star Forest Graph    14             14        16272     0.
       Krylov Solver     6              6        73864     0.
      Preconditioner     6              6         6552     0.
    Distributed Mesh     3              3        15144     0.
     Discrete System     3              3         2712     0.
           Weak Form     3              3         2472     0.
              Viewer     2              1          848     0.
========================================================================================================================
Average time to get PetscTime(): 2.93e-08
Average time for MPI_Barrier(): 5.16698e-05
Average time for zero size MPI_Send(): 2.93744e-05
#PETSc Option Table entries:
-ksp_converged_reason
-ksp_pc_side right
-ksp_rtol 1e-8
-ksp_type fgmres
-log_view
-m 750
-mg_coarse_ksp_converged_reason
-mg_coarse_ksp_max_it 100
-mg_coarse_ksp_rtol 1e-2
-mg_coarse_ksp_type gmres
-mg_coarse_pc_type asm
-mg_levels_pc_type asm
-mg_levels_sub_pc_type lu
-n 750
-nw
-pc_mg_type multiplicative
-pc_type mg
#End of PETSc Option Table entries
Compiled without FORTRAN kernels
Compiled with full precision matrices (default)
sizeof(short) 2 sizeof(int) 4 sizeof(long) 8 sizeof(void*) 8 sizeof(PetscScalar) 8 sizeof(PetscInt) 4
Configure options: --prefix=/home/a/asarkar/sudhipv/software/FreeFem-sources/install/ff-petsc/r MAKEFLAGS= --with-debugging=0 COPTFLAGS="-O3 -mtune=native" CXXOPTFLAGS="-O3 -mtune=native" FOPTFLAGS="-O3 -mtune=native" --with-cxx-dialect=C++11 --with-ssl=0 --with-x=0 --with-fortran-bindings=0 --with-cudac=0 --with-cc=/cvmfs/soft.computecanada.ca/easybuild/software/2020/avx512/Compiler/intel2020/openmpi/4.0.3/bin/mpicc --with-cxx=/cvmfs/soft.computecanada.ca/easybuild/software/2020/avx512/Compiler/intel2020/openmpi/4.0.3/bin/mpic++ --with-fc=/cvmfs/soft.computecanada.ca/easybuild/software/2020/avx512/Compiler/intel2020/openmpi/4.0.3/bin/mpif90 --with-scalar-type=real --with-blaslapack-include=/cvmfs/soft.computecanada.ca/easybuild/software/2020/Core/imkl/2020.1.217/mkl/include --with-blaslapack-lib="-Wl,-rpath,/cvmfs/soft.computecanada.ca/easybuild/software/2020/Core/imkl/2020.1.217/mkl/lib/intel64 -L/cvmfs/soft.computecanada.ca/easybuild/software/2020/Core/imkl/2020.1.217/mkl/lib/intel64 -lmkl_rt -lmkl_intel_thread -lmkl_core  -liomp5 -lpthread" --download-metis --download-ptscotch --download-hypre --download-parmetis --download-mmg --download-parmmg --download-superlu --download-suitesparse --download-tetgen --download-slepc --download-hpddm --download-scalapack --download-mumps --download-slepc-configure-arguments=--download-arpack=https://github.com/prj-/arpack-ng/archive/b64dccb.tar.gz PETSC_ARCH=fr
-----------------------------------------
Libraries compiled on 2021-05-02 15:39:49 on nia-login03.scinet.local 
Machine characteristics: Linux-3.10.0-957.27.2.el7.x86_64-x86_64-with-centos-7.6.1810-Core
Using PETSc directory: /home/a/asarkar/sudhipv/software/FreeFem-sources/install/ff-petsc/r
Using PETSc arch: 
-----------------------------------------

Using C compiler: /cvmfs/soft.computecanada.ca/easybuild/software/2020/avx512/Compiler/intel2020/openmpi/4.0.3/bin/mpicc  -fPIC -wd1572 -O3 -mtune=native   
Using Fortran compiler: /cvmfs/soft.computecanada.ca/easybuild/software/2020/avx512/Compiler/intel2020/openmpi/4.0.3/bin/mpif90  -fPIC -O3 -mtune=native     
-----------------------------------------

Using include paths: -I/home/a/asarkar/sudhipv/software/FreeFem-sources/install/ff-petsc/r/include -I/cvmfs/soft.computecanada.ca/easybuild/software/2020/Core/imkl/2020.1.217/mkl/include
-----------------------------------------

Using C linker: /cvmfs/soft.computecanada.ca/easybuild/software/2020/avx512/Compiler/intel2020/openmpi/4.0.3/bin/mpicc
Using Fortran linker: /cvmfs/soft.computecanada.ca/easybuild/software/2020/avx512/Compiler/intel2020/openmpi/4.0.3/bin/mpif90
Using libraries: -Wl,-rpath,/home/a/asarkar/sudhipv/software/FreeFem-sources/install/ff-petsc/r/lib -L/home/a/asarkar/sudhipv/software/FreeFem-sources/install/ff-petsc/r/lib -lpetsc -Wl,-rpath,/home/a/asarkar/sudhipv/software/FreeFem-sources/install/ff-petsc/r/lib -L/home/a/asarkar/sudhipv/software/FreeFem-sources/install/ff-petsc/r/lib -Wl,-rpath,/cvmfs/soft.computecanada.ca/easybuild/software/2020/Core/imkl/2020.1.217/mkl/lib/intel64 -L/cvmfs/soft.computecanada.ca/easybuild/software/2020/Core/imkl/2020.1.217/mkl/lib/intel64 -Wl,-rpath,/cvmfs/soft.computecanada.ca/easybuild/software/2020/avx512/Compiler/intel2020/openmpi/4.0.3/lib -L/cvmfs/soft.computecanada.ca/easybuild/software/2020/avx512/Compiler/intel2020/openmpi/4.0.3/lib -Wl,-rpath,/cvmfs/soft.computecanada.ca/easybuild/software/2020/avx512/Core/libfabric/1.10.1/lib -L/cvmfs/soft.computecanada.ca/easybuild/software/2020/avx512/Core/libfabric/1.10.1/lib -Wl,-rpath,/cvmfs/soft.computecanada.ca/easybuild/software/2020/avx512/Core/ucx/1.8.0/lib -L/cvmfs/soft.computecanada.ca/easybuild/software/2020/avx512/Core/ucx/1.8.0/lib -Wl,-rpath,/cvmfs/soft.computecanada.ca/easybuild/software/2020/Core/imkl/2020.1.217/lib/intel64 -L/cvmfs/soft.computecanada.ca/easybuild/software/2020/Core/imkl/2020.1.217/lib/intel64 -Wl,-rpath,/cvmfs/restricted.computecanada.ca/easybuild/software/2020/Core/intel/2020.1.217/compilers_and_libraries_2020.1.217/linux/tbb/lib/intel64/gcc4.8 -L/cvmfs/restricted.computecanada.ca/easybuild/software/2020/Core/intel/2020.1.217/compilers_and_libraries_2020.1.217/linux/tbb/lib/intel64/gcc4.8 -Wl,-rpath,/cvmfs/restricted.computecanada.ca/easybuild/software/2020/Core/intel/2020.1.217/compilers_and_libraries_2020.1.217/linux/compiler/lib/intel64_lin -L/cvmfs/restricted.computecanada.ca/easybuild/software/2020/Core/intel/2020.1.217/compilers_and_libraries_2020.1.217/linux/compiler/lib/intel64_lin -Wl,-rpath,/cvmfs/soft.computecanada.ca/easybuild/software/2020/avx512/Compiler/intel2020/openmpi/4.0.3/lib64 -L/cvmfs/soft.computecanada.ca/easybuild/software/2020/avx512/Compiler/intel2020/openmpi/4.0.3/lib64 -Wl,-rpath,/cvmfs/soft.computecanada.ca/easybuild/software/2020/Core/gcccore/9.3.0/lib/gcc/x86_64-pc-linux-gnu/9.3.0 -L/cvmfs/soft.computecanada.ca/easybuild/software/2020/Core/gcccore/9.3.0/lib/gcc/x86_64-pc-linux-gnu/9.3.0 -Wl,-rpath,/cvmfs/soft.computecanada.ca/easybuild/software/2020/Core/gcccore/9.3.0/lib64 -L/cvmfs/soft.computecanada.ca/easybuild/software/2020/Core/gcccore/9.3.0/lib64 -Wl,-rpath,/cvmfs/soft.computecanada.ca/gentoo/2020/lib64 -L/cvmfs/soft.computecanada.ca/gentoo/2020/lib64 -Wl,-rpath,/cvmfs/soft.computecanada.ca/gentoo/2020/usr/lib64 -L/cvmfs/soft.computecanada.ca/gentoo/2020/usr/lib64 -Wl,-rpath,/cvmfs/soft.computecanada.ca/easybuild/software/2020/Core/gcccore/9.3.0/lib -L/cvmfs/soft.computecanada.ca/easybuild/software/2020/Core/gcccore/9.3.0/lib -Wl,-rpath,/cvmfs/soft.computecanada.ca/gentoo/2020/lib -L/cvmfs/soft.computecanada.ca/gentoo/2020/lib -Wl,-rpath,/cvmfs/soft.computecanada.ca/gentoo/2020/usr/lib -L/cvmfs/soft.computecanada.ca/gentoo/2020/usr/lib -lHYPRE -lcmumps -ldmumps -lsmumps -lzmumps -lmumps_common -lpord -lscalapack -lumfpack -lklu -lcholmod -lbtf -lccolamd -lcolamd -lcamd -lamd -lsuitesparseconfig -lsuperlu -lmkl_rt -lmkl_intel_thread -lmkl_core -liomp5 -lpthread -lparmmg -lmmg -lmmg3d -lptesmumps -lptscotchparmetis -lptscotch -lptscotcherr -lesmumps -lscotch -lscotcherr -lpthread -lparmetis -lmetis -ltet -lstdc++ -ldl -lmpi_usempif08 -lmpi_usempi_ignore_tkr -lmpi_mpifh -lmpi -lifport -lifcoremt_pic -limf -lsvml -lm -lipgo -lirc -lpthread -lgcc_s -lirc_s -lrt -lquadmath -lstdc++ -ldl
-----------------------------------------

#############################################################################################################
#############################################################################################################
########     Finsihed Code with NL 10 Processors             #################################################
#############################################################################################################
#############################################################################################################
Number of Vertices for coarse mesh in process  0  1127844
    Linear mg_coarse_ solve converged due to CONVERGED_RTOL iterations 16
    Linear mg_coarse_ solve did not converge due to DIVERGED_ITS iterations 100
    Linear mg_coarse_ solve did not converge due to DIVERGED_ITS iterations 100
    Linear mg_coarse_ solve did not converge due to DIVERGED_ITS iterations 100
    Linear mg_coarse_ solve did not converge due to DIVERGED_ITS iterations 100
    Linear mg_coarse_ solve did not converge due to DIVERGED_ITS iterations 100
    Linear mg_coarse_ solve did not converge due to DIVERGED_ITS iterations 100
    Linear mg_coarse_ solve did not converge due to DIVERGED_ITS iterations 100
    Linear mg_coarse_ solve did not converge due to DIVERGED_ITS iterations 100
    Linear mg_coarse_ solve did not converge due to DIVERGED_ITS iterations 100
    Linear mg_coarse_ solve did not converge due to DIVERGED_ITS iterations 100
    Linear mg_coarse_ solve did not converge due to DIVERGED_ITS iterations 100
    Linear mg_coarse_ solve did not converge due to DIVERGED_ITS iterations 100
    Linear mg_coarse_ solve did not converge due to DIVERGED_ITS iterations 100
    Linear mg_coarse_ solve did not converge due to DIVERGED_ITS iterations 100
    Linear mg_coarse_ solve did not converge due to DIVERGED_ITS iterations 100
    Linear mg_coarse_ solve did not converge due to DIVERGED_ITS iterations 100
    Linear mg_coarse_ solve did not converge due to DIVERGED_ITS iterations 100
    Linear mg_coarse_ solve did not converge due to DIVERGED_ITS iterations 100
    Linear mg_coarse_ solve did not converge due to DIVERGED_ITS iterations 100
Linear solve converged due to CONVERGED_RTOL iterations 20
time taken for solve is10.6335
L2 Norm of uerr is4.26944e-07
************************************************************************************************************************
***             WIDEN YOUR WINDOW TO 120 CHARACTERS.  Use 'enscript -r -fCourier9' to print this document            ***
************************************************************************************************************************

---------------------------------------------- PETSc Performance Summary: ----------------------------------------------

/home/a/asarkar/sudhipv/software/FreeFem-sources/src/mpi/FreeFem++-mpi on a  named nia0163.scinet.local with 80 processors, by sudhipv Mon Oct  4 02:12:26 2021
Using Petsc Release Version 3.15.0, Mar 30, 2021 

                         Max       Max/Min     Avg       Total
Time (sec):           1.070e+01     1.000   1.070e+01
Objects:              2.020e+02     1.000   2.020e+02
Flop:                 4.115e+09     1.086   3.964e+09  3.171e+11
Flop/sec:             3.845e+08     1.086   3.704e+08  2.963e+10
MPI Messages:         3.384e+04     4.000   2.157e+04  1.726e+06
MPI Message Lengths:  2.126e+07     3.095   7.898e+02  1.363e+09
MPI Reductions:       4.043e+03     1.000

Flop counting convention: 1 flop = 1 real number operation of type (multiply/divide/add/subtract)
                            e.g., VecAXPY() for real vectors of length N --> 2N flop
                            and VecAXPY() for complex vectors of length N --> 8N flop

Summary of Stages:   ----- Time ------  ----- Flop ------  --- Messages ---  -- Message Lengths --  -- Reductions --
                        Avg     %Total     Avg     %Total    Count   %Total     Avg         %Total    Count   %Total
 0:      Main Stage: 1.0702e+01 100.0%  3.1710e+11 100.0%  1.726e+06 100.0%  7.898e+02      100.0%  4.025e+03  99.6%

------------------------------------------------------------------------------------------------------------------------
See the 'Profiling' chapter of the users' manual for details on interpreting output.
Phase summary info:
   Count: number of times phase was executed
   Time and Flop: Max - maximum over all processors
                  Ratio - ratio of maximum to minimum over all processors
   Mess: number of messages sent
   AvgLen: average message length (bytes)
   Reduct: number of global reductions
   Global: entire computation
   Stage: stages of a computation. Set stages with PetscLogStagePush() and PetscLogStagePop().
      %T - percent time in this phase         %F - percent flop in this phase
      %M - percent messages in this phase     %L - percent message lengths in this phase
      %R - percent reductions in this phase
   Total Mflop/s: 10e-6 * (sum of flop over all processors)/(max time over all processors)
------------------------------------------------------------------------------------------------------------------------
Event                Count      Time (sec)     Flop                              --- Global ---  --- Stage ----  Total
                   Max Ratio  Max     Ratio   Max  Ratio  Mess   AvgLen  Reduct  %T %F %M %L %R  %T %F %M %L %R Mflop/s
------------------------------------------------------------------------------------------------------------------------

--- Event Stage 0: Main Stage

BuildTwoSided         10 1.0 1.6201e-0139.4 0.00e+00 0.0 1.6e+03 4.0e+00 6.0e+00  1  0  0  0  0   1  0  0  0  0     0
BuildTwoSidedF         2 1.0 4.0770e-03 5.8 0.00e+00 0.0 0.0e+00 0.0e+00 2.0e+00  0  0  0  0  0   0  0  0  0  0     0
MatMult             2103 1.0 8.3916e-01 1.1 4.51e+08 1.0 8.6e+05 7.6e+02 2.0e+00  7 11 50 48  0   7 11 50 48  0 42109
MatMultAdd            20 1.0 3.7692e-02 1.3 2.28e+06 1.0 8.2e+03 2.3e+03 0.0e+00  0  0  0  1  0   0  0  0  1  0  4783
MatMultTranspose      20 1.0 4.6515e-02 1.5 0.00e+00 0.0 8.2e+03 7.7e+03 0.0e+00  0  0  0  5  0   0  0  0  5  0     0
MatSolve            2084 1.0 1.7472e+00 1.1 1.21e+09 1.1 0.0e+00 0.0e+00 0.0e+00 15 30  0  0  0  15 30  0  0  0 53662
MatLUFactorSym         1 1.0 8.1930e-02 1.1 0.00e+00 0.0 0.0e+00 0.0e+00 0.0e+00  1  0  0  0  0   1  0  0  0  0     0
MatLUFactorNum         2 1.0 4.2116e-01 1.5 6.71e+08 1.4 0.0e+00 0.0e+00 0.0e+00  3 14  0  0  0   3 14  0  0  0 105509
MatILUFactorSym        1 1.0 8.5043e-04 2.1 0.00e+00 0.0 0.0e+00 0.0e+00 0.0e+00  0  0  0  0  0   0  0  0  0  0     0
MatResidual           20 1.0 4.3662e-02 1.9 1.59e+07 1.0 8.2e+03 1.5e+03 0.0e+00  0  0  0  1  0   0  0  0  1  0 28888
MatAssemblyBegin       6 1.0 4.1448e-03 1.7 0.00e+00 0.0 0.0e+00 0.0e+00 2.0e+00  0  0  0  0  0   0  0  0  0  0     0
MatAssemblyEnd         6 1.0 5.0519e-02 4.0 0.00e+00 0.0 0.0e+00 0.0e+00 8.0e+00  0  0  0  0  0   0  0  0  0  0     0
MatGetRowIJ            2 1.0 2.8813e-03 1.3 0.00e+00 0.0 0.0e+00 0.0e+00 0.0e+00  0  0  0  0  0   0  0  0  0  0     0
MatCreateSubMats       2 1.0 2.9400e-02 1.2 0.00e+00 0.0 4.1e+03 2.6e+03 2.0e+00  0  0  0  1  0   0  0  0  1  0     0
MatGetOrdering         2 1.0 2.8425e-02 1.2 0.00e+00 0.0 0.0e+00 0.0e+00 0.0e+00  0  0  0  0  0   0  0  0  0  0     0
MatIncreaseOvrlp       2 1.0 1.0355e-02 1.3 0.00e+00 0.0 0.0e+00 0.0e+00 2.0e+00  0  0  0  0  0   0  0  0  0  0     0
VecMDot             1946 1.0 9.4046e-01 1.3 8.28e+08 1.0 0.0e+00 0.0e+00 1.9e+03  8 20  0  0 48   8 20  0  0 48 68942
VecNorm             2025 1.0 3.2555e-01 1.2 6.11e+07 1.0 0.0e+00 0.0e+00 2.0e+03  3  2  0  0 50   3  2  0  0 50 14695
VecScale            2065 1.0 9.7305e-03 1.3 3.05e+07 1.0 0.0e+00 0.0e+00 0.0e+00  0  1  0  0  0   0  1  0  0  0 245828
VecCopy              139 1.0 6.8260e-03 1.2 0.00e+00 0.0 0.0e+00 0.0e+00 0.0e+00  0  0  0  0  0   0  0  0  0  0     0
VecSet              6403 1.0 1.4619e-01 1.2 0.00e+00 0.0 0.0e+00 0.0e+00 0.0e+00  1  0  0  0  0   1  0  0  0  0     0
VecAXPY              156 1.0 2.0813e-02 4.7 6.37e+06 1.0 0.0e+00 0.0e+00 0.0e+00  0  0  0  0  0   0  0  0  0  0 24051
VecAYPX              120 1.0 1.6303e-02 1.3 9.11e+06 1.0 0.0e+00 0.0e+00 0.0e+00  0  0  0  0  0   0  0  0  0  0 44234
VecAXPBYCZ            40 1.0 8.8046e-03 1.2 1.14e+07 1.0 0.0e+00 0.0e+00 0.0e+00  0  0  0  0  0   0  0  0  0  0 102382
VecMAXPY            2025 1.0 5.1850e-01 1.1 8.86e+08 1.0 0.0e+00 0.0e+00 0.0e+00  4 22  0  0  0   4 22  0  0  0 133910
VecScatterBegin    10419 1.0 4.0252e-01 1.6 0.00e+00 0.0 1.7e+06 7.4e+02 4.0e+00  3  0 99 93  0   3  0 99 93  0     0
VecScatterEnd      10419 1.0 2.2391e-01 2.7 0.00e+00 0.0 0.0e+00 0.0e+00 0.0e+00  1  0  0  0  0   1  0  0  0  0     0
VecNormalize        2004 1.0 3.2937e-01 1.2 8.80e+07 1.0 0.0e+00 0.0e+00 2.0e+03  3  2  0  0 50   3  2  0  0 50 20925
SFSetGraph             8 1.0 1.5604e-04 1.5 0.00e+00 0.0 0.0e+00 0.0e+00 0.0e+00  0  0  0  0  0   0  0  0  0  0     0
SFSetUp                8 1.0 1.6420e-0115.3 0.00e+00 0.0 3.3e+03 2.8e+02 4.0e+00  1  0  0  0  0   1  0  0  0  0     0
SFReduceBegin       2084 1.0 5.2577e-02 1.3 0.00e+00 0.0 0.0e+00 0.0e+00 0.0e+00  0  0  0  0  0   0  0  0  0  0     0
SFReduceEnd         2084 1.0 1.1136e-03 2.0 0.00e+00 0.0 0.0e+00 0.0e+00 0.0e+00  0  0  0  0  0   0  0  0  0  0     0
SFPack             10419 1.0 1.0288e-02 1.9 0.00e+00 0.0 0.0e+00 0.0e+00 0.0e+00  0  0  0  0  0   0  0  0  0  0     0
SFUnpack           10419 1.0 5.5876e-03 5.4 0.00e+00 0.0 0.0e+00 0.0e+00 0.0e+00  0  0  0  0  0   0  0  0  0  0     0
KSPSetUp               4 1.0 9.9982e-01 1.0 7.94e+08 1.4 1.2e+04 1.7e+03 3.4e+01  9 17  1  2  1   9 17  1  2  1 53982
KSPSolve               1 1.0 4.2867e+00 1.0 3.36e+09 1.0 1.7e+06 7.8e+02 4.0e+03 40 83 99 98 98  40 83 99 98 98 61383
KSPGMRESOrthog      1946 1.0 1.3912e+00 1.2 1.66e+09 1.0 0.0e+00 0.0e+00 1.9e+03 12 41  0  0 48  12 41  0  0 48 93214
PCSetUp                2 1.0 1.0148e+00 1.0 7.94e+08 1.4 1.4e+04 1.7e+03 4.5e+01  9 17  1  2  1   9 17  1  2  1 53202
PCSetUpOnBlocks       61 1.0 5.2654e-01 1.4 6.71e+08 1.4 0.0e+00 0.0e+00 0.0e+00  4 14  0  0  0   4 14  0  0  0 84393
PCApply               20 1.0 4.1856e+00 1.0 3.29e+09 1.1 1.7e+06 7.7e+02 3.9e+03 39 81 99 97 97  39 81 99 97 97 61569
PCApplyOnBlocks     2084 1.0 1.7991e+00 1.1 1.21e+09 1.1 0.0e+00 0.0e+00 0.0e+00 16 30  0  0  0  16 30  0  0  0 52116
------------------------------------------------------------------------------------------------------------------------

Memory usage is given in bytes:

Object Type          Creations   Destructions     Memory  Descendants' Mem.
Reports information only for process 0.

--- Event Stage 0: Main Stage

              Matrix    13             13     79302556     0.
              Vector   126            126     39435808     0.
           Index Set    24             24      2030300     0.
   IS L to G Mapping     2              2      2536408     0.
   Star Forest Graph    14             14        16272     0.
       Krylov Solver     6              6        73864     0.
      Preconditioner     6              6         6552     0.
    Distributed Mesh     3              3        15144     0.
     Discrete System     3              3         2712     0.
           Weak Form     3              3         2472     0.
              Viewer     2              1          848     0.
========================================================================================================================
Average time to get PetscTime(): 4.26e-08
Average time for MPI_Barrier(): 5.20172e-05
Average time for zero size MPI_Send(): 1.3245e-05
#PETSc Option Table entries:
-ksp_converged_reason
-ksp_pc_side right
-ksp_rtol 1e-8
-ksp_type fgmres
-log_view
-m 1061
-mg_coarse_ksp_converged_reason
-mg_coarse_ksp_max_it 100
-mg_coarse_ksp_rtol 1e-2
-mg_coarse_ksp_type gmres
-mg_coarse_pc_type asm
-mg_levels_pc_type asm
-mg_levels_sub_pc_type lu
-n 1061
-nw
-pc_mg_type multiplicative
-pc_type mg
#End of PETSc Option Table entries
Compiled without FORTRAN kernels
Compiled with full precision matrices (default)
sizeof(short) 2 sizeof(int) 4 sizeof(long) 8 sizeof(void*) 8 sizeof(PetscScalar) 8 sizeof(PetscInt) 4
Configure options: --prefix=/home/a/asarkar/sudhipv/software/FreeFem-sources/install/ff-petsc/r MAKEFLAGS= --with-debugging=0 COPTFLAGS="-O3 -mtune=native" CXXOPTFLAGS="-O3 -mtune=native" FOPTFLAGS="-O3 -mtune=native" --with-cxx-dialect=C++11 --with-ssl=0 --with-x=0 --with-fortran-bindings=0 --with-cudac=0 --with-cc=/cvmfs/soft.computecanada.ca/easybuild/software/2020/avx512/Compiler/intel2020/openmpi/4.0.3/bin/mpicc --with-cxx=/cvmfs/soft.computecanada.ca/easybuild/software/2020/avx512/Compiler/intel2020/openmpi/4.0.3/bin/mpic++ --with-fc=/cvmfs/soft.computecanada.ca/easybuild/software/2020/avx512/Compiler/intel2020/openmpi/4.0.3/bin/mpif90 --with-scalar-type=real --with-blaslapack-include=/cvmfs/soft.computecanada.ca/easybuild/software/2020/Core/imkl/2020.1.217/mkl/include --with-blaslapack-lib="-Wl,-rpath,/cvmfs/soft.computecanada.ca/easybuild/software/2020/Core/imkl/2020.1.217/mkl/lib/intel64 -L/cvmfs/soft.computecanada.ca/easybuild/software/2020/Core/imkl/2020.1.217/mkl/lib/intel64 -lmkl_rt -lmkl_intel_thread -lmkl_core  -liomp5 -lpthread" --download-metis --download-ptscotch --download-hypre --download-parmetis --download-mmg --download-parmmg --download-superlu --download-suitesparse --download-tetgen --download-slepc --download-hpddm --download-scalapack --download-mumps --download-slepc-configure-arguments=--download-arpack=https://github.com/prj-/arpack-ng/archive/b64dccb.tar.gz PETSC_ARCH=fr
-----------------------------------------
Libraries compiled on 2021-05-02 15:39:49 on nia-login03.scinet.local 
Machine characteristics: Linux-3.10.0-957.27.2.el7.x86_64-x86_64-with-centos-7.6.1810-Core
Using PETSc directory: /home/a/asarkar/sudhipv/software/FreeFem-sources/install/ff-petsc/r
Using PETSc arch: 
-----------------------------------------

Using C compiler: /cvmfs/soft.computecanada.ca/easybuild/software/2020/avx512/Compiler/intel2020/openmpi/4.0.3/bin/mpicc  -fPIC -wd1572 -O3 -mtune=native   
Using Fortran compiler: /cvmfs/soft.computecanada.ca/easybuild/software/2020/avx512/Compiler/intel2020/openmpi/4.0.3/bin/mpif90  -fPIC -O3 -mtune=native     
-----------------------------------------

Using include paths: -I/home/a/asarkar/sudhipv/software/FreeFem-sources/install/ff-petsc/r/include -I/cvmfs/soft.computecanada.ca/easybuild/software/2020/Core/imkl/2020.1.217/mkl/include
-----------------------------------------

Using C linker: /cvmfs/soft.computecanada.ca/easybuild/software/2020/avx512/Compiler/intel2020/openmpi/4.0.3/bin/mpicc
Using Fortran linker: /cvmfs/soft.computecanada.ca/easybuild/software/2020/avx512/Compiler/intel2020/openmpi/4.0.3/bin/mpif90
Using libraries: -Wl,-rpath,/home/a/asarkar/sudhipv/software/FreeFem-sources/install/ff-petsc/r/lib -L/home/a/asarkar/sudhipv/software/FreeFem-sources/install/ff-petsc/r/lib -lpetsc -Wl,-rpath,/home/a/asarkar/sudhipv/software/FreeFem-sources/install/ff-petsc/r/lib -L/home/a/asarkar/sudhipv/software/FreeFem-sources/install/ff-petsc/r/lib -Wl,-rpath,/cvmfs/soft.computecanada.ca/easybuild/software/2020/Core/imkl/2020.1.217/mkl/lib/intel64 -L/cvmfs/soft.computecanada.ca/easybuild/software/2020/Core/imkl/2020.1.217/mkl/lib/intel64 -Wl,-rpath,/cvmfs/soft.computecanada.ca/easybuild/software/2020/avx512/Compiler/intel2020/openmpi/4.0.3/lib -L/cvmfs/soft.computecanada.ca/easybuild/software/2020/avx512/Compiler/intel2020/openmpi/4.0.3/lib -Wl,-rpath,/cvmfs/soft.computecanada.ca/easybuild/software/2020/avx512/Core/libfabric/1.10.1/lib -L/cvmfs/soft.computecanada.ca/easybuild/software/2020/avx512/Core/libfabric/1.10.1/lib -Wl,-rpath,/cvmfs/soft.computecanada.ca/easybuild/software/2020/avx512/Core/ucx/1.8.0/lib -L/cvmfs/soft.computecanada.ca/easybuild/software/2020/avx512/Core/ucx/1.8.0/lib -Wl,-rpath,/cvmfs/soft.computecanada.ca/easybuild/software/2020/Core/imkl/2020.1.217/lib/intel64 -L/cvmfs/soft.computecanada.ca/easybuild/software/2020/Core/imkl/2020.1.217/lib/intel64 -Wl,-rpath,/cvmfs/restricted.computecanada.ca/easybuild/software/2020/Core/intel/2020.1.217/compilers_and_libraries_2020.1.217/linux/tbb/lib/intel64/gcc4.8 -L/cvmfs/restricted.computecanada.ca/easybuild/software/2020/Core/intel/2020.1.217/compilers_and_libraries_2020.1.217/linux/tbb/lib/intel64/gcc4.8 -Wl,-rpath,/cvmfs/restricted.computecanada.ca/easybuild/software/2020/Core/intel/2020.1.217/compilers_and_libraries_2020.1.217/linux/compiler/lib/intel64_lin -L/cvmfs/restricted.computecanada.ca/easybuild/software/2020/Core/intel/2020.1.217/compilers_and_libraries_2020.1.217/linux/compiler/lib/intel64_lin -Wl,-rpath,/cvmfs/soft.computecanada.ca/easybuild/software/2020/avx512/Compiler/intel2020/openmpi/4.0.3/lib64 -L/cvmfs/soft.computecanada.ca/easybuild/software/2020/avx512/Compiler/intel2020/openmpi/4.0.3/lib64 -Wl,-rpath,/cvmfs/soft.computecanada.ca/easybuild/software/2020/Core/gcccore/9.3.0/lib/gcc/x86_64-pc-linux-gnu/9.3.0 -L/cvmfs/soft.computecanada.ca/easybuild/software/2020/Core/gcccore/9.3.0/lib/gcc/x86_64-pc-linux-gnu/9.3.0 -Wl,-rpath,/cvmfs/soft.computecanada.ca/easybuild/software/2020/Core/gcccore/9.3.0/lib64 -L/cvmfs/soft.computecanada.ca/easybuild/software/2020/Core/gcccore/9.3.0/lib64 -Wl,-rpath,/cvmfs/soft.computecanada.ca/gentoo/2020/lib64 -L/cvmfs/soft.computecanada.ca/gentoo/2020/lib64 -Wl,-rpath,/cvmfs/soft.computecanada.ca/gentoo/2020/usr/lib64 -L/cvmfs/soft.computecanada.ca/gentoo/2020/usr/lib64 -Wl,-rpath,/cvmfs/soft.computecanada.ca/easybuild/software/2020/Core/gcccore/9.3.0/lib -L/cvmfs/soft.computecanada.ca/easybuild/software/2020/Core/gcccore/9.3.0/lib -Wl,-rpath,/cvmfs/soft.computecanada.ca/gentoo/2020/lib -L/cvmfs/soft.computecanada.ca/gentoo/2020/lib -Wl,-rpath,/cvmfs/soft.computecanada.ca/gentoo/2020/usr/lib -L/cvmfs/soft.computecanada.ca/gentoo/2020/usr/lib -lHYPRE -lcmumps -ldmumps -lsmumps -lzmumps -lmumps_common -lpord -lscalapack -lumfpack -lklu -lcholmod -lbtf -lccolamd -lcolamd -lcamd -lamd -lsuitesparseconfig -lsuperlu -lmkl_rt -lmkl_intel_thread -lmkl_core -liomp5 -lpthread -lparmmg -lmmg -lmmg3d -lptesmumps -lptscotchparmetis -lptscotch -lptscotcherr -lesmumps -lscotch -lscotcherr -lpthread -lparmetis -lmetis -ltet -lstdc++ -ldl -lmpi_usempif08 -lmpi_usempi_ignore_tkr -lmpi_mpifh -lmpi -lifport -lifcoremt_pic -limf -lsvml -lm -lipgo -lirc -lpthread -lgcc_s -lirc_s -lrt -lquadmath -lstdc++ -ldl
-----------------------------------------

#############################################################################################################
#############################################################################################################
########     Finsihed Code with NL 10 Processors             #################################################
#############################################################################################################
#############################################################################################################
Number of Vertices for coarse mesh in process  0  2253001
    Linear mg_coarse_ solve converged due to CONVERGED_RTOL iterations 15
    Linear mg_coarse_ solve did not converge due to DIVERGED_ITS iterations 100
    Linear mg_coarse_ solve did not converge due to DIVERGED_ITS iterations 100
    Linear mg_coarse_ solve did not converge due to DIVERGED_ITS iterations 100
    Linear mg_coarse_ solve did not converge due to DIVERGED_ITS iterations 100
    Linear mg_coarse_ solve did not converge due to DIVERGED_ITS iterations 100
    Linear mg_coarse_ solve did not converge due to DIVERGED_ITS iterations 100
    Linear mg_coarse_ solve did not converge due to DIVERGED_ITS iterations 100
    Linear mg_coarse_ solve did not converge due to DIVERGED_ITS iterations 100
    Linear mg_coarse_ solve did not converge due to DIVERGED_ITS iterations 100
    Linear mg_coarse_ solve did not converge due to DIVERGED_ITS iterations 100
    Linear mg_coarse_ solve did not converge due to DIVERGED_ITS iterations 100
    Linear mg_coarse_ solve did not converge due to DIVERGED_ITS iterations 100
    Linear mg_coarse_ solve did not converge due to DIVERGED_ITS iterations 100
    Linear mg_coarse_ solve did not converge due to DIVERGED_ITS iterations 100
    Linear mg_coarse_ solve did not converge due to DIVERGED_ITS iterations 100
    Linear mg_coarse_ solve did not converge due to DIVERGED_ITS iterations 100
    Linear mg_coarse_ solve did not converge due to DIVERGED_ITS iterations 100
    Linear mg_coarse_ solve did not converge due to DIVERGED_ITS iterations 100
    Linear mg_coarse_ solve did not converge due to DIVERGED_ITS iterations 100
    Linear mg_coarse_ solve did not converge due to DIVERGED_ITS iterations 100
    Linear mg_coarse_ solve did not converge due to DIVERGED_ITS iterations 100
    Linear mg_coarse_ solve did not converge due to DIVERGED_ITS iterations 100
    Linear mg_coarse_ solve did not converge due to DIVERGED_ITS iterations 100
    Linear mg_coarse_ solve did not converge due to DIVERGED_ITS iterations 100
    Linear mg_coarse_ solve did not converge due to DIVERGED_ITS iterations 100
Linear solve converged due to CONVERGED_RTOL iterations 26
time taken for solve is15.6032
L2 Norm of uerr is6.64554e-07
************************************************************************************************************************
***             WIDEN YOUR WINDOW TO 120 CHARACTERS.  Use 'enscript -r -fCourier9' to print this document            ***
************************************************************************************************************************

---------------------------------------------- PETSc Performance Summary: ----------------------------------------------

/home/a/asarkar/sudhipv/software/FreeFem-sources/src/mpi/FreeFem++-mpi on a  named nia0163.scinet.local with 160 processors, by sudhipv Mon Oct  4 02:12:45 2021
Using Petsc Release Version 3.15.0, Mar 30, 2021 

                         Max       Max/Min     Avg       Total
Time (sec):           1.567e+01     1.000   1.567e+01
Objects:              2.200e+02     1.000   2.200e+02
Flop:                 5.182e+09     1.070   5.006e+09  8.009e+11
Flop/sec:             3.306e+08     1.070   3.194e+08  5.110e+10
MPI Messages:         4.429e+04     4.000   2.941e+04  4.706e+06
MPI Message Lengths:  3.128e+07     2.931   7.833e+02  3.686e+09
MPI Reductions:       5.277e+03     1.000

Flop counting convention: 1 flop = 1 real number operation of type (multiply/divide/add/subtract)
                            e.g., VecAXPY() for real vectors of length N --> 2N flop
                            and VecAXPY() for complex vectors of length N --> 8N flop

Summary of Stages:   ----- Time ------  ----- Flop ------  --- Messages ---  -- Message Lengths --  -- Reductions --
                        Avg     %Total     Avg     %Total    Count   %Total     Avg         %Total    Count   %Total
 0:      Main Stage: 1.5672e+01 100.0%  8.0093e+11 100.0%  4.706e+06 100.0%  7.833e+02      100.0%  5.259e+03  99.7%

------------------------------------------------------------------------------------------------------------------------
See the 'Profiling' chapter of the users' manual for details on interpreting output.
Phase summary info:
   Count: number of times phase was executed
   Time and Flop: Max - maximum over all processors
                  Ratio - ratio of maximum to minimum over all processors
   Mess: number of messages sent
   AvgLen: average message length (bytes)
   Reduct: number of global reductions
   Global: entire computation
   Stage: stages of a computation. Set stages with PetscLogStagePush() and PetscLogStagePop().
      %T - percent time in this phase         %F - percent flop in this phase
      %M - percent messages in this phase     %L - percent message lengths in this phase
      %R - percent reductions in this phase
   Total Mflop/s: 10e-6 * (sum of flop over all processors)/(max time over all processors)
------------------------------------------------------------------------------------------------------------------------
Event                Count      Time (sec)     Flop                              --- Global ---  --- Stage ----  Total
                   Max Ratio  Max     Ratio   Max  Ratio  Mess   AvgLen  Reduct  %T %F %M %L %R  %T %F %M %L %R Mflop/s
------------------------------------------------------------------------------------------------------------------------

--- Event Stage 0: Main Stage

BuildTwoSided         10 1.0 2.2909e-01 6.8 0.00e+00 0.0 3.4e+03 4.0e+00 6.0e+00  1  0  0  0  0   1  0  0  0  0     0
BuildTwoSidedF         2 1.0 4.0102e-03 5.3 0.00e+00 0.0 0.0e+00 0.0e+00 2.0e+00  0  0  0  0  0   0  0  0  0  0     0
MatMult             2756 1.0 1.1230e+00 1.2 5.88e+08 1.0 2.3e+06 7.5e+02 2.0e+00  7 12 50 48  0   7 12 50 48  0 82087
MatMultAdd            26 1.0 4.9601e-02 1.3 2.96e+06 1.0 2.2e+04 2.3e+03 0.0e+00  0  0  0  1  0   0  0  0  1  0  9441
MatMultTranspose      26 1.0 8.9779e-02 2.8 0.00e+00 0.0 2.2e+04 7.7e+03 0.0e+00  0  0  0  5  0   0  0  0  5  0     0
MatSolve            2731 1.0 2.1982e+00 1.1 1.55e+09 1.1 0.0e+00 0.0e+00 0.0e+00 13 30  0  0  0  13 30  0  0  0 109356
MatLUFactorSym         1 1.0 8.8190e-02 1.3 0.00e+00 0.0 0.0e+00 0.0e+00 0.0e+00  0  0  0  0  0   0  0  0  0  0     0
MatLUFactorNum         2 1.0 4.5840e-01 1.6 6.71e+08 1.4 0.0e+00 0.0e+00 0.0e+00  2 11  0  0  0   2 11  0  0  0 195864
MatILUFactorSym        1 1.0 1.4646e-03 3.5 0.00e+00 0.0 0.0e+00 0.0e+00 0.0e+00  0  0  0  0  0   0  0  0  0  0     0
MatResidual           26 1.0 6.0812e-02 2.3 2.07e+07 1.0 2.2e+04 1.5e+03 0.0e+00  0  0  0  1  0   0  0  0  1  0 53886
MatAssemblyBegin       6 1.0 4.0737e-03 1.8 0.00e+00 0.0 0.0e+00 0.0e+00 2.0e+00  0  0  0  0  0   0  0  0  0  0     0
MatAssemblyEnd         6 1.0 1.8685e-01 2.4 0.00e+00 0.0 0.0e+00 0.0e+00 8.0e+00  1  0  0  0  0   1  0  0  0  0     0
MatGetRowIJ            2 1.0 4.4234e-03 2.2 0.00e+00 0.0 0.0e+00 0.0e+00 0.0e+00  0  0  0  0  0   0  0  0  0  0     0
MatCreateSubMats       2 1.0 3.8647e-02 1.4 0.00e+00 0.0 8.5e+03 2.6e+03 2.0e+00  0  0  0  1  0   0  0  0  1  0     0
MatGetOrdering         2 1.0 4.3306e-02 1.8 0.00e+00 0.0 0.0e+00 0.0e+00 0.0e+00  0  0  0  0  0   0  0  0  0  0     0
MatIncreaseOvrlp       2 1.0 1.4129e-02 1.7 0.00e+00 0.0 0.0e+00 0.0e+00 2.0e+00  0  0  0  0  0   0  0  0  0  0     0
VecMDot             2551 1.0 1.3302e+00 1.3 1.09e+09 1.0 0.0e+00 0.0e+00 2.6e+03  8 21  0  0 48   8 21  0  0 49 128700
VecNorm             2654 1.0 3.8445e-01 1.4 7.96e+07 1.0 0.0e+00 0.0e+00 2.7e+03  2  2  0  0 50   2  2  0  0 50 32442
VecScale            2706 1.0 1.4437e-02 1.6 3.98e+07 1.0 0.0e+00 0.0e+00 0.0e+00  0  1  0  0  0   0  1  0  0  0 431964
VecCopy              181 1.0 9.6799e-03 1.3 0.00e+00 0.0 0.0e+00 0.0e+00 0.0e+00  0  0  0  0  0   0  0  0  0  0     0
VecSet              8386 1.0 2.0509e-01 1.2 0.00e+00 0.0 0.0e+00 0.0e+00 0.0e+00  1  0  0  0  0   1  0  0  0  0     0
VecAXPY              204 1.0 7.4469e-03 1.4 8.25e+06 1.0 0.0e+00 0.0e+00 0.0e+00  0  0  0  0  0   0  0  0  0  0 174219
VecAYPX              156 1.0 2.2556e-02 1.4 1.18e+07 1.0 0.0e+00 0.0e+00 0.0e+00  0  0  0  0  0   0  0  0  0  0 83050
VecAXPBYCZ            52 1.0 1.2343e-02 1.3 1.48e+07 1.0 0.0e+00 0.0e+00 0.0e+00  0  0  0  0  0   0  0  0  0  0 189707
VecMAXPY            2654 1.0 6.8246e-01 1.1 1.17e+09 1.0 0.0e+00 0.0e+00 0.0e+00  4 23  0  0  0   4 23  0  0  0 268406
VecScatterBegin    13654 1.0 5.8154e-01 1.6 0.00e+00 0.0 4.6e+06 7.4e+02 4.0e+00  3  0 99 93  0   3  0 99 93  0     0
VecScatterEnd      13654 1.0 2.3719e-01 4.1 0.00e+00 0.0 0.0e+00 0.0e+00 0.0e+00  1  0  0  0  0   1  0  0  0  0     0
VecNormalize        2627 1.0 3.8678e-01 1.4 1.15e+08 1.0 0.0e+00 0.0e+00 2.6e+03  2  2  0  0 50   2  2  0  0 50 46483
SFSetGraph             8 1.0 2.1942e-04 2.1 0.00e+00 0.0 0.0e+00 0.0e+00 0.0e+00  0  0  0  0  0   0  0  0  0  0     0
SFSetUp                8 1.0 2.3283e-01 6.2 0.00e+00 0.0 6.8e+03 2.8e+02 4.0e+00  1  0  0  0  0   1  0  0  0  0     0
SFReduceBegin       2731 1.0 6.7404e-02 1.3 0.00e+00 0.0 0.0e+00 0.0e+00 0.0e+00  0  0  0  0  0   0  0  0  0  0     0
SFReduceEnd         2731 1.0 1.5323e-03 1.9 0.00e+00 0.0 0.0e+00 0.0e+00 0.0e+00  0  0  0  0  0   0  0  0  0  0     0
SFPack             13654 1.0 1.4537e-02 1.7 0.00e+00 0.0 0.0e+00 0.0e+00 0.0e+00  0  0  0  0  0   0  0  0  0  0     0
SFUnpack           13654 1.0 7.8306e-03 5.4 0.00e+00 0.0 0.0e+00 0.0e+00 0.0e+00  0  0  0  0  0   0  0  0  0  0     0
KSPSetUp               4 1.0 9.6483e-01 1.0 7.94e+08 1.4 2.6e+04 1.7e+03 3.4e+01  6 14  1  1  1   6 14  1  1  1 112870
KSPSolve               1 1.0 5.7726e+00 1.0 4.43e+09 1.0 4.7e+06 7.7e+02 5.2e+03 37 86 99 98 98  37 86 99 98 99 119882
KSPGMRESOrthog      2551 1.0 1.9430e+00 1.2 2.18e+09 1.0 0.0e+00 0.0e+00 2.6e+03 11 43  0  0 48  11 43  0  0 49 176212
PCSetUp                2 1.0 9.8147e-01 1.0 7.94e+08 1.4 3.0e+04 1.7e+03 4.5e+01  6 14  1  1  1   6 14  1  1  1 110991
PCSetUpOnBlocks       79 1.0 5.6881e-01 1.5 6.71e+08 1.4 0.0e+00 0.0e+00 0.0e+00  3 11  0  0  0   3 11  0  0  0 157845
PCApply               26 1.0 5.6071e+00 1.0 4.32e+09 1.0 4.6e+06 7.7e+02 5.1e+03 36 84 99 97 97  36 84 99 97 98 120406
PCApplyOnBlocks     2731 1.0 2.2754e+00 1.1 1.55e+09 1.1 0.0e+00 0.0e+00 0.0e+00 14 30  0  0  0  14 30  0  0  0 105642
------------------------------------------------------------------------------------------------------------------------

Memory usage is given in bytes:

Object Type          Creations   Destructions     Memory  Descendants' Mem.
Reports information only for process 0.

--- Event Stage 0: Main Stage

              Matrix    13             13     80235072     0.
              Vector   144            144     47349064     0.
           Index Set    24             24      2027260     0.
   IS L to G Mapping     2              2      2931844     0.
   Star Forest Graph    14             14        16272     0.
       Krylov Solver     6              6        73864     0.
      Preconditioner     6              6         6552     0.
    Distributed Mesh     3              3        15144     0.
     Discrete System     3              3         2712     0.
           Weak Form     3              3         2472     0.
              Viewer     2              1          848     0.
========================================================================================================================
Average time to get PetscTime(): 3.05e-08
Average time for MPI_Barrier(): 6.1583e-05
Average time for zero size MPI_Send(): 2.89527e-06
#PETSc Option Table entries:
-ksp_converged_reason
-ksp_pc_side right
-ksp_rtol 1e-8
-ksp_type fgmres
-log_view
-m 1500
-mg_coarse_ksp_converged_reason
-mg_coarse_ksp_max_it 100
-mg_coarse_ksp_rtol 1e-2
-mg_coarse_ksp_type gmres
-mg_coarse_pc_type asm
-mg_levels_pc_type asm
-mg_levels_sub_pc_type lu
-n 1500
-nw
-pc_mg_type multiplicative
-pc_type mg
#End of PETSc Option Table entries
Compiled without FORTRAN kernels
Compiled with full precision matrices (default)
sizeof(short) 2 sizeof(int) 4 sizeof(long) 8 sizeof(void*) 8 sizeof(PetscScalar) 8 sizeof(PetscInt) 4
Configure options: --prefix=/home/a/asarkar/sudhipv/software/FreeFem-sources/install/ff-petsc/r MAKEFLAGS= --with-debugging=0 COPTFLAGS="-O3 -mtune=native" CXXOPTFLAGS="-O3 -mtune=native" FOPTFLAGS="-O3 -mtune=native" --with-cxx-dialect=C++11 --with-ssl=0 --with-x=0 --with-fortran-bindings=0 --with-cudac=0 --with-cc=/cvmfs/soft.computecanada.ca/easybuild/software/2020/avx512/Compiler/intel2020/openmpi/4.0.3/bin/mpicc --with-cxx=/cvmfs/soft.computecanada.ca/easybuild/software/2020/avx512/Compiler/intel2020/openmpi/4.0.3/bin/mpic++ --with-fc=/cvmfs/soft.computecanada.ca/easybuild/software/2020/avx512/Compiler/intel2020/openmpi/4.0.3/bin/mpif90 --with-scalar-type=real --with-blaslapack-include=/cvmfs/soft.computecanada.ca/easybuild/software/2020/Core/imkl/2020.1.217/mkl/include --with-blaslapack-lib="-Wl,-rpath,/cvmfs/soft.computecanada.ca/easybuild/software/2020/Core/imkl/2020.1.217/mkl/lib/intel64 -L/cvmfs/soft.computecanada.ca/easybuild/software/2020/Core/imkl/2020.1.217/mkl/lib/intel64 -lmkl_rt -lmkl_intel_thread -lmkl_core  -liomp5 -lpthread" --download-metis --download-ptscotch --download-hypre --download-parmetis --download-mmg --download-parmmg --download-superlu --download-suitesparse --download-tetgen --download-slepc --download-hpddm --download-scalapack --download-mumps --download-slepc-configure-arguments=--download-arpack=https://github.com/prj-/arpack-ng/archive/b64dccb.tar.gz PETSC_ARCH=fr
-----------------------------------------
Libraries compiled on 2021-05-02 15:39:49 on nia-login03.scinet.local 
Machine characteristics: Linux-3.10.0-957.27.2.el7.x86_64-x86_64-with-centos-7.6.1810-Core
Using PETSc directory: /home/a/asarkar/sudhipv/software/FreeFem-sources/install/ff-petsc/r
Using PETSc arch: 
-----------------------------------------

Using C compiler: /cvmfs/soft.computecanada.ca/easybuild/software/2020/avx512/Compiler/intel2020/openmpi/4.0.3/bin/mpicc  -fPIC -wd1572 -O3 -mtune=native   
Using Fortran compiler: /cvmfs/soft.computecanada.ca/easybuild/software/2020/avx512/Compiler/intel2020/openmpi/4.0.3/bin/mpif90  -fPIC -O3 -mtune=native     
-----------------------------------------

Using include paths: -I/home/a/asarkar/sudhipv/software/FreeFem-sources/install/ff-petsc/r/include -I/cvmfs/soft.computecanada.ca/easybuild/software/2020/Core/imkl/2020.1.217/mkl/include
-----------------------------------------

Using C linker: /cvmfs/soft.computecanada.ca/easybuild/software/2020/avx512/Compiler/intel2020/openmpi/4.0.3/bin/mpicc
Using Fortran linker: /cvmfs/soft.computecanada.ca/easybuild/software/2020/avx512/Compiler/intel2020/openmpi/4.0.3/bin/mpif90
Using libraries: -Wl,-rpath,/home/a/asarkar/sudhipv/software/FreeFem-sources/install/ff-petsc/r/lib -L/home/a/asarkar/sudhipv/software/FreeFem-sources/install/ff-petsc/r/lib -lpetsc -Wl,-rpath,/home/a/asarkar/sudhipv/software/FreeFem-sources/install/ff-petsc/r/lib -L/home/a/asarkar/sudhipv/software/FreeFem-sources/install/ff-petsc/r/lib -Wl,-rpath,/cvmfs/soft.computecanada.ca/easybuild/software/2020/Core/imkl/2020.1.217/mkl/lib/intel64 -L/cvmfs/soft.computecanada.ca/easybuild/software/2020/Core/imkl/2020.1.217/mkl/lib/intel64 -Wl,-rpath,/cvmfs/soft.computecanada.ca/easybuild/software/2020/avx512/Compiler/intel2020/openmpi/4.0.3/lib -L/cvmfs/soft.computecanada.ca/easybuild/software/2020/avx512/Compiler/intel2020/openmpi/4.0.3/lib -Wl,-rpath,/cvmfs/soft.computecanada.ca/easybuild/software/2020/avx512/Core/libfabric/1.10.1/lib -L/cvmfs/soft.computecanada.ca/easybuild/software/2020/avx512/Core/libfabric/1.10.1/lib -Wl,-rpath,/cvmfs/soft.computecanada.ca/easybuild/software/2020/avx512/Core/ucx/1.8.0/lib -L/cvmfs/soft.computecanada.ca/easybuild/software/2020/avx512/Core/ucx/1.8.0/lib -Wl,-rpath,/cvmfs/soft.computecanada.ca/easybuild/software/2020/Core/imkl/2020.1.217/lib/intel64 -L/cvmfs/soft.computecanada.ca/easybuild/software/2020/Core/imkl/2020.1.217/lib/intel64 -Wl,-rpath,/cvmfs/restricted.computecanada.ca/easybuild/software/2020/Core/intel/2020.1.217/compilers_and_libraries_2020.1.217/linux/tbb/lib/intel64/gcc4.8 -L/cvmfs/restricted.computecanada.ca/easybuild/software/2020/Core/intel/2020.1.217/compilers_and_libraries_2020.1.217/linux/tbb/lib/intel64/gcc4.8 -Wl,-rpath,/cvmfs/restricted.computecanada.ca/easybuild/software/2020/Core/intel/2020.1.217/compilers_and_libraries_2020.1.217/linux/compiler/lib/intel64_lin -L/cvmfs/restricted.computecanada.ca/easybuild/software/2020/Core/intel/2020.1.217/compilers_and_libraries_2020.1.217/linux/compiler/lib/intel64_lin -Wl,-rpath,/cvmfs/soft.computecanada.ca/easybuild/software/2020/avx512/Compiler/intel2020/openmpi/4.0.3/lib64 -L/cvmfs/soft.computecanada.ca/easybuild/software/2020/avx512/Compiler/intel2020/openmpi/4.0.3/lib64 -Wl,-rpath,/cvmfs/soft.computecanada.ca/easybuild/software/2020/Core/gcccore/9.3.0/lib/gcc/x86_64-pc-linux-gnu/9.3.0 -L/cvmfs/soft.computecanada.ca/easybuild/software/2020/Core/gcccore/9.3.0/lib/gcc/x86_64-pc-linux-gnu/9.3.0 -Wl,-rpath,/cvmfs/soft.computecanada.ca/easybuild/software/2020/Core/gcccore/9.3.0/lib64 -L/cvmfs/soft.computecanada.ca/easybuild/software/2020/Core/gcccore/9.3.0/lib64 -Wl,-rpath,/cvmfs/soft.computecanada.ca/gentoo/2020/lib64 -L/cvmfs/soft.computecanada.ca/gentoo/2020/lib64 -Wl,-rpath,/cvmfs/soft.computecanada.ca/gentoo/2020/usr/lib64 -L/cvmfs/soft.computecanada.ca/gentoo/2020/usr/lib64 -Wl,-rpath,/cvmfs/soft.computecanada.ca/easybuild/software/2020/Core/gcccore/9.3.0/lib -L/cvmfs/soft.computecanada.ca/easybuild/software/2020/Core/gcccore/9.3.0/lib -Wl,-rpath,/cvmfs/soft.computecanada.ca/gentoo/2020/lib -L/cvmfs/soft.computecanada.ca/gentoo/2020/lib -Wl,-rpath,/cvmfs/soft.computecanada.ca/gentoo/2020/usr/lib -L/cvmfs/soft.computecanada.ca/gentoo/2020/usr/lib -lHYPRE -lcmumps -ldmumps -lsmumps -lzmumps -lmumps_common -lpord -lscalapack -lumfpack -lklu -lcholmod -lbtf -lccolamd -lcolamd -lcamd -lamd -lsuitesparseconfig -lsuperlu -lmkl_rt -lmkl_intel_thread -lmkl_core -liomp5 -lpthread -lparmmg -lmmg -lmmg3d -lptesmumps -lptscotchparmetis -lptscotch -lptscotcherr -lesmumps -lscotch -lscotcherr -lpthread -lparmetis -lmetis -ltet -lstdc++ -ldl -lmpi_usempif08 -lmpi_usempi_ignore_tkr -lmpi_mpifh -lmpi -lifport -lifcoremt_pic -limf -lsvml -lm -lipgo -lirc -lpthread -lgcc_s -lirc_s -lrt -lquadmath -lstdc++ -ldl
-----------------------------------------

#############################################################################################################
#############################################################################################################
########     Finsihed Code with NL 10 Processors             #################################################
#############################################################################################################
#############################################################################################################
Number of Vertices for coarse mesh in process  0  3381921
    Linear mg_coarse_ solve converged due to CONVERGED_RTOL iterations 15
    Linear mg_coarse_ solve did not converge due to DIVERGED_ITS iterations 100
    Linear mg_coarse_ solve did not converge due to DIVERGED_ITS iterations 100
    Linear mg_coarse_ solve did not converge due to DIVERGED_ITS iterations 100
    Linear mg_coarse_ solve did not converge due to DIVERGED_ITS iterations 100
    Linear mg_coarse_ solve did not converge due to DIVERGED_ITS iterations 100
    Linear mg_coarse_ solve did not converge due to DIVERGED_ITS iterations 100
    Linear mg_coarse_ solve did not converge due to DIVERGED_ITS iterations 100
    Linear mg_coarse_ solve did not converge due to DIVERGED_ITS iterations 100
    Linear mg_coarse_ solve did not converge due to DIVERGED_ITS iterations 100
    Linear mg_coarse_ solve did not converge due to DIVERGED_ITS iterations 100
    Linear mg_coarse_ solve did not converge due to DIVERGED_ITS iterations 100
    Linear mg_coarse_ solve did not converge due to DIVERGED_ITS iterations 100
    Linear mg_coarse_ solve did not converge due to DIVERGED_ITS iterations 100
    Linear mg_coarse_ solve did not converge due to DIVERGED_ITS iterations 100
    Linear mg_coarse_ solve did not converge due to DIVERGED_ITS iterations 100
    Linear mg_coarse_ solve did not converge due to DIVERGED_ITS iterations 100
    Linear mg_coarse_ solve did not converge due to DIVERGED_ITS iterations 100
    Linear mg_coarse_ solve did not converge due to DIVERGED_ITS iterations 100
    Linear mg_coarse_ solve did not converge due to DIVERGED_ITS iterations 100
    Linear mg_coarse_ solve did not converge due to DIVERGED_ITS iterations 100
    Linear mg_coarse_ solve did not converge due to DIVERGED_ITS iterations 100
    Linear mg_coarse_ solve did not converge due to DIVERGED_ITS iterations 100
    Linear mg_coarse_ solve did not converge due to DIVERGED_ITS iterations 100
    Linear mg_coarse_ solve did not converge due to DIVERGED_ITS iterations 100
    Linear mg_coarse_ solve did not converge due to DIVERGED_ITS iterations 100
    Linear mg_coarse_ solve did not converge due to DIVERGED_ITS iterations 100
    Linear mg_coarse_ solve did not converge due to DIVERGED_ITS iterations 100
    Linear mg_coarse_ solve did not converge due to DIVERGED_ITS iterations 100
    Linear mg_coarse_ solve did not converge due to DIVERGED_ITS iterations 100
Linear solve converged due to CONVERGED_RTOL iterations 30
time taken for solve is19.8016
L2 Norm of uerr is1.97367e-06
************************************************************************************************************************
***             WIDEN YOUR WINDOW TO 120 CHARACTERS.  Use 'enscript -r -fCourier9' to print this document            ***
************************************************************************************************************************

---------------------------------------------- PETSc Performance Summary: ----------------------------------------------

/home/a/asarkar/sudhipv/software/FreeFem-sources/src/mpi/FreeFem++-mpi on a  named nia0163.scinet.local with 240 processors, by sudhipv Mon Oct  4 02:13:09 2021
Using Petsc Release Version 3.15.0, Mar 30, 2021 

                         Max       Max/Min     Avg       Total
Time (sec):           1.988e+01     1.000   1.988e+01
Objects:              2.200e+02     1.000   2.200e+02
Flop:                 6.019e+09     1.097   5.707e+09  1.370e+12
Flop/sec:             3.027e+08     1.097   2.870e+08  6.889e+10
MPI Messages:         5.126e+04     4.000   3.508e+04  8.420e+06
MPI Message Lengths:  3.563e+07     3.129   7.663e+02  6.452e+09
MPI Reductions:       6.101e+03     1.000

Flop counting convention: 1 flop = 1 real number operation of type (multiply/divide/add/subtract)
                            e.g., VecAXPY() for real vectors of length N --> 2N flop
                            and VecAXPY() for complex vectors of length N --> 8N flop

Summary of Stages:   ----- Time ------  ----- Flop ------  --- Messages ---  -- Message Lengths --  -- Reductions --
                        Avg     %Total     Avg     %Total    Count   %Total     Avg         %Total    Count   %Total
 0:      Main Stage: 1.9882e+01 100.0%  1.3697e+12 100.0%  8.420e+06 100.0%  7.663e+02      100.0%  6.083e+03  99.7%

------------------------------------------------------------------------------------------------------------------------
See the 'Profiling' chapter of the users' manual for details on interpreting output.
Phase summary info:
   Count: number of times phase was executed
   Time and Flop: Max - maximum over all processors
                  Ratio - ratio of maximum to minimum over all processors
   Mess: number of messages sent
   AvgLen: average message length (bytes)
   Reduct: number of global reductions
   Global: entire computation
   Stage: stages of a computation. Set stages with PetscLogStagePush() and PetscLogStagePop().
      %T - percent time in this phase         %F - percent flop in this phase
      %M - percent messages in this phase     %L - percent message lengths in this phase
      %R - percent reductions in this phase
   Total Mflop/s: 10e-6 * (sum of flop over all processors)/(max time over all processors)
------------------------------------------------------------------------------------------------------------------------
Event                Count      Time (sec)     Flop                              --- Global ---  --- Stage ----  Total
                   Max Ratio  Max     Ratio   Max  Ratio  Mess   AvgLen  Reduct  %T %F %M %L %R  %T %F %M %L %R Mflop/s
------------------------------------------------------------------------------------------------------------------------

--- Event Stage 0: Main Stage

BuildTwoSided         10 1.0 2.1090e-01 5.4 0.00e+00 0.0 5.3e+03 4.0e+00 6.0e+00  1  0  0  0  0   1  0  0  0  0     0
BuildTwoSidedF         2 1.0 2.8828e-03 3.9 0.00e+00 0.0 0.0e+00 0.0e+00 2.0e+00  0  0  0  0  0   0  0  0  0  0     0
MatMult             3192 1.0 1.2681e+00 1.2 6.81e+08 1.0 4.2e+06 7.4e+02 2.0e+00  6 12 50 48  0   6 12 50 48  0 126181
MatMultAdd            30 1.0 5.8083e-02 1.3 3.42e+06 1.0 3.9e+04 2.2e+03 0.0e+00  0  0  0  1  0   0  0  0  1  0 13966
MatMultTranspose      30 1.0 9.2444e-02 2.5 0.00e+00 0.0 3.9e+04 7.5e+03 0.0e+00  0  0  0  5  0   0  0  0  5  0     0
MatSolve            3163 1.0 2.5921e+00 1.1 1.82e+09 1.1 0.0e+00 0.0e+00 0.0e+00 12 30  0  0  0  12 30  0  0  0 159556
MatLUFactorSym         1 1.0 1.0061e-01 1.5 0.00e+00 0.0 0.0e+00 0.0e+00 0.0e+00  0  0  0  0  0   0  0  0  0  0     0
MatLUFactorNum         2 1.0 4.5337e-01 1.7 7.11e+08 1.6 0.0e+00 0.0e+00 0.0e+00  2 10  0  0  0   2 10  0  0  0 297116
MatILUFactorSym        1 1.0 9.0242e-04 2.2 0.00e+00 0.0 0.0e+00 0.0e+00 0.0e+00  0  0  0  0  0   0  0  0  0  0     0
MatResidual           30 1.0 5.6486e-02 2.1 2.39e+07 1.0 3.9e+04 1.5e+03 0.0e+00  0  0  0  1  0   0  0  0  1  0 100499
MatAssemblyBegin       6 1.0 3.0835e-03 1.2 0.00e+00 0.0 0.0e+00 0.0e+00 2.0e+00  0  0  0  0  0   0  0  0  0  0     0
MatAssemblyEnd         6 1.0 9.4789e-02 5.1 0.00e+00 0.0 0.0e+00 0.0e+00 8.0e+00  0  0  0  0  0   0  0  0  0  0     0
MatGetRowIJ            2 1.0 4.4320e-03 2.1 0.00e+00 0.0 0.0e+00 0.0e+00 0.0e+00  0  0  0  0  0   0  0  0  0  0     0
MatCreateSubMats       2 1.0 3.9517e-02 1.4 0.00e+00 0.0 1.3e+04 2.5e+03 2.0e+00  0  0  0  1  0   0  0  0  1  0     0
MatGetOrdering         2 1.0 4.3389e-02 1.8 0.00e+00 0.0 0.0e+00 0.0e+00 0.0e+00  0  0  0  0  0   0  0  0  0  0     0
MatIncreaseOvrlp       2 1.0 1.3714e-02 1.4 0.00e+00 0.0 0.0e+00 0.0e+00 2.0e+00  0  0  0  0  0   0  0  0  0  0     0
VecMDot             2955 1.0 1.4412e+00 1.3 1.27e+09 1.0 0.0e+00 0.0e+00 3.0e+03  7 22  0  0 48   7 22  0  0 49 207665
VecNorm             3074 1.0 3.9961e-01 1.4 9.22e+07 1.0 0.0e+00 0.0e+00 3.1e+03  2  2  0  0 50   2  2  0  0 51 54162
VecScale            3134 1.0 1.6291e-02 1.6 4.61e+07 1.0 0.0e+00 0.0e+00 0.0e+00  0  1  0  0  0   0  1  0  0  0 664288
VecCopy              209 1.0 1.1583e-02 1.3 0.00e+00 0.0 0.0e+00 0.0e+00 0.0e+00  0  0  0  0  0   0  0  0  0  0     0
VecSet              9710 1.0 2.4212e-01 1.3 0.00e+00 0.0 0.0e+00 0.0e+00 0.0e+00  1  0  0  0  0   1  0  0  0  0     0
VecAXPY              236 1.0 8.6136e-03 1.4 9.53e+06 1.0 0.0e+00 0.0e+00 0.0e+00  0  0  0  0  0   0  0  0  0  0 260650
VecAYPX              180 1.0 2.7220e-02 1.4 1.37e+07 1.0 0.0e+00 0.0e+00 0.0e+00  0  0  0  0  0   0  0  0  0  0 119210
VecAXPBYCZ            60 1.0 1.5358e-02 1.3 1.71e+07 1.0 0.0e+00 0.0e+00 0.0e+00  0  0  0  0  0   0  0  0  0  0 264102
VecMAXPY            3074 1.0 8.1516e-01 1.2 1.36e+09 1.0 0.0e+00 0.0e+00 0.0e+00  4 23  0  0  0   4 23  0  0  0 392674
VecScatterBegin    15814 1.0 6.7411e-01 1.6 0.00e+00 0.0 8.3e+06 7.2e+02 4.0e+00  3  0 99 93  0   3  0 99 93  0     0
VecScatterEnd      15814 1.0 2.5397e-01 3.3 0.00e+00 0.0 0.0e+00 0.0e+00 0.0e+00  1  0  0  0  0   1  0  0  0  0     0
VecNormalize        3043 1.0 4.0333e-01 1.4 1.33e+08 1.0 0.0e+00 0.0e+00 3.0e+03  2  2  0  0 50   2  2  0  0 50 77375
SFSetGraph             8 1.0 1.9052e-04 1.8 0.00e+00 0.0 0.0e+00 0.0e+00 0.0e+00  0  0  0  0  0   0  0  0  0  0     0
SFSetUp                8 1.0 2.1503e-01 5.0 0.00e+00 0.0 1.1e+04 2.8e+02 4.0e+00  1  0  0  0  0   1  0  0  0  0     0
SFReduceBegin       3163 1.0 8.4589e-02 1.4 0.00e+00 0.0 0.0e+00 0.0e+00 0.0e+00  0  0  0  0  0   0  0  0  0  0     0
SFReduceEnd         3163 1.0 1.8210e-03 2.0 0.00e+00 0.0 0.0e+00 0.0e+00 0.0e+00  0  0  0  0  0   0  0  0  0  0     0
SFPack             15814 1.0 1.8038e-02 1.8 0.00e+00 0.0 0.0e+00 0.0e+00 0.0e+00  0  0  0  0  0   0  0  0  0  0     0
SFUnpack           15814 1.0 9.7372e-03 5.5 0.00e+00 0.0 0.0e+00 0.0e+00 0.0e+00  0  0  0  0  0   0  0  0  0  0     0
KSPSetUp               4 1.0 9.5057e-01 1.0 8.38e+08 1.5 3.9e+04 1.7e+03 3.4e+01  5 12  0  1  1   5 12  0  1  1 171909
KSPSolve               1 1.0 6.6139e+00 1.0 5.18e+09 1.1 8.4e+06 7.6e+02 6.0e+03 33 88 99 98 99  33 88 99 98 99 182384
KSPGMRESOrthog      2955 1.0 2.1463e+00 1.2 2.55e+09 1.0 0.0e+00 0.0e+00 3.0e+03 10 44  0  0 48  10 44  0  0 49 278889
PCSetUp                2 1.0 9.6717e-01 1.0 8.38e+08 1.5 4.6e+04 1.7e+03 4.5e+01  5 12  1  1  1   5 12  1  1  1 169013
PCSetUpOnBlocks       91 1.0 5.6655e-01 1.6 7.11e+08 1.6 0.0e+00 0.0e+00 0.0e+00  2 10  0  0  0   2 10  0  0  0 237759
PCApply               30 1.0 6.4435e+00 1.0 5.04e+09 1.1 8.3e+06 7.5e+02 6.0e+03 32 86 99 97 98  32 86 99 97 98 182161
PCApplyOnBlocks     3163 1.0 2.6796e+00 1.1 1.82e+09 1.1 0.0e+00 0.0e+00 0.0e+00 13 30  0  0  0  13 30  0  0  0 154343
------------------------------------------------------------------------------------------------------------------------

Memory usage is given in bytes:

Object Type          Creations   Destructions     Memory  Descendants' Mem.
Reports information only for process 0.

--- Event Stage 0: Main Stage

              Matrix    13             13     80790832     0.
              Vector   144            144     47393632     0.
           Index Set    24             24      2027680     0.
   IS L to G Mapping     2              2       853744     0.
   Star Forest Graph    14             14        16272     0.
       Krylov Solver     6              6        73864     0.
      Preconditioner     6              6         6552     0.
    Distributed Mesh     3              3        15144     0.
     Discrete System     3              3         2712     0.
           Weak Form     3              3         2472     0.
              Viewer     2              1          848     0.
========================================================================================================================
Average time to get PetscTime(): 2.93e-08
Average time for MPI_Barrier(): 6.92728e-05
Average time for zero size MPI_Send(): 1.26305e-06
#PETSc Option Table entries:
-ksp_converged_reason
-ksp_pc_side right
-ksp_rtol 1e-8
-ksp_type fgmres
-log_view
-m 1838
-mg_coarse_ksp_converged_reason
-mg_coarse_ksp_max_it 100
-mg_coarse_ksp_rtol 1e-2
-mg_coarse_ksp_type gmres
-mg_coarse_pc_type asm
-mg_levels_pc_type asm
-mg_levels_sub_pc_type lu
-n 1838
-nw
-pc_mg_type multiplicative
-pc_type mg
#End of PETSc Option Table entries
Compiled without FORTRAN kernels
Compiled with full precision matrices (default)
sizeof(short) 2 sizeof(int) 4 sizeof(long) 8 sizeof(void*) 8 sizeof(PetscScalar) 8 sizeof(PetscInt) 4
Configure options: --prefix=/home/a/asarkar/sudhipv/software/FreeFem-sources/install/ff-petsc/r MAKEFLAGS= --with-debugging=0 COPTFLAGS="-O3 -mtune=native" CXXOPTFLAGS="-O3 -mtune=native" FOPTFLAGS="-O3 -mtune=native" --with-cxx-dialect=C++11 --with-ssl=0 --with-x=0 --with-fortran-bindings=0 --with-cudac=0 --with-cc=/cvmfs/soft.computecanada.ca/easybuild/software/2020/avx512/Compiler/intel2020/openmpi/4.0.3/bin/mpicc --with-cxx=/cvmfs/soft.computecanada.ca/easybuild/software/2020/avx512/Compiler/intel2020/openmpi/4.0.3/bin/mpic++ --with-fc=/cvmfs/soft.computecanada.ca/easybuild/software/2020/avx512/Compiler/intel2020/openmpi/4.0.3/bin/mpif90 --with-scalar-type=real --with-blaslapack-include=/cvmfs/soft.computecanada.ca/easybuild/software/2020/Core/imkl/2020.1.217/mkl/include --with-blaslapack-lib="-Wl,-rpath,/cvmfs/soft.computecanada.ca/easybuild/software/2020/Core/imkl/2020.1.217/mkl/lib/intel64 -L/cvmfs/soft.computecanada.ca/easybuild/software/2020/Core/imkl/2020.1.217/mkl/lib/intel64 -lmkl_rt -lmkl_intel_thread -lmkl_core  -liomp5 -lpthread" --download-metis --download-ptscotch --download-hypre --download-parmetis --download-mmg --download-parmmg --download-superlu --download-suitesparse --download-tetgen --download-slepc --download-hpddm --download-scalapack --download-mumps --download-slepc-configure-arguments=--download-arpack=https://github.com/prj-/arpack-ng/archive/b64dccb.tar.gz PETSC_ARCH=fr
-----------------------------------------
Libraries compiled on 2021-05-02 15:39:49 on nia-login03.scinet.local 
Machine characteristics: Linux-3.10.0-957.27.2.el7.x86_64-x86_64-with-centos-7.6.1810-Core
Using PETSc directory: /home/a/asarkar/sudhipv/software/FreeFem-sources/install/ff-petsc/r
Using PETSc arch: 
-----------------------------------------

Using C compiler: /cvmfs/soft.computecanada.ca/easybuild/software/2020/avx512/Compiler/intel2020/openmpi/4.0.3/bin/mpicc  -fPIC -wd1572 -O3 -mtune=native   
Using Fortran compiler: /cvmfs/soft.computecanada.ca/easybuild/software/2020/avx512/Compiler/intel2020/openmpi/4.0.3/bin/mpif90  -fPIC -O3 -mtune=native     
-----------------------------------------

Using include paths: -I/home/a/asarkar/sudhipv/software/FreeFem-sources/install/ff-petsc/r/include -I/cvmfs/soft.computecanada.ca/easybuild/software/2020/Core/imkl/2020.1.217/mkl/include
-----------------------------------------

Using C linker: /cvmfs/soft.computecanada.ca/easybuild/software/2020/avx512/Compiler/intel2020/openmpi/4.0.3/bin/mpicc
Using Fortran linker: /cvmfs/soft.computecanada.ca/easybuild/software/2020/avx512/Compiler/intel2020/openmpi/4.0.3/bin/mpif90
Using libraries: -Wl,-rpath,/home/a/asarkar/sudhipv/software/FreeFem-sources/install/ff-petsc/r/lib -L/home/a/asarkar/sudhipv/software/FreeFem-sources/install/ff-petsc/r/lib -lpetsc -Wl,-rpath,/home/a/asarkar/sudhipv/software/FreeFem-sources/install/ff-petsc/r/lib -L/home/a/asarkar/sudhipv/software/FreeFem-sources/install/ff-petsc/r/lib -Wl,-rpath,/cvmfs/soft.computecanada.ca/easybuild/software/2020/Core/imkl/2020.1.217/mkl/lib/intel64 -L/cvmfs/soft.computecanada.ca/easybuild/software/2020/Core/imkl/2020.1.217/mkl/lib/intel64 -Wl,-rpath,/cvmfs/soft.computecanada.ca/easybuild/software/2020/avx512/Compiler/intel2020/openmpi/4.0.3/lib -L/cvmfs/soft.computecanada.ca/easybuild/software/2020/avx512/Compiler/intel2020/openmpi/4.0.3/lib -Wl,-rpath,/cvmfs/soft.computecanada.ca/easybuild/software/2020/avx512/Core/libfabric/1.10.1/lib -L/cvmfs/soft.computecanada.ca/easybuild/software/2020/avx512/Core/libfabric/1.10.1/lib -Wl,-rpath,/cvmfs/soft.computecanada.ca/easybuild/software/2020/avx512/Core/ucx/1.8.0/lib -L/cvmfs/soft.computecanada.ca/easybuild/software/2020/avx512/Core/ucx/1.8.0/lib -Wl,-rpath,/cvmfs/soft.computecanada.ca/easybuild/software/2020/Core/imkl/2020.1.217/lib/intel64 -L/cvmfs/soft.computecanada.ca/easybuild/software/2020/Core/imkl/2020.1.217/lib/intel64 -Wl,-rpath,/cvmfs/restricted.computecanada.ca/easybuild/software/2020/Core/intel/2020.1.217/compilers_and_libraries_2020.1.217/linux/tbb/lib/intel64/gcc4.8 -L/cvmfs/restricted.computecanada.ca/easybuild/software/2020/Core/intel/2020.1.217/compilers_and_libraries_2020.1.217/linux/tbb/lib/intel64/gcc4.8 -Wl,-rpath,/cvmfs/restricted.computecanada.ca/easybuild/software/2020/Core/intel/2020.1.217/compilers_and_libraries_2020.1.217/linux/compiler/lib/intel64_lin -L/cvmfs/restricted.computecanada.ca/easybuild/software/2020/Core/intel/2020.1.217/compilers_and_libraries_2020.1.217/linux/compiler/lib/intel64_lin -Wl,-rpath,/cvmfs/soft.computecanada.ca/easybuild/software/2020/avx512/Compiler/intel2020/openmpi/4.0.3/lib64 -L/cvmfs/soft.computecanada.ca/easybuild/software/2020/avx512/Compiler/intel2020/openmpi/4.0.3/lib64 -Wl,-rpath,/cvmfs/soft.computecanada.ca/easybuild/software/2020/Core/gcccore/9.3.0/lib/gcc/x86_64-pc-linux-gnu/9.3.0 -L/cvmfs/soft.computecanada.ca/easybuild/software/2020/Core/gcccore/9.3.0/lib/gcc/x86_64-pc-linux-gnu/9.3.0 -Wl,-rpath,/cvmfs/soft.computecanada.ca/easybuild/software/2020/Core/gcccore/9.3.0/lib64 -L/cvmfs/soft.computecanada.ca/easybuild/software/2020/Core/gcccore/9.3.0/lib64 -Wl,-rpath,/cvmfs/soft.computecanada.ca/gentoo/2020/lib64 -L/cvmfs/soft.computecanada.ca/gentoo/2020/lib64 -Wl,-rpath,/cvmfs/soft.computecanada.ca/gentoo/2020/usr/lib64 -L/cvmfs/soft.computecanada.ca/gentoo/2020/usr/lib64 -Wl,-rpath,/cvmfs/soft.computecanada.ca/easybuild/software/2020/Core/gcccore/9.3.0/lib -L/cvmfs/soft.computecanada.ca/easybuild/software/2020/Core/gcccore/9.3.0/lib -Wl,-rpath,/cvmfs/soft.computecanada.ca/gentoo/2020/lib -L/cvmfs/soft.computecanada.ca/gentoo/2020/lib -Wl,-rpath,/cvmfs/soft.computecanada.ca/gentoo/2020/usr/lib -L/cvmfs/soft.computecanada.ca/gentoo/2020/usr/lib -lHYPRE -lcmumps -ldmumps -lsmumps -lzmumps -lmumps_common -lpord -lscalapack -lumfpack -lklu -lcholmod -lbtf -lccolamd -lcolamd -lcamd -lamd -lsuitesparseconfig -lsuperlu -lmkl_rt -lmkl_intel_thread -lmkl_core -liomp5 -lpthread -lparmmg -lmmg -lmmg3d -lptesmumps -lptscotchparmetis -lptscotch -lptscotcherr -lesmumps -lscotch -lscotcherr -lpthread -lparmetis -lmetis -ltet -lstdc++ -ldl -lmpi_usempif08 -lmpi_usempi_ignore_tkr -lmpi_mpifh -lmpi -lifport -lifcoremt_pic -limf -lsvml -lm -lipgo -lirc -lpthread -lgcc_s -lirc_s -lrt -lquadmath -lstdc++ -ldl
-----------------------------------------

#############################################################################################################
#############################################################################################################
########     Finsihed Code with NL 10 Processors             #################################################
#############################################################################################################
#############################################################################################################
Number of Vertices for coarse mesh in process  0  5635876
    Linear mg_coarse_ solve converged due to CONVERGED_RTOL iterations 15
    Linear mg_coarse_ solve did not converge due to DIVERGED_ITS iterations 100
    Linear mg_coarse_ solve did not converge due to DIVERGED_ITS iterations 100
    Linear mg_coarse_ solve did not converge due to DIVERGED_ITS iterations 100
    Linear mg_coarse_ solve did not converge due to DIVERGED_ITS iterations 100
    Linear mg_coarse_ solve did not converge due to DIVERGED_ITS iterations 100
    Linear mg_coarse_ solve did not converge due to DIVERGED_ITS iterations 100
    Linear mg_coarse_ solve did not converge due to DIVERGED_ITS iterations 100
    Linear mg_coarse_ solve did not converge due to DIVERGED_ITS iterations 100
    Linear mg_coarse_ solve did not converge due to DIVERGED_ITS iterations 100
    Linear mg_coarse_ solve did not converge due to DIVERGED_ITS iterations 100
    Linear mg_coarse_ solve did not converge due to DIVERGED_ITS iterations 100
    Linear mg_coarse_ solve did not converge due to DIVERGED_ITS iterations 100
    Linear mg_coarse_ solve did not converge due to DIVERGED_ITS iterations 100
    Linear mg_coarse_ solve did not converge due to DIVERGED_ITS iterations 100
    Linear mg_coarse_ solve did not converge due to DIVERGED_ITS iterations 100
    Linear mg_coarse_ solve did not converge due to DIVERGED_ITS iterations 100
    Linear mg_coarse_ solve did not converge due to DIVERGED_ITS iterations 100
    Linear mg_coarse_ solve did not converge due to DIVERGED_ITS iterations 100
    Linear mg_coarse_ solve did not converge due to DIVERGED_ITS iterations 100
    Linear mg_coarse_ solve did not converge due to DIVERGED_ITS iterations 100
    Linear mg_coarse_ solve did not converge due to DIVERGED_ITS iterations 100
    Linear mg_coarse_ solve did not converge due to DIVERGED_ITS iterations 100
    Linear mg_coarse_ solve did not converge due to DIVERGED_ITS iterations 100
    Linear mg_coarse_ solve did not converge due to DIVERGED_ITS iterations 100
    Linear mg_coarse_ solve did not converge due to DIVERGED_ITS iterations 100
    Linear mg_coarse_ solve did not converge due to DIVERGED_ITS iterations 100
    Linear mg_coarse_ solve did not converge due to DIVERGED_ITS iterations 100
    Linear mg_coarse_ solve did not converge due to DIVERGED_ITS iterations 100
    Linear mg_coarse_ solve did not converge due to DIVERGED_ITS iterations 100
    Linear mg_coarse_ solve did not converge due to DIVERGED_ITS iterations 100
    Linear mg_coarse_ solve did not converge due to DIVERGED_ITS iterations 100
    Linear mg_coarse_ solve did not converge due to DIVERGED_ITS iterations 100
    Linear mg_coarse_ solve did not converge due to DIVERGED_ITS iterations 100
    Linear mg_coarse_ solve did not converge due to DIVERGED_ITS iterations 100
    Linear mg_coarse_ solve did not converge due to DIVERGED_ITS iterations 100
    Linear mg_coarse_ solve did not converge due to DIVERGED_ITS iterations 100
    Linear mg_coarse_ solve did not converge due to DIVERGED_ITS iterations 100
    Linear mg_coarse_ solve did not converge due to DIVERGED_ITS iterations 100
Linear solve converged due to CONVERGED_RTOL iterations 39
time taken for solve is29.6606
L2 Norm of uerr is4.89846e-06
************************************************************************************************************************
***             WIDEN YOUR WINDOW TO 120 CHARACTERS.  Use 'enscript -r -fCourier9' to print this document            ***
************************************************************************************************************************

---------------------------------------------- PETSc Performance Summary: ----------------------------------------------

/home/a/asarkar/sudhipv/software/FreeFem-sources/src/mpi/FreeFem++-mpi on a  named nia0163.scinet.local with 400 processors, by sudhipv Mon Oct  4 02:13:44 2021
Using Petsc Release Version 3.15.0, Mar 30, 2021 

                         Max       Max/Min     Avg       Total
Time (sec):           2.973e+01     1.000   2.972e+01
Objects:              2.200e+02     1.000   2.200e+02
Flop:                 7.477e+09     1.073   7.222e+09  2.889e+12
Flop/sec:             2.515e+08     1.073   2.430e+08  9.718e+10
MPI Messages:         6.697e+04     4.000   4.675e+04  1.870e+07
MPI Message Lengths:  4.431e+07     3.102   7.654e+02  1.431e+10
MPI Reductions:       7.956e+03     1.000

Flop counting convention: 1 flop = 1 real number operation of type (multiply/divide/add/subtract)
                            e.g., VecAXPY() for real vectors of length N --> 2N flop
                            and VecAXPY() for complex vectors of length N --> 8N flop

Summary of Stages:   ----- Time ------  ----- Flop ------  --- Messages ---  -- Message Lengths --  -- Reductions --
                        Avg     %Total     Avg     %Total    Count   %Total     Avg         %Total    Count   %Total
 0:      Main Stage: 2.9725e+01 100.0%  2.8887e+12 100.0%  1.870e+07 100.0%  7.654e+02      100.0%  7.938e+03  99.8%

------------------------------------------------------------------------------------------------------------------------
See the 'Profiling' chapter of the users' manual for details on interpreting output.
Phase summary info:
   Count: number of times phase was executed
   Time and Flop: Max - maximum over all processors
                  Ratio - ratio of maximum to minimum over all processors
   Mess: number of messages sent
   AvgLen: average message length (bytes)
   Reduct: number of global reductions
   Global: entire computation
   Stage: stages of a computation. Set stages with PetscLogStagePush() and PetscLogStagePop().
      %T - percent time in this phase         %F - percent flop in this phase
      %M - percent messages in this phase     %L - percent message lengths in this phase
      %R - percent reductions in this phase
   Total Mflop/s: 10e-6 * (sum of flop over all processors)/(max time over all processors)
------------------------------------------------------------------------------------------------------------------------
Event                Count      Time (sec)     Flop                              --- Global ---  --- Stage ----  Total
                   Max Ratio  Max     Ratio   Max  Ratio  Mess   AvgLen  Reduct  %T %F %M %L %R  %T %F %M %L %R Mflop/s
------------------------------------------------------------------------------------------------------------------------

--- Event Stage 0: Main Stage

BuildTwoSided         10 1.0 1.9721e-01 9.4 0.00e+00 0.0 8.9e+03 4.0e+00 6.0e+00  0  0  0  0  0   0  0  0  0  0     0
BuildTwoSidedF         2 1.0 3.8565e-03 3.5 0.00e+00 0.0 0.0e+00 0.0e+00 2.0e+00  0  0  0  0  0   0  0  0  0  0     0
MatMult             4174 1.0 1.6939e+00 1.2 8.90e+08 1.0 9.3e+06 7.4e+02 2.0e+00  5 12 50 48  0   5 12 50 48  0 205468
MatMultAdd            39 1.0 8.1101e-02 1.4 4.45e+06 1.0 8.7e+04 2.2e+03 0.0e+00  0  0  0  1  0   0  0  0  1  0 21672
MatMultTranspose      39 1.0 8.9677e-02 1.9 0.00e+00 0.0 8.7e+04 7.6e+03 0.0e+00  0  0  0  5  0   0  0  0  5  0     0
MatSolve            4135 1.0 3.3866e+00 1.1 2.31e+09 1.1 0.0e+00 0.0e+00 0.0e+00 11 31  0  0  0  11 31  0  0  0 261525
MatLUFactorSym         1 1.0 1.0529e-01 1.4 0.00e+00 0.0 0.0e+00 0.0e+00 0.0e+00  0  0  0  0  0   0  0  0  0  0     0
MatLUFactorNum         2 1.0 4.5444e-01 1.6 6.80e+08 1.5 0.0e+00 0.0e+00 0.0e+00  1  8  0  0  0   1  8  0  0  0 490043
MatILUFactorSym        1 1.0 1.5024e-03 3.7 0.00e+00 0.0 0.0e+00 0.0e+00 0.0e+00  0  0  0  0  0   0  0  0  0  0     0
MatResidual           39 1.0 7.5581e-02 1.9 3.11e+07 1.0 8.7e+04 1.5e+03 0.0e+00  0  0  0  1  0   0  0  0  1  0 162748
MatAssemblyBegin       6 1.0 4.4567e-03 1.3 0.00e+00 0.0 0.0e+00 0.0e+00 2.0e+00  0  0  0  0  0   0  0  0  0  0     0
MatAssemblyEnd         6 1.0 1.8394e-01 2.5 0.00e+00 0.0 0.0e+00 0.0e+00 8.0e+00  1  0  0  0  0   1  0  0  0  0     0
MatGetRowIJ            2 1.0 4.6423e-03 2.3 0.00e+00 0.0 0.0e+00 0.0e+00 0.0e+00  0  0  0  0  0   0  0  0  0  0     0
MatCreateSubMats       2 1.0 3.7863e-02 1.4 0.00e+00 0.0 2.2e+04 2.5e+03 2.0e+00  0  0  0  0  0   0  0  0  0  0     0
MatGetOrdering         2 1.0 4.3177e-02 1.8 0.00e+00 0.0 0.0e+00 0.0e+00 0.0e+00  0  0  0  0  0   0  0  0  0  0     0
MatIncreaseOvrlp       2 1.0 1.7144e-02 1.6 0.00e+00 0.0 0.0e+00 0.0e+00 2.0e+00  0  0  0  0  0   0  0  0  0  0     0
VecMDot             3864 1.0 2.0542e+00 1.2 1.66e+09 1.0 0.0e+00 0.0e+00 3.9e+03  6 22  0  0 49   6 22  0  0 49 315390
VecNorm             4020 1.0 6.1920e-01 1.3 1.21e+08 1.0 0.0e+00 0.0e+00 4.0e+03  2  2  0  0 51   2  2  0  0 51 76017
VecScale            4098 1.0 2.0913e-02 1.5 6.03e+07 1.0 0.0e+00 0.0e+00 0.0e+00  0  1  0  0  0   0  1  0  0  0 1125359
VecCopy              272 1.0 1.4720e-02 1.2 0.00e+00 0.0 0.0e+00 0.0e+00 0.0e+00  0  0  0  0  0   0  0  0  0  0     0
VecSet             12690 1.0 3.1562e-01 1.2 0.00e+00 0.0 0.0e+00 0.0e+00 0.0e+00  1  0  0  0  0   1  0  0  0  0     0
VecAXPY              309 1.0 1.1672e-02 1.4 1.25e+07 1.0 0.0e+00 0.0e+00 0.0e+00  0  0  0  0  0   0  0  0  0  0 420029
VecAYPX              234 1.0 3.5755e-02 1.4 1.78e+07 1.0 0.0e+00 0.0e+00 0.0e+00  0  0  0  0  0   0  0  0  0  0 196635
VecAXPBYCZ            78 1.0 1.9390e-02 1.3 2.22e+07 1.0 0.0e+00 0.0e+00 0.0e+00  0  0  0  0  0   0  0  0  0  0 453247
VecWAXPY               1 1.0 3.3845e-04 3.3 5.70e+04 1.0 0.0e+00 0.0e+00 0.0e+00  0  0  0  0  0   0  0  0  0  0 66580
VecMAXPY            4020 1.0 1.0540e+00 1.1 1.77e+09 1.0 0.0e+00 0.0e+00 0.0e+00  3 24  0  0  0   3 24  0  0  0 657616
VecScatterBegin    20675 1.0 7.2228e-01 1.4 0.00e+00 0.0 1.8e+07 7.2e+02 4.0e+00  2  0 99 93  0   2  0 99 93  0     0
VecScatterEnd      20675 1.0 3.2359e-01 3.5 0.00e+00 0.0 0.0e+00 0.0e+00 0.0e+00  1  0  0  0  0   1  0  0  0  0     0
VecNormalize        3979 1.0 6.0994e-01 1.3 1.74e+08 1.1 0.0e+00 0.0e+00 4.0e+03  2  2  0  0 50   2  2  0  0 50 111213
SFSetGraph             8 1.0 1.7952e-04 1.8 0.00e+00 0.0 0.0e+00 0.0e+00 0.0e+00  0  0  0  0  0   0  0  0  0  0     0
SFSetUp                8 1.0 2.0022e-01 8.3 0.00e+00 0.0 1.8e+04 2.8e+02 4.0e+00  0  0  0  0  0   0  0  0  0  0     0
SFReduceBegin       4135 1.0 1.0088e-01 1.3 0.00e+00 0.0 0.0e+00 0.0e+00 0.0e+00  0  0  0  0  0   0  0  0  0  0     0
SFReduceEnd         4135 1.0 2.4952e-03 2.3 0.00e+00 0.0 0.0e+00 0.0e+00 0.0e+00  0  0  0  0  0   0  0  0  0  0     0
SFPack             20675 1.0 2.3430e-02 1.9 0.00e+00 0.0 0.0e+00 0.0e+00 0.0e+00  0  0  0  0  0   0  0  0  0  0     0
SFUnpack           20675 1.0 1.2216e-02 5.5 0.00e+00 0.0 0.0e+00 0.0e+00 0.0e+00  0  0  0  0  0   0  0  0  0  0     0
KSPSetUp               4 1.0 9.4256e-01 1.0 8.03e+08 1.4 6.7e+04 1.7e+03 3.4e+01  3  9  0  1  0   3  9  0  1  0 286965
KSPSolve               1 1.0 9.0168e+00 1.0 6.71e+09 1.1 1.9e+07 7.6e+02 7.9e+03 30 91100 99 99  30 91100 99 99 290377
KSPGMRESOrthog      3864 1.0 3.0058e+00 1.1 3.32e+09 1.0 0.0e+00 0.0e+00 3.9e+03 10 45  0  0 49  10 45  0  0 49 431088
PCSetUp                2 1.0 9.6020e-01 1.0 8.03e+08 1.4 7.8e+04 1.7e+03 4.5e+01  3  9  0  1  1   3  9  0  1  1 281783
PCSetUpOnBlocks      118 1.0 5.7057e-01 1.4 6.80e+08 1.5 0.0e+00 0.0e+00 0.0e+00  2  8  0  0  0   2  8  0  0  0 390299
PCApply               39 1.0 8.7690e+00 1.0 6.56e+09 1.1 1.9e+07 7.6e+02 7.8e+03 29 88 99 98 98  29 88 99 98 98 291475
PCApplyOnBlocks     4135 1.0 3.4932e+00 1.1 2.31e+09 1.1 0.0e+00 0.0e+00 0.0e+00 11 31  0  0  0  11 31  0  0  0 253545
------------------------------------------------------------------------------------------------------------------------

Memory usage is given in bytes:

Object Type          Creations   Destructions     Memory  Descendants' Mem.
Reports information only for process 0.

--- Event Stage 0: Main Stage

              Matrix    13             13     79432496     0.
              Vector   144            144     47437704     0.
           Index Set    24             24      2028380     0.
   IS L to G Mapping     2              2      1746744     0.
   Star Forest Graph    14             14        16272     0.
       Krylov Solver     6              6        73864     0.
      Preconditioner     6              6         6552     0.
    Distributed Mesh     3              3        15144     0.
     Discrete System     3              3         2712     0.
           Weak Form     3              3         2472     0.
              Viewer     2              1          848     0.
========================================================================================================================
Average time to get PetscTime(): 2.93e-08
Average time for MPI_Barrier(): 0.000126542
Average time for zero size MPI_Send(): 1.32203e-06
#PETSc Option Table entries:
-ksp_converged_reason
-ksp_pc_side right
-ksp_rtol 1e-8
-ksp_type fgmres
-log_view
-m 2373
-mg_coarse_ksp_converged_reason
-mg_coarse_ksp_max_it 100
-mg_coarse_ksp_rtol 1e-2
-mg_coarse_ksp_type gmres
-mg_coarse_pc_type asm
-mg_levels_pc_type asm
-mg_levels_sub_pc_type lu
-n 2373
-nw
-pc_mg_type multiplicative
-pc_type mg
#End of PETSc Option Table entries
Compiled without FORTRAN kernels
Compiled with full precision matrices (default)
sizeof(short) 2 sizeof(int) 4 sizeof(long) 8 sizeof(void*) 8 sizeof(PetscScalar) 8 sizeof(PetscInt) 4
Configure options: --prefix=/home/a/asarkar/sudhipv/software/FreeFem-sources/install/ff-petsc/r MAKEFLAGS= --with-debugging=0 COPTFLAGS="-O3 -mtune=native" CXXOPTFLAGS="-O3 -mtune=native" FOPTFLAGS="-O3 -mtune=native" --with-cxx-dialect=C++11 --with-ssl=0 --with-x=0 --with-fortran-bindings=0 --with-cudac=0 --with-cc=/cvmfs/soft.computecanada.ca/easybuild/software/2020/avx512/Compiler/intel2020/openmpi/4.0.3/bin/mpicc --with-cxx=/cvmfs/soft.computecanada.ca/easybuild/software/2020/avx512/Compiler/intel2020/openmpi/4.0.3/bin/mpic++ --with-fc=/cvmfs/soft.computecanada.ca/easybuild/software/2020/avx512/Compiler/intel2020/openmpi/4.0.3/bin/mpif90 --with-scalar-type=real --with-blaslapack-include=/cvmfs/soft.computecanada.ca/easybuild/software/2020/Core/imkl/2020.1.217/mkl/include --with-blaslapack-lib="-Wl,-rpath,/cvmfs/soft.computecanada.ca/easybuild/software/2020/Core/imkl/2020.1.217/mkl/lib/intel64 -L/cvmfs/soft.computecanada.ca/easybuild/software/2020/Core/imkl/2020.1.217/mkl/lib/intel64 -lmkl_rt -lmkl_intel_thread -lmkl_core  -liomp5 -lpthread" --download-metis --download-ptscotch --download-hypre --download-parmetis --download-mmg --download-parmmg --download-superlu --download-suitesparse --download-tetgen --download-slepc --download-hpddm --download-scalapack --download-mumps --download-slepc-configure-arguments=--download-arpack=https://github.com/prj-/arpack-ng/archive/b64dccb.tar.gz PETSC_ARCH=fr
-----------------------------------------
Libraries compiled on 2021-05-02 15:39:49 on nia-login03.scinet.local 
Machine characteristics: Linux-3.10.0-957.27.2.el7.x86_64-x86_64-with-centos-7.6.1810-Core
Using PETSc directory: /home/a/asarkar/sudhipv/software/FreeFem-sources/install/ff-petsc/r
Using PETSc arch: 
-----------------------------------------

Using C compiler: /cvmfs/soft.computecanada.ca/easybuild/software/2020/avx512/Compiler/intel2020/openmpi/4.0.3/bin/mpicc  -fPIC -wd1572 -O3 -mtune=native   
Using Fortran compiler: /cvmfs/soft.computecanada.ca/easybuild/software/2020/avx512/Compiler/intel2020/openmpi/4.0.3/bin/mpif90  -fPIC -O3 -mtune=native     
-----------------------------------------

Using include paths: -I/home/a/asarkar/sudhipv/software/FreeFem-sources/install/ff-petsc/r/include -I/cvmfs/soft.computecanada.ca/easybuild/software/2020/Core/imkl/2020.1.217/mkl/include
-----------------------------------------

Using C linker: /cvmfs/soft.computecanada.ca/easybuild/software/2020/avx512/Compiler/intel2020/openmpi/4.0.3/bin/mpicc
Using Fortran linker: /cvmfs/soft.computecanada.ca/easybuild/software/2020/avx512/Compiler/intel2020/openmpi/4.0.3/bin/mpif90
Using libraries: -Wl,-rpath,/home/a/asarkar/sudhipv/software/FreeFem-sources/install/ff-petsc/r/lib -L/home/a/asarkar/sudhipv/software/FreeFem-sources/install/ff-petsc/r/lib -lpetsc -Wl,-rpath,/home/a/asarkar/sudhipv/software/FreeFem-sources/install/ff-petsc/r/lib -L/home/a/asarkar/sudhipv/software/FreeFem-sources/install/ff-petsc/r/lib -Wl,-rpath,/cvmfs/soft.computecanada.ca/easybuild/software/2020/Core/imkl/2020.1.217/mkl/lib/intel64 -L/cvmfs/soft.computecanada.ca/easybuild/software/2020/Core/imkl/2020.1.217/mkl/lib/intel64 -Wl,-rpath,/cvmfs/soft.computecanada.ca/easybuild/software/2020/avx512/Compiler/intel2020/openmpi/4.0.3/lib -L/cvmfs/soft.computecanada.ca/easybuild/software/2020/avx512/Compiler/intel2020/openmpi/4.0.3/lib -Wl,-rpath,/cvmfs/soft.computecanada.ca/easybuild/software/2020/avx512/Core/libfabric/1.10.1/lib -L/cvmfs/soft.computecanada.ca/easybuild/software/2020/avx512/Core/libfabric/1.10.1/lib -Wl,-rpath,/cvmfs/soft.computecanada.ca/easybuild/software/2020/avx512/Core/ucx/1.8.0/lib -L/cvmfs/soft.computecanada.ca/easybuild/software/2020/avx512/Core/ucx/1.8.0/lib -Wl,-rpath,/cvmfs/soft.computecanada.ca/easybuild/software/2020/Core/imkl/2020.1.217/lib/intel64 -L/cvmfs/soft.computecanada.ca/easybuild/software/2020/Core/imkl/2020.1.217/lib/intel64 -Wl,-rpath,/cvmfs/restricted.computecanada.ca/easybuild/software/2020/Core/intel/2020.1.217/compilers_and_libraries_2020.1.217/linux/tbb/lib/intel64/gcc4.8 -L/cvmfs/restricted.computecanada.ca/easybuild/software/2020/Core/intel/2020.1.217/compilers_and_libraries_2020.1.217/linux/tbb/lib/intel64/gcc4.8 -Wl,-rpath,/cvmfs/restricted.computecanada.ca/easybuild/software/2020/Core/intel/2020.1.217/compilers_and_libraries_2020.1.217/linux/compiler/lib/intel64_lin -L/cvmfs/restricted.computecanada.ca/easybuild/software/2020/Core/intel/2020.1.217/compilers_and_libraries_2020.1.217/linux/compiler/lib/intel64_lin -Wl,-rpath,/cvmfs/soft.computecanada.ca/easybuild/software/2020/avx512/Compiler/intel2020/openmpi/4.0.3/lib64 -L/cvmfs/soft.computecanada.ca/easybuild/software/2020/avx512/Compiler/intel2020/openmpi/4.0.3/lib64 -Wl,-rpath,/cvmfs/soft.computecanada.ca/easybuild/software/2020/Core/gcccore/9.3.0/lib/gcc/x86_64-pc-linux-gnu/9.3.0 -L/cvmfs/soft.computecanada.ca/easybuild/software/2020/Core/gcccore/9.3.0/lib/gcc/x86_64-pc-linux-gnu/9.3.0 -Wl,-rpath,/cvmfs/soft.computecanada.ca/easybuild/software/2020/Core/gcccore/9.3.0/lib64 -L/cvmfs/soft.computecanada.ca/easybuild/software/2020/Core/gcccore/9.3.0/lib64 -Wl,-rpath,/cvmfs/soft.computecanada.ca/gentoo/2020/lib64 -L/cvmfs/soft.computecanada.ca/gentoo/2020/lib64 -Wl,-rpath,/cvmfs/soft.computecanada.ca/gentoo/2020/usr/lib64 -L/cvmfs/soft.computecanada.ca/gentoo/2020/usr/lib64 -Wl,-rpath,/cvmfs/soft.computecanada.ca/easybuild/software/2020/Core/gcccore/9.3.0/lib -L/cvmfs/soft.computecanada.ca/easybuild/software/2020/Core/gcccore/9.3.0/lib -Wl,-rpath,/cvmfs/soft.computecanada.ca/gentoo/2020/lib -L/cvmfs/soft.computecanada.ca/gentoo/2020/lib -Wl,-rpath,/cvmfs/soft.computecanada.ca/gentoo/2020/usr/lib -L/cvmfs/soft.computecanada.ca/gentoo/2020/usr/lib -lHYPRE -lcmumps -ldmumps -lsmumps -lzmumps -lmumps_common -lpord -lscalapack -lumfpack -lklu -lcholmod -lbtf -lccolamd -lcolamd -lcamd -lamd -lsuitesparseconfig -lsuperlu -lmkl_rt -lmkl_intel_thread -lmkl_core -liomp5 -lpthread -lparmmg -lmmg -lmmg3d -lptesmumps -lptscotchparmetis -lptscotch -lptscotcherr -lesmumps -lscotch -lscotcherr -lpthread -lparmetis -lmetis -ltet -lstdc++ -ldl -lmpi_usempif08 -lmpi_usempi_ignore_tkr -lmpi_mpifh -lmpi -lifport -lifcoremt_pic -limf -lsvml -lm -lipgo -lirc -lpthread -lgcc_s -lirc_s -lrt -lquadmath -lstdc++ -ldl
-----------------------------------------

#############################################################################################################
#############################################################################################################
########     Finsihed Code with NL 10 Processors             #################################################
#############################################################################################################
#############################################################################################################

scontrol show jobid 6186090
JobId=6186090 JobName=2L_V2_weak_coarselimited
   UserId=sudhipv(3061414) GroupId=asarkar(6001189) MCS_label=N/A
   Priority=2361965 Nice=0 Account=def-asarkar QOS=normal
   JobState=COMPLETING Reason=None Dependency=(null)
   Requeue=0 Restarts=0 BatchFlag=1 Reboot=0 ExitCode=0:0
   RunTime=00:02:03 TimeLimit=00:30:00 TimeMin=N/A
   SubmitTime=2021-10-04T02:11:10 EligibleTime=2021-10-04T02:11:10
   AccrueTime=2021-10-04T02:11:10
   StartTime=2021-10-04T02:11:43 EndTime=2021-10-04T02:13:46 Deadline=N/A
   SuspendTime=None SecsPreSuspend=0 LastSchedEval=2021-10-04T02:11:43
   Partition=compute AllocNode:Sid=nia-login02:76174
   ReqNodeList=(null) ExcNodeList=(null)
   NodeList=nia[0188,0198,0218,0220,0222,0280,0285,0287,0291]
   BatchHost=nia0163
   NumNodes=9 NumCPUs=800 NumTasks=400 CPUs/Task=1 ReqB:S:C:T=0:0:*:*
   TRES=cpu=800,mem=1750000M,node=10,billing=400
   Socks/Node=* NtasksPerN:B:S:C=40:0:*:* CoreSpec=*
   MinCPUsNode=40 MinMemoryNode=175000M MinTmpDiskNode=0
   Features=[skylake|cascade] DelayBoot=00:00:00
   OverSubscribe=NO Contiguous=0 Licenses=(null) Network=(null)
   Command=/gpfs/fs0/scratch/a/asarkar/sudhipv/poisson_hpc/weak/runff_niagara_weak.sh
   WorkDir=/gpfs/fs0/scratch/a/asarkar/sudhipv/poisson_hpc/weak
   StdErr=/gpfs/fs0/scratch/a/asarkar/sudhipv/poisson_hpc/weak/2L_V2_weak_coarselimited-6186090.out
   StdIn=/dev/null
   StdOut=/gpfs/fs0/scratch/a/asarkar/sudhipv/poisson_hpc/weak/2L_V2_weak_coarselimited-6186090.out
   Power=
   MailUser=sudhipv@cmail.carleton.ca MailType=BEGIN,END,FAIL,REQUEUE,STAGE_OUT

sacct -j 6186090
       JobID    JobName    Account    Elapsed  MaxVMSize     MaxRSS  SystemCPU    UserCPU ExitCode 
------------ ---------- ---------- ---------- ---------- ---------- ---------- ---------- -------- 
6186090      2L_V2_wea+ def-asark+   00:02:03                        14:04.749   05:39:45      0:0 
6186090.bat+      batch def-asark+   00:02:03  56535624K  35253044K  02:40.472  57:04.811      0:0 
6186090.ext+     extern def-asark+   00:02:03    138360K      1068K  00:00.004  00:00.004      0:0 
6186090.0         orted def-asark+   00:00:18    395276K      2996K  00:01.351  00:01.142      0:0 
6186090.1         orted def-asark+   00:00:16    395276K      2996K  00:28.318  06:55.302      0:0 
6186090.2         orted def-asark+   00:00:20    395276K      2988K  01:32.011  31:45.551      0:0 
6186090.3         orted def-asark+   00:00:23    395276K      2992K  02:47.098   01:06:35      0:0 
6186090.4         orted def-asark+   00:00:35  33108636K  10598356K  06:35.492   02:57:23      0:0 
