/cvmfs/soft.computecanada.ca/easybuild/software/2020/avx512/Compiler/intel2020/openmpi/4.0.3/bin/mpiexec
/cvmfs/soft.computecanada.ca/easybuild/software/2020/avx512/Compiler/intel2020/openmpi/4.0.3/bin/mpirun
Number of Vertices for coarse mesh in process  0  564001
    Linear mg_coarse_ solve converged due to CONVERGED_RTOL iterations 2386
    Linear mg_coarse_ solve converged due to CONVERGED_RTOL iterations 5605
    Linear mg_coarse_ solve converged due to CONVERGED_RTOL iterations 5497
    Linear mg_coarse_ solve converged due to CONVERGED_RTOL iterations 4721
    Linear mg_coarse_ solve converged due to CONVERGED_RTOL iterations 4029
    Linear mg_coarse_ solve converged due to CONVERGED_RTOL iterations 3482
    Linear mg_coarse_ solve converged due to CONVERGED_RTOL iterations 4378
    Linear mg_coarse_ solve converged due to CONVERGED_RTOL iterations 2662
    Linear mg_coarse_ solve converged due to CONVERGED_RTOL iterations 4347
Linear solve converged due to CONVERGED_RTOL iterations 9
time taken for solve is59.9756
L2 Norm of uerr is5.39367e-08
************************************************************************************************************************
***             WIDEN YOUR WINDOW TO 120 CHARACTERS.  Use 'enscript -r -fCourier9' to print this document            ***
************************************************************************************************************************

---------------------------------------------- PETSc Performance Summary: ----------------------------------------------

/home/a/asarkar/sudhipv/software/FreeFem-sources/src/mpi/FreeFem++-mpi on a  named nia0218.scinet.local with 40 processors, by sudhipv Sun Oct  3 13:16:43 2021
Using Petsc Release Version 3.15.0, Mar 30, 2021 

                         Max       Max/Min     Avg       Total
Time (sec):           6.023e+01     1.000   6.023e+01
Objects:              1.820e+02     1.000   1.820e+02
Flop:                 5.135e+10     1.046   5.039e+10  2.015e+12
Flop/sec:             8.525e+08     1.046   8.365e+08  3.346e+10
MPI Messages:         6.146e+05     4.000   3.573e+05  1.429e+07
MPI Message Lengths:  3.236e+08     2.385   7.276e+02  1.040e+10
MPI Reductions:       7.557e+04     1.000

Flop counting convention: 1 flop = 1 real number operation of type (multiply/divide/add/subtract)
                            e.g., VecAXPY() for real vectors of length N --> 2N flop
                            and VecAXPY() for complex vectors of length N --> 8N flop

Summary of Stages:   ----- Time ------  ----- Flop ------  --- Messages ---  -- Message Lengths --  -- Reductions --
                        Avg     %Total     Avg     %Total    Count   %Total     Avg         %Total    Count   %Total
 0:      Main Stage: 6.0234e+01 100.0%  2.0154e+12 100.0%  1.429e+07 100.0%  7.276e+02      100.0%  7.555e+04 100.0%

------------------------------------------------------------------------------------------------------------------------
See the 'Profiling' chapter of the users' manual for details on interpreting output.
Phase summary info:
   Count: number of times phase was executed
   Time and Flop: Max - maximum over all processors
                  Ratio - ratio of maximum to minimum over all processors
   Mess: number of messages sent
   AvgLen: average message length (bytes)
   Reduct: number of global reductions
   Global: entire computation
   Stage: stages of a computation. Set stages with PetscLogStagePush() and PetscLogStagePop().
      %T - percent time in this phase         %F - percent flop in this phase
      %M - percent messages in this phase     %L - percent message lengths in this phase
      %R - percent reductions in this phase
   Total Mflop/s: 10e-6 * (sum of flop over all processors)/(max time over all processors)
------------------------------------------------------------------------------------------------------------------------
Event                Count      Time (sec)     Flop                              --- Global ---  --- Stage ----  Total
                   Max Ratio  Max     Ratio   Max  Ratio  Mess   AvgLen  Reduct  %T %F %M %L %R  %T %F %M %L %R Mflop/s
------------------------------------------------------------------------------------------------------------------------

--- Event Stage 0: Main Stage

BuildTwoSided         10 1.0 1.1836e-0166.0 0.00e+00 0.0 7.4e+02 4.0e+00 6.0e+00  0  0  0  0  0   0  0  0  0  0     0
BuildTwoSidedF         2 1.0 1.5751e-03 1.4 0.00e+00 0.0 0.0e+00 0.0e+00 2.0e+00  0  0  0  0  0   0  0  0  0  0     0
MatMult            38403 1.0 1.2637e+01 1.1 7.19e+09 1.0 7.1e+06 7.3e+02 2.0e+00 20 14 50 50  0  20 14 50 50  0 22335
MatMultAdd             9 1.0 2.0711e-02 1.4 1.02e+06 1.0 1.7e+03 2.4e+03 0.0e+00  0  0  0  0  0   0  0  0  0  0  1958
MatMultTranspose       9 1.0 7.5533e-02 1.1 0.00e+00 0.0 1.7e+03 7.9e+03 0.0e+00  0  0  0  0  0   0  0  0  0  0     0
MatSolve           38395 1.0 1.2735e+01 1.1 7.72e+09 1.0 0.0e+00 0.0e+00 0.0e+00 20 15  0  0  0  20 15  0  0  0 23804
MatLUFactorSym         1 1.0 9.8591e-02 1.3 0.00e+00 0.0 0.0e+00 0.0e+00 0.0e+00  0  0  0  0  0   0  0  0  0  0     0
MatLUFactorNum         2 1.0 4.2844e-01 1.4 6.76e+08 1.4 0.0e+00 0.0e+00 0.0e+00  1  1  0  0  0   1  1  0  0  0 53379
MatILUFactorSym        1 1.0 8.4933e-04 1.7 0.00e+00 0.0 0.0e+00 0.0e+00 0.0e+00  0  0  0  0  0   0  0  0  0  0     0
MatResidual            9 1.0 1.4552e-02 1.5 7.16e+06 1.0 1.7e+03 1.6e+03 0.0e+00  0  0  0  0  0   0  0  0  0  0 19492
MatAssemblyBegin       6 1.0 3.6031e-03 1.2 0.00e+00 0.0 0.0e+00 0.0e+00 2.0e+00  0  0  0  0  0   0  0  0  0  0     0
MatAssemblyEnd         6 1.0 1.0927e-01 6.6 0.00e+00 0.0 0.0e+00 0.0e+00 8.0e+00  0  0  0  0  0   0  0  0  0  0     0
MatGetRowIJ            2 1.0 4.7774e-03 2.3 0.00e+00 0.0 0.0e+00 0.0e+00 0.0e+00  0  0  0  0  0   0  0  0  0  0     0
MatCreateSubMats       2 1.0 3.5628e-02 1.4 0.00e+00 0.0 1.9e+03 2.7e+03 2.0e+00  0  0  0  0  0   0  0  0  0  0     0
MatGetOrdering         2 1.0 4.5098e-02 1.9 0.00e+00 0.0 0.0e+00 0.0e+00 0.0e+00  0  0  0  0  0   0  0  0  0  0     0
MatIncreaseOvrlp       2 1.0 1.1170e-02 1.5 0.00e+00 0.0 0.0e+00 0.0e+00 2.0e+00  0  0  0  0  0   0  0  0  0  0     0
VecMDot            37126 1.0 1.3789e+01 1.2 1.65e+10 1.0 0.0e+00 0.0e+00 3.7e+04 21 32  0  0 49  21 32  0  0 49 47030
VecNorm            38369 1.0 1.7315e+00 1.6 1.10e+09 1.0 0.0e+00 0.0e+00 3.8e+04  2  2  0  0 51   2  2  0  0 51 25036
VecScale           38387 1.0 1.7381e-01 1.3 5.52e+08 1.0 0.0e+00 0.0e+00 0.0e+00  0  1  0  0  0   0  1  0  0  0 124709
VecCopy             1270 1.0 5.1690e-02 1.2 0.00e+00 0.0 0.0e+00 0.0e+00 0.0e+00  0  0  0  0  0   0  0  0  0  0     0
VecSet            116467 1.0 2.4633e+00 1.1 0.00e+00 0.0 0.0e+00 0.0e+00 0.0e+00  4  0  0  0  0   4  0  0  0  0     0
VecAXPY             2484 1.0 8.3453e-02 1.1 7.23e+07 1.0 0.0e+00 0.0e+00 0.0e+00  0  0  0  0  0   0  0  0  0  0 34021
VecAYPX               54 1.0 7.5211e-03 1.3 4.09e+06 1.0 0.0e+00 0.0e+00 0.0e+00  0  0  0  0  0   0  0  0  0  0 21568
VecAXPBYCZ            18 1.0 4.1942e-03 1.2 5.12e+06 1.0 0.0e+00 0.0e+00 0.0e+00  0  0  0  0  0   0  0  0  0  0 48345
VecMAXPY           38369 1.0 1.0199e+01 1.1 1.76e+10 1.0 0.0e+00 0.0e+00 0.0e+00 16 34  0  0  0  16 34  0  0  0 67697
VecScatterBegin   191974 1.0 4.7621e+00 1.3 0.00e+00 0.0 1.4e+07 7.3e+02 4.0e+00  7  0100100  0   7  0100100  0     0
VecScatterEnd     191974 1.0 1.2079e+00 2.6 0.00e+00 0.0 0.0e+00 0.0e+00 0.0e+00  1  0  0  0  0   1  0  0  0  0     0
VecNormalize       38359 1.0 1.9113e+00 1.5 1.65e+09 1.0 0.0e+00 0.0e+00 3.8e+04  3  3  0  0 51   3  3  0  0 51 33987
SFSetGraph             8 1.0 1.9448e-04 1.9 0.00e+00 0.0 0.0e+00 0.0e+00 0.0e+00  0  0  0  0  0   0  0  0  0  0     0
SFSetUp                8 1.0 1.2479e-0115.4 0.00e+00 0.0 1.5e+03 2.9e+02 4.0e+00  0  0  0  0  0   0  0  0  0  0     0
SFReduceBegin      38395 1.0 7.9966e-01 1.3 0.00e+00 0.0 0.0e+00 0.0e+00 0.0e+00  1  0  0  0  0   1  0  0  0  0     0
SFReduceEnd        38395 1.0 2.0552e-02 2.0 0.00e+00 0.0 0.0e+00 0.0e+00 0.0e+00  0  0  0  0  0   0  0  0  0  0     0
SFPack            191974 1.0 1.7963e-01 1.6 0.00e+00 0.0 0.0e+00 0.0e+00 0.0e+00  0  0  0  0  0   0  0  0  0  0     0
SFUnpack          191974 1.0 1.0622e-01 4.9 0.00e+00 0.0 0.0e+00 0.0e+00 0.0e+00  0  0  0  0  0   0  0  0  0  0     0
KSPSetUp               4 1.0 1.2250e+00 1.0 7.99e+08 1.3 5.6e+03 1.8e+03 3.4e+01  2  1  0  0  0   2  1  0  0  0 22586
KSPSolve               1 1.0 5.4808e+01 1.0 5.06e+10 1.0 1.4e+07 7.3e+02 7.5e+04 91 99100100100  91 99100100100 36268
KSPGMRESOrthog     37126 1.0 2.3129e+01 1.1 3.30e+10 1.0 0.0e+00 0.0e+00 3.7e+04 37 64  0  0 49  37 64  0  0 49 56076
PCSetUp                2 1.0 1.2367e+00 1.0 7.99e+08 1.3 6.5e+03 1.8e+03 4.5e+01  2  1  0  0  0   2  1  0  0  0 22381
PCSetUpOnBlocks       28 1.0 5.3918e-01 1.3 6.76e+08 1.4 0.0e+00 0.0e+00 0.0e+00  1  1  0  0  0   1  1  0  0  0 42416
PCApply                9 1.0 5.4775e+01 1.0 5.06e+10 1.0 1.4e+07 7.3e+02 7.5e+04 91 99100100100  91 99100100100 36276
PCApplyOnBlocks    38395 1.0 1.3568e+01 1.1 7.72e+09 1.0 0.0e+00 0.0e+00 0.0e+00 21 15  0  0  0  21 15  0  0  0 22343
------------------------------------------------------------------------------------------------------------------------

Memory usage is given in bytes:

Object Type          Creations   Destructions     Memory  Descendants' Mem.
Reports information only for process 0.

--- Event Stage 0: Main Stage

              Matrix    13             13     79296336     0.
              Vector   106            106     30321832     0.
           Index Set    24             24      2026388     0.
   IS L to G Mapping     2              2      3497652     0.
   Star Forest Graph    14             14        16272     0.
       Krylov Solver     6              6        73864     0.
      Preconditioner     6              6         6552     0.
    Distributed Mesh     3              3        15144     0.
     Discrete System     3              3         2712     0.
           Weak Form     3              3         2472     0.
              Viewer     2              1          848     0.
========================================================================================================================
Average time to get PetscTime(): 2.97e-08
Average time for MPI_Barrier(): 5.09464e-05
Average time for zero size MPI_Send(): 2.33603e-06
#PETSc Option Table entries:
-ksp_converged_reason
-ksp_pc_side right
-ksp_rtol 1e-8
-ksp_type fgmres
-log_view
-m 750
-mg_coarse_ksp_converged_reason
-mg_coarse_ksp_type gmres
-mg_coarse_pc_type asm
-mg_levels_pc_type asm
-mg_levels_sub_pc_type lu
-n 750
-nw
-pc_mg_type multiplicative
-pc_type mg
#End of PETSc Option Table entries
Compiled without FORTRAN kernels
Compiled with full precision matrices (default)
sizeof(short) 2 sizeof(int) 4 sizeof(long) 8 sizeof(void*) 8 sizeof(PetscScalar) 8 sizeof(PetscInt) 4
Configure options: --prefix=/home/a/asarkar/sudhipv/software/FreeFem-sources/install/ff-petsc/r MAKEFLAGS= --with-debugging=0 COPTFLAGS="-O3 -mtune=native" CXXOPTFLAGS="-O3 -mtune=native" FOPTFLAGS="-O3 -mtune=native" --with-cxx-dialect=C++11 --with-ssl=0 --with-x=0 --with-fortran-bindings=0 --with-cudac=0 --with-cc=/cvmfs/soft.computecanada.ca/easybuild/software/2020/avx512/Compiler/intel2020/openmpi/4.0.3/bin/mpicc --with-cxx=/cvmfs/soft.computecanada.ca/easybuild/software/2020/avx512/Compiler/intel2020/openmpi/4.0.3/bin/mpic++ --with-fc=/cvmfs/soft.computecanada.ca/easybuild/software/2020/avx512/Compiler/intel2020/openmpi/4.0.3/bin/mpif90 --with-scalar-type=real --with-blaslapack-include=/cvmfs/soft.computecanada.ca/easybuild/software/2020/Core/imkl/2020.1.217/mkl/include --with-blaslapack-lib="-Wl,-rpath,/cvmfs/soft.computecanada.ca/easybuild/software/2020/Core/imkl/2020.1.217/mkl/lib/intel64 -L/cvmfs/soft.computecanada.ca/easybuild/software/2020/Core/imkl/2020.1.217/mkl/lib/intel64 -lmkl_rt -lmkl_intel_thread -lmkl_core  -liomp5 -lpthread" --download-metis --download-ptscotch --download-hypre --download-parmetis --download-mmg --download-parmmg --download-superlu --download-suitesparse --download-tetgen --download-slepc --download-hpddm --download-scalapack --download-mumps --download-slepc-configure-arguments=--download-arpack=https://github.com/prj-/arpack-ng/archive/b64dccb.tar.gz PETSC_ARCH=fr
-----------------------------------------
Libraries compiled on 2021-05-02 15:39:49 on nia-login03.scinet.local 
Machine characteristics: Linux-3.10.0-957.27.2.el7.x86_64-x86_64-with-centos-7.6.1810-Core
Using PETSc directory: /home/a/asarkar/sudhipv/software/FreeFem-sources/install/ff-petsc/r
Using PETSc arch: 
-----------------------------------------

Using C compiler: /cvmfs/soft.computecanada.ca/easybuild/software/2020/avx512/Compiler/intel2020/openmpi/4.0.3/bin/mpicc  -fPIC -wd1572 -O3 -mtune=native   
Using Fortran compiler: /cvmfs/soft.computecanada.ca/easybuild/software/2020/avx512/Compiler/intel2020/openmpi/4.0.3/bin/mpif90  -fPIC -O3 -mtune=native     
-----------------------------------------

Using include paths: -I/home/a/asarkar/sudhipv/software/FreeFem-sources/install/ff-petsc/r/include -I/cvmfs/soft.computecanada.ca/easybuild/software/2020/Core/imkl/2020.1.217/mkl/include
-----------------------------------------

Using C linker: /cvmfs/soft.computecanada.ca/easybuild/software/2020/avx512/Compiler/intel2020/openmpi/4.0.3/bin/mpicc
Using Fortran linker: /cvmfs/soft.computecanada.ca/easybuild/software/2020/avx512/Compiler/intel2020/openmpi/4.0.3/bin/mpif90
Using libraries: -Wl,-rpath,/home/a/asarkar/sudhipv/software/FreeFem-sources/install/ff-petsc/r/lib -L/home/a/asarkar/sudhipv/software/FreeFem-sources/install/ff-petsc/r/lib -lpetsc -Wl,-rpath,/home/a/asarkar/sudhipv/software/FreeFem-sources/install/ff-petsc/r/lib -L/home/a/asarkar/sudhipv/software/FreeFem-sources/install/ff-petsc/r/lib -Wl,-rpath,/cvmfs/soft.computecanada.ca/easybuild/software/2020/Core/imkl/2020.1.217/mkl/lib/intel64 -L/cvmfs/soft.computecanada.ca/easybuild/software/2020/Core/imkl/2020.1.217/mkl/lib/intel64 -Wl,-rpath,/cvmfs/soft.computecanada.ca/easybuild/software/2020/avx512/Compiler/intel2020/openmpi/4.0.3/lib -L/cvmfs/soft.computecanada.ca/easybuild/software/2020/avx512/Compiler/intel2020/openmpi/4.0.3/lib -Wl,-rpath,/cvmfs/soft.computecanada.ca/easybuild/software/2020/avx512/Core/libfabric/1.10.1/lib -L/cvmfs/soft.computecanada.ca/easybuild/software/2020/avx512/Core/libfabric/1.10.1/lib -Wl,-rpath,/cvmfs/soft.computecanada.ca/easybuild/software/2020/avx512/Core/ucx/1.8.0/lib -L/cvmfs/soft.computecanada.ca/easybuild/software/2020/avx512/Core/ucx/1.8.0/lib -Wl,-rpath,/cvmfs/soft.computecanada.ca/easybuild/software/2020/Core/imkl/2020.1.217/lib/intel64 -L/cvmfs/soft.computecanada.ca/easybuild/software/2020/Core/imkl/2020.1.217/lib/intel64 -Wl,-rpath,/cvmfs/restricted.computecanada.ca/easybuild/software/2020/Core/intel/2020.1.217/compilers_and_libraries_2020.1.217/linux/tbb/lib/intel64/gcc4.8 -L/cvmfs/restricted.computecanada.ca/easybuild/software/2020/Core/intel/2020.1.217/compilers_and_libraries_2020.1.217/linux/tbb/lib/intel64/gcc4.8 -Wl,-rpath,/cvmfs/restricted.computecanada.ca/easybuild/software/2020/Core/intel/2020.1.217/compilers_and_libraries_2020.1.217/linux/compiler/lib/intel64_lin -L/cvmfs/restricted.computecanada.ca/easybuild/software/2020/Core/intel/2020.1.217/compilers_and_libraries_2020.1.217/linux/compiler/lib/intel64_lin -Wl,-rpath,/cvmfs/soft.computecanada.ca/easybuild/software/2020/avx512/Compiler/intel2020/openmpi/4.0.3/lib64 -L/cvmfs/soft.computecanada.ca/easybuild/software/2020/avx512/Compiler/intel2020/openmpi/4.0.3/lib64 -Wl,-rpath,/cvmfs/soft.computecanada.ca/easybuild/software/2020/Core/gcccore/9.3.0/lib/gcc/x86_64-pc-linux-gnu/9.3.0 -L/cvmfs/soft.computecanada.ca/easybuild/software/2020/Core/gcccore/9.3.0/lib/gcc/x86_64-pc-linux-gnu/9.3.0 -Wl,-rpath,/cvmfs/soft.computecanada.ca/easybuild/software/2020/Core/gcccore/9.3.0/lib64 -L/cvmfs/soft.computecanada.ca/easybuild/software/2020/Core/gcccore/9.3.0/lib64 -Wl,-rpath,/cvmfs/soft.computecanada.ca/gentoo/2020/lib64 -L/cvmfs/soft.computecanada.ca/gentoo/2020/lib64 -Wl,-rpath,/cvmfs/soft.computecanada.ca/gentoo/2020/usr/lib64 -L/cvmfs/soft.computecanada.ca/gentoo/2020/usr/lib64 -Wl,-rpath,/cvmfs/soft.computecanada.ca/easybuild/software/2020/Core/gcccore/9.3.0/lib -L/cvmfs/soft.computecanada.ca/easybuild/software/2020/Core/gcccore/9.3.0/lib -Wl,-rpath,/cvmfs/soft.computecanada.ca/gentoo/2020/lib -L/cvmfs/soft.computecanada.ca/gentoo/2020/lib -Wl,-rpath,/cvmfs/soft.computecanada.ca/gentoo/2020/usr/lib -L/cvmfs/soft.computecanada.ca/gentoo/2020/usr/lib -lHYPRE -lcmumps -ldmumps -lsmumps -lzmumps -lmumps_common -lpord -lscalapack -lumfpack -lklu -lcholmod -lbtf -lccolamd -lcolamd -lcamd -lamd -lsuitesparseconfig -lsuperlu -lmkl_rt -lmkl_intel_thread -lmkl_core -liomp5 -lpthread -lparmmg -lmmg -lmmg3d -lptesmumps -lptscotchparmetis -lptscotch -lptscotcherr -lesmumps -lscotch -lscotcherr -lpthread -lparmetis -lmetis -ltet -lstdc++ -ldl -lmpi_usempif08 -lmpi_usempi_ignore_tkr -lmpi_mpifh -lmpi -lifport -lifcoremt_pic -limf -lsvml -lm -lipgo -lirc -lpthread -lgcc_s -lirc_s -lrt -lquadmath -lstdc++ -ldl
-----------------------------------------

#############################################################################################################
#############################################################################################################
########     Finsihed Code with NL 10 Processors             #################################################
#############################################################################################################
#############################################################################################################

scontrol show jobid 6183123
JobId=6183123 JobName=Poisson_Weak
   UserId=sudhipv(3061414) GroupId=asarkar(6001189) MCS_label=N/A
   Priority=2412146 Nice=0 Account=def-asarkar QOS=normal
   JobState=COMPLETED Reason=None Dependency=(null)
   Requeue=0 Restarts=0 BatchFlag=1 Reboot=0 ExitCode=0:0
   RunTime=00:01:21 TimeLimit=00:15:00 TimeMin=N/A
   SubmitTime=2021-10-03T13:13:47 EligibleTime=2021-10-03T13:13:47
   AccrueTime=2021-10-03T13:13:47
   StartTime=2021-10-03T13:15:24 EndTime=2021-10-03T13:16:45 Deadline=N/A
   SuspendTime=None SecsPreSuspend=0 LastSchedEval=2021-10-03T13:15:24
   Partition=compute AllocNode:Sid=nia-login02:4245
   ReqNodeList=(null) ExcNodeList=(null)
   NodeList=nia[0218,0242,0563,0578,0635,0718,0773,0793,0805,0834]
   BatchHost=nia0218
   NumNodes=10 NumCPUs=800 NumTasks=400 CPUs/Task=1 ReqB:S:C:T=0:0:*:*
   TRES=cpu=800,mem=1750000M,node=10,billing=400
   Socks/Node=* NtasksPerN:B:S:C=40:0:*:* CoreSpec=*
   MinCPUsNode=40 MinMemoryNode=175000M MinTmpDiskNode=0
   Features=[skylake|cascade] DelayBoot=00:00:00
   OverSubscribe=NO Contiguous=0 Licenses=(null) Network=(null)
   Command=/gpfs/fs0/scratch/a/asarkar/sudhipv/poisson_hpc/weak/runff_niagara_weak.sh
   WorkDir=/gpfs/fs0/scratch/a/asarkar/sudhipv/poisson_hpc/weak
   StdErr=/gpfs/fs0/scratch/a/asarkar/sudhipv/poisson_hpc/weak/Poisson_Weak-6183123.out
   StdIn=/dev/null
   StdOut=/gpfs/fs0/scratch/a/asarkar/sudhipv/poisson_hpc/weak/Poisson_Weak-6183123.out
   Power=
   MailUser=sudhipv@cmail.carleton.ca MailType=BEGIN,END,FAIL,REQUEUE,STAGE_OUT

sacct -j 6183123
       JobID    JobName    Account    Elapsed  MaxVMSize     MaxRSS  SystemCPU    UserCPU ExitCode 
------------ ---------- ---------- ---------- ---------- ---------- ---------- ---------- -------- 
6183123      Poisson_W+ def-asark+   00:01:21                        00:30.382  39:35.139      0:0 
6183123.bat+      batch def-asark+   00:01:21  32174384K   9463316K  00:28.997  39:34.019      0:0 
6183123.ext+     extern def-asark+   00:01:21    138360K      1068K  00:00.002  00:00.006      0:0 
6183123.0         orted def-asark+   00:01:15    395276K     12584K  00:01.383  00:01.114      0:0 
