/cvmfs/soft.computecanada.ca/easybuild/software/2020/avx512/Compiler/intel2020/openmpi/4.0.3/bin/mpiexec
/cvmfs/soft.computecanada.ca/easybuild/software/2020/avx512/Compiler/intel2020/openmpi/4.0.3/bin/mpirun
Number of Vertices for coarse mesh in process  0  5008644
Linear solve converged due to CONVERGED_RTOL iterations 9
time taken for solve is71.651
L2 Norm of uerr is1.47488e-08
************************************************************************************************************************
***             WIDEN YOUR WINDOW TO 120 CHARACTERS.  Use 'enscript -r -fCourier9' to print this document            ***
************************************************************************************************************************

---------------------------------------------- PETSc Performance Summary: ----------------------------------------------

/home/a/asarkar/sudhipv/software/FreeFem-sources/src/mpi/FreeFem++-mpi on a  named nia1855.scinet.local with 200 processors, by sudhipv Sat Oct  2 02:31:39 2021
Using Petsc Release Version 3.15.0, Mar 30, 2021 

                         Max       Max/Min     Avg       Total
Time (sec):           7.183e+01     1.000   7.183e+01
Objects:              1.170e+02     1.000   1.170e+02
Flop:                 5.774e+10     1.620   4.629e+10  9.259e+12
Flop/sec:             8.039e+08     1.620   6.445e+08  1.289e+11
MPI Messages:         1.280e+03     3.453   8.817e+02  1.763e+05
MPI Message Lengths:  6.389e+06     2.142   5.152e+03  9.085e+08
MPI Reductions:       1.080e+02     1.000

Flop counting convention: 1 flop = 1 real number operation of type (multiply/divide/add/subtract)
                            e.g., VecAXPY() for real vectors of length N --> 2N flop
                            and VecAXPY() for complex vectors of length N --> 8N flop

Summary of Stages:   ----- Time ------  ----- Flop ------  --- Messages ---  -- Message Lengths --  -- Reductions --
                        Avg     %Total     Avg     %Total    Count   %Total     Avg         %Total    Count   %Total
 0:      Main Stage: 7.1833e+01 100.0%  9.2589e+12 100.0%  1.763e+05 100.0%  5.152e+03      100.0%  9.000e+01  83.3%

------------------------------------------------------------------------------------------------------------------------
See the 'Profiling' chapter of the users' manual for details on interpreting output.
Phase summary info:
   Count: number of times phase was executed
   Time and Flop: Max - maximum over all processors
                  Ratio - ratio of maximum to minimum over all processors
   Mess: number of messages sent
   AvgLen: average message length (bytes)
   Reduct: number of global reductions
   Global: entire computation
   Stage: stages of a computation. Set stages with PetscLogStagePush() and PetscLogStagePop().
      %T - percent time in this phase         %F - percent flop in this phase
      %M - percent messages in this phase     %L - percent message lengths in this phase
      %R - percent reductions in this phase
   Total Mflop/s: 10e-6 * (sum of flop over all processors)/(max time over all processors)
------------------------------------------------------------------------------------------------------------------------
Event                Count      Time (sec)     Flop                              --- Global ---  --- Stage ----  Total
                   Max Ratio  Max     Ratio   Max  Ratio  Mess   AvgLen  Reduct  %T %F %M %L %R  %T %F %M %L %R Mflop/s
------------------------------------------------------------------------------------------------------------------------

--- Event Stage 0: Main Stage

BuildTwoSided          7 1.0 4.1221e-0121.6 0.00e+00 0.0 3.6e+03 4.0e+00 5.0e+00  0  0  2  0  5   0  0  2  0  6     0
BuildTwoSidedF         2 1.0 7.6410e-03 1.5 0.00e+00 0.0 0.0e+00 0.0e+00 2.0e+00  0  0  0  0  2   0  0  0  0  2     0
MatMult               69 1.0 2.2999e-01 1.5 7.74e+07 1.0 7.6e+04 2.2e+03 1.0e+00  0  0 43 18  1   0  0 43 18  1 66765
MatMultAdd            10 1.0 4.2919e-02 1.7 2.02e+06 1.0 1.1e+04 3.1e+03 0.0e+00  0  0  6  4  0   0  0  6  4  0  9332
MatMultTranspose      10 1.0 1.3573e-01 1.8 0.00e+00 0.0 1.1e+04 1.0e+04 0.0e+00  0  0  6 12  0   0  0  6 12  0     0
MatSolve              61 1.0 5.2992e+00 1.0 5.63e+10 1.6 2.2e+04 2.1e+04 5.0e+00  7 97 12 51  5   7 97 12 51  6 1690476
MatLUFactorSym         2 1.0 4.3609e+01 1.0 0.00e+00 0.0 0.0e+00 0.0e+00 0.0e+00 61  0  0  0  0  61  0  0  0  0     0
MatLUFactorNum         2 1.0 3.0871e+00 1.1 1.59e+09 1.4 0.0e+00 0.0e+00 0.0e+00  4  3  0  0  0   4  3  0  0  0 87847
MatResidual           10 1.0 4.4360e-02 2.4 1.41e+07 1.0 1.1e+04 2.1e+03 0.0e+00  0  0  6  2  0   0  0  6  2  0 63184
MatAssemblyBegin       5 1.0 8.0941e-03 1.1 0.00e+00 0.0 0.0e+00 0.0e+00 2.0e+00  0  0  0  0  2   0  0  0  0  2     0
MatAssemblyEnd         5 1.0 2.3322e-01 3.1 0.00e+00 0.0 0.0e+00 0.0e+00 8.0e+00  0  0  0  0  7   0  0  0  0  9     0
MatGetRowIJ            1 1.0 7.8520e-03 2.1 0.00e+00 0.0 0.0e+00 0.0e+00 0.0e+00  0  0  0  0  0   0  0  0  0  0     0
MatCreateSubMats       1 1.0 5.4236e-02 1.5 0.00e+00 0.0 5.4e+03 4.8e+03 1.0e+00  0  0  3  3  1   0  0  3  3  1     0
MatGetOrdering         1 1.0 8.6725e-02 2.0 0.00e+00 0.0 0.0e+00 0.0e+00 0.0e+00  0  0  0  0  0   0  0  0  0  0     0
MatIncreaseOvrlp       1 1.0 1.8607e-02 1.5 0.00e+00 0.0 0.0e+00 0.0e+00 1.0e+00  0  0  0  0  1   0  0  0  0  1     0
VecMDot               19 1.0 1.6242e-01 3.0 2.02e+07 1.0 0.0e+00 0.0e+00 1.9e+01  0  0  0  0 18   0  0  0  0 21 24658
VecNorm               21 1.0 3.5996e-01 1.0 4.24e+06 1.0 0.0e+00 0.0e+00 2.1e+01  0  0  0  0 19   0  0  0  0 23  2337
VecScale              41 1.0 1.4725e-03 2.7 2.12e+06 1.0 0.0e+00 0.0e+00 0.0e+00  0  0  0  0  0   0  0  0  0  0 285602
VecCopy               34 1.0 7.8518e-03 1.4 0.00e+00 0.0 0.0e+00 0.0e+00 0.0e+00  0  0  0  0  0   0  0  0  0  0     0
VecSet               193 1.0 3.3404e-02 1.2 0.00e+00 0.0 0.0e+00 0.0e+00 0.0e+00  0  0  0  0  0   0  0  0  0  0     0
VecAXPY               12 1.0 3.0066e-02 1.1 2.42e+06 1.0 0.0e+00 0.0e+00 0.0e+00  0  0  0  0  0   0  0  0  0  0 15985
VecAYPX               60 1.0 1.6684e-02 1.3 8.08e+06 1.0 0.0e+00 0.0e+00 0.0e+00  0  0  0  0  0   0  0  0  0  0 96023
VecAXPBYCZ            20 1.0 8.7768e-03 1.3 1.01e+07 1.0 0.0e+00 0.0e+00 0.0e+00  0  0  0  0  0   0  0  0  0  0 228166
VecMAXPY              21 1.0 2.5584e-02 1.2 2.40e+07 1.0 0.0e+00 0.0e+00 0.0e+00  0  0  0  0  0   0  0  0  0  0 186292
VecScatterBegin      273 1.0 4.7351e-01 5.5 0.00e+00 0.0 1.4e+05 4.8e+03 3.0e+00  0  0 79 73  3   0  0 79 73  3     0
VecScatterEnd        273 1.0 1.2031e-0111.3 0.00e+00 0.0 0.0e+00 0.0e+00 0.0e+00  0  0  0  0  0   0  0  0  0  0     0
VecNormalize          21 1.0 3.6067e-01 1.0 6.36e+06 1.0 0.0e+00 0.0e+00 2.1e+01  0  0  0  0 19   0  0  0  0 23  3498
SFSetGraph             6 1.0 3.2023e-04 1.9 0.00e+00 0.0 0.0e+00 0.0e+00 0.0e+00  0  0  0  0  0   0  0  0  0  0     0
SFSetUp                5 1.0 4.1589e-0119.2 0.00e+00 0.0 7.2e+03 3.1e+03 3.0e+00  0  0  4  2  3   0  0  4  2  3     0
SFReduceBegin         51 1.0 1.3270e-02 1.3 0.00e+00 0.0 0.0e+00 0.0e+00 0.0e+00  0  0  0  0  0   0  0  0  0  0     0
SFReduceEnd           51 1.0 5.6065e-05 1.8 0.00e+00 0.0 0.0e+00 0.0e+00 0.0e+00  0  0  0  0  0   0  0  0  0  0     0
SFPack               273 1.0 3.4845e-03 2.3 0.00e+00 0.0 0.0e+00 0.0e+00 0.0e+00  0  0  0  0  0   0  0  0  0  0     0
SFUnpack             273 1.0 1.1982e-03 2.1 0.00e+00 0.0 0.0e+00 0.0e+00 0.0e+00  0  0  0  0  0   0  0  0  0  0     0
KSPSetUp               3 1.0 2.5593e+00 1.0 1.82e+09 1.3 3.2e+04 2.3e+03 3.2e+01  4  3 18  8 30   4  3 18  8 36 123042
KSPSolve               1 1.0 5.4454e+00 1.0 5.62e+10 1.6 1.4e+05 5.8e+03 2.6e+01  8 97 79 88 24   8 97 79 88 29 1642196
KSPGMRESOrthog        19 1.0 1.8112e-01 2.4 4.04e+07 1.0 0.0e+00 0.0e+00 1.9e+01  0  0  0  0 18   0  0  0  0 21 44225
PCSetUp                1 1.0 4.7961e+01 1.0 1.83e+09 1.3 3.2e+04 2.3e+03 3.8e+01 67  3 18  8 35  67  3 18  8 42  6599
PCSetUpOnBlocks       21 1.0 1.4214e+00 1.4 1.58e+09 1.4 0.0e+00 0.0e+00 0.0e+00  2  3  0  0  0   2  3  0  0  0 189681
PCApply               10 1.0 5.3814e+00 1.0 5.62e+10 1.6 1.3e+05 6.1e+03 5.0e+00  7 97 73 86  5   7 97 73 86  6 1660442
PCApplyOnBlocks       51 1.0 1.1418e+00 1.1 8.93e+08 1.1 0.0e+00 0.0e+00 0.0e+00  2  2  0  0  0   2  2  0  0  0 150961
------------------------------------------------------------------------------------------------------------------------

Memory usage is given in bytes:

Object Type          Creations   Destructions     Memory  Descendants' Mem.
Reports information only for process 0.

--- Event Stage 0: Main Stage

              Matrix    12             12    144590676     0.
              Vector    54             54     35678672     0.
           Index Set    17             17      3153772     0.
   IS L to G Mapping     1              1      1210304     0.
   Star Forest Graph    12             12        13824     0.
       Krylov Solver     5              5        54456     0.
      Preconditioner     5              5         5544     0.
    Distributed Mesh     3              3        15144     0.
     Discrete System     3              3         2712     0.
           Weak Form     3              3         2472     0.
              Viewer     2              1          848     0.
========================================================================================================================
Average time to get PetscTime(): 4.51e-08
Average time for MPI_Barrier(): 0.000107424
Average time for zero size MPI_Send(): 1.27294e-06
#PETSc Option Table entries:
-ksp_converged_reason
-ksp_pc_side right
-ksp_rtol 1e-8
-ksp_type gmres
-log_view
-m 2237
-mg_coarse_ksp_type preonly
-mg_coarse_pc_type lu
-mg_levels_pc_type asm
-mg_levels_sub_pc_type lu
-n 2237
-nw
-pc_mg_type multiplicative
-pc_type mg
#End of PETSc Option Table entries
Compiled without FORTRAN kernels
Compiled with full precision matrices (default)
sizeof(short) 2 sizeof(int) 4 sizeof(long) 8 sizeof(void*) 8 sizeof(PetscScalar) 8 sizeof(PetscInt) 4
Configure options: --prefix=/home/a/asarkar/sudhipv/software/FreeFem-sources/install/ff-petsc/r MAKEFLAGS= --with-debugging=0 COPTFLAGS="-O3 -mtune=native" CXXOPTFLAGS="-O3 -mtune=native" FOPTFLAGS="-O3 -mtune=native" --with-cxx-dialect=C++11 --with-ssl=0 --with-x=0 --with-fortran-bindings=0 --with-cudac=0 --with-cc=/cvmfs/soft.computecanada.ca/easybuild/software/2020/avx512/Compiler/intel2020/openmpi/4.0.3/bin/mpicc --with-cxx=/cvmfs/soft.computecanada.ca/easybuild/software/2020/avx512/Compiler/intel2020/openmpi/4.0.3/bin/mpic++ --with-fc=/cvmfs/soft.computecanada.ca/easybuild/software/2020/avx512/Compiler/intel2020/openmpi/4.0.3/bin/mpif90 --with-scalar-type=real --with-blaslapack-include=/cvmfs/soft.computecanada.ca/easybuild/software/2020/Core/imkl/2020.1.217/mkl/include --with-blaslapack-lib="-Wl,-rpath,/cvmfs/soft.computecanada.ca/easybuild/software/2020/Core/imkl/2020.1.217/mkl/lib/intel64 -L/cvmfs/soft.computecanada.ca/easybuild/software/2020/Core/imkl/2020.1.217/mkl/lib/intel64 -lmkl_rt -lmkl_intel_thread -lmkl_core  -liomp5 -lpthread" --download-metis --download-ptscotch --download-hypre --download-parmetis --download-mmg --download-parmmg --download-superlu --download-suitesparse --download-tetgen --download-slepc --download-hpddm --download-scalapack --download-mumps --download-slepc-configure-arguments=--download-arpack=https://github.com/prj-/arpack-ng/archive/b64dccb.tar.gz PETSC_ARCH=fr
-----------------------------------------
Libraries compiled on 2021-05-02 15:39:49 on nia-login03.scinet.local 
Machine characteristics: Linux-3.10.0-957.27.2.el7.x86_64-x86_64-with-centos-7.6.1810-Core
Using PETSc directory: /home/a/asarkar/sudhipv/software/FreeFem-sources/install/ff-petsc/r
Using PETSc arch: 
-----------------------------------------

Using C compiler: /cvmfs/soft.computecanada.ca/easybuild/software/2020/avx512/Compiler/intel2020/openmpi/4.0.3/bin/mpicc  -fPIC -wd1572 -O3 -mtune=native   
Using Fortran compiler: /cvmfs/soft.computecanada.ca/easybuild/software/2020/avx512/Compiler/intel2020/openmpi/4.0.3/bin/mpif90  -fPIC -O3 -mtune=native     
-----------------------------------------

Using include paths: -I/home/a/asarkar/sudhipv/software/FreeFem-sources/install/ff-petsc/r/include -I/cvmfs/soft.computecanada.ca/easybuild/software/2020/Core/imkl/2020.1.217/mkl/include
-----------------------------------------

Using C linker: /cvmfs/soft.computecanada.ca/easybuild/software/2020/avx512/Compiler/intel2020/openmpi/4.0.3/bin/mpicc
Using Fortran linker: /cvmfs/soft.computecanada.ca/easybuild/software/2020/avx512/Compiler/intel2020/openmpi/4.0.3/bin/mpif90
Using libraries: -Wl,-rpath,/home/a/asarkar/sudhipv/software/FreeFem-sources/install/ff-petsc/r/lib -L/home/a/asarkar/sudhipv/software/FreeFem-sources/install/ff-petsc/r/lib -lpetsc -Wl,-rpath,/home/a/asarkar/sudhipv/software/FreeFem-sources/install/ff-petsc/r/lib -L/home/a/asarkar/sudhipv/software/FreeFem-sources/install/ff-petsc/r/lib -Wl,-rpath,/cvmfs/soft.computecanada.ca/easybuild/software/2020/Core/imkl/2020.1.217/mkl/lib/intel64 -L/cvmfs/soft.computecanada.ca/easybuild/software/2020/Core/imkl/2020.1.217/mkl/lib/intel64 -Wl,-rpath,/cvmfs/soft.computecanada.ca/easybuild/software/2020/avx512/Compiler/intel2020/openmpi/4.0.3/lib -L/cvmfs/soft.computecanada.ca/easybuild/software/2020/avx512/Compiler/intel2020/openmpi/4.0.3/lib -Wl,-rpath,/cvmfs/soft.computecanada.ca/easybuild/software/2020/avx512/Core/libfabric/1.10.1/lib -L/cvmfs/soft.computecanada.ca/easybuild/software/2020/avx512/Core/libfabric/1.10.1/lib -Wl,-rpath,/cvmfs/soft.computecanada.ca/easybuild/software/2020/avx512/Core/ucx/1.8.0/lib -L/cvmfs/soft.computecanada.ca/easybuild/software/2020/avx512/Core/ucx/1.8.0/lib -Wl,-rpath,/cvmfs/soft.computecanada.ca/easybuild/software/2020/Core/imkl/2020.1.217/lib/intel64 -L/cvmfs/soft.computecanada.ca/easybuild/software/2020/Core/imkl/2020.1.217/lib/intel64 -Wl,-rpath,/cvmfs/restricted.computecanada.ca/easybuild/software/2020/Core/intel/2020.1.217/compilers_and_libraries_2020.1.217/linux/tbb/lib/intel64/gcc4.8 -L/cvmfs/restricted.computecanada.ca/easybuild/software/2020/Core/intel/2020.1.217/compilers_and_libraries_2020.1.217/linux/tbb/lib/intel64/gcc4.8 -Wl,-rpath,/cvmfs/restricted.computecanada.ca/easybuild/software/2020/Core/intel/2020.1.217/compilers_and_libraries_2020.1.217/linux/compiler/lib/intel64_lin -L/cvmfs/restricted.computecanada.ca/easybuild/software/2020/Core/intel/2020.1.217/compilers_and_libraries_2020.1.217/linux/compiler/lib/intel64_lin -Wl,-rpath,/cvmfs/soft.computecanada.ca/easybuild/software/2020/avx512/Compiler/intel2020/openmpi/4.0.3/lib64 -L/cvmfs/soft.computecanada.ca/easybuild/software/2020/avx512/Compiler/intel2020/openmpi/4.0.3/lib64 -Wl,-rpath,/cvmfs/soft.computecanada.ca/easybuild/software/2020/Core/gcccore/9.3.0/lib/gcc/x86_64-pc-linux-gnu/9.3.0 -L/cvmfs/soft.computecanada.ca/easybuild/software/2020/Core/gcccore/9.3.0/lib/gcc/x86_64-pc-linux-gnu/9.3.0 -Wl,-rpath,/cvmfs/soft.computecanada.ca/easybuild/software/2020/Core/gcccore/9.3.0/lib64 -L/cvmfs/soft.computecanada.ca/easybuild/software/2020/Core/gcccore/9.3.0/lib64 -Wl,-rpath,/cvmfs/soft.computecanada.ca/gentoo/2020/lib64 -L/cvmfs/soft.computecanada.ca/gentoo/2020/lib64 -Wl,-rpath,/cvmfs/soft.computecanada.ca/gentoo/2020/usr/lib64 -L/cvmfs/soft.computecanada.ca/gentoo/2020/usr/lib64 -Wl,-rpath,/cvmfs/soft.computecanada.ca/easybuild/software/2020/Core/gcccore/9.3.0/lib -L/cvmfs/soft.computecanada.ca/easybuild/software/2020/Core/gcccore/9.3.0/lib -Wl,-rpath,/cvmfs/soft.computecanada.ca/gentoo/2020/lib -L/cvmfs/soft.computecanada.ca/gentoo/2020/lib -Wl,-rpath,/cvmfs/soft.computecanada.ca/gentoo/2020/usr/lib -L/cvmfs/soft.computecanada.ca/gentoo/2020/usr/lib -lHYPRE -lcmumps -ldmumps -lsmumps -lzmumps -lmumps_common -lpord -lscalapack -lumfpack -lklu -lcholmod -lbtf -lccolamd -lcolamd -lcamd -lamd -lsuitesparseconfig -lsuperlu -lmkl_rt -lmkl_intel_thread -lmkl_core -liomp5 -lpthread -lparmmg -lmmg -lmmg3d -lptesmumps -lptscotchparmetis -lptscotch -lptscotcherr -lesmumps -lscotch -lscotcherr -lpthread -lparmetis -lmetis -ltet -lstdc++ -ldl -lmpi_usempif08 -lmpi_usempi_ignore_tkr -lmpi_mpifh -lmpi -lifport -lifcoremt_pic -limf -lsvml -lm -lipgo -lirc -lpthread -lgcc_s -lirc_s -lrt -lquadmath -lstdc++ -ldl
-----------------------------------------

#############################################################################################################
#############################################################################################################
########     Finsihed Code with NL 10 Processors             #################################################
#############################################################################################################
#############################################################################################################

scontrol show jobid 6179869
JobId=6179869 JobName=Poisson_Weak
   UserId=sudhipv(3061414) GroupId=asarkar(6001189) MCS_label=N/A
   Priority=2424843 Nice=0 Account=def-asarkar QOS=normal
   JobState=COMPLETING Reason=None Dependency=(null)
   Requeue=0 Restarts=0 BatchFlag=1 Reboot=0 ExitCode=0:0
   RunTime=00:01:35 TimeLimit=00:30:00 TimeMin=N/A
   SubmitTime=2021-10-02T02:28:55 EligibleTime=2021-10-02T02:28:55
   AccrueTime=2021-10-02T02:28:55
   StartTime=2021-10-02T02:30:06 EndTime=2021-10-02T02:31:41 Deadline=N/A
   SuspendTime=None SecsPreSuspend=0 LastSchedEval=2021-10-02T02:30:06
   Partition=compute AllocNode:Sid=nia-login06:143680
   ReqNodeList=(null) ExcNodeList=(null)
   NodeList=nia[1858,1905,1933,1989]
   BatchHost=nia1855
   NumNodes=4 NumCPUs=400 NumTasks=200 CPUs/Task=1 ReqB:S:C:T=0:0:*:*
   TRES=cpu=400,mem=875000M,node=5,billing=200
   Socks/Node=* NtasksPerN:B:S:C=40:0:*:* CoreSpec=*
   MinCPUsNode=40 MinMemoryNode=175000M MinTmpDiskNode=0
   Features=[skylake|cascade] DelayBoot=00:00:00
   OverSubscribe=NO Contiguous=0 Licenses=(null) Network=(null)
   Command=/gpfs/fs0/scratch/a/asarkar/sudhipv/poisson_hpc/weak/runff_niagara_weak.sh
   WorkDir=/gpfs/fs0/scratch/a/asarkar/sudhipv/poisson_hpc/weak
   StdErr=/gpfs/fs0/scratch/a/asarkar/sudhipv/poisson_hpc/weak/Poisson_Weak-6179869.out
   StdIn=/dev/null
   StdOut=/gpfs/fs0/scratch/a/asarkar/sudhipv/poisson_hpc/weak/Poisson_Weak-6179869.out
   Power=
   MailUser=sudhipv@cmail.carleton.ca MailType=BEGIN,END,FAIL,REQUEUE,STAGE_OUT

sacct -j 6179869
       JobID    JobName    Account    Elapsed  MaxVMSize     MaxRSS  SystemCPU    UserCPU ExitCode 
------------ ---------- ---------- ---------- ---------- ---------- ---------- ---------- -------- 
6179869      Poisson_W+ def-asark+   00:01:35                        01:12.757  46:24.031      0:0 
6179869.bat+      batch def-asark+   00:01:35  70375820K  51595196K  01:12.757  46:24.028      0:0 
6179869.ext+     extern def-asark+   00:01:35    138360K      1068K   00:00:00  00:00.003      0:0 
6179869.0         orted def-asark+   00:01:22                         00:00:00   00:00:00      0:0 
