
The following have been reloaded with a version change:
  1) mii/1.1.1 => mii/1.1.2

/cvmfs/soft.computecanada.ca/easybuild/software/2020/avx512/Compiler/intel2020/openmpi/4.0.3/bin/mpiexec
/cvmfs/soft.computecanada.ca/easybuild/software/2020/avx512/Compiler/intel2020/openmpi/4.0.3/bin/mpirun
Number of Vertices for coarse grid  143641
Number of Vertices for fine mesh is  573049
1	
	-111111	
number of random variable  5
order of input  2
order of output  3
Number of input PC   21
Number of output PC  56
Mean of Gaussian  0
Sd of Gaussian  0.3
Size of linear System  3.20907e+07
sindex is 25 2	
	   1   1
	   1   2
	   2   1
	   2   2
	   1   3
	   3   1
	   2   3
	   3   2
	   1   4
	   4   1
	   3   3
	   2   4
	   4   2
	   3   4
	   4   3
	   1   5
	   5   1
	   2   5
	   5   2
	   4   4
	   3   5
	   5   3
	   1   6
	   6   1
	   2   6
	
mindex for file ./kledata/Tijkl/multiIndex_O3_D5.dat is 56 5	
	   0   0   0   0   0
	   1   0   0   0   0
	   0   1   0   0   0
	   0   0   1   0   0
	   0   0   0   1   0
	   0   0   0   0   1
	   2   0   0   0   0
	   1   1   0   0   0
	   1   0   1   0   0
	   1   0   0   1   0
	   1   0   0   0   1
	   0   2   0   0   0
	   0   1   1   0   0
	   0   1   0   1   0
	   0   1   0   0   1
	   0   0   2   0   0
	   0   0   1   1   0
	   0   0   1   0   1
	   0   0   0   2   0
	   0   0   0   1   1
	   0   0   0   0   2
	   3   0   0   0   0
	   2   1   0   0   0
	   2   0   1   0   0
	   2   0   0   1   0
	   2   0   0   0   1
	   1   2   0   0   0
	   1   1   1   0   0
	   1   1   0   1   0
	   1   1   0   0   1
	   1   0   2   0   0
	   1   0   1   1   0
	   1   0   1   0   1
	   1   0   0   2   0
	   1   0   0   1   1
	   1   0   0   0   2
	   0   3   0   0   0
	   0   2   1   0   0
	   0   2   0   1   0
	   0   2   0   0   1
	   0   1   2   0   0
	   0   1   1   1   0
	   0   1   1   0   1
	   0   1   0   2   0
	   0   1   0   1   1
	   0   1   0   0   2
	   0   0   3   0   0
	   0   0   2   1   0
	   0   0   2   0   1
	   0   0   1   2   0
	   0   0   1   1   1
	   0   0   1   0   2
	   0   0   0   3   0
	   0   0   0   2   1
	   0   0   0   1   2
	   0   0   0   0   3
	
Finished generating log normal input coefficients for rank 0
Assembling matrices for level 0 and rank 0
Assembling matrices for level 1 and rank 0
Exited Assembling for rank0
Starting solve for rank 0
  0 KSP Residual norm 1.321001651689e-03 
      Residual norms for mg_coarse_ solve.
      0 KSP Residual norm 6.718876829229e+00 
      1 KSP Residual norm 2.575243593844e+00 
      2 KSP Residual norm 5.151561861506e-01 
      3 KSP Residual norm 1.008343213341e-01 
      4 KSP Residual norm 2.197498088778e-02 
      5 KSP Residual norm 4.931765896524e-03 
      6 KSP Residual norm 9.286049038971e-04 
      7 KSP Residual norm 1.618954785128e-04 
      8 KSP Residual norm 3.117289713145e-05 
    Linear mg_coarse_ solve converged due to CONVERGED_RTOL iterations 8
  1 KSP Residual norm 1.204913190545e-03 
      Residual norms for mg_coarse_ solve.
      0 KSP Residual norm 3.291799869914e-02 
      1 KSP Residual norm 1.247483711784e-03 
      2 KSP Residual norm 2.791297105988e-04 
      3 KSP Residual norm 5.631864682495e-05 
      4 KSP Residual norm 1.154382125797e-05 
      5 KSP Residual norm 2.594624824335e-06 
      6 KSP Residual norm 5.152560580969e-07 
      7 KSP Residual norm 8.955735614509e-08 
    Linear mg_coarse_ solve converged due to CONVERGED_RTOL iterations 7
  2 KSP Residual norm 9.569895820916e-05 
      Residual norms for mg_coarse_ solve.
      0 KSP Residual norm 3.197159719192e-01 
      1 KSP Residual norm 1.373599661718e-02 
      2 KSP Residual norm 2.243651056743e-03 
      3 KSP Residual norm 3.754760066139e-04 
      4 KSP Residual norm 7.875869419222e-05 
      5 KSP Residual norm 1.835742002866e-05 
      6 KSP Residual norm 3.709642130975e-06 
      7 KSP Residual norm 6.385460779431e-07 
    Linear mg_coarse_ solve converged due to CONVERGED_RTOL iterations 7
  3 KSP Residual norm 4.170566214291e-05 
      Residual norms for mg_coarse_ solve.
      0 KSP Residual norm 3.454686891756e-01 
      1 KSP Residual norm 2.250275388862e-02 
      2 KSP Residual norm 3.626841397219e-04 
      3 KSP Residual norm 3.257318598740e-05 
      4 KSP Residual norm 6.375519703430e-06 
      5 KSP Residual norm 1.426042545474e-06 
    Linear mg_coarse_ solve converged due to CONVERGED_RTOL iterations 5
  4 KSP Residual norm 1.294231638595e-05 
      Residual norms for mg_coarse_ solve.
      0 KSP Residual norm 4.654638117749e-01 
      1 KSP Residual norm 3.389681905143e-02 
      2 KSP Residual norm 3.368175667403e-03 
      3 KSP Residual norm 5.567337145569e-04 
      4 KSP Residual norm 1.186215373970e-04 
      5 KSP Residual norm 2.762302432964e-05 
      6 KSP Residual norm 5.592589191870e-06 
      7 KSP Residual norm 9.754312832221e-07 
    Linear mg_coarse_ solve converged due to CONVERGED_RTOL iterations 7
  5 KSP Residual norm 2.974153605726e-06 
      Residual norms for mg_coarse_ solve.
      0 KSP Residual norm 5.139930232470e-01 
      1 KSP Residual norm 2.883184220064e-02 
      2 KSP Residual norm 5.118178403667e-03 
      3 KSP Residual norm 8.447301140034e-04 
      4 KSP Residual norm 1.689038693527e-04 
      5 KSP Residual norm 3.894361899228e-05 
      6 KSP Residual norm 8.046119188942e-06 
      7 KSP Residual norm 1.416551493090e-06 
    Linear mg_coarse_ solve converged due to CONVERGED_RTOL iterations 7
  6 KSP Residual norm 6.797115364402e-07 
      Residual norms for mg_coarse_ solve.
      0 KSP Residual norm 4.019113074244e-01 
      1 KSP Residual norm 2.055552958565e-02 
      2 KSP Residual norm 3.243687424962e-03 
      3 KSP Residual norm 5.309171649260e-04 
      4 KSP Residual norm 1.061805903328e-04 
      5 KSP Residual norm 2.447224025388e-05 
      6 KSP Residual norm 5.108235535070e-06 
      7 KSP Residual norm 9.041530727181e-07 
    Linear mg_coarse_ solve converged due to CONVERGED_RTOL iterations 7
  7 KSP Residual norm 2.382527774542e-07 
      Residual norms for mg_coarse_ solve.
      0 KSP Residual norm 3.205566765007e-01 
      1 KSP Residual norm 1.976685818477e-02 
      2 KSP Residual norm 1.551936029008e-03 
      3 KSP Residual norm 2.539462331212e-04 
      4 KSP Residual norm 5.512070207240e-05 
      5 KSP Residual norm 1.318432459687e-05 
      6 KSP Residual norm 2.627172080557e-06 
    Linear mg_coarse_ solve converged due to CONVERGED_RTOL iterations 6
  8 KSP Residual norm 9.602104863641e-08 
      Residual norms for mg_coarse_ solve.
      0 KSP Residual norm 4.448748756564e-01 
      1 KSP Residual norm 2.209807353416e-02 
      2 KSP Residual norm 4.069805719381e-03 
      3 KSP Residual norm 6.740530450347e-04 
      4 KSP Residual norm 1.343839934516e-04 
      5 KSP Residual norm 3.093498495350e-05 
      6 KSP Residual norm 6.378922266482e-06 
      7 KSP Residual norm 1.118444117278e-06 
    Linear mg_coarse_ solve converged due to CONVERGED_RTOL iterations 7
  9 KSP Residual norm 2.485515307116e-08 
      Residual norms for mg_coarse_ solve.
      0 KSP Residual norm 4.613534215302e-01 
      1 KSP Residual norm 2.330789969264e-02 
      2 KSP Residual norm 3.651906008861e-03 
      3 KSP Residual norm 5.998255579185e-04 
      4 KSP Residual norm 1.201303000311e-04 
      5 KSP Residual norm 2.742605965321e-05 
      6 KSP Residual norm 5.716259336615e-06 
      7 KSP Residual norm 1.023428799995e-06 
    Linear mg_coarse_ solve converged due to CONVERGED_RTOL iterations 7
 10 KSP Residual norm 5.695432828884e-09 
iteration 0     0.982312
time for 1 Picard Iteration 4343.15
Assembling matrices for level 0 and rank 0
Assembling matrices for level 1 and rank 0
Exited Assembling for rank0
Starting solve for rank 0
  0 KSP Residual norm 1.321001651689e-03 
      Residual norms for mg_coarse_ solve.
      0 KSP Residual norm 6.719177474470e+00 
      1 KSP Residual norm 2.675239622428e+00 
      2 KSP Residual norm 5.150944042864e-01 
      3 KSP Residual norm 9.691466922007e-02 
      4 KSP Residual norm 2.065123476940e-02 
      5 KSP Residual norm 4.200386021972e-03 
      6 KSP Residual norm 7.090665279974e-04 
      7 KSP Residual norm 1.212832057801e-04 
      8 KSP Residual norm 2.060334078966e-05 
    Linear mg_coarse_ solve converged due to CONVERGED_RTOL iterations 8
  1 KSP Residual norm 1.204955283983e-03 
      Residual norms for mg_coarse_ solve.
      0 KSP Residual norm 3.235284728561e-02 
      1 KSP Residual norm 9.663776936112e-04 
      2 KSP Residual norm 2.205356943753e-04 
      3 KSP Residual norm 4.098213582340e-05 
      4 KSP Residual norm 7.917823238918e-06 
      5 KSP Residual norm 1.665915374990e-06 
      6 KSP Residual norm 2.919842277136e-07 
    Linear mg_coarse_ solve converged due to CONVERGED_RTOL iterations 6
  2 KSP Residual norm 7.769933529615e-05 
      Residual norms for mg_coarse_ solve.
      0 KSP Residual norm 2.279951407858e-01 
      1 KSP Residual norm 6.304402661184e-03 
      2 KSP Residual norm 1.537792594007e-03 
      3 KSP Residual norm 2.664418063700e-04 
      4 KSP Residual norm 5.124474849641e-05 
      5 KSP Residual norm 1.108099350615e-05 
      6 KSP Residual norm 1.990568505844e-06 
    Linear mg_coarse_ solve converged due to CONVERGED_RTOL iterations 6
  3 KSP Residual norm 1.884028108108e-05 
      Residual norms for mg_coarse_ solve.
      0 KSP Residual norm 5.701021819032e-01 
      1 KSP Residual norm 1.503207329314e-02 
      2 KSP Residual norm 3.334651923770e-03 
      3 KSP Residual norm 5.337840754595e-04 
      4 KSP Residual norm 1.038120483067e-04 
      5 KSP Residual norm 2.290167034570e-05 
      6 KSP Residual norm 4.121960214763e-06 
    Linear mg_coarse_ solve converged due to CONVERGED_RTOL iterations 6
  4 KSP Residual norm 2.544310166113e-06 
      Residual norms for mg_coarse_ solve.
      0 KSP Residual norm 5.190650618221e-01 
      1 KSP Residual norm 2.142866959732e-02 
      2 KSP Residual norm 3.125141427815e-03 
      3 KSP Residual norm 4.773001247639e-04 
      4 KSP Residual norm 9.605233361286e-05 
      5 KSP Residual norm 2.146238176377e-05 
      6 KSP Residual norm 3.813337021305e-06 
    Linear mg_coarse_ solve converged due to CONVERGED_RTOL iterations 6
  5 KSP Residual norm 4.910829808783e-07 
      Residual norms for mg_coarse_ solve.
      0 KSP Residual norm 2.868197243470e-01 
      1 KSP Residual norm 1.219993822062e-02 
      2 KSP Residual norm 1.761218659219e-04 
      3 KSP Residual norm 4.277712670178e-05 
      4 KSP Residual norm 6.609568328110e-06 
      5 KSP Residual norm 1.465797639514e-06 
    Linear mg_coarse_ solve converged due to CONVERGED_RTOL iterations 5
  6 KSP Residual norm 1.574187688299e-07 
      Residual norms for mg_coarse_ solve.
      0 KSP Residual norm 4.827400249806e-01 
      1 KSP Residual norm 1.509859290919e-02 
      2 KSP Residual norm 2.519481548242e-03 
      3 KSP Residual norm 3.813359002780e-04 
      4 KSP Residual norm 7.386322558473e-05 
      5 KSP Residual norm 1.654781326149e-05 
      6 KSP Residual norm 3.036633452783e-06 
    Linear mg_coarse_ solve converged due to CONVERGED_RTOL iterations 6
  7 KSP Residual norm 1.977544606380e-08 
      Residual norms for mg_coarse_ solve.
      0 KSP Residual norm 4.969095446437e-01 
      1 KSP Residual norm 1.547811418826e-02 
      2 KSP Residual norm 1.740226338794e-03 
      3 KSP Residual norm 2.667049570266e-04 
      4 KSP Residual norm 5.229660059627e-05 
      5 KSP Residual norm 1.136896206425e-05 
      6 KSP Residual norm 2.140363214794e-06 
    Linear mg_coarse_ solve converged due to CONVERGED_RTOL iterations 6
  8 KSP Residual norm 3.811998859539e-09 
iteration 1     0.970012
time for 1 Picard Iteration 4346.53
Assembling matrices for level 0 and rank 0
Assembling matrices for level 1 and rank 0
Exited Assembling for rank0
Starting solve for rank 0
  0 KSP Residual norm 1.321001651689e-03 
      Residual norms for mg_coarse_ solve.
      0 KSP Residual norm 6.719471867326e+00 
      1 KSP Residual norm 2.693201839613e+00 
      2 KSP Residual norm 4.672932900677e-01 
      3 KSP Residual norm 8.687979536102e-02 
      4 KSP Residual norm 1.748689145457e-02 
      5 KSP Residual norm 3.450790763585e-03 
      6 KSP Residual norm 6.271044842545e-04 
      7 KSP Residual norm 1.078263643375e-04 
      8 KSP Residual norm 1.822673751023e-05 
    Linear mg_coarse_ solve converged due to CONVERGED_RTOL iterations 8
  1 KSP Residual norm 1.205030237019e-03 
      Residual norms for mg_coarse_ solve.
      0 KSP Residual norm 3.240523773000e-02 
      1 KSP Residual norm 9.245434372580e-04 
      2 KSP Residual norm 2.022386147749e-04 
      3 KSP Residual norm 3.435845847405e-05 
      4 KSP Residual norm 6.520686140835e-06 
      5 KSP Residual norm 1.311479190348e-06 
      6 KSP Residual norm 2.418429363099e-07 
    Linear mg_coarse_ solve converged due to CONVERGED_RTOL iterations 6
  2 KSP Residual norm 7.790384905646e-05 
      Residual norms for mg_coarse_ solve.
      0 KSP Residual norm 2.292900141537e-01 
      1 KSP Residual norm 6.730039750000e-03 
      2 KSP Residual norm 1.578941086299e-03 
      3 KSP Residual norm 2.509722827026e-04 
      4 KSP Residual norm 4.811792639451e-05 
      5 KSP Residual norm 9.727570095019e-06 
      6 KSP Residual norm 1.810424204072e-06 
    Linear mg_coarse_ solve converged due to CONVERGED_RTOL iterations 6
  3 KSP Residual norm 1.892731556533e-05 
      Residual norms for mg_coarse_ solve.
      0 KSP Residual norm 5.708362191840e-01 
      1 KSP Residual norm 1.576056644768e-02 
      2 KSP Residual norm 3.518308083737e-03 
      3 KSP Residual norm 5.066216629432e-04 
      4 KSP Residual norm 9.872984967655e-05 
      5 KSP Residual norm 2.017674128352e-05 
      6 KSP Residual norm 3.761124408312e-06 
    Linear mg_coarse_ solve converged due to CONVERGED_RTOL iterations 6
  4 KSP Residual norm 2.554460249910e-06 
      Residual norms for mg_coarse_ solve.
      0 KSP Residual norm 5.193850741298e-01 
      1 KSP Residual norm 2.174393884746e-02 
      2 KSP Residual norm 3.341307483663e-03 
      3 KSP Residual norm 4.503942829589e-04 
      4 KSP Residual norm 9.112763700190e-05 
      5 KSP Residual norm 1.877193521182e-05 
      6 KSP Residual norm 3.455830555061e-06 
    Linear mg_coarse_ solve converged due to CONVERGED_RTOL iterations 6
  5 KSP Residual norm 4.919179576748e-07 
      Residual norms for mg_coarse_ solve.
      0 KSP Residual norm 2.869343372188e-01 
      1 KSP Residual norm 1.220825583453e-02 
      2 KSP Residual norm 1.658078845994e-04 
      3 KSP Residual norm 3.797042320366e-05 
      4 KSP Residual norm 5.786574632223e-06 
      5 KSP Residual norm 1.249177770930e-06 
    Linear mg_coarse_ solve converged due to CONVERGED_RTOL iterations 5
  6 KSP Residual norm 1.578732800422e-07 
      Residual norms for mg_coarse_ solve.
      0 KSP Residual norm 4.822994701116e-01 
      1 KSP Residual norm 1.540354038860e-02 
      2 KSP Residual norm 2.686357719652e-03 
      3 KSP Residual norm 3.594291328434e-04 
      4 KSP Residual norm 6.981358486911e-05 
      5 KSP Residual norm 1.449857121542e-05 
      6 KSP Residual norm 2.750981423226e-06 
    Linear mg_coarse_ solve converged due to CONVERGED_RTOL iterations 6
  7 KSP Residual norm 1.985735426102e-08 
      Residual norms for mg_coarse_ solve.
      0 KSP Residual norm 4.970855009942e-01 
      1 KSP Residual norm 1.562530597367e-02 
      2 KSP Residual norm 1.904029733187e-03 
      3 KSP Residual norm 2.554574167199e-04 
      4 KSP Residual norm 5.039089593322e-05 
      5 KSP Residual norm 1.004423691609e-05 
      6 KSP Residual norm 1.914957121680e-06 
    Linear mg_coarse_ solve converged due to CONVERGED_RTOL iterations 6
  8 KSP Residual norm 3.820614551285e-09 
iteration 2     0.0149993
time for 1 Picard Iteration 4344.12
Assembling matrices for level 0 and rank 0
Assembling matrices for level 1 and rank 0
Exited Assembling for rank0
Starting solve for rank 0
  0 KSP Residual norm 1.321001651689e-03 
      Residual norms for mg_coarse_ solve.
      0 KSP Residual norm 6.719466972099e+00 
      1 KSP Residual norm 2.664167973344e+00 
      2 KSP Residual norm 4.899614723241e-01 
      3 KSP Residual norm 9.907668637965e-02 
      4 KSP Residual norm 2.044592662250e-02 
      5 KSP Residual norm 3.784786754578e-03 
      6 KSP Residual norm 5.903786428109e-04 
      7 KSP Residual norm 9.798629201430e-05 
      8 KSP Residual norm 1.753288385753e-05 
    Linear mg_coarse_ solve converged due to CONVERGED_RTOL iterations 8
  1 KSP Residual norm 1.205027958128e-03 
      Residual norms for mg_coarse_ solve.
      0 KSP Residual norm 3.240356260445e-02 
      1 KSP Residual norm 9.135893163676e-04 
      2 KSP Residual norm 2.103259896897e-04 
      3 KSP Residual norm 3.881019408185e-05 
      4 KSP Residual norm 7.649829250383e-06 
      5 KSP Residual norm 1.470964139828e-06 
      6 KSP Residual norm 2.370986300905e-07 
    Linear mg_coarse_ solve converged due to CONVERGED_RTOL iterations 6
  2 KSP Residual norm 7.789968250971e-05 
      Residual norms for mg_coarse_ solve.
      0 KSP Residual norm 2.292997962438e-01 
      1 KSP Residual norm 6.662832655126e-03 
      2 KSP Residual norm 1.628589008438e-03 
      3 KSP Residual norm 2.811021923233e-04 
      4 KSP Residual norm 5.656558607999e-05 
      5 KSP Residual norm 1.102035944843e-05 
      6 KSP Residual norm 1.806881353611e-06 
    Linear mg_coarse_ solve converged due to CONVERGED_RTOL iterations 6
  3 KSP Residual norm 1.892683180489e-05 
      Residual norms for mg_coarse_ solve.
      0 KSP Residual norm 5.708300301425e-01 
      1 KSP Residual norm 1.564918852422e-02 
      2 KSP Residual norm 3.604904942913e-03 
      3 KSP Residual norm 5.653236452816e-04 
      4 KSP Residual norm 1.158663164388e-04 
      5 KSP Residual norm 2.299425850068e-05 
      6 KSP Residual norm 3.784525781993e-06 
    Linear mg_coarse_ solve converged due to CONVERGED_RTOL iterations 6
  4 KSP Residual norm 2.554436081425e-06 
      Residual norms for mg_coarse_ solve.
      0 KSP Residual norm 5.193858680612e-01 
      1 KSP Residual norm 2.168663375026e-02 
      2 KSP Residual norm 3.402429416893e-03 
      3 KSP Residual norm 5.009898220790e-04 
      4 KSP Residual norm 1.067242899891e-04 
      5 KSP Residual norm 2.158326627561e-05 
      6 KSP Residual norm 3.510162207477e-06 
    Linear mg_coarse_ solve converged due to CONVERGED_RTOL iterations 6
  5 KSP Residual norm 4.919060955667e-07 
      Residual norms for mg_coarse_ solve.
      0 KSP Residual norm 2.869359256059e-01 
      1 KSP Residual norm 1.220762040869e-02 
      2 KSP Residual norm 1.687627535221e-04 
      3 KSP Residual norm 4.104268700110e-05 
      4 KSP Residual norm 6.573322252533e-06 
      5 KSP Residual norm 1.347719283629e-06 
    Linear mg_coarse_ solve converged due to CONVERGED_RTOL iterations 5
  6 KSP Residual norm 1.578695828597e-07 
      Residual norms for mg_coarse_ solve.
      0 KSP Residual norm 4.822966563057e-01 
      1 KSP Residual norm 1.535202887771e-02 
      2 KSP Residual norm 2.738625006413e-03 
      3 KSP Residual norm 4.007405799266e-04 
      4 KSP Residual norm 8.189469935262e-05 
      5 KSP Residual norm 1.657099110321e-05 
      6 KSP Residual norm 2.789154267923e-06 
    Linear mg_coarse_ solve converged due to CONVERGED_RTOL iterations 6
  7 KSP Residual norm 1.985699380052e-08 
      Residual norms for mg_coarse_ solve.
      0 KSP Residual norm 4.970856211367e-01 
      1 KSP Residual norm 1.560182220973e-02 
      2 KSP Residual norm 1.936066557854e-03 
      3 KSP Residual norm 2.835813588665e-04 
      4 KSP Residual norm 5.906380733973e-05 
      5 KSP Residual norm 1.177270608454e-05 
      6 KSP Residual norm 2.004701138154e-06 
    Linear mg_coarse_ solve converged due to CONVERGED_RTOL iterations 6
  8 KSP Residual norm 3.820492767553e-09 
iteration 3     0.000355847
time for 1 Picard Iteration 4344.6
Assembling matrices for level 0 and rank 0
Assembling matrices for level 1 and rank 0
Exited Assembling for rank0
Starting solve for rank 0
  0 KSP Residual norm 1.321001651689e-03 
      Residual norms for mg_coarse_ solve.
      0 KSP Residual norm 6.719467076758e+00 
      1 KSP Residual norm 2.689826239898e+00 
      2 KSP Residual norm 4.826788470125e-01 
      3 KSP Residual norm 8.723537597481e-02 
      4 KSP Residual norm 1.760768294073e-02 
      5 KSP Residual norm 3.299984471531e-03 
      6 KSP Residual norm 5.245122772918e-04 
      7 KSP Residual norm 8.382146829390e-05 
      8 KSP Residual norm 1.508407309029e-05 
    Linear mg_coarse_ solve converged due to CONVERGED_RTOL iterations 8
  1 KSP Residual norm 1.205028000314e-03 
      Residual norms for mg_coarse_ solve.
      0 KSP Residual norm 3.240360321731e-02 
      1 KSP Residual norm 9.231696167234e-04 
      2 KSP Residual norm 2.063227919584e-04 
      3 KSP Residual norm 3.461859600830e-05 
      4 KSP Residual norm 6.556759994306e-06 
      5 KSP Residual norm 1.268353560499e-06 
      6 KSP Residual norm 2.091390659878e-07 
    Linear mg_coarse_ solve converged due to CONVERGED_RTOL iterations 6
  2 KSP Residual norm 7.789977851655e-05 
      Residual norms for mg_coarse_ solve.
      0 KSP Residual norm 2.292996567193e-01 
      1 KSP Residual norm 6.711357345734e-03 
      2 KSP Residual norm 1.607971149923e-03 
      3 KSP Residual norm 2.527193854764e-04 
      4 KSP Residual norm 4.822572092845e-05 
      5 KSP Residual norm 9.457647857128e-06 
      6 KSP Residual norm 1.585202596236e-06 
    Linear mg_coarse_ solve converged due to CONVERGED_RTOL iterations 6
  3 KSP Residual norm 1.892684470999e-05 
      Residual norms for mg_coarse_ solve.
      0 KSP Residual norm 5.708301708306e-01 
      1 KSP Residual norm 1.572118562570e-02 
      2 KSP Residual norm 3.571122369627e-03 
      3 KSP Residual norm 5.105816678647e-04 
      4 KSP Residual norm 9.862788610530e-05 
      5 KSP Residual norm 1.971669615829e-05 
      6 KSP Residual norm 3.313281744670e-06 
    Linear mg_coarse_ solve converged due to CONVERGED_RTOL iterations 6
  4 KSP Residual norm 2.554436711868e-06 
      Residual norms for mg_coarse_ solve.
      0 KSP Residual norm 5.193860458643e-01 
      1 KSP Residual norm 2.172530400053e-02 
      2 KSP Residual norm 3.380695534536e-03 
      3 KSP Residual norm 4.549201350896e-04 
      4 KSP Residual norm 9.086662628014e-05 
      5 KSP Residual norm 1.848366858794e-05 
      6 KSP Residual norm 3.067480200636e-06 
    Linear mg_coarse_ solve converged due to CONVERGED_RTOL iterations 6
  5 KSP Residual norm 4.919062299828e-07 
      Residual norms for mg_coarse_ solve.
      0 KSP Residual norm 2.869358326616e-01 
      1 KSP Residual norm 1.220752912409e-02 
      2 KSP Residual norm 1.657576407038e-04 
      3 KSP Residual norm 3.853562946058e-05 
      4 KSP Residual norm 5.876081041588e-06 
      5 KSP Residual norm 1.231122213071e-06 
    Linear mg_coarse_ solve converged due to CONVERGED_RTOL iterations 5
  6 KSP Residual norm 1.578696963779e-07 
      Residual norms for mg_coarse_ solve.
      0 KSP Residual norm 4.822967125843e-01 
      1 KSP Residual norm 1.538960214620e-02 
      2 KSP Residual norm 2.719119372142e-03 
      3 KSP Residual norm 3.629130765139e-04 
      4 KSP Residual norm 6.977302640447e-05 
      5 KSP Residual norm 1.421283118408e-05 
      6 KSP Residual norm 2.440532724310e-06 
    Linear mg_coarse_ solve converged due to CONVERGED_RTOL iterations 6
  7 KSP Residual norm 1.985701391145e-08 
      Residual norms for mg_coarse_ solve.
      0 KSP Residual norm 4.970857134049e-01 
      1 KSP Residual norm 1.561785471241e-02 
      2 KSP Residual norm 1.922478980769e-03 
      3 KSP Residual norm 2.576823431901e-04 
      4 KSP Residual norm 5.037371809782e-05 
      5 KSP Residual norm 1.005925314254e-05 
      6 KSP Residual norm 1.723588857314e-06 
    Linear mg_coarse_ solve converged due to CONVERGED_RTOL iterations 6
  8 KSP Residual norm 3.820500151852e-09 
iteration 4     6.99109e-06
time for 1 Picard Iteration 4345.56
Assembling matrices for level 0 and rank 0
Assembling matrices for level 1 and rank 0
Exited Assembling for rank0
Starting solve for rank 0
  0 KSP Residual norm 1.321001651689e-03 
      Residual norms for mg_coarse_ solve.
      0 KSP Residual norm 6.719467074741e+00 
      1 KSP Residual norm 2.665522217417e+00 
      2 KSP Residual norm 4.825120592047e-01 
      3 KSP Residual norm 8.692337364665e-02 
      4 KSP Residual norm 1.747654907874e-02 
      5 KSP Residual norm 3.277124540881e-03 
      6 KSP Residual norm 5.210428392695e-04 
      7 KSP Residual norm 8.242100378015e-05 
      8 KSP Residual norm 1.389165955384e-05 
    Linear mg_coarse_ solve converged due to CONVERGED_RTOL iterations 8
  1 KSP Residual norm 1.205027998910e-03 
      Residual norms for mg_coarse_ solve.
      0 KSP Residual norm 3.240360088933e-02 
      1 KSP Residual norm 9.143867169781e-04 
      2 KSP Residual norm 2.097806379976e-04 
      3 KSP Residual norm 3.463561062698e-05 
      4 KSP Residual norm 6.535158243399e-06 
      5 KSP Residual norm 1.265899588799e-06 
      6 KSP Residual norm 2.091613229180e-07 
    Linear mg_coarse_ solve converged due to CONVERGED_RTOL iterations 6
  2 KSP Residual norm 7.789977553526e-05 
      Residual norms for mg_coarse_ solve.
      0 KSP Residual norm 2.292997134658e-01 
      1 KSP Residual norm 6.662543536387e-03 
      2 KSP Residual norm 1.629572198024e-03 
      3 KSP Residual norm 2.524624107839e-04 
      4 KSP Residual norm 4.819967712562e-05 
      5 KSP Residual norm 9.473097670159e-06 
      6 KSP Residual norm 1.587096574559e-06 
    Linear mg_coarse_ solve converged due to CONVERGED_RTOL iterations 6
  3 KSP Residual norm 1.892684517023e-05 
      Residual norms for mg_coarse_ solve.
      0 KSP Residual norm 5.708301727636e-01 
      1 KSP Residual norm 1.564507528199e-02 
      2 KSP Residual norm 3.612082037519e-03 
      3 KSP Residual norm 5.098575027225e-04 
      4 KSP Residual norm 9.883570758710e-05 
      5 KSP Residual norm 1.974497541808e-05 
      6 KSP Residual norm 3.316561224960e-06 
    Linear mg_coarse_ solve converged due to CONVERGED_RTOL iterations 6
  4 KSP Residual norm 2.554436868151e-06 
      Residual norms for mg_coarse_ solve.
      0 KSP Residual norm 5.193861046610e-01 
      1 KSP Residual norm 2.168540207801e-02 
      2 KSP Residual norm 3.412347763583e-03 
      3 KSP Residual norm 4.546185594220e-04 
      4 KSP Residual norm 9.135122892044e-05 
      5 KSP Residual norm 1.849768073774e-05 
      6 KSP Residual norm 3.071182672107e-06 
    Linear mg_coarse_ solve converged due to CONVERGED_RTOL iterations 6
  5 KSP Residual norm 4.919062036447e-07 
      Residual norms for mg_coarse_ solve.
      0 KSP Residual norm 2.869358103983e-01 
      1 KSP Residual norm 1.220726954324e-02 
      2 KSP Residual norm 1.633048409572e-04 
      3 KSP Residual norm 3.736221066632e-05 
      4 KSP Residual norm 5.309003137838e-06 
      5 KSP Residual norm 1.145277282600e-06 
    Linear mg_coarse_ solve converged due to CONVERGED_RTOL iterations 5
  6 KSP Residual norm 1.578697015088e-07 
      Residual norms for mg_coarse_ solve.
      0 KSP Residual norm 4.822967047742e-01 
      1 KSP Residual norm 1.535113640672e-02 
      2 KSP Residual norm 2.746803065118e-03 
      3 KSP Residual norm 3.623184378925e-04 
      4 KSP Residual norm 6.998277847628e-05 
      5 KSP Residual norm 1.424887994156e-05 
      6 KSP Residual norm 2.446072598732e-06 
    Linear mg_coarse_ solve converged due to CONVERGED_RTOL iterations 6
  7 KSP Residual norm 1.985702095421e-08 
      Residual norms for mg_coarse_ solve.
      0 KSP Residual norm 4.970856231238e-01 
      1 KSP Residual norm 1.559925059512e-02 
      2 KSP Residual norm 1.937561795651e-03 
      3 KSP Residual norm 2.563964253202e-04 
      4 KSP Residual norm 5.037211431519e-05 
      5 KSP Residual norm 1.011956485595e-05 
      6 KSP Residual norm 1.752729982179e-06 
    Linear mg_coarse_ solve converged due to CONVERGED_RTOL iterations 6
  8 KSP Residual norm 3.820504422790e-09 
iteration 5     1.19344e-07
time for 1 Picard Iteration 4343.67
Finished Picard Loop
time taken for solve is26070
************************************************************************************************************************
***             WIDEN YOUR WINDOW TO 120 CHARACTERS.  Use 'enscript -r -fCourier9' to print this document            ***
************************************************************************************************************************

---------------------------------------------- PETSc Performance Summary: ----------------------------------------------

/home/a/asarkar/sudhipv/software/FreeFem-sources/src/mpi/FreeFem++-mpi on a  named nia0549.scinet.local with 800 processors, by sudhipv Fri Nov 25 14:15:16 2022
Using Petsc Release Version 3.15.0, Mar 30, 2021 

                         Max       Max/Min     Avg       Total
Time (sec):           2.607e+04     1.000   2.607e+04
Objects:              1.900e+02     1.000   1.900e+02
Flop:                 7.876e+13     1.671   6.066e+13  4.853e+16
Flop/sec:             3.021e+09     1.671   2.327e+09  1.861e+12
MPI Messages:         8.120e+03     8.000   5.771e+03  4.617e+06
MPI Message Lengths:  2.414e+08     3.435   3.194e+04  1.475e+11
MPI Reductions:       1.040e+03     1.000

Flop counting convention: 1 flop = 1 real number operation of type (multiply/divide/add/subtract)
                            e.g., VecAXPY() for real vectors of length N --> 2N flop
                            and VecAXPY() for complex vectors of length N --> 8N flop

Summary of Stages:   ----- Time ------  ----- Flop ------  --- Messages ---  -- Message Lengths --  -- Reductions --
                        Avg     %Total     Avg     %Total    Count   %Total     Avg         %Total    Count   %Total
 0:      Main Stage: 2.6072e+04 100.0%  4.8529e+16 100.0%  4.617e+06 100.0%  3.194e+04      100.0%  1.022e+03  98.3%

------------------------------------------------------------------------------------------------------------------------
See the 'Profiling' chapter of the users' manual for details on interpreting output.
Phase summary info:
   Count: number of times phase was executed
   Time and Flop: Max - maximum over all processors
                  Ratio - ratio of maximum to minimum over all processors
   Mess: number of messages sent
   AvgLen: average message length (bytes)
   Reduct: number of global reductions
   Global: entire computation
   Stage: stages of a computation. Set stages with PetscLogStagePush() and PetscLogStagePop().
      %T - percent time in this phase         %F - percent flop in this phase
      %M - percent messages in this phase     %L - percent message lengths in this phase
      %R - percent reductions in this phase
   Total Mflop/s: 10e-6 * (sum of flop over all processors)/(max time over all processors)
------------------------------------------------------------------------------------------------------------------------
Event                Count      Time (sec)     Flop                              --- Global ---  --- Stage ----  Total
                   Max Ratio  Max     Ratio   Max  Ratio  Mess   AvgLen  Reduct  %T %F %M %L %R  %T %F %M %L %R Mflop/s
------------------------------------------------------------------------------------------------------------------------

--- Event Stage 0: Main Stage

BuildTwoSided         17 1.0 5.5826e+03428.4 0.00e+00 0.0 1.4e+04 4.0e+00 1.5e+01  6  0  0  0  1   6  0  0  0  1     0
BuildTwoSidedF        12 1.0 5.5812e+03456.0 0.00e+00 0.0 0.0e+00 0.0e+00 1.2e+01  6  0  0  0  1   6  0  0  0  1     0
MatMult              673 1.0 3.0203e+01 1.2 1.37e+10 1.3 3.1e+06 7.2e+03 2.0e+00  0  0 67 15  0   0  0 67 15  0 322585
MatMultAdd            50 1.0 3.6979e-01 5.3 4.46e+06 1.3 2.3e+05 1.6e+04 0.0e+00  0  0  5  2  0   0  0  5  2  0  8678
MatMultTranspose      50 1.0 2.1064e+0018.1 0.00e+00 0.0 2.3e+05 5.1e+04 0.0e+00  0  0  5  8  0   0  0  5  8  0     0
MatSolve             266 1.0 4.2891e+01 1.4 7.87e+13 1.7 0.0e+00 0.0e+00 0.0e+00  0100  0  0  0   0100  0  0  0 1131184795
MatLUFactorSym         1 1.0 8.2311e-01 1.5 0.00e+00 0.0 0.0e+00 0.0e+00 0.0e+00  0  0  0  0  0   0  0  0  0  0     0
MatLUFactorNum         6 1.0 3.6371e+01 1.4 9.99e+08 1.6 0.0e+00 0.0e+00 0.0e+00  0  0  0  0  0   0  0  0  0  0 17836
MatConvert             6 1.0 9.8580e-01 1.0 0.00e+00 0.0 0.0e+00 0.0e+00 2.4e+01  0  0  0  0  2   0  0  0  0  2     0
MatResidual           50 1.0 3.9732e+00 1.4 1.74e+09 1.3 2.3e+05 8.8e+03 0.0e+00  0  0  5  1  0   0  0  5  1  0 316132
MatAssemblyBegin      26 1.0 5.5812e+03456.0 0.00e+00 0.0 0.0e+00 0.0e+00 1.2e+01  6  0  0  0  1   6  0  0  0  1     0
MatAssemblyEnd        26 1.0 1.1004e+031186.8 0.00e+00 0.0 0.0e+00 0.0e+00 3.2e+01  1  0  0  0  3   1  0  0  0  3     0
MatGetRowIJ           13 1.0 1.4757e-02 1.9 0.00e+00 0.0 0.0e+00 0.0e+00 0.0e+00  0  0  0  0  0   0  0  0  0  0     0
MatCreateSubMats       6 1.0 4.2370e+00 1.4 0.00e+00 0.0 4.5e+04 2.2e+06 1.0e+00  0  0  1 69  0   0  0  1 69  0     0
MatGetOrdering         1 1.0 4.0975e-02 2.2 0.00e+00 0.0 0.0e+00 0.0e+00 0.0e+00  0  0  0  0  0   0  0  0  0  0     0
MatIncreaseOvrlp       1 1.0 6.9002e-02 1.8 0.00e+00 0.0 0.0e+00 0.0e+00 1.0e+00  0  0  0  0  0   0  0  0  0  0     0
MatZeroEntries        10 1.0 4.1825e-01 3.7 0.00e+00 0.0 0.0e+00 0.0e+00 0.0e+00  0  0  0  0  0   0  0  0  0  0     0
KSPSetUp              13 1.0 5.7682e+01 1.0 1.95e+13 1.7 6.4e+05 1.7e+05 1.4e+02  0 25 14 72 14   0 25 14 72 14 208740043
KSPSolve               6 1.0 1.8405e+02 1.0 5.92e+13 1.7 3.9e+06 1.0e+04 8.0e+02  1 75 85 27 77   1 75 85 27 79 198246817
KSPGMRESOrthog       423 1.0 1.4594e+01 3.6 1.57e+08 1.4 0.0e+00 0.0e+00 4.2e+02  0  0  0  0 41   0  0  0  0 41  7512
PCSetUp               11 1.0 1.2010e+02 1.0 1.95e+13 1.7 6.4e+05 1.7e+05 1.7e+02  0 25 14 72 16   0 25 14 72 16 100257024
PCSetUpOnBlocks      106 1.0 6.7997e+00 1.3 1.67e+08 1.6 0.0e+00 0.0e+00 0.0e+00  0  0  0  0  0   0  0  0  0  0 15901
PCApply               50 1.0 1.7968e+02 1.0 5.92e+13 1.7 3.7e+06 1.0e+04 7.0e+02  1 75 80 25 67   1 75 80 25 68 203066750
PCApplyOnBlocks      266 1.0 7.2112e+01 1.4 7.88e+13 1.7 0.0e+00 0.0e+00 0.0e+00  0100  0  0  0   0100  0  0  0 672824728
VecMDot              423 1.0 1.4552e+01 3.6 7.85e+07 1.4 0.0e+00 0.0e+00 4.2e+02  0  0  0  0 41   0  0  0  0 41  3766
VecNorm              485 1.0 1.3106e+01 7.4 1.97e+07 1.4 0.0e+00 0.0e+00 4.8e+02  0  0  0  0 47   0  0  0  0 47  1043
VecScale             585 1.0 3.7876e-03 1.5 9.86e+06 1.4 0.0e+00 0.0e+00 0.0e+00  0  0  0  0  0   0  0  0  0  0 1804591
VecCopy              578 1.0 2.6832e-02 1.9 0.00e+00 0.0 0.0e+00 0.0e+00 0.0e+00  0  0  0  0  0   0  0  0  0  0     0
VecSet              1391 1.0 1.1717e-01 2.2 0.00e+00 0.0 0.0e+00 0.0e+00 0.0e+00  0  0  0  0  0   0  0  0  0  0     0
VecAXPY              112 1.0 1.3406e-02 2.9 6.75e+06 1.3 0.0e+00 0.0e+00 0.0e+00  0  0  0  0  0   0  0  0  0  0 356837
VecAYPX              300 1.0 3.2202e-02 1.6 1.79e+07 1.3 0.0e+00 0.0e+00 0.0e+00  0  0  0  0  0   0  0  0  0  0 398619
VecAXPBYCZ           100 1.0 2.0118e-02 1.5 2.23e+07 1.3 0.0e+00 0.0e+00 0.0e+00  0  0  0  0  0   0  0  0  0  0 797576
VecMAXPY             485 1.0 6.1966e-02 1.5 9.59e+07 1.4 0.0e+00 0.0e+00 0.0e+00  0  0  0  0  0   0  0  0  0  0 1079743
VecScatterBegin     1687 1.0 1.7182e+00 9.0 0.00e+00 0.0 4.1e+06 7.1e+03 3.0e+00  0  0 88 20  0   0  0 88 20  0     0
VecScatterEnd       1687 1.0 6.5566e+0076.3 0.00e+00 0.0 0.0e+00 0.0e+00 0.0e+00  0  0  0  0  0   0  0  0  0  0     0
VecNormalize         429 1.0 1.3080e+01 7.5 2.21e+07 1.4 0.0e+00 0.0e+00 4.3e+02  0  0  0  0 41   0  0  0  0 42  1155
SFSetGraph             5 1.0 1.6275e-04 2.6 0.00e+00 0.0 0.0e+00 0.0e+00 0.0e+00  0  0  0  0  0   0  0  0  0  0     0
SFSetUp                5 1.0 1.5897e+0076.2 0.00e+00 0.0 2.7e+04 1.8e+03 3.0e+00  0  0  1  0  0   0  0  1  0  0     0
SFReduceBegin        266 1.0 2.2733e-02 1.3 0.00e+00 0.0 0.0e+00 0.0e+00 0.0e+00  0  0  0  0  0   0  0  0  0  0     0
SFReduceEnd          266 1.0 2.3446e-04 1.7 0.00e+00 0.0 0.0e+00 0.0e+00 0.0e+00  0  0  0  0  0   0  0  0  0  0     0
SFPack              1687 1.0 2.0726e-02 2.8 0.00e+00 0.0 0.0e+00 0.0e+00 0.0e+00  0  0  0  0  0   0  0  0  0  0     0
SFUnpack            1687 1.0 5.7521e-0317.4 0.00e+00 0.0 0.0e+00 0.0e+00 0.0e+00  0  0  0  0  0   0  0  0  0  0     0
------------------------------------------------------------------------------------------------------------------------

Memory usage is given in bytes:

Object Type          Creations   Destructions     Memory  Descendants' Mem.
Reports information only for process 0.

--- Event Stage 0: Main Stage

              Matrix    17             17    415172428     0.
       Krylov Solver     5              5        72264     0.
      Preconditioner     5              5         6024     0.
              Viewer     2              1          848     0.
              Vector   120            120     26368640     0.
           Index Set    20             20      2390168     0.
   IS L to G Mapping     1              1       519464     0.
   Star Forest Graph    11             11        12600     0.
    Distributed Mesh     3              3        15144     0.
     Discrete System     3              3         2712     0.
           Weak Form     3              3         2472     0.
========================================================================================================================
Average time to get PetscTime(): 3.21001e-08
Average time for MPI_Barrier(): 8.414e-05
Average time for zero size MPI_Send(): 1.32611e-06
#PETSc Option Table entries:
-ksp_max_it 200
-ksp_monitor
-ksp_pc_side right
-ksp_type fgmres
-log_view
-m 378
-mg_coarse_ksp_converged_reason
-mg_coarse_ksp_monitor
-mg_coarse_ksp_pc_side right
-mg_coarse_ksp_type gmres
-mg_coarse_pc_type hypre
-mg_levels_pc_type asm
-mg_levels_sub_pc_factor_mat_solver_type mumps
-mg_levels_sub_pc_type lu
-n 378
-nw
-pc_mg_type multiplicative
-pc_type mg
#End of PETSc Option Table entries
Compiled without FORTRAN kernels
Compiled with full precision matrices (default)
sizeof(short) 2 sizeof(int) 4 sizeof(long) 8 sizeof(void*) 8 sizeof(PetscScalar) 8 sizeof(PetscInt) 4
Configure options: --prefix=/home/a/asarkar/sudhipv/software/FreeFem-sources/install/ff-petsc/r MAKEFLAGS= --with-debugging=0 COPTFLAGS="-O3 -mtune=native" CXXOPTFLAGS="-O3 -mtune=native" FOPTFLAGS="-O3 -mtune=native" --with-cxx-dialect=C++11 --with-ssl=0 --with-x=0 --with-fortran-bindings=0 --with-cudac=0 --with-cc=/cvmfs/soft.computecanada.ca/easybuild/software/2020/avx512/Compiler/intel2020/openmpi/4.0.3/bin/mpicc --with-cxx=/cvmfs/soft.computecanada.ca/easybuild/software/2020/avx512/Compiler/intel2020/openmpi/4.0.3/bin/mpic++ --with-fc=/cvmfs/soft.computecanada.ca/easybuild/software/2020/avx512/Compiler/intel2020/openmpi/4.0.3/bin/mpif90 --with-scalar-type=real --with-blaslapack-include=/cvmfs/soft.computecanada.ca/easybuild/software/2020/Core/imkl/2020.1.217/mkl/include --with-blaslapack-lib="-Wl,-rpath,/cvmfs/soft.computecanada.ca/easybuild/software/2020/Core/imkl/2020.1.217/mkl/lib/intel64 -L/cvmfs/soft.computecanada.ca/easybuild/software/2020/Core/imkl/2020.1.217/mkl/lib/intel64 -lmkl_rt -lmkl_intel_thread -lmkl_core  -liomp5 -lpthread" --download-metis --download-ptscotch --download-hypre --download-parmetis --download-mmg --download-parmmg --download-superlu --download-suitesparse --download-tetgen --download-slepc --download-hpddm --download-scalapack --download-mumps --download-slepc-configure-arguments=--download-arpack=https://github.com/prj-/arpack-ng/archive/b64dccb.tar.gz PETSC_ARCH=fr
-----------------------------------------
Libraries compiled on 2021-05-02 15:39:49 on nia-login03.scinet.local 
Machine characteristics: Linux-3.10.0-957.27.2.el7.x86_64-x86_64-with-centos-7.6.1810-Core
Using PETSc directory: /home/a/asarkar/sudhipv/software/FreeFem-sources/install/ff-petsc/r
Using PETSc arch: 
-----------------------------------------

Using C compiler: /cvmfs/soft.computecanada.ca/easybuild/software/2020/avx512/Compiler/intel2020/openmpi/4.0.3/bin/mpicc  -fPIC -wd1572 -O3 -mtune=native   
Using Fortran compiler: /cvmfs/soft.computecanada.ca/easybuild/software/2020/avx512/Compiler/intel2020/openmpi/4.0.3/bin/mpif90  -fPIC -O3 -mtune=native     
-----------------------------------------

Using include paths: -I/home/a/asarkar/sudhipv/software/FreeFem-sources/install/ff-petsc/r/include -I/cvmfs/soft.computecanada.ca/easybuild/software/2020/Core/imkl/2020.1.217/mkl/include
-----------------------------------------

Using C linker: /cvmfs/soft.computecanada.ca/easybuild/software/2020/avx512/Compiler/intel2020/openmpi/4.0.3/bin/mpicc
Using Fortran linker: /cvmfs/soft.computecanada.ca/easybuild/software/2020/avx512/Compiler/intel2020/openmpi/4.0.3/bin/mpif90
Using libraries: -Wl,-rpath,/home/a/asarkar/sudhipv/software/FreeFem-sources/install/ff-petsc/r/lib -L/home/a/asarkar/sudhipv/software/FreeFem-sources/install/ff-petsc/r/lib -lpetsc -Wl,-rpath,/home/a/asarkar/sudhipv/software/FreeFem-sources/install/ff-petsc/r/lib -L/home/a/asarkar/sudhipv/software/FreeFem-sources/install/ff-petsc/r/lib -Wl,-rpath,/cvmfs/soft.computecanada.ca/easybuild/software/2020/Core/imkl/2020.1.217/mkl/lib/intel64 -L/cvmfs/soft.computecanada.ca/easybuild/software/2020/Core/imkl/2020.1.217/mkl/lib/intel64 -Wl,-rpath,/cvmfs/soft.computecanada.ca/easybuild/software/2020/avx512/Compiler/intel2020/openmpi/4.0.3/lib -L/cvmfs/soft.computecanada.ca/easybuild/software/2020/avx512/Compiler/intel2020/openmpi/4.0.3/lib -Wl,-rpath,/cvmfs/soft.computecanada.ca/easybuild/software/2020/avx512/Core/libfabric/1.10.1/lib -L/cvmfs/soft.computecanada.ca/easybuild/software/2020/avx512/Core/libfabric/1.10.1/lib -Wl,-rpath,/cvmfs/soft.computecanada.ca/easybuild/software/2020/avx512/Core/ucx/1.8.0/lib -L/cvmfs/soft.computecanada.ca/easybuild/software/2020/avx512/Core/ucx/1.8.0/lib -Wl,-rpath,/cvmfs/soft.computecanada.ca/easybuild/software/2020/Core/imkl/2020.1.217/lib/intel64 -L/cvmfs/soft.computecanada.ca/easybuild/software/2020/Core/imkl/2020.1.217/lib/intel64 -Wl,-rpath,/cvmfs/restricted.computecanada.ca/easybuild/software/2020/Core/intel/2020.1.217/compilers_and_libraries_2020.1.217/linux/tbb/lib/intel64/gcc4.8 -L/cvmfs/restricted.computecanada.ca/easybuild/software/2020/Core/intel/2020.1.217/compilers_and_libraries_2020.1.217/linux/tbb/lib/intel64/gcc4.8 -Wl,-rpath,/cvmfs/restricted.computecanada.ca/easybuild/software/2020/Core/intel/2020.1.217/compilers_and_libraries_2020.1.217/linux/compiler/lib/intel64_lin -L/cvmfs/restricted.computecanada.ca/easybuild/software/2020/Core/intel/2020.1.217/compilers_and_libraries_2020.1.217/linux/compiler/lib/intel64_lin -Wl,-rpath,/cvmfs/soft.computecanada.ca/easybuild/software/2020/avx512/Compiler/intel2020/openmpi/4.0.3/lib64 -L/cvmfs/soft.computecanada.ca/easybuild/software/2020/avx512/Compiler/intel2020/openmpi/4.0.3/lib64 -Wl,-rpath,/cvmfs/soft.computecanada.ca/easybuild/software/2020/Core/gcccore/9.3.0/lib/gcc/x86_64-pc-linux-gnu/9.3.0 -L/cvmfs/soft.computecanada.ca/easybuild/software/2020/Core/gcccore/9.3.0/lib/gcc/x86_64-pc-linux-gnu/9.3.0 -Wl,-rpath,/cvmfs/soft.computecanada.ca/easybuild/software/2020/Core/gcccore/9.3.0/lib64 -L/cvmfs/soft.computecanada.ca/easybuild/software/2020/Core/gcccore/9.3.0/lib64 -Wl,-rpath,/cvmfs/soft.computecanada.ca/gentoo/2020/lib64 -L/cvmfs/soft.computecanada.ca/gentoo/2020/lib64 -Wl,-rpath,/cvmfs/soft.computecanada.ca/gentoo/2020/usr/lib64 -L/cvmfs/soft.computecanada.ca/gentoo/2020/usr/lib64 -Wl,-rpath,/cvmfs/soft.computecanada.ca/easybuild/software/2020/Core/gcccore/9.3.0/lib -L/cvmfs/soft.computecanada.ca/easybuild/software/2020/Core/gcccore/9.3.0/lib -Wl,-rpath,/cvmfs/soft.computecanada.ca/gentoo/2020/lib -L/cvmfs/soft.computecanada.ca/gentoo/2020/lib -Wl,-rpath,/cvmfs/soft.computecanada.ca/gentoo/2020/usr/lib -L/cvmfs/soft.computecanada.ca/gentoo/2020/usr/lib -lHYPRE -lcmumps -ldmumps -lsmumps -lzmumps -lmumps_common -lpord -lscalapack -lumfpack -lklu -lcholmod -lbtf -lccolamd -lcolamd -lcamd -lamd -lsuitesparseconfig -lsuperlu -lmkl_rt -lmkl_intel_thread -lmkl_core -liomp5 -lpthread -lparmmg -lmmg -lmmg3d -lptesmumps -lptscotchparmetis -lptscotch -lptscotcherr -lesmumps -lscotch -lscotcherr -lpthread -lparmetis -lmetis -ltet -lstdc++ -ldl -lmpi_usempif08 -lmpi_usempi_ignore_tkr -lmpi_mpifh -lmpi -lifport -lifcoremt_pic -limf -lsvml -lm -lipgo -lirc -lpthread -lgcc_s -lirc_s -lrt -lquadmath -lstdc++ -ldl
-----------------------------------------


scontrol show jobid 8481719
JobId=8481719 JobName=NLstoweak_5RV
   UserId=sudhipv(3061414) GroupId=asarkar(6001189) MCS_label=N/A
   Priority=1084522 Nice=0 Account=def-asarkar QOS=normal
   JobState=COMPLETED Reason=None Dependency=(null)
   Requeue=0 Restarts=0 BatchFlag=1 Reboot=0 ExitCode=0:0
   RunTime=07:15:17 TimeLimit=08:30:00 TimeMin=N/A
   SubmitTime=2022-11-24T22:25:06 EligibleTime=2022-11-24T22:25:06
   AccrueTime=2022-11-24T22:25:06
   StartTime=2022-11-25T07:00:18 EndTime=2022-11-25T14:15:35 Deadline=N/A
   SuspendTime=None SecsPreSuspend=0 LastSchedEval=2022-11-25T07:00:18 Scheduler=Backfill
   Partition=compute AllocNode:Sid=nia-login03:130101
   ReqNodeList=(null) ExcNodeList=(null)
   NodeList=nia[0549-0550,0895-0898,1050-1053,1079-1082,1109-1111,1177-1179]
   BatchHost=nia0549
   NumNodes=20 NumCPUs=1600 NumTasks=800 CPUs/Task=1 ReqB:S:C:T=0:0:*:*
   TRES=cpu=1600,mem=3500000M,node=20,billing=800
   Socks/Node=* NtasksPerN:B:S:C=40:0:*:* CoreSpec=*
   MinCPUsNode=40 MinMemoryNode=175000M MinTmpDiskNode=0
   Features=[skylake|cascade] DelayBoot=00:00:00
   OverSubscribe=NO Contiguous=0 Licenses=(null) Network=(null)
   Command=/gpfs/fs0/scratch/a/asarkar/sudhipv/poisson_hpc/stochastic/process_NL/weak_RV/runff_niagara.sh
   WorkDir=/gpfs/fs0/scratch/a/asarkar/sudhipv/poisson_hpc/stochastic/process_NL/weak_RV
   Comment=/opt/slurm/bin/sbatch --export=NONE runff_niagara.sh 
   StdErr=/gpfs/fs0/scratch/a/asarkar/sudhipv/poisson_hpc/stochastic/process_NL/weak_RV/NLstoweak_5RV-8481719.out
   StdIn=/dev/null
   StdOut=/gpfs/fs0/scratch/a/asarkar/sudhipv/poisson_hpc/stochastic/process_NL/weak_RV/NLstoweak_5RV-8481719.out
   Power=
   MailUser=sudhipv@cmail.carleton.ca MailType=INVALID_DEPEND,BEGIN,END,FAIL,REQUEUE,STAGE_OUT
   

sacct -j 8481719
JobID           JobName    Account    Elapsed  MaxVMSize     MaxRSS  SystemCPU    UserCPU ExitCode 
------------ ---------- ---------- ---------- ---------- ---------- ---------- ---------- -------- 
8481719      NLstoweak+ def-asark+   07:15:17                         07:58:47 240-16:11+      0:0 
8481719.bat+      batch def-asark+   07:15:17 157460580K 117196620K  35:54.730 12-00:36:+      0:0 
8481719.ext+     extern def-asark+   07:15:18    142384K      1140K  00:00.008  00:00.008      0:0 
8481719.0         orted def-asark+   07:15:00 158438888K 121527908K   07:22:52 228-15:34+      0:0 
