
The following have been reloaded with a version change:
  1) mii/1.1.1 => mii/1.1.2

/cvmfs/soft.computecanada.ca/easybuild/software/2020/avx512/Compiler/intel2020/openmpi/4.0.3/bin/mpiexec
/cvmfs/soft.computecanada.ca/easybuild/software/2020/avx512/Compiler/intel2020/openmpi/4.0.3/bin/mpirun
Number of Vertices for coarse grid  160801
Number of Vertices for fine mesh is  641601
2	
	-111111	  4	
number of random variable  3
order of input  2
order of output  3
Number of input PC   10
Number of output PC  20
Mean of Gaussian  0
Sd of Gaussian  0.3
Size of linear System  1.2832e+07
sindex is 25 2	
	   1   1
	   1   2
	   2   1
	   2   2
	   1   3
	   3   1
	   2   3
	   3   2
	   1   4
	   4   1
	   3   3
	   2   4
	   4   2
	   3   4
	   4   3
	   1   5
	   5   1
	   2   5
	   5   2
	   4   4
	   3   5
	   5   3
	   1   6
	   6   1
	   2   6
	
mindex for file ./kledata/Tijkl/multiIndex_O3_D3.dat is 20 3	
	   0   0   0
	   1   0   0
	   0   1   0
	   0   0   1
	   2   0   0
	   1   1   0
	   1   0   1
	   0   2   0
	   0   1   1
	   0   0   2
	   3   0   0
	   2   1   0
	   2   0   1
	   1   2   0
	   1   1   1
	   1   0   2
	   0   3   0
	   0   2   1
	   0   1   2
	   0   0   3
	
Finished generating log normal input coefficients for rank 0
Assembling matrices for level 0 and rank 0
Assembling matrices for level 1 and rank 0
Exited Assembling for rank0
Starting solve for rank 0
  0 KSP Residual norm 1.248437500000e-03 
      Residual norms for mg_coarse_ solve.
      0 KSP Residual norm 1.214648970129e+01 
      1 KSP Residual norm 2.017125342402e+00 
      2 KSP Residual norm 3.248940977168e-01 
      3 KSP Residual norm 5.331133561093e-02 
      4 KSP Residual norm 9.002819543878e-03 
      5 KSP Residual norm 1.268781936227e-03 
      6 KSP Residual norm 1.578342678636e-04 
      7 KSP Residual norm 2.036003115328e-05 
    Linear mg_coarse_ solve converged due to CONVERGED_RTOL iterations 7
  1 KSP Residual norm 1.208455997367e-03 
      Residual norms for mg_coarse_ solve.
      0 KSP Residual norm 3.030578182996e-02 
      1 KSP Residual norm 5.555888283616e-04 
      2 KSP Residual norm 9.426480969476e-05 
      3 KSP Residual norm 1.315762030486e-05 
      4 KSP Residual norm 2.324291536867e-06 
      5 KSP Residual norm 3.454110247134e-07 
      6 KSP Residual norm 4.354700070547e-08 
    Linear mg_coarse_ solve converged due to CONVERGED_RTOL iterations 6
  2 KSP Residual norm 1.170962149300e-04 
      Residual norms for mg_coarse_ solve.
      0 KSP Residual norm 1.877543984801e-01 
      1 KSP Residual norm 8.321718186372e-03 
      2 KSP Residual norm 3.069045352741e-04 
      3 KSP Residual norm 5.350429617476e-05 
      4 KSP Residual norm 7.962021013706e-06 
      5 KSP Residual norm 1.291787623470e-06 
    Linear mg_coarse_ solve converged due to CONVERGED_RTOL iterations 5
  3 KSP Residual norm 4.363451962143e-05 
      Residual norms for mg_coarse_ solve.
      0 KSP Residual norm 4.192436623469e-01 
      1 KSP Residual norm 2.290846363319e-02 
      2 KSP Residual norm 5.185419972412e-04 
      3 KSP Residual norm 3.221907995901e-05 
      4 KSP Residual norm 6.095684685627e-06 
      5 KSP Residual norm 9.020022338527e-07 
    Linear mg_coarse_ solve converged due to CONVERGED_RTOL iterations 5
  4 KSP Residual norm 9.110145045216e-06 
      Residual norms for mg_coarse_ solve.
      0 KSP Residual norm 4.917006948492e-01 
      1 KSP Residual norm 2.505918145840e-02 
      2 KSP Residual norm 8.355352731816e-04 
      3 KSP Residual norm 1.322521686236e-04 
      4 KSP Residual norm 1.873811197334e-05 
      5 KSP Residual norm 3.230952766098e-06 
    Linear mg_coarse_ solve converged due to CONVERGED_RTOL iterations 5
  5 KSP Residual norm 2.046971195691e-06 
      Residual norms for mg_coarse_ solve.
      0 KSP Residual norm 4.962980867646e-01 
      1 KSP Residual norm 1.958556653366e-02 
      2 KSP Residual norm 7.755421709752e-04 
      3 KSP Residual norm 1.318183790758e-04 
      4 KSP Residual norm 2.061537180888e-05 
      5 KSP Residual norm 3.300375051661e-06 
    Linear mg_coarse_ solve converged due to CONVERGED_RTOL iterations 5
  6 KSP Residual norm 4.758525555325e-07 
      Residual norms for mg_coarse_ solve.
      0 KSP Residual norm 3.296780426245e-01 
      1 KSP Residual norm 1.545859311523e-02 
      2 KSP Residual norm 3.848728811601e-04 
      3 KSP Residual norm 2.587684869362e-05 
      4 KSP Residual norm 4.539520102046e-06 
      5 KSP Residual norm 6.284850172891e-07 
    Linear mg_coarse_ solve converged due to CONVERGED_RTOL iterations 5
  7 KSP Residual norm 1.800467432524e-07 
      Residual norms for mg_coarse_ solve.
      0 KSP Residual norm 3.681078765246e-01 
      1 KSP Residual norm 1.967576421280e-02 
      2 KSP Residual norm 6.323785797328e-04 
      3 KSP Residual norm 1.055866875222e-04 
      4 KSP Residual norm 1.509380903372e-05 
      5 KSP Residual norm 2.512345190701e-06 
    Linear mg_coarse_ solve converged due to CONVERGED_RTOL iterations 5
  8 KSP Residual norm 5.997975529929e-08 
      Residual norms for mg_coarse_ solve.
      0 KSP Residual norm 4.547356761020e-01 
      1 KSP Residual norm 1.781195675049e-02 
      2 KSP Residual norm 4.831184768763e-04 
      3 KSP Residual norm 8.120127426608e-05 
      4 KSP Residual norm 1.244524820620e-05 
      5 KSP Residual norm 2.054139211836e-06 
    Linear mg_coarse_ solve converged due to CONVERGED_RTOL iterations 5
  9 KSP Residual norm 1.145744578334e-08 
iteration 0     0.982347
time for 1 Picard Iteration 952.312
Assembling matrices for level 0 and rank 0
Assembling matrices for level 1 and rank 0
Exited Assembling for rank0
Starting solve for rank 0
  0 KSP Residual norm 1.248437500000e-03 
      Residual norms for mg_coarse_ solve.
      0 KSP Residual norm 1.214863053004e+01 
      1 KSP Residual norm 2.139446492092e+00 
      2 KSP Residual norm 3.207209056167e-01 
      3 KSP Residual norm 4.986155068260e-02 
      4 KSP Residual norm 8.119133622752e-03 
      5 KSP Residual norm 1.337889574002e-03 
      6 KSP Residual norm 1.968571227244e-04 
      7 KSP Residual norm 2.814244790337e-05 
    Linear mg_coarse_ solve converged due to CONVERGED_RTOL iterations 7
  1 KSP Residual norm 1.208473217926e-03 
      Residual norms for mg_coarse_ solve.
      0 KSP Residual norm 3.014174426600e-02 
      1 KSP Residual norm 5.054956262922e-04 
      2 KSP Residual norm 7.780225702340e-05 
      3 KSP Residual norm 1.047035047775e-05 
      4 KSP Residual norm 1.715808208972e-06 
      5 KSP Residual norm 2.857603941415e-07 
    Linear mg_coarse_ solve converged due to CONVERGED_RTOL iterations 5
  2 KSP Residual norm 1.112132970638e-04 
      Residual norms for mg_coarse_ solve.
      0 KSP Residual norm 1.324240473683e-01 
      1 KSP Residual norm 2.364288192839e-03 
      2 KSP Residual norm 2.110397860441e-04 
      3 KSP Residual norm 2.910589692833e-05 
      4 KSP Residual norm 4.830415064725e-06 
      5 KSP Residual norm 7.666918824201e-07 
    Linear mg_coarse_ solve converged due to CONVERGED_RTOL iterations 5
  3 KSP Residual norm 1.537997441289e-05 
      Residual norms for mg_coarse_ solve.
      0 KSP Residual norm 6.161948037034e-01 
      1 KSP Residual norm 1.197940765019e-02 
      2 KSP Residual norm 6.054798403055e-04 
      3 KSP Residual norm 9.537165526054e-05 
      4 KSP Residual norm 1.423604564230e-05 
      5 KSP Residual norm 2.313090341193e-06 
    Linear mg_coarse_ solve converged due to CONVERGED_RTOL iterations 5
  4 KSP Residual norm 1.704755358802e-06 
      Residual norms for mg_coarse_ solve.
      0 KSP Residual norm 4.607864448042e-01 
      1 KSP Residual norm 1.473104662950e-02 
      2 KSP Residual norm 4.582977318957e-04 
      3 KSP Residual norm 6.103891070073e-05 
      4 KSP Residual norm 7.627456691573e-06 
      5 KSP Residual norm 1.257931488707e-06 
    Linear mg_coarse_ solve converged due to CONVERGED_RTOL iterations 5
  5 KSP Residual norm 4.125716571787e-07 
      Residual norms for mg_coarse_ solve.
      0 KSP Residual norm 2.892736460153e-01 
      1 KSP Residual norm 9.922197605634e-03 
      2 KSP Residual norm 3.054933670685e-04 
      3 KSP Residual norm 4.777920966280e-05 
      4 KSP Residual norm 6.787553773410e-06 
      5 KSP Residual norm 1.223941479660e-06 
    Linear mg_coarse_ solve converged due to CONVERGED_RTOL iterations 5
  6 KSP Residual norm 1.003731326754e-07 
      Residual norms for mg_coarse_ solve.
      0 KSP Residual norm 5.010219547526e-01 
      1 KSP Residual norm 1.084190359250e-02 
      2 KSP Residual norm 2.217436827207e-04 
      3 KSP Residual norm 3.922019011134e-05 
      4 KSP Residual norm 5.408083124249e-06 
      5 KSP Residual norm 7.687698483421e-07 
    Linear mg_coarse_ solve converged due to CONVERGED_RTOL iterations 5
  7 KSP Residual norm 9.537062993700e-09 
iteration 1     0.97007
time for 1 Picard Iteration 947.487
Assembling matrices for level 0 and rank 0
Assembling matrices for level 1 and rank 0
Exited Assembling for rank0
Starting solve for rank 0
  0 KSP Residual norm 1.248437500000e-03 
      Residual norms for mg_coarse_ solve.
      0 KSP Residual norm 1.215074194924e+01 
      1 KSP Residual norm 2.117583686357e+00 
      2 KSP Residual norm 3.497047721516e-01 
      3 KSP Residual norm 5.648491913995e-02 
      4 KSP Residual norm 1.005660844690e-02 
      5 KSP Residual norm 1.614104224458e-03 
      6 KSP Residual norm 2.051484837397e-04 
      7 KSP Residual norm 2.514651194072e-05 
    Linear mg_coarse_ solve converged due to CONVERGED_RTOL iterations 7
  1 KSP Residual norm 1.208492359557e-03 
      Residual norms for mg_coarse_ solve.
      0 KSP Residual norm 3.013812418972e-02 
      1 KSP Residual norm 4.859257842191e-04 
      2 KSP Residual norm 7.851978379949e-05 
      3 KSP Residual norm 1.131935741342e-05 
      4 KSP Residual norm 1.970526954506e-06 
      5 KSP Residual norm 3.370362783284e-07 
      6 KSP Residual norm 4.462194129215e-08 
    Linear mg_coarse_ solve converged due to CONVERGED_RTOL iterations 6
  2 KSP Residual norm 1.113263983030e-04 
      Residual norms for mg_coarse_ solve.
      0 KSP Residual norm 1.331916277138e-01 
      1 KSP Residual norm 2.392841212806e-03 
      2 KSP Residual norm 2.430276913190e-04 
      3 KSP Residual norm 3.536174206232e-05 
      4 KSP Residual norm 6.288659394393e-06 
      5 KSP Residual norm 1.080818487495e-06 
    Linear mg_coarse_ solve converged due to CONVERGED_RTOL iterations 5
  3 KSP Residual norm 1.545653027568e-05 
      Residual norms for mg_coarse_ solve.
      0 KSP Residual norm 6.168170471632e-01 
      1 KSP Residual norm 1.200262076757e-02 
      2 KSP Residual norm 7.282001671804e-04 
      3 KSP Residual norm 1.201408383449e-04 
      4 KSP Residual norm 1.973735331625e-05 
      5 KSP Residual norm 3.387126469766e-06 
    Linear mg_coarse_ solve converged due to CONVERGED_RTOL iterations 5
  4 KSP Residual norm 1.707859362739e-06 
      Residual norms for mg_coarse_ solve.
      0 KSP Residual norm 4.609144648981e-01 
      1 KSP Residual norm 1.474499566447e-02 
      2 KSP Residual norm 4.983442096751e-04 
      3 KSP Residual norm 7.894025705489e-05 
      4 KSP Residual norm 1.038724937761e-05 
      5 KSP Residual norm 1.965807195427e-06 
    Linear mg_coarse_ solve converged due to CONVERGED_RTOL iterations 5
  5 KSP Residual norm 4.128587547715e-07 
      Residual norms for mg_coarse_ solve.
      0 KSP Residual norm 2.888154879571e-01 
      1 KSP Residual norm 9.911752476053e-03 
      2 KSP Residual norm 3.301063130419e-04 
      3 KSP Residual norm 5.627012162552e-05 
      4 KSP Residual norm 7.794693002710e-06 
      5 KSP Residual norm 1.426924206076e-06 
    Linear mg_coarse_ solve converged due to CONVERGED_RTOL iterations 5
  6 KSP Residual norm 1.005505639695e-07 
      Residual norms for mg_coarse_ solve.
      0 KSP Residual norm 5.007784376522e-01 
      1 KSP Residual norm 1.085057659505e-02 
      2 KSP Residual norm 2.597529894690e-04 
      3 KSP Residual norm 4.740016979355e-05 
      4 KSP Residual norm 6.935454350343e-06 
      5 KSP Residual norm 1.179627927196e-06 
    Linear mg_coarse_ solve converged due to CONVERGED_RTOL iterations 5
  7 KSP Residual norm 9.551649827564e-09 
iteration 2     0.0149729
time for 1 Picard Iteration 952.132
Assembling matrices for level 0 and rank 0
Assembling matrices for level 1 and rank 0
Exited Assembling for rank0
Starting solve for rank 0
  0 KSP Residual norm 1.248437500000e-03 
      Residual norms for mg_coarse_ solve.
      0 KSP Residual norm 1.215072193418e+01 
      1 KSP Residual norm 2.119980382816e+00 
      2 KSP Residual norm 3.274283688704e-01 
      3 KSP Residual norm 4.928143606542e-02 
      4 KSP Residual norm 7.935464062754e-03 
      5 KSP Residual norm 1.187869835998e-03 
      6 KSP Residual norm 1.596293571894e-04 
      7 KSP Residual norm 2.110526894068e-05 
    Linear mg_coarse_ solve converged due to CONVERGED_RTOL iterations 7
  1 KSP Residual norm 1.208491898653e-03 
      Residual norms for mg_coarse_ solve.
      0 KSP Residual norm 3.013756784277e-02 
      1 KSP Residual norm 4.877980671054e-04 
      2 KSP Residual norm 7.538180992241e-05 
      3 KSP Residual norm 9.984244386645e-06 
      4 KSP Residual norm 1.601860010924e-06 
      5 KSP Residual norm 2.503713113416e-07 
    Linear mg_coarse_ solve converged due to CONVERGED_RTOL iterations 5
  2 KSP Residual norm 1.113242608716e-04 
      Residual norms for mg_coarse_ solve.
      0 KSP Residual norm 1.331948302411e-01 
      1 KSP Residual norm 2.421942451366e-03 
      2 KSP Residual norm 2.362149072706e-04 
      3 KSP Residual norm 3.150576263643e-05 
      4 KSP Residual norm 5.191328730043e-06 
      5 KSP Residual norm 8.059757499039e-07 
    Linear mg_coarse_ solve converged due to CONVERGED_RTOL iterations 5
  3 KSP Residual norm 1.545655391205e-05 
      Residual norms for mg_coarse_ solve.
      0 KSP Residual norm 6.168161094416e-01 
      1 KSP Residual norm 1.217924331685e-02 
      2 KSP Residual norm 7.109042362579e-04 
      3 KSP Residual norm 1.088298280789e-04 
      4 KSP Residual norm 1.641975619067e-05 
      5 KSP Residual norm 2.562294797689e-06 
    Linear mg_coarse_ solve converged due to CONVERGED_RTOL iterations 5
  4 KSP Residual norm 1.707860046635e-06 
      Residual norms for mg_coarse_ solve.
      0 KSP Residual norm 4.609166988788e-01 
      1 KSP Residual norm 1.484615818415e-02 
      2 KSP Residual norm 4.903024541748e-04 
      3 KSP Residual norm 7.220382655993e-05 
      4 KSP Residual norm 8.609945128096e-06 
      5 KSP Residual norm 1.491028325502e-06 
    Linear mg_coarse_ solve converged due to CONVERGED_RTOL iterations 5
  5 KSP Residual norm 4.128545702542e-07 
      Residual norms for mg_coarse_ solve.
      0 KSP Residual norm 2.888129463855e-01 
      1 KSP Residual norm 9.924936081401e-03 
      2 KSP Residual norm 3.243921356247e-04 
      3 KSP Residual norm 5.196166150337e-05 
      4 KSP Residual norm 6.693883391077e-06 
      5 KSP Residual norm 1.152423213869e-06 
    Linear mg_coarse_ solve converged due to CONVERGED_RTOL iterations 5
  6 KSP Residual norm 1.005506522707e-07 
      Residual norms for mg_coarse_ solve.
      0 KSP Residual norm 5.007778958526e-01 
      1 KSP Residual norm 1.086309933526e-02 
      2 KSP Residual norm 2.538777978065e-04 
      3 KSP Residual norm 4.325048774254e-05 
      4 KSP Residual norm 5.747952321699e-06 
      5 KSP Residual norm 8.597983122742e-07 
    Linear mg_coarse_ solve converged due to CONVERGED_RTOL iterations 5
  7 KSP Residual norm 9.551569346465e-09 
iteration 3     0.000354696
time for 1 Picard Iteration 944.525
Assembling matrices for level 0 and rank 0
Assembling matrices for level 1 and rank 0
Exited Assembling for rank0
Starting solve for rank 0
  0 KSP Residual norm 1.248437500000e-03 
      Residual norms for mg_coarse_ solve.
      0 KSP Residual norm 1.215072203732e+01 
      1 KSP Residual norm 2.117014780448e+00 
      2 KSP Residual norm 3.264945015799e-01 
      3 KSP Residual norm 5.195741426256e-02 
      4 KSP Residual norm 8.828473541900e-03 
      5 KSP Residual norm 1.332845786277e-03 
      6 KSP Residual norm 1.725565888399e-04 
      7 KSP Residual norm 2.270209268710e-05 
    Linear mg_coarse_ solve converged due to CONVERGED_RTOL iterations 7
  1 KSP Residual norm 1.208491904487e-03 
      Residual norms for mg_coarse_ solve.
      0 KSP Residual norm 3.013753851837e-02 
      1 KSP Residual norm 4.886042210524e-04 
      2 KSP Residual norm 7.644950682799e-05 
      3 KSP Residual norm 1.021162058973e-05 
      4 KSP Residual norm 1.783401595611e-06 
      5 KSP Residual norm 2.820845544679e-07 
    Linear mg_coarse_ solve converged due to CONVERGED_RTOL iterations 5
  2 KSP Residual norm 1.113243196690e-04 
      Residual norms for mg_coarse_ solve.
      0 KSP Residual norm 1.331947649321e-01 
      1 KSP Residual norm 2.421893169963e-03 
      2 KSP Residual norm 2.358437875021e-04 
      3 KSP Residual norm 3.153386393325e-05 
      4 KSP Residual norm 5.655964496160e-06 
      5 KSP Residual norm 8.810225593736e-07 
    Linear mg_coarse_ solve converged due to CONVERGED_RTOL iterations 5
  3 KSP Residual norm 1.545655753798e-05 
      Residual norms for mg_coarse_ solve.
      0 KSP Residual norm 6.168161061976e-01 
      1 KSP Residual norm 1.217822980153e-02 
      2 KSP Residual norm 7.032943032216e-04 
      3 KSP Residual norm 1.077783674394e-04 
      4 KSP Residual norm 1.763738334265e-05 
      5 KSP Residual norm 2.772844928766e-06 
    Linear mg_coarse_ solve converged due to CONVERGED_RTOL iterations 5
  4 KSP Residual norm 1.707861459500e-06 
      Residual norms for mg_coarse_ solve.
      0 KSP Residual norm 4.609164860002e-01 
      1 KSP Residual norm 1.484608919627e-02 
      2 KSP Residual norm 4.878721996451e-04 
      3 KSP Residual norm 7.088862202902e-05 
      4 KSP Residual norm 8.922003376960e-06 
      5 KSP Residual norm 1.614176771206e-06 
    Linear mg_coarse_ solve converged due to CONVERGED_RTOL iterations 5
  5 KSP Residual norm 4.128551275485e-07 
      Residual norms for mg_coarse_ solve.
      0 KSP Residual norm 2.888132307526e-01 
      1 KSP Residual norm 9.924992685443e-03 
      2 KSP Residual norm 3.241038882876e-04 
      3 KSP Residual norm 5.247939548843e-05 
      4 KSP Residual norm 7.409740789445e-06 
      5 KSP Residual norm 1.255570003441e-06 
    Linear mg_coarse_ solve converged due to CONVERGED_RTOL iterations 5
  6 KSP Residual norm 1.005506359072e-07 
      Residual norms for mg_coarse_ solve.
      0 KSP Residual norm 5.007780798912e-01 
      1 KSP Residual norm 1.086329269440e-02 
      2 KSP Residual norm 2.505789331436e-04 
      3 KSP Residual norm 4.184439890943e-05 
      4 KSP Residual norm 5.671729479725e-06 
      5 KSP Residual norm 8.797668715239e-07 
    Linear mg_coarse_ solve converged due to CONVERGED_RTOL iterations 5
  7 KSP Residual norm 9.551560924298e-09 
iteration 4     6.95978e-06
time for 1 Picard Iteration 950.161
Assembling matrices for level 0 and rank 0
Assembling matrices for level 1 and rank 0
Exited Assembling for rank0
Starting solve for rank 0
  0 KSP Residual norm 1.248437500000e-03 
      Residual norms for mg_coarse_ solve.
      0 KSP Residual norm 1.215072203772e+01 
      1 KSP Residual norm 2.122829580139e+00 
      2 KSP Residual norm 3.441744084427e-01 
      3 KSP Residual norm 5.336479833271e-02 
      4 KSP Residual norm 9.057695280241e-03 
      5 KSP Residual norm 1.366922497394e-03 
      6 KSP Residual norm 1.868214854594e-04 
      7 KSP Residual norm 2.668158693389e-05 
    Linear mg_coarse_ solve converged due to CONVERGED_RTOL iterations 7
  1 KSP Residual norm 1.208491903005e-03 
      Residual norms for mg_coarse_ solve.
      0 KSP Residual norm 3.013753698507e-02 
      1 KSP Residual norm 4.892848480661e-04 
      2 KSP Residual norm 7.973452193474e-05 
      3 KSP Residual norm 1.065281635529e-05 
      4 KSP Residual norm 1.825801844202e-06 
      5 KSP Residual norm 2.898570509155e-07 
    Linear mg_coarse_ solve converged due to CONVERGED_RTOL iterations 5
  2 KSP Residual norm 1.113243082688e-04 
      Residual norms for mg_coarse_ solve.
      0 KSP Residual norm 1.331947862314e-01 
      1 KSP Residual norm 2.422935010635e-03 
      2 KSP Residual norm 2.462422161575e-04 
      3 KSP Residual norm 3.329662410780e-05 
      4 KSP Residual norm 5.779583378551e-06 
      5 KSP Residual norm 9.100051726382e-07 
    Linear mg_coarse_ solve converged due to CONVERGED_RTOL iterations 5
  3 KSP Residual norm 1.545656563335e-05 
      Residual norms for mg_coarse_ solve.
      0 KSP Residual norm 6.168160258107e-01 
      1 KSP Residual norm 1.217960087073e-02 
      2 KSP Residual norm 7.327262795515e-04 
      3 KSP Residual norm 1.154124972172e-04 
      4 KSP Residual norm 1.806022386048e-05 
      5 KSP Residual norm 2.887775616784e-06 
    Linear mg_coarse_ solve converged due to CONVERGED_RTOL iterations 5
  4 KSP Residual norm 1.707863220241e-06 
      Residual norms for mg_coarse_ solve.
      0 KSP Residual norm 4.609165173192e-01 
      1 KSP Residual norm 1.484642135625e-02 
      2 KSP Residual norm 4.979268706650e-04 
      3 KSP Residual norm 7.789595407151e-05 
      4 KSP Residual norm 9.345202086881e-06 
      5 KSP Residual norm 1.672723269990e-06 
    Linear mg_coarse_ solve converged due to CONVERGED_RTOL iterations 5
  5 KSP Residual norm 4.128553877556e-07 
      Residual norms for mg_coarse_ solve.
      0 KSP Residual norm 2.888134362555e-01 
      1 KSP Residual norm 9.925471983690e-03 
      2 KSP Residual norm 3.327735591979e-04 
      3 KSP Residual norm 5.631071184274e-05 
      4 KSP Residual norm 7.479255668178e-06 
      5 KSP Residual norm 1.315271486779e-06 
    Linear mg_coarse_ solve converged due to CONVERGED_RTOL iterations 5
  6 KSP Residual norm 1.005507162472e-07 
      Residual norms for mg_coarse_ solve.
      0 KSP Residual norm 5.007778245982e-01 
      1 KSP Residual norm 1.086374860619e-02 
      2 KSP Residual norm 2.620966049555e-04 
      3 KSP Residual norm 4.660695004291e-05 
      4 KSP Residual norm 6.208101866498e-06 
      5 KSP Residual norm 9.343336645961e-07 
    Linear mg_coarse_ solve converged due to CONVERGED_RTOL iterations 5
  7 KSP Residual norm 9.551660033066e-09 
iteration 5     1.18591e-07
time for 1 Picard Iteration 946.672
Finished Picard Loop
time taken for solve is5695.89
************************************************************************************************************************
***             WIDEN YOUR WINDOW TO 120 CHARACTERS.  Use 'enscript -r -fCourier9' to print this document            ***
************************************************************************************************************************

---------------------------------------------- PETSc Performance Summary: ----------------------------------------------

/home/a/asarkar/sudhipv/software/FreeFem-sources/src/mpi/FreeFem++-mpi on a  named nia1446.scinet.local with 80 processors, by sudhipv Mon Nov 21 13:15:22 2022
Using Petsc Release Version 3.15.0, Mar 30, 2021 

                         Max       Max/Min     Avg       Total
Time (sec):           5.697e+03     1.000   5.697e+03
Objects:              1.900e+02     1.000   1.900e+02
Flop:                 1.080e+14     1.249   9.593e+13  7.674e+15
Flop/sec:             1.896e+10     1.249   1.684e+10  1.347e+12
MPI Messages:         6.960e+03     4.000   4.437e+03  3.550e+05
MPI Message Lengths:  1.440e+08     3.170   2.483e+04  8.815e+09
MPI Reductions:       8.640e+02     1.000

Flop counting convention: 1 flop = 1 real number operation of type (multiply/divide/add/subtract)
                            e.g., VecAXPY() for real vectors of length N --> 2N flop
                            and VecAXPY() for complex vectors of length N --> 8N flop

Summary of Stages:   ----- Time ------  ----- Flop ------  --- Messages ---  -- Message Lengths --  -- Reductions --
                        Avg     %Total     Avg     %Total    Count   %Total     Avg         %Total    Count   %Total
 0:      Main Stage: 5.6972e+03 100.0%  7.6741e+15 100.0%  3.550e+05 100.0%  2.483e+04      100.0%  8.460e+02  97.9%

------------------------------------------------------------------------------------------------------------------------
See the 'Profiling' chapter of the users' manual for details on interpreting output.
Phase summary info:
   Count: number of times phase was executed
   Time and Flop: Max - maximum over all processors
                  Ratio - ratio of maximum to minimum over all processors
   Mess: number of messages sent
   AvgLen: average message length (bytes)
   Reduct: number of global reductions
   Global: entire computation
   Stage: stages of a computation. Set stages with PetscLogStagePush() and PetscLogStagePop().
      %T - percent time in this phase         %F - percent flop in this phase
      %M - percent messages in this phase     %L - percent message lengths in this phase
      %R - percent reductions in this phase
   Total Mflop/s: 10e-6 * (sum of flop over all processors)/(max time over all processors)
------------------------------------------------------------------------------------------------------------------------
Event                Count      Time (sec)     Flop                              --- Global ---  --- Stage ----  Total
                   Max Ratio  Max     Ratio   Max  Ratio  Mess   AvgLen  Reduct  %T %F %M %L %R  %T %F %M %L %R Mflop/s
------------------------------------------------------------------------------------------------------------------------

--- Event Stage 0: Main Stage

BuildTwoSided         17 1.0 5.9346e+02808.8 0.00e+00 0.0 1.2e+03 4.0e+00 1.5e+01  4  0  0  0  2   4  0  0  0  2     0
BuildTwoSidedF        12 1.0 5.8711e+021454.7 0.00e+00 0.0 0.0e+00 0.0e+00 1.2e+01  4  0  0  0  1   4  0  0  0  1     0
MatMult              558 1.0 2.7818e+01 1.1 1.57e+10 1.1 2.3e+05 9.3e+03 2.0e+00  0  0 65 24  0   0  0 65 24  0 43510
MatMultAdd            44 1.0 2.9260e-01 1.7 1.45e+07 1.1 1.8e+04 1.8e+04 0.0e+00  0  0  5  4  0   0  0  5  4  0  3859
MatMultTranspose      44 1.0 1.6709e+00 5.6 0.00e+00 0.0 1.8e+04 5.9e+04 0.0e+00  0  0  5 12  0   0  0  5 12  0     0
MatSolve             242 1.0 7.9507e+01 1.1 1.08e+14 1.2 0.0e+00 0.0e+00 0.0e+00  1100  0  0  0   1100  0  0  0 96503517
MatLUFactorSym         1 1.0 1.0210e+00 1.1 0.00e+00 0.0 0.0e+00 0.0e+00 0.0e+00  0  0  0  0  0   0  0  0  0  0     0
MatLUFactorNum         6 1.0 6.7094e+01 1.3 1.96e+09 1.2 0.0e+00 0.0e+00 0.0e+00  1  0  0  0  0   1  0  0  0  0  2165
MatConvert             6 1.0 5.8267e-01 1.0 0.00e+00 0.0 0.0e+00 0.0e+00 2.4e+01  0  0  0  0  3   0  0  0  0  3     0
MatResidual           44 1.0 3.6539e+00 1.3 2.03e+09 1.1 1.8e+04 1.2e+04 0.0e+00  0  0  5  2  0   0  0  5  2  0 43204
MatAssemblyBegin      26 1.0 5.8711e+021444.6 0.00e+00 0.0 0.0e+00 0.0e+00 1.2e+01  4  0  0  0  1   4  0  0  0  1     0
MatAssemblyEnd        26 1.0 1.0748e+02305.9 0.00e+00 0.0 0.0e+00 0.0e+00 3.2e+01  1  0  0  0  4   1  0  0  0  4     0
MatGetRowIJ           13 1.0 2.2243e-02 1.6 0.00e+00 0.0 0.0e+00 0.0e+00 0.0e+00  0  0  0  0  0   0  0  0  0  0     0
MatCreateSubMats       6 1.0 3.9627e+00 1.2 0.00e+00 0.0 4.1e+03 1.0e+06 1.0e+00  0  0  1 49  0   0  0  1 49  0     0
MatGetOrdering         1 1.0 6.7543e-02 1.8 0.00e+00 0.0 0.0e+00 0.0e+00 0.0e+00  0  0  0  0  0   0  0  0  0  0     0
MatIncreaseOvrlp       1 1.0 1.1139e-01 1.8 0.00e+00 0.0 0.0e+00 0.0e+00 1.0e+00  0  0  0  0  0   0  0  0  0  0     0
MatZeroEntries        10 1.0 2.1147e-01 1.2 0.00e+00 0.0 0.0e+00 0.0e+00 0.0e+00  0  0  0  0  0   0  0  0  0  0     0
KSPSetUp              13 1.0 9.9611e+01 1.0 2.95e+13 1.2 5.7e+04 8.5e+04 1.4e+02  2 27 16 55 17   2 27 16 55 17 21011144
KSPSolve               6 1.0 1.5756e+02 1.0 7.86e+13 1.2 2.9e+05 1.3e+04 6.3e+02  3 73 83 43 73   3 73 83 43 74 35423340
KSPGMRESOrthog       338 1.0 9.1258e+00 2.6 4.67e+08 1.1 0.0e+00 0.0e+00 3.4e+02  0  0  0  0 39   0  0  0  0 40  3954
PCSetUp               11 1.0 1.1247e+02 1.0 2.95e+13 1.2 5.7e+04 8.5e+04 1.7e+02  2 27 16 55 19   2 27 16 55 20 18609523
PCSetUpOnBlocks       94 1.0 1.6529e+01 1.6 3.27e+08 1.2 0.0e+00 0.0e+00 0.0e+00  0  0  0  0  0   0  0  0  0  0  1465
PCApply               44 1.0 1.5293e+02 1.0 7.86e+13 1.2 2.8e+05 1.3e+04 5.3e+02  3 73 78 40 62   3 73 78 40 63 36495058
PCApplyOnBlocks      242 1.0 1.2985e+02 1.1 1.08e+14 1.2 0.0e+00 0.0e+00 0.0e+00  2100  0  0  0   2100  0  0  0 59087869
VecMDot              338 1.0 8.8883e+00 2.8 2.34e+08 1.1 0.0e+00 0.0e+00 3.4e+02  0  0  0  0 39   0  0  0  0 40  2030
VecNorm              394 1.0 1.1648e+0111.4 6.19e+07 1.1 0.0e+00 0.0e+00 3.9e+02  0  0  0  0 46   0  0  0  0 47   409
VecScale             482 1.0 1.8723e-02 1.3 3.09e+07 1.1 0.0e+00 0.0e+00 0.0e+00  0  0  0  0  0   0  0  0  0  0 127254
VecCopy              518 1.0 1.4400e-01 1.3 0.00e+00 0.0 0.0e+00 0.0e+00 0.0e+00  0  0  0  0  0   0  0  0  0  0     0
VecSet              1210 1.0 2.9072e-01 1.3 0.00e+00 0.0 0.0e+00 0.0e+00 0.0e+00  0  0  0  0  0   0  0  0  0  0     0
VecAXPY              100 1.0 3.4028e-02 1.5 2.22e+07 1.1 0.0e+00 0.0e+00 0.0e+00  0  0  0  0  0   0  0  0  0  0 50553
VecAYPX              264 1.0 1.1546e-01 1.4 5.81e+07 1.1 0.0e+00 0.0e+00 0.0e+00  0  0  0  0  0   0  0  0  0  0 39119
VecAXPBYCZ            88 1.0 6.8480e-02 1.5 7.26e+07 1.1 0.0e+00 0.0e+00 0.0e+00  0  0  0  0  0   0  0  0  0  0 82448
VecMAXPY             394 1.0 2.9158e-01 1.1 2.88e+08 1.1 0.0e+00 0.0e+00 0.0e+00  0  0  0  0  0   0  0  0  0  0 76190
VecScatterBegin     1482 1.0 6.9590e+0015.8 0.00e+00 0.0 3.1e+05 9.5e+03 3.0e+00  0  0 88 34  0   0  0 88 34  0     0
VecScatterEnd       1482 1.0 5.4813e+0014.8 0.00e+00 0.0 0.0e+00 0.0e+00 0.0e+00  0  0  0  0  0   0  0  0  0  0     0
VecNormalize         344 1.0 1.1633e+0111.5 6.81e+07 1.1 0.0e+00 0.0e+00 3.4e+02  0  0  0  0 40   0  0  0  0 41   449
SFSetGraph             5 1.0 5.2471e-04 1.9 0.00e+00 0.0 0.0e+00 0.0e+00 0.0e+00  0  0  0  0  0   0  0  0  0  0     0
SFSetUp                5 1.0 6.4896e+00416.7 0.00e+00 0.0 2.4e+03 2.4e+03 3.0e+00  0  0  1  0  0   0  0  1  0  0     0
SFReduceBegin        242 1.0 1.0821e-01 1.3 0.00e+00 0.0 0.0e+00 0.0e+00 0.0e+00  0  0  0  0  0   0  0  0  0  0     0
SFReduceEnd          242 1.0 3.6360e-04 1.6 0.00e+00 0.0 0.0e+00 0.0e+00 0.0e+00  0  0  0  0  0   0  0  0  0  0     0
SFPack              1482 1.0 3.2455e-02 3.2 0.00e+00 0.0 0.0e+00 0.0e+00 0.0e+00  0  0  0  0  0   0  0  0  0  0     0
SFUnpack            1482 1.0 6.3267e-0315.6 0.00e+00 0.0 0.0e+00 0.0e+00 0.0e+00  0  0  0  0  0   0  0  0  0  0     0
------------------------------------------------------------------------------------------------------------------------

Memory usage is given in bytes:

Object Type          Creations   Destructions     Memory  Descendants' Mem.
Reports information only for process 0.

--- Event Stage 0: Main Stage

              Matrix    17             17    640062300     0.
       Krylov Solver     5              5        72264     0.
      Preconditioner     5              5         6024     0.
              Viewer     2              1          848     0.
              Vector   120            120    112541632     0.
           Index Set    20             20      7795592     0.
   IS L to G Mapping     1              1      1965320     0.
   Star Forest Graph    11             11        12600     0.
    Distributed Mesh     3              3        15144     0.
     Discrete System     3              3         2712     0.
           Weak Form     3              3         2472     0.
========================================================================================================================
Average time to get PetscTime(): 3.02e-08
Average time for MPI_Barrier(): 6.24934e-05
Average time for zero size MPI_Send(): 1.33092e-06
#PETSc Option Table entries:
-ksp_max_it 200
-ksp_monitor
-ksp_pc_side right
-ksp_type fgmres
-log_view
-m 400
-mg_coarse_ksp_converged_reason
-mg_coarse_ksp_monitor
-mg_coarse_ksp_pc_side right
-mg_coarse_ksp_type gmres
-mg_coarse_pc_type hypre
-mg_levels_pc_type asm
-mg_levels_sub_pc_factor_mat_solver_type mumps
-mg_levels_sub_pc_type lu
-n 400
-nw
-pc_mg_type multiplicative
-pc_type mg
#End of PETSc Option Table entries
Compiled without FORTRAN kernels
Compiled with full precision matrices (default)
sizeof(short) 2 sizeof(int) 4 sizeof(long) 8 sizeof(void*) 8 sizeof(PetscScalar) 8 sizeof(PetscInt) 4
Configure options: --prefix=/home/a/asarkar/sudhipv/software/FreeFem-sources/install/ff-petsc/r MAKEFLAGS= --with-debugging=0 COPTFLAGS="-O3 -mtune=native" CXXOPTFLAGS="-O3 -mtune=native" FOPTFLAGS="-O3 -mtune=native" --with-cxx-dialect=C++11 --with-ssl=0 --with-x=0 --with-fortran-bindings=0 --with-cudac=0 --with-cc=/cvmfs/soft.computecanada.ca/easybuild/software/2020/avx512/Compiler/intel2020/openmpi/4.0.3/bin/mpicc --with-cxx=/cvmfs/soft.computecanada.ca/easybuild/software/2020/avx512/Compiler/intel2020/openmpi/4.0.3/bin/mpic++ --with-fc=/cvmfs/soft.computecanada.ca/easybuild/software/2020/avx512/Compiler/intel2020/openmpi/4.0.3/bin/mpif90 --with-scalar-type=real --with-blaslapack-include=/cvmfs/soft.computecanada.ca/easybuild/software/2020/Core/imkl/2020.1.217/mkl/include --with-blaslapack-lib="-Wl,-rpath,/cvmfs/soft.computecanada.ca/easybuild/software/2020/Core/imkl/2020.1.217/mkl/lib/intel64 -L/cvmfs/soft.computecanada.ca/easybuild/software/2020/Core/imkl/2020.1.217/mkl/lib/intel64 -lmkl_rt -lmkl_intel_thread -lmkl_core  -liomp5 -lpthread" --download-metis --download-ptscotch --download-hypre --download-parmetis --download-mmg --download-parmmg --download-superlu --download-suitesparse --download-tetgen --download-slepc --download-hpddm --download-scalapack --download-mumps --download-slepc-configure-arguments=--download-arpack=https://github.com/prj-/arpack-ng/archive/b64dccb.tar.gz PETSC_ARCH=fr
-----------------------------------------
Libraries compiled on 2021-05-02 15:39:49 on nia-login03.scinet.local 
Machine characteristics: Linux-3.10.0-957.27.2.el7.x86_64-x86_64-with-centos-7.6.1810-Core
Using PETSc directory: /home/a/asarkar/sudhipv/software/FreeFem-sources/install/ff-petsc/r
Using PETSc arch: 
-----------------------------------------

Using C compiler: /cvmfs/soft.computecanada.ca/easybuild/software/2020/avx512/Compiler/intel2020/openmpi/4.0.3/bin/mpicc  -fPIC -wd1572 -O3 -mtune=native   
Using Fortran compiler: /cvmfs/soft.computecanada.ca/easybuild/software/2020/avx512/Compiler/intel2020/openmpi/4.0.3/bin/mpif90  -fPIC -O3 -mtune=native     
-----------------------------------------

Using include paths: -I/home/a/asarkar/sudhipv/software/FreeFem-sources/install/ff-petsc/r/include -I/cvmfs/soft.computecanada.ca/easybuild/software/2020/Core/imkl/2020.1.217/mkl/include
-----------------------------------------

Using C linker: /cvmfs/soft.computecanada.ca/easybuild/software/2020/avx512/Compiler/intel2020/openmpi/4.0.3/bin/mpicc
Using Fortran linker: /cvmfs/soft.computecanada.ca/easybuild/software/2020/avx512/Compiler/intel2020/openmpi/4.0.3/bin/mpif90
Using libraries: -Wl,-rpath,/home/a/asarkar/sudhipv/software/FreeFem-sources/install/ff-petsc/r/lib -L/home/a/asarkar/sudhipv/software/FreeFem-sources/install/ff-petsc/r/lib -lpetsc -Wl,-rpath,/home/a/asarkar/sudhipv/software/FreeFem-sources/install/ff-petsc/r/lib -L/home/a/asarkar/sudhipv/software/FreeFem-sources/install/ff-petsc/r/lib -Wl,-rpath,/cvmfs/soft.computecanada.ca/easybuild/software/2020/Core/imkl/2020.1.217/mkl/lib/intel64 -L/cvmfs/soft.computecanada.ca/easybuild/software/2020/Core/imkl/2020.1.217/mkl/lib/intel64 -Wl,-rpath,/cvmfs/soft.computecanada.ca/easybuild/software/2020/avx512/Compiler/intel2020/openmpi/4.0.3/lib -L/cvmfs/soft.computecanada.ca/easybuild/software/2020/avx512/Compiler/intel2020/openmpi/4.0.3/lib -Wl,-rpath,/cvmfs/soft.computecanada.ca/easybuild/software/2020/avx512/Core/libfabric/1.10.1/lib -L/cvmfs/soft.computecanada.ca/easybuild/software/2020/avx512/Core/libfabric/1.10.1/lib -Wl,-rpath,/cvmfs/soft.computecanada.ca/easybuild/software/2020/avx512/Core/ucx/1.8.0/lib -L/cvmfs/soft.computecanada.ca/easybuild/software/2020/avx512/Core/ucx/1.8.0/lib -Wl,-rpath,/cvmfs/soft.computecanada.ca/easybuild/software/2020/Core/imkl/2020.1.217/lib/intel64 -L/cvmfs/soft.computecanada.ca/easybuild/software/2020/Core/imkl/2020.1.217/lib/intel64 -Wl,-rpath,/cvmfs/restricted.computecanada.ca/easybuild/software/2020/Core/intel/2020.1.217/compilers_and_libraries_2020.1.217/linux/tbb/lib/intel64/gcc4.8 -L/cvmfs/restricted.computecanada.ca/easybuild/software/2020/Core/intel/2020.1.217/compilers_and_libraries_2020.1.217/linux/tbb/lib/intel64/gcc4.8 -Wl,-rpath,/cvmfs/restricted.computecanada.ca/easybuild/software/2020/Core/intel/2020.1.217/compilers_and_libraries_2020.1.217/linux/compiler/lib/intel64_lin -L/cvmfs/restricted.computecanada.ca/easybuild/software/2020/Core/intel/2020.1.217/compilers_and_libraries_2020.1.217/linux/compiler/lib/intel64_lin -Wl,-rpath,/cvmfs/soft.computecanada.ca/easybuild/software/2020/avx512/Compiler/intel2020/openmpi/4.0.3/lib64 -L/cvmfs/soft.computecanada.ca/easybuild/software/2020/avx512/Compiler/intel2020/openmpi/4.0.3/lib64 -Wl,-rpath,/cvmfs/soft.computecanada.ca/easybuild/software/2020/Core/gcccore/9.3.0/lib/gcc/x86_64-pc-linux-gnu/9.3.0 -L/cvmfs/soft.computecanada.ca/easybuild/software/2020/Core/gcccore/9.3.0/lib/gcc/x86_64-pc-linux-gnu/9.3.0 -Wl,-rpath,/cvmfs/soft.computecanada.ca/easybuild/software/2020/Core/gcccore/9.3.0/lib64 -L/cvmfs/soft.computecanada.ca/easybuild/software/2020/Core/gcccore/9.3.0/lib64 -Wl,-rpath,/cvmfs/soft.computecanada.ca/gentoo/2020/lib64 -L/cvmfs/soft.computecanada.ca/gentoo/2020/lib64 -Wl,-rpath,/cvmfs/soft.computecanada.ca/gentoo/2020/usr/lib64 -L/cvmfs/soft.computecanada.ca/gentoo/2020/usr/lib64 -Wl,-rpath,/cvmfs/soft.computecanada.ca/easybuild/software/2020/Core/gcccore/9.3.0/lib -L/cvmfs/soft.computecanada.ca/easybuild/software/2020/Core/gcccore/9.3.0/lib -Wl,-rpath,/cvmfs/soft.computecanada.ca/gentoo/2020/lib -L/cvmfs/soft.computecanada.ca/gentoo/2020/lib -Wl,-rpath,/cvmfs/soft.computecanada.ca/gentoo/2020/usr/lib -L/cvmfs/soft.computecanada.ca/gentoo/2020/usr/lib -lHYPRE -lcmumps -ldmumps -lsmumps -lzmumps -lmumps_common -lpord -lscalapack -lumfpack -lklu -lcholmod -lbtf -lccolamd -lcolamd -lcamd -lamd -lsuitesparseconfig -lsuperlu -lmkl_rt -lmkl_intel_thread -lmkl_core -liomp5 -lpthread -lparmmg -lmmg -lmmg3d -lptesmumps -lptscotchparmetis -lptscotch -lptscotcherr -lesmumps -lscotch -lscotcherr -lpthread -lparmetis -lmetis -ltet -lstdc++ -ldl -lmpi_usempif08 -lmpi_usempi_ignore_tkr -lmpi_mpifh -lmpi -lifport -lifcoremt_pic -limf -lsvml -lm -lipgo -lirc -lpthread -lgcc_s -lirc_s -lrt -lquadmath -lstdc++ -ldl
-----------------------------------------


scontrol show jobid 8457011
JobId=8457011 JobName=NL_strong
   UserId=sudhipv(3061414) GroupId=asarkar(6001189) MCS_label=N/A
   Priority=1698400 Nice=0 Account=def-asarkar QOS=normal
   JobState=COMPLETING Reason=None Dependency=(null)
   Requeue=0 Restarts=0 BatchFlag=1 Reboot=0 ExitCode=0:0
   RunTime=01:35:21 TimeLimit=02:45:00 TimeMin=N/A
   SubmitTime=2022-11-21T11:39:09 EligibleTime=2022-11-21T11:39:09
   AccrueTime=2022-11-21T11:39:09
   StartTime=2022-11-21T11:40:02 EndTime=2022-11-21T13:15:23 Deadline=N/A
   SuspendTime=None SecsPreSuspend=0 LastSchedEval=2022-11-21T11:40:02 Scheduler=Backfill
   Partition=compute AllocNode:Sid=nia-login05:98330
   ReqNodeList=(null) ExcNodeList=(null)
   NodeList=nia1477
   BatchHost=nia1446
   NumNodes=1 NumCPUs=160 NumTasks=80 CPUs/Task=1 ReqB:S:C:T=0:0:*:*
   TRES=cpu=160,mem=350000M,node=2,billing=80
   Socks/Node=* NtasksPerN:B:S:C=40:0:*:* CoreSpec=*
   MinCPUsNode=40 MinMemoryNode=175000M MinTmpDiskNode=0
   Features=[skylake|cascade] DelayBoot=00:00:00
   OverSubscribe=NO Contiguous=0 Licenses=(null) Network=(null)
   Command=/gpfs/fs0/scratch/a/asarkar/sudhipv/poisson_hpc/stochastic/process_NL/NL2/runff_niagara.sh
   WorkDir=/gpfs/fs0/scratch/a/asarkar/sudhipv/poisson_hpc/stochastic/process_NL/NL2
   Comment=/opt/slurm/bin/sbatch --export=NONE runff_niagara.sh 
   StdErr=/gpfs/fs0/scratch/a/asarkar/sudhipv/poisson_hpc/stochastic/process_NL/NL2/NL_strong-8457011.out
   StdIn=/dev/null
   StdOut=/gpfs/fs0/scratch/a/asarkar/sudhipv/poisson_hpc/stochastic/process_NL/NL2/NL_strong-8457011.out
   Power=
   MailUser=sudhipv@cmail.carleton.ca MailType=INVALID_DEPEND,BEGIN,END,FAIL,REQUEUE,STAGE_OUT
   

sacct -j 8457011
JobID           JobName    Account    Elapsed  MaxVMSize     MaxRSS  SystemCPU    UserCPU ExitCode 
------------ ---------- ---------- ---------- ---------- ---------- ---------- ---------- -------- 
8457011       NL_strong def-asark+   01:35:21                        32:52.726 5-05:45:44      0:0 
8457011.bat+      batch def-asark+   01:35:21 184504648K 144874656K  10:23.721 2-15:00:48      0:0 
8457011.ext+     extern def-asark+   01:35:22    142384K       940K   00:00:00  00:00.001      0:0 
8457011.0         orted def-asark+   01:35:09 184168204K 144617288K  22:29.004 2-14:44:55      0:0 
