
The following have been reloaded with a version change:
  1) mii/1.1.1 => mii/1.1.2

/cvmfs/soft.computecanada.ca/easybuild/software/2020/avx512/Compiler/intel2020/openmpi/4.0.3/bin/mpiexec
/cvmfs/soft.computecanada.ca/easybuild/software/2020/avx512/Compiler/intel2020/openmpi/4.0.3/bin/mpirun
Number of Vertices for coarse mesh in process  0  203401
time taken before solve is4.30192
Linear solve converged due to CONVERGED_RTOL iterations 11
KSP final norm of residual 9.7645e-13
KSP Object: 600 MPI processes
  type: gmres
    restart=30, using Classical (unmodified) Gram-Schmidt Orthogonalization with no iterative refinement
    happy breakdown tolerance 1e-30
  maximum iterations=10000, initial guess is zero
  tolerances:  relative=1e-08, absolute=1e-50, divergence=10000.
  right preconditioning
  using UNPRECONDITIONED norm type for convergence test
PC Object: 600 MPI processes
  type: hypre
    HYPRE BoomerAMG preconditioning
      Cycle type V
      Maximum number of levels 25
      Maximum number of iterations PER hypre call 1
      Convergence tolerance PER hypre call 0.
      Threshold for strong coupling 0.25
      Interpolation truncation factor 0.
      Interpolation: max elements per row 0
      Number of levels of aggressive coarsening 0
      Number of paths for aggressive coarsening 1
      Maximum row sums 0.9
      Sweeps down         1
      Sweeps up           1
      Sweeps on coarse    1
      Relax down          symmetric-SOR/Jacobi
      Relax up            symmetric-SOR/Jacobi
      Relax on coarse     Gaussian-elimination
      Relax weight  (all)      1.
      Outer relax weight (all) 1.
      Using CF-relaxation
      Not using more complex smoothers.
      Measure type        local
      Coarsen type        Falgout
      Interpolation type  classical
  linear system matrix = precond matrix:
  Mat Object: 600 MPI processes
    type: mpiaij
    rows=45576001, cols=45576001
    total: nonzeros=318978001, allocated nonzeros=318978001
    total number of mallocs used during MatSetValues calls=0
      not using I-node (on process 0) routines
time taken for solve is5.71914
************************************************************************************************************************
***             WIDEN YOUR WINDOW TO 120 CHARACTERS.  Use 'enscript -r -fCourier9' to print this document            ***
************************************************************************************************************************

---------------------------------------------- PETSc Performance Summary: ----------------------------------------------

/home/a/asarkar/sudhipv/software/FreeFem-sources/src/mpi/FreeFem++-mpi on a  named nia0552.scinet.local with 600 processors, by sudhipv Thu Dec 15 11:27:21 2022
Using Petsc Release Version 3.15.0, Mar 30, 2021 

                         Max       Max/Min     Avg       Total
Time (sec):           5.891e+00     1.000   5.890e+00
Objects:              4.500e+01     1.000   4.500e+01
Flop:                 3.795e+07     1.069   3.669e+07  2.201e+10
Flop/sec:             6.443e+06     1.069   6.228e+06  3.737e+09
MPI Messages:         1.520e+02     4.000   1.072e+02  6.433e+04
MPI Message Lengths:  1.191e+06     3.311   8.560e+03  5.506e+08
MPI Reductions:       6.900e+01     1.000

Flop counting convention: 1 flop = 1 real number operation of type (multiply/divide/add/subtract)
                            e.g., VecAXPY() for real vectors of length N --> 2N flop
                            and VecAXPY() for complex vectors of length N --> 8N flop

Summary of Stages:   ----- Time ------  ----- Flop ------  --- Messages ---  -- Message Lengths --  -- Reductions --
                        Avg     %Total     Avg     %Total    Count   %Total     Avg         %Total    Count   %Total
 0:      Main Stage: 5.8902e+00 100.0%  2.2012e+10 100.0%  6.433e+04 100.0%  8.560e+03      100.0%  5.100e+01  73.9%

------------------------------------------------------------------------------------------------------------------------
See the 'Profiling' chapter of the users' manual for details on interpreting output.
Phase summary info:
   Count: number of times phase was executed
   Time and Flop: Max - maximum over all processors
                  Ratio - ratio of maximum to minimum over all processors
   Mess: number of messages sent
   AvgLen: average message length (bytes)
   Reduct: number of global reductions
   Global: entire computation
   Stage: stages of a computation. Set stages with PetscLogStagePush() and PetscLogStagePop().
      %T - percent time in this phase         %F - percent flop in this phase
      %M - percent messages in this phase     %L - percent message lengths in this phase
      %R - percent reductions in this phase
   Total Mflop/s: 10e-6 * (sum of flop over all processors)/(max time over all processors)
------------------------------------------------------------------------------------------------------------------------
Event                Count      Time (sec)     Flop                              --- Global ---  --- Stage ----  Total
                   Max Ratio  Max     Ratio   Max  Ratio  Mess   AvgLen  Reduct  %T %F %M %L %R  %T %F %M %L %R Mflop/s
------------------------------------------------------------------------------------------------------------------------

--- Event Stage 0: Main Stage

BuildTwoSided          2 1.0 1.1120e-02 2.9 0.00e+00 0.0 3.4e+03 4.0e+00 2.0e+00  0  0  5  0  3   0  0  5  0  4     0
BuildTwoSidedF         1 1.0 6.2443e-03 1.6 0.00e+00 0.0 0.0e+00 0.0e+00 1.0e+00  0  0  0  0  1   0  0  0  0  2     0
MatMult               12 1.0 3.4159e-02 1.8 1.23e+07 1.1 4.7e+04 1.5e+03 1.0e+00  0 32 74 13  1   0 32 74 13  2 208105
MatConvert             1 1.0 2.1463e-02 1.1 0.00e+00 0.0 0.0e+00 0.0e+00 4.0e+00  0  0  0  0  6   0  0  0  0  8     0
MatAssemblyBegin       3 1.0 6.5939e-03 1.5 0.00e+00 0.0 0.0e+00 0.0e+00 1.0e+00  0  0  0  0  1   0  0  0  0  2     0
MatAssemblyEnd         3 1.0 2.5442e-0112.7 0.00e+00 0.0 0.0e+00 0.0e+00 8.0e+00  3  0  0  0 12   3  0  0  0 16     0
MatGetRowIJ            2 1.0 1.9959e-0493.1 0.00e+00 0.0 0.0e+00 0.0e+00 0.0e+00  0  0  0  0  0   0  0  0  0  0     0
MatView                1 1.0 2.2312e-03 5.5 0.00e+00 0.0 0.0e+00 0.0e+00 1.0e+00  0  0  0  0  1   0  0  0  0  2     0
VecMDot               11 1.0 6.1975e-02 4.2 1.04e+07 1.1 0.0e+00 0.0e+00 1.1e+01  1 27  0  0 16   1 27  0  0 22 97072
VecNorm               13 1.0 3.0992e-01 1.1 2.04e+06 1.1 0.0e+00 0.0e+00 1.3e+01  5  5  0  0 19   5  5  0  0 25  3823
VecScale              12 1.0 1.1567e-03 4.7 9.43e+05 1.1 0.0e+00 0.0e+00 0.0e+00  0  2  0  0  0   0  2  0  0  0 472814
VecCopy                3 1.0 1.0324e-03 3.5 0.00e+00 0.0 0.0e+00 0.0e+00 0.0e+00  0  0  0  0  0   0  0  0  0  0     0
VecSet                15 1.0 2.2494e-03 1.7 0.00e+00 0.0 0.0e+00 0.0e+00 0.0e+00  0  0  0  0  0   0  0  0  0  0     0
VecAXPY                1 1.0 1.4419e-0278.9 1.57e+05 1.1 0.0e+00 0.0e+00 0.0e+00  0  0  0  0  0   0  0  0  0  0  6322
VecAYPX                1 1.0 9.7572e-0410.3 7.86e+04 1.1 0.0e+00 0.0e+00 0.0e+00  0  0  0  0  0   0  0  0  0  0 46710
VecMAXPY              12 1.0 1.3428e-02 1.4 1.21e+07 1.1 0.0e+00 0.0e+00 0.0e+00  0 32  0  0  0   0 32  0  0  0 522689
VecScatterBegin       12 1.0 9.7823e-03 7.6 0.00e+00 0.0 4.7e+04 1.5e+03 1.0e+00  0  0 74 13  1   0  0 74 13  2     0
VecScatterEnd         12 1.0 1.4189e-0283.5 0.00e+00 0.0 0.0e+00 0.0e+00 0.0e+00  0  0  0  0  0   0  0  0  0  0     0
VecNormalize          12 1.0 2.9845e-01 1.0 2.83e+06 1.1 0.0e+00 0.0e+00 1.2e+01  5  7  0  0 17   5  7  0  0 24  5498
SFSetGraph             1 1.0 1.2035e-0518.3 0.00e+00 0.0 0.0e+00 0.0e+00 0.0e+00  0  0  0  0  0   0  0  0  0  0     0
SFSetUp                1 1.0 7.1740e-03 9.1 0.00e+00 0.0 6.8e+03 4.3e+02 1.0e+00  0  0 11  1  1   0  0 11  1  2     0
SFPack                12 1.0 2.2135e-04 6.9 0.00e+00 0.0 0.0e+00 0.0e+00 0.0e+00  0  0  0  0  0   0  0  0  0  0     0
SFUnpack              12 1.0 1.9560e-05 8.2 0.00e+00 0.0 0.0e+00 0.0e+00 0.0e+00  0  0  0  0  0   0  0  0  0  0     0
KSPSetUp               1 1.0 7.3074e-0259.2 0.00e+00 0.0 0.0e+00 0.0e+00 2.0e+00  1  0  0  0  3   1  0  0  0  4     0
KSPSolve               1 1.0 8.8388e-01 1.0 3.67e+07 1.1 4.4e+04 1.5e+03 2.4e+01 15 97 68 12 35  15 97 68 12 47 24079
KSPGMRESOrthog        11 1.0 7.1828e-02 2.7 2.07e+07 1.1 0.0e+00 0.0e+00 1.1e+01  1 55  0  0 16   1 55  0  0 22 167512
PCSetUp                1 1.0 4.0926e-01 1.0 0.00e+00 0.0 0.0e+00 0.0e+00 4.0e+00  7  0  0  0  6   7  0  0  0  8     0
PCApply               12 1.0 5.1902e-01 1.1 0.00e+00 0.0 0.0e+00 0.0e+00 0.0e+00  8  0  0  0  0   8  0  0  0  0     0
------------------------------------------------------------------------------------------------------------------------

Memory usage is given in bytes:

Object Type          Creations   Destructions     Memory  Descendants' Mem.
Reports information only for process 0.

--- Event Stage 0: Main Stage

              Matrix     8              8     19883288     0.
              Vector    23             23     11453992     0.
           Index Set     4              4       759132     0.
   Star Forest Graph     3              3         3384     0.
       Krylov Solver     1              1        18856     0.
      Preconditioner     1              1         1496     0.
              Viewer     2              1          848     0.
    Distributed Mesh     1              1         5048     0.
     Discrete System     1              1          904     0.
           Weak Form     1              1          824     0.
========================================================================================================================
Average time to get PetscTime(): 2.98e-08
Average time for MPI_Barrier(): 9.89816e-05
Average time for zero size MPI_Send(): 1.21907e-06
#PETSc Option Table entries:
-ksp_converged_reason
-ksp_pc_side right
-ksp_rtol 1e-8
-ksp_type gmres
-ksp_view
-ksp_view_final_residual
-log_view
-m 450
-n 450
-nw
-pc_type hypre
#End of PETSc Option Table entries
Compiled without FORTRAN kernels
Compiled with full precision matrices (default)
sizeof(short) 2 sizeof(int) 4 sizeof(long) 8 sizeof(void*) 8 sizeof(PetscScalar) 8 sizeof(PetscInt) 4
Configure options: --prefix=/home/a/asarkar/sudhipv/software/FreeFem-sources/install/ff-petsc/r MAKEFLAGS= --with-debugging=0 COPTFLAGS="-O3 -mtune=native" CXXOPTFLAGS="-O3 -mtune=native" FOPTFLAGS="-O3 -mtune=native" --with-cxx-dialect=C++11 --with-ssl=0 --with-x=0 --with-fortran-bindings=0 --with-cudac=0 --with-cc=/cvmfs/soft.computecanada.ca/easybuild/software/2020/avx512/Compiler/intel2020/openmpi/4.0.3/bin/mpicc --with-cxx=/cvmfs/soft.computecanada.ca/easybuild/software/2020/avx512/Compiler/intel2020/openmpi/4.0.3/bin/mpic++ --with-fc=/cvmfs/soft.computecanada.ca/easybuild/software/2020/avx512/Compiler/intel2020/openmpi/4.0.3/bin/mpif90 --with-scalar-type=real --with-blaslapack-include=/cvmfs/soft.computecanada.ca/easybuild/software/2020/Core/imkl/2020.1.217/mkl/include --with-blaslapack-lib="-Wl,-rpath,/cvmfs/soft.computecanada.ca/easybuild/software/2020/Core/imkl/2020.1.217/mkl/lib/intel64 -L/cvmfs/soft.computecanada.ca/easybuild/software/2020/Core/imkl/2020.1.217/mkl/lib/intel64 -lmkl_rt -lmkl_intel_thread -lmkl_core  -liomp5 -lpthread" --download-metis --download-ptscotch --download-hypre --download-parmetis --download-mmg --download-parmmg --download-superlu --download-suitesparse --download-tetgen --download-slepc --download-hpddm --download-scalapack --download-mumps --download-slepc-configure-arguments=--download-arpack=https://github.com/prj-/arpack-ng/archive/b64dccb.tar.gz PETSC_ARCH=fr
-----------------------------------------
Libraries compiled on 2021-05-02 15:39:49 on nia-login03.scinet.local 
Machine characteristics: Linux-3.10.0-957.27.2.el7.x86_64-x86_64-with-centos-7.6.1810-Core
Using PETSc directory: /home/a/asarkar/sudhipv/software/FreeFem-sources/install/ff-petsc/r
Using PETSc arch: 
-----------------------------------------

Using C compiler: /cvmfs/soft.computecanada.ca/easybuild/software/2020/avx512/Compiler/intel2020/openmpi/4.0.3/bin/mpicc  -fPIC -wd1572 -O3 -mtune=native   
Using Fortran compiler: /cvmfs/soft.computecanada.ca/easybuild/software/2020/avx512/Compiler/intel2020/openmpi/4.0.3/bin/mpif90  -fPIC -O3 -mtune=native     
-----------------------------------------

Using include paths: -I/home/a/asarkar/sudhipv/software/FreeFem-sources/install/ff-petsc/r/include -I/cvmfs/soft.computecanada.ca/easybuild/software/2020/Core/imkl/2020.1.217/mkl/include
-----------------------------------------

Using C linker: /cvmfs/soft.computecanada.ca/easybuild/software/2020/avx512/Compiler/intel2020/openmpi/4.0.3/bin/mpicc
Using Fortran linker: /cvmfs/soft.computecanada.ca/easybuild/software/2020/avx512/Compiler/intel2020/openmpi/4.0.3/bin/mpif90
Using libraries: -Wl,-rpath,/home/a/asarkar/sudhipv/software/FreeFem-sources/install/ff-petsc/r/lib -L/home/a/asarkar/sudhipv/software/FreeFem-sources/install/ff-petsc/r/lib -lpetsc -Wl,-rpath,/home/a/asarkar/sudhipv/software/FreeFem-sources/install/ff-petsc/r/lib -L/home/a/asarkar/sudhipv/software/FreeFem-sources/install/ff-petsc/r/lib -Wl,-rpath,/cvmfs/soft.computecanada.ca/easybuild/software/2020/Core/imkl/2020.1.217/mkl/lib/intel64 -L/cvmfs/soft.computecanada.ca/easybuild/software/2020/Core/imkl/2020.1.217/mkl/lib/intel64 -Wl,-rpath,/cvmfs/soft.computecanada.ca/easybuild/software/2020/avx512/Compiler/intel2020/openmpi/4.0.3/lib -L/cvmfs/soft.computecanada.ca/easybuild/software/2020/avx512/Compiler/intel2020/openmpi/4.0.3/lib -Wl,-rpath,/cvmfs/soft.computecanada.ca/easybuild/software/2020/avx512/Core/libfabric/1.10.1/lib -L/cvmfs/soft.computecanada.ca/easybuild/software/2020/avx512/Core/libfabric/1.10.1/lib -Wl,-rpath,/cvmfs/soft.computecanada.ca/easybuild/software/2020/avx512/Core/ucx/1.8.0/lib -L/cvmfs/soft.computecanada.ca/easybuild/software/2020/avx512/Core/ucx/1.8.0/lib -Wl,-rpath,/cvmfs/soft.computecanada.ca/easybuild/software/2020/Core/imkl/2020.1.217/lib/intel64 -L/cvmfs/soft.computecanada.ca/easybuild/software/2020/Core/imkl/2020.1.217/lib/intel64 -Wl,-rpath,/cvmfs/restricted.computecanada.ca/easybuild/software/2020/Core/intel/2020.1.217/compilers_and_libraries_2020.1.217/linux/tbb/lib/intel64/gcc4.8 -L/cvmfs/restricted.computecanada.ca/easybuild/software/2020/Core/intel/2020.1.217/compilers_and_libraries_2020.1.217/linux/tbb/lib/intel64/gcc4.8 -Wl,-rpath,/cvmfs/restricted.computecanada.ca/easybuild/software/2020/Core/intel/2020.1.217/compilers_and_libraries_2020.1.217/linux/compiler/lib/intel64_lin -L/cvmfs/restricted.computecanada.ca/easybuild/software/2020/Core/intel/2020.1.217/compilers_and_libraries_2020.1.217/linux/compiler/lib/intel64_lin -Wl,-rpath,/cvmfs/soft.computecanada.ca/easybuild/software/2020/avx512/Compiler/intel2020/openmpi/4.0.3/lib64 -L/cvmfs/soft.computecanada.ca/easybuild/software/2020/avx512/Compiler/intel2020/openmpi/4.0.3/lib64 -Wl,-rpath,/cvmfs/soft.computecanada.ca/easybuild/software/2020/Core/gcccore/9.3.0/lib/gcc/x86_64-pc-linux-gnu/9.3.0 -L/cvmfs/soft.computecanada.ca/easybuild/software/2020/Core/gcccore/9.3.0/lib/gcc/x86_64-pc-linux-gnu/9.3.0 -Wl,-rpath,/cvmfs/soft.computecanada.ca/easybuild/software/2020/Core/gcccore/9.3.0/lib64 -L/cvmfs/soft.computecanada.ca/easybuild/software/2020/Core/gcccore/9.3.0/lib64 -Wl,-rpath,/cvmfs/soft.computecanada.ca/gentoo/2020/lib64 -L/cvmfs/soft.computecanada.ca/gentoo/2020/lib64 -Wl,-rpath,/cvmfs/soft.computecanada.ca/gentoo/2020/usr/lib64 -L/cvmfs/soft.computecanada.ca/gentoo/2020/usr/lib64 -Wl,-rpath,/cvmfs/soft.computecanada.ca/easybuild/software/2020/Core/gcccore/9.3.0/lib -L/cvmfs/soft.computecanada.ca/easybuild/software/2020/Core/gcccore/9.3.0/lib -Wl,-rpath,/cvmfs/soft.computecanada.ca/gentoo/2020/lib -L/cvmfs/soft.computecanada.ca/gentoo/2020/lib -Wl,-rpath,/cvmfs/soft.computecanada.ca/gentoo/2020/usr/lib -L/cvmfs/soft.computecanada.ca/gentoo/2020/usr/lib -lHYPRE -lcmumps -ldmumps -lsmumps -lzmumps -lmumps_common -lpord -lscalapack -lumfpack -lklu -lcholmod -lbtf -lccolamd -lcolamd -lcamd -lamd -lsuitesparseconfig -lsuperlu -lmkl_rt -lmkl_intel_thread -lmkl_core -liomp5 -lpthread -lparmmg -lmmg -lmmg3d -lptesmumps -lptscotchparmetis -lptscotch -lptscotcherr -lesmumps -lscotch -lscotcherr -lpthread -lparmetis -lmetis -ltet -lstdc++ -ldl -lmpi_usempif08 -lmpi_usempi_ignore_tkr -lmpi_mpifh -lmpi -lifport -lifcoremt_pic -limf -lsvml -lm -lipgo -lirc -lpthread -lgcc_s -lirc_s -lrt -lquadmath -lstdc++ -ldl
-----------------------------------------

Number of Vertices for coarse mesh in process  0  203401
time taken before solve is4.33465
    Linear mg_coarse_ solve converged due to CONVERGED_RTOL iterations 5
    Linear mg_coarse_ solve converged due to CONVERGED_RTOL iterations 5
    Linear mg_coarse_ solve converged due to CONVERGED_RTOL iterations 5
    Linear mg_coarse_ solve converged due to CONVERGED_RTOL iterations 5
    Linear mg_coarse_ solve converged due to CONVERGED_RTOL iterations 5
    Linear mg_coarse_ solve converged due to CONVERGED_RTOL iterations 5
    Linear mg_coarse_ solve converged due to CONVERGED_RTOL iterations 5
    Linear mg_coarse_ solve converged due to CONVERGED_RTOL iterations 5
    Linear mg_coarse_ solve converged due to CONVERGED_RTOL iterations 5
    Linear mg_coarse_ solve converged due to CONVERGED_RTOL iterations 5
    Linear mg_coarse_ solve converged due to CONVERGED_RTOL iterations 5
    Linear mg_coarse_ solve converged due to CONVERGED_RTOL iterations 5
    Linear mg_coarse_ solve converged due to CONVERGED_RTOL iterations 5
    Linear mg_coarse_ solve converged due to CONVERGED_RTOL iterations 5
    Linear mg_coarse_ solve converged due to CONVERGED_RTOL iterations 5
    Linear mg_coarse_ solve converged due to CONVERGED_RTOL iterations 5
    Linear mg_coarse_ solve converged due to CONVERGED_RTOL iterations 5
    Linear mg_coarse_ solve converged due to CONVERGED_RTOL iterations 5
    Linear mg_coarse_ solve converged due to CONVERGED_RTOL iterations 5
    Linear mg_coarse_ solve converged due to CONVERGED_RTOL iterations 5
    Linear mg_coarse_ solve converged due to CONVERGED_RTOL iterations 5
    Linear mg_coarse_ solve converged due to CONVERGED_RTOL iterations 5
    Linear mg_coarse_ solve converged due to CONVERGED_RTOL iterations 5
Linear solve converged due to CONVERGED_RTOL iterations 23
KSP Object: 600 MPI processes
  type: fgmres
    restart=30, using Classical (unmodified) Gram-Schmidt Orthogonalization with no iterative refinement
    happy breakdown tolerance 1e-30
  maximum iterations=10000, initial guess is zero
  tolerances:  relative=1e-08, absolute=1e-50, divergence=10000.
  right preconditioning
  using UNPRECONDITIONED norm type for convergence test
PC Object: 600 MPI processes
  type: mg
    type is MULTIPLICATIVE, levels=2 cycles=v
      Cycles per PCApply=1
      Not using Galerkin computed coarse grid matrices
  Coarse grid solver -- level -------------------------------
    KSP Object: (mg_coarse_) 600 MPI processes
      type: gmres
        restart=30, using Classical (unmodified) Gram-Schmidt Orthogonalization with no iterative refinement
        happy breakdown tolerance 1e-30
      maximum iterations=10000, initial guess is zero
      tolerances:  relative=1e-05, absolute=1e-50, divergence=10000.
      left preconditioning
      using PRECONDITIONED norm type for convergence test
    PC Object: (mg_coarse_) 600 MPI processes
      type: hypre
        HYPRE BoomerAMG preconditioning
          Cycle type V
          Maximum number of levels 25
          Maximum number of iterations PER hypre call 1
          Convergence tolerance PER hypre call 0.
          Threshold for strong coupling 0.25
          Interpolation truncation factor 0.
          Interpolation: max elements per row 0
          Number of levels of aggressive coarsening 0
          Number of paths for aggressive coarsening 1
          Maximum row sums 0.9
          Sweeps down         1
          Sweeps up           1
          Sweeps on coarse    1
          Relax down          symmetric-SOR/Jacobi
          Relax up            symmetric-SOR/Jacobi
          Relax on coarse     Gaussian-elimination
          Relax weight  (all)      1.
          Outer relax weight (all) 1.
          Using CF-relaxation
          Not using more complex smoothers.
          Measure type        local
          Coarsen type        Falgout
          Interpolation type  classical
      linear system matrix = precond matrix:
      Mat Object: 600 MPI processes
        type: mpiaij
        rows=203401, cols=203401
        total: nonzeros=1420201, allocated nonzeros=1420201
        total number of mallocs used during MatSetValues calls=0
          not using I-node (on process 0) routines
  Down solver (pre-smoother) on level 1 -------------------------------
    KSP Object: (mg_levels_1_) 600 MPI processes
      type: chebyshev
        eigenvalue estimates used:  min = 0.19775, max = 2.17525
        eigenvalues estimate via gmres min 0.0155984, max 1.9775
        eigenvalues estimated using gmres with translations  [0. 0.1; 0. 1.1]
        KSP Object: (mg_levels_1_esteig_) 600 MPI processes
          type: gmres
            restart=30, using Classical (unmodified) Gram-Schmidt Orthogonalization with no iterative refinement
            happy breakdown tolerance 1e-30
          maximum iterations=10, initial guess is zero
          tolerances:  relative=1e-12, absolute=1e-50, divergence=10000.
          left preconditioning
          using PRECONDITIONED norm type for convergence test
        estimating eigenvalues using noisy right hand side
      maximum iterations=2, nonzero initial guess
      tolerances:  relative=1e-05, absolute=1e-50, divergence=10000.
      left preconditioning
      using NONE norm type for convergence test
    PC Object: (mg_levels_1_) 600 MPI processes
      type: asm
        total subdomain blocks = 600, amount of overlap = 1
        restriction/interpolation type - RESTRICT
        Local solver information for first block is in the following KSP and PC objects on rank 0:
        Use -mg_levels_1_ksp_view ::ascii_info_detail to display information for all blocks
      KSP Object: (mg_levels_1_sub_) 1 MPI processes
        type: preonly
        maximum iterations=10000, initial guess is zero
        tolerances:  relative=1e-05, absolute=1e-50, divergence=10000.
        left preconditioning
        using NONE norm type for convergence test
      PC Object: (mg_levels_1_sub_) 1 MPI processes
        type: lu
          out-of-place factorization
          tolerance for zero pivot 2.22045e-14
          matrix ordering: nd
          factor fill ratio given 0., needed 0.
            Factored matrix follows:
              Mat Object: 1 MPI processes
                type: mumps
                rows=76170, cols=76170
                package used to perform factorization: mumps
                total: nonzeros=6040188, allocated nonzeros=6040188
                  MUMPS run parameters:
                    SYM (matrix type):                   0 
                    PAR (host participation):            1 
                    ICNTL(1) (output for error):         6 
                    ICNTL(2) (output of diagnostic msg): 0 
                    ICNTL(3) (output for global info):   0 
                    ICNTL(4) (level of printing):        0 
                    ICNTL(5) (input mat struct):         0 
                    ICNTL(6) (matrix prescaling):        7 
                    ICNTL(7) (sequential matrix ordering):7 
                    ICNTL(8) (scaling strategy):        77 
                    ICNTL(10) (max num of refinements):  0 
                    ICNTL(11) (error analysis):          0 
                    ICNTL(12) (efficiency control):                         1 
                    ICNTL(13) (sequential factorization of the root node):  0 
                    ICNTL(14) (percentage of estimated workspace increase): 20 
                    ICNTL(18) (input mat struct):                           0 
                    ICNTL(19) (Schur complement info):                      0 
                    ICNTL(20) (RHS sparse pattern):                         0 
                    ICNTL(21) (solution struct):                            0 
                    ICNTL(22) (in-core/out-of-core facility):               0 
                    ICNTL(23) (max size of memory can be allocated locally):0 
                    ICNTL(24) (detection of null pivot rows):               0 
                    ICNTL(25) (computation of a null space basis):          0 
                    ICNTL(26) (Schur options for RHS or solution):          0 
                    ICNTL(27) (blocking size for multiple RHS):             -32 
                    ICNTL(28) (use parallel or sequential ordering):        1 
                    ICNTL(29) (parallel ordering):                          0 
                    ICNTL(30) (user-specified set of entries in inv(A)):    0 
                    ICNTL(31) (factors is discarded in the solve phase):    0 
                    ICNTL(33) (compute determinant):                        0 
                    ICNTL(35) (activate BLR based factorization):           0 
                    ICNTL(36) (choice of BLR factorization variant):        0 
                    ICNTL(38) (estimated compression rate of LU factors):   333 
                    CNTL(1) (relative pivoting threshold):      0.01 
                    CNTL(2) (stopping criterion of refinement): 1.49012e-08 
                    CNTL(3) (absolute pivoting threshold):      0. 
                    CNTL(4) (value of static pivoting):         -1. 
                    CNTL(5) (fixation for null pivots):         0. 
                    CNTL(7) (dropping parameter for BLR):       0. 
                    RINFO(1) (local estimated flops for the elimination after analysis): 
                      [0] 7.4075e+08 
                    RINFO(2) (local estimated flops for the assembly after factorization): 
                      [0]  9.61626e+06 
                    RINFO(3) (local estimated flops for the elimination after factorization): 
                      [0]  7.4075e+08 
                    INFO(15) (estimated size of (in MB) MUMPS internal data for running numerical factorization): 
                    [0] 78 
                    INFO(16) (size of (in MB) MUMPS internal data used during numerical factorization): 
                      [0] 78 
                    INFO(23) (num of pivots eliminated on this processor after factorization): 
                      [0] 76170 
                    RINFOG(1) (global estimated flops for the elimination after analysis): 7.4075e+08 
                    RINFOG(2) (global estimated flops for the assembly after factorization): 9.61626e+06 
                    RINFOG(3) (global estimated flops for the elimination after factorization): 7.4075e+08 
                    (RINFOG(12) RINFOG(13))*2^INFOG(34) (determinant): (0.,0.)*(2^0)
                    INFOG(3) (estimated real workspace for factors on all processors after analysis): 6040188 
                    INFOG(4) (estimated integer workspace for factors on all processors after analysis): 1345518 
                    INFOG(5) (estimated maximum front size in the complete tree): 502 
                    INFOG(6) (number of nodes in the complete tree): 27854 
                    INFOG(7) (ordering option effectively use after analysis): 5 
                    INFOG(8) (structural symmetry in percent of the permuted matrix after analysis): 100 
                    INFOG(9) (total real/complex workspace to store the matrix factors after factorization): 6040188 
                    INFOG(10) (total integer space store the matrix factors after factorization): 1345518 
                    INFOG(11) (order of largest frontal matrix after factorization): 502 
                    INFOG(12) (number of off-diagonal pivots): 0 
                    INFOG(13) (number of delayed pivots after factorization): 0 
                    INFOG(14) (number of memory compress after factorization): 0 
                    INFOG(15) (number of steps of iterative refinement after solution): 0 
                    INFOG(16) (estimated size (in MB) of all MUMPS internal data for factorization after analysis: value on the most memory consuming processor): 78 
                    INFOG(17) (estimated size of all MUMPS internal data for factorization after analysis: sum over all processors): 78 
                    INFOG(18) (size of all MUMPS internal data allocated during factorization: value on the most memory consuming processor): 78 
                    INFOG(19) (size of all MUMPS internal data allocated during factorization: sum over all processors): 78 
                    INFOG(20) (estimated number of entries in the factors): 6040188 
                    INFOG(21) (size in MB of memory effectively used during factorization - value on the most memory consuming processor): 68 
                    INFOG(22) (size in MB of memory effectively used during factorization - sum over all processors): 68 
                    INFOG(23) (after analysis: value of ICNTL(6) effectively used): 0 
                    INFOG(24) (after analysis: value of ICNTL(12) effectively used): 1 
                    INFOG(25) (after factorization: number of pivots modified by static pivoting): 0 
                    INFOG(28) (after factorization: number of null pivots encountered): 0
                    INFOG(29) (after factorization: effective number of entries in the factors (sum over all processors)): 6040188
                    INFOG(30, 31) (after solution: size in Mbytes of memory used during solution phase): 77, 77
                    INFOG(32) (after analysis: type of analysis done): 1
                    INFOG(33) (value used for ICNTL(8)): 7
                    INFOG(34) (exponent of the determinant if determinant is requested): 0
                    INFOG(35) (after factorization: number of entries taking into account BLR factor compression - sum over all processors): 6040188
                    INFOG(36) (after analysis: estimated size of all MUMPS internal data for running BLR in-core - value on the most memory consuming processor): 0 
                    INFOG(37) (after analysis: estimated size of all MUMPS internal data for running BLR in-core - sum over all processors): 0 
                    INFOG(38) (after analysis: estimated size of all MUMPS internal data for running BLR out-of-core - value on the most memory consuming processor): 0 
                    INFOG(39) (after analysis: estimated size of all MUMPS internal data for running BLR out-of-core - sum over all processors): 0 
        linear system matrix = precond matrix:
        Mat Object: (mg_levels_1_sub_) 1 MPI processes
          type: seqaij
          rows=76170, cols=76170
          total: nonzeros=530908, allocated nonzeros=530908
          total number of mallocs used during MatSetValues calls=0
            not using I-node routines
      linear system matrix = precond matrix:
      Mat Object: 600 MPI processes
        type: mpiaij
        rows=45576001, cols=45576001
        total: nonzeros=318978001, allocated nonzeros=318978001
        total number of mallocs used during MatSetValues calls=0
          not using I-node (on process 0) routines
  Up solver (post-smoother) same as down solver (pre-smoother)
  linear system matrix = precond matrix:
  Mat Object: 600 MPI processes
    type: mpiaij
    rows=45576001, cols=45576001
    total: nonzeros=318978001, allocated nonzeros=318978001
    total number of mallocs used during MatSetValues calls=0
      not using I-node (on process 0) routines
time taken for solve is12.967
************************************************************************************************************************
***             WIDEN YOUR WINDOW TO 120 CHARACTERS.  Use 'enscript -r -fCourier9' to print this document            ***
************************************************************************************************************************

---------------------------------------------- PETSc Performance Summary: ----------------------------------------------

/home/a/asarkar/sudhipv/software/FreeFem-sources/src/mpi/FreeFem++-mpi on a  named nia0552.scinet.local with 600 processors, by sudhipv Thu Dec 15 11:27:37 2022
Using Petsc Release Version 3.15.0, Mar 30, 2021 

                         Max       Max/Min     Avg       Total
Time (sec):           1.313e+01     1.000   1.313e+01
Objects:              1.840e+02     1.000   1.840e+02
Flop:                 1.817e+11     1.327   1.592e+11  9.551e+13
Flop/sec:             1.384e+10     1.327   1.213e+10  7.276e+12
MPI Messages:         3.242e+03     3.993   2.289e+03  1.373e+06
MPI Message Lengths:  1.375e+07     3.321   4.607e+03  6.327e+09
MPI Reductions:       3.940e+02     1.000

Flop counting convention: 1 flop = 1 real number operation of type (multiply/divide/add/subtract)
                            e.g., VecAXPY() for real vectors of length N --> 2N flop
                            and VecAXPY() for complex vectors of length N --> 8N flop

Summary of Stages:   ----- Time ------  ----- Flop ------  --- Messages ---  -- Message Lengths --  -- Reductions --
                        Avg     %Total     Avg     %Total    Count   %Total     Avg         %Total    Count   %Total
 0:      Main Stage: 1.3127e+01 100.0%  9.5506e+13 100.0%  1.373e+06 100.0%  4.607e+03      100.0%  3.760e+02  95.4%

------------------------------------------------------------------------------------------------------------------------
See the 'Profiling' chapter of the users' manual for details on interpreting output.
Phase summary info:
   Count: number of times phase was executed
   Time and Flop: Max - maximum over all processors
                  Ratio - ratio of maximum to minimum over all processors
   Mess: number of messages sent
   AvgLen: average message length (bytes)
   Reduct: number of global reductions
   Global: entire computation
   Stage: stages of a computation. Set stages with PetscLogStagePush() and PetscLogStagePop().
      %T - percent time in this phase         %F - percent flop in this phase
      %M - percent messages in this phase     %L - percent message lengths in this phase
      %R - percent reductions in this phase
   Total Mflop/s: 10e-6 * (sum of flop over all processors)/(max time over all processors)
------------------------------------------------------------------------------------------------------------------------
Event                Count      Time (sec)     Flop                              --- Global ---  --- Stage ----  Total
                   Max Ratio  Max     Ratio   Max  Ratio  Mess   AvgLen  Reduct  %T %F %M %L %R  %T %F %M %L %R Mflop/s
------------------------------------------------------------------------------------------------------------------------

--- Event Stage 0: Main Stage

BuildTwoSided          7 1.0 2.3390e-01199.7 0.00e+00 0.0 1.0e+04 4.0e+00 5.0e+00  1  0  1  0  1   1  0  1  0  1     0
BuildTwoSidedF         2 1.0 7.2525e-04 3.9 0.00e+00 0.0 0.0e+00 0.0e+00 2.0e+00  0  0  0  0  1   0  0  0  0  1     0
MatMult              263 1.0 1.0944e+00 6.0 1.28e+08 1.1 9.0e+05 8.9e+02 2.0e+00  3  0 66 13  1   3  0 66 13  1 67936
MatMultAdd            23 1.0 5.2901e-02 1.2 3.61e+06 1.1 7.8e+04 3.8e+02 0.0e+00  0  0  6  0  0   0  0  6  0  0 39631
MatMultTranspose      23 1.0 2.1981e-01 5.8 0.00e+00 0.0 7.8e+04 5.6e+04 0.0e+00  1  0  6 69  0   1  0  6 69  0     0
MatSolve             103 1.0 5.9296e+00 1.2 1.81e+11 1.3 0.0e+00 0.0e+00 0.0e+00 39100  0  0  0  39100  0  0  0 16077854
MatLUFactorSym         1 1.0 5.3544e-01 1.2 0.00e+00 0.0 0.0e+00 0.0e+00 0.0e+00  4  0  0  0  0   4  0  0  0  0     0
MatLUFactorNum         1 1.0 5.4345e-01 1.8 1.08e+07 1.2 0.0e+00 0.0e+00 0.0e+00  3  0  0  0  0   3  0  0  0  0 11114
MatConvert             1 1.0 2.0086e-03 1.1 0.00e+00 0.0 0.0e+00 0.0e+00 4.0e+00  0  0  0  0  1   0  0  0  0  1     0
MatResidual           23 1.0 2.6146e-0112.8 2.53e+07 1.1 7.8e+04 1.7e+03 0.0e+00  1  0  6  2  0   1  0  6  2  0 56119
MatAssemblyBegin       6 1.0 8.2573e-04 3.2 0.00e+00 0.0 0.0e+00 0.0e+00 2.0e+00  0  0  0  0  1   0  0  0  0  1     0
MatAssemblyEnd         6 1.0 2.5301e-0114.1 0.00e+00 0.0 0.0e+00 0.0e+00 1.2e+01  1  0  0  0  3   1  0  0  0  3     0
MatGetRowIJ            3 1.0 5.8324e-03 2.7 0.00e+00 0.0 0.0e+00 0.0e+00 0.0e+00  0  0  0  0  0   0  0  0  0  0     0
MatCreateSubMats       1 1.0 4.2636e-02 1.8 0.00e+00 0.0 1.7e+04 4.0e+03 1.0e+00  0  0  1  1  0   0  0  1  1  0     0
MatGetOrdering         1 1.0 6.6836e-02 1.8 0.00e+00 0.0 0.0e+00 0.0e+00 0.0e+00  0  0  0  0  0   0  0  0  0  0     0
MatIncreaseOvrlp       1 1.0 1.9809e-02 1.7 0.00e+00 0.0 0.0e+00 0.0e+00 1.0e+00  0  0  0  0  0   0  0  0  0  0     0
MatView                5 1.7 6.5623e-03 3.3 0.00e+00 0.0 0.0e+00 0.0e+00 3.0e+00  0  0  0  0  1   0  0  0  0  1     0
VecMDot              148 1.0 8.2454e-01 2.3 5.23e+07 1.1 0.0e+00 0.0e+00 1.5e+02  5  0  0  0 38   5  0  0  0 39 36761
VecNorm              173 1.0 6.7392e-02 3.2 5.61e+06 1.1 0.0e+00 0.0e+00 1.7e+02  0  0  0  0 44   0  0  0  0 46 48173
VecScale             219 1.0 1.2299e-03 1.7 2.80e+06 1.1 0.0e+00 0.0e+00 0.0e+00  0  0  0  0  0   0  0  0  0  0 1319817
VecCopy              197 1.0 1.9389e-02 1.3 0.00e+00 0.0 0.0e+00 0.0e+00 0.0e+00  0  0  0  0  0   0  0  0  0  0     0
VecSet               549 1.0 4.6257e-02 1.3 0.00e+00 0.0 0.0e+00 0.0e+00 0.0e+00  0  0  0  0  0   0  0  0  0  0     0
VecAXPY               48 1.0 4.8402e-03 1.8 3.95e+06 1.1 0.0e+00 0.0e+00 0.0e+00  0  0  0  0  0   0  0  0  0  0 472745
VecAYPX              138 1.0 2.0401e-02 1.4 1.45e+07 1.1 0.0e+00 0.0e+00 0.0e+00  0  0  0  0  0   0  0  0  0  0 411061
VecAXPBYCZ            46 1.0 8.6990e-03 1.5 1.81e+07 1.1 0.0e+00 0.0e+00 0.0e+00  0  0  0  0  0   0  0  0  0  0 1205026
VecMAXPY             173 1.0 5.3788e-02 1.1 5.76e+07 1.1 0.0e+00 0.0e+00 0.0e+00  0  0  0  0  0   0  0  0  0  0 620338
VecScatterBegin      652 1.0 3.0289e-01 4.3 0.00e+00 0.0 1.2e+06 1.2e+03 3.0e+00  2  0 86 22  1   2  0 86 22  1     0
VecScatterEnd        652 1.0 9.4500e-01105.2 0.00e+00 0.0 0.0e+00 0.0e+00 0.0e+00  2  0  0  0  0   2  0  0  0  0     0
VecNormalize         149 1.0 5.7996e-02 4.1 2.75e+06 1.1 0.0e+00 0.0e+00 1.5e+02  0  0  0  0 38   0  0  0  0 40 27385
SFSetGraph             5 1.0 1.9649e-04 1.8 0.00e+00 0.0 0.0e+00 0.0e+00 0.0e+00  0  0  0  0  0   0  0  0  0  0     0
SFSetUp                5 1.0 2.3986e-0131.9 0.00e+00 0.0 2.0e+04 3.0e+02 3.0e+00  1  0  1  0  1   1  0  1  0  1     0
SFReduceBegin        103 1.0 1.0563e-02 1.4 0.00e+00 0.0 0.0e+00 0.0e+00 0.0e+00  0  0  0  0  0   0  0  0  0  0     0
SFReduceEnd          103 1.0 7.9311e-05 2.1 0.00e+00 0.0 0.0e+00 0.0e+00 0.0e+00  0  0  0  0  0   0  0  0  0  0     0
SFPack               652 1.0 1.7908e-03 2.5 0.00e+00 0.0 0.0e+00 0.0e+00 0.0e+00  0  0  0  0  0   0  0  0  0  0     0
SFUnpack             652 1.0 6.3389e-04 5.9 0.00e+00 0.0 0.0e+00 0.0e+00 0.0e+00  0  0  0  0  0   0  0  0  0  0     0
KSPSetUp               3 1.0 2.1659e+00 1.0 1.94e+10 1.3 1.0e+05 1.9e+03 3.8e+01 16 11  7  3 10  16 11  7  3 10 4712076
KSPSolve               1 1.0 6.4128e+00 1.0 1.62e+11 1.3 1.3e+06 4.5e+03 3.0e+02 49 89 91 89 76  49 89 91 89 80 13301497
KSPGMRESOrthog       148 1.0 8.7144e-01 2.2 1.05e+08 1.1 0.0e+00 0.0e+00 1.5e+02  5  0  0  0 38   5  0  0  0 39 69566
PCSetUp                1 1.0 2.2068e+00 1.0 1.94e+10 1.3 1.0e+05 1.9e+03 4.2e+01 17 11  7  3 11  17 11  7  3 11 4624705
PCSetUpOnBlocks       47 1.0 1.1121e+00 1.3 1.08e+07 1.2 0.0e+00 0.0e+00 0.0e+00  7  0  0  0  0   7  0  0  0  0  5431
PCApply               23 1.0 6.0527e+00 1.1 1.62e+11 1.3 1.2e+06 4.7e+03 2.5e+02 44 89 86 87 64  44 89 86 87 68 14081476
PCApplyOnBlocks      103 1.0 5.9429e+00 1.2 1.81e+11 1.3 0.0e+00 0.0e+00 0.0e+00 39100  0  0  0  39100  0  0  0 16041990
------------------------------------------------------------------------------------------------------------------------

Memory usage is given in bytes:

Object Type          Creations   Destructions     Memory  Descendants' Mem.
Reports information only for process 0.

--- Event Stage 0: Main Stage

              Matrix    12             12     27832412     0.
              Vector   123            123     58530392     0.
           Index Set    15             15      2294568     0.
   IS L to G Mapping     1              1       914720     0.
   Star Forest Graph    11             11        12600     0.
       Krylov Solver     5              5        72264     0.
      Preconditioner     5              5         6024     0.
              Viewer     3              2         1696     0.
    Distributed Mesh     3              3        15144     0.
     Discrete System     3              3         2712     0.
           Weak Form     3              3         2472     0.
========================================================================================================================
Average time to get PetscTime(): 2.79e-08
Average time for MPI_Barrier(): 8.4299e-05
Average time for zero size MPI_Send(): 1.22766e-06
#PETSc Option Table entries:
-ksp_converged_reason
-ksp_pc_side right
-ksp_rtol 1e-8
-ksp_type fgmres
-ksp_view
-log_view
-m 450
-mg_coarse_ksp_converged_reason
-mg_coarse_ksp_type gmres
-mg_coarse_pc_type hypre
-mg_levels_pc_type asm
-mg_levels_sub_pc_factor_mat_solver_type mumps
-mg_levels_sub_pc_type lu
-n 450
-nw
-pc_mg_type multiplicative
-pc_type mg
#End of PETSc Option Table entries
Compiled without FORTRAN kernels
Compiled with full precision matrices (default)
sizeof(short) 2 sizeof(int) 4 sizeof(long) 8 sizeof(void*) 8 sizeof(PetscScalar) 8 sizeof(PetscInt) 4
Configure options: --prefix=/home/a/asarkar/sudhipv/software/FreeFem-sources/install/ff-petsc/r MAKEFLAGS= --with-debugging=0 COPTFLAGS="-O3 -mtune=native" CXXOPTFLAGS="-O3 -mtune=native" FOPTFLAGS="-O3 -mtune=native" --with-cxx-dialect=C++11 --with-ssl=0 --with-x=0 --with-fortran-bindings=0 --with-cudac=0 --with-cc=/cvmfs/soft.computecanada.ca/easybuild/software/2020/avx512/Compiler/intel2020/openmpi/4.0.3/bin/mpicc --with-cxx=/cvmfs/soft.computecanada.ca/easybuild/software/2020/avx512/Compiler/intel2020/openmpi/4.0.3/bin/mpic++ --with-fc=/cvmfs/soft.computecanada.ca/easybuild/software/2020/avx512/Compiler/intel2020/openmpi/4.0.3/bin/mpif90 --with-scalar-type=real --with-blaslapack-include=/cvmfs/soft.computecanada.ca/easybuild/software/2020/Core/imkl/2020.1.217/mkl/include --with-blaslapack-lib="-Wl,-rpath,/cvmfs/soft.computecanada.ca/easybuild/software/2020/Core/imkl/2020.1.217/mkl/lib/intel64 -L/cvmfs/soft.computecanada.ca/easybuild/software/2020/Core/imkl/2020.1.217/mkl/lib/intel64 -lmkl_rt -lmkl_intel_thread -lmkl_core  -liomp5 -lpthread" --download-metis --download-ptscotch --download-hypre --download-parmetis --download-mmg --download-parmmg --download-superlu --download-suitesparse --download-tetgen --download-slepc --download-hpddm --download-scalapack --download-mumps --download-slepc-configure-arguments=--download-arpack=https://github.com/prj-/arpack-ng/archive/b64dccb.tar.gz PETSC_ARCH=fr
-----------------------------------------
Libraries compiled on 2021-05-02 15:39:49 on nia-login03.scinet.local 
Machine characteristics: Linux-3.10.0-957.27.2.el7.x86_64-x86_64-with-centos-7.6.1810-Core
Using PETSc directory: /home/a/asarkar/sudhipv/software/FreeFem-sources/install/ff-petsc/r
Using PETSc arch: 
-----------------------------------------

Using C compiler: /cvmfs/soft.computecanada.ca/easybuild/software/2020/avx512/Compiler/intel2020/openmpi/4.0.3/bin/mpicc  -fPIC -wd1572 -O3 -mtune=native   
Using Fortran compiler: /cvmfs/soft.computecanada.ca/easybuild/software/2020/avx512/Compiler/intel2020/openmpi/4.0.3/bin/mpif90  -fPIC -O3 -mtune=native     
-----------------------------------------

Using include paths: -I/home/a/asarkar/sudhipv/software/FreeFem-sources/install/ff-petsc/r/include -I/cvmfs/soft.computecanada.ca/easybuild/software/2020/Core/imkl/2020.1.217/mkl/include
-----------------------------------------

Using C linker: /cvmfs/soft.computecanada.ca/easybuild/software/2020/avx512/Compiler/intel2020/openmpi/4.0.3/bin/mpicc
Using Fortran linker: /cvmfs/soft.computecanada.ca/easybuild/software/2020/avx512/Compiler/intel2020/openmpi/4.0.3/bin/mpif90
Using libraries: -Wl,-rpath,/home/a/asarkar/sudhipv/software/FreeFem-sources/install/ff-petsc/r/lib -L/home/a/asarkar/sudhipv/software/FreeFem-sources/install/ff-petsc/r/lib -lpetsc -Wl,-rpath,/home/a/asarkar/sudhipv/software/FreeFem-sources/install/ff-petsc/r/lib -L/home/a/asarkar/sudhipv/software/FreeFem-sources/install/ff-petsc/r/lib -Wl,-rpath,/cvmfs/soft.computecanada.ca/easybuild/software/2020/Core/imkl/2020.1.217/mkl/lib/intel64 -L/cvmfs/soft.computecanada.ca/easybuild/software/2020/Core/imkl/2020.1.217/mkl/lib/intel64 -Wl,-rpath,/cvmfs/soft.computecanada.ca/easybuild/software/2020/avx512/Compiler/intel2020/openmpi/4.0.3/lib -L/cvmfs/soft.computecanada.ca/easybuild/software/2020/avx512/Compiler/intel2020/openmpi/4.0.3/lib -Wl,-rpath,/cvmfs/soft.computecanada.ca/easybuild/software/2020/avx512/Core/libfabric/1.10.1/lib -L/cvmfs/soft.computecanada.ca/easybuild/software/2020/avx512/Core/libfabric/1.10.1/lib -Wl,-rpath,/cvmfs/soft.computecanada.ca/easybuild/software/2020/avx512/Core/ucx/1.8.0/lib -L/cvmfs/soft.computecanada.ca/easybuild/software/2020/avx512/Core/ucx/1.8.0/lib -Wl,-rpath,/cvmfs/soft.computecanada.ca/easybuild/software/2020/Core/imkl/2020.1.217/lib/intel64 -L/cvmfs/soft.computecanada.ca/easybuild/software/2020/Core/imkl/2020.1.217/lib/intel64 -Wl,-rpath,/cvmfs/restricted.computecanada.ca/easybuild/software/2020/Core/intel/2020.1.217/compilers_and_libraries_2020.1.217/linux/tbb/lib/intel64/gcc4.8 -L/cvmfs/restricted.computecanada.ca/easybuild/software/2020/Core/intel/2020.1.217/compilers_and_libraries_2020.1.217/linux/tbb/lib/intel64/gcc4.8 -Wl,-rpath,/cvmfs/restricted.computecanada.ca/easybuild/software/2020/Core/intel/2020.1.217/compilers_and_libraries_2020.1.217/linux/compiler/lib/intel64_lin -L/cvmfs/restricted.computecanada.ca/easybuild/software/2020/Core/intel/2020.1.217/compilers_and_libraries_2020.1.217/linux/compiler/lib/intel64_lin -Wl,-rpath,/cvmfs/soft.computecanada.ca/easybuild/software/2020/avx512/Compiler/intel2020/openmpi/4.0.3/lib64 -L/cvmfs/soft.computecanada.ca/easybuild/software/2020/avx512/Compiler/intel2020/openmpi/4.0.3/lib64 -Wl,-rpath,/cvmfs/soft.computecanada.ca/easybuild/software/2020/Core/gcccore/9.3.0/lib/gcc/x86_64-pc-linux-gnu/9.3.0 -L/cvmfs/soft.computecanada.ca/easybuild/software/2020/Core/gcccore/9.3.0/lib/gcc/x86_64-pc-linux-gnu/9.3.0 -Wl,-rpath,/cvmfs/soft.computecanada.ca/easybuild/software/2020/Core/gcccore/9.3.0/lib64 -L/cvmfs/soft.computecanada.ca/easybuild/software/2020/Core/gcccore/9.3.0/lib64 -Wl,-rpath,/cvmfs/soft.computecanada.ca/gentoo/2020/lib64 -L/cvmfs/soft.computecanada.ca/gentoo/2020/lib64 -Wl,-rpath,/cvmfs/soft.computecanada.ca/gentoo/2020/usr/lib64 -L/cvmfs/soft.computecanada.ca/gentoo/2020/usr/lib64 -Wl,-rpath,/cvmfs/soft.computecanada.ca/easybuild/software/2020/Core/gcccore/9.3.0/lib -L/cvmfs/soft.computecanada.ca/easybuild/software/2020/Core/gcccore/9.3.0/lib -Wl,-rpath,/cvmfs/soft.computecanada.ca/gentoo/2020/lib -L/cvmfs/soft.computecanada.ca/gentoo/2020/lib -Wl,-rpath,/cvmfs/soft.computecanada.ca/gentoo/2020/usr/lib -L/cvmfs/soft.computecanada.ca/gentoo/2020/usr/lib -lHYPRE -lcmumps -ldmumps -lsmumps -lzmumps -lmumps_common -lpord -lscalapack -lumfpack -lklu -lcholmod -lbtf -lccolamd -lcolamd -lcamd -lamd -lsuitesparseconfig -lsuperlu -lmkl_rt -lmkl_intel_thread -lmkl_core -liomp5 -lpthread -lparmmg -lmmg -lmmg3d -lptesmumps -lptscotchparmetis -lptscotch -lptscotcherr -lesmumps -lscotch -lscotcherr -lpthread -lparmetis -lmetis -ltet -lstdc++ -ldl -lmpi_usempif08 -lmpi_usempi_ignore_tkr -lmpi_mpifh -lmpi -lifport -lifcoremt_pic -limf -lsvml -lm -lipgo -lirc -lpthread -lgcc_s -lirc_s -lrt -lquadmath -lstdc++ -ldl
-----------------------------------------


scontrol show jobid 8581159
JobId=8581159 JobName=DD_AMG_600_split_15_450coarse
   UserId=sudhipv(3061414) GroupId=asarkar(6001189) MCS_label=N/A
   Priority=1117496 Nice=0 Account=def-asarkar QOS=normal
   JobState=COMPLETED Reason=None Dependency=(null)
   Requeue=0 Restarts=0 BatchFlag=1 Reboot=0 ExitCode=0:0
   RunTime=00:00:54 TimeLimit=00:15:00 TimeMin=N/A
   SubmitTime=2022-12-15T10:52:37 EligibleTime=2022-12-15T10:52:37
   AccrueTime=2022-12-15T10:52:37
   StartTime=2022-12-15T11:26:45 EndTime=2022-12-15T11:27:39 Deadline=N/A
   SuspendTime=None SecsPreSuspend=0 LastSchedEval=2022-12-15T11:26:45 Scheduler=Backfill
   Partition=compute AllocNode:Sid=nia-login06:32472
   ReqNodeList=(null) ExcNodeList=(null)
   NodeList=nia[0552,0714,0756,0794,0819,0862,0896,0909,1009,1230,1244,1323,1325,1364,1376]
   BatchHost=nia0552
   NumNodes=15 NumCPUs=1200 NumTasks=600 CPUs/Task=1 ReqB:S:C:T=0:0:*:*
   TRES=cpu=1200,mem=2625000M,node=15,billing=600
   Socks/Node=* NtasksPerN:B:S:C=40:0:*:* CoreSpec=*
   MinCPUsNode=40 MinMemoryNode=175000M MinTmpDiskNode=0
   Features=[skylake|cascade] DelayBoot=00:00:00
   OverSubscribe=NO Contiguous=0 Licenses=(null) Network=(null)
   Command=/gpfs/fs0/scratch/a/asarkar/sudhipv/poisson_hpc/deterministic/DD_vsMG/linear/runff_niagara_weak.sh
   WorkDir=/gpfs/fs0/scratch/a/asarkar/sudhipv/poisson_hpc/deterministic/DD_vsMG/linear
   Comment=/opt/slurm/bin/sbatch --export=NONE runff_niagara_weak.sh 
   StdErr=/gpfs/fs0/scratch/a/asarkar/sudhipv/poisson_hpc/deterministic/DD_vsMG/linear/DD_AMG_600_split_15_450coarse-8581159.out
   StdIn=/dev/null
   StdOut=/gpfs/fs0/scratch/a/asarkar/sudhipv/poisson_hpc/deterministic/DD_vsMG/linear/DD_AMG_600_split_15_450coarse-8581159.out
   Power=
   MailUser=sudhipv@cmail.carleton.ca MailType=INVALID_DEPEND,BEGIN,END,FAIL,REQUEUE,STAGE_OUT
   

sacct -j 8581159
JobID           JobName    Account    Elapsed  MaxVMSize     MaxRSS  SystemCPU    UserCPU ExitCode 
------------ ---------- ---------- ---------- ---------- ---------- ---------- ---------- -------- 
8581159      DD_AMG_60+ def-asark+   00:00:54                        08:39.035   03:04:03      0:0 
8581159.bat+      batch def-asark+   00:00:54  27250284K   7626380K  00:35.107  12:14.073      0:0 
8581159.ext+     extern def-asark+   00:00:54    142384K      1140K  00:00.005  00:00.007      0:0 
8581159.0         orted def-asark+   00:00:15    405960K      3816K  03:52.277  51:59.138      0:0 
8581159.1         orted def-asark+   00:00:17    405960K      3820K  04:11.644   01:59:49      0:0 
