
Lmod is automatically replacing "openmpi/4.0.3" with "intelmpi/2019.7.217".

/cvmfs/soft.computecanada.ca/easybuild/software/2020/avx512/Compiler/intel2020/intelmpi/2019.7.217/intel64/bin/mpiexec
/cvmfs/soft.computecanada.ca/easybuild/software/2020/avx512/Compiler/intel2020/intelmpi/2019.7.217/intel64/bin/mpirun
Number of Vertices for coarse mesh in process  0  20259001

===================================================================================
=   BAD TERMINATION OF ONE OF YOUR APPLICATION PROCESSES
=   RANK 360 PID 30902 RUNNING AT bc11920
=   KILLED BY SIGNAL: 9 (Killed)
===================================================================================

===================================================================================
=   BAD TERMINATION OF ONE OF YOUR APPLICATION PROCESSES
=   RANK 361 PID 30903 RUNNING AT bc11920
=   KILLED BY SIGNAL: 9 (Killed)
===================================================================================

===================================================================================
=   BAD TERMINATION OF ONE OF YOUR APPLICATION PROCESSES
=   RANK 362 PID 30904 RUNNING AT bc11920
=   KILLED BY SIGNAL: 9 (Killed)
===================================================================================

===================================================================================
=   BAD TERMINATION OF ONE OF YOUR APPLICATION PROCESSES
=   RANK 363 PID 30905 RUNNING AT bc11920
=   KILLED BY SIGNAL: 9 (Killed)
===================================================================================

===================================================================================
=   BAD TERMINATION OF ONE OF YOUR APPLICATION PROCESSES
=   RANK 364 PID 30906 RUNNING AT bc11920
=   KILLED BY SIGNAL: 9 (Killed)
===================================================================================

===================================================================================
=   BAD TERMINATION OF ONE OF YOUR APPLICATION PROCESSES
=   RANK 365 PID 30907 RUNNING AT bc11920
=   KILLED BY SIGNAL: 9 (Killed)
===================================================================================

===================================================================================
=   BAD TERMINATION OF ONE OF YOUR APPLICATION PROCESSES
=   RANK 366 PID 30908 RUNNING AT bc11920
=   KILLED BY SIGNAL: 9 (Killed)
===================================================================================

===================================================================================
=   BAD TERMINATION OF ONE OF YOUR APPLICATION PROCESSES
=   RANK 367 PID 30909 RUNNING AT bc11920
=   KILLED BY SIGNAL: 9 (Killed)
===================================================================================

===================================================================================
=   BAD TERMINATION OF ONE OF YOUR APPLICATION PROCESSES
=   RANK 368 PID 30910 RUNNING AT bc11920
=   KILLED BY SIGNAL: 9 (Killed)
===================================================================================

===================================================================================
=   BAD TERMINATION OF ONE OF YOUR APPLICATION PROCESSES
=   RANK 369 PID 30911 RUNNING AT bc11920
=   KILLED BY SIGNAL: 9 (Killed)
===================================================================================

===================================================================================
=   BAD TERMINATION OF ONE OF YOUR APPLICATION PROCESSES
=   RANK 370 PID 30912 RUNNING AT bc11920
=   KILLED BY SIGNAL: 9 (Killed)
===================================================================================

===================================================================================
=   BAD TERMINATION OF ONE OF YOUR APPLICATION PROCESSES
=   RANK 371 PID 30913 RUNNING AT bc11920
=   KILLED BY SIGNAL: 9 (Killed)
===================================================================================

===================================================================================
=   BAD TERMINATION OF ONE OF YOUR APPLICATION PROCESSES
=   RANK 372 PID 30914 RUNNING AT bc11920
=   KILLED BY SIGNAL: 9 (Killed)
===================================================================================

===================================================================================
=   BAD TERMINATION OF ONE OF YOUR APPLICATION PROCESSES
=   RANK 373 PID 30915 RUNNING AT bc11920
=   KILLED BY SIGNAL: 9 (Killed)
===================================================================================

===================================================================================
=   BAD TERMINATION OF ONE OF YOUR APPLICATION PROCESSES
=   RANK 374 PID 30916 RUNNING AT bc11920
=   KILLED BY SIGNAL: 9 (Killed)
===================================================================================

===================================================================================
=   BAD TERMINATION OF ONE OF YOUR APPLICATION PROCESSES
=   RANK 375 PID 30917 RUNNING AT bc11920
=   KILLED BY SIGNAL: 9 (Killed)
===================================================================================

===================================================================================
=   BAD TERMINATION OF ONE OF YOUR APPLICATION PROCESSES
=   RANK 376 PID 30918 RUNNING AT bc11920
=   KILLED BY SIGNAL: 9 (Killed)
===================================================================================

===================================================================================
=   BAD TERMINATION OF ONE OF YOUR APPLICATION PROCESSES
=   RANK 377 PID 30923 RUNNING AT bc11920
=   KILLED BY SIGNAL: 9 (Killed)
===================================================================================

===================================================================================
=   BAD TERMINATION OF ONE OF YOUR APPLICATION PROCESSES
=   RANK 378 PID 30927 RUNNING AT bc11920
=   KILLED BY SIGNAL: 9 (Killed)
===================================================================================

===================================================================================
=   BAD TERMINATION OF ONE OF YOUR APPLICATION PROCESSES
=   RANK 379 PID 30928 RUNNING AT bc11920
=   KILLED BY SIGNAL: 9 (Killed)
===================================================================================

===================================================================================
=   BAD TERMINATION OF ONE OF YOUR APPLICATION PROCESSES
=   RANK 380 PID 30929 RUNNING AT bc11920
=   KILLED BY SIGNAL: 9 (Killed)
===================================================================================

===================================================================================
=   BAD TERMINATION OF ONE OF YOUR APPLICATION PROCESSES
=   RANK 381 PID 30930 RUNNING AT bc11920
=   KILLED BY SIGNAL: 9 (Killed)
===================================================================================

===================================================================================
=   BAD TERMINATION OF ONE OF YOUR APPLICATION PROCESSES
=   RANK 382 PID 30931 RUNNING AT bc11920
=   KILLED BY SIGNAL: 9 (Killed)
===================================================================================

===================================================================================
=   BAD TERMINATION OF ONE OF YOUR APPLICATION PROCESSES
=   RANK 383 PID 30932 RUNNING AT bc11920
=   KILLED BY SIGNAL: 9 (Killed)
===================================================================================

===================================================================================
=   BAD TERMINATION OF ONE OF YOUR APPLICATION PROCESSES
=   RANK 384 PID 30933 RUNNING AT bc11920
=   KILLED BY SIGNAL: 9 (Killed)
===================================================================================

===================================================================================
=   BAD TERMINATION OF ONE OF YOUR APPLICATION PROCESSES
=   RANK 385 PID 30934 RUNNING AT bc11920
=   KILLED BY SIGNAL: 9 (Killed)
===================================================================================

===================================================================================
=   BAD TERMINATION OF ONE OF YOUR APPLICATION PROCESSES
=   RANK 386 PID 30935 RUNNING AT bc11920
=   KILLED BY SIGNAL: 9 (Killed)
===================================================================================

===================================================================================
=   BAD TERMINATION OF ONE OF YOUR APPLICATION PROCESSES
=   RANK 387 PID 30936 RUNNING AT bc11920
=   KILLED BY SIGNAL: 9 (Killed)
===================================================================================

===================================================================================
=   BAD TERMINATION OF ONE OF YOUR APPLICATION PROCESSES
=   RANK 388 PID 30937 RUNNING AT bc11920
=   KILLED BY SIGNAL: 9 (Killed)
===================================================================================

===================================================================================
=   BAD TERMINATION OF ONE OF YOUR APPLICATION PROCESSES

===================================================================================
=   BAD TERMINATION OF ONE OF YOUR APPLICATION PROCESSES

===================================================================================
=   BAD TERMINATION OF ONE OF YOUR APPLICATION PROCESSES

===================================================================================
=   BAD TERMINATION OF ONE OF YOUR APPLICATION PROCESSES

===================================================================================
=   BAD TERMINATION OF ONE OF YOUR APPLICATION PROCESSES

===================================================================================
=   BAD TERMINATION OF ONE OF YOUR APPLICATION PROCESSES

===================================================================================
=   BAD TERMINATION OF ONE OF YOUR APPLICATION PROCESSES

===================================================================================
=   BAD TERMINATION OF ONE OF YOUR APPLICATION PROCESSES

===================================================================================
=   BAD TERMINATION OF ONE OF YOUR APPLICATION PROCESSES
=   RANK 389 PID 30941 RUNNING AT bc11920
=   KILLED BY SIGNAL: 9 (Killed)
===================================================================================

===================================================================================
=   BAD TERMINATION OF ONE OF YOUR APPLICATION PROCESSES

===================================================================================
=   BAD TERMINATION OF ONE OF YOUR APPLICATION PROCESSES
=   RANK 520 PID 124969 RUNNING AT bc12014
=   KILLED BY SIGNAL: 9 (Killed)
===================================================================================

===================================================================================
=   BAD TERMINATION OF ONE OF YOUR APPLICATION PROCESSES
=   RANK 521 PID 124970 RUNNING AT bc12014
=   KILLED BY SIGNAL: 9 (Killed)
===================================================================================


===================================================================================
=   BAD TERMINATION OF ONE OF YOUR APPLICATION PROCESSES
=   RANK 320 PID 30624 RUNNING AT bc11919
=   RANK 280 PID 31507 RUNNING AT bc11918
=   RANK 400 PID 71740 RUNNING AT bc12010
=   RANK 160 PID 30583 RUNNING AT bc11915
=   RANK 240 PID 47036 RUNNING AT bc11917
=   RANK 440 PID 57559 RUNNING AT bc12011
=   RANK 200 PID 30444 RUNNING AT bc11916
=   RANK 120 PID 31770 RUNNING AT bc11914

===================================================================================
=   BAD TERMINATION OF ONE OF YOUR APPLICATION PROCESSES
=   RANK 40 PID 47877 RUNNING AT bc11906
===================================================================================
=   BAD TERMINATION OF ONE OF YOUR APPLICATION PROCESSES
=   RANK 522 PID 124971 RUNNING AT bc12014
=   KILLED BY SIGNAL: 9 (Killed)
===================================================================================

===================================================================================
=   BAD TERMINATION OF ONE OF YOUR APPLICATION PROCESSES
=   RANK 523 PID 124972 RUNNING AT bc12014
=   KILLED BY SIGNAL: 9 (Killed)
===================================================================================

=   RANK 480 PID 72141 RUNNING AT bc12012
=   KILLED BY SIGNAL: 9 (Killed)
===================================================================================
=   KILLED BY SIGNAL: 9 (Killed)
===================================================================================
=   KILLED BY SIGNAL: 9 (Killed)
===================================================================================
=   KILLED BY SIGNAL: 9 (Killed)
===================================================================================
=   KILLED BY SIGNAL: 9 (Killed)
===================================================================================
=   KILLED BY SIGNAL: 9 (Killed)
===================================================================================
=   KILLED BY SIGNAL: 9 (Killed)
===================================================================================
=   KILLED BY SIGNAL: 9 (Killed)
===================================================================================
=   RANK 390 PID 30942 RUNNING AT bc11920
=   KILLED BY SIGNAL: 9 (Killed)
===================================================================================
=   KILLED BY SIGNAL: 9 (Killed)
===================================================================================
===================================================================================
=   BAD TERMINATION OF ONE OF YOUR APPLICATION PROCESSES
=   RANK 524 PID 124973 RUNNING AT bc12014
=   KILLED BY SIGNAL: 9 (Killed)
===================================================================================

===================================================================================
=   BAD TERMINATION OF ONE OF YOUR APPLICATION PROCESSES
=   RANK 525 PID 124974 RUNNING AT bc12014
=   KILLED BY SIGNAL: 9 (Killed)
===================================================================================
=   KILLED BY SIGNAL: 9 (Killed)
===================================================================================

===================================================================================
=   BAD TERMINATION OF ONE OF YOUR APPLICATION PROCESSES

===================================================================================
=   BAD TERMINATION OF ONE OF YOUR APPLICATION PROCESSES

===================================================================================
=   BAD TERMINATION OF ONE OF YOUR APPLICATION PROCESSES
=   RANK 401 PID 71741 RUNNING AT bc12010

===================================================================================
=   BAD TERMINATION OF ONE OF YOUR APPLICATION PROCESSES

===================================================================================
=   BAD TERMINATION OF ONE OF YOUR APPLICATION PROCESSES

===================================================================================
=   BAD TERMINATION OF ONE OF YOUR APPLICATION PROCESSES

===================================================================================
=   BAD TERMINATION OF ONE OF YOUR APPLICATION PROCESSES

===================================================================================
=   BAD TERMINATION OF ONE OF YOUR APPLICATION PROCESSES

===================================================================================
=   BAD TERMINATION OF ONE OF YOUR APPLICATION PROCESSES

===================================================================================
=   BAD TERMINATION OF ONE OF YOUR APPLICATION PROCESSES

===================================================================================
=   BAD TERMINATION OF ONE OF YOUR APPLICATION PROCESSES
=   RANK 526 PID 124975 RUNNING AT bc12014

===================================================================================
=   BAD TERMINATION OF ONE OF YOUR APPLICATION PROCESSES
=   RANK 321 PID 30625 RUNNING AT bc11919
=   KILLED BY SIGNAL: 9 (Killed)
===================================================================================
=   RANK 281 PID 31508 RUNNING AT bc11918
=   KILLED BY SIGNAL: 9 (Killed)
===================================================================================
=   KILLED BY SIGNAL: 9 (Killed)
===================================================================================
=   RANKslurmstepd: error: Detected 1 oom-kill event(s) in StepId=33379274.batch. Some of your processes may have been killed by the cgroup out-of-memory handler.
