
The following have been reloaded with a version change:
  1) mii/1.1.1 => mii/1.1.2

/cvmfs/soft.computecanada.ca/easybuild/software/2020/avx512/Compiler/intel2020/openmpi/4.0.3/bin/mpiexec
/cvmfs/soft.computecanada.ca/easybuild/software/2020/avx512/Compiler/intel2020/openmpi/4.0.3/bin/mpirun
Number of Vertices for coarse mesh in process  0  123201
time taken before solve is2.94383
Linear solve converged due to CONVERGED_RTOL iterations 11
KSP final norm of residual 1.0193e-12
KSP Object: 600 MPI processes
  type: gmres
    restart=30, using Classical (unmodified) Gram-Schmidt Orthogonalization with no iterative refinement
    happy breakdown tolerance 1e-30
  maximum iterations=10000, initial guess is zero
  tolerances:  relative=1e-08, absolute=1e-50, divergence=10000.
  right preconditioning
  using UNPRECONDITIONED norm type for convergence test
PC Object: 600 MPI processes
  type: hypre
    HYPRE BoomerAMG preconditioning
      Cycle type V
      Maximum number of levels 25
      Maximum number of iterations PER hypre call 1
      Convergence tolerance PER hypre call 0.
      Threshold for strong coupling 0.25
      Interpolation truncation factor 0.
      Interpolation: max elements per row 0
      Number of levels of aggressive coarsening 0
      Number of paths for aggressive coarsening 1
      Maximum row sums 0.9
      Sweeps down         1
      Sweeps up           1
      Sweeps on coarse    1
      Relax down          symmetric-SOR/Jacobi
      Relax up            symmetric-SOR/Jacobi
      Relax on coarse     Gaussian-elimination
      Relax weight  (all)      1.
      Outer relax weight (all) 1.
      Using CF-relaxation
      Not using more complex smoothers.
      Measure type        local
      Coarsen type        Falgout
      Interpolation type  classical
  linear system matrix = precond matrix:
  Mat Object: 600 MPI processes
    type: mpiaij
    rows=27573001, cols=27573001
    total: nonzeros=192969001, allocated nonzeros=192969001
    total number of mallocs used during MatSetValues calls=0
      not using I-node (on process 0) routines
time taken for solve is3.9769
************************************************************************************************************************
***             WIDEN YOUR WINDOW TO 120 CHARACTERS.  Use 'enscript -r -fCourier9' to print this document            ***
************************************************************************************************************************

---------------------------------------------- PETSc Performance Summary: ----------------------------------------------

/home/a/asarkar/sudhipv/software/FreeFem-sources/src/mpi/FreeFem++-mpi on a  named nia1572.scinet.local with 600 processors, by sudhipv Thu Dec 15 10:41:10 2022
Using Petsc Release Version 3.15.0, Mar 30, 2021 

                         Max       Max/Min     Avg       Total
Time (sec):           4.189e+00     1.001   4.189e+00
Objects:              4.500e+01     1.000   4.500e+01
Flop:                 2.296e+07     1.078   2.219e+07  1.332e+10
Flop/sec:             5.480e+06     1.077   5.299e+06  3.179e+09
MPI Messages:         1.710e+02     9.000   1.072e+02  6.434e+04
MPI Message Lengths:  9.288e+05     4.069   6.657e+03  4.283e+08
MPI Reductions:       6.900e+01     1.000

Flop counting convention: 1 flop = 1 real number operation of type (multiply/divide/add/subtract)
                            e.g., VecAXPY() for real vectors of length N --> 2N flop
                            and VecAXPY() for complex vectors of length N --> 8N flop

Summary of Stages:   ----- Time ------  ----- Flop ------  --- Messages ---  -- Message Lengths --  -- Reductions --
                        Avg     %Total     Avg     %Total    Count   %Total     Avg         %Total    Count   %Total
 0:      Main Stage: 4.1885e+00 100.0%  1.3317e+10 100.0%  6.434e+04 100.0%  6.657e+03      100.0%  5.100e+01  73.9%

------------------------------------------------------------------------------------------------------------------------
See the 'Profiling' chapter of the users' manual for details on interpreting output.
Phase summary info:
   Count: number of times phase was executed
   Time and Flop: Max - maximum over all processors
                  Ratio - ratio of maximum to minimum over all processors
   Mess: number of messages sent
   AvgLen: average message length (bytes)
   Reduct: number of global reductions
   Global: entire computation
   Stage: stages of a computation. Set stages with PetscLogStagePush() and PetscLogStagePop().
      %T - percent time in this phase         %F - percent flop in this phase
      %M - percent messages in this phase     %L - percent message lengths in this phase
      %R - percent reductions in this phase
   Total Mflop/s: 10e-6 * (sum of flop over all processors)/(max time over all processors)
------------------------------------------------------------------------------------------------------------------------
Event                Count      Time (sec)     Flop                              --- Global ---  --- Stage ----  Total
                   Max Ratio  Max     Ratio   Max  Ratio  Mess   AvgLen  Reduct  %T %F %M %L %R  %T %F %M %L %R Mflop/s
------------------------------------------------------------------------------------------------------------------------

--- Event Stage 0: Main Stage

BuildTwoSided          2 1.0 7.6444e-03 3.8 0.00e+00 0.0 3.4e+03 4.0e+00 2.0e+00  0  0  5  0  3   0  0  5  0  4     0
BuildTwoSidedF         1 1.0 4.7394e-03 1.8 0.00e+00 0.0 0.0e+00 0.0e+00 1.0e+00  0  0  0  0  1   0  0  0  0  2     0
MatMult               12 1.0 3.3197e-02 3.3 7.42e+06 1.1 4.7e+04 1.1e+03 1.0e+00  0 32 74 13  1   0 32 74 13  2 129541
MatConvert             1 1.0 1.1105e-02 1.1 0.00e+00 0.0 0.0e+00 0.0e+00 4.0e+00  0  0  0  0  6   0  0  0  0  8     0
MatAssemblyBegin       3 1.0 5.3222e-03 1.4 0.00e+00 0.0 0.0e+00 0.0e+00 1.0e+00  0  0  0  0  1   0  0  0  0  2     0
MatAssemblyEnd         3 1.0 2.0899e-0115.0 0.00e+00 0.0 0.0e+00 0.0e+00 8.0e+00  4  0  0  0 12   4  0  0  0 16     0
MatGetRowIJ            2 1.0 3.3428e-04202.5 0.00e+00 0.0 0.0e+00 0.0e+00 0.0e+00  0  0  0  0  0   0  0  0  0  0     0
MatView                1 1.0 1.9900e-03 3.9 0.00e+00 0.0 0.0e+00 0.0e+00 1.0e+00  0  0  0  0  1   0  0  0  0  2     0
VecMDot               11 1.0 4.4976e-02 4.2 6.27e+06 1.1 0.0e+00 0.0e+00 1.1e+01  1 27  0  0 16   1 27  0  0 22 80922
VecNorm               13 1.0 3.3729e-01 1.1 1.24e+06 1.1 0.0e+00 0.0e+00 1.3e+01  8  5  0  0 19   8  5  0  0 25  2125
VecScale              12 1.0 9.2111e-04 6.1 5.70e+05 1.1 0.0e+00 0.0e+00 0.0e+00  0  2  0  0  0   0  2  0  0  0 359213
VecCopy                3 1.0 3.1688e-04 2.0 0.00e+00 0.0 0.0e+00 0.0e+00 0.0e+00  0  0  0  0  0   0  0  0  0  0     0
VecSet                15 1.0 1.1346e-03 1.7 0.00e+00 0.0 0.0e+00 0.0e+00 0.0e+00  0  0  0  0  0   0  0  0  0  0     0
VecAXPY                1 1.0 2.2265e-0230.8 9.51e+04 1.1 0.0e+00 0.0e+00 0.0e+00  0  0  0  0  0   0  0  0  0  0  2477
VecAYPX                1 1.0 4.8109e-0410.1 4.75e+04 1.1 0.0e+00 0.0e+00 0.0e+00  0  0  0  0  0   0  0  0  0  0 57314
VecMAXPY              12 1.0 6.6466e-03 1.4 7.32e+06 1.1 0.0e+00 0.0e+00 0.0e+00  0 32  0  0  0   0 32  0  0  0 638862
VecScatterBegin       12 1.0 6.3079e-03 7.2 0.00e+00 0.0 4.7e+04 1.1e+03 1.0e+00  0  0 74 13  1   0  0 74 13  2     0
VecScatterEnd         12 1.0 2.2275e-02126.5 0.00e+00 0.0 0.0e+00 0.0e+00 0.0e+00  0  0  0  0  0   0  0  0  0  0     0
VecNormalize          12 1.0 3.1759e-01 1.0 1.71e+06 1.1 0.0e+00 0.0e+00 1.2e+01  8  7  0  0 17   8  7  0  0 24  3125
SFSetGraph             1 1.0 2.2830e-06 3.7 0.00e+00 0.0 0.0e+00 0.0e+00 0.0e+00  0  0  0  0  0   0  0  0  0  0     0
SFSetUp                1 1.0 5.9875e-0312.6 0.00e+00 0.0 6.8e+03 3.2e+02 1.0e+00  0  0 11  1  1   0  0 11  1  2     0
SFPack                12 1.0 9.6880e-0441.5 0.00e+00 0.0 0.0e+00 0.0e+00 0.0e+00  0  0  0  0  0   0  0  0  0  0     0
SFUnpack              12 1.0 1.2649e-05 5.1 0.00e+00 0.0 0.0e+00 0.0e+00 0.0e+00  0  0  0  0  0   0  0  0  0  0     0
KSPSetUp               1 1.0 4.7561e-0271.1 0.00e+00 0.0 0.0e+00 0.0e+00 2.0e+00  1  0  0  0  3   1  0  0  0  4     0
KSPSolve               1 1.0 6.5533e-01 1.0 2.22e+07 1.1 4.4e+04 1.1e+03 2.4e+01 16 97 68 12 35  16 97 68 12 47 19647
KSPGMRESOrthog        11 1.0 4.9566e-02 2.9 1.25e+07 1.1 0.0e+00 0.0e+00 1.1e+01  1 55  0  0 16   1 55  0  0 22 146859
PCSetUp                1 1.0 2.2595e-01 1.0 0.00e+00 0.0 0.0e+00 0.0e+00 4.0e+00  5  0  0  0  6   5  0  0  0  8     0
PCApply               12 1.0 2.8324e-01 1.2 0.00e+00 0.0 0.0e+00 0.0e+00 0.0e+00  6  0  0  0  0   6  0  0  0  0     0
------------------------------------------------------------------------------------------------------------------------

Memory usage is given in bytes:

Object Type          Creations   Destructions     Memory  Descendants' Mem.
Reports information only for process 0.

--- Event Stage 0: Main Stage

              Matrix     8              8     11906912     0.
              Vector    23             23      6871536     0.
           Index Set     4              4       449060     0.
   Star Forest Graph     3              3         3384     0.
       Krylov Solver     1              1        18856     0.
      Preconditioner     1              1         1496     0.
              Viewer     2              1          848     0.
    Distributed Mesh     1              1         5048     0.
     Discrete System     1              1          904     0.
           Weak Form     1              1          824     0.
========================================================================================================================
Average time to get PetscTime(): 3.25e-08
Average time for MPI_Barrier(): 8.43002e-05
Average time for zero size MPI_Send(): 1.22224e-06
#PETSc Option Table entries:
-ksp_converged_reason
-ksp_pc_side right
-ksp_rtol 1e-8
-ksp_type gmres
-ksp_view
-ksp_view_final_residual
-log_view
-m 350
-n 350
-nw
-pc_type hypre
#End of PETSc Option Table entries
Compiled without FORTRAN kernels
Compiled with full precision matrices (default)
sizeof(short) 2 sizeof(int) 4 sizeof(long) 8 sizeof(void*) 8 sizeof(PetscScalar) 8 sizeof(PetscInt) 4
Configure options: --prefix=/home/a/asarkar/sudhipv/software/FreeFem-sources/install/ff-petsc/r MAKEFLAGS= --with-debugging=0 COPTFLAGS="-O3 -mtune=native" CXXOPTFLAGS="-O3 -mtune=native" FOPTFLAGS="-O3 -mtune=native" --with-cxx-dialect=C++11 --with-ssl=0 --with-x=0 --with-fortran-bindings=0 --with-cudac=0 --with-cc=/cvmfs/soft.computecanada.ca/easybuild/software/2020/avx512/Compiler/intel2020/openmpi/4.0.3/bin/mpicc --with-cxx=/cvmfs/soft.computecanada.ca/easybuild/software/2020/avx512/Compiler/intel2020/openmpi/4.0.3/bin/mpic++ --with-fc=/cvmfs/soft.computecanada.ca/easybuild/software/2020/avx512/Compiler/intel2020/openmpi/4.0.3/bin/mpif90 --with-scalar-type=real --with-blaslapack-include=/cvmfs/soft.computecanada.ca/easybuild/software/2020/Core/imkl/2020.1.217/mkl/include --with-blaslapack-lib="-Wl,-rpath,/cvmfs/soft.computecanada.ca/easybuild/software/2020/Core/imkl/2020.1.217/mkl/lib/intel64 -L/cvmfs/soft.computecanada.ca/easybuild/software/2020/Core/imkl/2020.1.217/mkl/lib/intel64 -lmkl_rt -lmkl_intel_thread -lmkl_core  -liomp5 -lpthread" --download-metis --download-ptscotch --download-hypre --download-parmetis --download-mmg --download-parmmg --download-superlu --download-suitesparse --download-tetgen --download-slepc --download-hpddm --download-scalapack --download-mumps --download-slepc-configure-arguments=--download-arpack=https://github.com/prj-/arpack-ng/archive/b64dccb.tar.gz PETSC_ARCH=fr
-----------------------------------------
Libraries compiled on 2021-05-02 15:39:49 on nia-login03.scinet.local 
Machine characteristics: Linux-3.10.0-957.27.2.el7.x86_64-x86_64-with-centos-7.6.1810-Core
Using PETSc directory: /home/a/asarkar/sudhipv/software/FreeFem-sources/install/ff-petsc/r
Using PETSc arch: 
-----------------------------------------

Using C compiler: /cvmfs/soft.computecanada.ca/easybuild/software/2020/avx512/Compiler/intel2020/openmpi/4.0.3/bin/mpicc  -fPIC -wd1572 -O3 -mtune=native   
Using Fortran compiler: /cvmfs/soft.computecanada.ca/easybuild/software/2020/avx512/Compiler/intel2020/openmpi/4.0.3/bin/mpif90  -fPIC -O3 -mtune=native     
-----------------------------------------

Using include paths: -I/home/a/asarkar/sudhipv/software/FreeFem-sources/install/ff-petsc/r/include -I/cvmfs/soft.computecanada.ca/easybuild/software/2020/Core/imkl/2020.1.217/mkl/include
-----------------------------------------

Using C linker: /cvmfs/soft.computecanada.ca/easybuild/software/2020/avx512/Compiler/intel2020/openmpi/4.0.3/bin/mpicc
Using Fortran linker: /cvmfs/soft.computecanada.ca/easybuild/software/2020/avx512/Compiler/intel2020/openmpi/4.0.3/bin/mpif90
Using libraries: -Wl,-rpath,/home/a/asarkar/sudhipv/software/FreeFem-sources/install/ff-petsc/r/lib -L/home/a/asarkar/sudhipv/software/FreeFem-sources/install/ff-petsc/r/lib -lpetsc -Wl,-rpath,/home/a/asarkar/sudhipv/software/FreeFem-sources/install/ff-petsc/r/lib -L/home/a/asarkar/sudhipv/software/FreeFem-sources/install/ff-petsc/r/lib -Wl,-rpath,/cvmfs/soft.computecanada.ca/easybuild/software/2020/Core/imkl/2020.1.217/mkl/lib/intel64 -L/cvmfs/soft.computecanada.ca/easybuild/software/2020/Core/imkl/2020.1.217/mkl/lib/intel64 -Wl,-rpath,/cvmfs/soft.computecanada.ca/easybuild/software/2020/avx512/Compiler/intel2020/openmpi/4.0.3/lib -L/cvmfs/soft.computecanada.ca/easybuild/software/2020/avx512/Compiler/intel2020/openmpi/4.0.3/lib -Wl,-rpath,/cvmfs/soft.computecanada.ca/easybuild/software/2020/avx512/Core/libfabric/1.10.1/lib -L/cvmfs/soft.computecanada.ca/easybuild/software/2020/avx512/Core/libfabric/1.10.1/lib -Wl,-rpath,/cvmfs/soft.computecanada.ca/easybuild/software/2020/avx512/Core/ucx/1.8.0/lib -L/cvmfs/soft.computecanada.ca/easybuild/software/2020/avx512/Core/ucx/1.8.0/lib -Wl,-rpath,/cvmfs/soft.computecanada.ca/easybuild/software/2020/Core/imkl/2020.1.217/lib/intel64 -L/cvmfs/soft.computecanada.ca/easybuild/software/2020/Core/imkl/2020.1.217/lib/intel64 -Wl,-rpath,/cvmfs/restricted.computecanada.ca/easybuild/software/2020/Core/intel/2020.1.217/compilers_and_libraries_2020.1.217/linux/tbb/lib/intel64/gcc4.8 -L/cvmfs/restricted.computecanada.ca/easybuild/software/2020/Core/intel/2020.1.217/compilers_and_libraries_2020.1.217/linux/tbb/lib/intel64/gcc4.8 -Wl,-rpath,/cvmfs/restricted.computecanada.ca/easybuild/software/2020/Core/intel/2020.1.217/compilers_and_libraries_2020.1.217/linux/compiler/lib/intel64_lin -L/cvmfs/restricted.computecanada.ca/easybuild/software/2020/Core/intel/2020.1.217/compilers_and_libraries_2020.1.217/linux/compiler/lib/intel64_lin -Wl,-rpath,/cvmfs/soft.computecanada.ca/easybuild/software/2020/avx512/Compiler/intel2020/openmpi/4.0.3/lib64 -L/cvmfs/soft.computecanada.ca/easybuild/software/2020/avx512/Compiler/intel2020/openmpi/4.0.3/lib64 -Wl,-rpath,/cvmfs/soft.computecanada.ca/easybuild/software/2020/Core/gcccore/9.3.0/lib/gcc/x86_64-pc-linux-gnu/9.3.0 -L/cvmfs/soft.computecanada.ca/easybuild/software/2020/Core/gcccore/9.3.0/lib/gcc/x86_64-pc-linux-gnu/9.3.0 -Wl,-rpath,/cvmfs/soft.computecanada.ca/easybuild/software/2020/Core/gcccore/9.3.0/lib64 -L/cvmfs/soft.computecanada.ca/easybuild/software/2020/Core/gcccore/9.3.0/lib64 -Wl,-rpath,/cvmfs/soft.computecanada.ca/gentoo/2020/lib64 -L/cvmfs/soft.computecanada.ca/gentoo/2020/lib64 -Wl,-rpath,/cvmfs/soft.computecanada.ca/gentoo/2020/usr/lib64 -L/cvmfs/soft.computecanada.ca/gentoo/2020/usr/lib64 -Wl,-rpath,/cvmfs/soft.computecanada.ca/easybuild/software/2020/Core/gcccore/9.3.0/lib -L/cvmfs/soft.computecanada.ca/easybuild/software/2020/Core/gcccore/9.3.0/lib -Wl,-rpath,/cvmfs/soft.computecanada.ca/gentoo/2020/lib -L/cvmfs/soft.computecanada.ca/gentoo/2020/lib -Wl,-rpath,/cvmfs/soft.computecanada.ca/gentoo/2020/usr/lib -L/cvmfs/soft.computecanada.ca/gentoo/2020/usr/lib -lHYPRE -lcmumps -ldmumps -lsmumps -lzmumps -lmumps_common -lpord -lscalapack -lumfpack -lklu -lcholmod -lbtf -lccolamd -lcolamd -lcamd -lamd -lsuitesparseconfig -lsuperlu -lmkl_rt -lmkl_intel_thread -lmkl_core -liomp5 -lpthread -lparmmg -lmmg -lmmg3d -lptesmumps -lptscotchparmetis -lptscotch -lptscotcherr -lesmumps -lscotch -lscotcherr -lpthread -lparmetis -lmetis -ltet -lstdc++ -ldl -lmpi_usempif08 -lmpi_usempi_ignore_tkr -lmpi_mpifh -lmpi -lifport -lifcoremt_pic -limf -lsvml -lm -lipgo -lirc -lpthread -lgcc_s -lirc_s -lrt -lquadmath -lstdc++ -ldl
-----------------------------------------

Number of Vertices for coarse mesh in process  0  123201
time taken before solve is2.81378
    Linear mg_coarse_ solve converged due to CONVERGED_RTOL iterations 5
    Linear mg_coarse_ solve converged due to CONVERGED_RTOL iterations 5
    Linear mg_coarse_ solve converged due to CONVERGED_RTOL iterations 5
    Linear mg_coarse_ solve converged due to CONVERGED_RTOL iterations 5
    Linear mg_coarse_ solve converged due to CONVERGED_RTOL iterations 5
    Linear mg_coarse_ solve converged due to CONVERGED_RTOL iterations 5
    Linear mg_coarse_ solve converged due to CONVERGED_RTOL iterations 5
    Linear mg_coarse_ solve converged due to CONVERGED_RTOL iterations 5
    Linear mg_coarse_ solve converged due to CONVERGED_RTOL iterations 5
    Linear mg_coarse_ solve converged due to CONVERGED_RTOL iterations 5
    Linear mg_coarse_ solve converged due to CONVERGED_RTOL iterations 5
    Linear mg_coarse_ solve converged due to CONVERGED_RTOL iterations 5
    Linear mg_coarse_ solve converged due to CONVERGED_RTOL iterations 5
    Linear mg_coarse_ solve converged due to CONVERGED_RTOL iterations 5
    Linear mg_coarse_ solve converged due to CONVERGED_RTOL iterations 5
    Linear mg_coarse_ solve converged due to CONVERGED_RTOL iterations 5
    Linear mg_coarse_ solve converged due to CONVERGED_RTOL iterations 5
    Linear mg_coarse_ solve converged due to CONVERGED_RTOL iterations 5
    Linear mg_coarse_ solve converged due to CONVERGED_RTOL iterations 5
    Linear mg_coarse_ solve converged due to CONVERGED_RTOL iterations 5
    Linear mg_coarse_ solve converged due to CONVERGED_RTOL iterations 5
    Linear mg_coarse_ solve converged due to CONVERGED_RTOL iterations 5
    Linear mg_coarse_ solve converged due to CONVERGED_RTOL iterations 5
Linear solve converged due to CONVERGED_RTOL iterations 23
KSP Object: 600 MPI processes
  type: fgmres
    restart=30, using Classical (unmodified) Gram-Schmidt Orthogonalization with no iterative refinement
    happy breakdown tolerance 1e-30
  maximum iterations=10000, initial guess is zero
  tolerances:  relative=1e-08, absolute=1e-50, divergence=10000.
  right preconditioning
  using UNPRECONDITIONED norm type for convergence test
PC Object: 600 MPI processes
  type: mg
    type is MULTIPLICATIVE, levels=2 cycles=v
      Cycles per PCApply=1
      Not using Galerkin computed coarse grid matrices
  Coarse grid solver -- level -------------------------------
    KSP Object: (mg_coarse_) 600 MPI processes
      type: gmres
        restart=30, using Classical (unmodified) Gram-Schmidt Orthogonalization with no iterative refinement
        happy breakdown tolerance 1e-30
      maximum iterations=10000, initial guess is zero
      tolerances:  relative=1e-05, absolute=1e-50, divergence=10000.
      left preconditioning
      using PRECONDITIONED norm type for convergence test
    PC Object: (mg_coarse_) 600 MPI processes
      type: hypre
        HYPRE BoomerAMG preconditioning
          Cycle type V
          Maximum number of levels 25
          Maximum number of iterations PER hypre call 1
          Convergence tolerance PER hypre call 0.
          Threshold for strong coupling 0.25
          Interpolation truncation factor 0.
          Interpolation: max elements per row 0
          Number of levels of aggressive coarsening 0
          Number of paths for aggressive coarsening 1
          Maximum row sums 0.9
          Sweeps down         1
          Sweeps up           1
          Sweeps on coarse    1
          Relax down          symmetric-SOR/Jacobi
          Relax up            symmetric-SOR/Jacobi
          Relax on coarse     Gaussian-elimination
          Relax weight  (all)      1.
          Outer relax weight (all) 1.
          Using CF-relaxation
          Not using more complex smoothers.
          Measure type        local
          Coarsen type        Falgout
          Interpolation type  classical
      linear system matrix = precond matrix:
      Mat Object: 600 MPI processes
        type: mpiaij
        rows=123201, cols=123201
        total: nonzeros=859601, allocated nonzeros=859601
        total number of mallocs used during MatSetValues calls=0
          not using I-node (on process 0) routines
  Down solver (pre-smoother) on level 1 -------------------------------
    KSP Object: (mg_levels_1_) 600 MPI processes
      type: chebyshev
        eigenvalue estimates used:  min = 0.197408, max = 2.17149
        eigenvalues estimate via gmres min 0.0175206, max 1.97408
        eigenvalues estimated using gmres with translations  [0. 0.1; 0. 1.1]
        KSP Object: (mg_levels_1_esteig_) 600 MPI processes
          type: gmres
            restart=30, using Classical (unmodified) Gram-Schmidt Orthogonalization with no iterative refinement
            happy breakdown tolerance 1e-30
          maximum iterations=10, initial guess is zero
          tolerances:  relative=1e-12, absolute=1e-50, divergence=10000.
          left preconditioning
          using PRECONDITIONED norm type for convergence test
        estimating eigenvalues using noisy right hand side
      maximum iterations=2, nonzero initial guess
      tolerances:  relative=1e-05, absolute=1e-50, divergence=10000.
      left preconditioning
      using NONE norm type for convergence test
    PC Object: (mg_levels_1_) 600 MPI processes
      type: asm
        total subdomain blocks = 600, amount of overlap = 1
        restriction/interpolation type - RESTRICT
        Local solver information for first block is in the following KSP and PC objects on rank 0:
        Use -mg_levels_1_ksp_view ::ascii_info_detail to display information for all blocks
      KSP Object: (mg_levels_1_sub_) 1 MPI processes
        type: preonly
        maximum iterations=10000, initial guess is zero
        tolerances:  relative=1e-05, absolute=1e-50, divergence=10000.
        left preconditioning
        using NONE norm type for convergence test
      PC Object: (mg_levels_1_sub_) 1 MPI processes
        type: lu
          out-of-place factorization
          tolerance for zero pivot 2.22045e-14
          matrix ordering: nd
          factor fill ratio given 0., needed 0.
            Factored matrix follows:
              Mat Object: 1 MPI processes
                type: mumps
                rows=45541, cols=45541
                package used to perform factorization: mumps
                total: nonzeros=3394097, allocated nonzeros=3394097
                  MUMPS run parameters:
                    SYM (matrix type):                   0 
                    PAR (host participation):            1 
                    ICNTL(1) (output for error):         6 
                    ICNTL(2) (output of diagnostic msg): 0 
                    ICNTL(3) (output for global info):   0 
                    ICNTL(4) (level of printing):        0 
                    ICNTL(5) (input mat struct):         0 
                    ICNTL(6) (matrix prescaling):        7 
                    ICNTL(7) (sequential matrix ordering):7 
                    ICNTL(8) (scaling strategy):        77 
                    ICNTL(10) (max num of refinements):  0 
                    ICNTL(11) (error analysis):          0 
                    ICNTL(12) (efficiency control):                         1 
                    ICNTL(13) (sequential factorization of the root node):  0 
                    ICNTL(14) (percentage of estimated workspace increase): 20 
                    ICNTL(18) (input mat struct):                           0 
                    ICNTL(19) (Schur complement info):                      0 
                    ICNTL(20) (RHS sparse pattern):                         0 
                    ICNTL(21) (solution struct):                            0 
                    ICNTL(22) (in-core/out-of-core facility):               0 
                    ICNTL(23) (max size of memory can be allocated locally):0 
                    ICNTL(24) (detection of null pivot rows):               0 
                    ICNTL(25) (computation of a null space basis):          0 
                    ICNTL(26) (Schur options for RHS or solution):          0 
                    ICNTL(27) (blocking size for multiple RHS):             -32 
                    ICNTL(28) (use parallel or sequential ordering):        1 
                    ICNTL(29) (parallel ordering):                          0 
                    ICNTL(30) (user-specified set of entries in inv(A)):    0 
                    ICNTL(31) (factors is discarded in the solve phase):    0 
                    ICNTL(33) (compute determinant):                        0 
                    ICNTL(35) (activate BLR based factorization):           0 
                    ICNTL(36) (choice of BLR factorization variant):        0 
                    ICNTL(38) (estimated compression rate of LU factors):   333 
                    CNTL(1) (relative pivoting threshold):      0.01 
                    CNTL(2) (stopping criterion of refinement): 1.49012e-08 
                    CNTL(3) (absolute pivoting threshold):      0. 
                    CNTL(4) (value of static pivoting):         -1. 
                    CNTL(5) (fixation for null pivots):         0. 
                    CNTL(7) (dropping parameter for BLR):       0. 
                    RINFO(1) (local estimated flops for the elimination after analysis): 
                      [0] 3.44529e+08 
                    RINFO(2) (local estimated flops for the assembly after factorization): 
                      [0]  5.59966e+06 
                    RINFO(3) (local estimated flops for the elimination after factorization): 
                      [0]  3.44529e+08 
                    INFO(15) (estimated size of (in MB) MUMPS internal data for running numerical factorization): 
                    [0] 45 
                    INFO(16) (size of (in MB) MUMPS internal data used during numerical factorization): 
                      [0] 45 
                    INFO(23) (num of pivots eliminated on this processor after factorization): 
                      [0] 45541 
                    RINFOG(1) (global estimated flops for the elimination after analysis): 3.44529e+08 
                    RINFOG(2) (global estimated flops for the assembly after factorization): 5.59966e+06 
                    RINFOG(3) (global estimated flops for the elimination after factorization): 3.44529e+08 
                    (RINFOG(12) RINFOG(13))*2^INFOG(34) (determinant): (0.,0.)*(2^0)
                    INFOG(3) (estimated real workspace for factors on all processors after analysis): 3394097 
                    INFOG(4) (estimated integer workspace for factors on all processors after analysis): 805144 
                    INFOG(5) (estimated maximum front size in the complete tree): 337 
                    INFOG(6) (number of nodes in the complete tree): 16700 
                    INFOG(7) (ordering option effectively use after analysis): 5 
                    INFOG(8) (structural symmetry in percent of the permuted matrix after analysis): 100 
                    INFOG(9) (total real/complex workspace to store the matrix factors after factorization): 3394097 
                    INFOG(10) (total integer space store the matrix factors after factorization): 805144 
                    INFOG(11) (order of largest frontal matrix after factorization): 337 
                    INFOG(12) (number of off-diagonal pivots): 0 
                    INFOG(13) (number of delayed pivots after factorization): 0 
                    INFOG(14) (number of memory compress after factorization): 0 
                    INFOG(15) (number of steps of iterative refinement after solution): 0 
                    INFOG(16) (estimated size (in MB) of all MUMPS internal data for factorization after analysis: value on the most memory consuming processor): 45 
                    INFOG(17) (estimated size of all MUMPS internal data for factorization after analysis: sum over all processors): 45 
                    INFOG(18) (size of all MUMPS internal data allocated during factorization: value on the most memory consuming processor): 45 
                    INFOG(19) (size of all MUMPS internal data allocated during factorization: sum over all processors): 45 
                    INFOG(20) (estimated number of entries in the factors): 3394097 
                    INFOG(21) (size in MB of memory effectively used during factorization - value on the most memory consuming processor): 39 
                    INFOG(22) (size in MB of memory effectively used during factorization - sum over all processors): 39 
                    INFOG(23) (after analysis: value of ICNTL(6) effectively used): 0 
                    INFOG(24) (after analysis: value of ICNTL(12) effectively used): 1 
                    INFOG(25) (after factorization: number of pivots modified by static pivoting): 0 
                    INFOG(28) (after factorization: number of null pivots encountered): 0
                    INFOG(29) (after factorization: effective number of entries in the factors (sum over all processors)): 3394097
                    INFOG(30, 31) (after solution: size in Mbytes of memory used during solution phase): 44, 44
                    INFOG(32) (after analysis: type of analysis done): 1
                    INFOG(33) (value used for ICNTL(8)): 7
                    INFOG(34) (exponent of the determinant if determinant is requested): 0
                    INFOG(35) (after factorization: number of entries taking into account BLR factor compression - sum over all processors): 3394097
                    INFOG(36) (after analysis: estimated size of all MUMPS internal data for running BLR in-core - value on the most memory consuming processor): 0 
                    INFOG(37) (after analysis: estimated size of all MUMPS internal data for running BLR in-core - sum over all processors): 0 
                    INFOG(38) (after analysis: estimated size of all MUMPS internal data for running BLR out-of-core - value on the most memory consuming processor): 0 
                    INFOG(39) (after analysis: estimated size of all MUMPS internal data for running BLR out-of-core - sum over all processors): 0 
        linear system matrix = precond matrix:
        Mat Object: (mg_levels_1_sub_) 1 MPI processes
          type: seqaij
          rows=45541, cols=45541
          total: nonzeros=317071, allocated nonzeros=317071
          total number of mallocs used during MatSetValues calls=0
            not using I-node routines
      linear system matrix = precond matrix:
      Mat Object: 600 MPI processes
        type: mpiaij
        rows=27573001, cols=27573001
        total: nonzeros=192969001, allocated nonzeros=192969001
        total number of mallocs used during MatSetValues calls=0
          not using I-node (on process 0) routines
  Up solver (post-smoother) same as down solver (pre-smoother)
  linear system matrix = precond matrix:
  Mat Object: 600 MPI processes
    type: mpiaij
    rows=27573001, cols=27573001
    total: nonzeros=192969001, allocated nonzeros=192969001
    total number of mallocs used during MatSetValues calls=0
      not using I-node (on process 0) routines
time taken for solve is7.97028
************************************************************************************************************************
***             WIDEN YOUR WINDOW TO 120 CHARACTERS.  Use 'enscript -r -fCourier9' to print this document            ***
************************************************************************************************************************

---------------------------------------------- PETSc Performance Summary: ----------------------------------------------

/home/a/asarkar/sudhipv/software/FreeFem-sources/src/mpi/FreeFem++-mpi on a  named nia1572.scinet.local with 600 processors, by sudhipv Thu Dec 15 10:41:22 2022
Using Petsc Release Version 3.15.0, Mar 30, 2021 

                         Max       Max/Min     Avg       Total
Time (sec):           8.098e+00     1.000   8.097e+00
Objects:              1.840e+02     1.000   1.840e+02
Flop:                 8.848e+10     1.451   7.518e+10  4.511e+13
Flop/sec:             1.093e+10     1.451   9.284e+09  5.570e+12
MPI Messages:         3.647e+03     8.961   2.288e+03  1.373e+06
MPI Message Lengths:  1.074e+07     4.072   3.570e+03  4.901e+09
MPI Reductions:       3.940e+02     1.000

Flop counting convention: 1 flop = 1 real number operation of type (multiply/divide/add/subtract)
                            e.g., VecAXPY() for real vectors of length N --> 2N flop
                            and VecAXPY() for complex vectors of length N --> 8N flop

Summary of Stages:   ----- Time ------  ----- Flop ------  --- Messages ---  -- Message Lengths --  -- Reductions --
                        Avg     %Total     Avg     %Total    Count   %Total     Avg         %Total    Count   %Total
 0:      Main Stage: 8.0974e+00 100.0%  4.5106e+13 100.0%  1.373e+06 100.0%  3.570e+03      100.0%  3.760e+02  95.4%

------------------------------------------------------------------------------------------------------------------------
See the 'Profiling' chapter of the users' manual for details on interpreting output.
Phase summary info:
   Count: number of times phase was executed
   Time and Flop: Max - maximum over all processors
                  Ratio - ratio of maximum to minimum over all processors
   Mess: number of messages sent
   AvgLen: average message length (bytes)
   Reduct: number of global reductions
   Global: entire computation
   Stage: stages of a computation. Set stages with PetscLogStagePush() and PetscLogStagePop().
      %T - percent time in this phase         %F - percent flop in this phase
      %M - percent messages in this phase     %L - percent message lengths in this phase
      %R - percent reductions in this phase
   Total Mflop/s: 10e-6 * (sum of flop over all processors)/(max time over all processors)
------------------------------------------------------------------------------------------------------------------------
Event                Count      Time (sec)     Flop                              --- Global ---  --- Stage ----  Total
                   Max Ratio  Max     Ratio   Max  Ratio  Mess   AvgLen  Reduct  %T %F %M %L %R  %T %F %M %L %R Mflop/s
------------------------------------------------------------------------------------------------------------------------

--- Event Stage 0: Main Stage

BuildTwoSided          7 1.0 2.1697e-01183.3 0.00e+00 0.0 1.0e+04 4.0e+00 5.0e+00  2  0  1  0  1   2  0  1  0  1     0
BuildTwoSidedF         2 1.0 7.9246e-04 3.8 0.00e+00 0.0 0.0e+00 0.0e+00 2.0e+00  0  0  0  0  1   0  0  0  0  1     0
MatMult              263 1.0 8.2372e-01 7.2 7.76e+07 1.1 9.0e+05 6.6e+02 2.0e+00  3  0 66 12  1   3  0 66 12  1 54605
MatMultAdd            23 1.0 3.2084e-02 1.3 2.19e+06 1.1 7.8e+04 3.0e+02 0.0e+00  0  0  6  0  0   0  0  6  0  0 39533
MatMultTranspose      23 1.0 1.4889e-01 5.7 0.00e+00 0.0 7.8e+04 4.4e+04 0.0e+00  1  0  6 70  0   1  0  6 70  0     0
MatSolve             103 1.0 3.4926e+00 1.3 8.83e+10 1.5 0.0e+00 0.0e+00 0.0e+00 35100  0  0  0  35100  0  0  0 12885216
MatLUFactorSym         1 1.0 3.4830e-01 1.5 0.00e+00 0.0 0.0e+00 0.0e+00 0.0e+00  3  0  0  0  0   3  0  0  0  0     0
MatLUFactorNum         1 1.0 3.8288e-01 2.3 6.02e+06 1.2 0.0e+00 0.0e+00 0.0e+00  3  0  0  0  0   3  0  0  0  0  8805
MatConvert             1 1.0 1.7805e-03 1.2 0.00e+00 0.0 0.0e+00 0.0e+00 4.0e+00  0  0  0  0  1   0  0  0  0  1     0
MatResidual           23 1.0 2.1485e-0115.0 1.53e+07 1.1 7.8e+04 1.3e+03 0.0e+00  1  0  6  2  0   1  0  6  2  0 41316
MatAssemblyBegin       6 1.0 8.7119e-04 2.3 0.00e+00 0.0 0.0e+00 0.0e+00 2.0e+00  0  0  0  0  1   0  0  0  0  1     0
MatAssemblyEnd         6 1.0 1.4906e-0110.3 0.00e+00 0.0 0.0e+00 0.0e+00 1.2e+01  1  0  0  0  3   1  0  0  0  3     0
MatGetRowIJ            3 1.0 3.1227e-03 2.7 0.00e+00 0.0 0.0e+00 0.0e+00 0.0e+00  0  0  0  0  0   0  0  0  0  0     0
MatCreateSubMats       1 1.0 2.3911e-02 1.7 0.00e+00 0.0 1.7e+04 3.0e+03 1.0e+00  0  0  1  1  0   0  0  1  1  0     0
MatGetOrdering         1 1.0 3.7412e-02 2.0 0.00e+00 0.0 0.0e+00 0.0e+00 0.0e+00  0  0  0  0  0   0  0  0  0  0     0
MatIncreaseOvrlp       1 1.0 1.0652e-02 1.6 0.00e+00 0.0 0.0e+00 0.0e+00 1.0e+00  0  0  0  0  0   0  0  0  0  0     0
MatView                5 1.7 3.5977e-03 3.7 0.00e+00 0.0 0.0e+00 0.0e+00 3.0e+00  0  0  0  0  1   0  0  0  0  1     0
VecMDot              148 1.0 4.8586e-01 6.2 3.16e+07 1.1 0.0e+00 0.0e+00 1.5e+02  4  0  0  0 38   4  0  0  0 39 37743
VecNorm              173 1.0 3.8567e-02 2.6 3.39e+06 1.1 0.0e+00 0.0e+00 1.7e+02  0  0  0  0 44   0  0  0  0 46 50928
VecScale             219 1.0 9.3918e-04 2.1 1.70e+06 1.1 0.0e+00 0.0e+00 0.0e+00  0  0  0  0  0   0  0  0  0  0 1045656
VecCopy              197 1.0 7.8429e-03 1.2 0.00e+00 0.0 0.0e+00 0.0e+00 0.0e+00  0  0  0  0  0   0  0  0  0  0     0
VecSet               549 1.0 2.5339e-02 1.1 0.00e+00 0.0 0.0e+00 0.0e+00 0.0e+00  0  0  0  0  0   0  0  0  0  0     0
VecAXPY               48 1.0 2.4763e-03 2.1 2.39e+06 1.1 0.0e+00 0.0e+00 0.0e+00  0  0  0  0  0   0  0  0  0  0 559031
VecAYPX              138 1.0 9.8906e-03 1.2 8.75e+06 1.1 0.0e+00 0.0e+00 0.0e+00  0  0  0  0  0   0  0  0  0  0 512956
VecAXPBYCZ            46 1.0 5.3705e-03 1.5 1.09e+07 1.1 0.0e+00 0.0e+00 0.0e+00  0  0  0  0  0   0  0  0  0  0 1180853
VecMAXPY             173 1.0 2.7449e-02 1.1 3.48e+07 1.1 0.0e+00 0.0e+00 0.0e+00  0  0  0  0  0   0  0  0  0  0 735421
VecScatterBegin      652 1.0 2.5485e-01 6.5 0.00e+00 0.0 1.2e+06 8.7e+02 3.0e+00  3  0 86 21  1   3  0 86 21  1     0
VecScatterEnd        652 1.0 7.6719e-01106.5 0.00e+00 0.0 0.0e+00 0.0e+00 0.0e+00  2  0  0  0  0   2  0  0  0  0     0
VecNormalize         149 1.0 3.3874e-02 3.2 1.67e+06 1.1 0.0e+00 0.0e+00 1.5e+02  0  0  0  0 38   0  0  0  0 40 28367
SFSetGraph             5 1.0 1.0611e-04 1.8 0.00e+00 0.0 0.0e+00 0.0e+00 0.0e+00  0  0  0  0  0   0  0  0  0  0     0
SFSetUp                5 1.0 2.2002e-0150.3 0.00e+00 0.0 2.0e+04 2.2e+02 3.0e+00  2  0  1  0  1   2  0  1  0  1     0
SFReduceBegin        103 1.0 5.9525e-03 1.4 0.00e+00 0.0 0.0e+00 0.0e+00 0.0e+00  0  0  0  0  0   0  0  0  0  0     0
SFReduceEnd          103 1.0 8.5335e-05 2.2 0.00e+00 0.0 0.0e+00 0.0e+00 0.0e+00  0  0  0  0  0   0  0  0  0  0     0
SFPack               652 1.0 1.1379e-03 2.2 0.00e+00 0.0 0.0e+00 0.0e+00 0.0e+00  0  0  0  0  0   0  0  0  0  0     0
SFUnpack             652 1.0 4.5938e-04 5.3 0.00e+00 0.0 0.0e+00 0.0e+00 0.0e+00  0  0  0  0  0   0  0  0  0  0     0
KSPSetUp               3 1.0 1.3730e+00 1.0 9.46e+09 1.5 1.0e+05 1.4e+03 3.8e+01 17 11  7  3 10  17 11  7  3 10 3511111
KSPSolve               1 1.0 3.7381e+00 1.0 7.90e+10 1.5 1.3e+06 3.5e+03 3.0e+02 46 89 91 89 76  46 89 91 89 80 10776861
KSPGMRESOrthog       148 1.0 5.0900e-01 5.0 6.33e+07 1.1 0.0e+00 0.0e+00 1.5e+02  5  0  0  0 38   5  0  0  0 39 72056
PCSetUp                1 1.0 1.4116e+00 1.0 9.46e+09 1.5 1.0e+05 1.4e+03 4.2e+01 17 11  7  3 11  17 11  7  3 11 3415163
PCSetUpOnBlocks       47 1.0 7.2902e-01 1.4 6.02e+06 1.2 0.0e+00 0.0e+00 0.0e+00  7  0  0  0  0   7  0  0  0  0  4625
PCApply               23 1.0 3.6115e+00 1.1 7.90e+10 1.5 1.2e+06 3.6e+03 2.5e+02 42 89 86 87 64  42 89 86 87 68 11142960
PCApplyOnBlocks      103 1.0 3.5000e+00 1.3 8.83e+10 1.5 0.0e+00 0.0e+00 0.0e+00 35100  0  0  0  35100  0  0  0 12857980
------------------------------------------------------------------------------------------------------------------------

Memory usage is given in bytes:

Object Type          Creations   Destructions     Memory  Descendants' Mem.
Reports information only for process 0.

--- Event Stage 0: Main Stage

              Matrix    12             12     16664404     0.
              Vector   123            123     35118896     0.
           Index Set    15             15      1371068     0.
   IS L to G Mapping     1              1      1118840     0.
   Star Forest Graph    11             11        12600     0.
       Krylov Solver     5              5        72264     0.
      Preconditioner     5              5         6024     0.
              Viewer     3              2         1696     0.
    Distributed Mesh     3              3        15144     0.
     Discrete System     3              3         2712     0.
           Weak Form     3              3         2472     0.
========================================================================================================================
Average time to get PetscTime(): 4.41e-08
Average time for MPI_Barrier(): 6.9624e-05
Average time for zero size MPI_Send(): 1.16387e-06
#PETSc Option Table entries:
-ksp_converged_reason
-ksp_pc_side right
-ksp_rtol 1e-8
-ksp_type fgmres
-ksp_view
-log_view
-m 350
-mg_coarse_ksp_converged_reason
-mg_coarse_ksp_type gmres
-mg_coarse_pc_type hypre
-mg_levels_pc_type asm
-mg_levels_sub_pc_factor_mat_solver_type mumps
-mg_levels_sub_pc_type lu
-n 350
-nw
-pc_mg_type multiplicative
-pc_type mg
#End of PETSc Option Table entries
Compiled without FORTRAN kernels
Compiled with full precision matrices (default)
sizeof(short) 2 sizeof(int) 4 sizeof(long) 8 sizeof(void*) 8 sizeof(PetscScalar) 8 sizeof(PetscInt) 4
Configure options: --prefix=/home/a/asarkar/sudhipv/software/FreeFem-sources/install/ff-petsc/r MAKEFLAGS= --with-debugging=0 COPTFLAGS="-O3 -mtune=native" CXXOPTFLAGS="-O3 -mtune=native" FOPTFLAGS="-O3 -mtune=native" --with-cxx-dialect=C++11 --with-ssl=0 --with-x=0 --with-fortran-bindings=0 --with-cudac=0 --with-cc=/cvmfs/soft.computecanada.ca/easybuild/software/2020/avx512/Compiler/intel2020/openmpi/4.0.3/bin/mpicc --with-cxx=/cvmfs/soft.computecanada.ca/easybuild/software/2020/avx512/Compiler/intel2020/openmpi/4.0.3/bin/mpic++ --with-fc=/cvmfs/soft.computecanada.ca/easybuild/software/2020/avx512/Compiler/intel2020/openmpi/4.0.3/bin/mpif90 --with-scalar-type=real --with-blaslapack-include=/cvmfs/soft.computecanada.ca/easybuild/software/2020/Core/imkl/2020.1.217/mkl/include --with-blaslapack-lib="-Wl,-rpath,/cvmfs/soft.computecanada.ca/easybuild/software/2020/Core/imkl/2020.1.217/mkl/lib/intel64 -L/cvmfs/soft.computecanada.ca/easybuild/software/2020/Core/imkl/2020.1.217/mkl/lib/intel64 -lmkl_rt -lmkl_intel_thread -lmkl_core  -liomp5 -lpthread" --download-metis --download-ptscotch --download-hypre --download-parmetis --download-mmg --download-parmmg --download-superlu --download-suitesparse --download-tetgen --download-slepc --download-hpddm --download-scalapack --download-mumps --download-slepc-configure-arguments=--download-arpack=https://github.com/prj-/arpack-ng/archive/b64dccb.tar.gz PETSC_ARCH=fr
-----------------------------------------
Libraries compiled on 2021-05-02 15:39:49 on nia-login03.scinet.local 
Machine characteristics: Linux-3.10.0-957.27.2.el7.x86_64-x86_64-with-centos-7.6.1810-Core
Using PETSc directory: /home/a/asarkar/sudhipv/software/FreeFem-sources/install/ff-petsc/r
Using PETSc arch: 
-----------------------------------------

Using C compiler: /cvmfs/soft.computecanada.ca/easybuild/software/2020/avx512/Compiler/intel2020/openmpi/4.0.3/bin/mpicc  -fPIC -wd1572 -O3 -mtune=native   
Using Fortran compiler: /cvmfs/soft.computecanada.ca/easybuild/software/2020/avx512/Compiler/intel2020/openmpi/4.0.3/bin/mpif90  -fPIC -O3 -mtune=native     
-----------------------------------------

Using include paths: -I/home/a/asarkar/sudhipv/software/FreeFem-sources/install/ff-petsc/r/include -I/cvmfs/soft.computecanada.ca/easybuild/software/2020/Core/imkl/2020.1.217/mkl/include
-----------------------------------------

Using C linker: /cvmfs/soft.computecanada.ca/easybuild/software/2020/avx512/Compiler/intel2020/openmpi/4.0.3/bin/mpicc
Using Fortran linker: /cvmfs/soft.computecanada.ca/easybuild/software/2020/avx512/Compiler/intel2020/openmpi/4.0.3/bin/mpif90
Using libraries: -Wl,-rpath,/home/a/asarkar/sudhipv/software/FreeFem-sources/install/ff-petsc/r/lib -L/home/a/asarkar/sudhipv/software/FreeFem-sources/install/ff-petsc/r/lib -lpetsc -Wl,-rpath,/home/a/asarkar/sudhipv/software/FreeFem-sources/install/ff-petsc/r/lib -L/home/a/asarkar/sudhipv/software/FreeFem-sources/install/ff-petsc/r/lib -Wl,-rpath,/cvmfs/soft.computecanada.ca/easybuild/software/2020/Core/imkl/2020.1.217/mkl/lib/intel64 -L/cvmfs/soft.computecanada.ca/easybuild/software/2020/Core/imkl/2020.1.217/mkl/lib/intel64 -Wl,-rpath,/cvmfs/soft.computecanada.ca/easybuild/software/2020/avx512/Compiler/intel2020/openmpi/4.0.3/lib -L/cvmfs/soft.computecanada.ca/easybuild/software/2020/avx512/Compiler/intel2020/openmpi/4.0.3/lib -Wl,-rpath,/cvmfs/soft.computecanada.ca/easybuild/software/2020/avx512/Core/libfabric/1.10.1/lib -L/cvmfs/soft.computecanada.ca/easybuild/software/2020/avx512/Core/libfabric/1.10.1/lib -Wl,-rpath,/cvmfs/soft.computecanada.ca/easybuild/software/2020/avx512/Core/ucx/1.8.0/lib -L/cvmfs/soft.computecanada.ca/easybuild/software/2020/avx512/Core/ucx/1.8.0/lib -Wl,-rpath,/cvmfs/soft.computecanada.ca/easybuild/software/2020/Core/imkl/2020.1.217/lib/intel64 -L/cvmfs/soft.computecanada.ca/easybuild/software/2020/Core/imkl/2020.1.217/lib/intel64 -Wl,-rpath,/cvmfs/restricted.computecanada.ca/easybuild/software/2020/Core/intel/2020.1.217/compilers_and_libraries_2020.1.217/linux/tbb/lib/intel64/gcc4.8 -L/cvmfs/restricted.computecanada.ca/easybuild/software/2020/Core/intel/2020.1.217/compilers_and_libraries_2020.1.217/linux/tbb/lib/intel64/gcc4.8 -Wl,-rpath,/cvmfs/restricted.computecanada.ca/easybuild/software/2020/Core/intel/2020.1.217/compilers_and_libraries_2020.1.217/linux/compiler/lib/intel64_lin -L/cvmfs/restricted.computecanada.ca/easybuild/software/2020/Core/intel/2020.1.217/compilers_and_libraries_2020.1.217/linux/compiler/lib/intel64_lin -Wl,-rpath,/cvmfs/soft.computecanada.ca/easybuild/software/2020/avx512/Compiler/intel2020/openmpi/4.0.3/lib64 -L/cvmfs/soft.computecanada.ca/easybuild/software/2020/avx512/Compiler/intel2020/openmpi/4.0.3/lib64 -Wl,-rpath,/cvmfs/soft.computecanada.ca/easybuild/software/2020/Core/gcccore/9.3.0/lib/gcc/x86_64-pc-linux-gnu/9.3.0 -L/cvmfs/soft.computecanada.ca/easybuild/software/2020/Core/gcccore/9.3.0/lib/gcc/x86_64-pc-linux-gnu/9.3.0 -Wl,-rpath,/cvmfs/soft.computecanada.ca/easybuild/software/2020/Core/gcccore/9.3.0/lib64 -L/cvmfs/soft.computecanada.ca/easybuild/software/2020/Core/gcccore/9.3.0/lib64 -Wl,-rpath,/cvmfs/soft.computecanada.ca/gentoo/2020/lib64 -L/cvmfs/soft.computecanada.ca/gentoo/2020/lib64 -Wl,-rpath,/cvmfs/soft.computecanada.ca/gentoo/2020/usr/lib64 -L/cvmfs/soft.computecanada.ca/gentoo/2020/usr/lib64 -Wl,-rpath,/cvmfs/soft.computecanada.ca/easybuild/software/2020/Core/gcccore/9.3.0/lib -L/cvmfs/soft.computecanada.ca/easybuild/software/2020/Core/gcccore/9.3.0/lib -Wl,-rpath,/cvmfs/soft.computecanada.ca/gentoo/2020/lib -L/cvmfs/soft.computecanada.ca/gentoo/2020/lib -Wl,-rpath,/cvmfs/soft.computecanada.ca/gentoo/2020/usr/lib -L/cvmfs/soft.computecanada.ca/gentoo/2020/usr/lib -lHYPRE -lcmumps -ldmumps -lsmumps -lzmumps -lmumps_common -lpord -lscalapack -lumfpack -lklu -lcholmod -lbtf -lccolamd -lcolamd -lcamd -lamd -lsuitesparseconfig -lsuperlu -lmkl_rt -lmkl_intel_thread -lmkl_core -liomp5 -lpthread -lparmmg -lmmg -lmmg3d -lptesmumps -lptscotchparmetis -lptscotch -lptscotcherr -lesmumps -lscotch -lscotcherr -lpthread -lparmetis -lmetis -ltet -lstdc++ -ldl -lmpi_usempif08 -lmpi_usempi_ignore_tkr -lmpi_mpifh -lmpi -lifport -lifcoremt_pic -limf -lsvml -lm -lipgo -lirc -lpthread -lgcc_s -lirc_s -lrt -lquadmath -lstdc++ -ldl
-----------------------------------------


scontrol show jobid 8581101
JobId=8581101 JobName=DD_AMG_600_split_15_350coarse
   UserId=sudhipv(3061414) GroupId=asarkar(6001189) MCS_label=N/A
   Priority=1117502 Nice=0 Account=def-asarkar QOS=normal
   JobState=COMPLETED Reason=None Dependency=(null)
   Requeue=0 Restarts=0 BatchFlag=1 Reboot=0 ExitCode=0:0
   RunTime=00:00:45 TimeLimit=00:15:00 TimeMin=N/A
   SubmitTime=2022-12-15T10:02:24 EligibleTime=2022-12-15T10:02:24
   AccrueTime=2022-12-15T10:02:24
   StartTime=2022-12-15T10:40:40 EndTime=2022-12-15T10:41:25 Deadline=N/A
   SuspendTime=None SecsPreSuspend=0 LastSchedEval=2022-12-15T10:40:40 Scheduler=Backfill
   Partition=compute AllocNode:Sid=nia-login06:70452
   ReqNodeList=(null) ExcNodeList=(null)
   NodeList=nia[1572-1573,1582,1773-1774,1924-1927,1959-1964]
   BatchHost=nia1572
   NumNodes=15 NumCPUs=1200 NumTasks=600 CPUs/Task=1 ReqB:S:C:T=0:0:*:*
   TRES=cpu=1200,mem=2625000M,node=15,billing=600
   Socks/Node=* NtasksPerN:B:S:C=40:0:*:* CoreSpec=*
   MinCPUsNode=40 MinMemoryNode=175000M MinTmpDiskNode=0
   Features=[skylake|cascade] DelayBoot=00:00:00
   OverSubscribe=NO Contiguous=0 Licenses=(null) Network=(null)
   Command=/gpfs/fs0/scratch/a/asarkar/sudhipv/poisson_hpc/deterministic/DD_vsMG/linear/runff_niagara_weak.sh
   WorkDir=/gpfs/fs0/scratch/a/asarkar/sudhipv/poisson_hpc/deterministic/DD_vsMG/linear
   Comment=/opt/slurm/bin/sbatch --export=NONE runff_niagara_weak.sh 
   StdErr=/gpfs/fs0/scratch/a/asarkar/sudhipv/poisson_hpc/deterministic/DD_vsMG/linear/DD_AMG_600_split_15_350coarse-8581101.out
   StdIn=/dev/null
   StdOut=/gpfs/fs0/scratch/a/asarkar/sudhipv/poisson_hpc/deterministic/DD_vsMG/linear/DD_AMG_600_split_15_350coarse-8581101.out
   Power=
   MailUser=sudhipv@cmail.carleton.ca MailType=INVALID_DEPEND,BEGIN,END,FAIL,REQUEUE,STAGE_OUT
   

sacct -j 8581101
JobID           JobName    Account    Elapsed  MaxVMSize     MaxRSS  SystemCPU    UserCPU ExitCode 
------------ ---------- ---------- ---------- ---------- ---------- ---------- ---------- -------- 
8581101      DD_AMG_60+ def-asark+   00:00:45                         00:07:34   01:57:26      0:0 
8581101.bat+      batch def-asark+   00:00:45  33657224K   9110864K  00:30.521  07:42.526      0:0 
8581101.ext+     extern def-asark+   00:00:45    142384K      1132K  00:00.003  00:00.007      0:0 
8581101.0         orted def-asark+   00:00:15    405864K      3820K  03:43.840  36:14.812      0:0 
8581101.1         orted def-asark+   00:00:13    405864K      3820K  03:19.635   01:13:29      0:0 
