
Lmod is automatically replacing "openmpi/4.0.3" with "intelmpi/2019.7.217".

/cvmfs/soft.computecanada.ca/easybuild/software/2020/avx512/Compiler/intel2020/intelmpi/2019.7.217/intel64/bin/mpiexec
/cvmfs/soft.computecanada.ca/easybuild/software/2020/avx512/Compiler/intel2020/intelmpi/2019.7.217/intel64/bin/mpirun
Number of Vertices for coarse mesh in process  0  303601
time taken before solve is7.52954
Linear solve converged due to CONVERGED_RTOL iterations 12
KSP final norm of residual 2.53269e-13
KSP Object: 600 MPI processes
  type: gmres
    restart=30, using Classical (unmodified) Gram-Schmidt Orthogonalization with no iterative refinement
    happy breakdown tolerance 1e-30
  maximum iterations=10000, initial guess is zero
  tolerances:  relative=1e-08, absolute=1e-50, divergence=10000.
  right preconditioning
  using UNPRECONDITIONED norm type for convergence test
PC Object: 600 MPI processes
  type: hypre
    HYPRE BoomerAMG preconditioning
      Cycle type V
      Maximum number of levels 25
      Maximum number of iterations PER hypre call 1
      Convergence tolerance PER hypre call 0.
      Threshold for strong coupling 0.25
      Interpolation truncation factor 0.
      Interpolation: max elements per row 0
      Number of levels of aggressive coarsening 0
      Number of paths for aggressive coarsening 1
      Maximum row sums 0.9
      Sweeps down         1
      Sweeps up           1
      Sweeps on coarse    1
      Relax down          symmetric-SOR/Jacobi
      Relax up            symmetric-SOR/Jacobi
      Relax on coarse     Gaussian-elimination
      Relax weight  (all)      1.
      Outer relax weight (all) 1.
      Using CF-relaxation
      Not using more complex smoothers.
      Measure type        local
      Coarsen type        Falgout
      Interpolation type  classical
  linear system matrix = precond matrix:
  Mat Object: 600 MPI processes
    type: mpiaij
    rows=68079001, cols=68079001
    total: nonzeros=476487001, allocated nonzeros=476487001
    total number of mallocs used during MatSetValues calls=0
      not using I-node (on process 0) routines
time taken for solve is11.375
************************************************************************************************************************
***             WIDEN YOUR WINDOW TO 120 CHARACTERS.  Use 'enscript -r -fCourier9' to print this document            ***
************************************************************************************************************************

---------------------------------------------- PETSc Performance Summary: ----------------------------------------------

/home/sudhipv/packages/FreeFem-sources/src/mpi/FreeFem++-mpi on a  named bc11936.int.ets1.calculquebec.ca with 600 processors, by sudhipv Thu Dec 15 11:37:29 2022
Using Petsc Release Version 3.15.1, Jun 17, 2021 

                         Max       Max/Min     Avg       Total
Time (sec):           1.311e+01     1.000   1.311e+01
Objects:              4.500e+01     1.000   4.500e+01
Flop:                 6.400e+07     1.055   6.229e+07  3.737e+10
Flop/sec:             4.881e+06     1.055   4.750e+06  2.850e+09
MPI Messages:         1.800e+02     4.500   1.132e+02  6.792e+04
MPI Message Lengths:  1.436e+06     3.155   9.950e+03  6.758e+08
MPI Reductions:       7.100e+01     1.000

Flop counting convention: 1 flop = 1 real number operation of type (multiply/divide/add/subtract)
                            e.g., VecAXPY() for real vectors of length N --> 2N flop
                            and VecAXPY() for complex vectors of length N --> 8N flop

Summary of Stages:   ----- Time ------  ----- Flop ------  --- Messages ---  -- Message Lengths --  -- Reductions --
                        Avg     %Total     Avg     %Total    Count   %Total     Avg         %Total    Count   %Total
 0:      Main Stage: 1.3112e+01 100.0%  3.7374e+10 100.0%  6.792e+04 100.0%  9.950e+03      100.0%  5.300e+01  74.6%

------------------------------------------------------------------------------------------------------------------------
See the 'Profiling' chapter of the users' manual for details on interpreting output.
Phase summary info:
   Count: number of times phase was executed
   Time and Flop: Max - maximum over all processors
                  Ratio - ratio of maximum to minimum over all processors
   Mess: number of messages sent
   AvgLen: average message length (bytes)
   Reduct: number of global reductions
   Global: entire computation
   Stage: stages of a computation. Set stages with PetscLogStagePush() and PetscLogStagePop().
      %T - percent time in this phase         %F - percent flop in this phase
      %M - percent messages in this phase     %L - percent message lengths in this phase
      %R - percent reductions in this phase
   Total Mflop/s: 10e-6 * (sum of flop over all processors)/(max time over all processors)
------------------------------------------------------------------------------------------------------------------------
Event                Count      Time (sec)     Flop                              --- Global ---  --- Stage ----  Total
                   Max Ratio  Max     Ratio   Max  Ratio  Mess   AvgLen  Reduct  %T %F %M %L %R  %T %F %M %L %R Mflop/s
------------------------------------------------------------------------------------------------------------------------

--- Event Stage 0: Main Stage

BuildTwoSided          2 1.0 8.7928e-0320.3 0.00e+00 0.0 3.4e+03 4.0e+00 2.0e+00  0  0  5  0  3   0  0  5  0  4     0
BuildTwoSidedF         1 1.0 5.1107e-0343.9 0.00e+00 0.0 0.0e+00 0.0e+00 1.0e+00  0  0  0  0  1   0  0  0  0  2     0
MatMult               13 1.0 5.8412e-02 1.8 1.97e+07 1.1 5.1e+04 1.9e+03 1.0e+00  0 31 75 14  1   0 31 75 14  2 196940
MatConvert             1 1.0 3.5183e-02 1.1 0.00e+00 0.0 0.0e+00 0.0e+00 4.0e+00  0  0  0  0  6   0  0  0  0  8     0
MatAssemblyBegin       3 1.0 6.5055e-03 2.0 0.00e+00 0.0 0.0e+00 0.0e+00 1.0e+00  0  0  0  0  1   0  0  0  0  2     0
MatAssemblyEnd         3 1.0 3.2439e-0111.0 0.00e+00 0.0 0.0e+00 0.0e+00 8.0e+00  2  0  0  0 11   2  0  0  0 15     0
MatGetRowIJ            2 1.0 1.1254e-03424.8 0.00e+00 0.0 0.0e+00 0.0e+00 0.0e+00  0  0  0  0  0   0  0  0  0  0     0
MatView                1 1.0 7.2463e-03 2.0 0.00e+00 0.0 0.0e+00 0.0e+00 1.0e+00  0  0  0  0  1   0  0  0  0  2     0
VecMDot               12 1.0 1.3193e-01 1.6 1.82e+07 1.1 0.0e+00 0.0e+00 1.2e+01  1 28  0  0 17   1 28  0  0 23 80500
VecNorm               14 1.0 3.2433e-01 1.0 3.27e+06 1.1 0.0e+00 0.0e+00 1.4e+01  2  5  0  0 20   2  5  0  0 26  5877
VecScale              13 1.0 2.1026e-03 4.5 1.52e+06 1.1 0.0e+00 0.0e+00 0.0e+00  0  2  0  0  0   0  2  0  0  0 420926
VecCopy                3 1.0 1.5848e-03 3.5 0.00e+00 0.0 0.0e+00 0.0e+00 0.0e+00  0  0  0  0  0   0  0  0  0  0     0
VecSet                16 1.0 1.7913e-02 7.3 0.00e+00 0.0 0.0e+00 0.0e+00 0.0e+00  0  0  0  0  0   0  0  0  0  0     0
VecAXPY                1 1.0 3.4442e-0321.3 2.33e+05 1.1 0.0e+00 0.0e+00 0.0e+00  0  0  0  0  0   0  0  0  0  0 39532
VecAYPX                1 1.0 1.1772e-0310.1 1.17e+05 1.1 0.0e+00 0.0e+00 0.0e+00  0  0  0  0  0   0  0  0  0  0 57831
VecMAXPY              13 1.0 2.4291e-02 1.3 2.10e+07 1.1 0.0e+00 0.0e+00 0.0e+00  0 33  0  0  0   0 33  0  0  0 504470
VecScatterBegin       13 1.0 1.0758e-02 4.8 0.00e+00 0.0 5.1e+04 1.9e+03 1.0e+00  0  0 75 14  1   0  0 75 14  2     0
VecScatterEnd         13 1.0 1.9488e-0262.4 0.00e+00 0.0 0.0e+00 0.0e+00 0.0e+00  0  0  0  0  0   0  0  0  0  0     0
VecNormalize          13 1.0 3.2173e-01 1.0 4.55e+06 1.1 0.0e+00 0.0e+00 1.3e+01  2  7  0  0 18   2  7  0  0 25  8253
SFSetGraph             1 1.0 4.6266e-06 5.3 0.00e+00 0.0 0.0e+00 0.0e+00 0.0e+00  0  0  0  0  0   0  0  0  0  0     0
SFSetUp                1 1.0 5.5815e-03 5.3 0.00e+00 0.0 6.8e+03 5.3e+02 1.0e+00  0  0 10  1  1   0  0 10  1  2     0
SFPack                13 1.0 1.0168e-0317.0 0.00e+00 0.0 0.0e+00 0.0e+00 0.0e+00  0  0  0  0  0   0  0  0  0  0     0
SFUnpack              13 1.0 2.5519e-05 5.0 0.00e+00 0.0 0.0e+00 0.0e+00 0.0e+00  0  0  0  0  0   0  0  0  0  0     0
KSPSetUp               1 1.0 2.8920e-0213.9 0.00e+00 0.0 0.0e+00 0.0e+00 2.0e+00  0  0  0  0  3   0  0  0  0  4     0
KSPSolve               1 1.0 1.4247e+00 1.0 6.21e+07 1.1 4.8e+04 1.9e+03 2.6e+01 11 97 70 13 37  11 97 70 13 49 25468
KSPGMRESOrthog        12 1.0 1.5134e-01 1.5 3.64e+07 1.1 0.0e+00 0.0e+00 1.2e+01  1 57  0  0 17   1 57  0  0 23 140349
PCSetUp                1 1.0 5.8468e-01 1.0 0.00e+00 0.0 0.0e+00 0.0e+00 4.0e+00  4  0  0  0  6   4  0  0  0  8     0
PCApply               13 1.0 9.4816e-01 1.1 0.00e+00 0.0 0.0e+00 0.0e+00 0.0e+00  7  0  0  0  0   7  0  0  0  0     0
------------------------------------------------------------------------------------------------------------------------

Memory usage is given in bytes:

Object Type          Creations   Destructions     Memory  Descendants' Mem.
Reports information only for process 0.

--- Event Stage 0: Main Stage

              Matrix     8              8     30594768     0.
              Vector    23             23     17610696     0.
           Index Set     4              4      1079900     0.
   Star Forest Graph     3              3         3312     0.
       Krylov Solver     1              1        18848     0.
      Preconditioner     1              1         1488     0.
              Viewer     2              1          840     0.
    Distributed Mesh     1              1         5040     0.
     Discrete System     1              1          896     0.
           Weak Form     1              1          816     0.
========================================================================================================================
Average time to get PetscTime(): 2.54135e-08
Average time for MPI_Barrier(): 9.36401e-06
Average time for zero size MPI_Send(): 2.87124e-06
#PETSc Option Table entries:
-ksp_converged_reason
-ksp_pc_side right
-ksp_rtol 1e-8
-ksp_type gmres
-ksp_view
-ksp_view_final_residual
-log_view
-m 550
-n 550
-nw
-pc_type hypre
#End of PETSc Option Table entries
Compiled without FORTRAN kernels
Compiled with full precision matrices (default)
sizeof(short) 2 sizeof(int) 4 sizeof(long) 8 sizeof(void*) 8 sizeof(PetscScalar) 8 sizeof(PetscInt) 4
Configure options: --prefix=/home/sudhipv/packages/FreeFem-sources/install/ff-petsc/r MAKEFLAGS= --with-debugging=0 COPTFLAGS="-O3 -mtune=native" CXXOPTFLAGS="-O3 -mtune=native" FOPTFLAGS="-O3 -mtune=native" --with-cxx-dialect=C++11 --with-ssl=0 --with-x=0 --with-fortran-bindings=0 --with-cudac=0 --with-cc=/cvmfs/soft.computecanada.ca/easybuild/software/2020/avx512/Compiler/intel2020/intelmpi/2019.7.217/intel64/bin/mpicc --with-cxx=/cvmfs/soft.computecanada.ca/easybuild/software/2020/avx512/Compiler/intel2020/intelmpi/2019.7.217/intel64/bin/mpicxx --with-fc=/cvmfs/soft.computecanada.ca/easybuild/software/2020/avx512/Compiler/intel2020/intelmpi/2019.7.217/intel64/bin/mpif90 --with-scalar-type=real --with-blaslapack-include=/cvmfs/soft.computecanada.ca/easybuild/software/2020/Core/imkl/2020.1.217/mkl/include --with-blaslapack-lib="-Wl,-rpath,/cvmfs/soft.computecanada.ca/easybuild/software/2020/Core/imkl/2020.1.217/mkl/lib/intel64 -L/cvmfs/soft.computecanada.ca/easybuild/software/2020/Core/imkl/2020.1.217/mkl/lib/intel64 -lmkl_rt -lmkl_intel_thread -lmkl_core  -liomp5 -lpthread" --download-metis --download-ptscotch --download-hypre --download-parmetis --download-mmg --download-parmmg --download-superlu --download-suitesparse --download-tetgen --download-slepc --download-hpddm --download-scalapack --download-mumps --download-slepc-configure-arguments=--download-arpack=https://github.com/prj-/arpack-ng/archive/b64dccb.tar.gz PETSC_ARCH=fr
-----------------------------------------
Libraries compiled on 2021-08-23 08:47:39 on beluga4.int.ets1.calculquebec.ca 
Machine characteristics: Linux-3.10.0-1160.36.2.el7.x86_64-x86_64-with-centos-7.9.2009-Core
Using PETSc directory: /home/sudhipv/packages/FreeFem-sources/install/ff-petsc/r
Using PETSc arch: 
-----------------------------------------

Using C compiler: /cvmfs/soft.computecanada.ca/easybuild/software/2020/avx512/Compiler/intel2020/intelmpi/2019.7.217/intel64/bin/mpicc  -fPIC -wd1572 -O3 -mtune=native   
Using Fortran compiler: /cvmfs/soft.computecanada.ca/easybuild/software/2020/avx512/Compiler/intel2020/intelmpi/2019.7.217/intel64/bin/mpif90  -fPIC -O3 -mtune=native     
-----------------------------------------

Using include paths: -I/home/sudhipv/packages/FreeFem-sources/install/ff-petsc/r/include -I/cvmfs/soft.computecanada.ca/easybuild/software/2020/Core/imkl/2020.1.217/mkl/include
-----------------------------------------

Using C linker: /cvmfs/soft.computecanada.ca/easybuild/software/2020/avx512/Compiler/intel2020/intelmpi/2019.7.217/intel64/bin/mpicc
Using Fortran linker: /cvmfs/soft.computecanada.ca/easybuild/software/2020/avx512/Compiler/intel2020/intelmpi/2019.7.217/intel64/bin/mpif90
Using libraries: -Wl,-rpath,/home/sudhipv/packages/FreeFem-sources/install/ff-petsc/r/lib -L/home/sudhipv/packages/FreeFem-sources/install/ff-petsc/r/lib -lpetsc -Wl,-rpath,/home/sudhipv/packages/FreeFem-sources/install/ff-petsc/r/lib -L/home/sudhipv/packages/FreeFem-sources/install/ff-petsc/r/lib -Wl,-rpath,/cvmfs/soft.computecanada.ca/easybuild/software/2020/Core/imkl/2020.1.217/mkl/lib/intel64 -L/cvmfs/soft.computecanada.ca/easybuild/software/2020/Core/imkl/2020.1.217/mkl/lib/intel64 -Wl,-rpath,/cvmfs/soft.computecanada.ca/easybuild/software/2020/avx512/Compiler/intel2020/intelmpi/2019.7.217/intel64/lib/release -L/cvmfs/soft.computecanada.ca/easybuild/software/2020/avx512/Compiler/intel2020/intelmpi/2019.7.217/intel64/lib/release -Wl,-rpath,/cvmfs/soft.computecanada.ca/easybuild/software/2020/avx512/Compiler/intel2020/intelmpi/2019.7.217/intel64/lib -L/cvmfs/soft.computecanada.ca/easybuild/software/2020/avx512/Compiler/intel2020/intelmpi/2019.7.217/intel64/lib -Wl,-rpath,/cvmfs/soft.computecanada.ca/easybuild/software/2020/avx512/Compiler/intel2020/intelmpi/2019.7.217/intel64/libfabric/lib -L/cvmfs/soft.computecanada.ca/easybuild/software/2020/avx512/Compiler/intel2020/intelmpi/2019.7.217/intel64/libfabric/lib -Wl,-rpath,/cvmfs/soft.computecanada.ca/easybuild/software/2020/avx512/Compiler/intel2020/intelmpi/2019.7.217/intel64/lib/release_mt -L/cvmfs/soft.computecanada.ca/easybuild/software/2020/avx512/Compiler/intel2020/intelmpi/2019.7.217/intel64/lib/release_mt -Wl,-rpath,/cvmfs/soft.computecanada.ca/easybuild/software/2020/avx512/Core/ucx/1.8.0/lib -L/cvmfs/soft.computecanada.ca/easybuild/software/2020/avx512/Core/ucx/1.8.0/lib -Wl,-rpath,/cvmfs/soft.computecanada.ca/easybuild/software/2020/Core/imkl/2020.1.217/lib/intel64 -L/cvmfs/soft.computecanada.ca/easybuild/software/2020/Core/imkl/2020.1.217/lib/intel64 -Wl,-rpath,/cvmfs/restricted.computecanada.ca/easybuild/software/2020/Core/intel/2020.1.217/compilers_and_libraries_2020.1.217/linux/tbb/lib/intel64/gcc4.8 -L/cvmfs/restricted.computecanada.ca/easybuild/software/2020/Core/intel/2020.1.217/compilers_and_libraries_2020.1.217/linux/tbb/lib/intel64/gcc4.8 -Wl,-rpath,/cvmfs/restricted.computecanada.ca/easybuild/software/2020/Core/intel/2020.1.217/compilers_and_libraries_2020.1.217/linux/compiler/lib/intel64_lin -L/cvmfs/restricted.computecanada.ca/easybuild/software/2020/Core/intel/2020.1.217/compilers_and_libraries_2020.1.217/linux/compiler/lib/intel64_lin -Wl,-rpath,/cvmfs/soft.computecanada.ca/easybuild/software/2020/Core/gcccore/9.3.0/lib/gcc/x86_64-pc-linux-gnu/9.3.0 -L/cvmfs/soft.computecanada.ca/easybuild/software/2020/Core/gcccore/9.3.0/lib/gcc/x86_64-pc-linux-gnu/9.3.0 -Wl,-rpath,/cvmfs/soft.computecanada.ca/easybuild/software/2020/Core/gcccore/9.3.0/lib64 -L/cvmfs/soft.computecanada.ca/easybuild/software/2020/Core/gcccore/9.3.0/lib64 -Wl,-rpath,/cvmfs/soft.computecanada.ca/gentoo/2020/lib64 -L/cvmfs/soft.computecanada.ca/gentoo/2020/lib64 -Wl,-rpath,/cvmfs/soft.computecanada.ca/gentoo/2020/usr/lib64 -L/cvmfs/soft.computecanada.ca/gentoo/2020/usr/lib64 -Wl,-rpath,/cvmfs/soft.computecanada.ca/easybuild/software/2020/Core/gcccore/9.3.0/lib -L/cvmfs/soft.computecanada.ca/easybuild/software/2020/Core/gcccore/9.3.0/lib -Wl,-rpath,/cvmfs/soft.computecanada.ca/gentoo/2020/lib -L/cvmfs/soft.computecanada.ca/gentoo/2020/lib -Wl,-rpath,/cvmfs/soft.computecanada.ca/gentoo/2020/usr/lib -L/cvmfs/soft.computecanada.ca/gentoo/2020/usr/lib -lHYPRE -lcmumps -ldmumps -lsmumps -lzmumps -lmumps_common -lpord -lscalapack -lumfpack -lklu -lcholmod -lbtf -lccolamd -lcolamd -lcamd -lamd -lsuitesparseconfig -lsuperlu -lmkl_rt -lmkl_intel_thread -lmkl_core -liomp5 -lpthread -lparmmg -lmmg -lmmg3d -lptesmumps -lptscotchparmetis -lptscotch -lptscotcherr -lesmumps -lscotch -lscotcherr -lparmetis -lmetis -ltet -lstdc++ -ldl -lmpifort -lmpi -lrt -lpthread -lifport -lifcoremt_pic -limf -lsvml -lm -lipgo -lirc -lgcc_s -lirc_s -lrt -lquadmath -lstdc++ -ldl
-----------------------------------------

Number of Vertices for coarse mesh in process  0  303601
time taken before solve is7.67514
    Linear mg_coarse_ solve converged due to CONVERGED_RTOL iterations 5
    Linear mg_coarse_ solve converged due to CONVERGED_RTOL iterations 5
    Linear mg_coarse_ solve converged due to CONVERGED_RTOL iterations 5
    Linear mg_coarse_ solve converged due to CONVERGED_RTOL iterations 5
    Linear mg_coarse_ solve converged due to CONVERGED_RTOL iterations 5
    Linear mg_coarse_ solve converged due to CONVERGED_RTOL iterations 5
    Linear mg_coarse_ solve converged due to CONVERGED_RTOL iterations 5
    Linear mg_coarse_ solve converged due to CONVERGED_RTOL iterations 5
    Linear mg_coarse_ solve converged due to CONVERGED_RTOL iterations 5
    Linear mg_coarse_ solve converged due to CONVERGED_RTOL iterations 5
    Linear mg_coarse_ solve converged due to CONVERGED_RTOL iterations 5
    Linear mg_coarse_ solve converged due to CONVERGED_RTOL iterations 5
    Linear mg_coarse_ solve converged due to CONVERGED_RTOL iterations 5
    Linear mg_coarse_ solve converged due to CONVERGED_RTOL iterations 5
    Linear mg_coarse_ solve converged due to CONVERGED_RTOL iterations 5
    Linear mg_coarse_ solve converged due to CONVERGED_RTOL iterations 5
    Linear mg_coarse_ solve converged due to CONVERGED_RTOL iterations 5
    Linear mg_coarse_ solve converged due to CONVERGED_RTOL iterations 5
    Linear mg_coarse_ solve converged due to CONVERGED_RTOL iterations 5
    Linear mg_coarse_ solve converged due to CONVERGED_RTOL iterations 5
    Linear mg_coarse_ solve converged due to CONVERGED_RTOL iterations 5
    Linear mg_coarse_ solve converged due to CONVERGED_RTOL iterations 5
    Linear mg_coarse_ solve converged due to CONVERGED_RTOL iterations 5
Linear solve converged due to CONVERGED_RTOL iterations 23
KSP Object: 600 MPI processes
  type: fgmres
    restart=30, using Classical (unmodified) Gram-Schmidt Orthogonalization with no iterative refinement
    happy breakdown tolerance 1e-30
  maximum iterations=10000, initial guess is zero
  tolerances:  relative=1e-08, absolute=1e-50, divergence=10000.
  right preconditioning
  using UNPRECONDITIONED norm type for convergence test
PC Object: 600 MPI processes
  type: mg
    type is MULTIPLICATIVE, levels=2 cycles=v
      Cycles per PCApply=1
      Not using Galerkin computed coarse grid matrices
  Coarse grid solver -- level -------------------------------
    KSP Object: (mg_coarse_) 600 MPI processes
      type: gmres
        restart=30, using Classical (unmodified) Gram-Schmidt Orthogonalization with no iterative refinement
        happy breakdown tolerance 1e-30
      maximum iterations=10000, initial guess is zero
      tolerances:  relative=1e-05, absolute=1e-50, divergence=10000.
      left preconditioning
      using PRECONDITIONED norm type for convergence test
    PC Object: (mg_coarse_) 600 MPI processes
      type: hypre
        HYPRE BoomerAMG preconditioning
          Cycle type V
          Maximum number of levels 25
          Maximum number of iterations PER hypre call 1
          Convergence tolerance PER hypre call 0.
          Threshold for strong coupling 0.25
          Interpolation truncation factor 0.
          Interpolation: max elements per row 0
          Number of levels of aggressive coarsening 0
          Number of paths for aggressive coarsening 1
          Maximum row sums 0.9
          Sweeps down         1
          Sweeps up           1
          Sweeps on coarse    1
          Relax down          symmetric-SOR/Jacobi
          Relax up            symmetric-SOR/Jacobi
          Relax on coarse     Gaussian-elimination
          Relax weight  (all)      1.
          Outer relax weight (all) 1.
          Using CF-relaxation
          Not using more complex smoothers.
          Measure type        local
          Coarsen type        Falgout
          Interpolation type  classical
      linear system matrix = precond matrix:
      Mat Object: 600 MPI processes
        type: mpiaij
        rows=303601, cols=303601
        total: nonzeros=2120801, allocated nonzeros=2120801
        total number of mallocs used during MatSetValues calls=0
          not using I-node (on process 0) routines
  Down solver (pre-smoother) on level 1 -------------------------------
    KSP Object: (mg_levels_1_) 600 MPI processes
      type: chebyshev
        eigenvalue estimates used:  min = 0.198019, max = 2.17821
        eigenvalues estimate via gmres min 0.01463, max 1.98019
        eigenvalues estimated using gmres with translations  [0. 0.1; 0. 1.1]
        KSP Object: (mg_levels_1_esteig_) 600 MPI processes
          type: gmres
            restart=30, using Classical (unmodified) Gram-Schmidt Orthogonalization with no iterative refinement
            happy breakdown tolerance 1e-30
          maximum iterations=10, initial guess is zero
          tolerances:  relative=1e-12, absolute=1e-50, divergence=10000.
          left preconditioning
          using PRECONDITIONED norm type for convergence test
        estimating eigenvalues using noisy right hand side
      maximum iterations=2, nonzero initial guess
      tolerances:  relative=1e-05, absolute=1e-50, divergence=10000.
      left preconditioning
      using NONE norm type for convergence test
    PC Object: (mg_levels_1_) 600 MPI processes
      type: asm
        total subdomain blocks = 600, amount of overlap = 1
        restriction/interpolation type - RESTRICT
        Local solver information for first block is in the following KSP and PC objects on rank 0:
        Use -mg_levels_1_ksp_view ::ascii_info_detail to display information for all blocks
      KSP Object: (mg_levels_1_sub_) 1 MPI processes
        type: preonly
        maximum iterations=10000, initial guess is zero
        tolerances:  relative=1e-05, absolute=1e-50, divergence=10000.
        left preconditioning
        using NONE norm type for convergence test
      PC Object: (mg_levels_1_sub_) 1 MPI processes
        type: lu
          out-of-place factorization
          tolerance for zero pivot 2.22045e-14
          matrix ordering: nd
          factor fill ratio given 0., needed 0.
            Factored matrix follows:
              Mat Object: 1 MPI processes
                type: mumps
                rows=116799, cols=116799
                package used to perform factorization: mumps
                total: nonzeros=10005491, allocated nonzeros=10005491
                  MUMPS run parameters:
                    SYM (matrix type):                   0 
                    PAR (host participation):            1 
                    ICNTL(1) (output for error):         6 
                    ICNTL(2) (output of diagnostic msg): 0 
                    ICNTL(3) (output for global info):   0 
                    ICNTL(4) (level of printing):        0 
                    ICNTL(5) (input mat struct):         0 
                    ICNTL(6) (matrix prescaling):        7 
                    ICNTL(7) (sequential matrix ordering):7 
                    ICNTL(8) (scaling strategy):        77 
                    ICNTL(10) (max num of refinements):  0 
                    ICNTL(11) (error analysis):          0 
                    ICNTL(12) (efficiency control):                         1 
                    ICNTL(13) (sequential factorization of the root node):  0 
                    ICNTL(14) (percentage of estimated workspace increase): 20 
                    ICNTL(18) (input mat struct):                           0 
                    ICNTL(19) (Schur complement info):                      0 
                    ICNTL(20) (RHS sparse pattern):                         0 
                    ICNTL(21) (solution struct):                            0 
                    ICNTL(22) (in-core/out-of-core facility):               0 
                    ICNTL(23) (max size of memory can be allocated locally):0 
                    ICNTL(24) (detection of null pivot rows):               0 
                    ICNTL(25) (computation of a null space basis):          0 
                    ICNTL(26) (Schur options for RHS or solution):          0 
                    ICNTL(27) (blocking size for multiple RHS):             -32 
                    ICNTL(28) (use parallel or sequential ordering):        1 
                    ICNTL(29) (parallel ordering):                          0 
                    ICNTL(30) (user-specified set of entries in inv(A)):    0 
                    ICNTL(31) (factors is discarded in the solve phase):    0 
                    ICNTL(33) (compute determinant):                        0 
                    ICNTL(35) (activate BLR based factorization):           0 
                    ICNTL(36) (choice of BLR factorization variant):        0 
                    ICNTL(38) (estimated compression rate of LU factors):   333 
                    CNTL(1) (relative pivoting threshold):      0.01 
                    CNTL(2) (stopping criterion of refinement): 1.49012e-08 
                    CNTL(3) (absolute pivoting threshold):      0. 
                    CNTL(4) (value of static pivoting):         -1. 
                    CNTL(5) (fixation for null pivots):         0. 
                    CNTL(7) (dropping parameter for BLR):       0. 
                    RINFO(1) (local estimated flops for the elimination after analysis): 
                      [0] 1.57023e+09 
                    RINFO(2) (local estimated flops for the assembly after factorization): 
                      [0]  1.62799e+07 
                    RINFO(3) (local estimated flops for the elimination after factorization): 
                      [0]  1.57023e+09 
                    INFO(15) (estimated size of (in MB) MUMPS internal data for running numerical factorization): 
                    [0] 127 
                    INFO(16) (size of (in MB) MUMPS internal data used during numerical factorization): 
                      [0] 127 
                    INFO(23) (num of pivots eliminated on this processor after factorization): 
                      [0] 116799 
                    RINFOG(1) (global estimated flops for the elimination after analysis): 1.57023e+09 
                    RINFOG(2) (global estimated flops for the assembly after factorization): 1.62799e+07 
                    RINFOG(3) (global estimated flops for the elimination after factorization): 1.57023e+09 
                    (RINFOG(12) RINFOG(13))*2^INFOG(34) (determinant): (0.,0.)*(2^0)
                    INFOG(3) (estimated real workspace for factors on all processors after analysis): 10005491 
                    INFOG(4) (estimated integer workspace for factors on all processors after analysis): 2062761 
                    INFOG(5) (estimated maximum front size in the complete tree): 692 
                    INFOG(6) (number of nodes in the complete tree): 42473 
                    INFOG(7) (ordering option effectively use after analysis): 5 
                    INFOG(8) (structural symmetry in percent of the permuted matrix after analysis): 100 
                    INFOG(9) (total real/complex workspace to store the matrix factors after factorization): 10005491 
                    INFOG(10) (total integer space store the matrix factors after factorization): 2062761 
                    INFOG(11) (order of largest frontal matrix after factorization): 692 
                    INFOG(12) (number of off-diagonal pivots): 0 
                    INFOG(13) (number of delayed pivots after factorization): 0 
                    INFOG(14) (number of memory compress after factorization): 0 
                    INFOG(15) (number of steps of iterative refinement after solution): 0 
                    INFOG(16) (estimated size (in MB) of all MUMPS internal data for factorization after analysis: value on the most memory consuming processor): 127 
                    INFOG(17) (estimated size of all MUMPS internal data for factorization after analysis: sum over all processors): 127 
                    INFOG(18) (size of all MUMPS internal data allocated during factorization: value on the most memory consuming processor): 127 
                    INFOG(19) (size of all MUMPS internal data allocated during factorization: sum over all processors): 127 
                    INFOG(20) (estimated number of entries in the factors): 10005491 
                    INFOG(21) (size in MB of memory effectively used during factorization - value on the most memory consuming processor): 111 
                    INFOG(22) (size in MB of memory effectively used during factorization - sum over all processors): 111 
                    INFOG(23) (after analysis: value of ICNTL(6) effectively used): 0 
                    INFOG(24) (after analysis: value of ICNTL(12) effectively used): 1 
                    INFOG(25) (after factorization: number of pivots modified by static pivoting): 0 
                    INFOG(28) (after factorization: number of null pivots encountered): 0
                    INFOG(29) (after factorization: effective number of entries in the factors (sum over all processors)): 10005491
                    INFOG(30, 31) (after solution: size in Mbytes of memory used during solution phase): 126, 126
                    INFOG(32) (after analysis: type of analysis done): 1
                    INFOG(33) (value used for ICNTL(8)): 7
                    INFOG(34) (exponent of the determinant if determinant is requested): 0
                    INFOG(35) (after factorization: number of entries taking into account BLR factor compression - sum over all processors): 10005491
                    INFOG(36) (after analysis: estimated size of all MUMPS internal data for running BLR in-core - value on the most memory consuming processor): 0 
                    INFOG(37) (after analysis: estimated size of all MUMPS internal data for running BLR in-core - sum over all processors): 0 
                    INFOG(38) (after analysis: estimated size of all MUMPS internal data for running BLR out-of-core - value on the most memory consuming processor): 0 
                    INFOG(39) (after analysis: estimated size of all MUMPS internal data for running BLR out-of-core - sum over all processors): 0 
        linear system matrix = precond matrix:
        Mat Object: (mg_levels_1_sub_) 1 MPI processes
          type: seqaij
          rows=116799, cols=116799
          total: nonzeros=814345, allocated nonzeros=814345
          total number of mallocs used during MatSetValues calls=0
            not using I-node routines
      linear system matrix = precond matrix:
      Mat Object: 600 MPI processes
        type: mpiaij
        rows=68079001, cols=68079001
        total: nonzeros=476487001, allocated nonzeros=476487001
        total number of mallocs used during MatSetValues calls=0
          not using I-node (on process 0) routines
  Up solver (post-smoother) same as down solver (pre-smoother)
  linear system matrix = precond matrix:
  Mat Object: 600 MPI processes
    type: mpiaij
    rows=68079001, cols=68079001
    total: nonzeros=476487001, allocated nonzeros=476487001
    total number of mallocs used during MatSetValues calls=0
      not using I-node (on process 0) routines
time taken for solve is23.0301
************************************************************************************************************************
***             WIDEN YOUR WINDOW TO 120 CHARACTERS.  Use 'enscript -r -fCourier9' to print this document            ***
************************************************************************************************************************

---------------------------------------------- PETSc Performance Summary: ----------------------------------------------

/home/sudhipv/packages/FreeFem-sources/src/mpi/FreeFem++-mpi on a  named bc11936.int.ets1.calculquebec.ca with 600 processors, by sudhipv Thu Dec 15 11:37:56 2022
Using Petsc Release Version 3.15.1, Jun 17, 2021 

                         Max       Max/Min     Avg       Total
Time (sec):           2.311e+01     1.000   2.311e+01
Objects:              1.840e+02     1.000   1.840e+02
Flop:                 3.351e+11     1.416   2.942e+11  1.765e+14
Flop/sec:             1.450e+10     1.416   1.273e+10  7.638e+12
MPI Messages:         3.647e+03     4.491   2.296e+03  1.378e+06
MPI Message Lengths:  1.635e+07     3.130   5.589e+03  7.701e+09
MPI Reductions:       3.940e+02     1.000

Flop counting convention: 1 flop = 1 real number operation of type (multiply/divide/add/subtract)
                            e.g., VecAXPY() for real vectors of length N --> 2N flop
                            and VecAXPY() for complex vectors of length N --> 8N flop

Summary of Stages:   ----- Time ------  ----- Flop ------  --- Messages ---  -- Message Lengths --  -- Reductions --
                        Avg     %Total     Avg     %Total    Count   %Total     Avg         %Total    Count   %Total
 0:      Main Stage: 2.3110e+01 100.0%  1.7651e+14 100.0%  1.378e+06 100.0%  5.589e+03      100.0%  3.760e+02  95.4%

------------------------------------------------------------------------------------------------------------------------
See the 'Profiling' chapter of the users' manual for details on interpreting output.
Phase summary info:
   Count: number of times phase was executed
   Time and Flop: Max - maximum over all processors
                  Ratio - ratio of maximum to minimum over all processors
   Mess: number of messages sent
   AvgLen: average message length (bytes)
   Reduct: number of global reductions
   Global: entire computation
   Stage: stages of a computation. Set stages with PetscLogStagePush() and PetscLogStagePop().
      %T - percent time in this phase         %F - percent flop in this phase
      %M - percent messages in this phase     %L - percent message lengths in this phase
      %R - percent reductions in this phase
   Total Mflop/s: 10e-6 * (sum of flop over all processors)/(max time over all processors)
------------------------------------------------------------------------------------------------------------------------
Event                Count      Time (sec)     Flop                              --- Global ---  --- Stage ----  Total
                   Max Ratio  Max     Ratio   Max  Ratio  Mess   AvgLen  Reduct  %T %F %M %L %R  %T %F %M %L %R Mflop/s
------------------------------------------------------------------------------------------------------------------------

--- Event Stage 0: Main Stage

BuildTwoSided          7 1.0 3.1990e-01133.9 0.00e+00 0.0 1.0e+04 4.0e+00 5.0e+00  1  0  1  0  1   1  0  1  0  1     0
BuildTwoSidedF         2 1.0 4.1133e-03 6.7 0.00e+00 0.0 0.0e+00 0.0e+00 2.0e+00  0  0  0  0  1   0  0  0  0  1     0
MatMult              263 1.0 1.5993e+00 5.6 1.90e+08 1.1 9.1e+05 1.1e+03 2.0e+00  3  0 66 13  1   3  0 66 13  1 69445
MatMultAdd            23 1.0 9.1845e-02 1.3 5.37e+06 1.1 7.8e+04 4.5e+02 0.0e+00  0  0  6  0  0   0  0  6  0  0 34097
MatMultTranspose      23 1.0 6.4857e-0111.1 0.00e+00 0.0 7.8e+04 6.8e+04 0.0e+00  1  0  6 69  0   1  0  6 69  0     0
MatSolve             103 1.0 1.0744e+01 1.2 3.35e+11 1.4 0.0e+00 0.0e+00 0.0e+00 41100  0  0  0  41100  0  0  0 16405619
MatLUFactorSym         1 1.0 9.4974e-01 1.1 0.00e+00 0.0 0.0e+00 0.0e+00 0.0e+00  4  0  0  0  0   4  0  0  0  0     0
MatLUFactorNum         1 1.0 7.1318e-01 1.5 1.70e+07 1.2 0.0e+00 0.0e+00 0.0e+00  2  0  0  0  0   2  0  0  0  0 13466
MatConvert             1 1.0 2.7933e-03 1.1 0.00e+00 0.0 0.0e+00 0.0e+00 4.0e+00  0  0  0  0  1   0  0  0  0  1     0
MatResidual           23 1.0 6.1083e-0119.3 3.75e+07 1.1 7.8e+04 2.1e+03 0.0e+00  1  0  6  2  0   1  0  6  2  0 35883
MatAssemblyBegin       6 1.0 4.2005e-03 6.2 0.00e+00 0.0 0.0e+00 0.0e+00 2.0e+00  0  0  0  0  1   0  0  0  0  1     0
MatAssemblyEnd         6 1.0 3.8399e-01 9.6 0.00e+00 0.0 0.0e+00 0.0e+00 1.2e+01  1  0  0  0  3   1  0  0  0  3     0
MatGetRowIJ            3 1.0 6.3542e-03 1.7 0.00e+00 0.0 0.0e+00 0.0e+00 0.0e+00  0  0  0  0  0   0  0  0  0  0     0
MatCreateSubMats       1 1.0 5.9608e-02 1.2 0.00e+00 0.0 1.7e+04 4.9e+03 1.0e+00  0  0  1  1  0   0  0  1  1  0     0
MatGetOrdering         1 1.0 8.7763e-02 1.2 0.00e+00 0.0 0.0e+00 0.0e+00 0.0e+00  0  0  0  0  0   0  0  0  0  0     0
MatIncreaseOvrlp       1 1.0 3.0292e-02 1.4 0.00e+00 0.0 0.0e+00 0.0e+00 1.0e+00  0  0  0  0  0   0  0  0  0  0     0
MatView                5 1.7 2.3634e-02 1.7 0.00e+00 0.0 0.0e+00 0.0e+00 3.0e+00  0  0  0  0  1   0  0  0  0  1     0
VecMDot              148 1.0 1.1246e+00 2.6 7.76e+07 1.1 0.0e+00 0.0e+00 1.5e+02  4  0  0  0 38   4  0  0  0 39 40262
VecNorm              173 1.0 1.7460e-01 1.4 8.32e+06 1.1 0.0e+00 0.0e+00 1.7e+02  1  0  0  0 44   1  0  0  0 46 27775
VecScale             219 1.0 2.5089e-03 1.9 4.16e+06 1.1 0.0e+00 0.0e+00 0.0e+00  0  0  0  0  0   0  0  0  0  0 966406
VecCopy              197 1.0 3.8438e-02 1.4 0.00e+00 0.0 0.0e+00 0.0e+00 0.0e+00  0  0  0  0  0   0  0  0  0  0     0
VecSet               549 1.0 7.2675e-02 1.3 0.00e+00 0.0 0.0e+00 0.0e+00 0.0e+00  0  0  0  0  0   0  0  0  0  0     0
VecAXPY               48 1.0 1.6038e-02 4.2 5.86e+06 1.1 0.0e+00 0.0e+00 0.0e+00  0  0  0  0  0   0  0  0  0  0 213112
VecAYPX              138 1.0 3.5230e-02 1.4 2.15e+07 1.1 0.0e+00 0.0e+00 0.0e+00  0  0  0  0  0   0  0  0  0  0 355568
VecAXPBYCZ            46 1.0 1.7249e-02 2.0 2.68e+07 1.1 0.0e+00 0.0e+00 0.0e+00  0  0  0  0  0   0  0  0  0  0 907782
VecMAXPY             173 1.0 9.3833e-02 1.2 8.54e+07 1.1 0.0e+00 0.0e+00 0.0e+00  0  0  0  0  0   0  0  0  0  0 531168
VecScatterBegin      652 1.0 4.3053e-01 3.8 0.00e+00 0.0 1.2e+06 1.4e+03 3.0e+00  1  0 86 22  1   1  0 86 22  1     0
VecScatterEnd        652 1.0 1.4021e+00116.0 0.00e+00 0.0 0.0e+00 0.0e+00 0.0e+00  2  0  0  0  0   2  0  0  0  0     0
VecNormalize         149 1.0 1.1070e-01 2.0 4.08e+06 1.1 0.0e+00 0.0e+00 1.5e+02  0  0  0  0 38   0  0  0  0 40 21429
SFSetGraph             5 1.0 3.4391e-04 1.7 0.00e+00 0.0 0.0e+00 0.0e+00 0.0e+00  0  0  0  0  0   0  0  0  0  0     0
SFSetUp                5 1.0 3.2976e-0125.7 0.00e+00 0.0 2.0e+04 3.7e+02 3.0e+00  1  0  1  0  1   1  0  1  0  1     0
SFReduceBegin        103 1.0 2.3400e-02 1.9 0.00e+00 0.0 0.0e+00 0.0e+00 0.0e+00  0  0  0  0  0   0  0  0  0  0     0
SFReduceEnd          103 1.0 1.1616e-04 1.9 0.00e+00 0.0 0.0e+00 0.0e+00 0.0e+00  0  0  0  0  0   0  0  0  0  0     0
SFPack               652 1.0 2.7066e-03 2.3 0.00e+00 0.0 0.0e+00 0.0e+00 0.0e+00  0  0  0  0  0   0  0  0  0  0     0
SFUnpack             652 1.0 6.7321e-0350.0 0.00e+00 0.0 0.0e+00 0.0e+00 0.0e+00  0  0  0  0  0   0  0  0  0  0     0
KSPSetUp               3 1.0 3.4593e+00 1.0 3.58e+10 1.4 1.0e+05 2.4e+03 3.8e+01 15 11  7  3 10  15 11  7  3 10 5452303
KSPSolve               1 1.0 1.1821e+01 1.0 2.99e+11 1.4 1.3e+06 5.5e+03 3.0e+02 51 89 91 89 76  51 89 91 89 80 13337178
KSPGMRESOrthog       148 1.0 1.2021e+00 2.3 1.55e+08 1.1 0.0e+00 0.0e+00 1.5e+02  4  0  0  0 38   4  0  0  0 39 75329
PCSetUp                1 1.0 3.5043e+00 1.0 3.58e+10 1.4 1.0e+05 2.4e+03 4.2e+01 15 11  7  3 11  15 11  7  3 11 5382224
PCSetUpOnBlocks       47 1.0 1.7588e+00 1.2 1.70e+07 1.2 0.0e+00 0.0e+00 0.0e+00  7  0  0  0  0   7  0  0  0  0  5460
PCApply               23 1.0 1.1264e+01 1.1 2.99e+11 1.4 1.2e+06 5.7e+03 2.5e+02 47 89 86 87 64  47 89 86 87 68 13986939
PCApplyOnBlocks      103 1.0 1.0764e+01 1.2 3.35e+11 1.4 0.0e+00 0.0e+00 0.0e+00 41100  0  0  0  41100  0  0  0 16375396
------------------------------------------------------------------------------------------------------------------------

Memory usage is given in bytes:

Object Type          Creations   Destructions     Memory  Descendants' Mem.
Reports information only for process 0.

--- Event Stage 0: Main Stage

              Matrix    12             12     42777884     0.
              Vector   123            123     89990024     0.
           Index Set    15             15      3428524     0.
   IS L to G Mapping     1              1      3254832     0.
   Star Forest Graph    11             11        12336     0.
       Krylov Solver     5              5        72224     0.
      Preconditioner     5              5         5984     0.
              Viewer     3              2         1680     0.
    Distributed Mesh     3              3        15120     0.
     Discrete System     3              3         2688     0.
           Weak Form     3              3         2448     0.
========================================================================================================================
Average time to get PetscTime(): 2.5332e-08
Average time for MPI_Barrier(): 9.59316e-06
Average time for zero size MPI_Send(): 2.58622e-06
#PETSc Option Table entries:
-ksp_converged_reason
-ksp_pc_side right
-ksp_rtol 1e-8
-ksp_type fgmres
-ksp_view
-log_view
-m 550
-mg_coarse_ksp_converged_reason
-mg_coarse_ksp_type gmres
-mg_coarse_pc_type hypre
-mg_levels_pc_type asm
-mg_levels_sub_pc_factor_mat_solver_type mumps
-mg_levels_sub_pc_type lu
-n 550
-nw
-pc_mg_type multiplicative
-pc_type mg
#End of PETSc Option Table entries
Compiled without FORTRAN kernels
Compiled with full precision matrices (default)
sizeof(short) 2 sizeof(int) 4 sizeof(long) 8 sizeof(void*) 8 sizeof(PetscScalar) 8 sizeof(PetscInt) 4
Configure options: --prefix=/home/sudhipv/packages/FreeFem-sources/install/ff-petsc/r MAKEFLAGS= --with-debugging=0 COPTFLAGS="-O3 -mtune=native" CXXOPTFLAGS="-O3 -mtune=native" FOPTFLAGS="-O3 -mtune=native" --with-cxx-dialect=C++11 --with-ssl=0 --with-x=0 --with-fortran-bindings=0 --with-cudac=0 --with-cc=/cvmfs/soft.computecanada.ca/easybuild/software/2020/avx512/Compiler/intel2020/intelmpi/2019.7.217/intel64/bin/mpicc --with-cxx=/cvmfs/soft.computecanada.ca/easybuild/software/2020/avx512/Compiler/intel2020/intelmpi/2019.7.217/intel64/bin/mpicxx --with-fc=/cvmfs/soft.computecanada.ca/easybuild/software/2020/avx512/Compiler/intel2020/intelmpi/2019.7.217/intel64/bin/mpif90 --with-scalar-type=real --with-blaslapack-include=/cvmfs/soft.computecanada.ca/easybuild/software/2020/Core/imkl/2020.1.217/mkl/include --with-blaslapack-lib="-Wl,-rpath,/cvmfs/soft.computecanada.ca/easybuild/software/2020/Core/imkl/2020.1.217/mkl/lib/intel64 -L/cvmfs/soft.computecanada.ca/easybuild/software/2020/Core/imkl/2020.1.217/mkl/lib/intel64 -lmkl_rt -lmkl_intel_thread -lmkl_core  -liomp5 -lpthread" --download-metis --download-ptscotch --download-hypre --download-parmetis --download-mmg --download-parmmg --download-superlu --download-suitesparse --download-tetgen --download-slepc --download-hpddm --download-scalapack --download-mumps --download-slepc-configure-arguments=--download-arpack=https://github.com/prj-/arpack-ng/archive/b64dccb.tar.gz PETSC_ARCH=fr
-----------------------------------------
Libraries compiled on 2021-08-23 08:47:39 on beluga4.int.ets1.calculquebec.ca 
Machine characteristics: Linux-3.10.0-1160.36.2.el7.x86_64-x86_64-with-centos-7.9.2009-Core
Using PETSc directory: /home/sudhipv/packages/FreeFem-sources/install/ff-petsc/r
Using PETSc arch: 
-----------------------------------------

Using C compiler: /cvmfs/soft.computecanada.ca/easybuild/software/2020/avx512/Compiler/intel2020/intelmpi/2019.7.217/intel64/bin/mpicc  -fPIC -wd1572 -O3 -mtune=native   
Using Fortran compiler: /cvmfs/soft.computecanada.ca/easybuild/software/2020/avx512/Compiler/intel2020/intelmpi/2019.7.217/intel64/bin/mpif90  -fPIC -O3 -mtune=native     
-----------------------------------------

Using include paths: -I/home/sudhipv/packages/FreeFem-sources/install/ff-petsc/r/include -I/cvmfs/soft.computecanada.ca/easybuild/software/2020/Core/imkl/2020.1.217/mkl/include
-----------------------------------------

Using C linker: /cvmfs/soft.computecanada.ca/easybuild/software/2020/avx512/Compiler/intel2020/intelmpi/2019.7.217/intel64/bin/mpicc
Using Fortran linker: /cvmfs/soft.computecanada.ca/easybuild/software/2020/avx512/Compiler/intel2020/intelmpi/2019.7.217/intel64/bin/mpif90
Using libraries: -Wl,-rpath,/home/sudhipv/packages/FreeFem-sources/install/ff-petsc/r/lib -L/home/sudhipv/packages/FreeFem-sources/install/ff-petsc/r/lib -lpetsc -Wl,-rpath,/home/sudhipv/packages/FreeFem-sources/install/ff-petsc/r/lib -L/home/sudhipv/packages/FreeFem-sources/install/ff-petsc/r/lib -Wl,-rpath,/cvmfs/soft.computecanada.ca/easybuild/software/2020/Core/imkl/2020.1.217/mkl/lib/intel64 -L/cvmfs/soft.computecanada.ca/easybuild/software/2020/Core/imkl/2020.1.217/mkl/lib/intel64 -Wl,-rpath,/cvmfs/soft.computecanada.ca/easybuild/software/2020/avx512/Compiler/intel2020/intelmpi/2019.7.217/intel64/lib/release -L/cvmfs/soft.computecanada.ca/easybuild/software/2020/avx512/Compiler/intel2020/intelmpi/2019.7.217/intel64/lib/release -Wl,-rpath,/cvmfs/soft.computecanada.ca/easybuild/software/2020/avx512/Compiler/intel2020/intelmpi/2019.7.217/intel64/lib -L/cvmfs/soft.computecanada.ca/easybuild/software/2020/avx512/Compiler/intel2020/intelmpi/2019.7.217/intel64/lib -Wl,-rpath,/cvmfs/soft.computecanada.ca/easybuild/software/2020/avx512/Compiler/intel2020/intelmpi/2019.7.217/intel64/libfabric/lib -L/cvmfs/soft.computecanada.ca/easybuild/software/2020/avx512/Compiler/intel2020/intelmpi/2019.7.217/intel64/libfabric/lib -Wl,-rpath,/cvmfs/soft.computecanada.ca/easybuild/software/2020/avx512/Compiler/intel2020/intelmpi/2019.7.217/intel64/lib/release_mt -L/cvmfs/soft.computecanada.ca/easybuild/software/2020/avx512/Compiler/intel2020/intelmpi/2019.7.217/intel64/lib/release_mt -Wl,-rpath,/cvmfs/soft.computecanada.ca/easybuild/software/2020/avx512/Core/ucx/1.8.0/lib -L/cvmfs/soft.computecanada.ca/easybuild/software/2020/avx512/Core/ucx/1.8.0/lib -Wl,-rpath,/cvmfs/soft.computecanada.ca/easybuild/software/2020/Core/imkl/2020.1.217/lib/intel64 -L/cvmfs/soft.computecanada.ca/easybuild/software/2020/Core/imkl/2020.1.217/lib/intel64 -Wl,-rpath,/cvmfs/restricted.computecanada.ca/easybuild/software/2020/Core/intel/2020.1.217/compilers_and_libraries_2020.1.217/linux/tbb/lib/intel64/gcc4.8 -L/cvmfs/restricted.computecanada.ca/easybuild/software/2020/Core/intel/2020.1.217/compilers_and_libraries_2020.1.217/linux/tbb/lib/intel64/gcc4.8 -Wl,-rpath,/cvmfs/restricted.computecanada.ca/easybuild/software/2020/Core/intel/2020.1.217/compilers_and_libraries_2020.1.217/linux/compiler/lib/intel64_lin -L/cvmfs/restricted.computecanada.ca/easybuild/software/2020/Core/intel/2020.1.217/compilers_and_libraries_2020.1.217/linux/compiler/lib/intel64_lin -Wl,-rpath,/cvmfs/soft.computecanada.ca/easybuild/software/2020/Core/gcccore/9.3.0/lib/gcc/x86_64-pc-linux-gnu/9.3.0 -L/cvmfs/soft.computecanada.ca/easybuild/software/2020/Core/gcccore/9.3.0/lib/gcc/x86_64-pc-linux-gnu/9.3.0 -Wl,-rpath,/cvmfs/soft.computecanada.ca/easybuild/software/2020/Core/gcccore/9.3.0/lib64 -L/cvmfs/soft.computecanada.ca/easybuild/software/2020/Core/gcccore/9.3.0/lib64 -Wl,-rpath,/cvmfs/soft.computecanada.ca/gentoo/2020/lib64 -L/cvmfs/soft.computecanada.ca/gentoo/2020/lib64 -Wl,-rpath,/cvmfs/soft.computecanada.ca/gentoo/2020/usr/lib64 -L/cvmfs/soft.computecanada.ca/gentoo/2020/usr/lib64 -Wl,-rpath,/cvmfs/soft.computecanada.ca/easybuild/software/2020/Core/gcccore/9.3.0/lib -L/cvmfs/soft.computecanada.ca/easybuild/software/2020/Core/gcccore/9.3.0/lib -Wl,-rpath,/cvmfs/soft.computecanada.ca/gentoo/2020/lib -L/cvmfs/soft.computecanada.ca/gentoo/2020/lib -Wl,-rpath,/cvmfs/soft.computecanada.ca/gentoo/2020/usr/lib -L/cvmfs/soft.computecanada.ca/gentoo/2020/usr/lib -lHYPRE -lcmumps -ldmumps -lsmumps -lzmumps -lmumps_common -lpord -lscalapack -lumfpack -lklu -lcholmod -lbtf -lccolamd -lcolamd -lcamd -lamd -lsuitesparseconfig -lsuperlu -lmkl_rt -lmkl_intel_thread -lmkl_core -liomp5 -lpthread -lparmmg -lmmg -lmmg3d -lptesmumps -lptscotchparmetis -lptscotch -lptscotcherr -lesmumps -lscotch -lscotcherr -lparmetis -lmetis -ltet -lstdc++ -ldl -lmpifort -lmpi -lrt -lpthread -lifport -lifcoremt_pic -limf -lsvml -lm -lipgo -lirc -lgcc_s -lirc_s -lrt -lquadmath -lstdc++ -ldl
-----------------------------------------

