
Lmod is automatically replacing "openmpi/4.0.3" with "intelmpi/2019.7.217".

/cvmfs/soft.computecanada.ca/easybuild/software/2020/avx512/Compiler/intel2020/intelmpi/2019.7.217/intel64/bin/mpiexec
/cvmfs/soft.computecanada.ca/easybuild/software/2020/avx512/Compiler/intel2020/intelmpi/2019.7.217/intel64/bin/mpirun
Number of Vertices for coarse mesh in process  0  5067001
time taken before solve is55.2286
    Linear mg_coarse_ solve converged due to CONVERGED_RTOL iterations 5
    Linear mg_coarse_ solve converged due to CONVERGED_RTOL iterations 5
    Linear mg_coarse_ solve converged due to CONVERGED_RTOL iterations 5
    Linear mg_coarse_ solve converged due to CONVERGED_RTOL iterations 5
    Linear mg_coarse_ solve converged due to CONVERGED_RTOL iterations 5
    Linear mg_coarse_ solve converged due to CONVERGED_RTOL iterations 5
    Linear mg_coarse_ solve converged due to CONVERGED_RTOL iterations 5
    Linear mg_coarse_ solve converged due to CONVERGED_RTOL iterations 5
    Linear mg_coarse_ solve converged due to CONVERGED_RTOL iterations 5
    Linear mg_coarse_ solve converged due to CONVERGED_RTOL iterations 5
    Linear mg_coarse_ solve converged due to CONVERGED_RTOL iterations 5
    Linear mg_coarse_ solve converged due to CONVERGED_RTOL iterations 6
    Linear mg_coarse_ solve converged due to CONVERGED_RTOL iterations 5
    Linear mg_coarse_ solve converged due to CONVERGED_RTOL iterations 5
    Linear mg_coarse_ solve converged due to CONVERGED_RTOL iterations 6
    Linear mg_coarse_ solve converged due to CONVERGED_RTOL iterations 5
    Linear mg_coarse_ solve converged due to CONVERGED_RTOL iterations 5
    Linear mg_coarse_ solve converged due to CONVERGED_RTOL iterations 5
    Linear mg_coarse_ solve converged due to CONVERGED_RTOL iterations 5
Linear solve converged due to CONVERGED_RTOL iterations 19
KSP Object: 600 MPI processes
  type: fgmres
    restart=30, using Classical (unmodified) Gram-Schmidt Orthogonalization with no iterative refinement
    happy breakdown tolerance 1e-30
  maximum iterations=10000, initial guess is zero
  tolerances:  relative=1e-08, absolute=1e-50, divergence=10000.
  right preconditioning
  using UNPRECONDITIONED norm type for convergence test
PC Object: 600 MPI processes
  type: mg
    type is MULTIPLICATIVE, levels=2 cycles=v
      Cycles per PCApply=1
      Not using Galerkin computed coarse grid matrices
  Coarse grid solver -- level -------------------------------
    KSP Object: (mg_coarse_) 600 MPI processes
      type: gmres
        restart=30, using Classical (unmodified) Gram-Schmidt Orthogonalization with no iterative refinement
        happy breakdown tolerance 1e-30
      maximum iterations=10000, initial guess is zero
      tolerances:  relative=1e-05, absolute=1e-50, divergence=10000.
      left preconditioning
      using PRECONDITIONED norm type for convergence test
    PC Object: (mg_coarse_) 600 MPI processes
      type: hypre
        HYPRE BoomerAMG preconditioning
          Cycle type V
          Maximum number of levels 25
          Maximum number of iterations PER hypre call 1
          Convergence tolerance PER hypre call 0.
          Threshold for strong coupling 0.25
          Interpolation truncation factor 0.
          Interpolation: max elements per row 0
          Number of levels of aggressive coarsening 0
          Number of paths for aggressive coarsening 1
          Maximum row sums 0.9
          Sweeps down         1
          Sweeps up           1
          Sweeps on coarse    1
          Relax down          symmetric-SOR/Jacobi
          Relax up            symmetric-SOR/Jacobi
          Relax on coarse     Gaussian-elimination
          Relax weight  (all)      1.
          Outer relax weight (all) 1.
          Using CF-relaxation
          Not using more complex smoothers.
          Measure type        local
          Coarsen type        Falgout
          Interpolation type  classical
      linear system matrix = precond matrix:
      Mat Object: 600 MPI processes
        type: mpiaij
        rows=5067001, cols=5067001
        total: nonzeros=35451001, allocated nonzeros=35451001
        total number of mallocs used during MatSetValues calls=0
          not using I-node (on process 0) routines
  Down solver (pre-smoother) on level 1 -------------------------------
    KSP Object: (mg_levels_1_) 600 MPI processes
      type: chebyshev
        eigenvalue estimates used:  min = 0.198968, max = 2.18865
        eigenvalues estimate via gmres min 0.00921103, max 1.98968
        eigenvalues estimated using gmres with translations  [0. 0.1; 0. 1.1]
        KSP Object: (mg_levels_1_esteig_) 600 MPI processes
          type: gmres
            restart=30, using Classical (unmodified) Gram-Schmidt Orthogonalization with no iterative refinement
            happy breakdown tolerance 1e-30
          maximum iterations=10, initial guess is zero
          tolerances:  relative=1e-12, absolute=1e-50, divergence=10000.
          left preconditioning
          using PRECONDITIONED norm type for convergence test
        estimating eigenvalues using noisy right hand side
      maximum iterations=2, nonzero initial guess
      tolerances:  relative=1e-05, absolute=1e-50, divergence=10000.
      left preconditioning
      using NONE norm type for convergence test
    PC Object: (mg_levels_1_) 600 MPI processes
      type: asm
        total subdomain blocks = 600, amount of overlap = 1
        restriction/interpolation type - RESTRICT
        Local solver information for first block is in the following KSP and PC objects on rank 0:
        Use -mg_levels_1_ksp_view ::ascii_info_detail to display information for all blocks
      KSP Object: (mg_levels_1_sub_) 1 MPI processes
        type: preonly
        maximum iterations=10000, initial guess is zero
        tolerances:  relative=1e-05, absolute=1e-50, divergence=10000.
        left preconditioning
        using NONE norm type for convergence test
      PC Object: (mg_levels_1_sub_) 1 MPI processes
        type: lu
          out-of-place factorization
          tolerance for zero pivot 2.22045e-14
          matrix ordering: nd
          factor fill ratio given 0., needed 0.
            Factored matrix follows:
              Mat Object: 1 MPI processes
                type: mumps
                rows=846428, cols=846428
                package used to perform factorization: mumps
                total: nonzeros=88281650, allocated nonzeros=88281650
                  MUMPS run parameters:
                    SYM (matrix type):                   0 
                    PAR (host participation):            1 
                    ICNTL(1) (output for error):         6 
                    ICNTL(2) (output of diagnostic msg): 0 
                    ICNTL(3) (output for global info):   0 
                    ICNTL(4) (level of printing):        0 
                    ICNTL(5) (input mat struct):         0 
                    ICNTL(6) (matrix prescaling):        7 
                    ICNTL(7) (sequential matrix ordering):7 
                    ICNTL(8) (scaling strategy):        77 
                    ICNTL(10) (max num of refinements):  0 
                    ICNTL(11) (error analysis):          0 
                    ICNTL(12) (efficiency control):                         1 
                    ICNTL(13) (sequential factorization of the root node):  0 
                    ICNTL(14) (percentage of estimated workspace increase): 20 
                    ICNTL(18) (input mat struct):                           0 
                    ICNTL(19) (Schur complement info):                      0 
                    ICNTL(20) (RHS sparse pattern):                         0 
                    ICNTL(21) (solution struct):                            0 
                    ICNTL(22) (in-core/out-of-core facility):               0 
                    ICNTL(23) (max size of memory can be allocated locally):0 
                    ICNTL(24) (detection of null pivot rows):               0 
                    ICNTL(25) (computation of a null space basis):          0 
                    ICNTL(26) (Schur options for RHS or solution):          0 
                    ICNTL(27) (blocking size for multiple RHS):             -32 
                    ICNTL(28) (use parallel or sequential ordering):        1 
                    ICNTL(29) (parallel ordering):                          0 
                    ICNTL(30) (user-specified set of entries in inv(A)):    0 
                    ICNTL(31) (factors is discarded in the solve phase):    0 
                    ICNTL(33) (compute determinant):                        0 
                    ICNTL(35) (activate BLR based factorization):           0 
                    ICNTL(36) (choice of BLR factorization variant):        0 
                    ICNTL(38) (estimated compression rate of LU factors):   333 
                    CNTL(1) (relative pivoting threshold):      0.01 
                    CNTL(2) (stopping criterion of refinement): 1.49012e-08 
                    CNTL(3) (absolute pivoting threshold):      0. 
                    CNTL(4) (value of static pivoting):         -1. 
                    CNTL(5) (fixation for null pivots):         0. 
                    CNTL(7) (dropping parameter for BLR):       0. 
                    RINFO(1) (local estimated flops for the elimination after analysis): 
                      [0] 2.73761e+10 
                    RINFO(2) (local estimated flops for the assembly after factorization): 
                      [0]  1.56431e+08 
                    RINFO(3) (local estimated flops for the elimination after factorization): 
                      [0]  2.73761e+10 
                    INFO(15) (estimated size of (in MB) MUMPS internal data for running numerical factorization): 
                    [0] 1065 
                    INFO(16) (size of (in MB) MUMPS internal data used during numerical factorization): 
                      [0] 1065 
                    INFO(23) (num of pivots eliminated on this processor after factorization): 
                      [0] 846428 
                    RINFOG(1) (global estimated flops for the elimination after analysis): 2.73761e+10 
                    RINFOG(2) (global estimated flops for the assembly after factorization): 1.56431e+08 
                    RINFOG(3) (global estimated flops for the elimination after factorization): 2.73761e+10 
                    (RINFOG(12) RINFOG(13))*2^INFOG(34) (determinant): (0.,0.)*(2^0)
                    INFOG(3) (estimated real workspace for factors on all processors after analysis): 88281650 
                    INFOG(4) (estimated integer workspace for factors on all processors after analysis): 15117404 
                    INFOG(5) (estimated maximum front size in the complete tree): 1570 
                    INFOG(6) (number of nodes in the complete tree): 305596 
                    INFOG(7) (ordering option effectively use after analysis): 5 
                    INFOG(8) (structural symmetry in percent of the permuted matrix after analysis): 100 
                    INFOG(9) (total real/complex workspace to store the matrix factors after factorization): 88281650 
                    INFOG(10) (total integer space store the matrix factors after factorization): 15117404 
                    INFOG(11) (order of largest frontal matrix after factorization): 1570 
                    INFOG(12) (number of off-diagonal pivots): 0 
                    INFOG(13) (number of delayed pivots after factorization): 0 
                    INFOG(14) (number of memory compress after factorization): 0 
                    INFOG(15) (number of steps of iterative refinement after solution): 0 
                    INFOG(16) (estimated size (in MB) of all MUMPS internal data for factorization after analysis: value on the most memory consuming processor): 1065 
                    INFOG(17) (estimated size of all MUMPS internal data for factorization after analysis: sum over all processors): 1065 
                    INFOG(18) (size of all MUMPS internal data allocated during factorization: value on the most memory consuming processor): 1065 
                    INFOG(19) (size of all MUMPS internal data allocated during factorization: sum over all processors): 1065 
                    INFOG(20) (estimated number of entries in the factors): 88281650 
                    INFOG(21) (size in MB of memory effectively used during factorization - value on the most memory consuming processor): 922 
                    INFOG(22) (size in MB of memory effectively used during factorization - sum over all processors): 922 
                    INFOG(23) (after analysis: value of ICNTL(6) effectively used): 0 
                    INFOG(24) (after analysis: value of ICNTL(12) effectively used): 1 
                    INFOG(25) (after factorization: number of pivots modified by static pivoting): 0 
                    INFOG(28) (after factorization: number of null pivots encountered): 0
                    INFOG(29) (after factorization: effective number of entries in the factors (sum over all processors)): 88281650
                    INFOG(30, 31) (after solution: size in Mbytes of memory used during solution phase): 1057, 1057
                    INFOG(32) (after analysis: type of analysis done): 1
                    INFOG(33) (value used for ICNTL(8)): 7
                    INFOG(34) (exponent of the determinant if determinant is requested): 0
                    INFOG(35) (after factorization: number of entries taking into account BLR factor compression - sum over all processors): 88281650
                    INFOG(36) (after analysis: estimated size of all MUMPS internal data for running BLR in-core - value on the most memory consuming processor): 0 
                    INFOG(37) (after analysis: estimated size of all MUMPS internal data for running BLR in-core - sum over all processors): 0 
                    INFOG(38) (after analysis: estimated size of all MUMPS internal data for running BLR out-of-core - value on the most memory consuming processor): 0 
                    INFOG(39) (after analysis: estimated size of all MUMPS internal data for running BLR out-of-core - sum over all processors): 0 
        linear system matrix = precond matrix:
        Mat Object: (mg_levels_1_sub_) 1 MPI processes
          type: seqaij
          rows=846428, cols=846428
          total: nonzeros=5915676, allocated nonzeros=5915676
          total number of mallocs used during MatSetValues calls=0
            not using I-node routines
      linear system matrix = precond matrix:
      Mat Object: 600 MPI processes
        type: mpiaij
        rows=506295001, cols=506295001
        total: nonzeros=3543885001, allocated nonzeros=3543885001
        total number of mallocs used during MatSetValues calls=0
          not using I-node (on process 0) routines
  Up solver (post-smoother) same as down solver (pre-smoother)
  linear system matrix = precond matrix:
  Mat Object: 600 MPI processes
    type: mpiaij
    rows=506295001, cols=506295001
    total: nonzeros=3543885001, allocated nonzeros=3543885001
    total number of mallocs used during MatSetValues calls=0
      not using I-node (on process 0) routines
time taken for solve is146.351
************************************************************************************************************************
***             WIDEN YOUR WINDOW TO 120 CHARACTERS.  Use 'enscript -r -fCourier9' to print this document            ***
************************************************************************************************************************

---------------------------------------------- PETSc Performance Summary: ----------------------------------------------

/home/sudhipv/packages/FreeFem-sources/src/mpi/FreeFem++-mpi on a  named bc11905.int.ets1.calculquebec.ca with 600 processors, by sudhipv Thu Dec 15 18:09:09 2022
Using Petsc Release Version 3.15.1, Jun 17, 2021 

                         Max       Max/Min     Avg       Total
Time (sec):           1.465e+02     1.000   1.465e+02
Objects:              1.660e+02     1.000   1.660e+02
Flop:                 5.729e+12     1.517   5.052e+12  3.031e+15
Flop/sec:             3.910e+10     1.517   3.448e+10  2.069e+13
MPI Messages:         3.256e+03     9.438   1.944e+03  1.167e+06
MPI Message Lengths:  3.078e+07     3.786   1.170e+04  1.365e+10
MPI Reductions:       3.460e+02     1.000

Flop counting convention: 1 flop = 1 real number operation of type (multiply/divide/add/subtract)
                            e.g., VecAXPY() for real vectors of length N --> 2N flop
                            and VecAXPY() for complex vectors of length N --> 8N flop

Summary of Stages:   ----- Time ------  ----- Flop ------  --- Messages ---  -- Message Lengths --  -- Reductions --
                        Avg     %Total     Avg     %Total    Count   %Total     Avg         %Total    Count   %Total
 0:      Main Stage: 1.4652e+02 100.0%  3.0311e+15 100.0%  1.167e+06 100.0%  1.170e+04      100.0%  3.280e+02  94.8%

------------------------------------------------------------------------------------------------------------------------
See the 'Profiling' chapter of the users' manual for details on interpreting output.
Phase summary info:
   Count: number of times phase was executed
   Time and Flop: Max - maximum over all processors
                  Ratio - ratio of maximum to minimum over all processors
   Mess: number of messages sent
   AvgLen: average message length (bytes)
   Reduct: number of global reductions
   Global: entire computation
   Stage: stages of a computation. Set stages with PetscLogStagePush() and PetscLogStagePop().
      %T - percent time in this phase         %F - percent flop in this phase
      %M - percent messages in this phase     %L - percent message lengths in this phase
      %R - percent reductions in this phase
   Total Mflop/s: 10e-6 * (sum of flop over all processors)/(max time over all processors)
------------------------------------------------------------------------------------------------------------------------
Event                Count      Time (sec)     Flop                              --- Global ---  --- Stage ----  Total
                   Max Ratio  Max     Ratio   Max  Ratio  Mess   AvgLen  Reduct  %T %F %M %L %R  %T %F %M %L %R Mflop/s
------------------------------------------------------------------------------------------------------------------------

--- Event Stage 0: Main Stage

BuildTwoSided          7 1.0 2.0309e+00802.9 0.00e+00 0.0 1.0e+04 4.0e+00 5.0e+00  1  0  1  0  1   1  0  1  0  2     0
BuildTwoSidedF         2 1.0 2.8282e-0317.3 0.00e+00 0.0 0.0e+00 0.0e+00 2.0e+00  0  0  0  0  1   0  0  0  0  1     0
MatMult              221 1.0 9.1827e+00 5.0 1.17e+09 1.0 7.6e+05 3.3e+03 2.0e+00  2  0 65 18  1   2  0 65 18  1 75951
MatMultAdd            19 1.0 5.2978e-01 1.1 3.22e+07 1.0 6.4e+04 1.7e+03 0.0e+00  0  0  6  1  0   0  0  6  1  0 36315
MatMultTranspose      19 1.0 2.3783e+00 8.0 0.00e+00 0.0 6.4e+04 1.2e+05 0.0e+00  1  0  6 58  0   1  0  6 58  0     0
MatSolve              87 1.0 6.8726e+01 1.2 5.73e+12 1.5 0.0e+00 0.0e+00 0.0e+00 41100  0  0  0  41100  0  0  0 44081650
MatLUFactorSym         1 1.0 8.1924e+00 1.0 0.00e+00 0.0 0.0e+00 0.0e+00 0.0e+00  5  0  0  0  0   5  0  0  0  0     0
MatLUFactorNum         1 1.0 5.6058e+00 1.4 1.65e+08 1.1 0.0e+00 0.0e+00 0.0e+00  3  0  0  0  0   3  0  0  0  0 17006
MatConvert             1 1.0 1.5545e-02 1.0 0.00e+00 0.0 0.0e+00 0.0e+00 4.0e+00  0  0  0  0  1   0  0  0  0  1     0
MatResidual           19 1.0 2.1541e+0011.4 2.25e+08 1.0 6.4e+04 6.2e+03 0.0e+00  1  0  6  3  0   1  0  6  3  0 62516
MatAssemblyBegin       6 1.0 2.9059e-0312.2 0.00e+00 0.0 0.0e+00 0.0e+00 2.0e+00  0  0  0  0  1   0  0  0  0  1     0
MatAssemblyEnd         6 1.0 2.9598e+00 8.0 0.00e+00 0.0 0.0e+00 0.0e+00 1.2e+01  2  0  0  0  3   2  0  0  0  4     0
MatGetRowIJ            3 1.0 3.9657e-02 1.2 0.00e+00 0.0 0.0e+00 0.0e+00 0.0e+00  0  0  0  0  0   0  0  0  0  0     0
MatCreateSubMats       1 1.0 2.9827e-01 1.1 0.00e+00 0.0 1.7e+04 1.4e+04 1.0e+00  0  0  1  2  0   0  0  1  2  0     0
MatGetOrdering         1 1.0 8.4939e-01 1.2 0.00e+00 0.0 0.0e+00 0.0e+00 0.0e+00  1  0  0  0  0   1  0  0  0  0     0
MatIncreaseOvrlp       1 1.0 2.1058e-01 1.2 0.00e+00 0.0 0.0e+00 0.0e+00 1.0e+00  0  0  0  0  0   0  0  0  0  0     0
MatView                5 1.7 3.3171e-0226.2 0.00e+00 0.0 0.0e+00 0.0e+00 3.0e+00  0  0  0  0  1   0  0  0  0  1     0
VecMDot              126 1.0 4.8584e+00 9.3 4.20e+08 1.0 0.0e+00 0.0e+00 1.3e+02  3  0  0  0 36   3  0  0  0 38 51683
VecNorm              147 1.0 2.4665e-01 1.9 5.45e+07 1.0 0.0e+00 0.0e+00 1.5e+02  0  0  0  0 42   0  0  0  0 45 132035
VecScale             185 1.0 9.3746e-02 1.4 2.73e+07 1.0 0.0e+00 0.0e+00 0.0e+00  0  0  0  0  0   0  0  0  0  0 173692
VecCopy              165 1.0 3.9775e-01 1.3 0.00e+00 0.0 0.0e+00 0.0e+00 0.0e+00  0  0  0  0  0   0  0  0  0  0     0
VecSet               463 1.0 4.9915e-01 1.2 0.00e+00 0.0 0.0e+00 0.0e+00 0.0e+00  0  0  0  0  0   0  0  0  0  0     0
VecAXPY               40 1.0 8.2255e-02 1.2 3.59e+07 1.0 0.0e+00 0.0e+00 0.0e+00  0  0  0  0  0   0  0  0  0  0 260857
VecAYPX              114 1.0 3.1229e-01 1.7 1.29e+08 1.0 0.0e+00 0.0e+00 0.0e+00  0  0  0  0  0   0  0  0  0  0 246425
VecAXPBYCZ            38 1.0 1.4050e-01 2.6 1.61e+08 1.0 0.0e+00 0.0e+00 0.0e+00  0  0  0  0  0   0  0  0  0  0 684685
VecMAXPY             147 1.0 6.0698e-01 1.1 4.71e+08 1.0 0.0e+00 0.0e+00 0.0e+00  0  0  0  0  0   0  0  0  0  0 463678
VecScatterBegin      550 1.0 2.8976e+00 3.6 0.00e+00 0.0 1.0e+06 4.2e+03 3.0e+00  2  0 86 31  1   2  0 86 31  1     0
VecScatterEnd        550 1.0 7.4603e+00657.4 0.00e+00 0.0 0.0e+00 0.0e+00 0.0e+00  1  0  0  0  0   1  0  0  0  0     0
VecNormalize         127 1.0 1.8670e-01 2.5 3.10e+07 1.0 0.0e+00 0.0e+00 1.3e+02  0  0  0  0 37   0  0  0  0 39 98935
SFSetGraph             5 1.0 2.2431e-03 1.4 0.00e+00 0.0 0.0e+00 0.0e+00 0.0e+00  0  0  0  0  0   0  0  0  0  0     0
SFSetUp                5 1.0 2.1169e+0025.0 0.00e+00 0.0 2.0e+04 1.1e+03 3.0e+00  1  0  2  0  1   1  0  2  0  1     0
SFReduceBegin         87 1.0 2.2210e-01 2.4 0.00e+00 0.0 0.0e+00 0.0e+00 0.0e+00  0  0  0  0  0   0  0  0  0  0     0
SFReduceEnd           87 1.0 2.7252e-04 3.2 0.00e+00 0.0 0.0e+00 0.0e+00 0.0e+00  0  0  0  0  0   0  0  0  0  0     0
SFPack               550 1.0 1.1422e-02 3.7 0.00e+00 0.0 0.0e+00 0.0e+00 0.0e+00  0  0  0  0  0   0  0  0  0  0     0
SFUnpack             550 1.0 1.6232e-03 8.9 0.00e+00 0.0 0.0e+00 0.0e+00 0.0e+00  0  0  0  0  0   0  0  0  0  0     0
KSPSetUp               3 1.0 2.4777e+01 1.0 7.25e+11 1.5 1.0e+05 7.0e+03 3.8e+01 17 13  9  5 11  17 13  9  5 12 15472166
KSPSolve               1 1.0 6.6144e+01 1.0 5.00e+12 1.5 1.0e+06 1.1e+04 2.5e+02 45 87 90 87 73  45 87 90 87 77 40030759
KSPGMRESOrthog       126 1.0 5.3794e+00 5.2 8.40e+08 1.0 0.0e+00 0.0e+00 1.3e+02  3  0  0  0 36   3  0  0  0 38 93354
PCSetUp                1 1.0 2.4819e+01 1.0 7.25e+11 1.5 1.0e+05 7.0e+03 4.2e+01 17 13  9  5 12  17 13  9  5 13 15446090
PCSetUpOnBlocks       39 1.0 1.4482e+01 1.2 1.65e+08 1.1 0.0e+00 0.0e+00 0.0e+00  9  0  0  0  0   9  0  0  0  0  6583
PCApply               19 1.0 6.4780e+01 1.1 5.00e+12 1.5 9.8e+05 1.2e+04 2.1e+02 42 87 84 84 62  42 87 84 84 65 40865224
PCApplyOnBlocks       87 1.0 6.8855e+01 1.2 5.73e+12 1.5 0.0e+00 0.0e+00 0.0e+00 42100  0  0  0  42100  0  0  0 43999449
------------------------------------------------------------------------------------------------------------------------

Memory usage is given in bytes:

Object Type          Creations   Destructions     Memory  Descendants' Mem.
Reports information only for process 0.

--- Event Stage 0: Main Stage

              Matrix    12             12    312354720     0.
              Vector   105            105    533570280     0.
           Index Set    15             15     24123992     0.
   IS L to G Mapping     1              1     10157808     0.
   Star Forest Graph    11             11        12336     0.
       Krylov Solver     5              5        72224     0.
      Preconditioner     5              5         5984     0.
              Viewer     3              2         1680     0.
    Distributed Mesh     3              3        15120     0.
     Discrete System     3              3         2688     0.
           Weak Form     3              3         2448     0.
========================================================================================================================
Average time to get PetscTime(): 2.70782e-08
Average time for MPI_Barrier(): 1.12579e-05
Average time for zero size MPI_Send(): 2.41883e-06
#PETSc Option Table entries:
-ksp_converged_reason
-ksp_pc_side right
-ksp_rtol 1e-8
-ksp_type fgmres
-ksp_view
-log_view
-m 2250
-mg_coarse_ksp_converged_reason
-mg_coarse_ksp_type gmres
-mg_coarse_pc_type hypre
-mg_levels_pc_type asm
-mg_levels_sub_pc_factor_mat_solver_type mumps
-mg_levels_sub_pc_type lu
-n 2250
-nw
-pc_mg_type multiplicative
-pc_type mg
#End of PETSc Option Table entries
Compiled without FORTRAN kernels
Compiled with full precision matrices (default)
sizeof(short) 2 sizeof(int) 4 sizeof(long) 8 sizeof(void*) 8 sizeof(PetscScalar) 8 sizeof(PetscInt) 4
Configure options: --prefix=/home/sudhipv/packages/FreeFem-sources/install/ff-petsc/r MAKEFLAGS= --with-debugging=0 COPTFLAGS="-O3 -mtune=native" CXXOPTFLAGS="-O3 -mtune=native" FOPTFLAGS="-O3 -mtune=native" --with-cxx-dialect=C++11 --with-ssl=0 --with-x=0 --with-fortran-bindings=0 --with-cudac=0 --with-cc=/cvmfs/soft.computecanada.ca/easybuild/software/2020/avx512/Compiler/intel2020/intelmpi/2019.7.217/intel64/bin/mpicc --with-cxx=/cvmfs/soft.computecanada.ca/easybuild/software/2020/avx512/Compiler/intel2020/intelmpi/2019.7.217/intel64/bin/mpicxx --with-fc=/cvmfs/soft.computecanada.ca/easybuild/software/2020/avx512/Compiler/intel2020/intelmpi/2019.7.217/intel64/bin/mpif90 --with-scalar-type=real --with-blaslapack-include=/cvmfs/soft.computecanada.ca/easybuild/software/2020/Core/imkl/2020.1.217/mkl/include --with-blaslapack-lib="-Wl,-rpath,/cvmfs/soft.computecanada.ca/easybuild/software/2020/Core/imkl/2020.1.217/mkl/lib/intel64 -L/cvmfs/soft.computecanada.ca/easybuild/software/2020/Core/imkl/2020.1.217/mkl/lib/intel64 -lmkl_rt -lmkl_intel_thread -lmkl_core  -liomp5 -lpthread" --download-metis --download-ptscotch --download-hypre --download-parmetis --download-mmg --download-parmmg --download-superlu --download-suitesparse --download-tetgen --download-slepc --download-hpddm --download-scalapack --download-mumps --download-slepc-configure-arguments=--download-arpack=https://github.com/prj-/arpack-ng/archive/b64dccb.tar.gz PETSC_ARCH=fr
-----------------------------------------
Libraries compiled on 2021-08-23 08:47:39 on beluga4.int.ets1.calculquebec.ca 
Machine characteristics: Linux-3.10.0-1160.36.2.el7.x86_64-x86_64-with-centos-7.9.2009-Core
Using PETSc directory: /home/sudhipv/packages/FreeFem-sources/install/ff-petsc/r
Using PETSc arch: 
-----------------------------------------

Using C compiler: /cvmfs/soft.computecanada.ca/easybuild/software/2020/avx512/Compiler/intel2020/intelmpi/2019.7.217/intel64/bin/mpicc  -fPIC -wd1572 -O3 -mtune=native   
Using Fortran compiler: /cvmfs/soft.computecanada.ca/easybuild/software/2020/avx512/Compiler/intel2020/intelmpi/2019.7.217/intel64/bin/mpif90  -fPIC -O3 -mtune=native     
-----------------------------------------

Using include paths: -I/home/sudhipv/packages/FreeFem-sources/install/ff-petsc/r/include -I/cvmfs/soft.computecanada.ca/easybuild/software/2020/Core/imkl/2020.1.217/mkl/include
-----------------------------------------

Using C linker: /cvmfs/soft.computecanada.ca/easybuild/software/2020/avx512/Compiler/intel2020/intelmpi/2019.7.217/intel64/bin/mpicc
Using Fortran linker: /cvmfs/soft.computecanada.ca/easybuild/software/2020/avx512/Compiler/intel2020/intelmpi/2019.7.217/intel64/bin/mpif90
Using libraries: -Wl,-rpath,/home/sudhipv/packages/FreeFem-sources/install/ff-petsc/r/lib -L/home/sudhipv/packages/FreeFem-sources/install/ff-petsc/r/lib -lpetsc -Wl,-rpath,/home/sudhipv/packages/FreeFem-sources/install/ff-petsc/r/lib -L/home/sudhipv/packages/FreeFem-sources/install/ff-petsc/r/lib -Wl,-rpath,/cvmfs/soft.computecanada.ca/easybuild/software/2020/Core/imkl/2020.1.217/mkl/lib/intel64 -L/cvmfs/soft.computecanada.ca/easybuild/software/2020/Core/imkl/2020.1.217/mkl/lib/intel64 -Wl,-rpath,/cvmfs/soft.computecanada.ca/easybuild/software/2020/avx512/Compiler/intel2020/intelmpi/2019.7.217/intel64/lib/release -L/cvmfs/soft.computecanada.ca/easybuild/software/2020/avx512/Compiler/intel2020/intelmpi/2019.7.217/intel64/lib/release -Wl,-rpath,/cvmfs/soft.computecanada.ca/easybuild/software/2020/avx512/Compiler/intel2020/intelmpi/2019.7.217/intel64/lib -L/cvmfs/soft.computecanada.ca/easybuild/software/2020/avx512/Compiler/intel2020/intelmpi/2019.7.217/intel64/lib -Wl,-rpath,/cvmfs/soft.computecanada.ca/easybuild/software/2020/avx512/Compiler/intel2020/intelmpi/2019.7.217/intel64/libfabric/lib -L/cvmfs/soft.computecanada.ca/easybuild/software/2020/avx512/Compiler/intel2020/intelmpi/2019.7.217/intel64/libfabric/lib -Wl,-rpath,/cvmfs/soft.computecanada.ca/easybuild/software/2020/avx512/Compiler/intel2020/intelmpi/2019.7.217/intel64/lib/release_mt -L/cvmfs/soft.computecanada.ca/easybuild/software/2020/avx512/Compiler/intel2020/intelmpi/2019.7.217/intel64/lib/release_mt -Wl,-rpath,/cvmfs/soft.computecanada.ca/easybuild/software/2020/avx512/Core/ucx/1.8.0/lib -L/cvmfs/soft.computecanada.ca/easybuild/software/2020/avx512/Core/ucx/1.8.0/lib -Wl,-rpath,/cvmfs/soft.computecanada.ca/easybuild/software/2020/Core/imkl/2020.1.217/lib/intel64 -L/cvmfs/soft.computecanada.ca/easybuild/software/2020/Core/imkl/2020.1.217/lib/intel64 -Wl,-rpath,/cvmfs/restricted.computecanada.ca/easybuild/software/2020/Core/intel/2020.1.217/compilers_and_libraries_2020.1.217/linux/tbb/lib/intel64/gcc4.8 -L/cvmfs/restricted.computecanada.ca/easybuild/software/2020/Core/intel/2020.1.217/compilers_and_libraries_2020.1.217/linux/tbb/lib/intel64/gcc4.8 -Wl,-rpath,/cvmfs/restricted.computecanada.ca/easybuild/software/2020/Core/intel/2020.1.217/compilers_and_libraries_2020.1.217/linux/compiler/lib/intel64_lin -L/cvmfs/restricted.computecanada.ca/easybuild/software/2020/Core/intel/2020.1.217/compilers_and_libraries_2020.1.217/linux/compiler/lib/intel64_lin -Wl,-rpath,/cvmfs/soft.computecanada.ca/easybuild/software/2020/Core/gcccore/9.3.0/lib/gcc/x86_64-pc-linux-gnu/9.3.0 -L/cvmfs/soft.computecanada.ca/easybuild/software/2020/Core/gcccore/9.3.0/lib/gcc/x86_64-pc-linux-gnu/9.3.0 -Wl,-rpath,/cvmfs/soft.computecanada.ca/easybuild/software/2020/Core/gcccore/9.3.0/lib64 -L/cvmfs/soft.computecanada.ca/easybuild/software/2020/Core/gcccore/9.3.0/lib64 -Wl,-rpath,/cvmfs/soft.computecanada.ca/gentoo/2020/lib64 -L/cvmfs/soft.computecanada.ca/gentoo/2020/lib64 -Wl,-rpath,/cvmfs/soft.computecanada.ca/gentoo/2020/usr/lib64 -L/cvmfs/soft.computecanada.ca/gentoo/2020/usr/lib64 -Wl,-rpath,/cvmfs/soft.computecanada.ca/easybuild/software/2020/Core/gcccore/9.3.0/lib -L/cvmfs/soft.computecanada.ca/easybuild/software/2020/Core/gcccore/9.3.0/lib -Wl,-rpath,/cvmfs/soft.computecanada.ca/gentoo/2020/lib -L/cvmfs/soft.computecanada.ca/gentoo/2020/lib -Wl,-rpath,/cvmfs/soft.computecanada.ca/gentoo/2020/usr/lib -L/cvmfs/soft.computecanada.ca/gentoo/2020/usr/lib -lHYPRE -lcmumps -ldmumps -lsmumps -lzmumps -lmumps_common -lpord -lscalapack -lumfpack -lklu -lcholmod -lbtf -lccolamd -lcolamd -lcamd -lamd -lsuitesparseconfig -lsuperlu -lmkl_rt -lmkl_intel_thread -lmkl_core -liomp5 -lpthread -lparmmg -lmmg -lmmg3d -lptesmumps -lptscotchparmetis -lptscotch -lptscotcherr -lesmumps -lscotch -lscotcherr -lparmetis -lmetis -ltet -lstdc++ -ldl -lmpifort -lmpi -lrt -lpthread -lifport -lifcoremt_pic -limf -lsvml -lm -lipgo -lirc -lgcc_s -lirc_s -lrt -lquadmath -lstdc++ -ldl
-----------------------------------------

