
The following have been reloaded with a version change:
  1) mii/1.1.1 => mii/1.1.2

/cvmfs/soft.computecanada.ca/easybuild/software/2020/avx512/Compiler/intel2020/openmpi/4.0.3/bin/mpiexec
/cvmfs/soft.computecanada.ca/easybuild/software/2020/avx512/Compiler/intel2020/openmpi/4.0.3/bin/mpirun
Number of Vertices for coarse grid  251001
Number of Vertices for fine mesh is  1.002e+06
1	
	-111111	
number of random variable  5
order of input  2
order of output  3
Number of input PC   21
Number of output PC  56
Mean of Gaussian  0
Sd of Gaussian  0.3
Size of linear System  5.61121e+07
sindex is 25 2	
	   1   1
	   1   2
	   2   1
	   2   2
	   1   3
	   3   1
	   2   3
	   3   2
	   1   4
	   4   1
	   3   3
	   2   4
	   4   2
	   3   4
	   4   3
	   1   5
	   5   1
	   2   5
	   5   2
	   4   4
	   3   5
	   5   3
	   1   6
	   6   1
	   2   6
	
mindex for file ./kledata/multiIndex00030005.dat is 56 5	
	   0   0   0   0   0
	   1   0   0   0   0
	   0   1   0   0   0
	   0   0   1   0   0
	   0   0   0   1   0
	   0   0   0   0   1
	   2   0   0   0   0
	   1   1   0   0   0
	   1   0   1   0   0
	   1   0   0   1   0
	   1   0   0   0   1
	   0   2   0   0   0
	   0   1   1   0   0
	   0   1   0   1   0
	   0   1   0   0   1
	   0   0   2   0   0
	   0   0   1   1   0
	   0   0   1   0   1
	   0   0   0   2   0
	   0   0   0   1   1
	   0   0   0   0   2
	   3   0   0   0   0
	   2   1   0   0   0
	   2   0   1   0   0
	   2   0   0   1   0
	   2   0   0   0   1
	   1   2   0   0   0
	   1   1   1   0   0
	   1   1   0   1   0
	   1   1   0   0   1
	   1   0   2   0   0
	   1   0   1   1   0
	   1   0   1   0   1
	   1   0   0   2   0
	   1   0   0   1   1
	   1   0   0   0   2
	   0   3   0   0   0
	   0   2   1   0   0
	   0   2   0   1   0
	   0   2   0   0   1
	   0   1   2   0   0
	   0   1   1   1   0
	   0   1   1   0   1
	   0   1   0   2   0
	   0   1   0   1   1
	   0   1   0   0   2
	   0   0   3   0   0
	   0   0   2   1   0
	   0   0   2   0   1
	   0   0   1   2   0
	   0   0   1   1   1
	   0   0   1   0   2
	   0   0   0   3   0
	   0   0   0   2   1
	   0   0   0   1   2
	   0   0   0   0   3
	
Finished generating log normal input coefficients for rank 0
Assembling matrices for level 0 and rank 0
Exited Assembling 0
Starting solve for 0
  0 KSP Residual norm 9.990000000000e-04 
  1 KSP Residual norm 9.219747894231e-04 
  2 KSP Residual norm 3.355586074892e-04 
  3 KSP Residual norm 7.061180471566e-05 
  4 KSP Residual norm 1.471017772030e-05 
  5 KSP Residual norm 2.932266625278e-06 
  6 KSP Residual norm 5.361190172764e-07 
  7 KSP Residual norm 1.001969353472e-07 
  8 KSP Residual norm 1.856573635241e-08 
  9 KSP Residual norm 3.249750494753e-09 
time taken for solve is62.7974
************************************************************************************************************************
***             WIDEN YOUR WINDOW TO 120 CHARACTERS.  Use 'enscript -r -fCourier9' to print this document            ***
************************************************************************************************************************

---------------------------------------------- PETSc Performance Summary: ----------------------------------------------

/home/a/asarkar/sudhipv/software/FreeFem-sources/src/mpi/FreeFem++-mpi on a  named nia0096.scinet.local with 800 processors, by sudhipv Sun Dec 11 23:40:05 2022
Using Petsc Release Version 3.15.0, Mar 30, 2021 

                         Max       Max/Min     Avg       Total
Time (sec):           6.312e+01     1.000   6.312e+01
Objects:              4.300e+01     1.000   4.300e+01
Flop:                 5.542e+08     1.197   5.098e+08  4.079e+11
Flop/sec:             8.781e+06     1.197   8.078e+06  6.462e+09
MPI Messages:         1.280e+02     4.000   9.138e+01  7.310e+04
MPI Message Lengths:  2.225e+06     3.235   1.933e+04  1.413e+09
MPI Reductions:       6.300e+01     1.000

Flop counting convention: 1 flop = 1 real number operation of type (multiply/divide/add/subtract)
                            e.g., VecAXPY() for real vectors of length N --> 2N flop
                            and VecAXPY() for complex vectors of length N --> 8N flop

Summary of Stages:   ----- Time ------  ----- Flop ------  --- Messages ---  -- Message Lengths --  -- Reductions --
                        Avg     %Total     Avg     %Total    Count   %Total     Avg         %Total    Count   %Total
 0:      Main Stage: 6.3117e+01 100.0%  4.0788e+11 100.0%  7.310e+04 100.0%  1.933e+04      100.0%  4.500e+01  71.4%

------------------------------------------------------------------------------------------------------------------------
See the 'Profiling' chapter of the users' manual for details on interpreting output.
Phase summary info:
   Count: number of times phase was executed
   Time and Flop: Max - maximum over all processors
                  Ratio - ratio of maximum to minimum over all processors
   Mess: number of messages sent
   AvgLen: average message length (bytes)
   Reduct: number of global reductions
   Global: entire computation
   Stage: stages of a computation. Set stages with PetscLogStagePush() and PetscLogStagePop().
      %T - percent time in this phase         %F - percent flop in this phase
      %M - percent messages in this phase     %L - percent message lengths in this phase
      %R - percent reductions in this phase
   Total Mflop/s: 10e-6 * (sum of flop over all processors)/(max time over all processors)
------------------------------------------------------------------------------------------------------------------------
Event                Count      Time (sec)     Flop                              --- Global ---  --- Stage ----  Total
                   Max Ratio  Max     Ratio   Max  Ratio  Mess   AvgLen  Reduct  %T %F %M %L %R  %T %F %M %L %R Mflop/s
------------------------------------------------------------------------------------------------------------------------

--- Event Stage 0: Main Stage

BuildTwoSided          2 1.0 2.6613e-0217.2 0.00e+00 0.0 4.6e+03 4.0e+00 2.0e+00  0  0  6  0  3   0  0  6  0  4     0
BuildTwoSidedF         1 1.0 4.5315e-0316.0 0.00e+00 0.0 0.0e+00 0.0e+00 1.0e+00  0  0  0  0  2   0  0  0  0  2     0
MatMult                9 1.0 1.3428e+00 1.3 5.37e+08 1.2 5.0e+04 1.0e+04 1.0e+00  2 97 69 36  2   2 97 69 36  2 294140
MatConvert             1 1.0 8.8063e-01 1.0 0.00e+00 0.0 0.0e+00 0.0e+00 4.0e+00  1  0  0  0  6   1  0  0  0  9     0
MatAssemblyBegin       3 1.0 4.7081e-03 5.8 0.00e+00 0.0 0.0e+00 0.0e+00 1.0e+00  0  0  0  0  2   0  0  0  0  2     0
MatAssemblyEnd         3 1.0 7.2364e+0010.5 0.00e+00 0.0 0.0e+00 0.0e+00 8.0e+00  5  0  0  0 13   5  0  0  0 18     0
MatGetRowIJ            2 1.0 3.7336e-05 8.8 0.00e+00 0.0 0.0e+00 0.0e+00 0.0e+00  0  0  0  0  0   0  0  0  0  0     0
KSPSetUp               1 1.0 1.5979e+00983.0 0.00e+00 0.0 0.0e+00 0.0e+00 2.0e+00  1  0  0  0  3   1  0  0  0  4     0
KSPSolve               1 1.0 1.1224e+01 1.0 5.54e+08 1.2 5.0e+04 1.0e+04 2.0e+01 18100 69 36 32  18100 69 36 44 36339
KSPGMRESOrthog         9 1.0 4.3119e-0120.3 1.37e+07 1.2 0.0e+00 0.0e+00 9.0e+00  0  2  0  0 14   0  2  0  0 20 23424
PCSetUp                1 1.0 1.3647e+01 1.0 0.00e+00 0.0 0.0e+00 0.0e+00 4.0e+00 22  0  0  0  6  22  0  0  0  9     0
PCApply               10 1.0 9.5637e+00 1.1 0.00e+00 0.0 0.0e+00 0.0e+00 0.0e+00 15  0  0  0  0  15  0  0  0  0     0
VecMDot                9 1.0 4.2546e-0128.0 6.86e+06 1.2 0.0e+00 0.0e+00 9.0e+00  0  1  0  0 14   0  1  0  0 20 11870
VecNorm               10 1.0 4.6143e-01 1.0 1.52e+06 1.2 0.0e+00 0.0e+00 1.0e+01  1  0  0  0 16   1  0  0  0 22  2432
VecScale              10 1.0 5.7608e-04 2.6 7.62e+05 1.2 0.0e+00 0.0e+00 0.0e+00  0  0  0  0  0   0  0  0  0  0 974031
VecCopy                3 1.0 1.1757e-03 3.5 0.00e+00 0.0 0.0e+00 0.0e+00 0.0e+00  0  0  0  0  0   0  0  0  0  0     0
VecSet                13 1.0 2.6550e-03 1.8 0.00e+00 0.0 0.0e+00 0.0e+00 0.0e+00  0  0  0  0  0   0  0  0  0  0     0
VecAXPY                1 1.0 2.3521e-02203.4 1.52e+05 1.2 0.0e+00 0.0e+00 0.0e+00  0  0  0  0  0   0  0  0  0  0  4771
VecMAXPY              10 1.0 7.6769e-03 1.3 8.23e+06 1.2 0.0e+00 0.0e+00 0.0e+00  0  1  0  0  0   0  1  0  0  0 789391
VecScatterBegin        9 1.0 2.5170e-0215.1 0.00e+00 0.0 5.0e+04 1.0e+04 1.0e+00  0  0 69 36  2   0  0 69 36  2     0
VecScatterEnd          9 1.0 2.6684e-01722.6 0.00e+00 0.0 0.0e+00 0.0e+00 0.0e+00  0  0  0  0  0   0  0  0  0  0     0
VecNormalize          10 1.0 4.6193e-01 1.0 2.29e+06 1.2 0.0e+00 0.0e+00 1.0e+01  1  0  0  0 16   1  0  0  0 22  3644
SFSetGraph             1 1.0 2.1306e-05 6.6 0.00e+00 0.0 0.0e+00 0.0e+00 0.0e+00  0  0  0  0  0   0  0  0  0  0     0
SFSetUp                1 1.0 2.4443e-0235.7 0.00e+00 0.0 9.1e+03 3.0e+03 1.0e+00  0  0 12  2  2   0  0 12  2  2     0
SFPack                 9 1.0 1.4691e-0310.5 0.00e+00 0.0 0.0e+00 0.0e+00 0.0e+00  0  0  0  0  0   0  0  0  0  0     0
SFUnpack               9 1.0 1.3110e-0510.8 0.00e+00 0.0 0.0e+00 0.0e+00 0.0e+00  0  0  0  0  0   0  0  0  0  0     0
------------------------------------------------------------------------------------------------------------------------

Memory usage is given in bytes:

Object Type          Creations   Destructions     Memory  Descendants' Mem.
Reports information only for process 0.

--- Event Stage 0: Main Stage

              Matrix     8              8    320998956     0.
       Krylov Solver     1              1        18856     0.
      Preconditioner     1              1         1496     0.
              Viewer     2              1          848     0.
              Vector    22             22      9502864     0.
           Index Set     3              3       409488     0.
   Star Forest Graph     3              3         3384     0.
    Distributed Mesh     1              1         5048     0.
     Discrete System     1              1          904     0.
           Weak Form     1              1          824     0.
========================================================================================================================
Average time to get PetscTime(): 3.26e-08
Average time for MPI_Barrier(): 8.52246e-05
Average time for zero size MPI_Send(): 1.24172e-06
#PETSc Option Table entries:
-ksp_max_it 200
-ksp_monitor
-ksp_pc_side right
-ksp_type gmres
-log_view
-m 500
-n 500
-nw
-pc_type hypre
#End of PETSc Option Table entries
Compiled without FORTRAN kernels
Compiled with full precision matrices (default)
sizeof(short) 2 sizeof(int) 4 sizeof(long) 8 sizeof(void*) 8 sizeof(PetscScalar) 8 sizeof(PetscInt) 4
Configure options: --prefix=/home/a/asarkar/sudhipv/software/FreeFem-sources/install/ff-petsc/r MAKEFLAGS= --with-debugging=0 COPTFLAGS="-O3 -mtune=native" CXXOPTFLAGS="-O3 -mtune=native" FOPTFLAGS="-O3 -mtune=native" --with-cxx-dialect=C++11 --with-ssl=0 --with-x=0 --with-fortran-bindings=0 --with-cudac=0 --with-cc=/cvmfs/soft.computecanada.ca/easybuild/software/2020/avx512/Compiler/intel2020/openmpi/4.0.3/bin/mpicc --with-cxx=/cvmfs/soft.computecanada.ca/easybuild/software/2020/avx512/Compiler/intel2020/openmpi/4.0.3/bin/mpic++ --with-fc=/cvmfs/soft.computecanada.ca/easybuild/software/2020/avx512/Compiler/intel2020/openmpi/4.0.3/bin/mpif90 --with-scalar-type=real --with-blaslapack-include=/cvmfs/soft.computecanada.ca/easybuild/software/2020/Core/imkl/2020.1.217/mkl/include --with-blaslapack-lib="-Wl,-rpath,/cvmfs/soft.computecanada.ca/easybuild/software/2020/Core/imkl/2020.1.217/mkl/lib/intel64 -L/cvmfs/soft.computecanada.ca/easybuild/software/2020/Core/imkl/2020.1.217/mkl/lib/intel64 -lmkl_rt -lmkl_intel_thread -lmkl_core  -liomp5 -lpthread" --download-metis --download-ptscotch --download-hypre --download-parmetis --download-mmg --download-parmmg --download-superlu --download-suitesparse --download-tetgen --download-slepc --download-hpddm --download-scalapack --download-mumps --download-slepc-configure-arguments=--download-arpack=https://github.com/prj-/arpack-ng/archive/b64dccb.tar.gz PETSC_ARCH=fr
-----------------------------------------
Libraries compiled on 2021-05-02 15:39:49 on nia-login03.scinet.local 
Machine characteristics: Linux-3.10.0-957.27.2.el7.x86_64-x86_64-with-centos-7.6.1810-Core
Using PETSc directory: /home/a/asarkar/sudhipv/software/FreeFem-sources/install/ff-petsc/r
Using PETSc arch: 
-----------------------------------------

Using C compiler: /cvmfs/soft.computecanada.ca/easybuild/software/2020/avx512/Compiler/intel2020/openmpi/4.0.3/bin/mpicc  -fPIC -wd1572 -O3 -mtune=native   
Using Fortran compiler: /cvmfs/soft.computecanada.ca/easybuild/software/2020/avx512/Compiler/intel2020/openmpi/4.0.3/bin/mpif90  -fPIC -O3 -mtune=native     
-----------------------------------------

Using include paths: -I/home/a/asarkar/sudhipv/software/FreeFem-sources/install/ff-petsc/r/include -I/cvmfs/soft.computecanada.ca/easybuild/software/2020/Core/imkl/2020.1.217/mkl/include
-----------------------------------------

Using C linker: /cvmfs/soft.computecanada.ca/easybuild/software/2020/avx512/Compiler/intel2020/openmpi/4.0.3/bin/mpicc
Using Fortran linker: /cvmfs/soft.computecanada.ca/easybuild/software/2020/avx512/Compiler/intel2020/openmpi/4.0.3/bin/mpif90
Using libraries: -Wl,-rpath,/home/a/asarkar/sudhipv/software/FreeFem-sources/install/ff-petsc/r/lib -L/home/a/asarkar/sudhipv/software/FreeFem-sources/install/ff-petsc/r/lib -lpetsc -Wl,-rpath,/home/a/asarkar/sudhipv/software/FreeFem-sources/install/ff-petsc/r/lib -L/home/a/asarkar/sudhipv/software/FreeFem-sources/install/ff-petsc/r/lib -Wl,-rpath,/cvmfs/soft.computecanada.ca/easybuild/software/2020/Core/imkl/2020.1.217/mkl/lib/intel64 -L/cvmfs/soft.computecanada.ca/easybuild/software/2020/Core/imkl/2020.1.217/mkl/lib/intel64 -Wl,-rpath,/cvmfs/soft.computecanada.ca/easybuild/software/2020/avx512/Compiler/intel2020/openmpi/4.0.3/lib -L/cvmfs/soft.computecanada.ca/easybuild/software/2020/avx512/Compiler/intel2020/openmpi/4.0.3/lib -Wl,-rpath,/cvmfs/soft.computecanada.ca/easybuild/software/2020/avx512/Core/libfabric/1.10.1/lib -L/cvmfs/soft.computecanada.ca/easybuild/software/2020/avx512/Core/libfabric/1.10.1/lib -Wl,-rpath,/cvmfs/soft.computecanada.ca/easybuild/software/2020/avx512/Core/ucx/1.8.0/lib -L/cvmfs/soft.computecanada.ca/easybuild/software/2020/avx512/Core/ucx/1.8.0/lib -Wl,-rpath,/cvmfs/soft.computecanada.ca/easybuild/software/2020/Core/imkl/2020.1.217/lib/intel64 -L/cvmfs/soft.computecanada.ca/easybuild/software/2020/Core/imkl/2020.1.217/lib/intel64 -Wl,-rpath,/cvmfs/restricted.computecanada.ca/easybuild/software/2020/Core/intel/2020.1.217/compilers_and_libraries_2020.1.217/linux/tbb/lib/intel64/gcc4.8 -L/cvmfs/restricted.computecanada.ca/easybuild/software/2020/Core/intel/2020.1.217/compilers_and_libraries_2020.1.217/linux/tbb/lib/intel64/gcc4.8 -Wl,-rpath,/cvmfs/restricted.computecanada.ca/easybuild/software/2020/Core/intel/2020.1.217/compilers_and_libraries_2020.1.217/linux/compiler/lib/intel64_lin -L/cvmfs/restricted.computecanada.ca/easybuild/software/2020/Core/intel/2020.1.217/compilers_and_libraries_2020.1.217/linux/compiler/lib/intel64_lin -Wl,-rpath,/cvmfs/soft.computecanada.ca/easybuild/software/2020/avx512/Compiler/intel2020/openmpi/4.0.3/lib64 -L/cvmfs/soft.computecanada.ca/easybuild/software/2020/avx512/Compiler/intel2020/openmpi/4.0.3/lib64 -Wl,-rpath,/cvmfs/soft.computecanada.ca/easybuild/software/2020/Core/gcccore/9.3.0/lib/gcc/x86_64-pc-linux-gnu/9.3.0 -L/cvmfs/soft.computecanada.ca/easybuild/software/2020/Core/gcccore/9.3.0/lib/gcc/x86_64-pc-linux-gnu/9.3.0 -Wl,-rpath,/cvmfs/soft.computecanada.ca/easybuild/software/2020/Core/gcccore/9.3.0/lib64 -L/cvmfs/soft.computecanada.ca/easybuild/software/2020/Core/gcccore/9.3.0/lib64 -Wl,-rpath,/cvmfs/soft.computecanada.ca/gentoo/2020/lib64 -L/cvmfs/soft.computecanada.ca/gentoo/2020/lib64 -Wl,-rpath,/cvmfs/soft.computecanada.ca/gentoo/2020/usr/lib64 -L/cvmfs/soft.computecanada.ca/gentoo/2020/usr/lib64 -Wl,-rpath,/cvmfs/soft.computecanada.ca/easybuild/software/2020/Core/gcccore/9.3.0/lib -L/cvmfs/soft.computecanada.ca/easybuild/software/2020/Core/gcccore/9.3.0/lib -Wl,-rpath,/cvmfs/soft.computecanada.ca/gentoo/2020/lib -L/cvmfs/soft.computecanada.ca/gentoo/2020/lib -Wl,-rpath,/cvmfs/soft.computecanada.ca/gentoo/2020/usr/lib -L/cvmfs/soft.computecanada.ca/gentoo/2020/usr/lib -lHYPRE -lcmumps -ldmumps -lsmumps -lzmumps -lmumps_common -lpord -lscalapack -lumfpack -lklu -lcholmod -lbtf -lccolamd -lcolamd -lcamd -lamd -lsuitesparseconfig -lsuperlu -lmkl_rt -lmkl_intel_thread -lmkl_core -liomp5 -lpthread -lparmmg -lmmg -lmmg3d -lptesmumps -lptscotchparmetis -lptscotch -lptscotcherr -lesmumps -lscotch -lscotcherr -lpthread -lparmetis -lmetis -ltet -lstdc++ -ldl -lmpi_usempif08 -lmpi_usempi_ignore_tkr -lmpi_mpifh -lmpi -lifport -lifcoremt_pic -limf -lsvml -lm -lipgo -lirc -lpthread -lgcc_s -lirc_s -lrt -lquadmath -lstdc++ -ldl
-----------------------------------------


scontrol show jobid 8564298
JobId=8564298 JobName=LP_RV_5_AMG
   UserId=sudhipv(3061414) GroupId=asarkar(6001189) MCS_label=N/A
   Priority=984375 Nice=0 Account=def-asarkar QOS=normal
   JobState=COMPLETED Reason=None Dependency=(null)
   Requeue=0 Restarts=0 BatchFlag=1 Reboot=0 ExitCode=0:0
   RunTime=00:01:31 TimeLimit=00:15:00 TimeMin=N/A
   SubmitTime=2022-12-11T23:20:17 EligibleTime=2022-12-11T23:20:17
   AccrueTime=2022-12-11T23:20:17
   StartTime=2022-12-11T23:38:36 EndTime=2022-12-11T23:40:07 Deadline=N/A
   SuspendTime=None SecsPreSuspend=0 LastSchedEval=2022-12-11T23:38:36 Scheduler=Backfill
   Partition=compute AllocNode:Sid=nia-login05:178296
   ReqNodeList=(null) ExcNodeList=(null)
   NodeList=nia[0096,0113,0178,0226,0574-0577,0611,0622,0900,0919,1041,1095,1296,1299-1302,1477]
   BatchHost=nia0096
   NumNodes=20 NumCPUs=1600 NumTasks=800 CPUs/Task=1 ReqB:S:C:T=0:0:*:*
   TRES=cpu=1600,mem=3500000M,node=20,billing=800
   Socks/Node=* NtasksPerN:B:S:C=40:0:*:* CoreSpec=*
   MinCPUsNode=40 MinMemoryNode=175000M MinTmpDiskNode=0
   Features=[skylake|cascade] DelayBoot=00:00:00
   OverSubscribe=NO Contiguous=0 Licenses=(null) Network=(null)
   Command=/gpfs/fs0/scratch/a/asarkar/sudhipv/poisson_hpc/stochastic/process_L/poisson_weak_sto/runff_niagara.sh
   WorkDir=/gpfs/fs0/scratch/a/asarkar/sudhipv/poisson_hpc/stochastic/process_L/poisson_weak_sto
   Comment=/opt/slurm/bin/sbatch --export=NONE runff_niagara.sh 
   StdErr=/gpfs/fs0/scratch/a/asarkar/sudhipv/poisson_hpc/stochastic/process_L/poisson_weak_sto/LP_RV_5_AMG-8564298.out
   StdIn=/dev/null
   StdOut=/gpfs/fs0/scratch/a/asarkar/sudhipv/poisson_hpc/stochastic/process_L/poisson_weak_sto/LP_RV_5_AMG-8564298.out
   Power=
   MailUser=sudhipv@cmail.carleton.ca MailType=INVALID_DEPEND,BEGIN,END,FAIL,REQUEUE,STAGE_OUT
   

sacct -j 8564298
JobID           JobName    Account    Elapsed  MaxVMSize     MaxRSS  SystemCPU    UserCPU ExitCode 
------------ ---------- ---------- ---------- ---------- ---------- ---------- ---------- -------- 
8564298      LP_RV_5_A+ def-asark+   00:01:31                        39:23.205   13:19:14      0:0 
8564298.bat+      batch def-asark+   00:01:31  77317380K  52017776K  01:58.883  39:57.694      0:0 
8564298.ext+     extern def-asark+   00:01:32    142384K      1136K  00:00.010  00:00.006      0:0 
8564298.0         orted def-asark+   00:01:15  78560472K  58327856K  37:24.311   12:39:16      0:0 
