
The following have been reloaded with a version change:
  1) mii/1.1.1 => mii/1.1.2

/cvmfs/soft.computecanada.ca/easybuild/software/2020/avx512/Compiler/intel2020/openmpi/4.0.3/bin/mpiexec
/cvmfs/soft.computecanada.ca/easybuild/software/2020/avx512/Compiler/intel2020/openmpi/4.0.3/bin/mpirun
Number of Vertices for coarse grid  251001
Number of Vertices for fine mesh is  1.002e+06
1	
	-111111	
number of random variable  3
order of input  2
order of output  3
Number of input PC   10
Number of output PC  20
Mean of Gaussian  0
Sd of Gaussian  0.3
Size of linear System  2.004e+07
sindex is 25 2	
	   1   1
	   1   2
	   2   1
	   2   2
	   1   3
	   3   1
	   2   3
	   3   2
	   1   4
	   4   1
	   3   3
	   2   4
	   4   2
	   3   4
	   4   3
	   1   5
	   5   1
	   2   5
	   5   2
	   4   4
	   3   5
	   5   3
	   1   6
	   6   1
	   2   6
	
mindex for file ./kledata/multiIndex00030003.dat is 20 3	
	   0   0   0
	   1   0   0
	   0   1   0
	   0   0   1
	   2   0   0
	   1   1   0
	   1   0   1
	   0   2   0
	   0   1   1
	   0   0   2
	   3   0   0
	   2   1   0
	   2   0   1
	   1   2   0
	   1   1   1
	   1   0   2
	   0   3   0
	   0   2   1
	   0   1   2
	   0   0   3
	
Finished generating log normal input coefficients for rank 0
Assembling matrices for level 0 and rank 0
Assembling matrices for level 1 and rank 0
Exited Assembling 0
Starting solve for 0
  0 KSP Residual norm 9.990000000000e-04 
      Residual norms for mg_coarse_ solve.
      0 KSP Residual norm 6.175526058269e+00 
      1 KSP Residual norm 2.366798119560e+00 
      2 KSP Residual norm 4.311284127184e-01 
      3 KSP Residual norm 8.166256937353e-02 
      4 KSP Residual norm 1.568736045604e-02 
      5 KSP Residual norm 3.083260495591e-03 
      6 KSP Residual norm 5.546123754105e-04 
      7 KSP Residual norm 9.874158686339e-05 
      8 KSP Residual norm 1.641779132320e-05 
    Linear mg_coarse_ solve converged due to CONVERGED_RTOL iterations 8
  1 KSP Residual norm 8.269012496740e-04 
      Residual norms for mg_coarse_ solve.
      0 KSP Residual norm 2.550279430128e-01 
      1 KSP Residual norm 3.096692719840e-03 
      2 KSP Residual norm 3.899031004446e-04 
      3 KSP Residual norm 6.507162097418e-05 
      4 KSP Residual norm 1.289117449893e-05 
      5 KSP Residual norm 2.456093534720e-06 
    Linear mg_coarse_ solve converged due to CONVERGED_RTOL iterations 5
  2 KSP Residual norm 1.070247691036e-04 
      Residual norms for mg_coarse_ solve.
      0 KSP Residual norm 1.947354197424e-01 
      1 KSP Residual norm 1.978360918044e-03 
      2 KSP Residual norm 1.140261179956e-04 
      3 KSP Residual norm 2.132047250472e-05 
      4 KSP Residual norm 3.476090151576e-06 
      5 KSP Residual norm 6.647165668076e-07 
    Linear mg_coarse_ solve converged due to CONVERGED_RTOL iterations 5
  3 KSP Residual norm 9.693599376757e-06 
      Residual norms for mg_coarse_ solve.
      0 KSP Residual norm 1.971107234751e-01 
      1 KSP Residual norm 3.345775964250e-03 
      2 KSP Residual norm 2.411185332771e-04 
      3 KSP Residual norm 4.778726790424e-05 
      4 KSP Residual norm 9.388433504770e-06 
      5 KSP Residual norm 1.827786821656e-06 
    Linear mg_coarse_ solve converged due to CONVERGED_RTOL iterations 5
  4 KSP Residual norm 1.027944789329e-06 
      Residual norms for mg_coarse_ solve.
      0 KSP Residual norm 4.215888223814e-01 
      1 KSP Residual norm 1.790025239760e-02 
      2 KSP Residual norm 5.636791052757e-04 
      3 KSP Residual norm 1.210319698247e-04 
      4 KSP Residual norm 2.082980985567e-05 
      5 KSP Residual norm 3.745044423280e-06 
    Linear mg_coarse_ solve converged due to CONVERGED_RTOL iterations 5
  5 KSP Residual norm 2.441845923904e-07 
      Residual norms for mg_coarse_ solve.
      0 KSP Residual norm 3.442007894019e-01 
      1 KSP Residual norm 1.963106331784e-02 
      2 KSP Residual norm 8.589713811309e-04 
      3 KSP Residual norm 1.667639659356e-04 
      4 KSP Residual norm 3.316919587154e-05 
      5 KSP Residual norm 5.854709149118e-06 
      6 KSP Residual norm 1.074543631172e-06 
    Linear mg_coarse_ solve converged due to CONVERGED_RTOL iterations 6
  6 KSP Residual norm 4.050189688723e-08 
      Residual norms for mg_coarse_ solve.
      0 KSP Residual norm 3.991721100199e-01 
      1 KSP Residual norm 2.283584964566e-02 
      2 KSP Residual norm 1.530710121811e-03 
      3 KSP Residual norm 2.368242109680e-04 
      4 KSP Residual norm 4.846244652252e-05 
      5 KSP Residual norm 9.774719999296e-06 
      6 KSP Residual norm 1.755742598533e-06 
    Linear mg_coarse_ solve converged due to CONVERGED_RTOL iterations 6
  7 KSP Residual norm 9.388230354372e-09 
time taken for solve is32.6162
************************************************************************************************************************
***             WIDEN YOUR WINDOW TO 120 CHARACTERS.  Use 'enscript -r -fCourier9' to print this document            ***
************************************************************************************************************************

---------------------------------------------- PETSc Performance Summary: ----------------------------------------------

/home/a/asarkar/sudhipv/software/FreeFem-sources/src/mpi/FreeFem++-mpi on a  named nia1147.scinet.local with 284 processors, by sudhipv Wed Nov 23 17:54:25 2022
Using Petsc Release Version 3.15.0, Mar 30, 2021 

                         Max       Max/Min     Avg       Total
Time (sec):           3.284e+01     1.000   3.284e+01
Objects:              1.440e+02     1.000   1.440e+02
Flop:                 5.210e+12     1.369   4.619e+12  1.312e+15
Flop/sec:             1.586e+11     1.369   1.407e+11  3.995e+13
MPI Messages:         1.544e+03     4.000   1.064e+03  3.023e+05
MPI Message Lengths:  2.155e+07     3.083   1.566e+04  4.733e+09
MPI Reductions:       1.930e+02     1.000

Flop counting convention: 1 flop = 1 real number operation of type (multiply/divide/add/subtract)
                            e.g., VecAXPY() for real vectors of length N --> 2N flop
                            and VecAXPY() for complex vectors of length N --> 8N flop

Summary of Stages:   ----- Time ------  ----- Flop ------  --- Messages ---  -- Message Lengths --  -- Reductions --
                        Avg     %Total     Avg     %Total    Count   %Total     Avg         %Total    Count   %Total
 0:      Main Stage: 3.2840e+01 100.0%  1.3118e+15 100.0%  3.023e+05 100.0%  1.566e+04      100.0%  1.750e+02  90.7%

------------------------------------------------------------------------------------------------------------------------
See the 'Profiling' chapter of the users' manual for details on interpreting output.
Phase summary info:
   Count: number of times phase was executed
   Time and Flop: Max - maximum over all processors
                  Ratio - ratio of maximum to minimum over all processors
   Mess: number of messages sent
   AvgLen: average message length (bytes)
   Reduct: number of global reductions
   Global: entire computation
   Stage: stages of a computation. Set stages with PetscLogStagePush() and PetscLogStagePop().
      %T - percent time in this phase         %F - percent flop in this phase
      %M - percent messages in this phase     %L - percent message lengths in this phase
      %R - percent reductions in this phase
   Total Mflop/s: 10e-6 * (sum of flop over all processors)/(max time over all processors)
------------------------------------------------------------------------------------------------------------------------
Event                Count      Time (sec)     Flop                              --- Global ---  --- Stage ----  Total
                   Max Ratio  Max     Ratio   Max  Ratio  Mess   AvgLen  Reduct  %T %F %M %L %R  %T %F %M %L %R Mflop/s
------------------------------------------------------------------------------------------------------------------------

--- Event Stage 0: Main Stage

BuildTwoSided          6 1.0 1.3985e+00110.7 0.00e+00 0.0 4.7e+03 4.0e+00 5.0e+00  1  0  2  0  3   1  0  2  0  3     0
BuildTwoSidedF         2 1.0 3.9700e-0320.8 0.00e+00 0.0 0.0e+00 0.0e+00 2.0e+00  0  0  0  0  1   0  0  0  0  1     0
MatMult               92 1.0 2.0179e+00 1.8 1.14e+09 1.1 1.5e+05 5.7e+03 2.0e+00  6  0 50 18  1   6  0 50 18  1 152244
MatMultAdd             7 1.0 3.3483e-02 2.9 1.04e+06 1.1 1.1e+04 1.2e+04 0.0e+00  0  0  4  3  0   0  0  4  3  0  8379
MatMultTranspose       7 1.0 1.5239e-0114.4 0.00e+00 0.0 1.1e+04 3.8e+04 0.0e+00  0  0  4  9  0   0  0  4  9  0     0
MatSolve              39 1.0 5.0247e+00 2.1 5.21e+12 1.4 0.0e+00 0.0e+00 0.0e+00 14100  0  0  0  14100  0  0  0 260999252
MatLUFactorSym         1 1.0 5.4306e-01 1.9 0.00e+00 0.0 0.0e+00 0.0e+00 0.0e+00  1  0  0  0  0   1  0  0  0  0     0
MatLUFactorNum         1 1.0 3.4497e+00 1.6 1.23e+08 1.3 0.0e+00 0.0e+00 0.0e+00 10  0  0  0  0  10  0  0  0  0  9198
MatConvert             1 1.0 5.6456e-02 1.0 0.00e+00 0.0 0.0e+00 0.0e+00 4.0e+00  0  0  0  0  2   0  0  0  0  2     0
MatResidual            7 1.0 2.5278e-01 1.9 1.45e+08 1.1 1.1e+04 7.2e+03 0.0e+00  1  0  4  2  0   1  0  4  2  0 155207
MatAssemblyBegin       6 1.0 4.1619e-03 5.0 0.00e+00 0.0 0.0e+00 0.0e+00 2.0e+00  0  0  0  0  1   0  0  0  0  1     0
MatAssemblyEnd         6 1.0 1.9175e+0014.1 0.00e+00 0.0 0.0e+00 0.0e+00 1.2e+01  2  0  0  0  6   2  0  0  0  7     0
MatGetRowIJ            3 1.0 9.7351e-03 1.8 0.00e+00 0.0 0.0e+00 0.0e+00 0.0e+00  0  0  0  0  0   0  0  0  0  0     0
MatCreateSubMats       1 1.0 4.7818e-01 1.3 0.00e+00 0.0 7.8e+03 3.1e+05 1.0e+00  1  0  3 50  1   1  0  3 50  1     0
MatGetOrdering         1 1.0 2.7059e-02 1.9 0.00e+00 0.0 0.0e+00 0.0e+00 0.0e+00  0  0  0  0  0   0  0  0  0  0     0
MatIncreaseOvrlp       1 1.0 5.2589e-02 1.8 0.00e+00 0.0 0.0e+00 0.0e+00 1.0e+00  0  0  0  0  1   0  0  0  0  1     0
KSPSetUp               3 1.0 6.4297e+00 1.0 1.47e+12 1.4 6.4e+04 4.3e+04 3.8e+01 20 28 21 58 20  20 28 21 58 22 57543003
KSPSolve               1 1.0 1.0656e+01 1.0 3.74e+12 1.4 2.3e+05 7.8e+03 1.0e+02 32 72 76 38 53  32 72 76 38 59 88379414
KSPGMRESOrthog        57 1.0 7.1681e-01 3.2 3.51e+07 1.1 0.0e+00 0.0e+00 5.7e+01  1  0  0  0 30   1  0  0  0 33 13147
PCSetUp                1 1.0 8.2283e+00 1.0 1.47e+12 1.4 6.4e+04 4.3e+04 4.2e+01 25 28 21 58 22  25 28 21 58 24 44964687
PCSetUpOnBlocks       15 1.0 3.9103e+00 1.5 1.23e+08 1.3 0.0e+00 0.0e+00 0.0e+00 11  0  0  0  0  11  0  0  0  0  8114
PCApply                7 1.0 1.0399e+01 1.0 3.74e+12 1.4 2.2e+05 7.8e+03 8.8e+01 31 72 73 36 46  31 72 73 36 50 90561970
PCApplyOnBlocks       39 1.0 5.0297e+00 2.1 5.21e+12 1.4 0.0e+00 0.0e+00 0.0e+00 14100  0  0  0  14100  0  0  0 260737205
VecMDot               57 1.0 7.1138e-01 3.4 1.76e+07 1.1 0.0e+00 0.0e+00 5.7e+01  1  0  0  0 30   1  0  0  0 33  6624
VecNorm               66 1.0 1.3043e-01 6.3 4.61e+06 1.1 0.0e+00 0.0e+00 6.6e+01  0  0  0  0 34   0  0  0  0 38  9457
VecScale              80 1.0 1.0818e-03 2.0 2.31e+06 1.1 0.0e+00 0.0e+00 0.0e+00  0  0  0  0  0   0  0  0  0  0 570089
VecCopy               83 1.0 7.6571e-03 1.9 0.00e+00 0.0 0.0e+00 0.0e+00 0.0e+00  0  0  0  0  0   0  0  0  0  0     0
VecSet               202 1.0 2.0284e-02 2.1 0.00e+00 0.0 0.0e+00 0.0e+00 0.0e+00  0  0  0  0  0   0  0  0  0  0     0
VecAXPY               16 1.0 2.4773e-03 2.5 1.60e+06 1.1 0.0e+00 0.0e+00 0.0e+00  0  0  0  0  0   0  0  0  0  0 173979
VecAYPX               42 1.0 7.4052e-03 2.3 4.14e+06 1.1 0.0e+00 0.0e+00 0.0e+00  0  0  0  0  0   0  0  0  0  0 151548
VecAXPBYCZ            14 1.0 5.5348e-03 3.3 5.18e+06 1.1 0.0e+00 0.0e+00 0.0e+00  0  0  0  0  0   0  0  0  0  0 253450
VecMAXPY              66 1.0 1.6163e-02 2.7 2.16e+07 1.1 0.0e+00 0.0e+00 0.0e+00  0  0  0  0  0   0  0  0  0  0 358539
VecScatterBegin      241 1.0 1.4191e+0032.9 0.00e+00 0.0 2.6e+05 6.1e+03 3.0e+00  1  0 88 34  2   1  0 88 34  2     0
VecScatterEnd        241 1.0 3.2178e+00299.5 2.54e+05 3.1 0.0e+00 0.0e+00 0.0e+00  1  0  0  0  0   1  0  0  0  0    17
VecNormalize          58 1.0 1.2922e-01 6.8 5.15e+06 1.2 0.0e+00 0.0e+00 5.8e+01  0  0  0  0 30   0  0  0  0 33 10595
SFSetGraph             4 1.0 1.2587e-04 2.0 0.00e+00 0.0 0.0e+00 0.0e+00 0.0e+00  0  0  0  0  0   0  0  0  0  0     0
SFSetUp                4 1.0 1.3996e+0082.2 0.00e+00 0.0 9.4e+03 1.5e+03 3.0e+00  1  0  3  0  2   1  0  3  0  2     0
SFPack               241 1.0 3.3704e-03 3.1 0.00e+00 0.0 0.0e+00 0.0e+00 0.0e+00  0  0  0  0  0   0  0  0  0  0     0
SFUnpack             241 1.0 2.3681e-03 6.0 2.54e+05 3.1 0.0e+00 0.0e+00 0.0e+00  0  0  0  0  0   0  0  0  0  0 23313
------------------------------------------------------------------------------------------------------------------------

Memory usage is given in bytes:

Object Type          Creations   Destructions     Memory  Descendants' Mem.
Reports information only for process 0.

--- Event Stage 0: Main Stage

              Matrix    12             12    277885340     0.
       Krylov Solver     5              5        72264     0.
      Preconditioner     5              5         6024     0.
              Viewer     2              1          848     0.
              Vector    85             85     34822072     0.
           Index Set    15             15      1948880     0.
   IS L to G Mapping     1              1       874280     0.
   Star Forest Graph    10             10        11376     0.
    Distributed Mesh     3              3        15144     0.
     Discrete System     3              3         2712     0.
           Weak Form     3              3         2472     0.
========================================================================================================================
Average time to get PetscTime(): 3.11e-08
Average time for MPI_Barrier(): 8.22544e-05
Average time for zero size MPI_Send(): 1.21215e-06
#PETSc Option Table entries:
-ksp_max_it 200
-ksp_monitor
-ksp_pc_side right
-ksp_type fgmres
-log_view
-m 500
-mg_coarse_ksp_converged_reason
-mg_coarse_ksp_monitor
-mg_coarse_ksp_pc_side right
-mg_coarse_ksp_type gmres
-mg_coarse_pc_type hypre
-mg_levels_pc_asm_type basic
-mg_levels_pc_type asm
-mg_levels_sub_pc_factor_mat_solver_type mumps
-mg_levels_sub_pc_type lu
-n 500
-nw
-pc_mg_type multiplicative
-pc_type mg
#End of PETSc Option Table entries
Compiled without FORTRAN kernels
Compiled with full precision matrices (default)
sizeof(short) 2 sizeof(int) 4 sizeof(long) 8 sizeof(void*) 8 sizeof(PetscScalar) 8 sizeof(PetscInt) 4
Configure options: --prefix=/home/a/asarkar/sudhipv/software/FreeFem-sources/install/ff-petsc/r MAKEFLAGS= --with-debugging=0 COPTFLAGS="-O3 -mtune=native" CXXOPTFLAGS="-O3 -mtune=native" FOPTFLAGS="-O3 -mtune=native" --with-cxx-dialect=C++11 --with-ssl=0 --with-x=0 --with-fortran-bindings=0 --with-cudac=0 --with-cc=/cvmfs/soft.computecanada.ca/easybuild/software/2020/avx512/Compiler/intel2020/openmpi/4.0.3/bin/mpicc --with-cxx=/cvmfs/soft.computecanada.ca/easybuild/software/2020/avx512/Compiler/intel2020/openmpi/4.0.3/bin/mpic++ --with-fc=/cvmfs/soft.computecanada.ca/easybuild/software/2020/avx512/Compiler/intel2020/openmpi/4.0.3/bin/mpif90 --with-scalar-type=real --with-blaslapack-include=/cvmfs/soft.computecanada.ca/easybuild/software/2020/Core/imkl/2020.1.217/mkl/include --with-blaslapack-lib="-Wl,-rpath,/cvmfs/soft.computecanada.ca/easybuild/software/2020/Core/imkl/2020.1.217/mkl/lib/intel64 -L/cvmfs/soft.computecanada.ca/easybuild/software/2020/Core/imkl/2020.1.217/mkl/lib/intel64 -lmkl_rt -lmkl_intel_thread -lmkl_core  -liomp5 -lpthread" --download-metis --download-ptscotch --download-hypre --download-parmetis --download-mmg --download-parmmg --download-superlu --download-suitesparse --download-tetgen --download-slepc --download-hpddm --download-scalapack --download-mumps --download-slepc-configure-arguments=--download-arpack=https://github.com/prj-/arpack-ng/archive/b64dccb.tar.gz PETSC_ARCH=fr
-----------------------------------------
Libraries compiled on 2021-05-02 15:39:49 on nia-login03.scinet.local 
Machine characteristics: Linux-3.10.0-957.27.2.el7.x86_64-x86_64-with-centos-7.6.1810-Core
Using PETSc directory: /home/a/asarkar/sudhipv/software/FreeFem-sources/install/ff-petsc/r
Using PETSc arch: 
-----------------------------------------

Using C compiler: /cvmfs/soft.computecanada.ca/easybuild/software/2020/avx512/Compiler/intel2020/openmpi/4.0.3/bin/mpicc  -fPIC -wd1572 -O3 -mtune=native   
Using Fortran compiler: /cvmfs/soft.computecanada.ca/easybuild/software/2020/avx512/Compiler/intel2020/openmpi/4.0.3/bin/mpif90  -fPIC -O3 -mtune=native     
-----------------------------------------

Using include paths: -I/home/a/asarkar/sudhipv/software/FreeFem-sources/install/ff-petsc/r/include -I/cvmfs/soft.computecanada.ca/easybuild/software/2020/Core/imkl/2020.1.217/mkl/include
-----------------------------------------

Using C linker: /cvmfs/soft.computecanada.ca/easybuild/software/2020/avx512/Compiler/intel2020/openmpi/4.0.3/bin/mpicc
Using Fortran linker: /cvmfs/soft.computecanada.ca/easybuild/software/2020/avx512/Compiler/intel2020/openmpi/4.0.3/bin/mpif90
Using libraries: -Wl,-rpath,/home/a/asarkar/sudhipv/software/FreeFem-sources/install/ff-petsc/r/lib -L/home/a/asarkar/sudhipv/software/FreeFem-sources/install/ff-petsc/r/lib -lpetsc -Wl,-rpath,/home/a/asarkar/sudhipv/software/FreeFem-sources/install/ff-petsc/r/lib -L/home/a/asarkar/sudhipv/software/FreeFem-sources/install/ff-petsc/r/lib -Wl,-rpath,/cvmfs/soft.computecanada.ca/easybuild/software/2020/Core/imkl/2020.1.217/mkl/lib/intel64 -L/cvmfs/soft.computecanada.ca/easybuild/software/2020/Core/imkl/2020.1.217/mkl/lib/intel64 -Wl,-rpath,/cvmfs/soft.computecanada.ca/easybuild/software/2020/avx512/Compiler/intel2020/openmpi/4.0.3/lib -L/cvmfs/soft.computecanada.ca/easybuild/software/2020/avx512/Compiler/intel2020/openmpi/4.0.3/lib -Wl,-rpath,/cvmfs/soft.computecanada.ca/easybuild/software/2020/avx512/Core/libfabric/1.10.1/lib -L/cvmfs/soft.computecanada.ca/easybuild/software/2020/avx512/Core/libfabric/1.10.1/lib -Wl,-rpath,/cvmfs/soft.computecanada.ca/easybuild/software/2020/avx512/Core/ucx/1.8.0/lib -L/cvmfs/soft.computecanada.ca/easybuild/software/2020/avx512/Core/ucx/1.8.0/lib -Wl,-rpath,/cvmfs/soft.computecanada.ca/easybuild/software/2020/Core/imkl/2020.1.217/lib/intel64 -L/cvmfs/soft.computecanada.ca/easybuild/software/2020/Core/imkl/2020.1.217/lib/intel64 -Wl,-rpath,/cvmfs/restricted.computecanada.ca/easybuild/software/2020/Core/intel/2020.1.217/compilers_and_libraries_2020.1.217/linux/tbb/lib/intel64/gcc4.8 -L/cvmfs/restricted.computecanada.ca/easybuild/software/2020/Core/intel/2020.1.217/compilers_and_libraries_2020.1.217/linux/tbb/lib/intel64/gcc4.8 -Wl,-rpath,/cvmfs/restricted.computecanada.ca/easybuild/software/2020/Core/intel/2020.1.217/compilers_and_libraries_2020.1.217/linux/compiler/lib/intel64_lin -L/cvmfs/restricted.computecanada.ca/easybuild/software/2020/Core/intel/2020.1.217/compilers_and_libraries_2020.1.217/linux/compiler/lib/intel64_lin -Wl,-rpath,/cvmfs/soft.computecanada.ca/easybuild/software/2020/avx512/Compiler/intel2020/openmpi/4.0.3/lib64 -L/cvmfs/soft.computecanada.ca/easybuild/software/2020/avx512/Compiler/intel2020/openmpi/4.0.3/lib64 -Wl,-rpath,/cvmfs/soft.computecanada.ca/easybuild/software/2020/Core/gcccore/9.3.0/lib/gcc/x86_64-pc-linux-gnu/9.3.0 -L/cvmfs/soft.computecanada.ca/easybuild/software/2020/Core/gcccore/9.3.0/lib/gcc/x86_64-pc-linux-gnu/9.3.0 -Wl,-rpath,/cvmfs/soft.computecanada.ca/easybuild/software/2020/Core/gcccore/9.3.0/lib64 -L/cvmfs/soft.computecanada.ca/easybuild/software/2020/Core/gcccore/9.3.0/lib64 -Wl,-rpath,/cvmfs/soft.computecanada.ca/gentoo/2020/lib64 -L/cvmfs/soft.computecanada.ca/gentoo/2020/lib64 -Wl,-rpath,/cvmfs/soft.computecanada.ca/gentoo/2020/usr/lib64 -L/cvmfs/soft.computecanada.ca/gentoo/2020/usr/lib64 -Wl,-rpath,/cvmfs/soft.computecanada.ca/easybuild/software/2020/Core/gcccore/9.3.0/lib -L/cvmfs/soft.computecanada.ca/easybuild/software/2020/Core/gcccore/9.3.0/lib -Wl,-rpath,/cvmfs/soft.computecanada.ca/gentoo/2020/lib -L/cvmfs/soft.computecanada.ca/gentoo/2020/lib -Wl,-rpath,/cvmfs/soft.computecanada.ca/gentoo/2020/usr/lib -L/cvmfs/soft.computecanada.ca/gentoo/2020/usr/lib -lHYPRE -lcmumps -ldmumps -lsmumps -lzmumps -lmumps_common -lpord -lscalapack -lumfpack -lklu -lcholmod -lbtf -lccolamd -lcolamd -lcamd -lamd -lsuitesparseconfig -lsuperlu -lmkl_rt -lmkl_intel_thread -lmkl_core -liomp5 -lpthread -lparmmg -lmmg -lmmg3d -lptesmumps -lptscotchparmetis -lptscotch -lptscotcherr -lesmumps -lscotch -lscotcherr -lpthread -lparmetis -lmetis -ltet -lstdc++ -ldl -lmpi_usempif08 -lmpi_usempi_ignore_tkr -lmpi_mpifh -lmpi -lifport -lifcoremt_pic -limf -lsvml -lm -lipgo -lirc -lpthread -lgcc_s -lirc_s -lrt -lquadmath -lstdc++ -ldl
-----------------------------------------


scontrol show jobid 8475088
JobId=8475088 JobName=LP_weak_RV_3
   UserId=sudhipv(3061414) GroupId=asarkar(6001189) MCS_label=N/A
   Priority=1737157 Nice=0 Account=def-asarkar QOS=normal
   JobState=COMPLETING Reason=None Dependency=(null)
   Requeue=0 Restarts=0 BatchFlag=1 Reboot=0 ExitCode=0:0
   RunTime=00:00:54 TimeLimit=00:30:00 TimeMin=N/A
   SubmitTime=2022-11-23T17:49:25 EligibleTime=2022-11-23T17:49:25
   AccrueTime=2022-11-23T17:49:25
   StartTime=2022-11-23T17:53:32 EndTime=2022-11-23T17:54:26 Deadline=N/A
   SuspendTime=None SecsPreSuspend=0 LastSchedEval=2022-11-23T17:53:32 Scheduler=Backfill
   Partition=compute AllocNode:Sid=nia-login03:98134
   ReqNodeList=(null) ExcNodeList=(null)
   NodeList=nia[1261,1282,1312,1455-1458]
   BatchHost=nia1147
   NumNodes=7 NumCPUs=640 NumTasks=320 CPUs/Task=1 ReqB:S:C:T=0:0:*:*
   TRES=cpu=640,mem=1400000M,node=8,billing=320
   Socks/Node=* NtasksPerN:B:S:C=40:0:*:* CoreSpec=*
   MinCPUsNode=40 MinMemoryNode=175000M MinTmpDiskNode=0
   Features=[skylake|cascade] DelayBoot=00:00:00
   OverSubscribe=NO Contiguous=0 Licenses=(null) Network=(null)
   Command=/gpfs/fs0/scratch/a/asarkar/sudhipv/poisson_hpc/stochastic/process_L/poisson_strong/runff_niagara.sh
   WorkDir=/gpfs/fs0/scratch/a/asarkar/sudhipv/poisson_hpc/stochastic/process_L/poisson_strong
   Comment=/opt/slurm/bin/sbatch --export=NONE runff_niagara.sh 
   StdErr=/gpfs/fs0/scratch/a/asarkar/sudhipv/poisson_hpc/stochastic/process_L/poisson_strong/LP_weak_RV_3-8475088.out
   StdIn=/dev/null
   StdOut=/gpfs/fs0/scratch/a/asarkar/sudhipv/poisson_hpc/stochastic/process_L/poisson_strong/LP_weak_RV_3-8475088.out
   Power=
   MailUser=sudhipv@cmail.carleton.ca MailType=INVALID_DEPEND,BEGIN,END,FAIL,REQUEUE,STAGE_OUT
   

sacct -j 8475088
JobID           JobName    Account    Elapsed  MaxVMSize     MaxRSS  SystemCPU    UserCPU ExitCode 
------------ ---------- ---------- ---------- ---------- ---------- ---------- ---------- -------- 
8475088      LP_weak_R+ def-asark+   00:00:54                        06:32.980   02:30:31      0:0 
8475088.bat+      batch def-asark+   00:00:54  76213492K  48412860K  00:56.097  21:07.735      0:0 
8475088.ext+     extern def-asark+   00:00:55    142384K      1132K  00:00.003  00:00.003      0:0 
8475088.0         orted def-asark+   00:00:42  81570872K  53371356K  05:36.879   02:09:23      0:0 
