
The following have been reloaded with a version change:
  1) mii/1.1.1 => mii/1.1.2

/cvmfs/soft.computecanada.ca/easybuild/software/2020/avx512/Compiler/intel2020/openmpi/4.0.3/bin/mpiexec
/cvmfs/soft.computecanada.ca/easybuild/software/2020/avx512/Compiler/intel2020/openmpi/4.0.3/bin/mpirun
Number of Vertices for coarse grid  251001
Number of Vertices for fine mesh is  1.002e+06
1	
	-111111	
number of random variable  5
order of input  2
order of output  3
Number of input PC   21
Number of output PC  56
Mean of Gaussian  0
Sd of Gaussian  0.3
Size of linear System  5.61121e+07
sindex is 25 2	
	   1   1
	   1   2
	   2   1
	   2   2
	   1   3
	   3   1
	   2   3
	   3   2
	   1   4
	   4   1
	   3   3
	   2   4
	   4   2
	   3   4
	   4   3
	   1   5
	   5   1
	   2   5
	   5   2
	   4   4
	   3   5
	   5   3
	   1   6
	   6   1
	   2   6
	
mindex for file ./kledata/multiIndex00030005.dat is 56 5	
	   0   0   0   0   0
	   1   0   0   0   0
	   0   1   0   0   0
	   0   0   1   0   0
	   0   0   0   1   0
	   0   0   0   0   1
	   2   0   0   0   0
	   1   1   0   0   0
	   1   0   1   0   0
	   1   0   0   1   0
	   1   0   0   0   1
	   0   2   0   0   0
	   0   1   1   0   0
	   0   1   0   1   0
	   0   1   0   0   1
	   0   0   2   0   0
	   0   0   1   1   0
	   0   0   1   0   1
	   0   0   0   2   0
	   0   0   0   1   1
	   0   0   0   0   2
	   3   0   0   0   0
	   2   1   0   0   0
	   2   0   1   0   0
	   2   0   0   1   0
	   2   0   0   0   1
	   1   2   0   0   0
	   1   1   1   0   0
	   1   1   0   1   0
	   1   1   0   0   1
	   1   0   2   0   0
	   1   0   1   1   0
	   1   0   1   0   1
	   1   0   0   2   0
	   1   0   0   1   1
	   1   0   0   0   2
	   0   3   0   0   0
	   0   2   1   0   0
	   0   2   0   1   0
	   0   2   0   0   1
	   0   1   2   0   0
	   0   1   1   1   0
	   0   1   1   0   1
	   0   1   0   2   0
	   0   1   0   1   1
	   0   1   0   0   2
	   0   0   3   0   0
	   0   0   2   1   0
	   0   0   2   0   1
	   0   0   1   2   0
	   0   0   1   1   1
	   0   0   1   0   2
	   0   0   0   3   0
	   0   0   0   2   1
	   0   0   0   1   2
	   0   0   0   0   3
	
Finished generating log normal input coefficients for rank 0
Assembling matrices for level 0 and rank 0
Assembling matrices for level 1 and rank 0
Exited Assembling 0
Starting solve for 0
  0 KSP Residual norm 9.990000000000e-04 
      Residual norms for mg_coarse_ solve.
      0 KSP Residual norm 4.278229312219e+00 
      1 KSP Residual norm 2.529143682359e+00 
      2 KSP Residual norm 5.626177398422e-01 
      3 KSP Residual norm 1.176203254370e-01 
      4 KSP Residual norm 2.483717406806e-02 
      5 KSP Residual norm 5.127207717242e-03 
      6 KSP Residual norm 9.019159792743e-04 
      7 KSP Residual norm 1.581060755179e-04 
      8 KSP Residual norm 2.921622778701e-05 
    Linear mg_coarse_ solve converged due to CONVERGED_RTOL iterations 8
  1 KSP Residual norm 6.266248587875e-04 
      Residual norms for mg_coarse_ solve.
      0 KSP Residual norm 3.064710433609e-01 
      1 KSP Residual norm 3.469127026190e-03 
      2 KSP Residual norm 5.893709171744e-04 
      3 KSP Residual norm 1.052131176218e-04 
      4 KSP Residual norm 2.291176898312e-05 
      5 KSP Residual norm 4.816418538248e-06 
      6 KSP Residual norm 8.824324662607e-07 
    Linear mg_coarse_ solve converged due to CONVERGED_RTOL iterations 6
  2 KSP Residual norm 6.350634487892e-05 
      Residual norms for mg_coarse_ solve.
      0 KSP Residual norm 2.897728025414e-01 
      1 KSP Residual norm 2.863020767098e-03 
      2 KSP Residual norm 2.365194944121e-04 
      3 KSP Residual norm 5.052722496380e-05 
      4 KSP Residual norm 9.861092115412e-06 
      5 KSP Residual norm 2.056148035623e-06 
    Linear mg_coarse_ solve converged due to CONVERGED_RTOL iterations 5
  3 KSP Residual norm 3.668222296375e-06 
      Residual norms for mg_coarse_ solve.
      0 KSP Residual norm 3.985631601685e-01 
      1 KSP Residual norm 6.821429335545e-03 
      2 KSP Residual norm 5.668948405596e-04 
      3 KSP Residual norm 1.198017234154e-04 
      4 KSP Residual norm 2.490787350760e-05 
      5 KSP Residual norm 5.298820861370e-06 
      6 KSP Residual norm 1.043526352009e-06 
    Linear mg_coarse_ solve converged due to CONVERGED_RTOL iterations 6
  4 KSP Residual norm 6.023564964404e-07 
      Residual norms for mg_coarse_ solve.
      0 KSP Residual norm 4.155587534248e-01 
      1 KSP Residual norm 1.805898643010e-02 
      2 KSP Residual norm 2.885215801722e-04 
      3 KSP Residual norm 2.188738141564e-05 
      4 KSP Residual norm 3.885975221839e-06 
    Linear mg_coarse_ solve converged due to CONVERGED_RTOL iterations 4
  5 KSP Residual norm 1.043663814935e-07 
      Residual norms for mg_coarse_ solve.
      0 KSP Residual norm 3.211422359582e-01 
      1 KSP Residual norm 1.690401075791e-02 
      2 KSP Residual norm 1.787242428815e-03 
      3 KSP Residual norm 3.117068779684e-04 
      4 KSP Residual norm 7.061747741375e-05 
      5 KSP Residual norm 1.521114448231e-05 
      6 KSP Residual norm 2.808262818285e-06 
    Linear mg_coarse_ solve converged due to CONVERGED_RTOL iterations 6
  6 KSP Residual norm 1.855594320571e-08 
      Residual norms for mg_coarse_ solve.
      0 KSP Residual norm 4.448277760231e-01 
      1 KSP Residual norm 2.384627090653e-02 
      2 KSP Residual norm 1.913998447081e-03 
      3 KSP Residual norm 3.330661073776e-04 
      4 KSP Residual norm 7.654167693908e-05 
      5 KSP Residual norm 1.621814420047e-05 
      6 KSP Residual norm 2.954999109301e-06 
    Linear mg_coarse_ solve converged due to CONVERGED_RTOL iterations 6
  7 KSP Residual norm 2.252449765790e-09 
time taken for solve is120.614
************************************************************************************************************************
***             WIDEN YOUR WINDOW TO 120 CHARACTERS.  Use 'enscript -r -fCourier9' to print this document            ***
************************************************************************************************************************

---------------------------------------------- PETSc Performance Summary: ----------------------------------------------

/home/a/asarkar/sudhipv/software/FreeFem-sources/src/mpi/FreeFem++-mpi on a  named nia1008.scinet.local with 800 processors, by sudhipv Sun Nov 27 17:42:31 2022
Using Petsc Release Version 3.15.0, Mar 30, 2021 

                         Max       Max/Min     Avg       Total
Time (sec):           1.213e+02     1.000   1.213e+02
Objects:              1.440e+02     1.000   1.440e+02
Flop:                 2.500e+13     1.585   2.043e+13  1.635e+16
Flop/sec:             2.061e+11     1.585   1.684e+11  1.347e+14
MPI Messages:         1.552e+03     4.000   1.107e+03  8.857e+05
MPI Message Lengths:  6.816e+07     3.152   4.890e+04  4.331e+10
MPI Reductions:       1.950e+02     1.000

Flop counting convention: 1 flop = 1 real number operation of type (multiply/divide/add/subtract)
                            e.g., VecAXPY() for real vectors of length N --> 2N flop
                            and VecAXPY() for complex vectors of length N --> 8N flop

Summary of Stages:   ----- Time ------  ----- Flop ------  --- Messages ---  -- Message Lengths --  -- Reductions --
                        Avg     %Total     Avg     %Total    Count   %Total     Avg         %Total    Count   %Total
 0:      Main Stage: 1.2132e+02 100.0%  1.6347e+16 100.0%  8.857e+05 100.0%  4.890e+04      100.0%  1.770e+02  90.8%

------------------------------------------------------------------------------------------------------------------------
See the 'Profiling' chapter of the users' manual for details on interpreting output.
Phase summary info:
   Count: number of times phase was executed
   Time and Flop: Max - maximum over all processors
                  Ratio - ratio of maximum to minimum over all processors
   Mess: number of messages sent
   AvgLen: average message length (bytes)
   Reduct: number of global reductions
   Global: entire computation
   Stage: stages of a computation. Set stages with PetscLogStagePush() and PetscLogStagePop().
      %T - percent time in this phase         %F - percent flop in this phase
      %M - percent messages in this phase     %L - percent message lengths in this phase
      %R - percent reductions in this phase
   Total Mflop/s: 10e-6 * (sum of flop over all processors)/(max time over all processors)
------------------------------------------------------------------------------------------------------------------------
Event                Count      Time (sec)     Flop                              --- Global ---  --- Stage ----  Total
                   Max Ratio  Max     Ratio   Max  Ratio  Mess   AvgLen  Reduct  %T %F %M %L %R  %T %F %M %L %R Mflop/s
------------------------------------------------------------------------------------------------------------------------

--- Event Stage 0: Main Stage

BuildTwoSided          6 1.0 5.3483e+00356.6 0.00e+00 0.0 1.4e+04 4.0e+00 5.0e+00  3  0  2  0  3   3  0  2  0  3     0
BuildTwoSidedF         2 1.0 7.8319e-03 6.4 0.00e+00 0.0 0.0e+00 0.0e+00 2.0e+00  0  0  0  0  1   0  0  0  0  1     0
MatMult               93 1.0 8.9597e+00 1.7 3.33e+09 1.2 4.4e+05 9.4e+03 2.0e+00  6  0 50 10  1   6  0 50 10  1 270664
MatMultAdd             7 1.0 1.3003e-0111.1 1.07e+06 1.2 3.2e+04 2.0e+04 0.0e+00  0  0  4  2  0   0  0  4  2  0  6042
MatMultTranspose       7 1.0 1.1533e+00101.5 0.00e+00 0.0 3.2e+04 6.6e+04 0.0e+00  0  0  4  5  0   0  0  4  5  0     0
MatSolve              39 1.0 1.6407e+01 1.9 2.50e+13 1.6 0.0e+00 0.0e+00 0.0e+00  9100  0  0  0   9100  0  0  0 996181824
MatLUFactorSym         1 1.0 1.3486e+00 1.3 0.00e+00 0.0 0.0e+00 0.0e+00 0.0e+00  1  0  0  0  0   1  0  0  0  0     0
MatLUFactorNum         1 1.0 1.4285e+01 1.6 3.24e+08 1.5 0.0e+00 0.0e+00 0.0e+00  9  0  0  0  0   9  0  0  0  0 15201
MatConvert             1 1.0 2.6567e-01 1.0 0.00e+00 0.0 0.0e+00 0.0e+00 4.0e+00  0  0  0  0  2   0  0  0  0  2     0
MatResidual            7 1.0 1.5356e+00 3.4 4.18e+08 1.2 3.2e+04 1.2e+04 0.0e+00  1  0  4  1  0   1  0  4  1  0 200310
MatAssemblyBegin       6 1.0 8.3458e-03 6.1 0.00e+00 0.0 0.0e+00 0.0e+00 2.0e+00  0  0  0  0  1   0  0  0  0  1     0
MatAssemblyEnd         6 1.0 9.8900e+0028.4 0.00e+00 0.0 0.0e+00 0.0e+00 1.2e+01  3  0  0  0  6   3  0  0  0  7     0
MatGetRowIJ            3 1.0 2.5584e-02 1.8 0.00e+00 0.0 0.0e+00 0.0e+00 0.0e+00  0  0  0  0  0   0  0  0  0  0     0
MatCreateSubMats       1 1.0 1.5832e+00 1.4 0.00e+00 0.0 2.3e+04 1.4e+06 1.0e+00  1  0  3 74  1   1  0  3 74  1     0
MatGetOrdering         1 1.0 7.1336e-02 2.1 0.00e+00 0.0 0.0e+00 0.0e+00 0.0e+00  0  0  0  0  0   0  0  0  0  0     0
MatIncreaseOvrlp       1 1.0 1.3879e-01 2.1 0.00e+00 0.0 0.0e+00 0.0e+00 1.0e+00  0  0  0  0  1   0  0  0  0  1     0
KSPSetUp               3 1.0 2.3727e+01 1.0 7.05e+12 1.6 1.9e+05 1.8e+05 3.8e+01 20 28 21 78 19  20 28 21 78 21 194326107
KSPSolve               1 1.0 3.6791e+01 1.0 1.80e+13 1.6 6.8e+05 1.3e+04 1.0e+02 30 72 76 20 54  30 72 76 20 59 319007440
KSPGMRESOrthog        58 1.0 6.6905e+0010.7 3.71e+07 1.2 0.0e+00 0.0e+00 5.8e+01  4  0  0  0 30   4  0  0  0 33  4003
PCSetUp                1 1.0 3.8632e+01 1.0 7.05e+12 1.6 1.9e+05 1.8e+05 4.2e+01 32 28 21 78 22  32 28 21 78 24 119349881
PCSetUpOnBlocks       15 1.0 1.5551e+01 1.5 3.24e+08 1.5 0.0e+00 0.0e+00 0.0e+00 10  0  0  0  0  10  0  0  0  0 13963
PCApply                7 1.0 3.5976e+01 1.1 1.80e+13 1.6 6.4e+05 1.3e+04 9.0e+01 28 72 73 19 46  28 72 73 19 51 326229809
PCApplyOnBlocks       39 1.0 1.6412e+01 1.9 2.50e+13 1.6 0.0e+00 0.0e+00 0.0e+00  9100  0  0  0   9100  0  0  0 995879643
VecMDot               58 1.0 6.6763e+0010.9 1.85e+07 1.2 0.0e+00 0.0e+00 5.8e+01  4  0  0  0 30   4  0  0  0 33  2006
VecNorm               67 1.0 2.5304e+0089.0 4.85e+06 1.3 0.0e+00 0.0e+00 6.7e+01  2  0  0  0 34   2  0  0  0 38  1376
VecScale              81 1.0 1.1615e-03 2.1 2.42e+06 1.3 0.0e+00 0.0e+00 0.0e+00  0  0  0  0  0   0  0  0  0  0 1498761
VecCopy               83 1.0 9.3878e-03 1.8 0.00e+00 0.0 0.0e+00 0.0e+00 0.0e+00  0  0  0  0  0   0  0  0  0  0     0
VecSet               203 1.0 2.8904e-02 2.0 0.00e+00 0.0 0.0e+00 0.0e+00 0.0e+00  0  0  0  0  0   0  0  0  0  0     0
VecAXPY               16 1.0 2.4851e-03 2.3 1.66e+06 1.2 0.0e+00 0.0e+00 0.0e+00  0  0  0  0  0   0  0  0  0  0 485622
VecAYPX               42 1.0 7.5620e-03 1.8 4.27e+06 1.2 0.0e+00 0.0e+00 0.0e+00  0  0  0  0  0   0  0  0  0  0 415534
VecAXPBYCZ            14 1.0 4.5851e-03 2.4 5.34e+06 1.2 0.0e+00 0.0e+00 0.0e+00  0  0  0  0  0   0  0  0  0  0 856656
VecMAXPY              67 1.0 1.7283e-02 1.3 2.28e+07 1.3 0.0e+00 0.0e+00 0.0e+00  0  0  0  0  0   0  0  0  0  0 951894
VecScatterBegin      242 1.0 5.3881e+00115.5 0.00e+00 0.0 7.8e+05 1.0e+04 3.0e+00  3  0 88 18  2   3  0 88 18  2     0
VecScatterEnd        242 1.0 7.8207e+00150.9 4.17e+05 3.1 0.0e+00 0.0e+00 0.0e+00  1  0  0  0  0   1  0  0  0  0    34
VecNormalize          59 1.0 2.5280e+0095.5 5.44e+06 1.3 0.0e+00 0.0e+00 5.9e+01  2  0  0  0 30   2  0  0  0 33  1533
SFSetGraph             4 1.0 2.0637e-04 2.9 0.00e+00 0.0 0.0e+00 0.0e+00 0.0e+00  0  0  0  0  0   0  0  0  0  0     0
SFSetUp                4 1.0 5.3497e+00305.5 0.00e+00 0.0 2.7e+04 2.4e+03 3.0e+00  3  0  3  0  2   3  0  3  0  2     0
SFPack               242 1.0 4.5871e-03 3.7 0.00e+00 0.0 0.0e+00 0.0e+00 0.0e+00  0  0  0  0  0   0  0  0  0  0     0
SFUnpack             242 1.0 2.6096e-03 5.8 4.17e+05 3.1 0.0e+00 0.0e+00 0.0e+00  0  0  0  0  0   0  0  0  0  0 101113
------------------------------------------------------------------------------------------------------------------------

Memory usage is given in bytes:

Object Type          Creations   Destructions     Memory  Descendants' Mem.
Reports information only for process 0.

--- Event Stage 0: Main Stage

              Matrix    12             12    731021980     0.
       Krylov Solver     5              5        72264     0.
      Preconditioner     5              5         6024     0.
              Viewer     2              1          848     0.
              Vector    85             85     33629880     0.
           Index Set    15             15      2042768     0.
   IS L to G Mapping     1              1       888392     0.
   Star Forest Graph    10             10        11376     0.
    Distributed Mesh     3              3        15144     0.
     Discrete System     3              3         2712     0.
           Weak Form     3              3         2472     0.
========================================================================================================================
Average time to get PetscTime(): 3.11e-08
Average time for MPI_Barrier(): 8.73548e-05
Average time for zero size MPI_Send(): 1.28176e-06
#PETSc Option Table entries:
-ksp_max_it 200
-ksp_monitor
-ksp_pc_side right
-ksp_type fgmres
-log_view
-m 500
-mg_coarse_ksp_converged_reason
-mg_coarse_ksp_monitor
-mg_coarse_ksp_pc_side right
-mg_coarse_ksp_type gmres
-mg_coarse_pc_type hypre
-mg_levels_pc_asm_type basic
-mg_levels_pc_type asm
-mg_levels_sub_pc_factor_mat_solver_type mumps
-mg_levels_sub_pc_type lu
-n 500
-nw
-pc_mg_type multiplicative
-pc_type mg
#End of PETSc Option Table entries
Compiled without FORTRAN kernels
Compiled with full precision matrices (default)
sizeof(short) 2 sizeof(int) 4 sizeof(long) 8 sizeof(void*) 8 sizeof(PetscScalar) 8 sizeof(PetscInt) 4
Configure options: --prefix=/home/a/asarkar/sudhipv/software/FreeFem-sources/install/ff-petsc/r MAKEFLAGS= --with-debugging=0 COPTFLAGS="-O3 -mtune=native" CXXOPTFLAGS="-O3 -mtune=native" FOPTFLAGS="-O3 -mtune=native" --with-cxx-dialect=C++11 --with-ssl=0 --with-x=0 --with-fortran-bindings=0 --with-cudac=0 --with-cc=/cvmfs/soft.computecanada.ca/easybuild/software/2020/avx512/Compiler/intel2020/openmpi/4.0.3/bin/mpicc --with-cxx=/cvmfs/soft.computecanada.ca/easybuild/software/2020/avx512/Compiler/intel2020/openmpi/4.0.3/bin/mpic++ --with-fc=/cvmfs/soft.computecanada.ca/easybuild/software/2020/avx512/Compiler/intel2020/openmpi/4.0.3/bin/mpif90 --with-scalar-type=real --with-blaslapack-include=/cvmfs/soft.computecanada.ca/easybuild/software/2020/Core/imkl/2020.1.217/mkl/include --with-blaslapack-lib="-Wl,-rpath,/cvmfs/soft.computecanada.ca/easybuild/software/2020/Core/imkl/2020.1.217/mkl/lib/intel64 -L/cvmfs/soft.computecanada.ca/easybuild/software/2020/Core/imkl/2020.1.217/mkl/lib/intel64 -lmkl_rt -lmkl_intel_thread -lmkl_core  -liomp5 -lpthread" --download-metis --download-ptscotch --download-hypre --download-parmetis --download-mmg --download-parmmg --download-superlu --download-suitesparse --download-tetgen --download-slepc --download-hpddm --download-scalapack --download-mumps --download-slepc-configure-arguments=--download-arpack=https://github.com/prj-/arpack-ng/archive/b64dccb.tar.gz PETSC_ARCH=fr
-----------------------------------------
Libraries compiled on 2021-05-02 15:39:49 on nia-login03.scinet.local 
Machine characteristics: Linux-3.10.0-957.27.2.el7.x86_64-x86_64-with-centos-7.6.1810-Core
Using PETSc directory: /home/a/asarkar/sudhipv/software/FreeFem-sources/install/ff-petsc/r
Using PETSc arch: 
-----------------------------------------

Using C compiler: /cvmfs/soft.computecanada.ca/easybuild/software/2020/avx512/Compiler/intel2020/openmpi/4.0.3/bin/mpicc  -fPIC -wd1572 -O3 -mtune=native   
Using Fortran compiler: /cvmfs/soft.computecanada.ca/easybuild/software/2020/avx512/Compiler/intel2020/openmpi/4.0.3/bin/mpif90  -fPIC -O3 -mtune=native     
-----------------------------------------

Using include paths: -I/home/a/asarkar/sudhipv/software/FreeFem-sources/install/ff-petsc/r/include -I/cvmfs/soft.computecanada.ca/easybuild/software/2020/Core/imkl/2020.1.217/mkl/include
-----------------------------------------

Using C linker: /cvmfs/soft.computecanada.ca/easybuild/software/2020/avx512/Compiler/intel2020/openmpi/4.0.3/bin/mpicc
Using Fortran linker: /cvmfs/soft.computecanada.ca/easybuild/software/2020/avx512/Compiler/intel2020/openmpi/4.0.3/bin/mpif90
Using libraries: -Wl,-rpath,/home/a/asarkar/sudhipv/software/FreeFem-sources/install/ff-petsc/r/lib -L/home/a/asarkar/sudhipv/software/FreeFem-sources/install/ff-petsc/r/lib -lpetsc -Wl,-rpath,/home/a/asarkar/sudhipv/software/FreeFem-sources/install/ff-petsc/r/lib -L/home/a/asarkar/sudhipv/software/FreeFem-sources/install/ff-petsc/r/lib -Wl,-rpath,/cvmfs/soft.computecanada.ca/easybuild/software/2020/Core/imkl/2020.1.217/mkl/lib/intel64 -L/cvmfs/soft.computecanada.ca/easybuild/software/2020/Core/imkl/2020.1.217/mkl/lib/intel64 -Wl,-rpath,/cvmfs/soft.computecanada.ca/easybuild/software/2020/avx512/Compiler/intel2020/openmpi/4.0.3/lib -L/cvmfs/soft.computecanada.ca/easybuild/software/2020/avx512/Compiler/intel2020/openmpi/4.0.3/lib -Wl,-rpath,/cvmfs/soft.computecanada.ca/easybuild/software/2020/avx512/Core/libfabric/1.10.1/lib -L/cvmfs/soft.computecanada.ca/easybuild/software/2020/avx512/Core/libfabric/1.10.1/lib -Wl,-rpath,/cvmfs/soft.computecanada.ca/easybuild/software/2020/avx512/Core/ucx/1.8.0/lib -L/cvmfs/soft.computecanada.ca/easybuild/software/2020/avx512/Core/ucx/1.8.0/lib -Wl,-rpath,/cvmfs/soft.computecanada.ca/easybuild/software/2020/Core/imkl/2020.1.217/lib/intel64 -L/cvmfs/soft.computecanada.ca/easybuild/software/2020/Core/imkl/2020.1.217/lib/intel64 -Wl,-rpath,/cvmfs/restricted.computecanada.ca/easybuild/software/2020/Core/intel/2020.1.217/compilers_and_libraries_2020.1.217/linux/tbb/lib/intel64/gcc4.8 -L/cvmfs/restricted.computecanada.ca/easybuild/software/2020/Core/intel/2020.1.217/compilers_and_libraries_2020.1.217/linux/tbb/lib/intel64/gcc4.8 -Wl,-rpath,/cvmfs/restricted.computecanada.ca/easybuild/software/2020/Core/intel/2020.1.217/compilers_and_libraries_2020.1.217/linux/compiler/lib/intel64_lin -L/cvmfs/restricted.computecanada.ca/easybuild/software/2020/Core/intel/2020.1.217/compilers_and_libraries_2020.1.217/linux/compiler/lib/intel64_lin -Wl,-rpath,/cvmfs/soft.computecanada.ca/easybuild/software/2020/avx512/Compiler/intel2020/openmpi/4.0.3/lib64 -L/cvmfs/soft.computecanada.ca/easybuild/software/2020/avx512/Compiler/intel2020/openmpi/4.0.3/lib64 -Wl,-rpath,/cvmfs/soft.computecanada.ca/easybuild/software/2020/Core/gcccore/9.3.0/lib/gcc/x86_64-pc-linux-gnu/9.3.0 -L/cvmfs/soft.computecanada.ca/easybuild/software/2020/Core/gcccore/9.3.0/lib/gcc/x86_64-pc-linux-gnu/9.3.0 -Wl,-rpath,/cvmfs/soft.computecanada.ca/easybuild/software/2020/Core/gcccore/9.3.0/lib64 -L/cvmfs/soft.computecanada.ca/easybuild/software/2020/Core/gcccore/9.3.0/lib64 -Wl,-rpath,/cvmfs/soft.computecanada.ca/gentoo/2020/lib64 -L/cvmfs/soft.computecanada.ca/gentoo/2020/lib64 -Wl,-rpath,/cvmfs/soft.computecanada.ca/gentoo/2020/usr/lib64 -L/cvmfs/soft.computecanada.ca/gentoo/2020/usr/lib64 -Wl,-rpath,/cvmfs/soft.computecanada.ca/easybuild/software/2020/Core/gcccore/9.3.0/lib -L/cvmfs/soft.computecanada.ca/easybuild/software/2020/Core/gcccore/9.3.0/lib -Wl,-rpath,/cvmfs/soft.computecanada.ca/gentoo/2020/lib -L/cvmfs/soft.computecanada.ca/gentoo/2020/lib -Wl,-rpath,/cvmfs/soft.computecanada.ca/gentoo/2020/usr/lib -L/cvmfs/soft.computecanada.ca/gentoo/2020/usr/lib -lHYPRE -lcmumps -ldmumps -lsmumps -lzmumps -lmumps_common -lpord -lscalapack -lumfpack -lklu -lcholmod -lbtf -lccolamd -lcolamd -lcamd -lamd -lsuitesparseconfig -lsuperlu -lmkl_rt -lmkl_intel_thread -lmkl_core -liomp5 -lpthread -lparmmg -lmmg -lmmg3d -lptesmumps -lptscotchparmetis -lptscotch -lptscotcherr -lesmumps -lscotch -lscotcherr -lpthread -lparmetis -lmetis -ltet -lstdc++ -ldl -lmpi_usempif08 -lmpi_usempi_ignore_tkr -lmpi_mpifh -lmpi -lifport -lifcoremt_pic -limf -lsvml -lm -lipgo -lirc -lpthread -lgcc_s -lirc_s -lrt -lquadmath -lstdc++ -ldl
-----------------------------------------


scontrol show jobid 8493494
JobId=8493494 JobName=LP_weak_5RV
   UserId=sudhipv(3061414) GroupId=asarkar(6001189) MCS_label=N/A
   Priority=822255 Nice=0 Account=def-asarkar QOS=normal
   JobState=COMPLETED Reason=None Dependency=(null)
   Requeue=0 Restarts=0 BatchFlag=1 Reboot=0 ExitCode=0:0
   RunTime=00:02:22 TimeLimit=00:30:00 TimeMin=N/A
   SubmitTime=2022-11-27T17:39:16 EligibleTime=2022-11-27T17:39:16
   AccrueTime=2022-11-27T17:39:16
   StartTime=2022-11-27T17:40:11 EndTime=2022-11-27T17:42:33 Deadline=N/A
   SuspendTime=None SecsPreSuspend=0 LastSchedEval=2022-11-27T17:40:11 Scheduler=Backfill
   Partition=compute AllocNode:Sid=nia-login06:108314
   ReqNodeList=(null) ExcNodeList=(null)
   NodeList=nia[1008-1012,1030-1034,1211-1215,1224-1228]
   BatchHost=nia1008
   NumNodes=20 NumCPUs=1600 NumTasks=800 CPUs/Task=1 ReqB:S:C:T=0:0:*:*
   TRES=cpu=1600,mem=3500000M,node=20,billing=800
   Socks/Node=* NtasksPerN:B:S:C=40:0:*:* CoreSpec=*
   MinCPUsNode=40 MinMemoryNode=175000M MinTmpDiskNode=0
   Features=[skylake|cascade] DelayBoot=00:00:00
   OverSubscribe=NO Contiguous=0 Licenses=(null) Network=(null)
   Command=/gpfs/fs0/scratch/a/asarkar/sudhipv/poisson_hpc/stochastic/process_L/poisson_weak_sto/runff_niagara.sh
   WorkDir=/gpfs/fs0/scratch/a/asarkar/sudhipv/poisson_hpc/stochastic/process_L/poisson_weak_sto
   Comment=/opt/slurm/bin/sbatch --export=NONE runff_niagara.sh 
   StdErr=/gpfs/fs0/scratch/a/asarkar/sudhipv/poisson_hpc/stochastic/process_L/poisson_weak_sto/LP_weak_5RV-8493494.out
   StdIn=/dev/null
   StdOut=/gpfs/fs0/scratch/a/asarkar/sudhipv/poisson_hpc/stochastic/process_L/poisson_weak_sto/LP_weak_5RV-8493494.out
   Power=
   MailUser=sudhipv@cmail.carleton.ca MailType=INVALID_DEPEND,BEGIN,END,FAIL,REQUEUE,STAGE_OUT
   

sacct -j 8493494
JobID           JobName    Account    Elapsed  MaxVMSize     MaxRSS  SystemCPU    UserCPU ExitCode 
------------ ---------- ---------- ---------- ---------- ---------- ---------- ---------- -------- 
8493494      LP_weak_5+ def-asark+   00:02:22                        59:35.301 1-01:51:00      0:0 
8493494.bat+      batch def-asark+   00:02:22 159517132K 123174164K  03:22.382   01:17:59      0:0 
8493494.ext+     extern def-asark+   00:02:22    142384K      1136K  00:00.006  00:00.010      0:0 
8493494.0         orted def-asark+   00:02:14 162534888K 128582840K  56:12.912 1-00:33:01      0:0 
