
The following have been reloaded with a version change:
  1) mii/1.1.1 => mii/1.1.2

/cvmfs/soft.computecanada.ca/easybuild/software/2020/avx512/Compiler/intel2020/openmpi/4.0.3/bin/mpiexec
/cvmfs/soft.computecanada.ca/easybuild/software/2020/avx512/Compiler/intel2020/openmpi/4.0.3/bin/mpirun
Number of Vertices for coarse grid  251001
Number of Vertices for fine mesh is  1.002e+06
1	
	-111111	
number of random variable  4
order of input  2
order of output  3
Number of input PC   15
Number of output PC  35
Mean of Gaussian  0
Sd of Gaussian  0.3
Size of linear System  3.507e+07
sindex is 25 2	
	   1   1
	   1   2
	   2   1
	   2   2
	   1   3
	   3   1
	   2   3
	   3   2
	   1   4
	   4   1
	   3   3
	   2   4
	   4   2
	   3   4
	   4   3
	   1   5
	   5   1
	   2   5
	   5   2
	   4   4
	   3   5
	   5   3
	   1   6
	   6   1
	   2   6
	
mindex for file ./kledata/multiIndex00030004.dat is 35 4	
	   0   0   0   0
	   1   0   0   0
	   0   1   0   0
	   0   0   1   0
	   0   0   0   1
	   2   0   0   0
	   1   1   0   0
	   1   0   1   0
	   1   0   0   1
	   0   2   0   0
	   0   1   1   0
	   0   1   0   1
	   0   0   2   0
	   0   0   1   1
	   0   0   0   2
	   3   0   0   0
	   2   1   0   0
	   2   0   1   0
	   2   0   0   1
	   1   2   0   0
	   1   1   1   0
	   1   1   0   1
	   1   0   2   0
	   1   0   1   1
	   1   0   0   2
	   0   3   0   0
	   0   2   1   0
	   0   2   0   1
	   0   1   2   0
	   0   1   1   1
	   0   1   0   2
	   0   0   3   0
	   0   0   2   1
	   0   0   1   2
	   0   0   0   3
	
Finished generating log normal input coefficients for rank 0
Assembling matrices for level 0 and rank 0
Assembling matrices for level 1 and rank 0
Exited Assembling 0
Starting solve for 0
  0 KSP Residual norm 9.990000000000e-04 
      Residual norms for mg_coarse_ solve.
      0 KSP Residual norm 5.410713924918e+00 
      1 KSP Residual norm 2.528582233208e+00 
      2 KSP Residual norm 4.826802987362e-01 
      3 KSP Residual norm 9.862207587361e-02 
      4 KSP Residual norm 2.117673689955e-02 
      5 KSP Residual norm 4.504327925233e-03 
      6 KSP Residual norm 8.354807169599e-04 
      7 KSP Residual norm 1.513241036350e-04 
      8 KSP Residual norm 2.635567208427e-05 
    Linear mg_coarse_ solve converged due to CONVERGED_RTOL iterations 8
  1 KSP Residual norm 7.905538928632e-04 
      Residual norms for mg_coarse_ solve.
      0 KSP Residual norm 2.500189577099e-01 
      1 KSP Residual norm 3.155984247717e-03 
      2 KSP Residual norm 4.912201101769e-04 
      3 KSP Residual norm 8.224712835432e-05 
      4 KSP Residual norm 1.820836545881e-05 
      5 KSP Residual norm 3.901211225221e-06 
      6 KSP Residual norm 7.414413197264e-07 
    Linear mg_coarse_ solve converged due to CONVERGED_RTOL iterations 6
  2 KSP Residual norm 9.534465627798e-05 
      Residual norms for mg_coarse_ solve.
      0 KSP Residual norm 1.815496252195e-01 
      1 KSP Residual norm 1.786008109087e-03 
      2 KSP Residual norm 1.372948000685e-04 
      3 KSP Residual norm 2.717827213459e-05 
      4 KSP Residual norm 5.406551826602e-06 
      5 KSP Residual norm 1.120819511124e-06 
    Linear mg_coarse_ solve converged due to CONVERGED_RTOL iterations 5
  3 KSP Residual norm 9.010151705374e-06 
      Residual norms for mg_coarse_ solve.
      0 KSP Residual norm 1.946290600323e-01 
      1 KSP Residual norm 3.439176935590e-03 
      2 KSP Residual norm 3.181920509335e-04 
      3 KSP Residual norm 5.992020196523e-05 
      4 KSP Residual norm 1.295830654261e-05 
      5 KSP Residual norm 2.767172787255e-06 
      6 KSP Residual norm 5.482448354350e-07 
    Linear mg_coarse_ solve converged due to CONVERGED_RTOL iterations 6
  4 KSP Residual norm 1.059427441261e-06 
      Residual norms for mg_coarse_ solve.
      0 KSP Residual norm 4.463184495188e-01 
      1 KSP Residual norm 1.675933719643e-02 
      2 KSP Residual norm 8.392643952397e-04 
      3 KSP Residual norm 1.580580576990e-04 
      4 KSP Residual norm 3.541608709890e-05 
      5 KSP Residual norm 7.181430631610e-06 
      6 KSP Residual norm 1.441907611793e-06 
    Linear mg_coarse_ solve converged due to CONVERGED_RTOL iterations 6
  5 KSP Residual norm 2.269517601579e-07 
      Residual norms for mg_coarse_ solve.
      0 KSP Residual norm 3.266932917735e-01 
      1 KSP Residual norm 1.758529058627e-02 
      2 KSP Residual norm 9.722206849792e-04 
      3 KSP Residual norm 1.770228664985e-04 
      4 KSP Residual norm 4.049976473262e-05 
      5 KSP Residual norm 8.230506647509e-06 
      6 KSP Residual norm 1.606530062555e-06 
    Linear mg_coarse_ solve converged due to CONVERGED_RTOL iterations 6
  6 KSP Residual norm 4.168402458253e-08 
      Residual norms for mg_coarse_ solve.
      0 KSP Residual norm 4.282805471067e-01 
      1 KSP Residual norm 2.325998013602e-02 
      2 KSP Residual norm 2.015598882543e-03 
      3 KSP Residual norm 3.244684394879e-04 
      4 KSP Residual norm 7.375564149540e-05 
      5 KSP Residual norm 1.607800803101e-05 
      6 KSP Residual norm 3.031110830003e-06 
    Linear mg_coarse_ solve converged due to CONVERGED_RTOL iterations 6
  7 KSP Residual norm 8.646977144382e-09 
time taken for solve is61.5286
************************************************************************************************************************
***             WIDEN YOUR WINDOW TO 120 CHARACTERS.  Use 'enscript -r -fCourier9' to print this document            ***
************************************************************************************************************************

---------------------------------------------- PETSc Performance Summary: ----------------------------------------------

/home/a/asarkar/sudhipv/software/FreeFem-sources/src/mpi/FreeFem++-mpi on a  named nia1302.scinet.local with 500 processors, by sudhipv Thu Nov 24 11:43:56 2022
Using Petsc Release Version 3.15.0, Mar 30, 2021 

                         Max       Max/Min     Avg       Total
Time (sec):           6.204e+01     1.000   6.204e+01
Objects:              1.440e+02     1.000   1.440e+02
Flop:                 1.223e+13     1.499   1.034e+13  5.169e+15
Flop/sec:             1.971e+11     1.499   1.666e+11  8.332e+13
MPI Messages:         1.764e+03     4.500   1.102e+03  5.512e+05
MPI Message Lengths:  3.925e+07     3.208   2.792e+04  1.539e+10
MPI Reductions:       1.990e+02     1.000

Flop counting convention: 1 flop = 1 real number operation of type (multiply/divide/add/subtract)
                            e.g., VecAXPY() for real vectors of length N --> 2N flop
                            and VecAXPY() for complex vectors of length N --> 8N flop

Summary of Stages:   ----- Time ------  ----- Flop ------  --- Messages ---  -- Message Lengths --  -- Reductions --
                        Avg     %Total     Avg     %Total    Count   %Total     Avg         %Total    Count   %Total
 0:      Main Stage: 6.2037e+01 100.0%  5.1687e+15 100.0%  5.512e+05 100.0%  2.792e+04      100.0%  1.810e+02  91.0%

------------------------------------------------------------------------------------------------------------------------
See the 'Profiling' chapter of the users' manual for details on interpreting output.
Phase summary info:
   Count: number of times phase was executed
   Time and Flop: Max - maximum over all processors
                  Ratio - ratio of maximum to minimum over all processors
   Mess: number of messages sent
   AvgLen: average message length (bytes)
   Reduct: number of global reductions
   Global: entire computation
   Stage: stages of a computation. Set stages with PetscLogStagePush() and PetscLogStagePop().
      %T - percent time in this phase         %F - percent flop in this phase
      %M - percent messages in this phase     %L - percent message lengths in this phase
      %R - percent reductions in this phase
   Total Mflop/s: 10e-6 * (sum of flop over all processors)/(max time over all processors)
------------------------------------------------------------------------------------------------------------------------
Event                Count      Time (sec)     Flop                              --- Global ---  --- Stage ----  Total
                   Max Ratio  Max     Ratio   Max  Ratio  Mess   AvgLen  Reduct  %T %F %M %L %R  %T %F %M %L %R Mflop/s
------------------------------------------------------------------------------------------------------------------------

--- Event Stage 0: Main Stage

BuildTwoSided          6 1.0 2.5078e+00169.1 0.00e+00 0.0 8.4e+03 4.0e+00 5.0e+00  1  0  2  0  3   1  0  2  0  3     0
BuildTwoSidedF         2 1.0 6.0813e-0329.4 0.00e+00 0.0 0.0e+00 0.0e+00 2.0e+00  0  0  0  0  1   0  0  0  0  1     0
MatMult               95 1.0 4.6105e+00 1.7 2.06e+09 1.2 2.8e+05 7.4e+03 2.0e+00  7  0 51 13  1   7  0 51 13  1 207165
MatMultAdd             7 1.0 4.9748e-02 4.5 1.05e+06 1.2 2.0e+04 1.6e+04 0.0e+00  0  0  4  2  0   0  0  4  2  0  9869
MatMultTranspose       7 1.0 4.0872e-0135.4 0.00e+00 0.0 2.0e+04 5.2e+04 0.0e+00  0  0  4  7  0   0  0  4  7  0     0
MatSolve              39 1.0 7.9334e+00 2.1 1.22e+13 1.5 0.0e+00 0.0e+00 0.0e+00 11100  0  0  0  11100  0  0  0 651379835
MatLUFactorSym         1 1.0 7.8843e-01 1.5 0.00e+00 0.0 0.0e+00 0.0e+00 0.0e+00  1  0  0  0  0   1  0  0  0  0     0
MatLUFactorNum         1 1.0 6.9515e+00 1.5 2.05e+08 1.4 0.0e+00 0.0e+00 0.0e+00 10  0  0  0  0  10  0  0  0  0 12931
MatConvert             1 1.0 1.0424e-01 1.0 0.00e+00 0.0 0.0e+00 0.0e+00 4.0e+00  0  0  0  0  2   0  0  0  0  2     0
MatResidual            7 1.0 5.9314e-01 1.9 2.56e+08 1.2 2.0e+04 9.5e+03 0.0e+00  1  0  4  1  0   1  0  4  1  0 202571
MatAssemblyBegin       6 1.0 6.2227e-03 3.2 0.00e+00 0.0 0.0e+00 0.0e+00 2.0e+00  0  0  0  0  1   0  0  0  0  1     0
MatAssemblyEnd         6 1.0 4.5731e+0027.3 0.00e+00 0.0 0.0e+00 0.0e+00 1.2e+01  3  0  0  0  6   3  0  0  0  7     0
MatGetRowIJ            3 1.0 1.5519e-02 1.6 0.00e+00 0.0 0.0e+00 0.0e+00 0.0e+00  0  0  0  0  0   0  0  0  0  0     0
MatCreateSubMats       1 1.0 1.0139e+00 1.5 0.00e+00 0.0 1.4e+04 7.0e+05 1.0e+00  1  0  3 64  1   1  0  3 64  1     0
MatGetOrdering         1 1.0 4.1560e-02 2.1 0.00e+00 0.0 0.0e+00 0.0e+00 0.0e+00  0  0  0  0  0   0  0  0  0  0     0
MatIncreaseOvrlp       1 1.0 9.3730e-02 2.2 0.00e+00 0.0 0.0e+00 0.0e+00 1.0e+00  0  0  0  0  1   0  0  0  0  1     0
KSPSetUp               3 1.0 1.2165e+01 1.0 3.45e+12 1.5 1.2e+05 9.3e+04 3.8e+01 20 28 21 69 19  20 28 21 69 21 119834056
KSPSolve               1 1.0 1.9222e+01 1.0 8.78e+12 1.5 4.2e+05 1.0e+04 1.1e+02 31 72 77 28 55  31 72 77 28 60 193052771
KSPGMRESOrthog        60 1.0 2.6332e+0013.2 3.71e+07 1.2 0.0e+00 0.0e+00 6.0e+01  1  0  0  0 30   1  0  0  0 33  6503
PCSetUp                1 1.0 1.6905e+01 1.0 3.45e+12 1.5 1.2e+05 9.3e+04 4.2e+01 27 28 21 69 21  27 28 21 69 23 86236321
PCSetUpOnBlocks       15 1.0 7.7627e+00 1.5 2.05e+08 1.4 0.0e+00 0.0e+00 0.0e+00 11  0  0  0  0  11  0  0  0  0 11580
PCApply                7 1.0 1.8677e+01 1.0 8.78e+12 1.5 4.0e+05 1.0e+04 9.4e+01 30 72 73 27 47  30 72 73 27 52 198677955
PCApplyOnBlocks       39 1.0 7.9394e+00 2.0 1.22e+13 1.5 0.0e+00 0.0e+00 0.0e+00 11100  0  0  0  11100  0  0  0 650883569
VecMDot               60 1.0 2.6262e+0014.1 1.85e+07 1.2 0.0e+00 0.0e+00 6.0e+01  1  0  0  0 30   1  0  0  0 33  3260
VecNorm               69 1.0 5.6523e-01 4.6 4.80e+06 1.2 0.0e+00 0.0e+00 6.9e+01  0  0  0  0 35   0  0  0  0 38  3912
VecScale              83 1.0 1.1680e-03 2.1 2.40e+06 1.2 0.0e+00 0.0e+00 0.0e+00  0  0  0  0  0   0  0  0  0  0 946568
VecCopy               83 1.0 8.6023e-03 2.2 0.00e+00 0.0 0.0e+00 0.0e+00 0.0e+00  0  0  0  0  0   0  0  0  0  0     0
VecSet               205 1.0 2.1349e-02 1.6 0.00e+00 0.0 0.0e+00 0.0e+00 0.0e+00  0  0  0  0  0   0  0  0  0  0     0
VecAXPY               16 1.0 2.2631e-03 2.4 1.62e+06 1.2 0.0e+00 0.0e+00 0.0e+00  0  0  0  0  0   0  0  0  0  0 333281
VecAYPX               42 1.0 7.6378e-03 2.2 4.19e+06 1.2 0.0e+00 0.0e+00 0.0e+00  0  0  0  0  0   0  0  0  0  0 257131
VecAXPBYCZ            14 1.0 4.9245e-03 3.0 5.24e+06 1.2 0.0e+00 0.0e+00 0.0e+00  0  0  0  0  0   0  0  0  0  0 498503
VecMAXPY              69 1.0 1.6438e-02 2.3 2.28e+07 1.2 0.0e+00 0.0e+00 0.0e+00  0  0  0  0  0   0  0  0  0  0 639407
VecScatterBegin      244 1.0 2.5315e+0045.4 0.00e+00 0.0 4.8e+05 7.9e+03 3.0e+00  1  0 88 25  2   1  0 88 25  2     0
VecScatterEnd        244 1.0 4.5409e+00413.9 3.30e+05 3.2 0.0e+00 0.0e+00 0.0e+00  1  0  0  0  0   1  0  0  0  0    29
VecNormalize          61 1.0 5.6191e-01 4.6 5.42e+06 1.2 0.0e+00 0.0e+00 6.1e+01  0  0  0  0 31   0  0  0  0 34  4405
SFSetGraph             4 1.0 1.6964e-04 2.5 0.00e+00 0.0 0.0e+00 0.0e+00 0.0e+00  0  0  0  0  0   0  0  0  0  0     0
SFSetUp                4 1.0 2.5071e+00140.7 0.00e+00 0.0 1.7e+04 1.9e+03 3.0e+00  1  0  3  0  2   1  0  3  0  2     0
SFPack               244 1.0 3.9988e-03 3.7 0.00e+00 0.0 0.0e+00 0.0e+00 0.0e+00  0  0  0  0  0   0  0  0  0  0     0
SFUnpack             244 1.0 2.4842e-03 6.5 3.30e+05 3.2 0.0e+00 0.0e+00 0.0e+00  0  0  0  0  0   0  0  0  0  0 52194
------------------------------------------------------------------------------------------------------------------------

Memory usage is given in bytes:

Object Type          Creations   Destructions     Memory  Descendants' Mem.
Reports information only for process 0.

--- Event Stage 0: Main Stage

              Matrix    12             12    465686840     0.
       Krylov Solver     5              5        72264     0.
      Preconditioner     5              5         6024     0.
              Viewer     2              1          848     0.
              Vector    85             85     33995392     0.
           Index Set    15             15      1976348     0.
   IS L to G Mapping     1              1       875540     0.
   Star Forest Graph    10             10        11376     0.
    Distributed Mesh     3              3        15144     0.
     Discrete System     3              3         2712     0.
           Weak Form     3              3         2472     0.
========================================================================================================================
Average time to get PetscTime(): 3.1e-08
Average time for MPI_Barrier(): 0.000239895
Average time for zero size MPI_Send(): 1.3191e-06
#PETSc Option Table entries:
-ksp_max_it 200
-ksp_monitor
-ksp_pc_side right
-ksp_type fgmres
-log_view
-m 500
-mg_coarse_ksp_converged_reason
-mg_coarse_ksp_monitor
-mg_coarse_ksp_pc_side right
-mg_coarse_ksp_type gmres
-mg_coarse_pc_type hypre
-mg_levels_pc_asm_type basic
-mg_levels_pc_type asm
-mg_levels_sub_pc_factor_mat_solver_type mumps
-mg_levels_sub_pc_type lu
-n 500
-nw
-pc_mg_type multiplicative
-pc_type mg
#End of PETSc Option Table entries
Compiled without FORTRAN kernels
Compiled with full precision matrices (default)
sizeof(short) 2 sizeof(int) 4 sizeof(long) 8 sizeof(void*) 8 sizeof(PetscScalar) 8 sizeof(PetscInt) 4
Configure options: --prefix=/home/a/asarkar/sudhipv/software/FreeFem-sources/install/ff-petsc/r MAKEFLAGS= --with-debugging=0 COPTFLAGS="-O3 -mtune=native" CXXOPTFLAGS="-O3 -mtune=native" FOPTFLAGS="-O3 -mtune=native" --with-cxx-dialect=C++11 --with-ssl=0 --with-x=0 --with-fortran-bindings=0 --with-cudac=0 --with-cc=/cvmfs/soft.computecanada.ca/easybuild/software/2020/avx512/Compiler/intel2020/openmpi/4.0.3/bin/mpicc --with-cxx=/cvmfs/soft.computecanada.ca/easybuild/software/2020/avx512/Compiler/intel2020/openmpi/4.0.3/bin/mpic++ --with-fc=/cvmfs/soft.computecanada.ca/easybuild/software/2020/avx512/Compiler/intel2020/openmpi/4.0.3/bin/mpif90 --with-scalar-type=real --with-blaslapack-include=/cvmfs/soft.computecanada.ca/easybuild/software/2020/Core/imkl/2020.1.217/mkl/include --with-blaslapack-lib="-Wl,-rpath,/cvmfs/soft.computecanada.ca/easybuild/software/2020/Core/imkl/2020.1.217/mkl/lib/intel64 -L/cvmfs/soft.computecanada.ca/easybuild/software/2020/Core/imkl/2020.1.217/mkl/lib/intel64 -lmkl_rt -lmkl_intel_thread -lmkl_core  -liomp5 -lpthread" --download-metis --download-ptscotch --download-hypre --download-parmetis --download-mmg --download-parmmg --download-superlu --download-suitesparse --download-tetgen --download-slepc --download-hpddm --download-scalapack --download-mumps --download-slepc-configure-arguments=--download-arpack=https://github.com/prj-/arpack-ng/archive/b64dccb.tar.gz PETSC_ARCH=fr
-----------------------------------------
Libraries compiled on 2021-05-02 15:39:49 on nia-login03.scinet.local 
Machine characteristics: Linux-3.10.0-957.27.2.el7.x86_64-x86_64-with-centos-7.6.1810-Core
Using PETSc directory: /home/a/asarkar/sudhipv/software/FreeFem-sources/install/ff-petsc/r
Using PETSc arch: 
-----------------------------------------

Using C compiler: /cvmfs/soft.computecanada.ca/easybuild/software/2020/avx512/Compiler/intel2020/openmpi/4.0.3/bin/mpicc  -fPIC -wd1572 -O3 -mtune=native   
Using Fortran compiler: /cvmfs/soft.computecanada.ca/easybuild/software/2020/avx512/Compiler/intel2020/openmpi/4.0.3/bin/mpif90  -fPIC -O3 -mtune=native     
-----------------------------------------

Using include paths: -I/home/a/asarkar/sudhipv/software/FreeFem-sources/install/ff-petsc/r/include -I/cvmfs/soft.computecanada.ca/easybuild/software/2020/Core/imkl/2020.1.217/mkl/include
-----------------------------------------

Using C linker: /cvmfs/soft.computecanada.ca/easybuild/software/2020/avx512/Compiler/intel2020/openmpi/4.0.3/bin/mpicc
Using Fortran linker: /cvmfs/soft.computecanada.ca/easybuild/software/2020/avx512/Compiler/intel2020/openmpi/4.0.3/bin/mpif90
Using libraries: -Wl,-rpath,/home/a/asarkar/sudhipv/software/FreeFem-sources/install/ff-petsc/r/lib -L/home/a/asarkar/sudhipv/software/FreeFem-sources/install/ff-petsc/r/lib -lpetsc -Wl,-rpath,/home/a/asarkar/sudhipv/software/FreeFem-sources/install/ff-petsc/r/lib -L/home/a/asarkar/sudhipv/software/FreeFem-sources/install/ff-petsc/r/lib -Wl,-rpath,/cvmfs/soft.computecanada.ca/easybuild/software/2020/Core/imkl/2020.1.217/mkl/lib/intel64 -L/cvmfs/soft.computecanada.ca/easybuild/software/2020/Core/imkl/2020.1.217/mkl/lib/intel64 -Wl,-rpath,/cvmfs/soft.computecanada.ca/easybuild/software/2020/avx512/Compiler/intel2020/openmpi/4.0.3/lib -L/cvmfs/soft.computecanada.ca/easybuild/software/2020/avx512/Compiler/intel2020/openmpi/4.0.3/lib -Wl,-rpath,/cvmfs/soft.computecanada.ca/easybuild/software/2020/avx512/Core/libfabric/1.10.1/lib -L/cvmfs/soft.computecanada.ca/easybuild/software/2020/avx512/Core/libfabric/1.10.1/lib -Wl,-rpath,/cvmfs/soft.computecanada.ca/easybuild/software/2020/avx512/Core/ucx/1.8.0/lib -L/cvmfs/soft.computecanada.ca/easybuild/software/2020/avx512/Core/ucx/1.8.0/lib -Wl,-rpath,/cvmfs/soft.computecanada.ca/easybuild/software/2020/Core/imkl/2020.1.217/lib/intel64 -L/cvmfs/soft.computecanada.ca/easybuild/software/2020/Core/imkl/2020.1.217/lib/intel64 -Wl,-rpath,/cvmfs/restricted.computecanada.ca/easybuild/software/2020/Core/intel/2020.1.217/compilers_and_libraries_2020.1.217/linux/tbb/lib/intel64/gcc4.8 -L/cvmfs/restricted.computecanada.ca/easybuild/software/2020/Core/intel/2020.1.217/compilers_and_libraries_2020.1.217/linux/tbb/lib/intel64/gcc4.8 -Wl,-rpath,/cvmfs/restricted.computecanada.ca/easybuild/software/2020/Core/intel/2020.1.217/compilers_and_libraries_2020.1.217/linux/compiler/lib/intel64_lin -L/cvmfs/restricted.computecanada.ca/easybuild/software/2020/Core/intel/2020.1.217/compilers_and_libraries_2020.1.217/linux/compiler/lib/intel64_lin -Wl,-rpath,/cvmfs/soft.computecanada.ca/easybuild/software/2020/avx512/Compiler/intel2020/openmpi/4.0.3/lib64 -L/cvmfs/soft.computecanada.ca/easybuild/software/2020/avx512/Compiler/intel2020/openmpi/4.0.3/lib64 -Wl,-rpath,/cvmfs/soft.computecanada.ca/easybuild/software/2020/Core/gcccore/9.3.0/lib/gcc/x86_64-pc-linux-gnu/9.3.0 -L/cvmfs/soft.computecanada.ca/easybuild/software/2020/Core/gcccore/9.3.0/lib/gcc/x86_64-pc-linux-gnu/9.3.0 -Wl,-rpath,/cvmfs/soft.computecanada.ca/easybuild/software/2020/Core/gcccore/9.3.0/lib64 -L/cvmfs/soft.computecanada.ca/easybuild/software/2020/Core/gcccore/9.3.0/lib64 -Wl,-rpath,/cvmfs/soft.computecanada.ca/gentoo/2020/lib64 -L/cvmfs/soft.computecanada.ca/gentoo/2020/lib64 -Wl,-rpath,/cvmfs/soft.computecanada.ca/gentoo/2020/usr/lib64 -L/cvmfs/soft.computecanada.ca/gentoo/2020/usr/lib64 -Wl,-rpath,/cvmfs/soft.computecanada.ca/easybuild/software/2020/Core/gcccore/9.3.0/lib -L/cvmfs/soft.computecanada.ca/easybuild/software/2020/Core/gcccore/9.3.0/lib -Wl,-rpath,/cvmfs/soft.computecanada.ca/gentoo/2020/lib -L/cvmfs/soft.computecanada.ca/gentoo/2020/lib -Wl,-rpath,/cvmfs/soft.computecanada.ca/gentoo/2020/usr/lib -L/cvmfs/soft.computecanada.ca/gentoo/2020/usr/lib -lHYPRE -lcmumps -ldmumps -lsmumps -lzmumps -lmumps_common -lpord -lscalapack -lumfpack -lklu -lcholmod -lbtf -lccolamd -lcolamd -lcamd -lamd -lsuitesparseconfig -lsuperlu -lmkl_rt -lmkl_intel_thread -lmkl_core -liomp5 -lpthread -lparmmg -lmmg -lmmg3d -lptesmumps -lptscotchparmetis -lptscotch -lptscotcherr -lesmumps -lscotch -lscotcherr -lpthread -lparmetis -lmetis -ltet -lstdc++ -ldl -lmpi_usempif08 -lmpi_usempi_ignore_tkr -lmpi_mpifh -lmpi -lifport -lifcoremt_pic -limf -lsvml -lm -lipgo -lirc -lpthread -lgcc_s -lirc_s -lrt -lquadmath -lstdc++ -ldl
-----------------------------------------


scontrol show jobid 8477137
JobId=8477137 JobName=LP_weak_RV_4
   UserId=sudhipv(3061414) GroupId=asarkar(6001189) MCS_label=N/A
   Priority=1760089 Nice=0 Account=def-asarkar QOS=normal
   JobState=COMPLETING Reason=None Dependency=(null)
   Requeue=0 Restarts=0 BatchFlag=1 Reboot=0 ExitCode=0:0
   RunTime=00:01:25 TimeLimit=00:30:00 TimeMin=N/A
   SubmitTime=2022-11-24T11:21:11 EligibleTime=2022-11-24T11:21:11
   AccrueTime=2022-11-24T11:21:11
   StartTime=2022-11-24T11:42:32 EndTime=2022-11-24T11:43:57 Deadline=N/A
   SuspendTime=None SecsPreSuspend=0 LastSchedEval=2022-11-24T11:42:32 Scheduler=Main
   Partition=compute AllocNode:Sid=nia-login07:154972
   ReqNodeList=(null) ExcNodeList=(null)
   NodeList=nia[1477-1488]
   BatchHost=nia1302
   NumNodes=12 NumCPUs=1040 NumTasks=520 CPUs/Task=1 ReqB:S:C:T=0:0:*:*
   TRES=cpu=1040,mem=2275000M,node=13,billing=520
   Socks/Node=* NtasksPerN:B:S:C=40:0:*:* CoreSpec=*
   MinCPUsNode=40 MinMemoryNode=175000M MinTmpDiskNode=0
   Features=[skylake|cascade] DelayBoot=00:00:00
   OverSubscribe=NO Contiguous=0 Licenses=(null) Network=(null)
   Command=/gpfs/fs0/scratch/a/asarkar/sudhipv/poisson_hpc/stochastic/process_L/poisson_weak_sto/runff_niagara.sh
   WorkDir=/gpfs/fs0/scratch/a/asarkar/sudhipv/poisson_hpc/stochastic/process_L/poisson_weak_sto
   Comment=/opt/slurm/bin/sbatch --export=NONE runff_niagara.sh 
   StdErr=/gpfs/fs0/scratch/a/asarkar/sudhipv/poisson_hpc/stochastic/process_L/poisson_weak_sto/LP_weak_RV_4-8477137.out
   StdIn=/dev/null
   StdOut=/gpfs/fs0/scratch/a/asarkar/sudhipv/poisson_hpc/stochastic/process_L/poisson_weak_sto/LP_weak_RV_4-8477137.out
   Power=
   MailUser=sudhipv@cmail.carleton.ca MailType=INVALID_DEPEND,BEGIN,END,FAIL,REQUEUE,STAGE_OUT
   

sacct -j 8477137
JobID           JobName    Account    Elapsed  MaxVMSize     MaxRSS  SystemCPU    UserCPU ExitCode 
------------ ---------- ---------- ---------- ---------- ---------- ---------- ---------- -------- 
8477137      LP_weak_R+ def-asark+   00:01:25                        20:31.862   08:14:19      0:0 
8477137.bat+      batch def-asark+   00:01:25 115605580K  83349252K  01:35.970  39:35.558      0:0 
8477137.ext+     extern def-asark+   00:01:26    142384K      1136K  00:00.004  00:00.006      0:0 
8477137.0         orted def-asark+   00:01:14 115053876K  84295060K  18:55.887   07:34:44      0:0 
