
The following have been reloaded with a version change:
  1) mii/1.1.1 => mii/1.1.2

/cvmfs/soft.computecanada.ca/easybuild/software/2020/avx512/Compiler/intel2020/openmpi/4.0.3/bin/mpiexec
/cvmfs/soft.computecanada.ca/easybuild/software/2020/avx512/Compiler/intel2020/openmpi/4.0.3/bin/mpirun
Number of Vertices for coarse grid  251001
Number of Vertices for fine mesh is  1.002e+06
1
	-111111
number of random variable  2
order of input  2
order of output  3
Number of input PC   6
Number of output PC  10
Mean of Gaussian  0
Sd of Gaussian  0.3
Size of linear System  1.002e+07
sindex is 25 2
	   1   1
	   1   2
	   2   1
	   2   2
	   1   3
	   3   1
	   2   3
	   3   2
	   1   4
	   4   1
	   3   3
	   2   4
	   4   2
	   3   4
	   4   3
	   1   5
	   5   1
	   2   5
	   5   2
	   4   4
	   3   5
	   5   3
	   1   6
	   6   1
	   2   6

mindex for file ./kledata/multiIndex00030002.dat is 10 2
	   0   0
	   1   0
	   0   1
	   2   0
	   1   1
	   0   2
	   3   0
	   2   1
	   1   2
	   0   3

Finished generating log normal input coefficients for rank 0
Assembling matrices for level 0 and rank 0
Assembling matrices for level 1 and rank 0
Exited Assembling 0
Starting solve for 0
  0 KSP Residual norm 9.990000000000e-04
      Residual norms for mg_coarse_ solve.
      0 KSP Residual norm 7.478989426353e+00
      1 KSP Residual norm 2.246617846754e+00
      2 KSP Residual norm 4.024192119842e-01
      3 KSP Residual norm 7.379582767935e-02
      4 KSP Residual norm 1.363119317610e-02
      5 KSP Residual norm 2.231640336420e-03
      6 KSP Residual norm 3.148087014053e-04
      7 KSP Residual norm 4.658004671843e-05
    Linear mg_coarse_ solve converged due to CONVERGED_RTOL iterations 7
  1 KSP Residual norm 8.700634008606e-04
      Residual norms for mg_coarse_ solve.
      0 KSP Residual norm 2.164430926521e-01
      1 KSP Residual norm 2.710661553226e-03
      2 KSP Residual norm 3.382780407004e-04
      3 KSP Residual norm 5.384388309516e-05
      4 KSP Residual norm 1.045656145934e-05
      5 KSP Residual norm 1.769479578108e-06
    Linear mg_coarse_ solve converged due to CONVERGED_RTOL iterations 5
  2 KSP Residual norm 1.064520631346e-04
      Residual norms for mg_coarse_ solve.
      0 KSP Residual norm 1.608171296447e-01
      1 KSP Residual norm 1.517462674210e-03
      2 KSP Residual norm 8.462211232731e-05
      3 KSP Residual norm 1.443194284377e-05
      4 KSP Residual norm 2.287947719052e-06
      5 KSP Residual norm 4.215639872050e-07
    Linear mg_coarse_ solve converged due to CONVERGED_RTOL iterations 5
  3 KSP Residual norm 8.676132938645e-06
      Residual norms for mg_coarse_ solve.
      0 KSP Residual norm 1.673399508671e-01
      1 KSP Residual norm 2.483230042136e-03
      2 KSP Residual norm 3.183727562909e-04
      3 KSP Residual norm 5.333486730875e-05
      4 KSP Residual norm 1.055647306680e-05
      5 KSP Residual norm 1.821581014824e-06
      6 KSP Residual norm 2.638230632146e-07
    Linear mg_coarse_ solve converged due to CONVERGED_RTOL iterations 6
  4 KSP Residual norm 8.590500621928e-07
      Residual norms for mg_coarse_ solve.
      0 KSP Residual norm 4.328836006479e-01
      1 KSP Residual norm 1.146798086960e-02
      2 KSP Residual norm 1.402430266512e-03
      3 KSP Residual norm 2.102828151712e-04
      4 KSP Residual norm 4.134316615566e-05
      5 KSP Residual norm 7.606360832953e-06
      6 KSP Residual norm 1.093188235978e-06
    Linear mg_coarse_ solve converged due to CONVERGED_RTOL iterations 6
  5 KSP Residual norm 1.744965303321e-07
      Residual norms for mg_coarse_ solve.
      0 KSP Residual norm 3.285419523596e-01
      1 KSP Residual norm 1.200675086411e-02
      2 KSP Residual norm 2.463607375478e-04
      3 KSP Residual norm 4.734391526320e-05
      4 KSP Residual norm 7.855193415067e-06
      5 KSP Residual norm 1.403228788366e-06
    Linear mg_coarse_ solve converged due to CONVERGED_RTOL iterations 5
  6 KSP Residual norm 2.943618116765e-08
      Residual norms for mg_coarse_ solve.
      0 KSP Residual norm 4.093728808907e-01
      1 KSP Residual norm 1.662475828065e-02
      2 KSP Residual norm 1.884910217452e-03
      3 KSP Residual norm 2.811921289363e-04
      4 KSP Residual norm 5.486369638044e-05
      5 KSP Residual norm 1.001155767769e-05
      6 KSP Residual norm 1.430281348057e-06
    Linear mg_coarse_ solve converged due to CONVERGED_RTOL iterations 6
  7 KSP Residual norm 6.091957312470e-09
time taken for solve is18.0275
************************************************************************************************************************
***             WIDEN YOUR WINDOW TO 120 CHARACTERS.  Use 'enscript -r -fCourier9' to print this document            ***
************************************************************************************************************************

---------------------------------------------- PETSc Performance Summary: ----------------------------------------------

/home/a/asarkar/sudhipv/software/FreeFem-sources/src/mpi/FreeFem++-mpi on a  named nia1342.scinet.local with 142 processors, by sudhipv Wed Nov 23 17:54:10 2022
Using Petsc Release Version 3.15.0, Mar 30, 2021

                         Max       Max/Min     Avg       Total
Time (sec):           1.822e+01     1.000   1.822e+01
Objects:              1.440e+02     1.000   1.440e+02
Flop:                 1.823e+12     1.308   1.638e+12  2.327e+14
Flop/sec:             1.000e+11     1.308   8.991e+10  1.277e+13
MPI Messages:         1.351e+03     3.500   1.017e+03  1.444e+05
MPI Message Lengths:  1.111e+07     2.968   8.620e+03  1.244e+09
MPI Reductions:       1.930e+02     1.000

Flop counting convention: 1 flop = 1 real number operation of type (multiply/divide/add/subtract)
                            e.g., VecAXPY() for real vectors of length N --> 2N flop
                            and VecAXPY() for complex vectors of length N --> 8N flop

Summary of Stages:   ----- Time ------  ----- Flop ------  --- Messages ---  -- Message Lengths --  -- Reductions --
                        Avg     %Total     Avg     %Total    Count   %Total     Avg         %Total    Count   %Total
 0:      Main Stage: 1.8223e+01 100.0%  2.3266e+14 100.0%  1.444e+05 100.0%  8.620e+03      100.0%  1.750e+02  90.7%

------------------------------------------------------------------------------------------------------------------------
See the 'Profiling' chapter of the users' manual for details on interpreting output.
Phase summary info:
   Count: number of times phase was executed
   Time and Flop: Max - maximum over all processors
                  Ratio - ratio of maximum to minimum over all processors
   Mess: number of messages sent
   AvgLen: average message length (bytes)
   Reduct: number of global reductions
   Global: entire computation
   Stage: stages of a computation. Set stages with PetscLogStagePush() and PetscLogStagePop().
      %T - percent time in this phase         %F - percent flop in this phase
      %M - percent messages in this phase     %L - percent message lengths in this phase
      %R - percent reductions in this phase
   Total Mflop/s: 10e-6 * (sum of flop over all processors)/(max time over all processors)
------------------------------------------------------------------------------------------------------------------------
Event                Count      Time (sec)     Flop                              --- Global ---  --- Stage ----  Total
                   Max Ratio  Max     Ratio   Max  Ratio  Mess   AvgLen  Reduct  %T %F %M %L %R  %T %F %M %L %R Mflop/s
------------------------------------------------------------------------------------------------------------------------

--- Event Stage 0: Main Stage

BuildTwoSided          6 1.0 4.0715e-0161.2 0.00e+00 0.0 2.2e+03 4.0e+00 5.0e+00  1  0  2  0  3   1  0  2  0  3     0
BuildTwoSidedF         2 1.0 5.5449e-0324.1 0.00e+00 0.0 0.0e+00 0.0e+00 2.0e+00  0  0  0  0  1   0  0  0  0  1     0
MatMult               92 1.0 1.0437e+00 2.0 5.59e+08 1.1 7.2e+04 4.2e+03 2.0e+00  5  0 50 24  1   5  0 50 24  1 73321
MatMultAdd             7 1.0 2.0608e-02 1.9 1.02e+06 1.1 5.2e+03 8.3e+03 0.0e+00  0  0  4  4  0   0  0  4  4  0  6807
MatMultTranspose       7 1.0 1.2649e-01 4.0 0.00e+00 0.0 5.2e+03 2.8e+04 0.0e+00  0  0  4 12  0   0  0  4 12  0     0
MatSolve              39 1.0 3.0508e+00 1.6 1.82e+12 1.3 0.0e+00 0.0e+00 0.0e+00 15100  0  0  0  15100  0  0  0 76232599
MatLUFactorSym         1 1.0 3.2289e-01 1.6 0.00e+00 0.0 0.0e+00 0.0e+00 0.0e+00  1  0  0  0  0   1  0  0  0  0     0
MatLUFactorNum         1 1.0 2.0274e+00 1.2 6.71e+07 1.2 0.0e+00 0.0e+00 0.0e+00 10  0  0  0  0  10  0  0  0  0  4338
MatConvert             1 1.0 2.7647e-02 1.0 0.00e+00 0.0 0.0e+00 0.0e+00 4.0e+00  0  0  0  0  2   0  0  0  0  2     0
MatResidual            7 1.0 1.9190e-01 3.2 7.13e+07 1.1 5.2e+03 5.3e+03 0.0e+00  1  0  4  2  0   1  0  4  2  0 51113
MatAssemblyBegin       6 1.0 5.6770e-03 2.9 0.00e+00 0.0 0.0e+00 0.0e+00 2.0e+00  0  0  0  0  1   0  0  0  0  1     0
MatAssemblyEnd         6 1.0 6.8817e-0114.3 0.00e+00 0.0 0.0e+00 0.0e+00 1.2e+01  2  0  0  0  6   2  0  0  0  7     0
MatGetRowIJ            3 1.0 5.2518e-03 1.6 0.00e+00 0.0 0.0e+00 0.0e+00 0.0e+00  0  0  0  0  0   0  0  0  0  0     0
MatCreateSubMats       1 1.0 2.3490e-01 1.4 0.00e+00 0.0 3.7e+03 1.1e+05 1.0e+00  1  0  3 34  1   1  0  3 34  1     0
MatGetOrdering         1 1.0 1.6642e-02 1.8 0.00e+00 0.0 0.0e+00 0.0e+00 0.0e+00  0  0  0  0  0   0  0  0  0  0     0
MatIncreaseOvrlp       1 1.0 1.8702e-02 1.1 0.00e+00 0.0 0.0e+00 0.0e+00 1.0e+00  0  0  0  0  1   0  0  0  0  1     0
KSPSetUp               3 1.0 3.9426e+00 1.0 5.14e+11 1.3 3.1e+04 1.8e+04 3.8e+01 22 28 21 45 20  22 28 21 45 22 16644692
KSPSolve               1 1.0 5.5549e+00 1.0 1.31e+12 1.3 1.1e+05 5.7e+03 1.0e+02 30 72 76 50 53  30 72 76 50 59 30071120
KSPGMRESOrthog        57 1.0 6.5455e-0111.0 3.44e+07 1.1 0.0e+00 0.0e+00 5.7e+01  1  0  0  0 30   1  0  0  0 33  7168
PCSetUp                1 1.0 4.5373e+00 1.0 5.14e+11 1.3 3.1e+04 1.8e+04 4.2e+01 25 28 21 45 22  25 28 21 45 24 14463067
PCSetUpOnBlocks       15 1.0 2.3003e+00 1.2 6.71e+07 1.2 0.0e+00 0.0e+00 0.0e+00 12  0  0  0  0  12  0  0  0  0  3823
PCApply                7 1.0 5.4365e+00 1.0 1.31e+12 1.3 1.0e+05 5.7e+03 8.8e+01 30 72 73 48 46  30 72 73 48 50 30723833
PCApplyOnBlocks       39 1.0 3.0556e+00 1.6 1.82e+12 1.3 0.0e+00 0.0e+00 0.0e+00 15100  0  0  0  15100  0  0  0 76113253
VecMDot               57 1.0 6.4718e-0113.6 1.72e+07 1.1 0.0e+00 0.0e+00 5.7e+01  1  0  0  0 30   1  0  0  0 33  3625
VecNorm               66 1.0 1.0849e-0112.3 4.54e+06 1.1 0.0e+00 0.0e+00 6.6e+01  0  0  0  0 34   0  0  0  0 38  5684
VecScale              80 1.0 9.6367e-04 1.7 2.27e+06 1.1 0.0e+00 0.0e+00 0.0e+00  0  0  0  0  0   0  0  0  0  0 319975
VecCopy               83 1.0 8.1979e-03 2.3 0.00e+00 0.0 0.0e+00 0.0e+00 0.0e+00  0  0  0  0  0   0  0  0  0  0     0
VecSet               202 1.0 1.8992e-02 1.6 0.00e+00 0.0 0.0e+00 0.0e+00 0.0e+00  0  0  0  0  0   0  0  0  0  0     0
VecAXPY               16 1.0 2.3943e-03 2.6 1.58e+06 1.1 0.0e+00 0.0e+00 0.0e+00  0  0  0  0  0   0  0  0  0  0 90004
VecAYPX               42 1.0 8.7130e-03 2.6 4.08e+06 1.1 0.0e+00 0.0e+00 0.0e+00  0  0  0  0  0   0  0  0  0  0 64401
VecAXPBYCZ            14 1.0 6.7930e-03 4.2 5.11e+06 1.1 0.0e+00 0.0e+00 0.0e+00  0  0  0  0  0   0  0  0  0  0 103254
VecMAXPY              66 1.0 1.5399e-02 2.0 2.12e+07 1.1 0.0e+00 0.0e+00 0.0e+00  0  0  0  0  0   0  0  0  0  0 187520
VecScatterBegin      241 1.0 4.2923e-0112.6 0.00e+00 0.0 1.3e+05 4.5e+03 3.0e+00  1  0 88 46  2   1  0 88 46  2     0
VecScatterEnd        241 1.0 1.3209e+00260.1 1.75e+05 3.0 0.0e+00 0.0e+00 0.0e+00  1  0  0  0  0   1  0  0  0  0    15
VecNormalize          58 1.0 1.0570e-0113.6 5.06e+06 1.1 0.0e+00 0.0e+00 5.8e+01  0  0  0  0 30   0  0  0  0 33  6477
SFSetGraph             4 1.0 1.1715e-04 1.8 0.00e+00 0.0 0.0e+00 0.0e+00 0.0e+00  0  0  0  0  0   0  0  0  0  0     0
SFSetUp                4 1.0 4.0746e-0152.8 0.00e+00 0.0 4.5e+03 1.1e+03 3.0e+00  1  0  3  0  2   1  0  3  0  2     0
SFPack               241 1.0 3.0565e-03 4.3 0.00e+00 0.0 0.0e+00 0.0e+00 0.0e+00  0  0  0  0  0   0  0  0  0  0     0
SFUnpack             241 1.0 2.1588e-03 8.4 1.75e+05 3.0 0.0e+00 0.0e+00 0.0e+00  0  0  0  0  0   0  0  0  0  0  9036
------------------------------------------------------------------------------------------------------------------------

Memory usage is given in bytes:

Object Type          Creations   Destructions     Memory  Descendants' Mem.
Reports information only for process 0.

--- Event Stage 0: Main Stage

              Matrix    12             12    147770060     0.
       Krylov Solver     5              5        72264     0.
      Preconditioner     5              5         6024     0.
              Viewer     2              1          848     0.
              Vector    85             85     35066232     0.
           Index Set    15             15      1913040     0.
   IS L to G Mapping     1              1       865880     0.
   Star Forest Graph    10             10        11376     0.
    Distributed Mesh     3              3        15144     0.
     Discrete System     3              3         2712     0.
           Weak Form     3              3         2472     0.
========================================================================================================================
Average time to get PetscTime(): 4.35e-08
Average time for MPI_Barrier(): 6.51262e-05
Average time for zero size MPI_Send(): 1.15527e-06
#PETSc Option Table entries:
-ksp_max_it 200
-ksp_monitor
-ksp_pc_side right
-ksp_type fgmres
-log_view
-m 500
-mg_coarse_ksp_converged_reason
-mg_coarse_ksp_monitor
-mg_coarse_ksp_pc_side right
-mg_coarse_ksp_type gmres
-mg_coarse_pc_type hypre
-mg_levels_pc_asm_type basic
-mg_levels_pc_type asm
-mg_levels_sub_pc_factor_mat_solver_type mumps
-mg_levels_sub_pc_type lu
-n 500
-nw
-pc_mg_type multiplicative
-pc_type mg
#End of PETSc Option Table entries
Compiled without FORTRAN kernels
Compiled with full precision matrices (default)
sizeof(short) 2 sizeof(int) 4 sizeof(long) 8 sizeof(void*) 8 sizeof(PetscScalar) 8 sizeof(PetscInt) 4
Configure options: --prefix=/home/a/asarkar/sudhipv/software/FreeFem-sources/install/ff-petsc/r MAKEFLAGS= --with-debugging=0 COPTFLAGS="-O3 -mtune=native" CXXOPTFLAGS="-O3 -mtune=native" FOPTFLAGS="-O3 -mtune=native" --with-cxx-dialect=C++11 --with-ssl=0 --with-x=0 --with-fortran-bindings=0 --with-cudac=0 --with-cc=/cvmfs/soft.computecanada.ca/easybuild/software/2020/avx512/Compiler/intel2020/openmpi/4.0.3/bin/mpicc --with-cxx=/cvmfs/soft.computecanada.ca/easybuild/software/2020/avx512/Compiler/intel2020/openmpi/4.0.3/bin/mpic++ --with-fc=/cvmfs/soft.computecanada.ca/easybuild/software/2020/avx512/Compiler/intel2020/openmpi/4.0.3/bin/mpif90 --with-scalar-type=real --with-blaslapack-include=/cvmfs/soft.computecanada.ca/easybuild/software/2020/Core/imkl/2020.1.217/mkl/include --with-blaslapack-lib="-Wl,-rpath,/cvmfs/soft.computecanada.ca/easybuild/software/2020/Core/imkl/2020.1.217/mkl/lib/intel64 -L/cvmfs/soft.computecanada.ca/easybuild/software/2020/Core/imkl/2020.1.217/mkl/lib/intel64 -lmkl_rt -lmkl_intel_thread -lmkl_core  -liomp5 -lpthread" --download-metis --download-ptscotch --download-hypre --download-parmetis --download-mmg --download-parmmg --download-superlu --download-suitesparse --download-tetgen --download-slepc --download-hpddm --download-scalapack --download-mumps --download-slepc-configure-arguments=--download-arpack=https://github.com/prj-/arpack-ng/archive/b64dccb.tar.gz PETSC_ARCH=fr
-----------------------------------------
Libraries compiled on 2021-05-02 15:39:49 on nia-login03.scinet.local
Machine characteristics: Linux-3.10.0-957.27.2.el7.x86_64-x86_64-with-centos-7.6.1810-Core
Using PETSc directory: /home/a/asarkar/sudhipv/software/FreeFem-sources/install/ff-petsc/r
Using PETSc arch:
-----------------------------------------

Using C compiler: /cvmfs/soft.computecanada.ca/easybuild/software/2020/avx512/Compiler/intel2020/openmpi/4.0.3/bin/mpicc  -fPIC -wd1572 -O3 -mtune=native
Using Fortran compiler: /cvmfs/soft.computecanada.ca/easybuild/software/2020/avx512/Compiler/intel2020/openmpi/4.0.3/bin/mpif90  -fPIC -O3 -mtune=native
-----------------------------------------

Using include paths: -I/home/a/asarkar/sudhipv/software/FreeFem-sources/install/ff-petsc/r/include -I/cvmfs/soft.computecanada.ca/easybuild/software/2020/Core/imkl/2020.1.217/mkl/include
-----------------------------------------

Using C linker: /cvmfs/soft.computecanada.ca/easybuild/software/2020/avx512/Compiler/intel2020/openmpi/4.0.3/bin/mpicc
Using Fortran linker: /cvmfs/soft.computecanada.ca/easybuild/software/2020/avx512/Compiler/intel2020/openmpi/4.0.3/bin/mpif90
Using libraries: -Wl,-rpath,/home/a/asarkar/sudhipv/software/FreeFem-sources/install/ff-petsc/r/lib -L/home/a/asarkar/sudhipv/software/FreeFem-sources/install/ff-petsc/r/lib -lpetsc -Wl,-rpath,/home/a/asarkar/sudhipv/software/FreeFem-sources/install/ff-petsc/r/lib -L/home/a/asarkar/sudhipv/software/FreeFem-sources/install/ff-petsc/r/lib -Wl,-rpath,/cvmfs/soft.computecanada.ca/easybuild/software/2020/Core/imkl/2020.1.217/mkl/lib/intel64 -L/cvmfs/soft.computecanada.ca/easybuild/software/2020/Core/imkl/2020.1.217/mkl/lib/intel64 -Wl,-rpath,/cvmfs/soft.computecanada.ca/easybuild/software/2020/avx512/Compiler/intel2020/openmpi/4.0.3/lib -L/cvmfs/soft.computecanada.ca/easybuild/software/2020/avx512/Compiler/intel2020/openmpi/4.0.3/lib -Wl,-rpath,/cvmfs/soft.computecanada.ca/easybuild/software/2020/avx512/Core/libfabric/1.10.1/lib -L/cvmfs/soft.computecanada.ca/easybuild/software/2020/avx512/Core/libfabric/1.10.1/lib -Wl,-rpath,/cvmfs/soft.computecanada.ca/easybuild/software/2020/avx512/Core/ucx/1.8.0/lib -L/cvmfs/soft.computecanada.ca/easybuild/software/2020/avx512/Core/ucx/1.8.0/lib -Wl,-rpath,/cvmfs/soft.computecanada.ca/easybuild/software/2020/Core/imkl/2020.1.217/lib/intel64 -L/cvmfs/soft.computecanada.ca/easybuild/software/2020/Core/imkl/2020.1.217/lib/intel64 -Wl,-rpath,/cvmfs/restricted.computecanada.ca/easybuild/software/2020/Core/intel/2020.1.217/compilers_and_libraries_2020.1.217/linux/tbb/lib/intel64/gcc4.8 -L/cvmfs/restricted.computecanada.ca/easybuild/software/2020/Core/intel/2020.1.217/compilers_and_libraries_2020.1.217/linux/tbb/lib/intel64/gcc4.8 -Wl,-rpath,/cvmfs/restricted.computecanada.ca/easybuild/software/2020/Core/intel/2020.1.217/compilers_and_libraries_2020.1.217/linux/compiler/lib/intel64_lin -L/cvmfs/restricted.computecanada.ca/easybuild/software/2020/Core/intel/2020.1.217/compilers_and_libraries_2020.1.217/linux/compiler/lib/intel64_lin -Wl,-rpath,/cvmfs/soft.computecanada.ca/easybuild/software/2020/avx512/Compiler/intel2020/openmpi/4.0.3/lib64 -L/cvmfs/soft.computecanada.ca/easybuild/software/2020/avx512/Compiler/intel2020/openmpi/4.0.3/lib64 -Wl,-rpath,/cvmfs/soft.computecanada.ca/easybuild/software/2020/Core/gcccore/9.3.0/lib/gcc/x86_64-pc-linux-gnu/9.3.0 -L/cvmfs/soft.computecanada.ca/easybuild/software/2020/Core/gcccore/9.3.0/lib/gcc/x86_64-pc-linux-gnu/9.3.0 -Wl,-rpath,/cvmfs/soft.computecanada.ca/easybuild/software/2020/Core/gcccore/9.3.0/lib64 -L/cvmfs/soft.computecanada.ca/easybuild/software/2020/Core/gcccore/9.3.0/lib64 -Wl,-rpath,/cvmfs/soft.computecanada.ca/gentoo/2020/lib64 -L/cvmfs/soft.computecanada.ca/gentoo/2020/lib64 -Wl,-rpath,/cvmfs/soft.computecanada.ca/gentoo/2020/usr/lib64 -L/cvmfs/soft.computecanada.ca/gentoo/2020/usr/lib64 -Wl,-rpath,/cvmfs/soft.computecanada.ca/easybuild/software/2020/Core/gcccore/9.3.0/lib -L/cvmfs/soft.computecanada.ca/easybuild/software/2020/Core/gcccore/9.3.0/lib -Wl,-rpath,/cvmfs/soft.computecanada.ca/gentoo/2020/lib -L/cvmfs/soft.computecanada.ca/gentoo/2020/lib -Wl,-rpath,/cvmfs/soft.computecanada.ca/gentoo/2020/usr/lib -L/cvmfs/soft.computecanada.ca/gentoo/2020/usr/lib -lHYPRE -lcmumps -ldmumps -lsmumps -lzmumps -lmumps_common -lpord -lscalapack -lumfpack -lklu -lcholmod -lbtf -lccolamd -lcolamd -lcamd -lamd -lsuitesparseconfig -lsuperlu -lmkl_rt -lmkl_intel_thread -lmkl_core -liomp5 -lpthread -lparmmg -lmmg -lmmg3d -lptesmumps -lptscotchparmetis -lptscotch -lptscotcherr -lesmumps -lscotch -lscotcherr -lpthread -lparmetis -lmetis -ltet -lstdc++ -ldl -lmpi_usempif08 -lmpi_usempi_ignore_tkr -lmpi_mpifh -lmpi -lifport -lifcoremt_pic -limf -lsvml -lm -lipgo -lirc -lpthread -lgcc_s -lirc_s -lrt -lquadmath -lstdc++ -ldl
-----------------------------------------


scontrol show jobid 8475091
JobId=8475091 JobName=LP_weak_RV_2
   UserId=sudhipv(3061414) GroupId=asarkar(6001189) MCS_label=N/A
   Priority=1737001 Nice=0 Account=def-asarkar QOS=normal
   JobState=COMPLETED Reason=None Dependency=(null)
   Requeue=0 Restarts=0 BatchFlag=1 Reboot=0 ExitCode=0:0
   RunTime=00:00:41 TimeLimit=00:30:00 TimeMin=N/A
   SubmitTime=2022-11-23T17:51:34 EligibleTime=2022-11-23T17:51:34
   AccrueTime=2022-11-23T17:51:34
   StartTime=2022-11-23T17:53:32 EndTime=2022-11-23T17:54:13 Deadline=N/A
   SuspendTime=None SecsPreSuspend=0 LastSchedEval=2022-11-23T17:53:32 Scheduler=Backfill
   Partition=compute AllocNode:Sid=nia-login03:98134
   ReqNodeList=(null) ExcNodeList=(null)
   NodeList=nia[1342,1384,1419,1532]
   BatchHost=nia1342
   NumNodes=4 NumCPUs=320 NumTasks=160 CPUs/Task=1 ReqB:S:C:T=0:0:*:*
   TRES=cpu=320,mem=700000M,node=4,billing=160
   Socks/Node=* NtasksPerN:B:S:C=40:0:*:* CoreSpec=*
   MinCPUsNode=40 MinMemoryNode=175000M MinTmpDiskNode=0
   Features=[skylake|cascade] DelayBoot=00:00:00
   OverSubscribe=NO Contiguous=0 Licenses=(null) Network=(null)
   Command=/gpfs/fs0/scratch/a/asarkar/sudhipv/poisson_hpc/stochastic/process_L/poisson_weakmesh/runff_niagara.sh
   WorkDir=/gpfs/fs0/scratch/a/asarkar/sudhipv/poisson_hpc/stochastic/process_L/poisson_weakmesh
   Comment=/opt/slurm/bin/sbatch --export=NONE runff_niagara.sh
   StdErr=/gpfs/fs0/scratch/a/asarkar/sudhipv/poisson_hpc/stochastic/process_L/poisson_weakmesh/LP_weak_RV_2-8475091.out
   StdIn=/dev/null
   StdOut=/gpfs/fs0/scratch/a/asarkar/sudhipv/poisson_hpc/stochastic/process_L/poisson_weakmesh/LP_weak_RV_2-8475091.out
   Power=
   MailUser=sudhipv@cmail.carleton.ca MailType=INVALID_DEPEND,BEGIN,END,FAIL,REQUEUE,STAGE_OUT


sacct -j 8475091
JobID           JobName    Account    Elapsed  MaxVMSize     MaxRSS  SystemCPU    UserCPU ExitCode
------------ ---------- ---------- ---------- ---------- ---------- ---------- ---------- --------
8475091      LP_weak_R+ def-asark+   00:00:41                        02:06.558  39:12.526      0:0
8475091.bat+      batch def-asark+   00:00:41    140636K      1312K  00:38.855  11:03.337      0:0
8475091.ext+     extern def-asark+   00:00:43    142384K      1136K  00:00.002   00:00:00      0:0
8475091.0         orted def-asark+   00:00:31    405900K      3764K  01:27.699  28:09.188      0:0
