
Due to MODULEPATH changes, the following have been reloaded:
  1) mii/1.1.1

/cvmfs/soft.computecanada.ca/easybuild/software/2020/avx512/Compiler/intel2020/openmpi/4.0.3/bin/mpiexec
/cvmfs/soft.computecanada.ca/easybuild/software/2020/avx512/Compiler/intel2020/openmpi/4.0.3/bin/mpirun
Number of Vertices for coarse grid  1002001
Number of Vertices for fine mesh in  4.004e+06
2	
	-111111	  2	
order of input  2
order of output  3
Mean of Gaussian  0
Sd of Gaussian  0.3
Size of linear System  1.6016e+07
6	
	1.04602786	0.313808358	0.06656880537	0.01153005531	0.001729508297
	0.0002320378871	
  0 KSP Residual norm 4.997500000000e-04 
      Residual norms for mg_coarse_ solve.
      0 KSP Residual norm 6.092113937936e+04 
      1 KSP Residual norm 6.326496237064e+03 
      2 KSP Residual norm 8.737549137425e+02 
      3 KSP Residual norm 1.247668972337e+02 
      4 KSP Residual norm 1.042894914182e+01 
      5 KSP Residual norm 1.568739187554e+00 
      6 KSP Residual norm 2.481354158357e-01 
    Linear mg_coarse_ solve converged due to CONVERGED_RTOL iterations 6
  1 KSP Residual norm 4.936036042623e-04 
      Residual norms for mg_coarse_ solve.
      0 KSP Residual norm 2.240601220592e+00 
      1 KSP Residual norm 2.329382422835e-01 
      2 KSP Residual norm 3.196019802220e-02 
      3 KSP Residual norm 4.478900597323e-03 
      4 KSP Residual norm 4.232026912495e-04 
      5 KSP Residual norm 7.215880768066e-05 
      6 KSP Residual norm 1.458231496515e-05 
    Linear mg_coarse_ solve converged due to CONVERGED_RTOL iterations 6
  2 KSP Residual norm 6.741860412791e-05 
      Residual norms for mg_coarse_ solve.
      0 KSP Residual norm 1.286777334513e+00 
      1 KSP Residual norm 1.704155930863e-01 
      2 KSP Residual norm 2.875418132724e-02 
      3 KSP Residual norm 4.656436313076e-03 
      4 KSP Residual norm 8.127307091277e-04 
      5 KSP Residual norm 1.348166377721e-04 
      6 KSP Residual norm 2.684444279008e-05 
      7 KSP Residual norm 3.968403964311e-06 
    Linear mg_coarse_ solve converged due to CONVERGED_RTOL iterations 7
  3 KSP Residual norm 4.344903065830e-06 
      Residual norms for mg_coarse_ solve.
      0 KSP Residual norm 2.607484807612e+01 
      1 KSP Residual norm 2.886028292795e+00 
      2 KSP Residual norm 4.542883620239e-01 
      3 KSP Residual norm 8.233411415321e-02 
      4 KSP Residual norm 9.942617570783e-03 
      5 KSP Residual norm 1.011145798157e-03 
      6 KSP Residual norm 1.466733546027e-04 
    Linear mg_coarse_ solve converged due to CONVERGED_RTOL iterations 6
  4 KSP Residual norm 6.849150507056e-07 
      Residual norms for mg_coarse_ solve.
      0 KSP Residual norm 1.399568017836e+01 
      1 KSP Residual norm 1.683038947558e+00 
      2 KSP Residual norm 2.752723129775e-01 
      3 KSP Residual norm 5.404611070927e-02 
      4 KSP Residual norm 5.029639504296e-03 
      5 KSP Residual norm 7.214029820404e-04 
      6 KSP Residual norm 1.494788543740e-04 
      7 KSP Residual norm 1.797088357188e-05 
    Linear mg_coarse_ solve converged due to CONVERGED_RTOL iterations 7
  5 KSP Residual norm 2.152114961375e-07 
      Residual norms for mg_coarse_ solve.
      0 KSP Residual norm 5.621532138090e+00 
      1 KSP Residual norm 6.243157090131e-01 
      2 KSP Residual norm 9.755454080301e-02 
      3 KSP Residual norm 1.594240462262e-02 
      4 KSP Residual norm 2.008285898866e-03 
      5 KSP Residual norm 2.811742340144e-04 
      6 KSP Residual norm 4.253218780618e-05 
    Linear mg_coarse_ solve converged due to CONVERGED_RTOL iterations 6
  6 KSP Residual norm 4.052576922416e-08 
      Residual norms for mg_coarse_ solve.
      0 KSP Residual norm 2.719961603211e+01 
      1 KSP Residual norm 3.191477844090e+00 
      2 KSP Residual norm 5.125563152479e-01 
      3 KSP Residual norm 9.953649865651e-02 
      4 KSP Residual norm 8.181236409931e-03 
      5 KSP Residual norm 1.163150948386e-03 
      6 KSP Residual norm 2.388097006590e-04 
    Linear mg_coarse_ solve converged due to CONVERGED_RTOL iterations 6
  7 KSP Residual norm 7.232365990466e-09 
      Residual norms for mg_coarse_ solve.
      0 KSP Residual norm 3.293627278598e+01 
      1 KSP Residual norm 4.185316919123e+00 
      2 KSP Residual norm 6.869487721261e-01 
      3 KSP Residual norm 1.358429788918e-01 
      4 KSP Residual norm 1.225591306797e-02 
      5 KSP Residual norm 1.904449693531e-03 
      6 KSP Residual norm 3.981146689653e-04 
      7 KSP Residual norm 5.283618323002e-05 
    Linear mg_coarse_ solve converged due to CONVERGED_RTOL iterations 7
  8 KSP Residual norm 1.506673466846e-09 
KSP Object: 80 MPI processes
  type: fgmres
    restart=30, using Classical (unmodified) Gram-Schmidt Orthogonalization with no iterative refinement
    happy breakdown tolerance 1e-30
  maximum iterations=200, initial guess is zero
  tolerances:  relative=1e-05, absolute=1e-50, divergence=10000.
  right preconditioning
  using UNPRECONDITIONED norm type for convergence test
PC Object: 80 MPI processes
  type: mg
    type is MULTIPLICATIVE, levels=2 cycles=v
      Cycles per PCApply=1
      Not using Galerkin computed coarse grid matrices
  Coarse grid solver -- level -------------------------------
    KSP Object: (mg_coarse_) 80 MPI processes
      type: gmres
        restart=30, using Classical (unmodified) Gram-Schmidt Orthogonalization with no iterative refinement
        happy breakdown tolerance 1e-30
      maximum iterations=10000, initial guess is zero
      tolerances:  relative=1e-05, absolute=1e-50, divergence=10000.
      left preconditioning
      using PRECONDITIONED norm type for convergence test
    PC Object: (mg_coarse_) 80 MPI processes
      type: hypre
        HYPRE BoomerAMG preconditioning
          Cycle type V
          Maximum number of levels 25
          Maximum number of iterations PER hypre call 1
          Convergence tolerance PER hypre call 0.
          Threshold for strong coupling 0.25
          Interpolation truncation factor 0.
          Interpolation: max elements per row 0
          Number of levels of aggressive coarsening 0
          Number of paths for aggressive coarsening 1
          Maximum row sums 0.9
          Sweeps down         1
          Sweeps up           1
          Sweeps on coarse    1
          Relax down          symmetric-SOR/Jacobi
          Relax up            symmetric-SOR/Jacobi
          Relax on coarse     Gaussian-elimination
          Relax weight  (all)      1.
          Outer relax weight (all) 1.
          Using CF-relaxation
          Not using more complex smoothers.
          Measure type        local
          Coarsen type        Falgout
          Interpolation type  classical
      linear system matrix = precond matrix:
      Mat Object: 80 MPI processes
        type: mpiaij
        rows=4008004, cols=4008004, bs=4
        total: nonzeros=112096016, allocated nonzeros=112096016
        total number of mallocs used during MatSetValues calls=0
          using I-node (on process 0) routines: found 12341 nodes, limit used is 5
  Down solver (pre-smoother) on level 1 -------------------------------
    KSP Object: (mg_levels_1_) 80 MPI processes
      type: chebyshev
        eigenvalue estimates used:  min = 0.197487, max = 2.17235
        eigenvalues estimate via gmres min 0.0148921, max 1.97487
        eigenvalues estimated using gmres with translations  [0. 0.1; 0. 1.1]
        KSP Object: (mg_levels_1_esteig_) 80 MPI processes
          type: gmres
            restart=30, using Classical (unmodified) Gram-Schmidt Orthogonalization with no iterative refinement
            happy breakdown tolerance 1e-30
          maximum iterations=10, initial guess is zero
          tolerances:  relative=1e-12, absolute=1e-50, divergence=10000.
          left preconditioning
          using PRECONDITIONED norm type for convergence test
        estimating eigenvalues using noisy right hand side
      maximum iterations=2, nonzero initial guess
      tolerances:  relative=1e-05, absolute=1e-50, divergence=10000.
      left preconditioning
      using NONE norm type for convergence test
    PC Object: (mg_levels_1_) 80 MPI processes
      type: asm
        total subdomain blocks = 80, amount of overlap = 1
        restriction/interpolation type - RESTRICT
        Local solver information for first block is in the following KSP and PC objects on rank 0:
        Use -mg_levels_1_ksp_view ::ascii_info_detail to display information for all blocks
      KSP Object: (mg_levels_1_sub_) 1 MPI processes
        type: preonly
        maximum iterations=10000, initial guess is zero
        tolerances:  relative=1e-05, absolute=1e-50, divergence=10000.
        left preconditioning
        using NONE norm type for convergence test
      PC Object: (mg_levels_1_sub_) 1 MPI processes
        type: lu
          out-of-place factorization
          tolerance for zero pivot 2.22045e-14
          matrix ordering: nd
          factor fill ratio given 0., needed 0.
            Factored matrix follows:
              Mat Object: 1 MPI processes
                type: mumps
                rows=201696, cols=201696
                package used to perform factorization: mumps
                total: nonzeros=60883872, allocated nonzeros=60883872
                  MUMPS run parameters:
                    SYM (matrix type):                   0 
                    PAR (host participation):            1 
                    ICNTL(1) (output for error):         6 
                    ICNTL(2) (output of diagnostic msg): 0 
                    ICNTL(3) (output for global info):   0 
                    ICNTL(4) (level of printing):        0 
                    ICNTL(5) (input mat struct):         0 
                    ICNTL(6) (matrix prescaling):        7 
                    ICNTL(7) (sequential matrix ordering):7 
                    ICNTL(8) (scaling strategy):        77 
                    ICNTL(10) (max num of refinements):  0 
                    ICNTL(11) (error analysis):          0 
                    ICNTL(12) (efficiency control):                         1 
                    ICNTL(13) (sequential factorization of the root node):  0 
                    ICNTL(14) (percentage of estimated workspace increase): 20 
                    ICNTL(18) (input mat struct):                           0 
                    ICNTL(19) (Schur complement info):                      0 
                    ICNTL(20) (RHS sparse pattern):                         0 
                    ICNTL(21) (solution struct):                            0 
                    ICNTL(22) (in-core/out-of-core facility):               0 
                    ICNTL(23) (max size of memory can be allocated locally):0 
                    ICNTL(24) (detection of null pivot rows):               0 
                    ICNTL(25) (computation of a null space basis):          0 
                    ICNTL(26) (Schur options for RHS or solution):          0 
                    ICNTL(27) (blocking size for multiple RHS):             -32 
                    ICNTL(28) (use parallel or sequential ordering):        1 
                    ICNTL(29) (parallel ordering):                          0 
                    ICNTL(30) (user-specified set of entries in inv(A)):    0 
                    ICNTL(31) (factors is discarded in the solve phase):    0 
                    ICNTL(33) (compute determinant):                        0 
                    ICNTL(35) (activate BLR based factorization):           0 
                    ICNTL(36) (choice of BLR factorization variant):        0 
                    ICNTL(38) (estimated compression rate of LU factors):   333 
                    CNTL(1) (relative pivoting threshold):      0.01 
                    CNTL(2) (stopping criterion of refinement): 1.49012e-08 
                    CNTL(3) (absolute pivoting threshold):      0. 
                    CNTL(4) (value of static pivoting):         -1. 
                    CNTL(5) (fixation for null pivots):         0. 
                    CNTL(7) (dropping parameter for BLR):       0. 
                    RINFO(1) (local estimated flops for the elimination after analysis): 
                      [0] 2.59807e+10 
                    RINFO(2) (local estimated flops for the assembly after factorization): 
                      [0]  1.03138e+08 
                    RINFO(3) (local estimated flops for the elimination after factorization): 
                      [0]  2.59807e+10 
                    INFO(15) (estimated size of (in MB) MUMPS internal data for running numerical factorization): 
                    [0] 689 
                    INFO(16) (size of (in MB) MUMPS internal data used during numerical factorization): 
                      [0] 689 
                    INFO(23) (num of pivots eliminated on this processor after factorization): 
                      [0] 201696 
                    RINFOG(1) (global estimated flops for the elimination after analysis): 2.59807e+10 
                    RINFOG(2) (global estimated flops for the assembly after factorization): 1.03138e+08 
                    RINFOG(3) (global estimated flops for the elimination after factorization): 2.59807e+10 
                    (RINFOG(12) RINFOG(13))*2^INFOG(34) (determinant): (0.,0.)*(2^0)
                    INFOG(3) (estimated real workspace for factors on all processors after analysis): 60883872 
                    INFOG(4) (estimated integer workspace for factors on all processors after analysis): 2540198 
                    INFOG(5) (estimated maximum front size in the complete tree): 1396 
                    INFOG(6) (number of nodes in the complete tree): 18730 
                    INFOG(7) (ordering option effectively use after analysis): 5 
                    INFOG(8) (structural symmetry in percent of the permuted matrix after analysis): 100 
                    INFOG(9) (total real/complex workspace to store the matrix factors after factorization): 60883872 
                    INFOG(10) (total integer space store the matrix factors after factorization): 2540198 
                    INFOG(11) (order of largest frontal matrix after factorization): 1396 
                    INFOG(12) (number of off-diagonal pivots): 0 
                    INFOG(13) (number of delayed pivots after factorization): 0 
                    INFOG(14) (number of memory compress after factorization): 0 
                    INFOG(15) (number of steps of iterative refinement after solution): 0 
                    INFOG(16) (estimated size (in MB) of all MUMPS internal data for factorization after analysis: value on the most memory consuming processor): 689 
                    INFOG(17) (estimated size of all MUMPS internal data for factorization after analysis: sum over all processors): 689 
                    INFOG(18) (size of all MUMPS internal data allocated during factorization: value on the most memory consuming processor): 689 
                    INFOG(19) (size of all MUMPS internal data allocated during factorization: sum over all processors): 689 
                    INFOG(20) (estimated number of entries in the factors): 60883872 
                    INFOG(21) (size in MB of memory effectively used during factorization - value on the most memory consuming processor): 590 
                    INFOG(22) (size in MB of memory effectively used during factorization - sum over all processors): 590 
                    INFOG(23) (after analysis: value of ICNTL(6) effectively used): 0 
                    INFOG(24) (after analysis: value of ICNTL(12) effectively used): 1 
                    INFOG(25) (after factorization: number of pivots modified by static pivoting): 0 
                    INFOG(28) (after factorization: number of null pivots encountered): 0
                    INFOG(29) (after factorization: effective number of entries in the factors (sum over all processors)): 60883872
                    INFOG(30, 31) (after solution: size in Mbytes of memory used during solution phase): 655, 655
                    INFOG(32) (after analysis: type of analysis done): 1
                    INFOG(33) (value used for ICNTL(8)): 7
                    INFOG(34) (exponent of the determinant if determinant is requested): 0
                    INFOG(35) (after factorization: number of entries taking into account BLR factor compression - sum over all processors): 60883872
                    INFOG(36) (after analysis: estimated size of all MUMPS internal data for running BLR in-core - value on the most memory consuming processor): 0 
                    INFOG(37) (after analysis: estimated size of all MUMPS internal data for running BLR in-core - sum over all processors): 0 
                    INFOG(38) (after analysis: estimated size of all MUMPS internal data for running BLR out-of-core - value on the most memory consuming processor): 0 
                    INFOG(39) (after analysis: estimated size of all MUMPS internal data for running BLR out-of-core - sum over all processors): 0 
        linear system matrix = precond matrix:
        Mat Object: (mg_levels_1_sub_) 1 MPI processes
          type: seqaij
          rows=201696, cols=201696
          total: nonzeros=5619776, allocated nonzeros=5619776
          total number of mallocs used during MatSetValues calls=0
            using I-node routines: found 50424 nodes, limit used is 5
      linear system matrix = precond matrix:
      Mat Object: 80 MPI processes
        type: mpiaij
        rows=16016004, cols=16016004
        total: nonzeros=448192016, allocated nonzeros=448192016
        total number of mallocs used during MatSetValues calls=0
          using I-node (on process 0) routines: found 49678 nodes, limit used is 5
  Up solver (post-smoother) same as down solver (pre-smoother)
  linear system matrix = precond matrix:
  Mat Object: 80 MPI processes
    type: mpiaij
    rows=16016004, cols=16016004
    total: nonzeros=448192016, allocated nonzeros=448192016
    total number of mallocs used during MatSetValues calls=0
      using I-node (on process 0) routines: found 49678 nodes, limit used is 5
************************************************************************************************************************
***             WIDEN YOUR WINDOW TO 120 CHARACTERS.  Use 'enscript -r -fCourier9' to print this document            ***
************************************************************************************************************************

---------------------------------------------- PETSc Performance Summary: ----------------------------------------------

/home/a/asarkar/sudhipv/software/FreeFem-sources/src/mpi/FreeFem++-mpi on a  named nia1739.scinet.local with 80 processors, by sudhipv Thu Mar  3 02:16:52 2022
Using Petsc Release Version 3.15.0, Mar 30, 2021 

                         Max       Max/Min     Avg       Total
Time (sec):           2.772e+01     1.000   2.772e+01
Objects:              1.460e+02     1.000   1.460e+02
Flop:                 2.410e+12     1.245   2.202e+12  1.762e+14
Flop/sec:             8.694e+10     1.245   7.945e+10  6.356e+12
MPI Messages:         1.235e+03     3.479   8.991e+02  7.193e+04
MPI Message Lengths:  8.820e+06     3.200   7.471e+03  5.374e+08
MPI Reductions:       2.260e+02     1.000

Flop counting convention: 1 flop = 1 real number operation of type (multiply/divide/add/subtract)
                            e.g., VecAXPY() for real vectors of length N --> 2N flop
                            and VecAXPY() for complex vectors of length N --> 8N flop

Summary of Stages:   ----- Time ------  ----- Flop ------  --- Messages ---  -- Message Lengths --  -- Reductions --
                        Avg     %Total     Avg     %Total    Count   %Total     Avg         %Total    Count   %Total
 0:      Main Stage: 2.7720e+01 100.0%  1.7618e+14 100.0%  7.193e+04 100.0%  7.471e+03      100.0%  2.080e+02  92.0%

------------------------------------------------------------------------------------------------------------------------
See the 'Profiling' chapter of the users' manual for details on interpreting output.
Phase summary info:
   Count: number of times phase was executed
   Time and Flop: Max - maximum over all processors
                  Ratio - ratio of maximum to minimum over all processors
   Mess: number of messages sent
   AvgLen: average message length (bytes)
   Reduct: number of global reductions
   Global: entire computation
   Stage: stages of a computation. Set stages with PetscLogStagePush() and PetscLogStagePop().
      %T - percent time in this phase         %F - percent flop in this phase
      %M - percent messages in this phase     %L - percent message lengths in this phase
      %R - percent reductions in this phase
   Total Mflop/s: 10e-6 * (sum of flop over all processors)/(max time over all processors)
------------------------------------------------------------------------------------------------------------------------
Event                Count      Time (sec)     Flop                              --- Global ---  --- Stage ----  Total
                   Max Ratio  Max     Ratio   Max  Ratio  Mess   AvgLen  Reduct  %T %F %M %L %R  %T %F %M %L %R Mflop/s
------------------------------------------------------------------------------------------------------------------------

--- Event Stage 0: Main Stage

BuildTwoSided          7 1.0 2.3601e-0131.7 0.00e+00 0.0 1.2e+03 4.0e+00 5.0e+00  0  0  2  0  2   0  0  2  0  2     0
BuildTwoSidedF         2 1.0 2.3616e-0316.0 0.00e+00 0.0 0.0e+00 0.0e+00 2.0e+00  0  0  0  0  1   0  0  0  0  1     0
MatMult              109 1.0 1.3777e+00 1.3 7.01e+08 1.0 4.6e+04 4.4e+03 2.0e+00  5  0 64 38  1   5  0 64 38  1 40102
MatMultAdd             8 1.0 5.1540e-02 1.1 3.24e+06 1.0 3.2e+03 8.7e+03 0.0e+00  0  0  5  5  0   0  0  5  5  0  4972
MatMultTranspose       8 1.0 1.8746e-01 1.5 0.00e+00 0.0 3.2e+03 2.9e+04 0.0e+00  1  0  5 18  0   1  0  5 18  0     0
MatSolve              43 1.0 5.7012e+00 1.1 2.41e+12 1.2 0.0e+00 0.0e+00 0.0e+00 19100  0  0  0  19100  0  0  0 30888721
MatLUFactorSym         1 1.0 7.2582e-01 1.1 0.00e+00 0.0 0.0e+00 0.0e+00 0.0e+00  3  0  0  0  0   3  0  0  0  0     0
MatLUFactorNum         1 1.0 2.5069e+00 1.1 1.07e+08 1.1 0.0e+00 0.0e+00 0.0e+00  9  0  0  0  0   9  0  0  0  0  3216
MatConvert             1 1.0 2.3728e-02 1.0 0.00e+00 0.0 0.0e+00 0.0e+00 4.0e+00  0  0  0  0  2   0  0  0  0  2     0
MatResidual            8 1.0 1.8046e-01 2.0 9.08e+07 1.0 3.2e+03 5.8e+03 0.0e+00  1  0  5  4  0   1  0  5  4  0 39738
MatAssemblyBegin       6 1.0 2.5280e-03 1.4 0.00e+00 0.0 0.0e+00 0.0e+00 2.0e+00  0  0  0  0  1   0  0  0  0  1     0
MatAssemblyEnd         6 1.0 6.7605e-0117.6 0.00e+00 0.0 0.0e+00 0.0e+00 1.2e+01  1  0  0  0  5   1  0  0  0  6     0
MatGetRowIJ            3 1.0 1.0417e-02 1.4 0.00e+00 0.0 0.0e+00 0.0e+00 0.0e+00  0  0  0  0  0   0  0  0  0  0     0
MatCreateSubMats       1 1.0 2.6007e-01 1.3 0.00e+00 0.0 2.0e+03 5.0e+04 1.0e+00  1  0  3 19  0   1  0  3 19  0     0
MatGetOrdering         1 1.0 4.8206e-02 1.7 0.00e+00 0.0 0.0e+00 0.0e+00 0.0e+00  0  0  0  0  0   0  0  0  0  0     0
MatIncreaseOvrlp       1 1.0 4.6375e-02 1.6 0.00e+00 0.0 0.0e+00 0.0e+00 1.0e+00  0  0  0  0  0   0  0  0  0  0     0
MatView                5 1.7 1.2408e-0189.5 0.00e+00 0.0 0.0e+00 0.0e+00 3.0e+00  0  0  0  0  1   0  0  0  0  1     0
KSPSetUp               3 1.0 5.9407e+00 1.0 6.17e+11 1.2 1.2e+04 1.3e+04 3.8e+01 21 26 17 29 17  21 26 17 29 18 7586790
KSPSolve               1 1.0 9.3736e+00 1.0 1.79e+12 1.2 5.7e+04 6.1e+03 1.3e+02 34 74 80 65 57  34 74 80 65 62 13986980
KSPGMRESOrthog        69 1.0 4.2879e-01 2.1 1.13e+08 1.0 0.0e+00 0.0e+00 6.9e+01  1  0  0  0 31   1  0  0  0 33 20663
PCSetUp                1 1.0 6.3519e+00 1.0 6.17e+11 1.2 1.2e+04 1.3e+04 4.2e+01 23 26 17 29 19  23 26 17 29 20 7095632
PCSetUpOnBlocks       17 1.0 3.3200e+00 1.1 1.07e+08 1.1 0.0e+00 0.0e+00 0.0e+00 12  0  0  0  0  12  0  0  0  0  2429
PCApply                8 1.0 9.2265e+00 1.0 1.79e+12 1.2 5.4e+04 6.1e+03 1.1e+02 33 74 75 61 49  33 74 75 61 53 14208926
PCApplyOnBlocks       43 1.0 5.7155e+00 1.1 2.41e+12 1.2 0.0e+00 0.0e+00 0.0e+00 19100  0  0  0  19100  0  0  0 30811231
VecMDot               69 1.0 3.7690e-01 2.4 5.63e+07 1.0 0.0e+00 0.0e+00 6.9e+01  1  0  0  0 31   1  0  0  0 33 11753
VecNorm               79 1.0 2.3999e-02 1.7 1.42e+07 1.0 0.0e+00 0.0e+00 7.9e+01  0  0  0  0 35   0  0  0  0 38 46402
VecScale              95 1.0 4.2814e-03 1.2 7.08e+06 1.0 0.0e+00 0.0e+00 0.0e+00  0  0  0  0  0   0  0  0  0  0 130049
VecCopy               77 1.0 3.9763e-02 1.5 0.00e+00 0.0 0.0e+00 0.0e+00 0.0e+00  0  0  0  0  0   0  0  0  0  0     0
VecSet               230 1.0 6.2921e-02 1.3 0.00e+00 0.0 0.0e+00 0.0e+00 0.0e+00  0  0  0  0  0   0  0  0  0  0     0
VecAXPY               18 1.0 8.5511e-03 1.4 4.88e+06 1.0 0.0e+00 0.0e+00 0.0e+00  0  0  0  0  0   0  0  0  0  0 44959
VecAYPX               48 1.0 3.0346e-02 1.3 1.30e+07 1.0 0.0e+00 0.0e+00 0.0e+00  0  0  0  0  0   0  0  0  0  0 33778
VecAXPBYCZ            16 1.0 1.9054e-02 2.4 1.62e+07 1.0 0.0e+00 0.0e+00 0.0e+00  0  0  0  0  0   0  0  0  0  0 67243
VecMAXPY              79 1.0 6.5338e-02 1.1 6.88e+07 1.0 0.0e+00 0.0e+00 0.0e+00  0  0  0  0  0   0  0  0  0  0 82882
VecScatterBegin      273 1.0 3.5271e-01 2.9 0.00e+00 0.0 6.1e+04 4.6e+03 3.0e+00  1  0 85 52  1   1  0 85 52  1     0
VecScatterEnd        273 1.0 1.7867e-0119.0 0.00e+00 0.0 0.0e+00 0.0e+00 0.0e+00  0  0  0  0  0   0  0  0  0  0     0
VecNormalize          70 1.0 2.2923e-02 1.8 1.58e+07 1.0 0.0e+00 0.0e+00 7.0e+01  0  0  0  0 31   0  0  0  0 34 54005
SFSetGraph             5 1.0 5.7823e-04 1.9 0.00e+00 0.0 0.0e+00 0.0e+00 0.0e+00  0  0  0  0  0   0  0  0  0  0     0
SFSetUp                5 1.0 2.5048e-0112.1 0.00e+00 0.0 2.4e+03 1.2e+03 3.0e+00  0  0  3  1  1   0  0  3  1  1     0
SFReduceBegin         43 1.0 3.0259e-02 2.1 0.00e+00 0.0 0.0e+00 0.0e+00 0.0e+00  0  0  0  0  0   0  0  0  0  0     0
SFReduceEnd           43 1.0 8.6336e-05 2.7 0.00e+00 0.0 0.0e+00 0.0e+00 0.0e+00  0  0  0  0  0   0  0  0  0  0     0
SFPack               273 1.0 3.7012e-03 3.3 0.00e+00 0.0 0.0e+00 0.0e+00 0.0e+00  0  0  0  0  0   0  0  0  0  0     0
SFUnpack             273 1.0 7.1022e-04 8.1 0.00e+00 0.0 0.0e+00 0.0e+00 0.0e+00  0  0  0  0  0   0  0  0  0  0     0
------------------------------------------------------------------------------------------------------------------------

Memory usage is given in bytes:

Object Type          Creations   Destructions     Memory  Descendants' Mem.
Reports information only for process 0.

--- Event Stage 0: Main Stage

              Matrix    12             12    199432076     0.
       Krylov Solver     5              5        72264     0.
      Preconditioner     5              5         6024     0.
              Viewer     3              2         1696     0.
              Vector    85             85    101573656     0.
           Index Set    15             15      5298992     0.
   IS L to G Mapping     1              1      2421032     0.
   Star Forest Graph    11             11        12600     0.
    Distributed Mesh     3              3        15144     0.
     Discrete System     3              3         2712     0.
           Weak Form     3              3         2472     0.
========================================================================================================================
Average time to get PetscTime(): 2.92e-08
Average time for MPI_Barrier(): 5.59114e-05
Average time for zero size MPI_Send(): 1.13163e-06
#PETSc Option Table entries:
-ksp_max_it 200
-ksp_monitor
-ksp_type fgmres
-log_view
-m 1000
-mg_coarse_ksp_converged_reason
-mg_coarse_ksp_monitor
-mg_coarse_ksp_type gmres
-mg_coarse_pc_type hypre
-mg_levels_pc_type asm
-mg_levels_sub_pc_factor_mat_solver_type mumps
-mg_levels_sub_pc_type lu
-n 1000
-nw
-ordo 3
-pc_mg_type multiplicative
-pc_type mg
#End of PETSc Option Table entries
Compiled without FORTRAN kernels
Compiled with full precision matrices (default)
sizeof(short) 2 sizeof(int) 4 sizeof(long) 8 sizeof(void*) 8 sizeof(PetscScalar) 8 sizeof(PetscInt) 4
Configure options: --prefix=/home/a/asarkar/sudhipv/software/FreeFem-sources/install/ff-petsc/r MAKEFLAGS= --with-debugging=0 COPTFLAGS="-O3 -mtune=native" CXXOPTFLAGS="-O3 -mtune=native" FOPTFLAGS="-O3 -mtune=native" --with-cxx-dialect=C++11 --with-ssl=0 --with-x=0 --with-fortran-bindings=0 --with-cudac=0 --with-cc=/cvmfs/soft.computecanada.ca/easybuild/software/2020/avx512/Compiler/intel2020/openmpi/4.0.3/bin/mpicc --with-cxx=/cvmfs/soft.computecanada.ca/easybuild/software/2020/avx512/Compiler/intel2020/openmpi/4.0.3/bin/mpic++ --with-fc=/cvmfs/soft.computecanada.ca/easybuild/software/2020/avx512/Compiler/intel2020/openmpi/4.0.3/bin/mpif90 --with-scalar-type=real --with-blaslapack-include=/cvmfs/soft.computecanada.ca/easybuild/software/2020/Core/imkl/2020.1.217/mkl/include --with-blaslapack-lib="-Wl,-rpath,/cvmfs/soft.computecanada.ca/easybuild/software/2020/Core/imkl/2020.1.217/mkl/lib/intel64 -L/cvmfs/soft.computecanada.ca/easybuild/software/2020/Core/imkl/2020.1.217/mkl/lib/intel64 -lmkl_rt -lmkl_intel_thread -lmkl_core  -liomp5 -lpthread" --download-metis --download-ptscotch --download-hypre --download-parmetis --download-mmg --download-parmmg --download-superlu --download-suitesparse --download-tetgen --download-slepc --download-hpddm --download-scalapack --download-mumps --download-slepc-configure-arguments=--download-arpack=https://github.com/prj-/arpack-ng/archive/b64dccb.tar.gz PETSC_ARCH=fr
-----------------------------------------
Libraries compiled on 2021-05-02 15:39:49 on nia-login03.scinet.local 
Machine characteristics: Linux-3.10.0-957.27.2.el7.x86_64-x86_64-with-centos-7.6.1810-Core
Using PETSc directory: /home/a/asarkar/sudhipv/software/FreeFem-sources/install/ff-petsc/r
Using PETSc arch: 
-----------------------------------------

Using C compiler: /cvmfs/soft.computecanada.ca/easybuild/software/2020/avx512/Compiler/intel2020/openmpi/4.0.3/bin/mpicc  -fPIC -wd1572 -O3 -mtune=native   
Using Fortran compiler: /cvmfs/soft.computecanada.ca/easybuild/software/2020/avx512/Compiler/intel2020/openmpi/4.0.3/bin/mpif90  -fPIC -O3 -mtune=native     
-----------------------------------------

Using include paths: -I/home/a/asarkar/sudhipv/software/FreeFem-sources/install/ff-petsc/r/include -I/cvmfs/soft.computecanada.ca/easybuild/software/2020/Core/imkl/2020.1.217/mkl/include
-----------------------------------------

Using C linker: /cvmfs/soft.computecanada.ca/easybuild/software/2020/avx512/Compiler/intel2020/openmpi/4.0.3/bin/mpicc
Using Fortran linker: /cvmfs/soft.computecanada.ca/easybuild/software/2020/avx512/Compiler/intel2020/openmpi/4.0.3/bin/mpif90
Using libraries: -Wl,-rpath,/home/a/asarkar/sudhipv/software/FreeFem-sources/install/ff-petsc/r/lib -L/home/a/asarkar/sudhipv/software/FreeFem-sources/install/ff-petsc/r/lib -lpetsc -Wl,-rpath,/home/a/asarkar/sudhipv/software/FreeFem-sources/install/ff-petsc/r/lib -L/home/a/asarkar/sudhipv/software/FreeFem-sources/install/ff-petsc/r/lib -Wl,-rpath,/cvmfs/soft.computecanada.ca/easybuild/software/2020/Core/imkl/2020.1.217/mkl/lib/intel64 -L/cvmfs/soft.computecanada.ca/easybuild/software/2020/Core/imkl/2020.1.217/mkl/lib/intel64 -Wl,-rpath,/cvmfs/soft.computecanada.ca/easybuild/software/2020/avx512/Compiler/intel2020/openmpi/4.0.3/lib -L/cvmfs/soft.computecanada.ca/easybuild/software/2020/avx512/Compiler/intel2020/openmpi/4.0.3/lib -Wl,-rpath,/cvmfs/soft.computecanada.ca/easybuild/software/2020/avx512/Core/libfabric/1.10.1/lib -L/cvmfs/soft.computecanada.ca/easybuild/software/2020/avx512/Core/libfabric/1.10.1/lib -Wl,-rpath,/cvmfs/soft.computecanada.ca/easybuild/software/2020/avx512/Core/ucx/1.8.0/lib -L/cvmfs/soft.computecanada.ca/easybuild/software/2020/avx512/Core/ucx/1.8.0/lib -Wl,-rpath,/cvmfs/soft.computecanada.ca/easybuild/software/2020/Core/imkl/2020.1.217/lib/intel64 -L/cvmfs/soft.computecanada.ca/easybuild/software/2020/Core/imkl/2020.1.217/lib/intel64 -Wl,-rpath,/cvmfs/restricted.computecanada.ca/easybuild/software/2020/Core/intel/2020.1.217/compilers_and_libraries_2020.1.217/linux/tbb/lib/intel64/gcc4.8 -L/cvmfs/restricted.computecanada.ca/easybuild/software/2020/Core/intel/2020.1.217/compilers_and_libraries_2020.1.217/linux/tbb/lib/intel64/gcc4.8 -Wl,-rpath,/cvmfs/restricted.computecanada.ca/easybuild/software/2020/Core/intel/2020.1.217/compilers_and_libraries_2020.1.217/linux/compiler/lib/intel64_lin -L/cvmfs/restricted.computecanada.ca/easybuild/software/2020/Core/intel/2020.1.217/compilers_and_libraries_2020.1.217/linux/compiler/lib/intel64_lin -Wl,-rpath,/cvmfs/soft.computecanada.ca/easybuild/software/2020/avx512/Compiler/intel2020/openmpi/4.0.3/lib64 -L/cvmfs/soft.computecanada.ca/easybuild/software/2020/avx512/Compiler/intel2020/openmpi/4.0.3/lib64 -Wl,-rpath,/cvmfs/soft.computecanada.ca/easybuild/software/2020/Core/gcccore/9.3.0/lib/gcc/x86_64-pc-linux-gnu/9.3.0 -L/cvmfs/soft.computecanada.ca/easybuild/software/2020/Core/gcccore/9.3.0/lib/gcc/x86_64-pc-linux-gnu/9.3.0 -Wl,-rpath,/cvmfs/soft.computecanada.ca/easybuild/software/2020/Core/gcccore/9.3.0/lib64 -L/cvmfs/soft.computecanada.ca/easybuild/software/2020/Core/gcccore/9.3.0/lib64 -Wl,-rpath,/cvmfs/soft.computecanada.ca/gentoo/2020/lib64 -L/cvmfs/soft.computecanada.ca/gentoo/2020/lib64 -Wl,-rpath,/cvmfs/soft.computecanada.ca/gentoo/2020/usr/lib64 -L/cvmfs/soft.computecanada.ca/gentoo/2020/usr/lib64 -Wl,-rpath,/cvmfs/soft.computecanada.ca/easybuild/software/2020/Core/gcccore/9.3.0/lib -L/cvmfs/soft.computecanada.ca/easybuild/software/2020/Core/gcccore/9.3.0/lib -Wl,-rpath,/cvmfs/soft.computecanada.ca/gentoo/2020/lib -L/cvmfs/soft.computecanada.ca/gentoo/2020/lib -Wl,-rpath,/cvmfs/soft.computecanada.ca/gentoo/2020/usr/lib -L/cvmfs/soft.computecanada.ca/gentoo/2020/usr/lib -lHYPRE -lcmumps -ldmumps -lsmumps -lzmumps -lmumps_common -lpord -lscalapack -lumfpack -lklu -lcholmod -lbtf -lccolamd -lcolamd -lcamd -lamd -lsuitesparseconfig -lsuperlu -lmkl_rt -lmkl_intel_thread -lmkl_core -liomp5 -lpthread -lparmmg -lmmg -lmmg3d -lptesmumps -lptscotchparmetis -lptscotch -lptscotcherr -lesmumps -lscotch -lscotcherr -lpthread -lparmetis -lmetis -ltet -lstdc++ -ldl -lmpi_usempif08 -lmpi_usempi_ignore_tkr -lmpi_mpifh -lmpi -lifport -lifcoremt_pic -limf -lsvml -lm -lipgo -lirc -lpthread -lgcc_s -lirc_s -lrt -lquadmath -lstdc++ -ldl
-----------------------------------------

#############################################################################################################
#############################################################################################################
########     Finsihed Code             #################################################
#############################################################################################################
#############################################################################################################

scontrol show jobid 7005716
JobId=7005716 JobName=poisson_ss_strong_D_80
   UserId=sudhipv(3061414) GroupId=asarkar(6001189) MCS_label=N/A
   Priority=2107585 Nice=0 Account=def-asarkar QOS=normal
   JobState=COMPLETED Reason=None Dependency=(null)
   Requeue=0 Restarts=0 BatchFlag=1 Reboot=0 ExitCode=0:0
   RunTime=00:00:50 TimeLimit=00:30:00 TimeMin=N/A
   SubmitTime=2022-03-03T02:16:02 EligibleTime=2022-03-03T02:16:02
   AccrueTime=2022-03-03T02:16:02
   StartTime=2022-03-03T02:16:04 EndTime=2022-03-03T02:16:54 Deadline=N/A
   SuspendTime=None SecsPreSuspend=0 LastSchedEval=2022-03-03T02:16:04
   Partition=compute AllocNode:Sid=nia-login02:226864
   ReqNodeList=(null) ExcNodeList=(null)
   NodeList=nia[1739,1979]
   BatchHost=nia1739
   NumNodes=2 NumCPUs=160 NumTasks=80 CPUs/Task=1 ReqB:S:C:T=0:0:*:*
   TRES=cpu=160,mem=350000M,node=2,billing=80
   Socks/Node=* NtasksPerN:B:S:C=40:0:*:* CoreSpec=*
   MinCPUsNode=40 MinMemoryNode=175000M MinTmpDiskNode=0
   Features=[skylake|cascade] DelayBoot=00:00:00
   OverSubscribe=NO Contiguous=0 Licenses=(null) Network=(null)
   Command=/gpfs/fs0/scratch/a/asarkar/sudhipv/sto_poisson/strong/runff_niagara_ss.sh
   WorkDir=/gpfs/fs0/scratch/a/asarkar/sudhipv/sto_poisson/strong
   StdErr=/gpfs/fs0/scratch/a/asarkar/sudhipv/sto_poisson/strong/poisson_ss_strong_D_80-7005716.out
   StdIn=/dev/null
   StdOut=/gpfs/fs0/scratch/a/asarkar/sudhipv/sto_poisson/strong/poisson_ss_strong_D_80-7005716.out
   Power=
   MailUser=sudhipv@cmail.carleton.ca MailType=BEGIN,END,FAIL,REQUEUE,STAGE_OUT

sacct -j 7005716
       JobID    JobName    Account    Elapsed  MaxVMSize     MaxRSS  SystemCPU    UserCPU ExitCode 
------------ ---------- ---------- ---------- ---------- ---------- ---------- ---------- -------- 
7005716      poisson_s+ def-asark+   00:00:50                        01:14.676  33:59.977      0:0 
7005716.bat+      batch def-asark+   00:00:50  33993584K  14717388K  00:37.180  17:04.460      0:0 
7005716.ext+     extern def-asark+   00:00:50    138360K       880K   00:00:00  00:00.001      0:0 
7005716.0         orted def-asark+   00:00:07    395244K      2960K  00:00.106  00:00.123      0:0 
7005716.1         orted def-asark+   00:00:33    395244K      2960K  00:37.389  16:55.393      0:0 

kernel messages produced during job executions:
[Mar 3 01:49] mlx5_core 0000:06:00.0: mlx5_core_get_rsc:63:(pid 0): Async event for bogus resource 0x2229b
