/cvmfs/soft.computecanada.ca/easybuild/software/2020/avx512/Compiler/intel2020/openmpi/4.0.3/bin/mpiexec
/cvmfs/soft.computecanada.ca/easybuild/software/2020/avx512/Compiler/intel2020/openmpi/4.0.3/bin/mpirun
Number of Vertices for coarse mesh in process  0  8003241
Linear solve converged due to CONVERGED_RTOL iterations 9
time taken for solve is114.88
L2 Norm of uerr is1.44267e-08
************************************************************************************************************************
***             WIDEN YOUR WINDOW TO 120 CHARACTERS.  Use 'enscript -r -fCourier9' to print this document            ***
************************************************************************************************************************

---------------------------------------------- PETSc Performance Summary: ----------------------------------------------

/home/a/asarkar/sudhipv/software/FreeFem-sources/src/mpi/FreeFem++-mpi on a  named nia0588.scinet.local with 600 processors, by sudhipv Mon Oct 25 08:22:42 2021
Using Petsc Release Version 3.15.0, Mar 30, 2021 

                         Max       Max/Min     Avg       Total
Time (sec):           1.151e+02     1.000   1.151e+02
Objects:              1.170e+02     1.000   1.170e+02
Flop:                 4.817e+10     2.771   3.094e+10  1.856e+13
Flop/sec:             4.186e+08     2.771   2.688e+08  1.613e+11
MPI Messages:         1.408e+03     6.660   9.283e+02  5.570e+05
MPI Message Lengths:  4.208e+06     2.196   3.136e+03  1.747e+09
MPI Reductions:       1.080e+02     1.000

Flop counting convention: 1 flop = 1 real number operation of type (multiply/divide/add/subtract)
                            e.g., VecAXPY() for real vectors of length N --> 2N flop
                            and VecAXPY() for complex vectors of length N --> 8N flop

Summary of Stages:   ----- Time ------  ----- Flop ------  --- Messages ---  -- Message Lengths --  -- Reductions --
                        Avg     %Total     Avg     %Total    Count   %Total     Avg         %Total    Count   %Total
 0:      Main Stage: 1.1508e+02 100.0%  1.8562e+13 100.0%  5.570e+05 100.0%  3.136e+03      100.0%  9.000e+01  83.3%

------------------------------------------------------------------------------------------------------------------------
See the 'Profiling' chapter of the users' manual for details on interpreting output.
Phase summary info:
   Count: number of times phase was executed
   Time and Flop: Max - maximum over all processors
                  Ratio - ratio of maximum to minimum over all processors
   Mess: number of messages sent
   AvgLen: average message length (bytes)
   Reduct: number of global reductions
   Global: entire computation
   Stage: stages of a computation. Set stages with PetscLogStagePush() and PetscLogStagePop().
      %T - percent time in this phase         %F - percent flop in this phase
      %M - percent messages in this phase     %L - percent message lengths in this phase
      %R - percent reductions in this phase
   Total Mflop/s: 10e-6 * (sum of flop over all processors)/(max time over all processors)
------------------------------------------------------------------------------------------------------------------------
Event                Count      Time (sec)     Flop                              --- Global ---  --- Stage ----  Total
                   Max Ratio  Max     Ratio   Max  Ratio  Mess   AvgLen  Reduct  %T %F %M %L %R  %T %F %M %L %R Mflop/s
------------------------------------------------------------------------------------------------------------------------

--- Event Stage 0: Main Stage

BuildTwoSided          7 1.0 2.2464e-0115.3 0.00e+00 0.0 1.1e+04 4.0e+00 5.0e+00  0  0  2  0  5   0  0  2  0  6     0
BuildTwoSidedF         2 1.0 3.9032e-03 3.6 0.00e+00 0.0 0.0e+00 0.0e+00 2.0e+00  0  0  0  0  2   0  0  0  0  2     0
MatMult               69 1.0 1.2281e-01 1.5 4.14e+07 1.0 2.4e+05 1.5e+03 1.0e+00  0  0 43 21  1   0  0 43 21  1 199821
MatMultAdd            10 1.0 1.8992e-02 1.3 1.08e+06 1.0 3.4e+04 2.2e+03 0.0e+00  0  0  6  4  0   0  0  6  4  0 33700
MatMultTranspose      10 1.0 5.6119e-02 4.3 0.00e+00 0.0 3.4e+04 7.4e+03 0.0e+00  0  0  6 14  0   0  0  6 14  0     0
MatSolve              61 1.0 7.9596e+00 1.0 4.76e+10 2.8 6.9e+04 1.1e+04 5.0e+00  7 98 12 42  5   7 98 12 42  6 2286961
MatLUFactorSym         2 1.0 7.5067e+01 1.0 0.00e+00 0.0 0.0e+00 0.0e+00 0.0e+00 65  0  0  0  0  65  0  0  0  0     0
MatLUFactorNum         2 1.0 3.5814e+00 1.1 6.88e+08 1.6 0.0e+00 0.0e+00 0.0e+00  3  2  0  0  0   3  2  0  0  0 86866
MatResidual           10 1.0 2.0178e-02 2.4 7.56e+06 1.0 3.4e+04 1.5e+03 0.0e+00  0  0  6  3  0   0  0  6  3  0 221985
MatAssemblyBegin       5 1.0 4.3473e-03 1.3 0.00e+00 0.0 0.0e+00 0.0e+00 2.0e+00  0  0  0  0  2   0  0  0  0  2     0
MatAssemblyEnd         5 1.0 1.8338e-01 2.4 0.00e+00 0.0 0.0e+00 0.0e+00 8.0e+00  0  0  0  0  7   0  0  0  0  9     0
MatGetRowIJ            1 1.0 4.9177e-03 2.6 0.00e+00 0.0 0.0e+00 0.0e+00 0.0e+00  0  0  0  0  0   0  0  0  0  0     0
MatCreateSubMats       1 1.0 3.1228e-02 1.5 0.00e+00 0.0 1.7e+04 3.4e+03 1.0e+00  0  0  3  3  1   0  0  3  3  1     0
MatGetOrdering         1 1.0 4.0965e-02 1.8 0.00e+00 0.0 0.0e+00 0.0e+00 0.0e+00  0  0  0  0  0   0  0  0  0  0     0
MatIncreaseOvrlp       1 1.0 1.6277e-02 1.5 0.00e+00 0.0 0.0e+00 0.0e+00 1.0e+00  0  0  0  0  1   0  0  0  0  1     0
VecMDot               19 1.0 1.0326e-01 2.6 1.08e+07 1.0 0.0e+00 0.0e+00 1.9e+01  0  0  0  0 18   0  0  0  0 21 61984
VecNorm               21 1.0 3.0211e-01 1.0 2.27e+06 1.0 0.0e+00 0.0e+00 2.1e+01  0  0  0  0 19   0  0  0  0 23  4449
VecScale              41 1.0 1.0006e-03 3.3 1.13e+06 1.0 0.0e+00 0.0e+00 0.0e+00  0  0  0  0  0   0  0  0  0  0 671637
VecCopy               34 1.0 3.2415e-03 1.5 0.00e+00 0.0 0.0e+00 0.0e+00 0.0e+00  0  0  0  0  0   0  0  0  0  0     0
VecSet               193 1.0 1.7767e-02 1.2 0.00e+00 0.0 0.0e+00 0.0e+00 0.0e+00  0  0  0  0  0   0  0  0  0  0     0
VecAXPY               12 1.0 2.0791e-0220.6 1.30e+06 1.0 0.0e+00 0.0e+00 0.0e+00  0  0  0  0  0   0  0  0  0  0 36941
VecAYPX               60 1.0 8.3598e-03 1.4 4.32e+06 1.0 0.0e+00 0.0e+00 0.0e+00  0  0  0  0  0   0  0  0  0  0 306244
VecAXPBYCZ            20 1.0 4.5942e-03 1.4 5.40e+06 1.0 0.0e+00 0.0e+00 0.0e+00  0  0  0  0  0   0  0  0  0  0 696567
VecMAXPY              21 1.0 1.3044e-02 1.3 1.29e+07 1.0 0.0e+00 0.0e+00 0.0e+00  0  0  0  0  0   0  0  0  0  0 583921
VecScatterBegin      273 1.0 2.6024e-01 5.3 0.00e+00 0.0 4.4e+05 2.8e+03 3.0e+00  0  0 79 70  3   0  0 79 70  3     0
VecScatterEnd        273 1.0 6.4950e-02 9.7 0.00e+00 0.0 0.0e+00 0.0e+00 0.0e+00  0  0  0  0  0   0  0  0  0  0     0
VecNormalize          21 1.0 3.0259e-01 1.0 3.40e+06 1.0 0.0e+00 0.0e+00 2.1e+01  0  0  0  0 19   0  0  0  0 23  6663
SFSetGraph             6 1.0 1.7333e-04 2.1 0.00e+00 0.0 0.0e+00 0.0e+00 0.0e+00  0  0  0  0  0   0  0  0  0  0     0
SFSetUp                5 1.0 2.2679e-0113.3 0.00e+00 0.0 2.3e+04 1.6e+03 3.0e+00  0  0  4  2  3   0  0  4  2  3     0
SFReduceBegin         51 1.0 6.2088e-03 1.3 0.00e+00 0.0 0.0e+00 0.0e+00 0.0e+00  0  0  0  0  0   0  0  0  0  0     0
SFReduceEnd           51 1.0 6.5320e-05 2.6 0.00e+00 0.0 0.0e+00 0.0e+00 0.0e+00  0  0  0  0  0   0  0  0  0  0     0
SFPack               273 1.0 2.1353e-03 3.0 0.00e+00 0.0 0.0e+00 0.0e+00 0.0e+00  0  0  0  0  0   0  0  0  0  0     0
SFUnpack             273 1.0 8.1365e-0413.9 0.00e+00 0.0 0.0e+00 0.0e+00 0.0e+00  0  0  0  0  0   0  0  0  0  0     0
KSPSetUp               3 1.0 1.4043e+00 1.2 8.02e+08 1.5 1.0e+05 1.6e+03 3.2e+01  1  2 18 10 30   1  2 18 10 36 267584
KSPSolve               1 1.0 8.0209e+00 1.0 4.75e+10 2.9 4.4e+05 3.4e+03 2.6e+01  7 98 79 86 24   7 98 79 86 29 2266944
KSPGMRESOrthog        19 1.0 1.1235e-01 2.2 2.16e+07 1.0 0.0e+00 0.0e+00 1.9e+01  0  0  0  0 18   0  0  0  0 21 113935
PCSetUp                1 1.0 7.9588e+01 1.0 8.08e+08 1.5 1.0e+05 1.6e+03 3.8e+01 69  2 18 10 35  69  2 18 10 42  4759
PCSetUpOnBlocks       21 1.0 5.6140e-01 1.6 6.82e+08 1.6 0.0e+00 0.0e+00 0.0e+00  0  2  0  0  0   0  2  0  0  0 548887
PCApply               10 1.0 7.9803e+00 1.0 4.75e+10 2.9 4.1e+05 3.6e+03 5.0e+00  7 98 73 84  5   7 98 73 84  6 2277078
PCApplyOnBlocks       51 1.0 6.2314e-01 1.2 4.55e+08 1.1 0.0e+00 0.0e+00 0.0e+00  0  1  0  0  0   0  1  0  0  0 406682
------------------------------------------------------------------------------------------------------------------------

Memory usage is given in bytes:

Object Type          Creations   Destructions     Memory  Descendants' Mem.
Reports information only for process 0.

--- Event Stage 0: Main Stage

              Matrix    12             12     71989160     0.
              Vector    54             54     19065104     0.
           Index Set    17             17      1661332     0.
   IS L to G Mapping     1              1       646160     0.
   Star Forest Graph    12             12        13824     0.
       Krylov Solver     5              5        54456     0.
      Preconditioner     5              5         5544     0.
    Distributed Mesh     3              3        15144     0.
     Discrete System     3              3         2712     0.
           Weak Form     3              3         2472     0.
              Viewer     2              1          848     0.
========================================================================================================================
Average time to get PetscTime(): 3.51e-08
Average time for MPI_Barrier(): 0.000159525
Average time for zero size MPI_Send(): 1.40615e-06
#PETSc Option Table entries:
-ksp_converged_reason
-ksp_pc_side right
-ksp_rtol 1e-8
-ksp_type gmres
-log_view
-m 2828
-mg_coarse_ksp_type preonly
-mg_coarse_pc_type lu
-mg_levels_pc_type asm
-mg_levels_sub_pc_type lu
-n 2828
-nw
-pc_mg_type multiplicative
-pc_type mg
#End of PETSc Option Table entries
Compiled without FORTRAN kernels
Compiled with full precision matrices (default)
sizeof(short) 2 sizeof(int) 4 sizeof(long) 8 sizeof(void*) 8 sizeof(PetscScalar) 8 sizeof(PetscInt) 4
Configure options: --prefix=/home/a/asarkar/sudhipv/software/FreeFem-sources/install/ff-petsc/r MAKEFLAGS= --with-debugging=0 COPTFLAGS="-O3 -mtune=native" CXXOPTFLAGS="-O3 -mtune=native" FOPTFLAGS="-O3 -mtune=native" --with-cxx-dialect=C++11 --with-ssl=0 --with-x=0 --with-fortran-bindings=0 --with-cudac=0 --with-cc=/cvmfs/soft.computecanada.ca/easybuild/software/2020/avx512/Compiler/intel2020/openmpi/4.0.3/bin/mpicc --with-cxx=/cvmfs/soft.computecanada.ca/easybuild/software/2020/avx512/Compiler/intel2020/openmpi/4.0.3/bin/mpic++ --with-fc=/cvmfs/soft.computecanada.ca/easybuild/software/2020/avx512/Compiler/intel2020/openmpi/4.0.3/bin/mpif90 --with-scalar-type=real --with-blaslapack-include=/cvmfs/soft.computecanada.ca/easybuild/software/2020/Core/imkl/2020.1.217/mkl/include --with-blaslapack-lib="-Wl,-rpath,/cvmfs/soft.computecanada.ca/easybuild/software/2020/Core/imkl/2020.1.217/mkl/lib/intel64 -L/cvmfs/soft.computecanada.ca/easybuild/software/2020/Core/imkl/2020.1.217/mkl/lib/intel64 -lmkl_rt -lmkl_intel_thread -lmkl_core  -liomp5 -lpthread" --download-metis --download-ptscotch --download-hypre --download-parmetis --download-mmg --download-parmmg --download-superlu --download-suitesparse --download-tetgen --download-slepc --download-hpddm --download-scalapack --download-mumps --download-slepc-configure-arguments=--download-arpack=https://github.com/prj-/arpack-ng/archive/b64dccb.tar.gz PETSC_ARCH=fr
-----------------------------------------
Libraries compiled on 2021-05-02 15:39:49 on nia-login03.scinet.local 
Machine characteristics: Linux-3.10.0-957.27.2.el7.x86_64-x86_64-with-centos-7.6.1810-Core
Using PETSc directory: /home/a/asarkar/sudhipv/software/FreeFem-sources/install/ff-petsc/r
Using PETSc arch: 
-----------------------------------------

Using C compiler: /cvmfs/soft.computecanada.ca/easybuild/software/2020/avx512/Compiler/intel2020/openmpi/4.0.3/bin/mpicc  -fPIC -wd1572 -O3 -mtune=native   
Using Fortran compiler: /cvmfs/soft.computecanada.ca/easybuild/software/2020/avx512/Compiler/intel2020/openmpi/4.0.3/bin/mpif90  -fPIC -O3 -mtune=native     
-----------------------------------------

Using include paths: -I/home/a/asarkar/sudhipv/software/FreeFem-sources/install/ff-petsc/r/include -I/cvmfs/soft.computecanada.ca/easybuild/software/2020/Core/imkl/2020.1.217/mkl/include
-----------------------------------------

Using C linker: /cvmfs/soft.computecanada.ca/easybuild/software/2020/avx512/Compiler/intel2020/openmpi/4.0.3/bin/mpicc
Using Fortran linker: /cvmfs/soft.computecanada.ca/easybuild/software/2020/avx512/Compiler/intel2020/openmpi/4.0.3/bin/mpif90
Using libraries: -Wl,-rpath,/home/a/asarkar/sudhipv/software/FreeFem-sources/install/ff-petsc/r/lib -L/home/a/asarkar/sudhipv/software/FreeFem-sources/install/ff-petsc/r/lib -lpetsc -Wl,-rpath,/home/a/asarkar/sudhipv/software/FreeFem-sources/install/ff-petsc/r/lib -L/home/a/asarkar/sudhipv/software/FreeFem-sources/install/ff-petsc/r/lib -Wl,-rpath,/cvmfs/soft.computecanada.ca/easybuild/software/2020/Core/imkl/2020.1.217/mkl/lib/intel64 -L/cvmfs/soft.computecanada.ca/easybuild/software/2020/Core/imkl/2020.1.217/mkl/lib/intel64 -Wl,-rpath,/cvmfs/soft.computecanada.ca/easybuild/software/2020/avx512/Compiler/intel2020/openmpi/4.0.3/lib -L/cvmfs/soft.computecanada.ca/easybuild/software/2020/avx512/Compiler/intel2020/openmpi/4.0.3/lib -Wl,-rpath,/cvmfs/soft.computecanada.ca/easybuild/software/2020/avx512/Core/libfabric/1.10.1/lib -L/cvmfs/soft.computecanada.ca/easybuild/software/2020/avx512/Core/libfabric/1.10.1/lib -Wl,-rpath,/cvmfs/soft.computecanada.ca/easybuild/software/2020/avx512/Core/ucx/1.8.0/lib -L/cvmfs/soft.computecanada.ca/easybuild/software/2020/avx512/Core/ucx/1.8.0/lib -Wl,-rpath,/cvmfs/soft.computecanada.ca/easybuild/software/2020/Core/imkl/2020.1.217/lib/intel64 -L/cvmfs/soft.computecanada.ca/easybuild/software/2020/Core/imkl/2020.1.217/lib/intel64 -Wl,-rpath,/cvmfs/restricted.computecanada.ca/easybuild/software/2020/Core/intel/2020.1.217/compilers_and_libraries_2020.1.217/linux/tbb/lib/intel64/gcc4.8 -L/cvmfs/restricted.computecanada.ca/easybuild/software/2020/Core/intel/2020.1.217/compilers_and_libraries_2020.1.217/linux/tbb/lib/intel64/gcc4.8 -Wl,-rpath,/cvmfs/restricted.computecanada.ca/easybuild/software/2020/Core/intel/2020.1.217/compilers_and_libraries_2020.1.217/linux/compiler/lib/intel64_lin -L/cvmfs/restricted.computecanada.ca/easybuild/software/2020/Core/intel/2020.1.217/compilers_and_libraries_2020.1.217/linux/compiler/lib/intel64_lin -Wl,-rpath,/cvmfs/soft.computecanada.ca/easybuild/software/2020/avx512/Compiler/intel2020/openmpi/4.0.3/lib64 -L/cvmfs/soft.computecanada.ca/easybuild/software/2020/avx512/Compiler/intel2020/openmpi/4.0.3/lib64 -Wl,-rpath,/cvmfs/soft.computecanada.ca/easybuild/software/2020/Core/gcccore/9.3.0/lib/gcc/x86_64-pc-linux-gnu/9.3.0 -L/cvmfs/soft.computecanada.ca/easybuild/software/2020/Core/gcccore/9.3.0/lib/gcc/x86_64-pc-linux-gnu/9.3.0 -Wl,-rpath,/cvmfs/soft.computecanada.ca/easybuild/software/2020/Core/gcccore/9.3.0/lib64 -L/cvmfs/soft.computecanada.ca/easybuild/software/2020/Core/gcccore/9.3.0/lib64 -Wl,-rpath,/cvmfs/soft.computecanada.ca/gentoo/2020/lib64 -L/cvmfs/soft.computecanada.ca/gentoo/2020/lib64 -Wl,-rpath,/cvmfs/soft.computecanada.ca/gentoo/2020/usr/lib64 -L/cvmfs/soft.computecanada.ca/gentoo/2020/usr/lib64 -Wl,-rpath,/cvmfs/soft.computecanada.ca/easybuild/software/2020/Core/gcccore/9.3.0/lib -L/cvmfs/soft.computecanada.ca/easybuild/software/2020/Core/gcccore/9.3.0/lib -Wl,-rpath,/cvmfs/soft.computecanada.ca/gentoo/2020/lib -L/cvmfs/soft.computecanada.ca/gentoo/2020/lib -Wl,-rpath,/cvmfs/soft.computecanada.ca/gentoo/2020/usr/lib -L/cvmfs/soft.computecanada.ca/gentoo/2020/usr/lib -lHYPRE -lcmumps -ldmumps -lsmumps -lzmumps -lmumps_common -lpord -lscalapack -lumfpack -lklu -lcholmod -lbtf -lccolamd -lcolamd -lcamd -lamd -lsuitesparseconfig -lsuperlu -lmkl_rt -lmkl_intel_thread -lmkl_core -liomp5 -lpthread -lparmmg -lmmg -lmmg3d -lptesmumps -lptscotchparmetis -lptscotch -lptscotcherr -lesmumps -lscotch -lscotcherr -lpthread -lparmetis -lmetis -ltet -lstdc++ -ldl -lmpi_usempif08 -lmpi_usempi_ignore_tkr -lmpi_mpifh -lmpi -lifport -lifcoremt_pic -limf -lsvml -lm -lipgo -lirc -lpthread -lgcc_s -lirc_s -lrt -lquadmath -lstdc++ -ldl
-----------------------------------------

#############################################################################################################
#############################################################################################################
########     Finsihed Code with NL 600 Processors             #################################################
#############################################################################################################
#############################################################################################################

scontrol show jobid 6275882
JobId=6275882 JobName=strong_exact_600
   UserId=sudhipv(3061414) GroupId=asarkar(6001189) MCS_label=N/A
   Priority=1880503 Nice=0 Account=def-asarkar QOS=normal
   JobState=COMPLETED Reason=None Dependency=(null)
   Requeue=0 Restarts=0 BatchFlag=1 Reboot=0 ExitCode=0:0
   RunTime=00:02:18 TimeLimit=00:30:00 TimeMin=N/A
   SubmitTime=2021-10-25T08:19:49 EligibleTime=2021-10-25T08:19:49
   AccrueTime=2021-10-25T08:19:49
   StartTime=2021-10-25T08:20:26 EndTime=2021-10-25T08:22:44 Deadline=N/A
   SuspendTime=None SecsPreSuspend=0 LastSchedEval=2021-10-25T08:20:26
   Partition=compute AllocNode:Sid=nia-login02:375736
   ReqNodeList=(null) ExcNodeList=(null)
   NodeList=nia[0588-0595,0658-0661,0791-0793]
   BatchHost=nia0588
   NumNodes=15 NumCPUs=1200 NumTasks=600 CPUs/Task=1 ReqB:S:C:T=0:0:*:*
   TRES=cpu=1200,mem=2625000M,node=15,billing=600
   Socks/Node=* NtasksPerN:B:S:C=40:0:*:* CoreSpec=*
   MinCPUsNode=40 MinMemoryNode=175000M MinTmpDiskNode=0
   Features=[skylake|cascade] DelayBoot=00:00:00
   OverSubscribe=NO Contiguous=0 Licenses=(null) Network=(null)
   Command=/gpfs/fs0/scratch/a/asarkar/sudhipv/poisson_hpc/strong/runff_niagara_strong_poisson.sh
   WorkDir=/gpfs/fs0/scratch/a/asarkar/sudhipv/poisson_hpc/strong
   StdErr=/gpfs/fs0/scratch/a/asarkar/sudhipv/poisson_hpc/strong/strong_exact_600-6275882.out
   StdIn=/dev/null
   StdOut=/gpfs/fs0/scratch/a/asarkar/sudhipv/poisson_hpc/strong/strong_exact_600-6275882.out
   Power=
   MailUser=sudhipv@cmail.carleton.ca MailType=BEGIN,END,FAIL,REQUEUE,STAGE_OUT

sacct -j 6275882
       JobID    JobName    Account    Elapsed  MaxVMSize     MaxRSS  SystemCPU    UserCPU ExitCode 
------------ ---------- ---------- ---------- ---------- ---------- ---------- ---------- -------- 
6275882      strong_ex+ def-asark+   00:02:18                        22:05.021   18:58:35      0:0 
6275882.bat+      batch def-asark+   00:02:18  89279052K  69621488K  01:36.128   01:14:49      0:0 
6275882.ext+     extern def-asark+   00:02:20    138360K      1072K  00:00.003  00:00.008      0:0 
6275882.0         orted def-asark+   00:02:08  94604176K  76459760K  20:28.889   17:43:45      0:0 
