
The following have been reloaded with a version change:
  1) mii/1.1.1 => mii/1.1.2

/cvmfs/soft.computecanada.ca/easybuild/software/2020/avx512/Compiler/intel2020/openmpi/4.0.3/bin/mpiexec
/cvmfs/soft.computecanada.ca/easybuild/software/2020/avx512/Compiler/intel2020/openmpi/4.0.3/bin/mpirun
Number of Vertices for coarse grid  251001
Number of Vertices for fine mesh is  1.002e+06
1	
	-111111	
number of random variable  2
order of input  2
order of output  7
Number of input PC   6
Number of output PC  36
Mean of Gaussian  0
Sd of Gaussian  0.3
Size of linear System  3.6072e+07
sindex is 25 2	
	   1   1
	   1   2
	   2   1
	   2   2
	   1   3
	   3   1
	   2   3
	   3   2
	   1   4
	   4   1
	   3   3
	   2   4
	   4   2
	   3   4
	   4   3
	   1   5
	   5   1
	   2   5
	   5   2
	   4   4
	   3   5
	   5   3
	   1   6
	   6   1
	   2   6
	
mindex for file ./kledata/multiIndex00070002.dat is 36 2	
	   0   0
	   1   0
	   0   1
	   2   0
	   1   1
	   0   2
	   3   0
	   2   1
	   1   2
	   0   3
	   4   0
	   3   1
	   2   2
	   1   3
	   0   4
	   5   0
	   4   1
	   3   2
	   2   3
	   1   4
	   0   5
	   6   0
	   5   1
	   4   2
	   3   3
	   2   4
	   1   5
	   0   6
	   7   0
	   6   1
	   5   2
	   4   3
	   3   4
	   2   5
	   1   6
	   0   7
	
Finished generating log normal input coefficients for rank 0
Assembling matrices for level 0 and rank 0
Assembling matrices for level 1 and rank 0
Exited Assembling 0
Starting solve for 0
  0 KSP Residual norm 9.990000000000e-04 
      Residual norms for mg_coarse_ solve.
      0 KSP Residual norm 5.505557030046e+00 
      1 KSP Residual norm 2.520973786260e+00 
      2 KSP Residual norm 5.268605130911e-01 
      3 KSP Residual norm 1.017560163571e-01 
      4 KSP Residual norm 2.159451012621e-02 
      5 KSP Residual norm 4.770009717733e-03 
      6 KSP Residual norm 1.080504967746e-03 
      7 KSP Residual norm 2.508720912453e-04 
      8 KSP Residual norm 5.440582985628e-05 
    Linear mg_coarse_ solve converged due to CONVERGED_RTOL iterations 8
  1 KSP Residual norm 8.079659850308e-04 
      Residual norms for mg_coarse_ solve.
      0 KSP Residual norm 2.124696961723e-01 
      1 KSP Residual norm 2.885386453358e-03 
      2 KSP Residual norm 5.370216696780e-04 
      3 KSP Residual norm 8.689509059638e-05 
      4 KSP Residual norm 1.858125749309e-05 
      5 KSP Residual norm 3.996179331856e-06 
      6 KSP Residual norm 8.745705211522e-07 
    Linear mg_coarse_ solve converged due to CONVERGED_RTOL iterations 6
  2 KSP Residual norm 8.804439022945e-05 
      Residual norms for mg_coarse_ solve.
      0 KSP Residual norm 1.480862692527e-01 
      1 KSP Residual norm 1.445163978018e-03 
      2 KSP Residual norm 1.039571015372e-04 
      3 KSP Residual norm 2.226945045945e-05 
      4 KSP Residual norm 4.405269850222e-06 
      5 KSP Residual norm 9.847832004980e-07 
    Linear mg_coarse_ solve converged due to CONVERGED_RTOL iterations 5
  3 KSP Residual norm 7.700236360906e-06 
      Residual norms for mg_coarse_ solve.
      0 KSP Residual norm 1.743820131216e-01 
      1 KSP Residual norm 3.282698906154e-03 
      2 KSP Residual norm 5.248420907103e-04 
      3 KSP Residual norm 9.059345122536e-05 
      4 KSP Residual norm 2.036929382341e-05 
      5 KSP Residual norm 4.704851829220e-06 
      6 KSP Residual norm 1.090846523552e-06 
    Linear mg_coarse_ solve converged due to CONVERGED_RTOL iterations 6
  4 KSP Residual norm 9.097875658751e-07 
      Residual norms for mg_coarse_ solve.
      0 KSP Residual norm 4.494657894460e-01 
      1 KSP Residual norm 1.372312483514e-02 
      2 KSP Residual norm 1.533676599014e-03 
      3 KSP Residual norm 2.649685313341e-04 
      4 KSP Residual norm 5.803826572761e-05 
      5 KSP Residual norm 1.256772285203e-05 
      6 KSP Residual norm 2.812951272666e-06 
    Linear mg_coarse_ solve converged due to CONVERGED_RTOL iterations 6
  5 KSP Residual norm 1.621412324414e-07 
      Residual norms for mg_coarse_ solve.
      0 KSP Residual norm 3.090141567727e-01 
      1 KSP Residual norm 1.605526937696e-02 
      2 KSP Residual norm 1.253480029988e-03 
      3 KSP Residual norm 2.448685737967e-04 
      4 KSP Residual norm 4.913733882438e-05 
      5 KSP Residual norm 1.076037231749e-05 
      6 KSP Residual norm 2.510946889336e-06 
    Linear mg_coarse_ solve converged due to CONVERGED_RTOL iterations 6
  6 KSP Residual norm 3.237698234047e-08 
      Residual norms for mg_coarse_ solve.
      0 KSP Residual norm 4.104500821762e-01 
      1 KSP Residual norm 3.060627276615e-02 
      2 KSP Residual norm 2.656156844556e-03 
      3 KSP Residual norm 5.081700517005e-04 
      4 KSP Residual norm 9.687884888832e-05 
      5 KSP Residual norm 2.041563918553e-05 
      6 KSP Residual norm 4.701058362058e-06 
      7 KSP Residual norm 1.059375265107e-06 
    Linear mg_coarse_ solve converged due to CONVERGED_RTOL iterations 7
  7 KSP Residual norm 6.481136746357e-09 
time taken for solve is64.1792
************************************************************************************************************************
***             WIDEN YOUR WINDOW TO 120 CHARACTERS.  Use 'enscript -r -fCourier9' to print this document            ***
************************************************************************************************************************

---------------------------------------------- PETSc Performance Summary: ----------------------------------------------

/home/a/asarkar/sudhipv/software/FreeFem-sources/src/mpi/FreeFem++-mpi on a  named nia1558.scinet.local with 514 processors, by sudhipv Sun Nov 27 10:43:45 2022
Using Petsc Release Version 3.15.0, Mar 30, 2021 

                         Max       Max/Min     Avg       Total
Time (sec):           6.456e+01     1.000   6.456e+01
Objects:              1.440e+02     1.000   1.440e+02
Flop:                 1.272e+13     1.642   1.078e+13  5.542e+15
Flop/sec:             1.970e+11     1.642   1.670e+11  8.584e+13
MPI Messages:         1.773e+03     4.500   1.109e+03  5.702e+05
MPI Message Lengths:  4.327e+07     2.996   2.865e+04  1.634e+10
MPI Reductions:       2.010e+02     1.000

Flop counting convention: 1 flop = 1 real number operation of type (multiply/divide/add/subtract)
                            e.g., VecAXPY() for real vectors of length N --> 2N flop
                            and VecAXPY() for complex vectors of length N --> 8N flop

Summary of Stages:   ----- Time ------  ----- Flop ------  --- Messages ---  -- Message Lengths --  -- Reductions --
                        Avg     %Total     Avg     %Total    Count   %Total     Avg         %Total    Count   %Total
 0:      Main Stage: 6.4562e+01 100.0%  5.5418e+15 100.0%  5.702e+05 100.0%  2.865e+04      100.0%  1.830e+02  91.0%

------------------------------------------------------------------------------------------------------------------------
See the 'Profiling' chapter of the users' manual for details on interpreting output.
Phase summary info:
   Count: number of times phase was executed
   Time and Flop: Max - maximum over all processors
                  Ratio - ratio of maximum to minimum over all processors
   Mess: number of messages sent
   AvgLen: average message length (bytes)
   Reduct: number of global reductions
   Global: entire computation
   Stage: stages of a computation. Set stages with PetscLogStagePush() and PetscLogStagePop().
      %T - percent time in this phase         %F - percent flop in this phase
      %M - percent messages in this phase     %L - percent message lengths in this phase
      %R - percent reductions in this phase
   Total Mflop/s: 10e-6 * (sum of flop over all processors)/(max time over all processors)
------------------------------------------------------------------------------------------------------------------------
Event                Count      Time (sec)     Flop                              --- Global ---  --- Stage ----  Total
                   Max Ratio  Max     Ratio   Max  Ratio  Mess   AvgLen  Reduct  %T %F %M %L %R  %T %F %M %L %R Mflop/s
------------------------------------------------------------------------------------------------------------------------

--- Event Stage 0: Main Stage

BuildTwoSided          6 1.0 2.0934e+0087.2 0.00e+00 0.0 8.7e+03 4.0e+00 5.0e+00  1  0  2  0  2   1  0  2  0  3     0
BuildTwoSidedF         2 1.0 1.3522e-02 4.5 0.00e+00 0.0 0.0e+00 0.0e+00 2.0e+00  0  0  0  0  1   0  0  0  0  1     0
MatMult               96 1.0 4.5284e+00 1.4 2.12e+09 1.2 2.9e+05 7.5e+03 2.0e+00  6  0 51 13  1   6  0 51 13  1 224162
MatMultAdd             7 1.0 4.9464e-02 4.6 1.05e+06 1.1 2.0e+04 1.6e+04 0.0e+00  0  0  4  2  0   0  0  4  2  0 10210
MatMultTranspose       7 1.0 2.9133e-0129.0 0.00e+00 0.0 2.0e+04 5.2e+04 0.0e+00  0  0  4  6  0   0  0  4  6  0     0
MatSolve              39 1.0 7.4937e+00 1.5 1.27e+13 1.6 0.0e+00 0.0e+00 0.0e+00 11100  0  0  0  11100  0  0  0 739377525
MatLUFactorSym         1 1.0 8.4881e-01 1.4 0.00e+00 0.0 0.0e+00 0.0e+00 0.0e+00  1  0  0  0  0   1  0  0  0  0     0
MatLUFactorNum         1 1.0 7.0315e+00 1.4 2.05e+08 1.4 0.0e+00 0.0e+00 0.0e+00 10  0  0  0  0  10  0  0  0  0 13474
MatConvert             1 1.0 1.7621e-01 1.0 0.00e+00 0.0 0.0e+00 0.0e+00 4.0e+00  0  0  0  0  2   0  0  0  0  2     0
MatResidual            7 1.0 5.4631e-01 1.6 2.63e+08 1.1 2.0e+04 9.6e+03 0.0e+00  1  0  4  1  0   1  0  4  1  0 232683
MatAssemblyBegin       6 1.0 1.3786e-02 4.2 0.00e+00 0.0 0.0e+00 0.0e+00 2.0e+00  0  0  0  0  1   0  0  0  0  1     0
MatAssemblyEnd         6 1.0 4.8464e+0020.6 0.00e+00 0.0 0.0e+00 0.0e+00 1.2e+01  4  0  0  0  6   4  0  0  0  7     0
MatGetRowIJ            3 1.0 1.7038e-02 1.7 0.00e+00 0.0 0.0e+00 0.0e+00 0.0e+00  0  0  0  0  0   0  0  0  0  0     0
MatCreateSubMats       1 1.0 9.1576e-01 1.4 0.00e+00 0.0 1.4e+04 7.2e+05 1.0e+00  1  0  3 64  0   1  0  3 64  1     0
MatGetOrdering         1 1.0 4.7306e-02 2.1 0.00e+00 0.0 0.0e+00 0.0e+00 0.0e+00  0  0  0  0  0   0  0  0  0  0     0
MatIncreaseOvrlp       1 1.0 8.8528e-02 1.9 0.00e+00 0.0 0.0e+00 0.0e+00 1.0e+00  0  0  0  0  0   0  0  0  0  1     0
KSPSetUp               3 1.0 1.2098e+01 1.0 3.59e+12 1.6 1.2e+05 9.6e+04 3.8e+01 19 28 21 70 19  19 28 21 70 21 129197719
KSPSolve               1 1.0 2.2139e+01 1.0 9.13e+12 1.6 4.4e+05 1.0e+04 1.1e+02 34 72 77 27 55  34 72 77 27 61 179715062
KSPGMRESOrthog        61 1.0 2.2663e+00 7.1 3.76e+07 1.2 0.0e+00 0.0e+00 6.1e+01  1  0  0  0 30   1  0  0  0 33  7884
PCSetUp                1 1.0 1.8382e+01 1.0 3.59e+12 1.6 1.2e+05 9.6e+04 4.2e+01 28 28 21 70 21  28 28 21 70 23 85031264
PCSetUpOnBlocks       15 1.0 7.8219e+00 1.4 2.05e+08 1.4 0.0e+00 0.0e+00 0.0e+00 11  0  0  0  0  11  0  0  0  0 12112
PCApply                7 1.0 2.1542e+01 1.0 9.13e+12 1.6 4.2e+05 1.0e+04 9.6e+01 33 72 73 26 48  33 72 73 26 52 184690369
PCApplyOnBlocks       39 1.0 7.4988e+00 1.5 1.27e+13 1.6 0.0e+00 0.0e+00 0.0e+00 11100  0  0  0  11100  0  0  0 738879474
VecMDot               61 1.0 2.2550e+00 7.4 1.88e+07 1.2 0.0e+00 0.0e+00 6.1e+01  1  0  0  0 30   1  0  0  0 33  3962
VecNorm               70 1.0 8.4309e-01 8.6 4.84e+06 1.2 0.0e+00 0.0e+00 7.0e+01  1  0  0  0 35   1  0  0  0 38  2719
VecScale              84 1.0 1.3406e-03 2.3 2.42e+06 1.2 0.0e+00 0.0e+00 0.0e+00  0  0  0  0  0   0  0  0  0  0 854984
VecCopy               83 1.0 8.2707e-03 1.8 0.00e+00 0.0 0.0e+00 0.0e+00 0.0e+00  0  0  0  0  0   0  0  0  0  0     0
VecSet               206 1.0 2.0333e-02 1.5 0.00e+00 0.0 0.0e+00 0.0e+00 0.0e+00  0  0  0  0  0   0  0  0  0  0     0
VecAXPY               16 1.0 2.1840e-03 2.1 1.62e+06 1.2 0.0e+00 0.0e+00 0.0e+00  0  0  0  0  0   0  0  0  0  0 355219
VecAYPX               42 1.0 7.7732e-03 2.0 4.18e+06 1.1 0.0e+00 0.0e+00 0.0e+00  0  0  0  0  0   0  0  0  0  0 259872
VecAXPBYCZ            14 1.0 4.9358e-03 2.7 5.23e+06 1.1 0.0e+00 0.0e+00 0.0e+00  0  0  0  0  0   0  0  0  0  0 511576
VecMAXPY              70 1.0 1.6884e-02 1.4 2.31e+07 1.2 0.0e+00 0.0e+00 0.0e+00  0  0  0  0  0   0  0  0  0  0 648872
VecScatterBegin      245 1.0 2.1201e+0042.7 0.00e+00 0.0 5.0e+05 8.0e+03 3.0e+00  1  0 88 25  1   1  0 88 25  2     0
VecScatterEnd        245 1.0 2.8227e+00351.9 3.54e+05 2.9 0.0e+00 0.0e+00 0.0e+00  1  0  0  0  0   1  0  0  0  0    48
VecNormalize          62 1.0 8.3610e-01 8.9 5.48e+06 1.2 0.0e+00 0.0e+00 6.2e+01  1  0  0  0 31   1  0  0  0 34  3077
SFSetGraph             4 1.0 1.5451e-04 2.3 0.00e+00 0.0 0.0e+00 0.0e+00 0.0e+00  0  0  0  0  0   0  0  0  0  0     0
SFSetUp                4 1.0 2.0918e+00102.5 0.00e+00 0.0 1.7e+04 2.0e+03 3.0e+00  1  0  3  0  1   1  0  3  0  2     0
SFPack               245 1.0 4.1136e-03 3.9 0.00e+00 0.0 0.0e+00 0.0e+00 0.0e+00  0  0  0  0  0   0  0  0  0  0     0
SFUnpack             245 1.0 2.5038e-03 6.4 3.54e+05 2.9 0.0e+00 0.0e+00 0.0e+00  0  0  0  0  0   0  0  0  0  0 53920
------------------------------------------------------------------------------------------------------------------------

Memory usage is given in bytes:

Object Type          Creations   Destructions     Memory  Descendants' Mem.
Reports information only for process 0.

--- Event Stage 0: Main Stage

              Matrix    12             12    480592860     0.
       Krylov Solver     5              5        72264     0.
      Preconditioner     5              5         6024     0.
              Viewer     2              1          848     0.
              Vector    85             85     34207320     0.
           Index Set    15             15      1996912     0.
   IS L to G Mapping     1              1       878936     0.
   Star Forest Graph    10             10        11376     0.
    Distributed Mesh     3              3        15144     0.
     Discrete System     3              3         2712     0.
           Weak Form     3              3         2472     0.
========================================================================================================================
Average time to get PetscTime(): 3.19e-08
Average time for MPI_Barrier(): 8.00122e-05
Average time for zero size MPI_Send(): 1.29775e-06
#PETSc Option Table entries:
-ksp_max_it 200
-ksp_monitor
-ksp_pc_side right
-ksp_type fgmres
-log_view
-m 500
-mg_coarse_ksp_converged_reason
-mg_coarse_ksp_monitor
-mg_coarse_ksp_pc_side right
-mg_coarse_ksp_type gmres
-mg_coarse_pc_type hypre
-mg_levels_pc_asm_type basic
-mg_levels_pc_type asm
-mg_levels_sub_pc_factor_mat_solver_type mumps
-mg_levels_sub_pc_type lu
-n 500
-nw
-pc_mg_type multiplicative
-pc_type mg
#End of PETSc Option Table entries
Compiled without FORTRAN kernels
Compiled with full precision matrices (default)
sizeof(short) 2 sizeof(int) 4 sizeof(long) 8 sizeof(void*) 8 sizeof(PetscScalar) 8 sizeof(PetscInt) 4
Configure options: --prefix=/home/a/asarkar/sudhipv/software/FreeFem-sources/install/ff-petsc/r MAKEFLAGS= --with-debugging=0 COPTFLAGS="-O3 -mtune=native" CXXOPTFLAGS="-O3 -mtune=native" FOPTFLAGS="-O3 -mtune=native" --with-cxx-dialect=C++11 --with-ssl=0 --with-x=0 --with-fortran-bindings=0 --with-cudac=0 --with-cc=/cvmfs/soft.computecanada.ca/easybuild/software/2020/avx512/Compiler/intel2020/openmpi/4.0.3/bin/mpicc --with-cxx=/cvmfs/soft.computecanada.ca/easybuild/software/2020/avx512/Compiler/intel2020/openmpi/4.0.3/bin/mpic++ --with-fc=/cvmfs/soft.computecanada.ca/easybuild/software/2020/avx512/Compiler/intel2020/openmpi/4.0.3/bin/mpif90 --with-scalar-type=real --with-blaslapack-include=/cvmfs/soft.computecanada.ca/easybuild/software/2020/Core/imkl/2020.1.217/mkl/include --with-blaslapack-lib="-Wl,-rpath,/cvmfs/soft.computecanada.ca/easybuild/software/2020/Core/imkl/2020.1.217/mkl/lib/intel64 -L/cvmfs/soft.computecanada.ca/easybuild/software/2020/Core/imkl/2020.1.217/mkl/lib/intel64 -lmkl_rt -lmkl_intel_thread -lmkl_core  -liomp5 -lpthread" --download-metis --download-ptscotch --download-hypre --download-parmetis --download-mmg --download-parmmg --download-superlu --download-suitesparse --download-tetgen --download-slepc --download-hpddm --download-scalapack --download-mumps --download-slepc-configure-arguments=--download-arpack=https://github.com/prj-/arpack-ng/archive/b64dccb.tar.gz PETSC_ARCH=fr
-----------------------------------------
Libraries compiled on 2021-05-02 15:39:49 on nia-login03.scinet.local 
Machine characteristics: Linux-3.10.0-957.27.2.el7.x86_64-x86_64-with-centos-7.6.1810-Core
Using PETSc directory: /home/a/asarkar/sudhipv/software/FreeFem-sources/install/ff-petsc/r
Using PETSc arch: 
-----------------------------------------

Using C compiler: /cvmfs/soft.computecanada.ca/easybuild/software/2020/avx512/Compiler/intel2020/openmpi/4.0.3/bin/mpicc  -fPIC -wd1572 -O3 -mtune=native   
Using Fortran compiler: /cvmfs/soft.computecanada.ca/easybuild/software/2020/avx512/Compiler/intel2020/openmpi/4.0.3/bin/mpif90  -fPIC -O3 -mtune=native     
-----------------------------------------

Using include paths: -I/home/a/asarkar/sudhipv/software/FreeFem-sources/install/ff-petsc/r/include -I/cvmfs/soft.computecanada.ca/easybuild/software/2020/Core/imkl/2020.1.217/mkl/include
-----------------------------------------

Using C linker: /cvmfs/soft.computecanada.ca/easybuild/software/2020/avx512/Compiler/intel2020/openmpi/4.0.3/bin/mpicc
Using Fortran linker: /cvmfs/soft.computecanada.ca/easybuild/software/2020/avx512/Compiler/intel2020/openmpi/4.0.3/bin/mpif90
Using libraries: -Wl,-rpath,/home/a/asarkar/sudhipv/software/FreeFem-sources/install/ff-petsc/r/lib -L/home/a/asarkar/sudhipv/software/FreeFem-sources/install/ff-petsc/r/lib -lpetsc -Wl,-rpath,/home/a/asarkar/sudhipv/software/FreeFem-sources/install/ff-petsc/r/lib -L/home/a/asarkar/sudhipv/software/FreeFem-sources/install/ff-petsc/r/lib -Wl,-rpath,/cvmfs/soft.computecanada.ca/easybuild/software/2020/Core/imkl/2020.1.217/mkl/lib/intel64 -L/cvmfs/soft.computecanada.ca/easybuild/software/2020/Core/imkl/2020.1.217/mkl/lib/intel64 -Wl,-rpath,/cvmfs/soft.computecanada.ca/easybuild/software/2020/avx512/Compiler/intel2020/openmpi/4.0.3/lib -L/cvmfs/soft.computecanada.ca/easybuild/software/2020/avx512/Compiler/intel2020/openmpi/4.0.3/lib -Wl,-rpath,/cvmfs/soft.computecanada.ca/easybuild/software/2020/avx512/Core/libfabric/1.10.1/lib -L/cvmfs/soft.computecanada.ca/easybuild/software/2020/avx512/Core/libfabric/1.10.1/lib -Wl,-rpath,/cvmfs/soft.computecanada.ca/easybuild/software/2020/avx512/Core/ucx/1.8.0/lib -L/cvmfs/soft.computecanada.ca/easybuild/software/2020/avx512/Core/ucx/1.8.0/lib -Wl,-rpath,/cvmfs/soft.computecanada.ca/easybuild/software/2020/Core/imkl/2020.1.217/lib/intel64 -L/cvmfs/soft.computecanada.ca/easybuild/software/2020/Core/imkl/2020.1.217/lib/intel64 -Wl,-rpath,/cvmfs/restricted.computecanada.ca/easybuild/software/2020/Core/intel/2020.1.217/compilers_and_libraries_2020.1.217/linux/tbb/lib/intel64/gcc4.8 -L/cvmfs/restricted.computecanada.ca/easybuild/software/2020/Core/intel/2020.1.217/compilers_and_libraries_2020.1.217/linux/tbb/lib/intel64/gcc4.8 -Wl,-rpath,/cvmfs/restricted.computecanada.ca/easybuild/software/2020/Core/intel/2020.1.217/compilers_and_libraries_2020.1.217/linux/compiler/lib/intel64_lin -L/cvmfs/restricted.computecanada.ca/easybuild/software/2020/Core/intel/2020.1.217/compilers_and_libraries_2020.1.217/linux/compiler/lib/intel64_lin -Wl,-rpath,/cvmfs/soft.computecanada.ca/easybuild/software/2020/avx512/Compiler/intel2020/openmpi/4.0.3/lib64 -L/cvmfs/soft.computecanada.ca/easybuild/software/2020/avx512/Compiler/intel2020/openmpi/4.0.3/lib64 -Wl,-rpath,/cvmfs/soft.computecanada.ca/easybuild/software/2020/Core/gcccore/9.3.0/lib/gcc/x86_64-pc-linux-gnu/9.3.0 -L/cvmfs/soft.computecanada.ca/easybuild/software/2020/Core/gcccore/9.3.0/lib/gcc/x86_64-pc-linux-gnu/9.3.0 -Wl,-rpath,/cvmfs/soft.computecanada.ca/easybuild/software/2020/Core/gcccore/9.3.0/lib64 -L/cvmfs/soft.computecanada.ca/easybuild/software/2020/Core/gcccore/9.3.0/lib64 -Wl,-rpath,/cvmfs/soft.computecanada.ca/gentoo/2020/lib64 -L/cvmfs/soft.computecanada.ca/gentoo/2020/lib64 -Wl,-rpath,/cvmfs/soft.computecanada.ca/gentoo/2020/usr/lib64 -L/cvmfs/soft.computecanada.ca/gentoo/2020/usr/lib64 -Wl,-rpath,/cvmfs/soft.computecanada.ca/easybuild/software/2020/Core/gcccore/9.3.0/lib -L/cvmfs/soft.computecanada.ca/easybuild/software/2020/Core/gcccore/9.3.0/lib -Wl,-rpath,/cvmfs/soft.computecanada.ca/gentoo/2020/lib -L/cvmfs/soft.computecanada.ca/gentoo/2020/lib -Wl,-rpath,/cvmfs/soft.computecanada.ca/gentoo/2020/usr/lib -L/cvmfs/soft.computecanada.ca/gentoo/2020/usr/lib -lHYPRE -lcmumps -ldmumps -lsmumps -lzmumps -lmumps_common -lpord -lscalapack -lumfpack -lklu -lcholmod -lbtf -lccolamd -lcolamd -lcamd -lamd -lsuitesparseconfig -lsuperlu -lmkl_rt -lmkl_intel_thread -lmkl_core -liomp5 -lpthread -lparmmg -lmmg -lmmg3d -lptesmumps -lptscotchparmetis -lptscotch -lptscotcherr -lesmumps -lscotch -lscotcherr -lpthread -lparmetis -lmetis -ltet -lstdc++ -ldl -lmpi_usempif08 -lmpi_usempi_ignore_tkr -lmpi_mpifh -lmpi -lifport -lifcoremt_pic -limf -lsvml -lm -lipgo -lirc -lpthread -lgcc_s -lirc_s -lrt -lquadmath -lstdc++ -ldl
-----------------------------------------


scontrol show jobid 8492097
JobId=8492097 JobName=LP_weak_order_7
   UserId=sudhipv(3061414) GroupId=asarkar(6001189) MCS_label=N/A
   Priority=836671 Nice=0 Account=def-asarkar QOS=normal
   JobState=COMPLETED Reason=None Dependency=(null)
   Requeue=0 Restarts=0 BatchFlag=1 Reboot=0 ExitCode=0:0
   RunTime=00:01:32 TimeLimit=01:30:00 TimeMin=N/A
   SubmitTime=2022-11-27T10:41:07 EligibleTime=2022-11-27T10:41:07
   AccrueTime=2022-11-27T10:41:07
   StartTime=2022-11-27T10:42:15 EndTime=2022-11-27T10:43:47 Deadline=N/A
   SuspendTime=None SecsPreSuspend=0 LastSchedEval=2022-11-27T10:42:15 Scheduler=Backfill
   Partition=compute AllocNode:Sid=nia-login07:248737
   ReqNodeList=(null) ExcNodeList=(null)
   NodeList=nia[1558-1559,1664-1665,1801-1802,1875-1876,1903,1961-1964]
   BatchHost=nia1558
   NumNodes=13 NumCPUs=1040 NumTasks=520 CPUs/Task=1 ReqB:S:C:T=0:0:*:*
   TRES=cpu=1040,mem=2275000M,node=13,billing=520
   Socks/Node=* NtasksPerN:B:S:C=40:0:*:* CoreSpec=*
   MinCPUsNode=40 MinMemoryNode=175000M MinTmpDiskNode=0
   Features=[skylake|cascade] DelayBoot=00:00:00
   OverSubscribe=NO Contiguous=0 Licenses=(null) Network=(null)
   Command=/gpfs/fs0/scratch/a/asarkar/sudhipv/poisson_hpc/stochastic/process_L/poisson_weakmesh/runff_niagara.sh
   WorkDir=/gpfs/fs0/scratch/a/asarkar/sudhipv/poisson_hpc/stochastic/process_L/poisson_weakmesh
   Comment=/opt/slurm/bin/sbatch --export=NONE runff_niagara.sh 
   StdErr=/gpfs/fs0/scratch/a/asarkar/sudhipv/poisson_hpc/stochastic/process_L/poisson_weakmesh/LP_weak_order_7-8492097.out
   StdIn=/dev/null
   StdOut=/gpfs/fs0/scratch/a/asarkar/sudhipv/poisson_hpc/stochastic/process_L/poisson_weakmesh/LP_weak_order_7-8492097.out
   Power=
   MailUser=sudhipv@cmail.carleton.ca MailType=INVALID_DEPEND,BEGIN,END,FAIL,REQUEUE,STAGE_OUT
   

sacct -j 8492097
JobID           JobName    Account    Elapsed  MaxVMSize     MaxRSS  SystemCPU    UserCPU ExitCode 
------------ ---------- ---------- ---------- ---------- ---------- ---------- ---------- -------- 
8492097      LP_weak_o+ def-asark+   00:01:32                        20:17.958   08:56:32      0:0 
8492097.bat+      batch def-asark+   00:01:32 117003936K  84937400K  01:35.630  41:44.041      0:0 
8492097.ext+     extern def-asark+   00:01:35    142384K      1132K  00:00.001  00:00.007      0:0 
8492097.0         orted def-asark+   00:01:16 117628252K  86451048K  18:42.326   08:14:48      0:0 
