
The following have been reloaded with a version change:
  1) mii/1.1.1 => mii/1.1.2

/cvmfs/soft.computecanada.ca/easybuild/software/2020/avx512/Compiler/intel2020/openmpi/4.0.3/bin/mpiexec
/cvmfs/soft.computecanada.ca/easybuild/software/2020/avx512/Compiler/intel2020/openmpi/4.0.3/bin/mpirun
Number of Vertices for coarse grid  251001
Number of Vertices for fine mesh is  1.002e+06
1	
	-111111	
number of random variable  2
order of input  2
order of output  5
Number of input PC   6
Number of output PC  21
Mean of Gaussian  0
Sd of Gaussian  0.3
Size of linear System  2.1042e+07
sindex is 25 2	
	   1   1
	   1   2
	   2   1
	   2   2
	   1   3
	   3   1
	   2   3
	   3   2
	   1   4
	   4   1
	   3   3
	   2   4
	   4   2
	   3   4
	   4   3
	   1   5
	   5   1
	   2   5
	   5   2
	   4   4
	   3   5
	   5   3
	   1   6
	   6   1
	   2   6
	
mindex for file ./kledata/multiIndex00050002.dat is 21 2	
	   0   0
	   1   0
	   0   1
	   2   0
	   1   1
	   0   2
	   3   0
	   2   1
	   1   2
	   0   3
	   4   0
	   3   1
	   2   2
	   1   3
	   0   4
	   5   0
	   4   1
	   3   2
	   2   3
	   1   4
	   0   5
	
Finished generating log normal input coefficients for rank 0
Assembling matrices for level 0 and rank 0
Assembling matrices for level 1 and rank 0
Exited Assembling 0
Starting solve for 0
  0 KSP Residual norm 9.990000000000e-04 
      Residual norms for mg_coarse_ solve.
      0 KSP Residual norm 6.272424310506e+00 
      1 KSP Residual norm 2.411117691683e+00 
      2 KSP Residual norm 4.661724371392e-01 
      3 KSP Residual norm 9.039979558580e-02 
      4 KSP Residual norm 1.905313559673e-02 
      5 KSP Residual norm 4.357275532339e-03 
      6 KSP Residual norm 9.967890460713e-04 
      7 KSP Residual norm 2.259742519585e-04 
      8 KSP Residual norm 4.471077736917e-05 
    Linear mg_coarse_ solve converged due to CONVERGED_RTOL iterations 8
  1 KSP Residual norm 8.372813632853e-04 
      Residual norms for mg_coarse_ solve.
      0 KSP Residual norm 2.142176987745e-01 
      1 KSP Residual norm 2.747767733928e-03 
      2 KSP Residual norm 4.243550829342e-04 
      3 KSP Residual norm 7.162282048814e-05 
      4 KSP Residual norm 1.491220155816e-05 
      5 KSP Residual norm 3.266781547656e-06 
      6 KSP Residual norm 7.369703096828e-07 
    Linear mg_coarse_ solve converged due to CONVERGED_RTOL iterations 6
  2 KSP Residual norm 9.558038255008e-05 
      Residual norms for mg_coarse_ solve.
      0 KSP Residual norm 1.545861812033e-01 
      1 KSP Residual norm 1.490887773978e-03 
      2 KSP Residual norm 9.770624766689e-05 
      3 KSP Residual norm 2.011195930388e-05 
      4 KSP Residual norm 3.819566524234e-06 
      5 KSP Residual norm 7.844753532773e-07 
    Linear mg_coarse_ solve converged due to CONVERGED_RTOL iterations 5
  3 KSP Residual norm 8.045413225459e-06 
      Residual norms for mg_coarse_ solve.
      0 KSP Residual norm 1.666784887047e-01 
      1 KSP Residual norm 3.551752210261e-03 
      2 KSP Residual norm 3.427542779463e-04 
      3 KSP Residual norm 6.752587019372e-05 
      4 KSP Residual norm 1.423246150846e-05 
      5 KSP Residual norm 3.345255772968e-06 
      6 KSP Residual norm 8.076070664124e-07 
    Linear mg_coarse_ solve converged due to CONVERGED_RTOL iterations 6
  4 KSP Residual norm 8.724666456692e-07 
      Residual norms for mg_coarse_ solve.
      0 KSP Residual norm 4.293243535724e-01 
      1 KSP Residual norm 1.827969853731e-02 
      2 KSP Residual norm 1.168514698136e-03 
      3 KSP Residual norm 2.397121976202e-04 
      4 KSP Residual norm 4.375504434070e-05 
      5 KSP Residual norm 9.652787575500e-06 
      6 KSP Residual norm 2.366866711786e-06 
    Linear mg_coarse_ solve converged due to CONVERGED_RTOL iterations 6
  5 KSP Residual norm 1.757610984091e-07 
      Residual norms for mg_coarse_ solve.
      0 KSP Residual norm 3.179294825744e-01 
      1 KSP Residual norm 1.992612003581e-02 
      2 KSP Residual norm 1.186170082296e-03 
      3 KSP Residual norm 2.417202419482e-04 
      4 KSP Residual norm 4.303057361521e-05 
      5 KSP Residual norm 9.573860753620e-06 
      6 KSP Residual norm 2.378891391082e-06 
    Linear mg_coarse_ solve converged due to CONVERGED_RTOL iterations 6
  6 KSP Residual norm 3.475815099127e-08 
      Residual norms for mg_coarse_ solve.
      0 KSP Residual norm 4.059087000635e-01 
      1 KSP Residual norm 3.146000277246e-02 
      2 KSP Residual norm 2.031534851830e-03 
      3 KSP Residual norm 4.006831548561e-04 
      4 KSP Residual norm 7.420396829481e-05 
      5 KSP Residual norm 1.544349797884e-05 
      6 KSP Residual norm 3.746193506408e-06 
    Linear mg_coarse_ solve converged due to CONVERGED_RTOL iterations 6
  7 KSP Residual norm 7.141533227777e-09 
time taken for solve is33.7192
************************************************************************************************************************
***             WIDEN YOUR WINDOW TO 120 CHARACTERS.  Use 'enscript -r -fCourier9' to print this document            ***
************************************************************************************************************************

---------------------------------------------- PETSc Performance Summary: ----------------------------------------------

/home/a/asarkar/sudhipv/software/FreeFem-sources/src/mpi/FreeFem++-mpi on a  named nia1680.scinet.local with 300 processors, by sudhipv Sun Nov 27 06:08:10 2022
Using Petsc Release Version 3.15.0, Mar 30, 2021 

                         Max       Max/Min     Avg       Total
Time (sec):           3.390e+01     1.000   3.390e+01
Objects:              1.440e+02     1.000   1.440e+02
Flop:                 5.757e+12     1.407   4.905e+12  1.472e+15
Flop/sec:             1.698e+11     1.407   1.447e+11  4.341e+13
MPI Messages:         1.568e+03     4.000   1.079e+03  3.238e+05
MPI Message Lengths:  2.182e+07     3.292   1.629e+04  5.275e+09
MPI Reductions:       1.990e+02     1.000

Flop counting convention: 1 flop = 1 real number operation of type (multiply/divide/add/subtract)
                            e.g., VecAXPY() for real vectors of length N --> 2N flop
                            and VecAXPY() for complex vectors of length N --> 8N flop

Summary of Stages:   ----- Time ------  ----- Flop ------  --- Messages ---  -- Message Lengths --  -- Reductions --
                        Avg     %Total     Avg     %Total    Count   %Total     Avg         %Total    Count   %Total
 0:      Main Stage: 3.3900e+01 100.0%  1.4715e+15 100.0%  3.238e+05 100.0%  1.629e+04      100.0%  1.810e+02  91.0%

------------------------------------------------------------------------------------------------------------------------
See the 'Profiling' chapter of the users' manual for details on interpreting output.
Phase summary info:
   Count: number of times phase was executed
   Time and Flop: Max - maximum over all processors
                  Ratio - ratio of maximum to minimum over all processors
   Mess: number of messages sent
   AvgLen: average message length (bytes)
   Reduct: number of global reductions
   Global: entire computation
   Stage: stages of a computation. Set stages with PetscLogStagePush() and PetscLogStagePop().
      %T - percent time in this phase         %F - percent flop in this phase
      %M - percent messages in this phase     %L - percent message lengths in this phase
      %R - percent reductions in this phase
   Total Mflop/s: 10e-6 * (sum of flop over all processors)/(max time over all processors)
------------------------------------------------------------------------------------------------------------------------
Event                Count      Time (sec)     Flop                              --- Global ---  --- Stage ----  Total
                   Max Ratio  Max     Ratio   Max  Ratio  Mess   AvgLen  Reduct  %T %F %M %L %R  %T %F %M %L %R Mflop/s
------------------------------------------------------------------------------------------------------------------------

--- Event Stage 0: Main Stage

BuildTwoSided          6 1.0 1.6058e+00151.9 0.00e+00 0.0 5.0e+03 4.0e+00 5.0e+00  1  0  2  0  3   1  0  2  0  3     0
BuildTwoSidedF         2 1.0 4.1913e-0315.0 0.00e+00 0.0 0.0e+00 0.0e+00 2.0e+00  0  0  0  0  1   0  0  0  0  1     0
MatMult               95 1.0 2.2866e+00 1.9 1.21e+09 1.1 1.6e+05 5.8e+03 2.0e+00  6  0 51 18  1   6  0 51 18  1 150168
MatMultAdd             7 1.0 3.1055e-02 2.8 1.03e+06 1.1 1.2e+04 1.2e+04 0.0e+00  0  0  4  3  0   0  0  4  3  0  9486
MatMultTranspose       7 1.0 1.8305e-0117.6 0.00e+00 0.0 1.2e+04 3.9e+04 0.0e+00  0  0  4  9  0   0  0  4  9  0     0
MatSolve              39 1.0 5.2434e+00 2.0 5.76e+12 1.4 0.0e+00 0.0e+00 0.0e+00 13100  0  0  0  13100  0  0  0 280570110
MatLUFactorSym         1 1.0 5.7040e-01 2.0 0.00e+00 0.0 0.0e+00 0.0e+00 0.0e+00  1  0  0  0  0   1  0  0  0  0     0
MatLUFactorNum         1 1.0 3.7254e+00 1.6 1.28e+08 1.3 0.0e+00 0.0e+00 0.0e+00 10  0  0  0  0  10  0  0  0  0  9285
MatConvert             1 1.0 5.8595e-02 1.0 0.00e+00 0.0 0.0e+00 0.0e+00 4.0e+00  0  0  0  0  2   0  0  0  0  2     0
MatResidual            7 1.0 4.4410e-01 3.3 1.51e+08 1.1 1.2e+04 7.4e+03 0.0e+00  1  0  4  2  0   1  0  4  2  0 97400
MatAssemblyBegin       6 1.0 4.3357e-03 3.0 0.00e+00 0.0 0.0e+00 0.0e+00 2.0e+00  0  0  0  0  1   0  0  0  0  1     0
MatAssemblyEnd         6 1.0 2.1402e+0010.5 0.00e+00 0.0 0.0e+00 0.0e+00 1.2e+01  3  0  0  0  6   3  0  0  0  7     0
MatGetRowIJ            3 1.0 1.1325e-02 1.9 0.00e+00 0.0 0.0e+00 0.0e+00 0.0e+00  0  0  0  0  0   0  0  0  0  0     0
MatCreateSubMats       1 1.0 4.8803e-01 1.3 0.00e+00 0.0 8.3e+03 3.3e+05 1.0e+00  1  0  3 51  1   1  0  3 51  1     0
MatGetOrdering         1 1.0 3.5672e-02 2.1 0.00e+00 0.0 0.0e+00 0.0e+00 0.0e+00  0  0  0  0  0   0  0  0  0  0     0
MatIncreaseOvrlp       1 1.0 5.2610e-02 1.9 0.00e+00 0.0 0.0e+00 0.0e+00 1.0e+00  0  0  0  0  1   0  0  0  0  1     0
KSPSetUp               3 1.0 7.0303e+00 1.0 1.62e+12 1.4 6.8e+04 4.6e+04 3.8e+01 21 28 21 59 19  21 28 21 59 21 59036461
KSPSolve               1 1.0 1.1522e+01 1.0 4.13e+12 1.4 2.5e+05 7.9e+03 1.1e+02 34 72 77 37 55  34 72 77 37 60 91691221
KSPGMRESOrthog        60 1.0 2.0291e+00 4.4 3.65e+07 1.1 0.0e+00 0.0e+00 6.0e+01  3  0  0  0 30   3  0  0  0 33  5064
PCSetUp                1 1.0 8.8886e+00 1.0 1.62e+12 1.4 6.8e+04 4.6e+04 4.2e+01 26 28 21 59 21  26 28 21 59 23 46694042
PCSetUpOnBlocks       15 1.0 4.2140e+00 1.6 1.28e+08 1.3 0.0e+00 0.0e+00 0.0e+00 11  0  0  0  0  11  0  0  0  0  8208
PCApply                7 1.0 1.1188e+01 1.1 4.13e+12 1.4 2.4e+05 7.9e+03 9.4e+01 32 72 73 36 47  32 72 73 36 52 94429463
PCApplyOnBlocks       39 1.0 5.2490e+00 2.0 5.76e+12 1.4 0.0e+00 0.0e+00 0.0e+00 14100  0  0  0  14100  0  0  0 280271100
VecMDot               60 1.0 2.0224e+00 4.5 1.82e+07 1.1 0.0e+00 0.0e+00 6.0e+01  3  0  0  0 30   3  0  0  0 33  2540
VecNorm               69 1.0 4.6101e-0112.0 4.73e+06 1.1 0.0e+00 0.0e+00 6.9e+01  1  0  0  0 35   1  0  0  0 38  2878
VecScale              83 1.0 1.0828e-03 2.2 2.36e+06 1.1 0.0e+00 0.0e+00 0.0e+00  0  0  0  0  0   0  0  0  0  0 612636
VecCopy               83 1.0 7.9269e-03 2.2 0.00e+00 0.0 0.0e+00 0.0e+00 0.0e+00  0  0  0  0  0   0  0  0  0  0     0
VecSet               205 1.0 2.1495e-02 1.7 0.00e+00 0.0 0.0e+00 0.0e+00 0.0e+00  0  0  0  0  0   0  0  0  0  0     0
VecAXPY               16 1.0 2.5297e-03 2.7 1.59e+06 1.1 0.0e+00 0.0e+00 0.0e+00  0  0  0  0  0   0  0  0  0  0 178896
VecAYPX               42 1.0 8.0619e-03 2.4 4.12e+06 1.1 0.0e+00 0.0e+00 0.0e+00  0  0  0  0  0   0  0  0  0  0 146164
VecAXPBYCZ            14 1.0 5.1240e-03 3.2 5.15e+06 1.1 0.0e+00 0.0e+00 0.0e+00  0  0  0  0  0   0  0  0  0  0 287459
VecMAXPY              69 1.0 1.7309e-02 2.4 2.24e+07 1.1 0.0e+00 0.0e+00 0.0e+00  0  0  0  0  0   0  0  0  0  0 364328
VecScatterBegin      244 1.0 1.6285e+0034.1 0.00e+00 0.0 2.8e+05 6.2e+03 3.0e+00  2  0 88 34  2   2  0 88 34  2     0
VecScatterEnd        244 1.0 2.7756e+0079.2 2.49e+05 3.3 0.0e+00 0.0e+00 0.0e+00  2  0  0  0  0   2  0  0  0  0    22
VecNormalize          61 1.0 4.5702e-0112.5 5.33e+06 1.2 0.0e+00 0.0e+00 6.1e+01  1  0  0  0 31   1  0  0  0 34  3249
SFSetGraph             4 1.0 1.8699e-04 3.0 0.00e+00 0.0 0.0e+00 0.0e+00 0.0e+00  0  0  0  0  0   0  0  0  0  0     0
SFSetUp                4 1.0 1.6067e+00116.4 0.00e+00 0.0 9.9e+03 1.5e+03 3.0e+00  1  0  3  0  2   1  0  3  0  2     0
SFPack               244 1.0 3.7064e-03 4.3 0.00e+00 0.0 0.0e+00 0.0e+00 0.0e+00  0  0  0  0  0   0  0  0  0  0     0
SFUnpack             244 1.0 2.3461e-03 5.7 2.49e+05 3.3 0.0e+00 0.0e+00 0.0e+00  0  0  0  0  0   0  0  0  0  0 25490
------------------------------------------------------------------------------------------------------------------------

Memory usage is given in bytes:

Object Type          Creations   Destructions     Memory  Descendants' Mem.
Reports information only for process 0.

--- Event Stage 0: Main Stage

              Matrix    12             12    288892068     0.
       Krylov Solver     5              5        72264     0.
      Preconditioner     5              5         6024     0.
              Viewer     2              1          848     0.
              Vector    85             85     34539600     0.
           Index Set    15             15      1971868     0.
   IS L to G Mapping     1              1      3326492     0.
   Star Forest Graph    10             10        11376     0.
    Distributed Mesh     3              3        15144     0.
     Discrete System     3              3         2712     0.
           Weak Form     3              3         2472     0.
========================================================================================================================
Average time to get PetscTime(): 2.9e-08
Average time for MPI_Barrier(): 7.55574e-05
Average time for zero size MPI_Send(): 1.31871e-06
#PETSc Option Table entries:
-ksp_max_it 200
-ksp_monitor
-ksp_pc_side right
-ksp_type fgmres
-log_view
-m 500
-mg_coarse_ksp_converged_reason
-mg_coarse_ksp_monitor
-mg_coarse_ksp_pc_side right
-mg_coarse_ksp_type gmres
-mg_coarse_pc_type hypre
-mg_levels_pc_asm_type basic
-mg_levels_pc_type asm
-mg_levels_sub_pc_factor_mat_solver_type mumps
-mg_levels_sub_pc_type lu
-n 500
-nw
-pc_mg_type multiplicative
-pc_type mg
#End of PETSc Option Table entries
Compiled without FORTRAN kernels
Compiled with full precision matrices (default)
sizeof(short) 2 sizeof(int) 4 sizeof(long) 8 sizeof(void*) 8 sizeof(PetscScalar) 8 sizeof(PetscInt) 4
Configure options: --prefix=/home/a/asarkar/sudhipv/software/FreeFem-sources/install/ff-petsc/r MAKEFLAGS= --with-debugging=0 COPTFLAGS="-O3 -mtune=native" CXXOPTFLAGS="-O3 -mtune=native" FOPTFLAGS="-O3 -mtune=native" --with-cxx-dialect=C++11 --with-ssl=0 --with-x=0 --with-fortran-bindings=0 --with-cudac=0 --with-cc=/cvmfs/soft.computecanada.ca/easybuild/software/2020/avx512/Compiler/intel2020/openmpi/4.0.3/bin/mpicc --with-cxx=/cvmfs/soft.computecanada.ca/easybuild/software/2020/avx512/Compiler/intel2020/openmpi/4.0.3/bin/mpic++ --with-fc=/cvmfs/soft.computecanada.ca/easybuild/software/2020/avx512/Compiler/intel2020/openmpi/4.0.3/bin/mpif90 --with-scalar-type=real --with-blaslapack-include=/cvmfs/soft.computecanada.ca/easybuild/software/2020/Core/imkl/2020.1.217/mkl/include --with-blaslapack-lib="-Wl,-rpath,/cvmfs/soft.computecanada.ca/easybuild/software/2020/Core/imkl/2020.1.217/mkl/lib/intel64 -L/cvmfs/soft.computecanada.ca/easybuild/software/2020/Core/imkl/2020.1.217/mkl/lib/intel64 -lmkl_rt -lmkl_intel_thread -lmkl_core  -liomp5 -lpthread" --download-metis --download-ptscotch --download-hypre --download-parmetis --download-mmg --download-parmmg --download-superlu --download-suitesparse --download-tetgen --download-slepc --download-hpddm --download-scalapack --download-mumps --download-slepc-configure-arguments=--download-arpack=https://github.com/prj-/arpack-ng/archive/b64dccb.tar.gz PETSC_ARCH=fr
-----------------------------------------
Libraries compiled on 2021-05-02 15:39:49 on nia-login03.scinet.local 
Machine characteristics: Linux-3.10.0-957.27.2.el7.x86_64-x86_64-with-centos-7.6.1810-Core
Using PETSc directory: /home/a/asarkar/sudhipv/software/FreeFem-sources/install/ff-petsc/r
Using PETSc arch: 
-----------------------------------------

Using C compiler: /cvmfs/soft.computecanada.ca/easybuild/software/2020/avx512/Compiler/intel2020/openmpi/4.0.3/bin/mpicc  -fPIC -wd1572 -O3 -mtune=native   
Using Fortran compiler: /cvmfs/soft.computecanada.ca/easybuild/software/2020/avx512/Compiler/intel2020/openmpi/4.0.3/bin/mpif90  -fPIC -O3 -mtune=native     
-----------------------------------------

Using include paths: -I/home/a/asarkar/sudhipv/software/FreeFem-sources/install/ff-petsc/r/include -I/cvmfs/soft.computecanada.ca/easybuild/software/2020/Core/imkl/2020.1.217/mkl/include
-----------------------------------------

Using C linker: /cvmfs/soft.computecanada.ca/easybuild/software/2020/avx512/Compiler/intel2020/openmpi/4.0.3/bin/mpicc
Using Fortran linker: /cvmfs/soft.computecanada.ca/easybuild/software/2020/avx512/Compiler/intel2020/openmpi/4.0.3/bin/mpif90
Using libraries: -Wl,-rpath,/home/a/asarkar/sudhipv/software/FreeFem-sources/install/ff-petsc/r/lib -L/home/a/asarkar/sudhipv/software/FreeFem-sources/install/ff-petsc/r/lib -lpetsc -Wl,-rpath,/home/a/asarkar/sudhipv/software/FreeFem-sources/install/ff-petsc/r/lib -L/home/a/asarkar/sudhipv/software/FreeFem-sources/install/ff-petsc/r/lib -Wl,-rpath,/cvmfs/soft.computecanada.ca/easybuild/software/2020/Core/imkl/2020.1.217/mkl/lib/intel64 -L/cvmfs/soft.computecanada.ca/easybuild/software/2020/Core/imkl/2020.1.217/mkl/lib/intel64 -Wl,-rpath,/cvmfs/soft.computecanada.ca/easybuild/software/2020/avx512/Compiler/intel2020/openmpi/4.0.3/lib -L/cvmfs/soft.computecanada.ca/easybuild/software/2020/avx512/Compiler/intel2020/openmpi/4.0.3/lib -Wl,-rpath,/cvmfs/soft.computecanada.ca/easybuild/software/2020/avx512/Core/libfabric/1.10.1/lib -L/cvmfs/soft.computecanada.ca/easybuild/software/2020/avx512/Core/libfabric/1.10.1/lib -Wl,-rpath,/cvmfs/soft.computecanada.ca/easybuild/software/2020/avx512/Core/ucx/1.8.0/lib -L/cvmfs/soft.computecanada.ca/easybuild/software/2020/avx512/Core/ucx/1.8.0/lib -Wl,-rpath,/cvmfs/soft.computecanada.ca/easybuild/software/2020/Core/imkl/2020.1.217/lib/intel64 -L/cvmfs/soft.computecanada.ca/easybuild/software/2020/Core/imkl/2020.1.217/lib/intel64 -Wl,-rpath,/cvmfs/restricted.computecanada.ca/easybuild/software/2020/Core/intel/2020.1.217/compilers_and_libraries_2020.1.217/linux/tbb/lib/intel64/gcc4.8 -L/cvmfs/restricted.computecanada.ca/easybuild/software/2020/Core/intel/2020.1.217/compilers_and_libraries_2020.1.217/linux/tbb/lib/intel64/gcc4.8 -Wl,-rpath,/cvmfs/restricted.computecanada.ca/easybuild/software/2020/Core/intel/2020.1.217/compilers_and_libraries_2020.1.217/linux/compiler/lib/intel64_lin -L/cvmfs/restricted.computecanada.ca/easybuild/software/2020/Core/intel/2020.1.217/compilers_and_libraries_2020.1.217/linux/compiler/lib/intel64_lin -Wl,-rpath,/cvmfs/soft.computecanada.ca/easybuild/software/2020/avx512/Compiler/intel2020/openmpi/4.0.3/lib64 -L/cvmfs/soft.computecanada.ca/easybuild/software/2020/avx512/Compiler/intel2020/openmpi/4.0.3/lib64 -Wl,-rpath,/cvmfs/soft.computecanada.ca/easybuild/software/2020/Core/gcccore/9.3.0/lib/gcc/x86_64-pc-linux-gnu/9.3.0 -L/cvmfs/soft.computecanada.ca/easybuild/software/2020/Core/gcccore/9.3.0/lib/gcc/x86_64-pc-linux-gnu/9.3.0 -Wl,-rpath,/cvmfs/soft.computecanada.ca/easybuild/software/2020/Core/gcccore/9.3.0/lib64 -L/cvmfs/soft.computecanada.ca/easybuild/software/2020/Core/gcccore/9.3.0/lib64 -Wl,-rpath,/cvmfs/soft.computecanada.ca/gentoo/2020/lib64 -L/cvmfs/soft.computecanada.ca/gentoo/2020/lib64 -Wl,-rpath,/cvmfs/soft.computecanada.ca/gentoo/2020/usr/lib64 -L/cvmfs/soft.computecanada.ca/gentoo/2020/usr/lib64 -Wl,-rpath,/cvmfs/soft.computecanada.ca/easybuild/software/2020/Core/gcccore/9.3.0/lib -L/cvmfs/soft.computecanada.ca/easybuild/software/2020/Core/gcccore/9.3.0/lib -Wl,-rpath,/cvmfs/soft.computecanada.ca/gentoo/2020/lib -L/cvmfs/soft.computecanada.ca/gentoo/2020/lib -Wl,-rpath,/cvmfs/soft.computecanada.ca/gentoo/2020/usr/lib -L/cvmfs/soft.computecanada.ca/gentoo/2020/usr/lib -lHYPRE -lcmumps -ldmumps -lsmumps -lzmumps -lmumps_common -lpord -lscalapack -lumfpack -lklu -lcholmod -lbtf -lccolamd -lcolamd -lcamd -lamd -lsuitesparseconfig -lsuperlu -lmkl_rt -lmkl_intel_thread -lmkl_core -liomp5 -lpthread -lparmmg -lmmg -lmmg3d -lptesmumps -lptscotchparmetis -lptscotch -lptscotcherr -lesmumps -lscotch -lscotcherr -lpthread -lparmetis -lmetis -ltet -lstdc++ -ldl -lmpi_usempif08 -lmpi_usempi_ignore_tkr -lmpi_mpifh -lmpi -lifport -lifcoremt_pic -limf -lsvml -lm -lipgo -lirc -lpthread -lgcc_s -lirc_s -lrt -lquadmath -lstdc++ -ldl
-----------------------------------------


scontrol show jobid 8485660
JobId=8485660 JobName=LP_weak_order_5
   UserId=sudhipv(3061414) GroupId=asarkar(6001189) MCS_label=N/A
   Priority=835990 Nice=0 Account=def-asarkar QOS=normal
   JobState=COMPLETED Reason=None Dependency=(null)
   Requeue=0 Restarts=0 BatchFlag=1 Reboot=0 ExitCode=0:0
   RunTime=00:00:56 TimeLimit=01:30:00 TimeMin=N/A
   SubmitTime=2022-11-25T13:06:58 EligibleTime=2022-11-25T13:06:58
   AccrueTime=2022-11-25T13:06:58
   StartTime=2022-11-27T06:07:18 EndTime=2022-11-27T06:08:14 Deadline=N/A
   SuspendTime=None SecsPreSuspend=0 LastSchedEval=2022-11-27T06:07:18 Scheduler=Backfill
   Partition=compute AllocNode:Sid=nia-login07:157269
   ReqNodeList=(null) ExcNodeList=(null)
   NodeList=nia[1680,1684-1685,1708,1748,1780,1800,1851]
   BatchHost=nia1680
   NumNodes=8 NumCPUs=640 NumTasks=320 CPUs/Task=1 ReqB:S:C:T=0:0:*:*
   TRES=cpu=640,mem=1400000M,node=8,billing=320
   Socks/Node=* NtasksPerN:B:S:C=40:0:*:* CoreSpec=*
   MinCPUsNode=40 MinMemoryNode=175000M MinTmpDiskNode=0
   Features=[skylake|cascade] DelayBoot=00:00:00
   OverSubscribe=NO Contiguous=0 Licenses=(null) Network=(null)
   Command=/gpfs/fs0/scratch/a/asarkar/sudhipv/poisson_hpc/stochastic/process_L/poisson_weak_sto/runff_niagara.sh
   WorkDir=/gpfs/fs0/scratch/a/asarkar/sudhipv/poisson_hpc/stochastic/process_L/poisson_weak_sto
   Comment=/opt/slurm/bin/sbatch --export=NONE runff_niagara.sh 
   StdErr=/gpfs/fs0/scratch/a/asarkar/sudhipv/poisson_hpc/stochastic/process_L/poisson_weak_sto/LP_weak_order_5-8485660.out
   StdIn=/dev/null
   StdOut=/gpfs/fs0/scratch/a/asarkar/sudhipv/poisson_hpc/stochastic/process_L/poisson_weak_sto/LP_weak_order_5-8485660.out
   Power=
   MailUser=sudhipv@cmail.carleton.ca MailType=INVALID_DEPEND,BEGIN,END,FAIL,REQUEUE,STAGE_OUT
   

sacct -j 8485660
JobID           JobName    Account    Elapsed  MaxVMSize     MaxRSS  SystemCPU    UserCPU ExitCode 
------------ ---------- ---------- ---------- ---------- ---------- ---------- ---------- -------- 
8485660      LP_weak_o+ def-asark+   00:00:56                        06:19.432   02:44:09      0:0 
8485660.bat+      batch def-asark+   00:00:56  77931888K  49926856K  00:49.978  21:52.332      0:0 
8485660.ext+     extern def-asark+   00:00:58    142384K      1132K  00:00.001  00:00.003      0:0 
8485660.0         orted def-asark+   00:00:42  83333964K  55339868K  05:29.452   02:22:17      0:0 
