/cvmfs/soft.computecanada.ca/easybuild/software/2020/avx512/Compiler/intel2020/openmpi/4.0.3/bin/mpiexec
/cvmfs/soft.computecanada.ca/easybuild/software/2020/avx512/Compiler/intel2020/openmpi/4.0.3/bin/mpirun
Number of Vertices for coarse mesh in process  0  5635876
0.01 steps with 10 Number of Time steps for total time of 0.1s
    Linear mg_coarse_ solve converged due to CONVERGED_RTOL iterations 5
    Linear mg_coarse_ solve converged due to CONVERGED_RTOL iterations 4
    Linear mg_coarse_ solve converged due to CONVERGED_RTOL iterations 4
    Linear mg_coarse_ solve converged due to CONVERGED_RTOL iterations 4
    Linear mg_coarse_ solve converged due to CONVERGED_RTOL iterations 4
    Linear mg_coarse_ solve converged due to CONVERGED_RTOL iterations 4
    Linear mg_coarse_ solve converged due to CONVERGED_RTOL iterations 4
Linear solve converged due to CONVERGED_RTOL iterations 7
iteration 0     1
    Linear mg_coarse_ solve converged due to CONVERGED_RTOL iterations 5
    Linear mg_coarse_ solve converged due to CONVERGED_RTOL iterations 5
    Linear mg_coarse_ solve converged due to CONVERGED_RTOL iterations 5
    Linear mg_coarse_ solve converged due to CONVERGED_RTOL iterations 5
    Linear mg_coarse_ solve converged due to CONVERGED_RTOL iterations 5
    Linear mg_coarse_ solve converged due to CONVERGED_RTOL iterations 5
    Linear mg_coarse_ solve converged due to CONVERGED_RTOL iterations 5
Linear solve converged due to CONVERGED_RTOL iterations 7
iteration 1     0.174817
    Linear mg_coarse_ solve converged due to CONVERGED_RTOL iterations 5
    Linear mg_coarse_ solve converged due to CONVERGED_RTOL iterations 4
    Linear mg_coarse_ solve converged due to CONVERGED_RTOL iterations 4
    Linear mg_coarse_ solve converged due to CONVERGED_RTOL iterations 4
    Linear mg_coarse_ solve converged due to CONVERGED_RTOL iterations 4
    Linear mg_coarse_ solve converged due to CONVERGED_RTOL iterations 4
    Linear mg_coarse_ solve converged due to CONVERGED_RTOL iterations 4
Linear solve converged due to CONVERGED_RTOL iterations 7
iteration 2     0.0194902
    Linear mg_coarse_ solve converged due to CONVERGED_RTOL iterations 5
    Linear mg_coarse_ solve converged due to CONVERGED_RTOL iterations 4
    Linear mg_coarse_ solve converged due to CONVERGED_RTOL iterations 4
    Linear mg_coarse_ solve converged due to CONVERGED_RTOL iterations 4
    Linear mg_coarse_ solve converged due to CONVERGED_RTOL iterations 4
    Linear mg_coarse_ solve converged due to CONVERGED_RTOL iterations 4
    Linear mg_coarse_ solve converged due to CONVERGED_RTOL iterations 4
Linear solve converged due to CONVERGED_RTOL iterations 7
iteration 3     0.00129665
    Linear mg_coarse_ solve converged due to CONVERGED_RTOL iterations 5
    Linear mg_coarse_ solve converged due to CONVERGED_RTOL iterations 4
    Linear mg_coarse_ solve converged due to CONVERGED_RTOL iterations 4
    Linear mg_coarse_ solve converged due to CONVERGED_RTOL iterations 4
    Linear mg_coarse_ solve converged due to CONVERGED_RTOL iterations 4
    Linear mg_coarse_ solve converged due to CONVERGED_RTOL iterations 4
    Linear mg_coarse_ solve converged due to CONVERGED_RTOL iterations 4
Linear solve converged due to CONVERGED_RTOL iterations 7
iteration 4     9.63052e-05
    Linear mg_coarse_ solve converged due to CONVERGED_RTOL iterations 5
    Linear mg_coarse_ solve converged due to CONVERGED_RTOL iterations 4
    Linear mg_coarse_ solve converged due to CONVERGED_RTOL iterations 4
    Linear mg_coarse_ solve converged due to CONVERGED_RTOL iterations 4
    Linear mg_coarse_ solve converged due to CONVERGED_RTOL iterations 4
    Linear mg_coarse_ solve converged due to CONVERGED_RTOL iterations 4
    Linear mg_coarse_ solve converged due to CONVERGED_RTOL iterations 4
Linear solve converged due to CONVERGED_RTOL iterations 7
iteration 5     9.15482e-06
    Linear mg_coarse_ solve converged due to CONVERGED_RTOL iterations 5
    Linear mg_coarse_ solve converged due to CONVERGED_RTOL iterations 4
    Linear mg_coarse_ solve converged due to CONVERGED_RTOL iterations 4
    Linear mg_coarse_ solve converged due to CONVERGED_RTOL iterations 4
    Linear mg_coarse_ solve converged due to CONVERGED_RTOL iterations 4
    Linear mg_coarse_ solve converged due to CONVERGED_RTOL iterations 4
    Linear mg_coarse_ solve converged due to CONVERGED_RTOL iterations 4
Linear solve converged due to CONVERGED_RTOL iterations 7
iteration 6     6.28907e-07
    Linear mg_coarse_ solve converged due to CONVERGED_RTOL iterations 5
    Linear mg_coarse_ solve converged due to CONVERGED_RTOL iterations 4
    Linear mg_coarse_ solve converged due to CONVERGED_RTOL iterations 4
    Linear mg_coarse_ solve converged due to CONVERGED_RTOL iterations 4
    Linear mg_coarse_ solve converged due to CONVERGED_RTOL iterations 4
    Linear mg_coarse_ solve converged due to CONVERGED_RTOL iterations 4
    Linear mg_coarse_ solve converged due to CONVERGED_RTOL iterations 4
Linear solve converged due to CONVERGED_RTOL iterations 7
iteration 7     6.25637e-08
    Linear mg_coarse_ solve converged due to CONVERGED_RTOL iterations 5
    Linear mg_coarse_ solve converged due to CONVERGED_RTOL iterations 4
    Linear mg_coarse_ solve converged due to CONVERGED_RTOL iterations 4
    Linear mg_coarse_ solve converged due to CONVERGED_RTOL iterations 4
    Linear mg_coarse_ solve converged due to CONVERGED_RTOL iterations 4
    Linear mg_coarse_ solve converged due to CONVERGED_RTOL iterations 4
    Linear mg_coarse_ solve converged due to CONVERGED_RTOL iterations 4
Linear solve converged due to CONVERGED_RTOL iterations 7
iteration 8     4.61455e-09
Finished time step 1 Time0.01
Time for 1 timestep 93.4534
    Linear mg_coarse_ solve converged due to CONVERGED_RTOL iterations 5
    Linear mg_coarse_ solve converged due to CONVERGED_RTOL iterations 4
    Linear mg_coarse_ solve converged due to CONVERGED_RTOL iterations 4
    Linear mg_coarse_ solve converged due to CONVERGED_RTOL iterations 4
    Linear mg_coarse_ solve converged due to CONVERGED_RTOL iterations 4
    Linear mg_coarse_ solve converged due to CONVERGED_RTOL iterations 4
    Linear mg_coarse_ solve converged due to CONVERGED_RTOL iterations 4
Linear solve converged due to CONVERGED_RTOL iterations 7
iteration 0     0.270185
    Linear mg_coarse_ solve converged due to CONVERGED_RTOL iterations 5
    Linear mg_coarse_ solve converged due to CONVERGED_RTOL iterations 4
    Linear mg_coarse_ solve converged due to CONVERGED_RTOL iterations 4
    Linear mg_coarse_ solve converged due to CONVERGED_RTOL iterations 4
    Linear mg_coarse_ solve converged due to CONVERGED_RTOL iterations 4
    Linear mg_coarse_ solve converged due to CONVERGED_RTOL iterations 4
    Linear mg_coarse_ solve converged due to CONVERGED_RTOL iterations 4
Linear solve converged due to CONVERGED_RTOL iterations 7
iteration 1     0.0183162
    Linear mg_coarse_ solve converged due to CONVERGED_RTOL iterations 5
    Linear mg_coarse_ solve converged due to CONVERGED_RTOL iterations 4
    Linear mg_coarse_ solve converged due to CONVERGED_RTOL iterations 4
    Linear mg_coarse_ solve converged due to CONVERGED_RTOL iterations 4
    Linear mg_coarse_ solve converged due to CONVERGED_RTOL iterations 4
    Linear mg_coarse_ solve converged due to CONVERGED_RTOL iterations 4
    Linear mg_coarse_ solve converged due to CONVERGED_RTOL iterations 4
Linear solve converged due to CONVERGED_RTOL iterations 7
iteration 2     0.00104461
    Linear mg_coarse_ solve converged due to CONVERGED_RTOL iterations 5
    Linear mg_coarse_ solve converged due to CONVERGED_RTOL iterations 4
    Linear mg_coarse_ solve converged due to CONVERGED_RTOL iterations 4
    Linear mg_coarse_ solve converged due to CONVERGED_RTOL iterations 4
    Linear mg_coarse_ solve converged due to CONVERGED_RTOL iterations 4
    Linear mg_coarse_ solve converged due to CONVERGED_RTOL iterations 4
    Linear mg_coarse_ solve converged due to CONVERGED_RTOL iterations 4
Linear solve converged due to CONVERGED_RTOL iterations 7
iteration 3     7.78243e-05
    Linear mg_coarse_ solve converged due to CONVERGED_RTOL iterations 5
    Linear mg_coarse_ solve converged due to CONVERGED_RTOL iterations 4
    Linear mg_coarse_ solve converged due to CONVERGED_RTOL iterations 4
    Linear mg_coarse_ solve converged due to CONVERGED_RTOL iterations 4
    Linear mg_coarse_ solve converged due to CONVERGED_RTOL iterations 4
    Linear mg_coarse_ solve converged due to CONVERGED_RTOL iterations 4
    Linear mg_coarse_ solve converged due to CONVERGED_RTOL iterations 4
Linear solve converged due to CONVERGED_RTOL iterations 7
iteration 4     5.35356e-06
    Linear mg_coarse_ solve converged due to CONVERGED_RTOL iterations 5
    Linear mg_coarse_ solve converged due to CONVERGED_RTOL iterations 4
    Linear mg_coarse_ solve converged due to CONVERGED_RTOL iterations 4
    Linear mg_coarse_ solve converged due to CONVERGED_RTOL iterations 4
    Linear mg_coarse_ solve converged due to CONVERGED_RTOL iterations 4
    Linear mg_coarse_ solve converged due to CONVERGED_RTOL iterations 4
    Linear mg_coarse_ solve converged due to CONVERGED_RTOL iterations 4
Linear solve converged due to CONVERGED_RTOL iterations 7
iteration 5     3.9946e-07
    Linear mg_coarse_ solve converged due to CONVERGED_RTOL iterations 5
    Linear mg_coarse_ solve converged due to CONVERGED_RTOL iterations 4
    Linear mg_coarse_ solve converged due to CONVERGED_RTOL iterations 4
    Linear mg_coarse_ solve converged due to CONVERGED_RTOL iterations 4
    Linear mg_coarse_ solve converged due to CONVERGED_RTOL iterations 4
    Linear mg_coarse_ solve converged due to CONVERGED_RTOL iterations 4
    Linear mg_coarse_ solve converged due to CONVERGED_RTOL iterations 4
Linear solve converged due to CONVERGED_RTOL iterations 7
iteration 6     2.8749e-08
    Linear mg_coarse_ solve converged due to CONVERGED_RTOL iterations 5
    Linear mg_coarse_ solve converged due to CONVERGED_RTOL iterations 4
    Linear mg_coarse_ solve converged due to CONVERGED_RTOL iterations 4
    Linear mg_coarse_ solve converged due to CONVERGED_RTOL iterations 4
    Linear mg_coarse_ solve converged due to CONVERGED_RTOL iterations 4
    Linear mg_coarse_ solve converged due to CONVERGED_RTOL iterations 4
    Linear mg_coarse_ solve converged due to CONVERGED_RTOL iterations 4
Linear solve converged due to CONVERGED_RTOL iterations 7
iteration 7     2.10426e-09
Finished time step 2 Time0.02
Time for 1 timestep 83.0219
    Linear mg_coarse_ solve converged due to CONVERGED_RTOL iterations 5
    Linear mg_coarse_ solve converged due to CONVERGED_RTOL iterations 4
    Linear mg_coarse_ solve converged due to CONVERGED_RTOL iterations 4
    Linear mg_coarse_ solve converged due to CONVERGED_RTOL iterations 4
    Linear mg_coarse_ solve converged due to CONVERGED_RTOL iterations 4
    Linear mg_coarse_ solve converged due to CONVERGED_RTOL iterations 4
    Linear mg_coarse_ solve converged due to CONVERGED_RTOL iterations 4
Linear solve converged due to CONVERGED_RTOL iterations 7
iteration 0     0.162048
    Linear mg_coarse_ solve converged due to CONVERGED_RTOL iterations 5
    Linear mg_coarse_ solve converged due to CONVERGED_RTOL iterations 4
    Linear mg_coarse_ solve converged due to CONVERGED_RTOL iterations 4
    Linear mg_coarse_ solve converged due to CONVERGED_RTOL iterations 4
    Linear mg_coarse_ solve converged due to CONVERGED_RTOL iterations 4
    Linear mg_coarse_ solve converged due to CONVERGED_RTOL iterations 4
    Linear mg_coarse_ solve converged due to CONVERGED_RTOL iterations 4
Linear solve converged due to CONVERGED_RTOL iterations 7
iteration 1     0.00758821
    Linear mg_coarse_ solve converged due to CONVERGED_RTOL iterations 5
    Linear mg_coarse_ solve converged due to CONVERGED_RTOL iterations 4
    Linear mg_coarse_ solve converged due to CONVERGED_RTOL iterations 4
    Linear mg_coarse_ solve converged due to CONVERGED_RTOL iterations 4
    Linear mg_coarse_ solve converged due to CONVERGED_RTOL iterations 4
    Linear mg_coarse_ solve converged due to CONVERGED_RTOL iterations 4
    Linear mg_coarse_ solve converged due to CONVERGED_RTOL iterations 4
Linear solve converged due to CONVERGED_RTOL iterations 7
iteration 2     0.000413311
    Linear mg_coarse_ solve converged due to CONVERGED_RTOL iterations 5
    Linear mg_coarse_ solve converged due to CONVERGED_RTOL iterations 4
    Linear mg_coarse_ solve converged due to CONVERGED_RTOL iterations 4
    Linear mg_coarse_ solve converged due to CONVERGED_RTOL iterations 4
    Linear mg_coarse_ solve converged due to CONVERGED_RTOL iterations 4
    Linear mg_coarse_ solve converged due to CONVERGED_RTOL iterations 4
    Linear mg_coarse_ solve converged due to CONVERGED_RTOL iterations 4
Linear solve converged due to CONVERGED_RTOL iterations 7
iteration 3     2.5574e-05
    Linear mg_coarse_ solve converged due to CONVERGED_RTOL iterations 5
    Linear mg_coarse_ solve converged due to CONVERGED_RTOL iterations 4
    Linear mg_coarse_ solve converged due to CONVERGED_RTOL iterations 4
    Linear mg_coarse_ solve converged due to CONVERGED_RTOL iterations 4
    Linear mg_coarse_ solve converged due to CONVERGED_RTOL iterations 4
    Linear mg_coarse_ solve converged due to CONVERGED_RTOL iterations 4
    Linear mg_coarse_ solve converged due to CONVERGED_RTOL iterations 4
Linear solve converged due to CONVERGED_RTOL iterations 7
iteration 4     1.62847e-06
    Linear mg_coarse_ solve converged due to CONVERGED_RTOL iterations 5
    Linear mg_coarse_ solve converged due to CONVERGED_RTOL iterations 4
    Linear mg_coarse_ solve converged due to CONVERGED_RTOL iterations 4
    Linear mg_coarse_ solve converged due to CONVERGED_RTOL iterations 4
    Linear mg_coarse_ solve converged due to CONVERGED_RTOL iterations 4
    Linear mg_coarse_ solve converged due to CONVERGED_RTOL iterations 4
    Linear mg_coarse_ solve converged due to CONVERGED_RTOL iterations 4
Linear solve converged due to CONVERGED_RTOL iterations 7
iteration 5     1.05237e-07
    Linear mg_coarse_ solve converged due to CONVERGED_RTOL iterations 5
    Linear mg_coarse_ solve converged due to CONVERGED_RTOL iterations 4
    Linear mg_coarse_ solve converged due to CONVERGED_RTOL iterations 4
    Linear mg_coarse_ solve converged due to CONVERGED_RTOL iterations 4
    Linear mg_coarse_ solve converged due to CONVERGED_RTOL iterations 4
    Linear mg_coarse_ solve converged due to CONVERGED_RTOL iterations 4
    Linear mg_coarse_ solve converged due to CONVERGED_RTOL iterations 4
Linear solve converged due to CONVERGED_RTOL iterations 7
iteration 6     6.81474e-09
Finished time step 3 Time0.03
Time for 1 timestep 72.6117
    Linear mg_coarse_ solve converged due to CONVERGED_RTOL iterations 5
    Linear mg_coarse_ solve converged due to CONVERGED_RTOL iterations 4
    Linear mg_coarse_ solve converged due to CONVERGED_RTOL iterations 4
    Linear mg_coarse_ solve converged due to CONVERGED_RTOL iterations 4
    Linear mg_coarse_ solve converged due to CONVERGED_RTOL iterations 4
    Linear mg_coarse_ solve converged due to CONVERGED_RTOL iterations 4
    Linear mg_coarse_ solve converged due to CONVERGED_RTOL iterations 4
Linear solve converged due to CONVERGED_RTOL iterations 7
iteration 0     0.11593
    Linear mg_coarse_ solve converged due to CONVERGED_RTOL iterations 5
    Linear mg_coarse_ solve converged due to CONVERGED_RTOL iterations 4
    Linear mg_coarse_ solve converged due to CONVERGED_RTOL iterations 4
    Linear mg_coarse_ solve converged due to CONVERGED_RTOL iterations 4
    Linear mg_coarse_ solve converged due to CONVERGED_RTOL iterations 4
    Linear mg_coarse_ solve converged due to CONVERGED_RTOL iterations 4
    Linear mg_coarse_ solve converged due to CONVERGED_RTOL iterations 4
Linear solve converged due to CONVERGED_RTOL iterations 7
iteration 1     0.0043591
    Linear mg_coarse_ solve converged due to CONVERGED_RTOL iterations 5
    Linear mg_coarse_ solve converged due to CONVERGED_RTOL iterations 4
    Linear mg_coarse_ solve converged due to CONVERGED_RTOL iterations 4
    Linear mg_coarse_ solve converged due to CONVERGED_RTOL iterations 4
    Linear mg_coarse_ solve converged due to CONVERGED_RTOL iterations 4
    Linear mg_coarse_ solve converged due to CONVERGED_RTOL iterations 4
    Linear mg_coarse_ solve converged due to CONVERGED_RTOL iterations 4
Linear solve converged due to CONVERGED_RTOL iterations 7
iteration 2     0.000217533
    Linear mg_coarse_ solve converged due to CONVERGED_RTOL iterations 5
    Linear mg_coarse_ solve converged due to CONVERGED_RTOL iterations 4
    Linear mg_coarse_ solve converged due to CONVERGED_RTOL iterations 4
    Linear mg_coarse_ solve converged due to CONVERGED_RTOL iterations 4
    Linear mg_coarse_ solve converged due to CONVERGED_RTOL iterations 4
    Linear mg_coarse_ solve converged due to CONVERGED_RTOL iterations 4
    Linear mg_coarse_ solve converged due to CONVERGED_RTOL iterations 4
Linear solve converged due to CONVERGED_RTOL iterations 7
iteration 3     1.17755e-05
    Linear mg_coarse_ solve converged due to CONVERGED_RTOL iterations 5
    Linear mg_coarse_ solve converged due to CONVERGED_RTOL iterations 4
    Linear mg_coarse_ solve converged due to CONVERGED_RTOL iterations 4
    Linear mg_coarse_ solve converged due to CONVERGED_RTOL iterations 4
    Linear mg_coarse_ solve converged due to CONVERGED_RTOL iterations 4
    Linear mg_coarse_ solve converged due to CONVERGED_RTOL iterations 4
    Linear mg_coarse_ solve converged due to CONVERGED_RTOL iterations 4
Linear solve converged due to CONVERGED_RTOL iterations 7
iteration 4     6.95661e-07
    Linear mg_coarse_ solve converged due to CONVERGED_RTOL iterations 5
    Linear mg_coarse_ solve converged due to CONVERGED_RTOL iterations 4
    Linear mg_coarse_ solve converged due to CONVERGED_RTOL iterations 4
    Linear mg_coarse_ solve converged due to CONVERGED_RTOL iterations 4
    Linear mg_coarse_ solve converged due to CONVERGED_RTOL iterations 4
    Linear mg_coarse_ solve converged due to CONVERGED_RTOL iterations 4
    Linear mg_coarse_ solve converged due to CONVERGED_RTOL iterations 4
Linear solve converged due to CONVERGED_RTOL iterations 7
iteration 5     3.96893e-08
    Linear mg_coarse_ solve converged due to CONVERGED_RTOL iterations 5
    Linear mg_coarse_ solve converged due to CONVERGED_RTOL iterations 4
    Linear mg_coarse_ solve converged due to CONVERGED_RTOL iterations 4
    Linear mg_coarse_ solve converged due to CONVERGED_RTOL iterations 4
    Linear mg_coarse_ solve converged due to CONVERGED_RTOL iterations 4
    Linear mg_coarse_ solve converged due to CONVERGED_RTOL iterations 4
    Linear mg_coarse_ solve converged due to CONVERGED_RTOL iterations 4
Linear solve converged due to CONVERGED_RTOL iterations 7
iteration 6     2.40183e-09
Finished time step 4 Time0.04
Time for 1 timestep 72.5297
    Linear mg_coarse_ solve converged due to CONVERGED_RTOL iterations 5
    Linear mg_coarse_ solve converged due to CONVERGED_RTOL iterations 4
    Linear mg_coarse_ solve converged due to CONVERGED_RTOL iterations 4
    Linear mg_coarse_ solve converged due to CONVERGED_RTOL iterations 4
    Linear mg_coarse_ solve converged due to CONVERGED_RTOL iterations 4
    Linear mg_coarse_ solve converged due to CONVERGED_RTOL iterations 4
    Linear mg_coarse_ solve converged due to CONVERGED_RTOL iterations 4
Linear solve converged due to CONVERGED_RTOL iterations 7
iteration 0     0.0900573
    Linear mg_coarse_ solve converged due to CONVERGED_RTOL iterations 5
    Linear mg_coarse_ solve converged due to CONVERGED_RTOL iterations 4
    Linear mg_coarse_ solve converged due to CONVERGED_RTOL iterations 4
    Linear mg_coarse_ solve converged due to CONVERGED_RTOL iterations 4
    Linear mg_coarse_ solve converged due to CONVERGED_RTOL iterations 4
    Linear mg_coarse_ solve converged due to CONVERGED_RTOL iterations 4
    Linear mg_coarse_ solve converged due to CONVERGED_RTOL iterations 4
Linear solve converged due to CONVERGED_RTOL iterations 7
iteration 1     0.00288793
    Linear mg_coarse_ solve converged due to CONVERGED_RTOL iterations 5
    Linear mg_coarse_ solve converged due to CONVERGED_RTOL iterations 4
    Linear mg_coarse_ solve converged due to CONVERGED_RTOL iterations 4
    Linear mg_coarse_ solve converged due to CONVERGED_RTOL iterations 4
    Linear mg_coarse_ solve converged due to CONVERGED_RTOL iterations 4
    Linear mg_coarse_ solve converged due to CONVERGED_RTOL iterations 4
    Linear mg_coarse_ solve converged due to CONVERGED_RTOL iterations 4
Linear solve converged due to CONVERGED_RTOL iterations 7
iteration 2     0.000130577
    Linear mg_coarse_ solve converged due to CONVERGED_RTOL iterations 5
    Linear mg_coarse_ solve converged due to CONVERGED_RTOL iterations 4
    Linear mg_coarse_ solve converged due to CONVERGED_RTOL iterations 4
    Linear mg_coarse_ solve converged due to CONVERGED_RTOL iterations 4
    Linear mg_coarse_ solve converged due to CONVERGED_RTOL iterations 4
    Linear mg_coarse_ solve converged due to CONVERGED_RTOL iterations 4
    Linear mg_coarse_ solve converged due to CONVERGED_RTOL iterations 4
Linear solve converged due to CONVERGED_RTOL iterations 7
iteration 3     6.45041e-06
    Linear mg_coarse_ solve converged due to CONVERGED_RTOL iterations 5
    Linear mg_coarse_ solve converged due to CONVERGED_RTOL iterations 4
    Linear mg_coarse_ solve converged due to CONVERGED_RTOL iterations 4
    Linear mg_coarse_ solve converged due to CONVERGED_RTOL iterations 4
    Linear mg_coarse_ solve converged due to CONVERGED_RTOL iterations 4
    Linear mg_coarse_ solve converged due to CONVERGED_RTOL iterations 4
    Linear mg_coarse_ solve converged due to CONVERGED_RTOL iterations 4
Linear solve converged due to CONVERGED_RTOL iterations 7
iteration 4     3.49331e-07
    Linear mg_coarse_ solve converged due to CONVERGED_RTOL iterations 5
    Linear mg_coarse_ solve converged due to CONVERGED_RTOL iterations 4
    Linear mg_coarse_ solve converged due to CONVERGED_RTOL iterations 4
    Linear mg_coarse_ solve converged due to CONVERGED_RTOL iterations 4
    Linear mg_coarse_ solve converged due to CONVERGED_RTOL iterations 4
    Linear mg_coarse_ solve converged due to CONVERGED_RTOL iterations 4
    Linear mg_coarse_ solve converged due to CONVERGED_RTOL iterations 4
Linear solve converged due to CONVERGED_RTOL iterations 7
iteration 5     1.83485e-08
    Linear mg_coarse_ solve converged due to CONVERGED_RTOL iterations 5
    Linear mg_coarse_ solve converged due to CONVERGED_RTOL iterations 4
    Linear mg_coarse_ solve converged due to CONVERGED_RTOL iterations 4
    Linear mg_coarse_ solve converged due to CONVERGED_RTOL iterations 4
    Linear mg_coarse_ solve converged due to CONVERGED_RTOL iterations 4
    Linear mg_coarse_ solve converged due to CONVERGED_RTOL iterations 4
    Linear mg_coarse_ solve converged due to CONVERGED_RTOL iterations 4
Linear solve converged due to CONVERGED_RTOL iterations 7
iteration 6     1.02472e-09
Finished time step 5 Time0.05
Time for 1 timestep 73.4817
    Linear mg_coarse_ solve converged due to CONVERGED_RTOL iterations 5
    Linear mg_coarse_ solve converged due to CONVERGED_RTOL iterations 4
    Linear mg_coarse_ solve converged due to CONVERGED_RTOL iterations 4
    Linear mg_coarse_ solve converged due to CONVERGED_RTOL iterations 4
    Linear mg_coarse_ solve converged due to CONVERGED_RTOL iterations 4
    Linear mg_coarse_ solve converged due to CONVERGED_RTOL iterations 4
    Linear mg_coarse_ solve converged due to CONVERGED_RTOL iterations 4
Linear solve converged due to CONVERGED_RTOL iterations 7
iteration 0     0.073232
    Linear mg_coarse_ solve converged due to CONVERGED_RTOL iterations 5
    Linear mg_coarse_ solve converged due to CONVERGED_RTOL iterations 4
    Linear mg_coarse_ solve converged due to CONVERGED_RTOL iterations 4
    Linear mg_coarse_ solve converged due to CONVERGED_RTOL iterations 4
    Linear mg_coarse_ solve converged due to CONVERGED_RTOL iterations 4
    Linear mg_coarse_ solve converged due to CONVERGED_RTOL iterations 4
    Linear mg_coarse_ solve converged due to CONVERGED_RTOL iterations 4
Linear solve converged due to CONVERGED_RTOL iterations 7
iteration 1     0.00207047
    Linear mg_coarse_ solve converged due to CONVERGED_RTOL iterations 5
    Linear mg_coarse_ solve converged due to CONVERGED_RTOL iterations 4
    Linear mg_coarse_ solve converged due to CONVERGED_RTOL iterations 4
    Linear mg_coarse_ solve converged due to CONVERGED_RTOL iterations 4
    Linear mg_coarse_ solve converged due to CONVERGED_RTOL iterations 4
    Linear mg_coarse_ solve converged due to CONVERGED_RTOL iterations 4
    Linear mg_coarse_ solve converged due to CONVERGED_RTOL iterations 4
Linear solve converged due to CONVERGED_RTOL iterations 7
iteration 2     8.52304e-05
    Linear mg_coarse_ solve converged due to CONVERGED_RTOL iterations 5
    Linear mg_coarse_ solve converged due to CONVERGED_RTOL iterations 4
    Linear mg_coarse_ solve converged due to CONVERGED_RTOL iterations 4
    Linear mg_coarse_ solve converged due to CONVERGED_RTOL iterations 4
    Linear mg_coarse_ solve converged due to CONVERGED_RTOL iterations 4
    Linear mg_coarse_ solve converged due to CONVERGED_RTOL iterations 4
    Linear mg_coarse_ solve converged due to CONVERGED_RTOL iterations 4
Linear solve converged due to CONVERGED_RTOL iterations 7
iteration 3     3.92243e-06
    Linear mg_coarse_ solve converged due to CONVERGED_RTOL iterations 5
    Linear mg_coarse_ solve converged due to CONVERGED_RTOL iterations 4
    Linear mg_coarse_ solve converged due to CONVERGED_RTOL iterations 4
    Linear mg_coarse_ solve converged due to CONVERGED_RTOL iterations 4
    Linear mg_coarse_ solve converged due to CONVERGED_RTOL iterations 4
    Linear mg_coarse_ solve converged due to CONVERGED_RTOL iterations 4
    Linear mg_coarse_ solve converged due to CONVERGED_RTOL iterations 4
Linear solve converged due to CONVERGED_RTOL iterations 7
iteration 4     1.95269e-07
    Linear mg_coarse_ solve converged due to CONVERGED_RTOL iterations 5
    Linear mg_coarse_ solve converged due to CONVERGED_RTOL iterations 4
    Linear mg_coarse_ solve converged due to CONVERGED_RTOL iterations 4
    Linear mg_coarse_ solve converged due to CONVERGED_RTOL iterations 4
    Linear mg_coarse_ solve converged due to CONVERGED_RTOL iterations 4
    Linear mg_coarse_ solve converged due to CONVERGED_RTOL iterations 4
    Linear mg_coarse_ solve converged due to CONVERGED_RTOL iterations 4
Linear solve converged due to CONVERGED_RTOL iterations 7
iteration 5     9.63523e-09
Finished time step 6 Time0.06
Time for 1 timestep 62.6681
    Linear mg_coarse_ solve converged due to CONVERGED_RTOL iterations 5
    Linear mg_coarse_ solve converged due to CONVERGED_RTOL iterations 4
    Linear mg_coarse_ solve converged due to CONVERGED_RTOL iterations 4
    Linear mg_coarse_ solve converged due to CONVERGED_RTOL iterations 4
    Linear mg_coarse_ solve converged due to CONVERGED_RTOL iterations 4
    Linear mg_coarse_ solve converged due to CONVERGED_RTOL iterations 4
    Linear mg_coarse_ solve converged due to CONVERGED_RTOL iterations 4
Linear solve converged due to CONVERGED_RTOL iterations 7
iteration 0     0.0611595
    Linear mg_coarse_ solve converged due to CONVERGED_RTOL iterations 5
    Linear mg_coarse_ solve converged due to CONVERGED_RTOL iterations 4
    Linear mg_coarse_ solve converged due to CONVERGED_RTOL iterations 4
    Linear mg_coarse_ solve converged due to CONVERGED_RTOL iterations 4
    Linear mg_coarse_ solve converged due to CONVERGED_RTOL iterations 4
    Linear mg_coarse_ solve converged due to CONVERGED_RTOL iterations 4
    Linear mg_coarse_ solve converged due to CONVERGED_RTOL iterations 4
Linear solve converged due to CONVERGED_RTOL iterations 7
iteration 1     0.00156003
    Linear mg_coarse_ solve converged due to CONVERGED_RTOL iterations 5
    Linear mg_coarse_ solve converged due to CONVERGED_RTOL iterations 4
    Linear mg_coarse_ solve converged due to CONVERGED_RTOL iterations 4
    Linear mg_coarse_ solve converged due to CONVERGED_RTOL iterations 4
    Linear mg_coarse_ solve converged due to CONVERGED_RTOL iterations 4
    Linear mg_coarse_ solve converged due to CONVERGED_RTOL iterations 4
    Linear mg_coarse_ solve converged due to CONVERGED_RTOL iterations 4
Linear solve converged due to CONVERGED_RTOL iterations 7
iteration 2     5.90355e-05
    Linear mg_coarse_ solve converged due to CONVERGED_RTOL iterations 5
    Linear mg_coarse_ solve converged due to CONVERGED_RTOL iterations 4
    Linear mg_coarse_ solve converged due to CONVERGED_RTOL iterations 4
    Linear mg_coarse_ solve converged due to CONVERGED_RTOL iterations 4
    Linear mg_coarse_ solve converged due to CONVERGED_RTOL iterations 4
    Linear mg_coarse_ solve converged due to CONVERGED_RTOL iterations 4
    Linear mg_coarse_ solve converged due to CONVERGED_RTOL iterations 4
Linear solve converged due to CONVERGED_RTOL iterations 7
iteration 3     2.56164e-06
    Linear mg_coarse_ solve converged due to CONVERGED_RTOL iterations 5
    Linear mg_coarse_ solve converged due to CONVERGED_RTOL iterations 4
    Linear mg_coarse_ solve converged due to CONVERGED_RTOL iterations 4
    Linear mg_coarse_ solve converged due to CONVERGED_RTOL iterations 4
    Linear mg_coarse_ solve converged due to CONVERGED_RTOL iterations 4
    Linear mg_coarse_ solve converged due to CONVERGED_RTOL iterations 4
    Linear mg_coarse_ solve converged due to CONVERGED_RTOL iterations 4
Linear solve converged due to CONVERGED_RTOL iterations 7
iteration 4     1.18104e-07
    Linear mg_coarse_ solve converged due to CONVERGED_RTOL iterations 5
    Linear mg_coarse_ solve converged due to CONVERGED_RTOL iterations 4
    Linear mg_coarse_ solve converged due to CONVERGED_RTOL iterations 4
    Linear mg_coarse_ solve converged due to CONVERGED_RTOL iterations 4
    Linear mg_coarse_ solve converged due to CONVERGED_RTOL iterations 4
    Linear mg_coarse_ solve converged due to CONVERGED_RTOL iterations 4
    Linear mg_coarse_ solve converged due to CONVERGED_RTOL iterations 4
Linear solve converged due to CONVERGED_RTOL iterations 7
iteration 5     5.52968e-09
Finished time step 7 Time0.07
Time for 1 timestep 62.4529
    Linear mg_coarse_ solve converged due to CONVERGED_RTOL iterations 5
    Linear mg_coarse_ solve converged due to CONVERGED_RTOL iterations 4
    Linear mg_coarse_ solve converged due to CONVERGED_RTOL iterations 4
    Linear mg_coarse_ solve converged due to CONVERGED_RTOL iterations 4
    Linear mg_coarse_ solve converged due to CONVERGED_RTOL iterations 4
    Linear mg_coarse_ solve converged due to CONVERGED_RTOL iterations 4
    Linear mg_coarse_ solve converged due to CONVERGED_RTOL iterations 4
Linear solve converged due to CONVERGED_RTOL iterations 7
iteration 0     0.0518753
    Linear mg_coarse_ solve converged due to CONVERGED_RTOL iterations 5
    Linear mg_coarse_ solve converged due to CONVERGED_RTOL iterations 4
    Linear mg_coarse_ solve converged due to CONVERGED_RTOL iterations 4
    Linear mg_coarse_ solve converged due to CONVERGED_RTOL iterations 4
    Linear mg_coarse_ solve converged due to CONVERGED_RTOL iterations 4
    Linear mg_coarse_ solve converged due to CONVERGED_RTOL iterations 4
    Linear mg_coarse_ solve converged due to CONVERGED_RTOL iterations 4
Linear solve converged due to CONVERGED_RTOL iterations 7
iteration 1     0.00121583
    Linear mg_coarse_ solve converged due to CONVERGED_RTOL iterations 5
    Linear mg_coarse_ solve converged due to CONVERGED_RTOL iterations 4
    Linear mg_coarse_ solve converged due to CONVERGED_RTOL iterations 4
    Linear mg_coarse_ solve converged due to CONVERGED_RTOL iterations 4
    Linear mg_coarse_ solve converged due to CONVERGED_RTOL iterations 4
    Linear mg_coarse_ solve converged due to CONVERGED_RTOL iterations 4
    Linear mg_coarse_ solve converged due to CONVERGED_RTOL iterations 4
Linear solve converged due to CONVERGED_RTOL iterations 7
iteration 2     4.27886e-05
    Linear mg_coarse_ solve converged due to CONVERGED_RTOL iterations 5
    Linear mg_coarse_ solve converged due to CONVERGED_RTOL iterations 4
    Linear mg_coarse_ solve converged due to CONVERGED_RTOL iterations 4
    Linear mg_coarse_ solve converged due to CONVERGED_RTOL iterations 4
    Linear mg_coarse_ solve converged due to CONVERGED_RTOL iterations 4
    Linear mg_coarse_ solve converged due to CONVERGED_RTOL iterations 4
    Linear mg_coarse_ solve converged due to CONVERGED_RTOL iterations 4
Linear solve converged due to CONVERGED_RTOL iterations 7
iteration 3     1.76514e-06
    Linear mg_coarse_ solve converged due to CONVERGED_RTOL iterations 5
    Linear mg_coarse_ solve converged due to CONVERGED_RTOL iterations 4
    Linear mg_coarse_ solve converged due to CONVERGED_RTOL iterations 4
    Linear mg_coarse_ solve converged due to CONVERGED_RTOL iterations 4
    Linear mg_coarse_ solve converged due to CONVERGED_RTOL iterations 4
    Linear mg_coarse_ solve converged due to CONVERGED_RTOL iterations 4
    Linear mg_coarse_ solve converged due to CONVERGED_RTOL iterations 4
Linear solve converged due to CONVERGED_RTOL iterations 7
iteration 4     7.59614e-08
    Linear mg_coarse_ solve converged due to CONVERGED_RTOL iterations 5
    Linear mg_coarse_ solve converged due to CONVERGED_RTOL iterations 4
    Linear mg_coarse_ solve converged due to CONVERGED_RTOL iterations 4
    Linear mg_coarse_ solve converged due to CONVERGED_RTOL iterations 4
    Linear mg_coarse_ solve converged due to CONVERGED_RTOL iterations 4
    Linear mg_coarse_ solve converged due to CONVERGED_RTOL iterations 4
    Linear mg_coarse_ solve converged due to CONVERGED_RTOL iterations 4
Linear solve converged due to CONVERGED_RTOL iterations 7
iteration 5     3.39575e-09
Finished time step 8 Time0.08
Time for 1 timestep 62.6053
    Linear mg_coarse_ solve converged due to CONVERGED_RTOL iterations 5
    Linear mg_coarse_ solve converged due to CONVERGED_RTOL iterations 4
    Linear mg_coarse_ solve converged due to CONVERGED_RTOL iterations 4
    Linear mg_coarse_ solve converged due to CONVERGED_RTOL iterations 4
    Linear mg_coarse_ solve converged due to CONVERGED_RTOL iterations 4
    Linear mg_coarse_ solve converged due to CONVERGED_RTOL iterations 4
    Linear mg_coarse_ solve converged due to CONVERGED_RTOL iterations 4
Linear solve converged due to CONVERGED_RTOL iterations 7
iteration 0     0.0443894
    Linear mg_coarse_ solve converged due to CONVERGED_RTOL iterations 5
    Linear mg_coarse_ solve converged due to CONVERGED_RTOL iterations 4
    Linear mg_coarse_ solve converged due to CONVERGED_RTOL iterations 4
    Linear mg_coarse_ solve converged due to CONVERGED_RTOL iterations 4
    Linear mg_coarse_ solve converged due to CONVERGED_RTOL iterations 4
    Linear mg_coarse_ solve converged due to CONVERGED_RTOL iterations 4
    Linear mg_coarse_ solve converged due to CONVERGED_RTOL iterations 4
Linear solve converged due to CONVERGED_RTOL iterations 7
iteration 1     0.000970937
    Linear mg_coarse_ solve converged due to CONVERGED_RTOL iterations 5
    Linear mg_coarse_ solve converged due to CONVERGED_RTOL iterations 4
    Linear mg_coarse_ solve converged due to CONVERGED_RTOL iterations 4
    Linear mg_coarse_ solve converged due to CONVERGED_RTOL iterations 4
    Linear mg_coarse_ solve converged due to CONVERGED_RTOL iterations 4
    Linear mg_coarse_ solve converged due to CONVERGED_RTOL iterations 4
    Linear mg_coarse_ solve converged due to CONVERGED_RTOL iterations 4
Linear solve converged due to CONVERGED_RTOL iterations 7
iteration 2     3.21825e-05
    Linear mg_coarse_ solve converged due to CONVERGED_RTOL iterations 5
    Linear mg_coarse_ solve converged due to CONVERGED_RTOL iterations 4
    Linear mg_coarse_ solve converged due to CONVERGED_RTOL iterations 4
    Linear mg_coarse_ solve converged due to CONVERGED_RTOL iterations 4
    Linear mg_coarse_ solve converged due to CONVERGED_RTOL iterations 4
    Linear mg_coarse_ solve converged due to CONVERGED_RTOL iterations 4
    Linear mg_coarse_ solve converged due to CONVERGED_RTOL iterations 4
Linear solve converged due to CONVERGED_RTOL iterations 7
iteration 3     1.27009e-06
    Linear mg_coarse_ solve converged due to CONVERGED_RTOL iterations 5
    Linear mg_coarse_ solve converged due to CONVERGED_RTOL iterations 4
    Linear mg_coarse_ solve converged due to CONVERGED_RTOL iterations 4
    Linear mg_coarse_ solve converged due to CONVERGED_RTOL iterations 4
    Linear mg_coarse_ solve converged due to CONVERGED_RTOL iterations 4
    Linear mg_coarse_ solve converged due to CONVERGED_RTOL iterations 4
    Linear mg_coarse_ solve converged due to CONVERGED_RTOL iterations 4
Linear solve converged due to CONVERGED_RTOL iterations 7
iteration 4     5.13719e-08
    Linear mg_coarse_ solve converged due to CONVERGED_RTOL iterations 5
    Linear mg_coarse_ solve converged due to CONVERGED_RTOL iterations 4
    Linear mg_coarse_ solve converged due to CONVERGED_RTOL iterations 4
    Linear mg_coarse_ solve converged due to CONVERGED_RTOL iterations 4
    Linear mg_coarse_ solve converged due to CONVERGED_RTOL iterations 4
    Linear mg_coarse_ solve converged due to CONVERGED_RTOL iterations 4
    Linear mg_coarse_ solve converged due to CONVERGED_RTOL iterations 4
Linear solve converged due to CONVERGED_RTOL iterations 7
iteration 5     2.20408e-09
Finished time step 9 Time0.09
Time for 1 timestep 62.6444
    Linear mg_coarse_ solve converged due to CONVERGED_RTOL iterations 5
    Linear mg_coarse_ solve converged due to CONVERGED_RTOL iterations 4
    Linear mg_coarse_ solve converged due to CONVERGED_RTOL iterations 4
    Linear mg_coarse_ solve converged due to CONVERGED_RTOL iterations 4
    Linear mg_coarse_ solve converged due to CONVERGED_RTOL iterations 4
    Linear mg_coarse_ solve converged due to CONVERGED_RTOL iterations 4
    Linear mg_coarse_ solve converged due to CONVERGED_RTOL iterations 4
Linear solve converged due to CONVERGED_RTOL iterations 7
iteration 0     0.0381688
    Linear mg_coarse_ solve converged due to CONVERGED_RTOL iterations 5
    Linear mg_coarse_ solve converged due to CONVERGED_RTOL iterations 5
    Linear mg_coarse_ solve converged due to CONVERGED_RTOL iterations 5
    Linear mg_coarse_ solve converged due to CONVERGED_RTOL iterations 5
    Linear mg_coarse_ solve converged due to CONVERGED_RTOL iterations 5
    Linear mg_coarse_ solve converged due to CONVERGED_RTOL iterations 5
    Linear mg_coarse_ solve converged due to CONVERGED_RTOL iterations 5
Linear solve converged due to CONVERGED_RTOL iterations 7
iteration 1     0.000789705
    Linear mg_coarse_ solve converged due to CONVERGED_RTOL iterations 5
    Linear mg_coarse_ solve converged due to CONVERGED_RTOL iterations 5
    Linear mg_coarse_ solve converged due to CONVERGED_RTOL iterations 5
    Linear mg_coarse_ solve converged due to CONVERGED_RTOL iterations 5
    Linear mg_coarse_ solve converged due to CONVERGED_RTOL iterations 5
    Linear mg_coarse_ solve converged due to CONVERGED_RTOL iterations 5
    Linear mg_coarse_ solve converged due to CONVERGED_RTOL iterations 5
Linear solve converged due to CONVERGED_RTOL iterations 7
iteration 2     2.49856e-05
    Linear mg_coarse_ solve converged due to CONVERGED_RTOL iterations 5
    Linear mg_coarse_ solve converged due to CONVERGED_RTOL iterations 5
    Linear mg_coarse_ solve converged due to CONVERGED_RTOL iterations 5
    Linear mg_coarse_ solve converged due to CONVERGED_RTOL iterations 5
    Linear mg_coarse_ solve converged due to CONVERGED_RTOL iterations 5
    Linear mg_coarse_ solve converged due to CONVERGED_RTOL iterations 5
    Linear mg_coarse_ solve converged due to CONVERGED_RTOL iterations 5
Linear solve converged due to CONVERGED_RTOL iterations 7
iteration 3     9.48117e-07
    Linear mg_coarse_ solve converged due to CONVERGED_RTOL iterations 5
    Linear mg_coarse_ solve converged due to CONVERGED_RTOL iterations 5
    Linear mg_coarse_ solve converged due to CONVERGED_RTOL iterations 5
    Linear mg_coarse_ solve converged due to CONVERGED_RTOL iterations 5
    Linear mg_coarse_ solve converged due to CONVERGED_RTOL iterations 5
    Linear mg_coarse_ solve converged due to CONVERGED_RTOL iterations 5
    Linear mg_coarse_ solve converged due to CONVERGED_RTOL iterations 5
Linear solve converged due to CONVERGED_RTOL iterations 7
iteration 4     3.62675e-08
    Linear mg_coarse_ solve converged due to CONVERGED_RTOL iterations 5
    Linear mg_coarse_ solve converged due to CONVERGED_RTOL iterations 5
    Linear mg_coarse_ solve converged due to CONVERGED_RTOL iterations 5
    Linear mg_coarse_ solve converged due to CONVERGED_RTOL iterations 5
    Linear mg_coarse_ solve converged due to CONVERGED_RTOL iterations 5
    Linear mg_coarse_ solve converged due to CONVERGED_RTOL iterations 5
    Linear mg_coarse_ solve converged due to CONVERGED_RTOL iterations 5
Linear solve converged due to CONVERGED_RTOL iterations 7
iteration 5     1.50097e-09
Finished time step 10 Time0.1
Time for 1 timestep 63.1201
total time taken is727.413
************************************************************************************************************************
***             WIDEN YOUR WINDOW TO 120 CHARACTERS.  Use 'enscript -r -fCourier9' to print this document            ***
************************************************************************************************************************

---------------------------------------------- PETSc Performance Summary: ----------------------------------------------

/home/a/asarkar/sudhipv/software/FreeFem-sources/src/mpi/FreeFem++-mpi on a  named nia0167.scinet.local with 400 processors, by sudhipv Tue Oct 19 11:18:44 2021
Using Petsc Release Version 3.15.0, Mar 30, 2021 

                         Max       Max/Min     Avg       Total
Time (sec):           7.275e+02     1.000   7.275e+02
Objects:              6.770e+02     1.000   6.770e+02
Flop:                 7.661e+10     1.268   6.735e+10  2.694e+13
Flop/sec:             1.053e+08     1.268   9.258e+07  3.703e+10
MPI Messages:         7.058e+04     4.000   4.927e+04  1.971e+07
MPI Message Lengths:  1.086e+08     2.984   1.805e+03  3.557e+10
MPI Reductions:       7.812e+03     1.000

Flop counting convention: 1 flop = 1 real number operation of type (multiply/divide/add/subtract)
                            e.g., VecAXPY() for real vectors of length N --> 2N flop
                            and VecAXPY() for complex vectors of length N --> 8N flop

Summary of Stages:   ----- Time ------  ----- Flop ------  --- Messages ---  -- Message Lengths --  -- Reductions --
                        Avg     %Total     Avg     %Total    Count   %Total     Avg         %Total    Count   %Total
 0:      Main Stage: 7.2749e+02 100.0%  2.6940e+13 100.0%  1.971e+07 100.0%  1.805e+03      100.0%  7.794e+03  99.8%

------------------------------------------------------------------------------------------------------------------------
See the 'Profiling' chapter of the users' manual for details on interpreting output.
Phase summary info:
   Count: number of times phase was executed
   Time and Flop: Max - maximum over all processors
                  Ratio - ratio of maximum to minimum over all processors
   Mess: number of messages sent
   AvgLen: average message length (bytes)
   Reduct: number of global reductions
   Global: entire computation
   Stage: stages of a computation. Set stages with PetscLogStagePush() and PetscLogStagePop().
      %T - percent time in this phase         %F - percent flop in this phase
      %M - percent messages in this phase     %L - percent message lengths in this phase
      %R - percent reductions in this phase
   Total Mflop/s: 10e-6 * (sum of flop over all processors)/(max time over all processors)
------------------------------------------------------------------------------------------------------------------------
Event                Count      Time (sec)     Flop                              --- Global ---  --- Stage ----  Total
                   Max Ratio  Max     Ratio   Max  Ratio  Mess   AvgLen  Reduct  %T %F %M %L %R  %T %F %M %L %R Mflop/s
------------------------------------------------------------------------------------------------------------------------

--- Event Stage 0: Main Stage

BuildTwoSided        141 1.0 6.1132e+0112.1 0.00e+00 0.0 6.7e+03 4.0e+00 1.4e+02  4  0  0  0  2   4  0  0  0  2     0
BuildTwoSidedF       136 1.0 6.1042e+0112.2 0.00e+00 0.0 0.0e+00 0.0e+00 1.4e+02  4  0  0  0  2   4  0  0  0  2     0
MatMult             5544 1.0 6.3653e+00 1.3 2.65e+09 1.0 1.2e+07 1.3e+03 2.0e+00  1  4 63 44  0   1  4 63 44  0 163890
MatMultAdd           476 1.0 8.6961e-01 1.3 5.43e+07 1.0 1.1e+06 2.2e+03 0.0e+00  0  0  5  7  0   0  0  5  7  0 24669
MatMultTranspose     476 1.0 1.0340e+00 1.8 0.00e+00 0.0 1.1e+06 7.6e+03 0.0e+00  0  0  5 23  0   0  0  5 23  0     0
MatSolve            2652 1.0 3.3428e+01 1.1 2.46e+10 1.1 0.0e+00 0.0e+00 0.0e+00  4 35  0  0  0   4 35  0  0  0 279476
MatLUFactorSym         1 1.0 8.9701e-02 1.2 0.00e+00 0.0 0.0e+00 0.0e+00 0.0e+00  0  0  0  0  0   0  0  0  0  0     0
MatLUFactorNum        68 1.0 3.1106e+01 1.5 4.72e+10 1.4 0.0e+00 0.0e+00 0.0e+00  4 58  0  0  0   4 58  0  0  0 498178
MatConvert            68 1.0 3.5845e-01 1.4 0.00e+00 0.0 0.0e+00 0.0e+00 2.7e+02  0  0  0  0  3   0  0  0  0  3     0
MatResidual          476 1.0 9.4691e-01 2.0 3.80e+08 1.0 1.1e+06 1.5e+03 0.0e+00  0  1  5  5  0   0  1  5  5  0 158548
MatAssemblyBegin     274 1.0 6.1047e+0112.2 0.00e+00 0.0 0.0e+00 0.0e+00 1.4e+02  4  0  0  0  2   4  0  0  0  2     0
MatAssemblyEnd       274 1.0 8.9403e-01 8.5 0.00e+00 0.0 0.0e+00 0.0e+00 2.8e+02  0  0  0  0  4   0  0  0  0  4     0
MatGetRowIJ          137 1.0 3.0914e-03 1.4 0.00e+00 0.0 0.0e+00 0.0e+00 0.0e+00  0  0  0  0  0   0  0  0  0  0     0
MatCreateSubMats      68 1.0 7.2483e-01 1.2 0.00e+00 0.0 1.6e+05 1.0e+04 1.0e+00  0  0  1  5  0   0  0  1  5  0     0
MatGetOrdering         1 1.0 3.0809e-02 1.2 0.00e+00 0.0 0.0e+00 0.0e+00 0.0e+00  0  0  0  0  0   0  0  0  0  0     0
MatIncreaseOvrlp       1 1.0 1.2527e-02 1.6 0.00e+00 0.0 0.0e+00 0.0e+00 1.0e+00  0  0  0  0  0   0  0  0  0  0     0
MatZeroEntries       134 1.0 7.1372e-02 1.6 0.00e+00 0.0 0.0e+00 0.0e+00 0.0e+00  0  0  0  0  0   0  0  0  0  0     0
KSPSetUp             137 1.0 4.4218e+01 1.0 5.55e+10 1.4 3.4e+06 1.9e+03 1.4e+03  6 70 17 18 18   6 70 17 18 18 424086
KSPSolve              68 1.0 5.2644e+01 1.0 2.14e+10 1.1 1.6e+07 1.7e+03 5.8e+03  7 30 82 79 74   7 30 82 79 74 155535
KSPGMRESOrthog      3164 1.0 4.7658e+00 1.9 1.59e+09 1.0 0.0e+00 0.0e+00 3.2e+03  1  2  0  0 41   1  2  0  0 41 131720
PCSetUp              135 1.0 4.8656e+01 1.0 5.55e+10 1.4 3.4e+06 1.9e+03 1.7e+03  7 70 17 18 22   7 70 17 18 22 385401
PCSetUpOnBlocks     1020 1.0 5.7217e-01 1.4 6.94e+08 1.4 0.0e+00 0.0e+00 0.0e+00  0  1  0  0  0   0  1  0  0  0 398290
PCApply              476 1.0 5.1069e+01 1.0 2.05e+10 1.1 1.5e+07 1.7e+03 4.8e+03  7 29 77 74 61   7 29 77 74 61 153039
PCApplyOnBlocks     2652 1.0 6.3390e+01 1.3 7.07e+10 1.3 0.0e+00 0.0e+00 0.0e+00  8 91  0  0  0   8 91  0  0  0 388249
VecMDot             3164 1.0 4.1963e+00 2.1 7.96e+08 1.0 0.0e+00 0.0e+00 3.2e+03  0  1  0  0 41   0  1  0  0 41 74797
VecNorm             3776 1.0 1.1280e+0117.1 2.19e+08 1.0 0.0e+00 0.0e+00 3.8e+03  1  0  0  0 48   1  0  0  0 48  7644
VecScale            4728 1.0 3.4797e-02 1.4 1.10e+08 1.0 0.0e+00 0.0e+00 0.0e+00  0  0  0  0  0   0  0  0  0  0 1238985
VecCopy             2040 1.0 1.5052e-01 1.2 0.00e+00 0.0 0.0e+00 0.0e+00 0.0e+00  0  0  0  0  0   0  0  0  0  0     0
VecSet             12622 1.0 1.0944e+00 1.2 0.00e+00 0.0 0.0e+00 0.0e+00 0.0e+00  0  0  0  0  0   0  0  0  0  0     0
VecAXPY             1088 1.0 1.2837e-01 1.9 8.35e+07 1.0 0.0e+00 0.0e+00 0.0e+00  0  0  0  0  0   0  0  0  0  0 256656
VecAYPX             2856 1.0 4.2878e-01 1.4 2.17e+08 1.0 0.0e+00 0.0e+00 0.0e+00  0  0  0  0  0   0  0  0  0  0 200122
VecAXPBYCZ           952 1.0 2.2762e-01 1.2 2.71e+08 1.0 0.0e+00 0.0e+00 0.0e+00  0  0  0  0  0   0  0  0  0  0 471234
VecMAXPY            3776 1.0 7.2266e-01 1.1 9.86e+08 1.0 0.0e+00 0.0e+00 0.0e+00  0  1  0  0  0   0  1  0  0  0 537748
VecScatterBegin    15676 1.0 1.9146e+00 1.3 0.00e+00 0.0 1.7e+07 1.3e+03 3.0e+00  0  0 88 63  0   0  0 88 63  0     0
VecScatterEnd      15676 1.0 2.2005e+0010.3 0.00e+00 0.0 0.0e+00 0.0e+00 0.0e+00  0  0  0  0  0   0  0  0  0  0     0
VecNormalize        3232 1.0 1.1181e+0120.0 2.36e+08 1.0 0.0e+00 0.0e+00 3.2e+03  1  0  0  0 41   1  0  0  0 41  8278
SFSetGraph             5 1.0 1.4795e-04 1.7 0.00e+00 0.0 0.0e+00 0.0e+00 0.0e+00  0  0  0  0  0   0  0  0  0  0     0
SFSetUp                5 1.0 1.7421e-0112.4 0.00e+00 0.0 1.3e+04 3.1e+02 3.0e+00  0  0  0  0  0   0  0  0  0  0     0
SFReduceBegin       2652 1.0 3.2848e-01 1.2 0.00e+00 0.0 0.0e+00 0.0e+00 0.0e+00  0  0  0  0  0   0  0  0  0  0     0
SFReduceEnd         2652 1.0 2.6770e-03 1.8 0.00e+00 0.0 0.0e+00 0.0e+00 0.0e+00  0  0  0  0  0   0  0  0  0  0     0
SFPack             15676 1.0 4.9173e-02 2.0 0.00e+00 0.0 0.0e+00 0.0e+00 0.0e+00  0  0  0  0  0   0  0  0  0  0     0
SFUnpack           15676 1.0 1.9697e-02 5.8 0.00e+00 0.0 0.0e+00 0.0e+00 0.0e+00  0  0  0  0  0   0  0  0  0  0     0
------------------------------------------------------------------------------------------------------------------------

Memory usage is given in bytes:

Object Type          Creations   Destructions     Memory  Descendants' Mem.
Reports information only for process 0.

--- Event Stage 0: Main Stage

              Matrix    79             79     76733936     0.
       Krylov Solver     5              5        72264     0.
      Preconditioner     5              5         6024     0.
              Vector   552            552    177972968     0.
           Index Set    13             13      1380724     0.
   IS L to G Mapping     1              1       682160     0.
   Star Forest Graph    11             11        12600     0.
    Distributed Mesh     3              3        15144     0.
     Discrete System     3              3         2712     0.
           Weak Form     3              3         2472     0.
              Viewer     2              1          848     0.
========================================================================================================================
Average time to get PetscTime(): 3.12e-08
Average time for MPI_Barrier(): 7.50384e-05
Average time for zero size MPI_Send(): 1.33468e-06
#PETSc Option Table entries:
-beta 1
-ksp_converged_reason
-ksp_pc_side right
-ksp_rtol 1e-8
-ksp_type fgmres
-log_view
-m 2373
-mg_coarse_ksp_converged_reason
-mg_coarse_ksp_type gmres
-mg_coarse_pc_type hypre
-mg_levels_pc_type asm
-mg_levels_sub_pc_type lu
-n 2373
-nw
-pc_mg_type multiplicative
-pc_type mg
#End of PETSc Option Table entries
Compiled without FORTRAN kernels
Compiled with full precision matrices (default)
sizeof(short) 2 sizeof(int) 4 sizeof(long) 8 sizeof(void*) 8 sizeof(PetscScalar) 8 sizeof(PetscInt) 4
Configure options: --prefix=/home/a/asarkar/sudhipv/software/FreeFem-sources/install/ff-petsc/r MAKEFLAGS= --with-debugging=0 COPTFLAGS="-O3 -mtune=native" CXXOPTFLAGS="-O3 -mtune=native" FOPTFLAGS="-O3 -mtune=native" --with-cxx-dialect=C++11 --with-ssl=0 --with-x=0 --with-fortran-bindings=0 --with-cudac=0 --with-cc=/cvmfs/soft.computecanada.ca/easybuild/software/2020/avx512/Compiler/intel2020/openmpi/4.0.3/bin/mpicc --with-cxx=/cvmfs/soft.computecanada.ca/easybuild/software/2020/avx512/Compiler/intel2020/openmpi/4.0.3/bin/mpic++ --with-fc=/cvmfs/soft.computecanada.ca/easybuild/software/2020/avx512/Compiler/intel2020/openmpi/4.0.3/bin/mpif90 --with-scalar-type=real --with-blaslapack-include=/cvmfs/soft.computecanada.ca/easybuild/software/2020/Core/imkl/2020.1.217/mkl/include --with-blaslapack-lib="-Wl,-rpath,/cvmfs/soft.computecanada.ca/easybuild/software/2020/Core/imkl/2020.1.217/mkl/lib/intel64 -L/cvmfs/soft.computecanada.ca/easybuild/software/2020/Core/imkl/2020.1.217/mkl/lib/intel64 -lmkl_rt -lmkl_intel_thread -lmkl_core  -liomp5 -lpthread" --download-metis --download-ptscotch --download-hypre --download-parmetis --download-mmg --download-parmmg --download-superlu --download-suitesparse --download-tetgen --download-slepc --download-hpddm --download-scalapack --download-mumps --download-slepc-configure-arguments=--download-arpack=https://github.com/prj-/arpack-ng/archive/b64dccb.tar.gz PETSC_ARCH=fr
-----------------------------------------
Libraries compiled on 2021-05-02 15:39:49 on nia-login03.scinet.local 
Machine characteristics: Linux-3.10.0-957.27.2.el7.x86_64-x86_64-with-centos-7.6.1810-Core
Using PETSc directory: /home/a/asarkar/sudhipv/software/FreeFem-sources/install/ff-petsc/r
Using PETSc arch: 
-----------------------------------------

Using C compiler: /cvmfs/soft.computecanada.ca/easybuild/software/2020/avx512/Compiler/intel2020/openmpi/4.0.3/bin/mpicc  -fPIC -wd1572 -O3 -mtune=native   
Using Fortran compiler: /cvmfs/soft.computecanada.ca/easybuild/software/2020/avx512/Compiler/intel2020/openmpi/4.0.3/bin/mpif90  -fPIC -O3 -mtune=native     
-----------------------------------------

Using include paths: -I/home/a/asarkar/sudhipv/software/FreeFem-sources/install/ff-petsc/r/include -I/cvmfs/soft.computecanada.ca/easybuild/software/2020/Core/imkl/2020.1.217/mkl/include
-----------------------------------------

Using C linker: /cvmfs/soft.computecanada.ca/easybuild/software/2020/avx512/Compiler/intel2020/openmpi/4.0.3/bin/mpicc
Using Fortran linker: /cvmfs/soft.computecanada.ca/easybuild/software/2020/avx512/Compiler/intel2020/openmpi/4.0.3/bin/mpif90
Using libraries: -Wl,-rpath,/home/a/asarkar/sudhipv/software/FreeFem-sources/install/ff-petsc/r/lib -L/home/a/asarkar/sudhipv/software/FreeFem-sources/install/ff-petsc/r/lib -lpetsc -Wl,-rpath,/home/a/asarkar/sudhipv/software/FreeFem-sources/install/ff-petsc/r/lib -L/home/a/asarkar/sudhipv/software/FreeFem-sources/install/ff-petsc/r/lib -Wl,-rpath,/cvmfs/soft.computecanada.ca/easybuild/software/2020/Core/imkl/2020.1.217/mkl/lib/intel64 -L/cvmfs/soft.computecanada.ca/easybuild/software/2020/Core/imkl/2020.1.217/mkl/lib/intel64 -Wl,-rpath,/cvmfs/soft.computecanada.ca/easybuild/software/2020/avx512/Compiler/intel2020/openmpi/4.0.3/lib -L/cvmfs/soft.computecanada.ca/easybuild/software/2020/avx512/Compiler/intel2020/openmpi/4.0.3/lib -Wl,-rpath,/cvmfs/soft.computecanada.ca/easybuild/software/2020/avx512/Core/libfabric/1.10.1/lib -L/cvmfs/soft.computecanada.ca/easybuild/software/2020/avx512/Core/libfabric/1.10.1/lib -Wl,-rpath,/cvmfs/soft.computecanada.ca/easybuild/software/2020/avx512/Core/ucx/1.8.0/lib -L/cvmfs/soft.computecanada.ca/easybuild/software/2020/avx512/Core/ucx/1.8.0/lib -Wl,-rpath,/cvmfs/soft.computecanada.ca/easybuild/software/2020/Core/imkl/2020.1.217/lib/intel64 -L/cvmfs/soft.computecanada.ca/easybuild/software/2020/Core/imkl/2020.1.217/lib/intel64 -Wl,-rpath,/cvmfs/restricted.computecanada.ca/easybuild/software/2020/Core/intel/2020.1.217/compilers_and_libraries_2020.1.217/linux/tbb/lib/intel64/gcc4.8 -L/cvmfs/restricted.computecanada.ca/easybuild/software/2020/Core/intel/2020.1.217/compilers_and_libraries_2020.1.217/linux/tbb/lib/intel64/gcc4.8 -Wl,-rpath,/cvmfs/restricted.computecanada.ca/easybuild/software/2020/Core/intel/2020.1.217/compilers_and_libraries_2020.1.217/linux/compiler/lib/intel64_lin -L/cvmfs/restricted.computecanada.ca/easybuild/software/2020/Core/intel/2020.1.217/compilers_and_libraries_2020.1.217/linux/compiler/lib/intel64_lin -Wl,-rpath,/cvmfs/soft.computecanada.ca/easybuild/software/2020/avx512/Compiler/intel2020/openmpi/4.0.3/lib64 -L/cvmfs/soft.computecanada.ca/easybuild/software/2020/avx512/Compiler/intel2020/openmpi/4.0.3/lib64 -Wl,-rpath,/cvmfs/soft.computecanada.ca/easybuild/software/2020/Core/gcccore/9.3.0/lib/gcc/x86_64-pc-linux-gnu/9.3.0 -L/cvmfs/soft.computecanada.ca/easybuild/software/2020/Core/gcccore/9.3.0/lib/gcc/x86_64-pc-linux-gnu/9.3.0 -Wl,-rpath,/cvmfs/soft.computecanada.ca/easybuild/software/2020/Core/gcccore/9.3.0/lib64 -L/cvmfs/soft.computecanada.ca/easybuild/software/2020/Core/gcccore/9.3.0/lib64 -Wl,-rpath,/cvmfs/soft.computecanada.ca/gentoo/2020/lib64 -L/cvmfs/soft.computecanada.ca/gentoo/2020/lib64 -Wl,-rpath,/cvmfs/soft.computecanada.ca/gentoo/2020/usr/lib64 -L/cvmfs/soft.computecanada.ca/gentoo/2020/usr/lib64 -Wl,-rpath,/cvmfs/soft.computecanada.ca/easybuild/software/2020/Core/gcccore/9.3.0/lib -L/cvmfs/soft.computecanada.ca/easybuild/software/2020/Core/gcccore/9.3.0/lib -Wl,-rpath,/cvmfs/soft.computecanada.ca/gentoo/2020/lib -L/cvmfs/soft.computecanada.ca/gentoo/2020/lib -Wl,-rpath,/cvmfs/soft.computecanada.ca/gentoo/2020/usr/lib -L/cvmfs/soft.computecanada.ca/gentoo/2020/usr/lib -lHYPRE -lcmumps -ldmumps -lsmumps -lzmumps -lmumps_common -lpord -lscalapack -lumfpack -lklu -lcholmod -lbtf -lccolamd -lcolamd -lcamd -lamd -lsuitesparseconfig -lsuperlu -lmkl_rt -lmkl_intel_thread -lmkl_core -liomp5 -lpthread -lparmmg -lmmg -lmmg3d -lptesmumps -lptscotchparmetis -lptscotch -lptscotcherr -lesmumps -lscotch -lscotcherr -lpthread -lparmetis -lmetis -ltet -lstdc++ -ldl -lmpi_usempif08 -lmpi_usempi_ignore_tkr -lmpi_mpifh -lmpi -lifport -lifcoremt_pic -limf -lsvml -lm -lipgo -lirc -lpthread -lgcc_s -lirc_s -lrt -lquadmath -lstdc++ -ldl
-----------------------------------------

#############################################################################################################
#############################################################################################################
########     Finsihed Code with NL 400 Processors             #################################################
#############################################################################################################
#############################################################################################################

scontrol show jobid 6261982
JobId=6261982 JobName=heat_weak_HYPRE
   UserId=sudhipv(3061414) GroupId=asarkar(6001189) MCS_label=N/A
   Priority=2045685 Nice=0 Account=def-asarkar QOS=normal
   JobState=COMPLETED Reason=None Dependency=(null)
   Requeue=0 Restarts=0 BatchFlag=1 Reboot=0 ExitCode=0:0
   RunTime=00:12:28 TimeLimit=00:30:00 TimeMin=N/A
   SubmitTime=2021-10-19T11:06:21 EligibleTime=2021-10-19T11:06:21
   AccrueTime=2021-10-19T11:06:21
   StartTime=2021-10-19T11:06:26 EndTime=2021-10-19T11:18:54 Deadline=N/A
   SuspendTime=None SecsPreSuspend=0 LastSchedEval=2021-10-19T11:06:26
   Partition=compute AllocNode:Sid=nia-login05:237753
   ReqNodeList=(null) ExcNodeList=(null)
   NodeList=nia[0167-0171,0236-0240]
   BatchHost=nia0167
   NumNodes=10 NumCPUs=800 NumTasks=400 CPUs/Task=1 ReqB:S:C:T=0:0:*:*
   TRES=cpu=800,mem=1750000M,node=10,billing=400
   Socks/Node=* NtasksPerN:B:S:C=40:0:*:* CoreSpec=*
   MinCPUsNode=40 MinMemoryNode=175000M MinTmpDiskNode=0
   Features=[skylake|cascade] DelayBoot=00:00:00
   OverSubscribe=NO Contiguous=0 Licenses=(null) Network=(null)
   Command=/gpfs/fs0/scratch/a/asarkar/sudhipv/poisson_hpc/weak_heat/runff_niagara_heat.sh
   WorkDir=/gpfs/fs0/scratch/a/asarkar/sudhipv/poisson_hpc/weak_heat
   StdErr=/gpfs/fs0/scratch/a/asarkar/sudhipv/poisson_hpc/weak_heat/heat_weak_HYPRE-6261982.out
   StdIn=/dev/null
   StdOut=/gpfs/fs0/scratch/a/asarkar/sudhipv/poisson_hpc/weak_heat/heat_weak_HYPRE-6261982.out
   Power=
   MailUser=sudhipv@cmail.carleton.ca MailType=BEGIN,END,FAIL,REQUEUE,STAGE_OUT

sacct -j 6261982
       JobID    JobName    Account    Elapsed  MaxVMSize     MaxRSS  SystemCPU    UserCPU ExitCode 
------------ ---------- ---------- ---------- ---------- ---------- ---------- ---------- -------- 
6261982      heat_weak+ def-asark+   00:12:28                         08:55:52 2-23:52:37      0:0 
6261982.bat+      batch def-asark+   00:12:28  37487968K  11498656K  51:13.109   07:13:44      0:0 
6261982.ext+     extern def-asark+   00:12:28    138360K       880K  00:00.002  00:00.005      0:0 
6261982.0         orted def-asark+   00:12:26  37052196K  11557548K   08:04:39 2-16:38:53      0:0 
