
The following have been reloaded with a version change:
  1) mii/1.1.1 => mii/1.1.2

/cvmfs/soft.computecanada.ca/easybuild/software/2020/avx512/Compiler/intel2020/openmpi/4.0.3/bin/mpiexec
/cvmfs/soft.computecanada.ca/easybuild/software/2020/avx512/Compiler/intel2020/openmpi/4.0.3/bin/mpirun
Number of Vertices for coarse grid  643204
Number of Vertices for fine mesh is  2.56961e+06
1	
	-111111	
number of random variable  3
order of input  2
order of output  3
Number of input PC   10
Number of output PC  20
Mean of Gaussian  0
Sd of Gaussian  0.3
Size of linear System  5.13922e+07
sindex is 25 2	
	   1   1
	   1   2
	   2   1
	   2   2
	   1   3
	   3   1
	   2   3
	   3   2
	   1   4
	   4   1
	   3   3
	   2   4
	   4   2
	   3   4
	   4   3
	   1   5
	   5   1
	   2   5
	   5   2
	   4   4
	   3   5
	   5   3
	   1   6
	   6   1
	   2   6
	
mindex for file ./kledata/multiIndex00030003.dat is 20 3	
	   0   0   0
	   1   0   0
	   0   1   0
	   0   0   1
	   2   0   0
	   1   1   0
	   1   0   1
	   0   2   0
	   0   1   1
	   0   0   2
	   3   0   0
	   2   1   0
	   2   0   1
	   1   2   0
	   1   1   1
	   1   0   2
	   0   3   0
	   0   2   1
	   0   1   2
	   0   0   3
	
Finished generating log normal input coefficients for rank 0
Assembling matrices for level 0 and rank 0
Assembling matrices for level 1 and rank 0
Exited Assembling 0
Starting solve for 0
  0 KSP Residual norm 6.238300750778e-04 
      Residual norms for mg_coarse_ solve.
      0 KSP Residual norm 7.813754019251e+00 
      1 KSP Residual norm 3.172729541606e+00 
      2 KSP Residual norm 6.651007543626e-01 
      3 KSP Residual norm 1.320359247339e-01 
      4 KSP Residual norm 2.808232998416e-02 
      5 KSP Residual norm 5.568027324622e-03 
      6 KSP Residual norm 9.386657309990e-04 
      7 KSP Residual norm 1.546458743579e-04 
      8 KSP Residual norm 2.834514896558e-05 
    Linear mg_coarse_ solve converged due to CONVERGED_RTOL iterations 8
  1 KSP Residual norm 5.517129735248e-04 
      Residual norms for mg_coarse_ solve.
      0 KSP Residual norm 2.144707570955e-01 
      1 KSP Residual norm 2.753443273377e-03 
      2 KSP Residual norm 3.636482323432e-04 
      3 KSP Residual norm 6.451743731692e-05 
      4 KSP Residual norm 1.400109282581e-05 
      5 KSP Residual norm 2.774600968631e-06 
      6 KSP Residual norm 5.016381265912e-07 
    Linear mg_coarse_ solve converged due to CONVERGED_RTOL iterations 6
  2 KSP Residual norm 7.061098114461e-05 
      Residual norms for mg_coarse_ solve.
      0 KSP Residual norm 1.618488809075e-01 
      1 KSP Residual norm 1.631990475631e-03 
      2 KSP Residual norm 9.920063977596e-05 
      3 KSP Residual norm 1.997820723363e-05 
      4 KSP Residual norm 3.595269998244e-06 
      5 KSP Residual norm 7.631442013380e-07 
    Linear mg_coarse_ solve converged due to CONVERGED_RTOL iterations 5
  3 KSP Residual norm 5.659411396495e-06 
      Residual norms for mg_coarse_ solve.
      0 KSP Residual norm 1.604453135126e-01 
      1 KSP Residual norm 2.724601035242e-03 
      2 KSP Residual norm 2.925975518484e-04 
      3 KSP Residual norm 5.645742376193e-05 
      4 KSP Residual norm 1.209477471789e-05 
      5 KSP Residual norm 2.463913817910e-06 
      6 KSP Residual norm 4.464935418931e-07 
    Linear mg_coarse_ solve converged due to CONVERGED_RTOL iterations 6
  4 KSP Residual norm 5.052072651558e-07 
      Residual norms for mg_coarse_ solve.
      0 KSP Residual norm 3.979896019052e-01 
      1 KSP Residual norm 1.684969103792e-02 
      2 KSP Residual norm 1.252691256662e-03 
      3 KSP Residual norm 2.140641292155e-04 
      4 KSP Residual norm 5.003917679928e-05 
      5 KSP Residual norm 1.023862138243e-05 
      6 KSP Residual norm 1.762193466099e-06 
    Linear mg_coarse_ solve converged due to CONVERGED_RTOL iterations 6
  5 KSP Residual norm 1.154771917272e-07 
      Residual norms for mg_coarse_ solve.
      0 KSP Residual norm 3.397141232682e-01 
      1 KSP Residual norm 2.039986202416e-02 
      2 KSP Residual norm 5.120073383380e-04 
      3 KSP Residual norm 1.179272006268e-04 
      4 KSP Residual norm 2.260066125300e-05 
      5 KSP Residual norm 4.358156390795e-06 
      6 KSP Residual norm 8.262135042714e-07 
    Linear mg_coarse_ solve converged due to CONVERGED_RTOL iterations 6
  6 KSP Residual norm 1.861619936835e-08 
      Residual norms for mg_coarse_ solve.
      0 KSP Residual norm 3.966683506066e-01 
      1 KSP Residual norm 2.500005033787e-02 
      2 KSP Residual norm 2.361879350841e-03 
      3 KSP Residual norm 3.676297476390e-04 
      4 KSP Residual norm 8.051060135095e-05 
      5 KSP Residual norm 1.761321793794e-05 
      6 KSP Residual norm 3.108393634651e-06 
    Linear mg_coarse_ solve converged due to CONVERGED_RTOL iterations 6
  7 KSP Residual norm 3.968360748505e-09 
time taken for solve is76.4209
************************************************************************************************************************
***             WIDEN YOUR WINDOW TO 120 CHARACTERS.  Use 'enscript -r -fCourier9' to print this document            ***
************************************************************************************************************************

---------------------------------------------- PETSc Performance Summary: ----------------------------------------------

/home/a/asarkar/sudhipv/software/FreeFem-sources/src/mpi/FreeFem++-mpi on a  named nia0137.scinet.local with 320 processors, by sudhipv Mon Nov 21 17:48:39 2022
Using Petsc Release Version 3.15.0, Mar 30, 2021 

                         Max       Max/Min     Avg       Total
Time (sec):           7.679e+01     1.000   7.679e+01
Objects:              1.440e+02     1.000   1.440e+02
Flop:                 1.754e+13     1.430   1.559e+13  4.988e+15
Flop/sec:             2.284e+11     1.430   2.030e+11  6.495e+13
MPI Messages:         1.764e+03     9.000   1.080e+03  3.457e+05
MPI Message Lengths:  3.473e+07     3.747   2.396e+04  8.286e+09
MPI Reductions:       1.990e+02     1.000

Flop counting convention: 1 flop = 1 real number operation of type (multiply/divide/add/subtract)
                            e.g., VecAXPY() for real vectors of length N --> 2N flop
                            and VecAXPY() for complex vectors of length N --> 8N flop

Summary of Stages:   ----- Time ------  ----- Flop ------  --- Messages ---  -- Message Lengths --  -- Reductions --
                        Avg     %Total     Avg     %Total    Count   %Total     Avg         %Total    Count   %Total
 0:      Main Stage: 7.6788e+01 100.0%  4.9877e+15 100.0%  3.457e+05 100.0%  2.396e+04      100.0%  1.810e+02  91.0%

------------------------------------------------------------------------------------------------------------------------
See the 'Profiling' chapter of the users' manual for details on interpreting output.
Phase summary info:
   Count: number of times phase was executed
   Time and Flop: Max - maximum over all processors
                  Ratio - ratio of maximum to minimum over all processors
   Mess: number of messages sent
   AvgLen: average message length (bytes)
   Reduct: number of global reductions
   Global: entire computation
   Stage: stages of a computation. Set stages with PetscLogStagePush() and PetscLogStagePop().
      %T - percent time in this phase         %F - percent flop in this phase
      %M - percent messages in this phase     %L - percent message lengths in this phase
      %R - percent reductions in this phase
   Total Mflop/s: 10e-6 * (sum of flop over all processors)/(max time over all processors)
------------------------------------------------------------------------------------------------------------------------
Event                Count      Time (sec)     Flop                              --- Global ---  --- Stage ----  Total
                   Max Ratio  Max     Ratio   Max  Ratio  Mess   AvgLen  Reduct  %T %F %M %L %R  %T %F %M %L %R Mflop/s
------------------------------------------------------------------------------------------------------------------------

--- Event Stage 0: Main Stage

BuildTwoSided          6 1.0 1.6733e+00186.8 0.00e+00 0.0 5.3e+03 4.0e+00 5.0e+00  1  0  2  0  3   1  0  2  0  3     0
BuildTwoSidedF         2 1.0 7.7926e-0313.1 0.00e+00 0.0 0.0e+00 0.0e+00 2.0e+00  0  0  0  0  1   0  0  0  0  1     0
MatMult               95 1.0 4.6625e+00 1.1 2.60e+09 1.1 1.7e+05 8.7e+03 2.0e+00  6  0 51 18  1   6  0 51 18  1 171341
MatMultAdd             7 1.0 6.7748e-02 2.8 2.33e+06 1.1 1.2e+04 1.7e+04 0.0e+00  0  0  4  3  0   0  0  4  3  0 10620
MatMultTranspose       7 1.0 1.9400e-01 6.8 0.00e+00 0.0 1.2e+04 5.8e+04 0.0e+00  0  0  4  9  0   0  0  4  9  0     0
MatSolve              39 1.0 1.2727e+01 1.1 1.75e+13 1.4 0.0e+00 0.0e+00 0.0e+00 16100  0  0  0  16100  0  0  0 391818310
MatLUFactorSym         1 1.0 1.1214e+00 1.2 0.00e+00 0.0 0.0e+00 0.0e+00 0.0e+00  1  0  0  0  0   1  0  0  0  0     0
MatLUFactorNum         1 1.0 1.0030e+01 1.2 3.27e+08 1.2 0.0e+00 0.0e+00 0.0e+00 12  0  0  0  0  12  0  0  0  0  9689
MatConvert             1 1.0 1.0996e-01 1.0 0.00e+00 0.0 0.0e+00 0.0e+00 4.0e+00  0  0  0  0  2   0  0  0  0  2     0
MatResidual            7 1.0 5.6548e-01 1.1 3.26e+08 1.1 1.2e+04 1.1e+04 0.0e+00  1  0  4  2  0   1  0  4  2  0 178002
MatAssemblyBegin       6 1.0 7.9282e-0310.9 0.00e+00 0.0 0.0e+00 0.0e+00 2.0e+00  0  0  0  0  1   0  0  0  0  1     0
MatAssemblyEnd         6 1.0 3.6349e+00 9.7 0.00e+00 0.0 0.0e+00 0.0e+00 1.2e+01  2  0  0  0  6   2  0  0  0  7     0
MatGetRowIJ            3 1.0 2.2150e-02 1.5 0.00e+00 0.0 0.0e+00 0.0e+00 0.0e+00  0  0  0  0  0   0  0  0  0  0     0
MatCreateSubMats       1 1.0 1.0376e+00 1.2 0.00e+00 0.0 8.8e+03 4.7e+05 1.0e+00  1  0  3 51  1   1  0  3 51  1     0
MatGetOrdering         1 1.0 7.0958e-02 1.9 0.00e+00 0.0 0.0e+00 0.0e+00 0.0e+00  0  0  0  0  0   0  0  0  0  0     0
MatIncreaseOvrlp       1 1.0 1.1861e-01 1.8 0.00e+00 0.0 0.0e+00 0.0e+00 1.0e+00  0  0  0  0  1   0  0  0  0  1     0
KSPSetUp               3 1.0 1.7139e+01 1.0 4.95e+12 1.4 7.2e+04 6.7e+04 3.8e+01 22 28 21 58 19  22 28 21 58 21 82077639
KSPSolve               1 1.0 2.5014e+01 1.0 1.26e+13 1.4 2.6e+05 1.2e+04 1.1e+02 33 72 77 38 55  33 72 77 38 60 143157674
KSPGMRESOrthog        60 1.0 1.5553e+00 2.9 8.21e+07 1.1 0.0e+00 0.0e+00 6.0e+01  1  0  0  0 30   1  0  0  0 33 16131
PCSetUp                1 1.0 1.9848e+01 1.0 4.95e+12 1.4 7.2e+04 6.7e+04 4.2e+01 26 28 21 58 21  26 28 21 58 23 70876117
PCSetUpOnBlocks       15 1.0 1.1144e+01 1.2 3.27e+08 1.2 0.0e+00 0.0e+00 0.0e+00 14  0  0  0  0  14  0  0  0  0  8721
PCApply                7 1.0 2.4332e+01 1.0 1.26e+13 1.4 2.5e+05 1.2e+04 9.4e+01 32 72 73 36 47  32 72 73 36 52 147164789
PCApplyOnBlocks       39 1.0 1.2739e+01 1.1 1.75e+13 1.4 0.0e+00 0.0e+00 0.0e+00 16100  0  0  0  16100  0  0  0 391464689
VecMDot               60 1.0 1.5152e+00 3.0 4.10e+07 1.1 0.0e+00 0.0e+00 6.0e+01  1  0  0  0 30   1  0  0  0 33  8279
VecNorm               69 1.0 2.1871e-0114.3 1.06e+07 1.1 0.0e+00 0.0e+00 6.9e+01  0  0  0  0 35   0  0  0  0 38 14811
VecScale              83 1.0 3.0480e-03 1.3 5.31e+06 1.1 0.0e+00 0.0e+00 0.0e+00  0  0  0  0  0   0  0  0  0  0 531386
VecCopy               83 1.0 2.4918e-02 1.5 0.00e+00 0.0 0.0e+00 0.0e+00 0.0e+00  0  0  0  0  0   0  0  0  0  0     0
VecSet               205 1.0 4.7487e-02 1.3 0.00e+00 0.0 0.0e+00 0.0e+00 0.0e+00  0  0  0  0  0   0  0  0  0  0     0
VecAXPY               16 1.0 5.7590e-03 2.2 3.60e+06 1.1 0.0e+00 0.0e+00 0.0e+00  0  0  0  0  0   0  0  0  0  0 191901
VecAYPX               42 1.0 1.9822e-02 1.8 9.32e+06 1.1 0.0e+00 0.0e+00 0.0e+00  0  0  0  0  0   0  0  0  0  0 145188
VecAXPBYCZ            14 1.0 1.2052e-02 2.6 1.16e+07 1.1 0.0e+00 0.0e+00 0.0e+00  0  0  0  0  0   0  0  0  0  0 298483
VecMAXPY              69 1.0 5.0156e-02 1.1 5.04e+07 1.1 0.0e+00 0.0e+00 0.0e+00  0  0  0  0  0   0  0  0  0  0 307006
VecScatterBegin      244 1.0 1.7601e+0020.7 0.00e+00 0.0 3.0e+05 9.4e+03 3.0e+00  1  0 88 35  2   1  0 88 35  2     0
VecScatterEnd        244 1.0 1.2511e+0080.0 4.06e+05 3.7 0.0e+00 0.0e+00 0.0e+00  1  0  0  0  0   1  0  0  0  0    77
VecNormalize          61 1.0 2.1621e-0116.5 1.19e+07 1.1 0.0e+00 0.0e+00 6.1e+01  0  0  0  0 31   0  0  0  0 34 16768
SFSetGraph             4 1.0 3.7051e-04 2.3 0.00e+00 0.0 0.0e+00 0.0e+00 0.0e+00  0  0  0  0  0   0  0  0  0  0     0
SFSetUp                4 1.0 1.6810e+00102.5 0.00e+00 0.0 1.1e+04 2.3e+03 3.0e+00  1  0  3  0  2   1  0  3  0  2     0
SFPack               244 1.0 6.6933e-03 4.3 0.00e+00 0.0 0.0e+00 0.0e+00 0.0e+00  0  0  0  0  0   0  0  0  0  0     0
SFUnpack             244 1.0 4.1798e-03 7.1 4.06e+05 3.7 0.0e+00 0.0e+00 0.0e+00  0  0  0  0  0   0  0  0  0  0 23164
------------------------------------------------------------------------------------------------------------------------

Memory usage is given in bytes:

Object Type          Creations   Destructions     Memory  Descendants' Mem.
Reports information only for process 0.

--- Event Stage 0: Main Stage

              Matrix    12             12    636391820     0.
       Krylov Solver     5              5        72264     0.
      Preconditioner     5              5         6024     0.
              Viewer     2              1          848     0.
              Vector    85             85     79896472     0.
           Index Set    15             15      4340000     0.
   IS L to G Mapping     1              1      1973480     0.
   Star Forest Graph    10             10        11376     0.
    Distributed Mesh     3              3        15144     0.
     Discrete System     3              3         2712     0.
           Weak Form     3              3         2472     0.
========================================================================================================================
Average time to get PetscTime(): 2.79e-08
Average time for MPI_Barrier(): 6.82742e-05
Average time for zero size MPI_Send(): 1.19055e-06
#PETSc Option Table entries:
-ksp_max_it 200
-ksp_monitor
-ksp_pc_side right
-ksp_type fgmres
-log_view
-m 801
-mg_coarse_ksp_converged_reason
-mg_coarse_ksp_monitor
-mg_coarse_ksp_pc_side right
-mg_coarse_ksp_type gmres
-mg_coarse_pc_type hypre
-mg_levels_pc_asm_type basic
-mg_levels_pc_type asm
-mg_levels_sub_pc_factor_mat_solver_type mumps
-mg_levels_sub_pc_type lu
-n 801
-nw
-pc_mg_type multiplicative
-pc_type mg
#End of PETSc Option Table entries
Compiled without FORTRAN kernels
Compiled with full precision matrices (default)
sizeof(short) 2 sizeof(int) 4 sizeof(long) 8 sizeof(void*) 8 sizeof(PetscScalar) 8 sizeof(PetscInt) 4
Configure options: --prefix=/home/a/asarkar/sudhipv/software/FreeFem-sources/install/ff-petsc/r MAKEFLAGS= --with-debugging=0 COPTFLAGS="-O3 -mtune=native" CXXOPTFLAGS="-O3 -mtune=native" FOPTFLAGS="-O3 -mtune=native" --with-cxx-dialect=C++11 --with-ssl=0 --with-x=0 --with-fortran-bindings=0 --with-cudac=0 --with-cc=/cvmfs/soft.computecanada.ca/easybuild/software/2020/avx512/Compiler/intel2020/openmpi/4.0.3/bin/mpicc --with-cxx=/cvmfs/soft.computecanada.ca/easybuild/software/2020/avx512/Compiler/intel2020/openmpi/4.0.3/bin/mpic++ --with-fc=/cvmfs/soft.computecanada.ca/easybuild/software/2020/avx512/Compiler/intel2020/openmpi/4.0.3/bin/mpif90 --with-scalar-type=real --with-blaslapack-include=/cvmfs/soft.computecanada.ca/easybuild/software/2020/Core/imkl/2020.1.217/mkl/include --with-blaslapack-lib="-Wl,-rpath,/cvmfs/soft.computecanada.ca/easybuild/software/2020/Core/imkl/2020.1.217/mkl/lib/intel64 -L/cvmfs/soft.computecanada.ca/easybuild/software/2020/Core/imkl/2020.1.217/mkl/lib/intel64 -lmkl_rt -lmkl_intel_thread -lmkl_core  -liomp5 -lpthread" --download-metis --download-ptscotch --download-hypre --download-parmetis --download-mmg --download-parmmg --download-superlu --download-suitesparse --download-tetgen --download-slepc --download-hpddm --download-scalapack --download-mumps --download-slepc-configure-arguments=--download-arpack=https://github.com/prj-/arpack-ng/archive/b64dccb.tar.gz PETSC_ARCH=fr
-----------------------------------------
Libraries compiled on 2021-05-02 15:39:49 on nia-login03.scinet.local 
Machine characteristics: Linux-3.10.0-957.27.2.el7.x86_64-x86_64-with-centos-7.6.1810-Core
Using PETSc directory: /home/a/asarkar/sudhipv/software/FreeFem-sources/install/ff-petsc/r
Using PETSc arch: 
-----------------------------------------

Using C compiler: /cvmfs/soft.computecanada.ca/easybuild/software/2020/avx512/Compiler/intel2020/openmpi/4.0.3/bin/mpicc  -fPIC -wd1572 -O3 -mtune=native   
Using Fortran compiler: /cvmfs/soft.computecanada.ca/easybuild/software/2020/avx512/Compiler/intel2020/openmpi/4.0.3/bin/mpif90  -fPIC -O3 -mtune=native     
-----------------------------------------

Using include paths: -I/home/a/asarkar/sudhipv/software/FreeFem-sources/install/ff-petsc/r/include -I/cvmfs/soft.computecanada.ca/easybuild/software/2020/Core/imkl/2020.1.217/mkl/include
-----------------------------------------

Using C linker: /cvmfs/soft.computecanada.ca/easybuild/software/2020/avx512/Compiler/intel2020/openmpi/4.0.3/bin/mpicc
Using Fortran linker: /cvmfs/soft.computecanada.ca/easybuild/software/2020/avx512/Compiler/intel2020/openmpi/4.0.3/bin/mpif90
Using libraries: -Wl,-rpath,/home/a/asarkar/sudhipv/software/FreeFem-sources/install/ff-petsc/r/lib -L/home/a/asarkar/sudhipv/software/FreeFem-sources/install/ff-petsc/r/lib -lpetsc -Wl,-rpath,/home/a/asarkar/sudhipv/software/FreeFem-sources/install/ff-petsc/r/lib -L/home/a/asarkar/sudhipv/software/FreeFem-sources/install/ff-petsc/r/lib -Wl,-rpath,/cvmfs/soft.computecanada.ca/easybuild/software/2020/Core/imkl/2020.1.217/mkl/lib/intel64 -L/cvmfs/soft.computecanada.ca/easybuild/software/2020/Core/imkl/2020.1.217/mkl/lib/intel64 -Wl,-rpath,/cvmfs/soft.computecanada.ca/easybuild/software/2020/avx512/Compiler/intel2020/openmpi/4.0.3/lib -L/cvmfs/soft.computecanada.ca/easybuild/software/2020/avx512/Compiler/intel2020/openmpi/4.0.3/lib -Wl,-rpath,/cvmfs/soft.computecanada.ca/easybuild/software/2020/avx512/Core/libfabric/1.10.1/lib -L/cvmfs/soft.computecanada.ca/easybuild/software/2020/avx512/Core/libfabric/1.10.1/lib -Wl,-rpath,/cvmfs/soft.computecanada.ca/easybuild/software/2020/avx512/Core/ucx/1.8.0/lib -L/cvmfs/soft.computecanada.ca/easybuild/software/2020/avx512/Core/ucx/1.8.0/lib -Wl,-rpath,/cvmfs/soft.computecanada.ca/easybuild/software/2020/Core/imkl/2020.1.217/lib/intel64 -L/cvmfs/soft.computecanada.ca/easybuild/software/2020/Core/imkl/2020.1.217/lib/intel64 -Wl,-rpath,/cvmfs/restricted.computecanada.ca/easybuild/software/2020/Core/intel/2020.1.217/compilers_and_libraries_2020.1.217/linux/tbb/lib/intel64/gcc4.8 -L/cvmfs/restricted.computecanada.ca/easybuild/software/2020/Core/intel/2020.1.217/compilers_and_libraries_2020.1.217/linux/tbb/lib/intel64/gcc4.8 -Wl,-rpath,/cvmfs/restricted.computecanada.ca/easybuild/software/2020/Core/intel/2020.1.217/compilers_and_libraries_2020.1.217/linux/compiler/lib/intel64_lin -L/cvmfs/restricted.computecanada.ca/easybuild/software/2020/Core/intel/2020.1.217/compilers_and_libraries_2020.1.217/linux/compiler/lib/intel64_lin -Wl,-rpath,/cvmfs/soft.computecanada.ca/easybuild/software/2020/avx512/Compiler/intel2020/openmpi/4.0.3/lib64 -L/cvmfs/soft.computecanada.ca/easybuild/software/2020/avx512/Compiler/intel2020/openmpi/4.0.3/lib64 -Wl,-rpath,/cvmfs/soft.computecanada.ca/easybuild/software/2020/Core/gcccore/9.3.0/lib/gcc/x86_64-pc-linux-gnu/9.3.0 -L/cvmfs/soft.computecanada.ca/easybuild/software/2020/Core/gcccore/9.3.0/lib/gcc/x86_64-pc-linux-gnu/9.3.0 -Wl,-rpath,/cvmfs/soft.computecanada.ca/easybuild/software/2020/Core/gcccore/9.3.0/lib64 -L/cvmfs/soft.computecanada.ca/easybuild/software/2020/Core/gcccore/9.3.0/lib64 -Wl,-rpath,/cvmfs/soft.computecanada.ca/gentoo/2020/lib64 -L/cvmfs/soft.computecanada.ca/gentoo/2020/lib64 -Wl,-rpath,/cvmfs/soft.computecanada.ca/gentoo/2020/usr/lib64 -L/cvmfs/soft.computecanada.ca/gentoo/2020/usr/lib64 -Wl,-rpath,/cvmfs/soft.computecanada.ca/easybuild/software/2020/Core/gcccore/9.3.0/lib -L/cvmfs/soft.computecanada.ca/easybuild/software/2020/Core/gcccore/9.3.0/lib -Wl,-rpath,/cvmfs/soft.computecanada.ca/gentoo/2020/lib -L/cvmfs/soft.computecanada.ca/gentoo/2020/lib -Wl,-rpath,/cvmfs/soft.computecanada.ca/gentoo/2020/usr/lib -L/cvmfs/soft.computecanada.ca/gentoo/2020/usr/lib -lHYPRE -lcmumps -ldmumps -lsmumps -lzmumps -lmumps_common -lpord -lscalapack -lumfpack -lklu -lcholmod -lbtf -lccolamd -lcolamd -lcamd -lamd -lsuitesparseconfig -lsuperlu -lmkl_rt -lmkl_intel_thread -lmkl_core -liomp5 -lpthread -lparmmg -lmmg -lmmg3d -lptesmumps -lptscotchparmetis -lptscotch -lptscotcherr -lesmumps -lscotch -lscotcherr -lpthread -lparmetis -lmetis -ltet -lstdc++ -ldl -lmpi_usempif08 -lmpi_usempi_ignore_tkr -lmpi_mpifh -lmpi -lifport -lifcoremt_pic -limf -lsvml -lm -lipgo -lirc -lpthread -lgcc_s -lirc_s -lrt -lquadmath -lstdc++ -ldl
-----------------------------------------


scontrol show jobid 8458390
JobId=8458390 JobName=LP_strong_320
   UserId=sudhipv(3061414) GroupId=asarkar(6001189) MCS_label=N/A
   Priority=1578924 Nice=0 Account=def-asarkar QOS=normal
   JobState=COMPLETED Reason=None Dependency=(null)
   Requeue=0 Restarts=0 BatchFlag=1 Reboot=0 ExitCode=0:0
   RunTime=00:01:41 TimeLimit=00:30:00 TimeMin=N/A
   SubmitTime=2022-11-21T17:30:33 EligibleTime=2022-11-21T17:30:33
   AccrueTime=2022-11-21T17:30:33
   StartTime=2022-11-21T17:47:01 EndTime=2022-11-21T17:48:42 Deadline=N/A
   SuspendTime=None SecsPreSuspend=0 LastSchedEval=2022-11-21T17:47:01 Scheduler=Backfill
   Partition=compute AllocNode:Sid=nia-login05:231887
   ReqNodeList=(null) ExcNodeList=(null)
   NodeList=nia[0137,0553,0831,1049,1099,1123,1165,1226]
   BatchHost=nia0137
   NumNodes=8 NumCPUs=640 NumTasks=320 CPUs/Task=1 ReqB:S:C:T=0:0:*:*
   TRES=cpu=640,mem=1400000M,node=8,billing=320
   Socks/Node=* NtasksPerN:B:S:C=40:0:*:* CoreSpec=*
   MinCPUsNode=40 MinMemoryNode=175000M MinTmpDiskNode=0
   Features=[skylake|cascade] DelayBoot=00:00:00
   OverSubscribe=NO Contiguous=0 Licenses=(null) Network=(null)
   Command=/gpfs/fs0/scratch/a/asarkar/sudhipv/poisson_hpc/stochastic/process_L/poisson_strong/runff_niagara.sh
   WorkDir=/gpfs/fs0/scratch/a/asarkar/sudhipv/poisson_hpc/stochastic/process_L/poisson_strong
   Comment=/opt/slurm/bin/sbatch --export=NONE runff_niagara.sh 
   StdErr=/gpfs/fs0/scratch/a/asarkar/sudhipv/poisson_hpc/stochastic/process_L/poisson_strong/LP_strong_320-8458390.out
   StdIn=/dev/null
   StdOut=/gpfs/fs0/scratch/a/asarkar/sudhipv/poisson_hpc/stochastic/process_L/poisson_strong/LP_strong_320-8458390.out
   Power=
   MailUser=sudhipv@cmail.carleton.ca MailType=INVALID_DEPEND,BEGIN,END,FAIL,REQUEUE,STAGE_OUT
   

sacct -j 8458390
JobID           JobName    Account    Elapsed  MaxVMSize     MaxRSS  SystemCPU    UserCPU ExitCode 
------------ ---------- ---------- ---------- ---------- ---------- ---------- ---------- -------- 
8458390      LP_strong+ def-asark+   00:01:41                        16:08.723   06:30:17      0:0 
8458390.bat+      batch def-asark+   00:01:41 153362940K 117106964K  02:03.164  48:46.061      0:0 
8458390.ext+     extern def-asark+   00:01:43    142384K      1128K  00:00.002  00:00.004      0:0 
8458390.0         orted def-asark+   00:01:29 153260640K 117497708K  14:05.556   05:41:31      0:0 
