
The following have been reloaded with a version change:
  1) mii/1.1.1 => mii/1.1.2

/cvmfs/soft.computecanada.ca/easybuild/software/2020/avx512/Compiler/intel2020/openmpi/4.0.3/bin/mpiexec
/cvmfs/soft.computecanada.ca/easybuild/software/2020/avx512/Compiler/intel2020/openmpi/4.0.3/bin/mpirun
2	
	-111111	  4	
number of random variable  3
order of input  2
order of output  3
Number of input PC   10
Number of output PC  20
Mean of Gaussian  0
Sd of Gaussian  0.3
Size of linear System  3.21602e+06
sindex is 25 2	
	   1   1
	   1   2
	   2   1
	   2   2
	   1   3
	   3   1
	   2   3
	   3   2
	   1   4
	   4   1
	   3   3
	   2   4
	   4   2
	   3   4
	   4   3
	   1   5
	   5   1
	   2   5
	   5   2
	   4   4
	   3   5
	   5   3
	   1   6
	   6   1
	   2   6
	
mindex for file ./kledata/Tijkl/multiIndex_O3_D3.dat is 20 3	
	   0   0   0
	   1   0   0
	   0   1   0
	   0   0   1
	   2   0   0
	   1   1   0
	   1   0   1
	   0   2   0
	   0   1   1
	   0   0   2
	   3   0   0
	   2   1   0
	   2   0   1
	   1   2   0
	   1   1   1
	   1   0   2
	   0   3   0
	   0   2   1
	   0   1   2
	   0   0   3
	
Finished generating log normal input coefficients for rank 0
Assembly time for picard iteration 0 is 183.248
Exited Assembling for rank0
Starting solve for rank 0
  0 KSP Residual norm 2.493750000000e-03 
  1 KSP Residual norm 1.840304713888e-03 
  2 KSP Residual norm 3.804581637252e-04 
  3 KSP Residual norm 6.242483074264e-05 
  4 KSP Residual norm 1.075918981555e-05 
  5 KSP Residual norm 1.726746170997e-06 
  6 KSP Residual norm 2.585580905225e-07 
  7 KSP Residual norm 3.729267145556e-08 
  8 KSP Residual norm 5.213570237207e-09 
iteration 0     0.982392
time for 1 Picard Iteration 188.662
Assembly time for picard iteration 1 is 183.196
Exited Assembling for rank0
Starting solve for rank 0
  0 KSP Residual norm 2.493750000000e-03 
  1 KSP Residual norm 1.868332262347e-03 
  2 KSP Residual norm 3.626630290367e-04 
  3 KSP Residual norm 5.812120719859e-05 
  4 KSP Residual norm 9.044485496140e-06 
  5 KSP Residual norm 1.212259266770e-06 
  6 KSP Residual norm 1.402595593255e-07 
  7 KSP Residual norm 1.671873942416e-08 
iteration 1     0.97007
time for 1 Picard Iteration 187.564
Assembly time for picard iteration 2 is 180.696
Exited Assembling for rank0
Starting solve for rank 0
  0 KSP Residual norm 2.493750000000e-03 
  1 KSP Residual norm 1.880159982304e-03 
  2 KSP Residual norm 3.485309957480e-04 
  3 KSP Residual norm 5.712643149568e-05 
  4 KSP Residual norm 9.688884138898e-06 
  5 KSP Residual norm 1.431420609957e-06 
  6 KSP Residual norm 1.708820255019e-07 
  7 KSP Residual norm 2.101923805987e-08 
iteration 2     0.0149727
time for 1 Picard Iteration 184.93
Assembly time for picard iteration 3 is 181.831
Exited Assembling for rank0
Starting solve for rank 0
  0 KSP Residual norm 2.493750000000e-03 
  1 KSP Residual norm 1.877058893416e-03 
  2 KSP Residual norm 3.874320796128e-04 
  3 KSP Residual norm 5.870019966841e-05 
  4 KSP Residual norm 9.077104319104e-06 
  5 KSP Residual norm 1.399898503372e-06 
  6 KSP Residual norm 1.805760636060e-07 
  7 KSP Residual norm 2.146710462484e-08 
iteration 3     0.000354688
time for 1 Picard Iteration 186.081
Assembly time for picard iteration 4 is 179.476
Exited Assembling for rank0
Starting solve for rank 0
  0 KSP Residual norm 2.493750000000e-03 
  1 KSP Residual norm 1.877179444579e-03 
  2 KSP Residual norm 3.572898331943e-04 
  3 KSP Residual norm 5.498373212134e-05 
  4 KSP Residual norm 8.925053886697e-06 
  5 KSP Residual norm 1.280683090333e-06 
  6 KSP Residual norm 1.698933052348e-07 
  7 KSP Residual norm 2.699053674786e-08 
  8 KSP Residual norm 3.920628561807e-09 
iteration 4     6.89424e-06
time for 1 Picard Iteration 183.924
Assembly time for picard iteration 5 is 181.788
Exited Assembling for rank0
Starting solve for rank 0
  0 KSP Residual norm 2.493750000000e-03 
  1 KSP Residual norm 1.872016049728e-03 
  2 KSP Residual norm 3.778722611689e-04 
  3 KSP Residual norm 6.151371251101e-05 
  4 KSP Residual norm 1.036786119764e-05 
  5 KSP Residual norm 1.627171569859e-06 
  6 KSP Residual norm 2.245763089231e-07 
  7 KSP Residual norm 3.124557033259e-08 
  8 KSP Residual norm 4.091162008377e-09 
iteration 5     2.13644e-07
time for 1 Picard Iteration 186.296
Finished Picard Loop
time taken for solve is1118.62
************************************************************************************************************************
***             WIDEN YOUR WINDOW TO 120 CHARACTERS.  Use 'enscript -r -fCourier9' to print this document            ***
************************************************************************************************************************

---------------------------------------------- PETSc Performance Summary: ----------------------------------------------

/home/a/asarkar/sudhipv/software/FreeFem-sources/src/mpi/FreeFem++-mpi on a  named nia1407.scinet.local with 80 processors, by sudhipv Sat Dec 10 12:17:46 2022
Using Petsc Release Version 3.15.0, Mar 30, 2021 

                         Max       Max/Min     Avg       Total
Time (sec):           1.119e+03     1.000   1.119e+03
Objects:              7.000e+01     1.000   7.000e+01
Flop:                 5.760e+08     1.132   5.444e+08  4.355e+10
Flop/sec:             5.146e+05     1.132   4.864e+05  3.891e+07
MPI Messages:         4.400e+02     4.000   2.805e+02  2.244e+04
MPI Message Lengths:  2.411e+06     2.916   6.794e+03  1.525e+08
MPI Reductions:       1.940e+02     1.000

Flop counting convention: 1 flop = 1 real number operation of type (multiply/divide/add/subtract)
                            e.g., VecAXPY() for real vectors of length N --> 2N flop
                            and VecAXPY() for complex vectors of length N --> 8N flop

Summary of Stages:   ----- Time ------  ----- Flop ------  --- Messages ---  -- Message Lengths --  -- Reductions --
                        Avg     %Total     Avg     %Total    Count   %Total     Avg         %Total    Count   %Total
 0:      Main Stage: 1.1192e+03 100.0%  4.3552e+10 100.0%  2.244e+04 100.0%  6.794e+03      100.0%  1.760e+02  90.7%

------------------------------------------------------------------------------------------------------------------------
See the 'Profiling' chapter of the users' manual for details on interpreting output.
Phase summary info:
   Count: number of times phase was executed
   Time and Flop: Max - maximum over all processors
                  Ratio - ratio of maximum to minimum over all processors
   Mess: number of messages sent
   AvgLen: average message length (bytes)
   Reduct: number of global reductions
   Global: entire computation
   Stage: stages of a computation. Set stages with PetscLogStagePush() and PetscLogStagePop().
      %T - percent time in this phase         %F - percent flop in this phase
      %M - percent messages in this phase     %L - percent message lengths in this phase
      %R - percent reductions in this phase
   Total Mflop/s: 10e-6 * (sum of flop over all processors)/(max time over all processors)
------------------------------------------------------------------------------------------------------------------------
Event                Count      Time (sec)     Flop                              --- Global ---  --- Stage ----  Total
                   Max Ratio  Max     Ratio   Max  Ratio  Mess   AvgLen  Reduct  %T %F %M %L %R  %T %F %M %L %R Mflop/s
------------------------------------------------------------------------------------------------------------------------

--- Event Stage 0: Main Stage

BuildTwoSided          7 1.0 8.5671e+01408.7 0.00e+00 0.0 4.1e+02 4.0e+00 7.0e+00  4  0  2  0  4   4  0  2  0  4     0
BuildTwoSidedF         6 1.0 8.5649e+01447.7 0.00e+00 0.0 0.0e+00 0.0e+00 6.0e+00  4  0  0  0  3   4  0  0  0  3     0
MatMult               45 1.0 9.9955e-01 1.2 5.33e+08 1.1 1.9e+04 5.1e+03 1.0e+00  0 92 85 64  1   0 92 85 64  1 40280
MatConvert             6 1.0 1.2436e+00 1.6 0.00e+00 0.0 0.0e+00 0.0e+00 2.4e+01  0  0  0  0 12   0  0  0  0 14     0
MatAssemblyBegin      13 1.0 8.5650e+01446.5 0.00e+00 0.0 0.0e+00 0.0e+00 6.0e+00  4  0  0  0  3   4  0  0  0  3     0
MatAssemblyEnd        13 1.0 2.1492e+0155.5 0.00e+00 0.0 0.0e+00 0.0e+00 2.8e+01  1  0  0  0 14   1  0  0  0 16     0
MatGetRowIJ           12 1.0 7.6372e-05 8.6 0.00e+00 0.0 0.0e+00 0.0e+00 0.0e+00  0  0  0  0  0   0  0  0  0  0     0
MatZeroEntries         5 1.0 4.7684e-02 1.4 0.00e+00 0.0 0.0e+00 0.0e+00 0.0e+00  0  0  0  0  0   0  0  0  0  0     0
KSPSetUp               6 1.0 7.7953e-0265.7 0.00e+00 0.0 0.0e+00 0.0e+00 2.0e+00  0  0  0  0  1   0  0  0  0  1     0
KSPSolve               6 1.0 1.3104e+01 1.0 5.76e+08 1.1 1.9e+04 5.1e+03 9.7e+01  1100 85 64 50   1100 85 64 55  3324
KSPGMRESOrthog        45 1.0 5.0851e-01 4.9 3.26e+07 1.1 0.0e+00 0.0e+00 4.5e+01  0  6  0  0 23   0  6  0  0 26  4857
PCSetUp                6 1.0 1.3994e+01 1.0 0.00e+00 0.0 0.0e+00 0.0e+00 2.4e+01  1  0  0  0 12   1  0  0  0 14     0
PCApply               51 1.0 1.1548e+01 1.0 0.00e+00 0.0 0.0e+00 0.0e+00 0.0e+00  1  0  0  0  0   1  0  0  0  0     0
VecMDot               45 1.0 4.9590e-01 5.4 1.63e+07 1.1 0.0e+00 0.0e+00 4.5e+01  0  3  0  0 23   0  3  0  0 26  2490
VecNorm               51 1.0 5.2480e-01 1.0 4.33e+06 1.1 0.0e+00 0.0e+00 5.1e+01  0  1  0  0 26   0  1  0  0 29   625
VecScale              51 1.0 1.6706e-03 2.7 2.16e+06 1.1 0.0e+00 0.0e+00 0.0e+00  0  0  0  0  0   0  0  0  0  0 98176
VecCopy               18 1.0 2.7800e-03 2.6 0.00e+00 0.0 0.0e+00 0.0e+00 0.0e+00  0  0  0  0  0   0  0  0  0  0     0
VecSet                64 1.0 5.7563e-03 1.4 0.00e+00 0.0 0.0e+00 0.0e+00 0.0e+00  0  0  0  0  0   0  0  0  0  0     0
VecAXPY                6 1.0 3.8182e-02 1.1 5.09e+05 1.1 0.0e+00 0.0e+00 0.0e+00  0  0  0  0  0   0  0  0  0  0  1011
VecMAXPY              51 1.0 1.4847e-02 1.2 2.01e+07 1.1 0.0e+00 0.0e+00 0.0e+00  0  4  0  0  0   0  4  0  0  0 102675
VecScatterBegin       45 1.0 2.3963e-02 6.7 0.00e+00 0.0 1.9e+04 5.1e+03 1.0e+00  0  0 85 64  1   0  0 85 64  1     0
VecScatterEnd         45 1.0 1.7479e-01183.8 0.00e+00 0.0 0.0e+00 0.0e+00 0.0e+00  0  0  0  0  0   0  0  0  0  0     0
VecNormalize          51 1.0 5.2633e-01 1.0 6.49e+06 1.1 0.0e+00 0.0e+00 5.1e+01  0  1  0  0 26   0  1  0  0 29   935
SFSetGraph             1 1.0 4.6090e-06 2.3 0.00e+00 0.0 0.0e+00 0.0e+00 0.0e+00  0  0  0  0  0   0  0  0  0  0     0
SFSetUp                1 1.0 2.1837e-0238.6 0.00e+00 0.0 8.2e+02 1.3e+03 1.0e+00  0  0  4  1  1   0  0  4  1  1     0
SFPack                45 1.0 1.5301e-03 3.7 0.00e+00 0.0 0.0e+00 0.0e+00 0.0e+00  0  0  0  0  0   0  0  0  0  0     0
SFUnpack              45 1.0 5.8409e-05 6.7 0.00e+00 0.0 0.0e+00 0.0e+00 0.0e+00  0  0  0  0  0   0  0  0  0  0     0
------------------------------------------------------------------------------------------------------------------------

Memory usage is given in bytes:

Object Type          Creations   Destructions     Memory  Descendants' Mem.
Reports information only for process 0.

--- Event Stage 0: Main Stage

              Matrix    10             10     72056428     0.
       Krylov Solver     1              1        18856     0.
      Preconditioner     1              1         1496     0.
              Viewer     2              1          848     0.
              Vector    42             42      8817136     0.
           Index Set     8              8      1091544     0.
   Star Forest Graph     3              3         3384     0.
    Distributed Mesh     1              1         5048     0.
     Discrete System     1              1          904     0.
           Weak Form     1              1          824     0.
========================================================================================================================
Average time to get PetscTime(): 3.1e-08
Average time for MPI_Barrier(): 5.87068e-05
Average time for zero size MPI_Send(): 1.16773e-06
#PETSc Option Table entries:
-ksp_max_it 200
-ksp_monitor
-ksp_pc_side right
-ksp_type gmres
-log_view
-m 400
-n 400
-nw
-pc_type hypre
#End of PETSc Option Table entries
Compiled without FORTRAN kernels
Compiled with full precision matrices (default)
sizeof(short) 2 sizeof(int) 4 sizeof(long) 8 sizeof(void*) 8 sizeof(PetscScalar) 8 sizeof(PetscInt) 4
Configure options: --prefix=/home/a/asarkar/sudhipv/software/FreeFem-sources/install/ff-petsc/r MAKEFLAGS= --with-debugging=0 COPTFLAGS="-O3 -mtune=native" CXXOPTFLAGS="-O3 -mtune=native" FOPTFLAGS="-O3 -mtune=native" --with-cxx-dialect=C++11 --with-ssl=0 --with-x=0 --with-fortran-bindings=0 --with-cudac=0 --with-cc=/cvmfs/soft.computecanada.ca/easybuild/software/2020/avx512/Compiler/intel2020/openmpi/4.0.3/bin/mpicc --with-cxx=/cvmfs/soft.computecanada.ca/easybuild/software/2020/avx512/Compiler/intel2020/openmpi/4.0.3/bin/mpic++ --with-fc=/cvmfs/soft.computecanada.ca/easybuild/software/2020/avx512/Compiler/intel2020/openmpi/4.0.3/bin/mpif90 --with-scalar-type=real --with-blaslapack-include=/cvmfs/soft.computecanada.ca/easybuild/software/2020/Core/imkl/2020.1.217/mkl/include --with-blaslapack-lib="-Wl,-rpath,/cvmfs/soft.computecanada.ca/easybuild/software/2020/Core/imkl/2020.1.217/mkl/lib/intel64 -L/cvmfs/soft.computecanada.ca/easybuild/software/2020/Core/imkl/2020.1.217/mkl/lib/intel64 -lmkl_rt -lmkl_intel_thread -lmkl_core  -liomp5 -lpthread" --download-metis --download-ptscotch --download-hypre --download-parmetis --download-mmg --download-parmmg --download-superlu --download-suitesparse --download-tetgen --download-slepc --download-hpddm --download-scalapack --download-mumps --download-slepc-configure-arguments=--download-arpack=https://github.com/prj-/arpack-ng/archive/b64dccb.tar.gz PETSC_ARCH=fr
-----------------------------------------
Libraries compiled on 2021-05-02 15:39:49 on nia-login03.scinet.local 
Machine characteristics: Linux-3.10.0-957.27.2.el7.x86_64-x86_64-with-centos-7.6.1810-Core
Using PETSc directory: /home/a/asarkar/sudhipv/software/FreeFem-sources/install/ff-petsc/r
Using PETSc arch: 
-----------------------------------------

Using C compiler: /cvmfs/soft.computecanada.ca/easybuild/software/2020/avx512/Compiler/intel2020/openmpi/4.0.3/bin/mpicc  -fPIC -wd1572 -O3 -mtune=native   
Using Fortran compiler: /cvmfs/soft.computecanada.ca/easybuild/software/2020/avx512/Compiler/intel2020/openmpi/4.0.3/bin/mpif90  -fPIC -O3 -mtune=native     
-----------------------------------------

Using include paths: -I/home/a/asarkar/sudhipv/software/FreeFem-sources/install/ff-petsc/r/include -I/cvmfs/soft.computecanada.ca/easybuild/software/2020/Core/imkl/2020.1.217/mkl/include
-----------------------------------------

Using C linker: /cvmfs/soft.computecanada.ca/easybuild/software/2020/avx512/Compiler/intel2020/openmpi/4.0.3/bin/mpicc
Using Fortran linker: /cvmfs/soft.computecanada.ca/easybuild/software/2020/avx512/Compiler/intel2020/openmpi/4.0.3/bin/mpif90
Using libraries: -Wl,-rpath,/home/a/asarkar/sudhipv/software/FreeFem-sources/install/ff-petsc/r/lib -L/home/a/asarkar/sudhipv/software/FreeFem-sources/install/ff-petsc/r/lib -lpetsc -Wl,-rpath,/home/a/asarkar/sudhipv/software/FreeFem-sources/install/ff-petsc/r/lib -L/home/a/asarkar/sudhipv/software/FreeFem-sources/install/ff-petsc/r/lib -Wl,-rpath,/cvmfs/soft.computecanada.ca/easybuild/software/2020/Core/imkl/2020.1.217/mkl/lib/intel64 -L/cvmfs/soft.computecanada.ca/easybuild/software/2020/Core/imkl/2020.1.217/mkl/lib/intel64 -Wl,-rpath,/cvmfs/soft.computecanada.ca/easybuild/software/2020/avx512/Compiler/intel2020/openmpi/4.0.3/lib -L/cvmfs/soft.computecanada.ca/easybuild/software/2020/avx512/Compiler/intel2020/openmpi/4.0.3/lib -Wl,-rpath,/cvmfs/soft.computecanada.ca/easybuild/software/2020/avx512/Core/libfabric/1.10.1/lib -L/cvmfs/soft.computecanada.ca/easybuild/software/2020/avx512/Core/libfabric/1.10.1/lib -Wl,-rpath,/cvmfs/soft.computecanada.ca/easybuild/software/2020/avx512/Core/ucx/1.8.0/lib -L/cvmfs/soft.computecanada.ca/easybuild/software/2020/avx512/Core/ucx/1.8.0/lib -Wl,-rpath,/cvmfs/soft.computecanada.ca/easybuild/software/2020/Core/imkl/2020.1.217/lib/intel64 -L/cvmfs/soft.computecanada.ca/easybuild/software/2020/Core/imkl/2020.1.217/lib/intel64 -Wl,-rpath,/cvmfs/restricted.computecanada.ca/easybuild/software/2020/Core/intel/2020.1.217/compilers_and_libraries_2020.1.217/linux/tbb/lib/intel64/gcc4.8 -L/cvmfs/restricted.computecanada.ca/easybuild/software/2020/Core/intel/2020.1.217/compilers_and_libraries_2020.1.217/linux/tbb/lib/intel64/gcc4.8 -Wl,-rpath,/cvmfs/restricted.computecanada.ca/easybuild/software/2020/Core/intel/2020.1.217/compilers_and_libraries_2020.1.217/linux/compiler/lib/intel64_lin -L/cvmfs/restricted.computecanada.ca/easybuild/software/2020/Core/intel/2020.1.217/compilers_and_libraries_2020.1.217/linux/compiler/lib/intel64_lin -Wl,-rpath,/cvmfs/soft.computecanada.ca/easybuild/software/2020/avx512/Compiler/intel2020/openmpi/4.0.3/lib64 -L/cvmfs/soft.computecanada.ca/easybuild/software/2020/avx512/Compiler/intel2020/openmpi/4.0.3/lib64 -Wl,-rpath,/cvmfs/soft.computecanada.ca/easybuild/software/2020/Core/gcccore/9.3.0/lib/gcc/x86_64-pc-linux-gnu/9.3.0 -L/cvmfs/soft.computecanada.ca/easybuild/software/2020/Core/gcccore/9.3.0/lib/gcc/x86_64-pc-linux-gnu/9.3.0 -Wl,-rpath,/cvmfs/soft.computecanada.ca/easybuild/software/2020/Core/gcccore/9.3.0/lib64 -L/cvmfs/soft.computecanada.ca/easybuild/software/2020/Core/gcccore/9.3.0/lib64 -Wl,-rpath,/cvmfs/soft.computecanada.ca/gentoo/2020/lib64 -L/cvmfs/soft.computecanada.ca/gentoo/2020/lib64 -Wl,-rpath,/cvmfs/soft.computecanada.ca/gentoo/2020/usr/lib64 -L/cvmfs/soft.computecanada.ca/gentoo/2020/usr/lib64 -Wl,-rpath,/cvmfs/soft.computecanada.ca/easybuild/software/2020/Core/gcccore/9.3.0/lib -L/cvmfs/soft.computecanada.ca/easybuild/software/2020/Core/gcccore/9.3.0/lib -Wl,-rpath,/cvmfs/soft.computecanada.ca/gentoo/2020/lib -L/cvmfs/soft.computecanada.ca/gentoo/2020/lib -Wl,-rpath,/cvmfs/soft.computecanada.ca/gentoo/2020/usr/lib -L/cvmfs/soft.computecanada.ca/gentoo/2020/usr/lib -lHYPRE -lcmumps -ldmumps -lsmumps -lzmumps -lmumps_common -lpord -lscalapack -lumfpack -lklu -lcholmod -lbtf -lccolamd -lcolamd -lcamd -lamd -lsuitesparseconfig -lsuperlu -lmkl_rt -lmkl_intel_thread -lmkl_core -liomp5 -lpthread -lparmmg -lmmg -lmmg3d -lptesmumps -lptscotchparmetis -lptscotch -lptscotcherr -lesmumps -lscotch -lscotcherr -lpthread -lparmetis -lmetis -ltet -lstdc++ -ldl -lmpi_usempif08 -lmpi_usempi_ignore_tkr -lmpi_mpifh -lmpi -lifport -lifcoremt_pic -limf -lsvml -lm -lipgo -lirc -lpthread -lgcc_s -lirc_s -lrt -lquadmath -lstdc++ -ldl
-----------------------------------------


scontrol show jobid 8558220
JobId=8558220 JobName=NL_AMG_weak_80
   UserId=sudhipv(3061414) GroupId=asarkar(6001189) MCS_label=N/A
   Priority=905195 Nice=0 Account=def-asarkar QOS=normal
   JobState=COMPLETED Reason=None Dependency=(null)
   Requeue=0 Restarts=0 BatchFlag=1 Reboot=0 ExitCode=0:0
   RunTime=00:19:08 TimeLimit=00:30:00 TimeMin=N/A
   SubmitTime=2022-12-10T11:57:51 EligibleTime=2022-12-10T11:57:51
   AccrueTime=2022-12-10T11:57:51
   StartTime=2022-12-10T11:58:40 EndTime=2022-12-10T12:17:48 Deadline=N/A
   SuspendTime=None SecsPreSuspend=0 LastSchedEval=2022-12-10T11:58:40 Scheduler=Backfill
   Partition=compute AllocNode:Sid=nia-login06:220651
   ReqNodeList=(null) ExcNodeList=(null)
   NodeList=nia[1407,1473]
   BatchHost=nia1407
   NumNodes=2 NumCPUs=160 NumTasks=80 CPUs/Task=1 ReqB:S:C:T=0:0:*:*
   TRES=cpu=160,mem=350000M,node=2,billing=80
   Socks/Node=* NtasksPerN:B:S:C=40:0:*:* CoreSpec=*
   MinCPUsNode=40 MinMemoryNode=175000M MinTmpDiskNode=0
   Features=[skylake|cascade] DelayBoot=00:00:00
   OverSubscribe=NO Contiguous=0 Licenses=(null) Network=(null)
   Command=/gpfs/fs0/scratch/a/asarkar/sudhipv/poisson_hpc/stochastic/process_NL/AMG/runff_niagara.sh
   WorkDir=/gpfs/fs0/scratch/a/asarkar/sudhipv/poisson_hpc/stochastic/process_NL/AMG
   Comment=/opt/slurm/bin/sbatch --export=NONE runff_niagara.sh 
   StdErr=/gpfs/fs0/scratch/a/asarkar/sudhipv/poisson_hpc/stochastic/process_NL/AMG/NL_AMG_weak_80-8558220.out
   StdIn=/dev/null
   StdOut=/gpfs/fs0/scratch/a/asarkar/sudhipv/poisson_hpc/stochastic/process_NL/AMG/NL_AMG_weak_80-8558220.out
   Power=
   MailUser=sudhipv@cmail.carleton.ca MailType=INVALID_DEPEND,BEGIN,END,FAIL,REQUEUE,STAGE_OUT
   

sacct -j 8558220
JobID           JobName    Account    Elapsed  MaxVMSize     MaxRSS  SystemCPU    UserCPU ExitCode 
------------ ---------- ---------- ---------- ---------- ---------- ---------- ---------- -------- 
8558220      NL_AMG_we+ def-asark+   00:19:08                        03:52.569 1-00:44:39      0:0 
8558220.bat+      batch def-asark+   00:19:08  49129764K  25388720K  01:43.775   12:22:27      0:0 
8558220.ext+     extern def-asark+   00:19:09    142384K      1136K   00:00:00   00:00:00      0:0 
8558220.0         orted def-asark+   00:18:52  48129020K  24894392K  02:08.793   12:22:11      0:0 
