
The following have been reloaded with a version change:
  1) mii/1.1.1 => mii/1.1.2

/cvmfs/soft.computecanada.ca/easybuild/software/2020/avx512/Compiler/intel2020/openmpi/4.0.3/bin/mpiexec
/cvmfs/soft.computecanada.ca/easybuild/software/2020/avx512/Compiler/intel2020/openmpi/4.0.3/bin/mpirun
1	
	-111111	
number of random variable  3
order of input  2
order of output  3
Number of input PC   10
Number of output PC  20
Mean of Gaussian  0
Sd of Gaussian  0.3
Size of linear System  2.56738e+07
sindex is 25 2	
	   1   1
	   1   2
	   2   1
	   2   2
	   1   3
	   3   1
	   2   3
	   3   2
	   1   4
	   4   1
	   3   3
	   2   4
	   4   2
	   3   4
	   4   3
	   1   5
	   5   1
	   2   5
	   5   2
	   4   4
	   3   5
	   5   3
	   1   6
	   6   1
	   2   6
	
mindex for file ./kledata/Tijkl/multiIndex_O3_D3.dat is 20 3	
	   0   0   0
	   1   0   0
	   0   1   0
	   0   0   1
	   2   0   0
	   1   1   0
	   1   0   1
	   0   2   0
	   0   1   1
	   0   0   2
	   3   0   0
	   2   1   0
	   2   0   1
	   1   2   0
	   1   1   1
	   1   0   2
	   0   3   0
	   0   2   1
	   0   1   2
	   0   0   3
	
Finished generating log normal input coefficients for rank 0
Assembly time for picard iteration 0 is 183.407
Exited Assembling for rank0
Starting solve for rank 0
  0 KSP Residual norm 8.826118443232e-04 
  1 KSP Residual norm 8.287738343667e-04 
  2 KSP Residual norm 3.760349061435e-04 
  3 KSP Residual norm 9.633083475656e-05 
  4 KSP Residual norm 2.315631293360e-05 
  5 KSP Residual norm 5.026267919126e-06 
  6 KSP Residual norm 9.702807692262e-07 
  7 KSP Residual norm 1.844587961555e-07 
  8 KSP Residual norm 3.499944511152e-08 
  9 KSP Residual norm 6.665108852889e-09 
iteration 0     0.982334
time for 1 Picard Iteration 189.852
Assembly time for picard iteration 1 is 183.66
Exited Assembling for rank0
Starting solve for rank 0
  0 KSP Residual norm 8.826118443232e-04 
  1 KSP Residual norm 8.394090021738e-04 
  2 KSP Residual norm 3.653779213759e-04 
  3 KSP Residual norm 8.078602110111e-05 
  4 KSP Residual norm 1.791305513418e-05 
  5 KSP Residual norm 3.987238141860e-06 
  6 KSP Residual norm 7.815944015013e-07 
  7 KSP Residual norm 1.492432199161e-07 
  8 KSP Residual norm 2.943313701954e-08 
  9 KSP Residual norm 5.629304812780e-09 
iteration 1     0.97007
time for 1 Picard Iteration 189.361
Assembly time for picard iteration 2 is 183.576
Exited Assembling for rank0
Starting solve for rank 0
  0 KSP Residual norm 8.826118443232e-04 
  1 KSP Residual norm 8.382910999037e-04 
  2 KSP Residual norm 3.634136708265e-04 
  3 KSP Residual norm 8.108149696603e-05 
  4 KSP Residual norm 1.792253574941e-05 
  5 KSP Residual norm 3.960746583054e-06 
  6 KSP Residual norm 7.494965565863e-07 
  7 KSP Residual norm 1.261369619974e-07 
  8 KSP Residual norm 2.282458124905e-08 
  9 KSP Residual norm 4.151116074924e-09 
iteration 2     0.0149729
time for 1 Picard Iteration 189.278
Assembly time for picard iteration 3 is 183.627
Exited Assembling for rank0
Starting solve for rank 0
  0 KSP Residual norm 8.826118443232e-04 
  1 KSP Residual norm 8.393492001140e-04 
  2 KSP Residual norm 3.666754272850e-04 
  3 KSP Residual norm 8.212714892484e-05 
  4 KSP Residual norm 1.806186075302e-05 
  5 KSP Residual norm 3.841991266680e-06 
  6 KSP Residual norm 7.214990768379e-07 
  7 KSP Residual norm 1.301231606510e-07 
  8 KSP Residual norm 2.580285298754e-08 
  9 KSP Residual norm 4.931031428879e-09 
iteration 3     0.000354702
time for 1 Picard Iteration 189.171
Assembly time for picard iteration 4 is 183.924
Exited Assembling for rank0
Starting solve for rank 0
  0 KSP Residual norm 8.826118443232e-04 
  1 KSP Residual norm 8.384823032396e-04 
  2 KSP Residual norm 3.797151735747e-04 
  3 KSP Residual norm 8.478354686996e-05 
  4 KSP Residual norm 1.786174205107e-05 
  5 KSP Residual norm 3.858397968749e-06 
  6 KSP Residual norm 7.829131014641e-07 
  7 KSP Residual norm 1.581654774009e-07 
  8 KSP Residual norm 3.186093495928e-08 
  9 KSP Residual norm 5.861515336951e-09 
iteration 4     6.93114e-06
time for 1 Picard Iteration 189.704
Assembly time for picard iteration 5 is 183.983
Exited Assembling for rank0
Starting solve for rank 0
  0 KSP Residual norm 8.826118443232e-04 
  1 KSP Residual norm 8.387194211462e-04 
  2 KSP Residual norm 3.744635343131e-04 
  3 KSP Residual norm 8.257487082710e-05 
  4 KSP Residual norm 1.668796306768e-05 
  5 KSP Residual norm 3.482245487986e-06 
  6 KSP Residual norm 6.390662565231e-07 
  7 KSP Residual norm 1.135633193506e-07 
  8 KSP Residual norm 2.152622753315e-08 
  9 KSP Residual norm 4.074470390522e-09 
iteration 5     2.99523e-07
time for 1 Picard Iteration 189.584
Finished Picard Loop
time taken for solve is1141.34
************************************************************************************************************************
***             WIDEN YOUR WINDOW TO 120 CHARACTERS.  Use 'enscript -r -fCourier9' to print this document            ***
************************************************************************************************************************

---------------------------------------------- PETSc Performance Summary: ----------------------------------------------

/home/a/asarkar/sudhipv/software/FreeFem-sources/src/mpi/FreeFem++-mpi on a  named nia0428.scinet.local with 640 processors, by sudhipv Sat Dec 10 12:25:49 2022
Using Petsc Release Version 3.15.0, Mar 30, 2021 

                         Max       Max/Min     Avg       Total
Time (sec):           1.142e+03     1.000   1.142e+03
Objects:              7.000e+01     1.000   7.000e+01
Flop:                 7.019e+08     1.140   6.591e+08  4.218e+11
Flop/sec:             6.147e+05     1.140   5.772e+05  3.694e+08
MPI Messages:         6.400e+02     5.000   3.642e+02  2.331e+05
MPI Message Lengths:  3.218e+06     3.145   6.352e+03  1.481e+09
MPI Reductions:       2.120e+02     1.000

Flop counting convention: 1 flop = 1 real number operation of type (multiply/divide/add/subtract)
                            e.g., VecAXPY() for real vectors of length N --> 2N flop
                            and VecAXPY() for complex vectors of length N --> 8N flop

Summary of Stages:   ----- Time ------  ----- Flop ------  --- Messages ---  -- Message Lengths --  -- Reductions --
                        Avg     %Total     Avg     %Total    Count   %Total     Avg         %Total    Count   %Total
 0:      Main Stage: 1.1419e+03 100.0%  4.2184e+11 100.0%  2.331e+05 100.0%  6.352e+03      100.0%  1.940e+02  91.5%

------------------------------------------------------------------------------------------------------------------------
See the 'Profiling' chapter of the users' manual for details on interpreting output.
Phase summary info:
   Count: number of times phase was executed
   Time and Flop: Max - maximum over all processors
                  Ratio - ratio of maximum to minimum over all processors
   Mess: number of messages sent
   AvgLen: average message length (bytes)
   Reduct: number of global reductions
   Global: entire computation
   Stage: stages of a computation. Set stages with PetscLogStagePush() and PetscLogStagePop().
      %T - percent time in this phase         %F - percent flop in this phase
      %M - percent messages in this phase     %L - percent message lengths in this phase
      %R - percent reductions in this phase
   Total Mflop/s: 10e-6 * (sum of flop over all processors)/(max time over all processors)
------------------------------------------------------------------------------------------------------------------------
Event                Count      Time (sec)     Flop                              --- Global ---  --- Stage ----  Total
                   Max Ratio  Max     Ratio   Max  Ratio  Mess   AvgLen  Reduct  %T %F %M %L %R  %T %F %M %L %R Mflop/s
------------------------------------------------------------------------------------------------------------------------

--- Event Stage 0: Main Stage

BuildTwoSided          7 1.0 1.0897e+0281.3 0.00e+00 0.0 3.6e+03 4.0e+00 7.0e+00  4  0  2  0  3   4  0  2  0  4     0
BuildTwoSidedF         6 1.0 1.0897e+0281.5 0.00e+00 0.0 0.0e+00 0.0e+00 6.0e+00  4  0  0  0  3   4  0  0  0  3     0
MatMult               54 1.0 1.1906e+00 1.3 6.43e+08 1.1 2.0e+05 5.0e+03 1.0e+00  0 92 87 68  0   0 92 87 68  1 324558
MatConvert             6 1.0 1.3677e+00 1.7 0.00e+00 0.0 0.0e+00 0.0e+00 2.4e+01  0  0  0  0 11   0  0  0  0 12     0
MatAssemblyBegin      13 1.0 1.0897e+0281.4 0.00e+00 0.0 0.0e+00 0.0e+00 6.0e+00  4  0  0  0  3   4  0  0  0  3     0
MatAssemblyEnd        13 1.0 2.2373e+0168.9 0.00e+00 0.0 0.0e+00 0.0e+00 2.8e+01  1  0  0  0 13   1  0  0  0 14     0
MatGetRowIJ           12 1.0 1.3873e-0416.8 0.00e+00 0.0 0.0e+00 0.0e+00 0.0e+00  0  0  0  0  0   0  0  0  0  0     0
MatZeroEntries         5 1.0 4.6737e-02 1.4 0.00e+00 0.0 0.0e+00 0.0e+00 0.0e+00  0  0  0  0  0   0  0  0  0  0     0
KSPSetUp               6 1.0 1.1498e-01161.4 0.00e+00 0.0 0.0e+00 0.0e+00 2.0e+00  0  0  0  0  1   0  0  0  0  1     0
KSPSolve               6 1.0 1.6680e+01 1.0 7.02e+08 1.1 2.0e+05 5.0e+03 1.2e+02  1100 87 68 54   1100 87 68 59 25290
KSPGMRESOrthog        54 1.0 1.0792e+00 2.4 4.61e+07 1.1 0.0e+00 0.0e+00 5.4e+01  0  7  0  0 25   0  7  0  0 28 25692
PCSetUp                6 1.0 1.8347e+01 1.0 0.00e+00 0.0 0.0e+00 0.0e+00 2.4e+01  2  0  0  0 11   2  0  0  0 12     0
PCApply               60 1.0 1.4544e+01 1.0 0.00e+00 0.0 0.0e+00 0.0e+00 0.0e+00  1  0  0  0  0   1  0  0  0  0     0
VecMDot               54 1.0 1.0616e+00 2.4 2.30e+07 1.1 0.0e+00 0.0e+00 5.4e+01  0  3  0  0 25   0  3  0  0 28 13059
VecNorm               60 1.0 5.3695e-01 1.0 5.12e+06 1.1 0.0e+00 0.0e+00 6.0e+01  0  1  0  0 28   0  1  0  0 31  5738
VecScale              60 1.0 1.4970e-03 2.5 2.56e+06 1.1 0.0e+00 0.0e+00 0.0e+00  0  0  0  0  0   0  0  0  0  0 1028976
VecCopy               18 1.0 3.3144e-03 3.0 0.00e+00 0.0 0.0e+00 0.0e+00 0.0e+00  0  0  0  0  0   0  0  0  0  0     0
VecSet                73 1.0 7.2937e-03 1.8 0.00e+00 0.0 0.0e+00 0.0e+00 0.0e+00  0  0  0  0  0   0  0  0  0  0     0
VecAXPY                6 1.0 3.8711e-02 1.3 5.12e+05 1.1 0.0e+00 0.0e+00 0.0e+00  0  0  0  0  0   0  0  0  0  0  7959
VecMAXPY              60 1.0 2.1236e-02 1.2 2.77e+07 1.1 0.0e+00 0.0e+00 0.0e+00  0  4  0  0  0   0  4  0  0  0 783412
VecScatterBegin       54 1.0 1.6401e-02 4.5 0.00e+00 0.0 2.0e+05 5.0e+03 1.0e+00  0  0 87 68  0   0  0 87 68  1     0
VecScatterEnd         54 1.0 2.3127e-01219.0 0.00e+00 0.0 0.0e+00 0.0e+00 0.0e+00  0  0  0  0  0   0  0  0  0  0     0
VecNormalize          60 1.0 5.3794e-01 1.0 7.68e+06 1.1 0.0e+00 0.0e+00 6.0e+01  0  1  0  0 28   0  1  0  0 31  8591
SFSetGraph             1 1.0 1.0695e-05 7.3 0.00e+00 0.0 0.0e+00 0.0e+00 0.0e+00  0  0  0  0  0   0  0  0  0  0     0
SFSetUp                1 1.0 1.2599e-0214.3 0.00e+00 0.0 7.3e+03 1.3e+03 1.0e+00  0  0  3  1  0   0  0  3  1  1     0
SFPack                54 1.0 4.4210e-03 9.9 0.00e+00 0.0 0.0e+00 0.0e+00 0.0e+00  0  0  0  0  0   0  0  0  0  0     0
SFUnpack              54 1.0 7.8816e-05 8.3 0.00e+00 0.0 0.0e+00 0.0e+00 0.0e+00  0  0  0  0  0   0  0  0  0  0     0
------------------------------------------------------------------------------------------------------------------------

Memory usage is given in bytes:

Object Type          Creations   Destructions     Memory  Descendants' Mem.
Reports information only for process 0.

--- Event Stage 0: Main Stage

              Matrix    10             10     70576348     0.
       Krylov Solver     1              1        18856     0.
      Preconditioner     1              1         1496     0.
              Viewer     2              1          848     0.
              Vector    42             42      8597296     0.
           Index Set     8              8      1133304     0.
   Star Forest Graph     3              3         3384     0.
    Distributed Mesh     1              1         5048     0.
     Discrete System     1              1          904     0.
           Weak Form     1              1          824     0.
========================================================================================================================
Average time to get PetscTime(): 3.21e-08
Average time for MPI_Barrier(): 0.000149207
Average time for zero size MPI_Send(): 1.31756e-06
#PETSc Option Table entries:
-ksp_max_it 200
-ksp_monitor
-ksp_pc_side right
-ksp_type gmres
-log_view
-m 1132
-n 1132
-nw
-pc_type hypre
#End of PETSc Option Table entries
Compiled without FORTRAN kernels
Compiled with full precision matrices (default)
sizeof(short) 2 sizeof(int) 4 sizeof(long) 8 sizeof(void*) 8 sizeof(PetscScalar) 8 sizeof(PetscInt) 4
Configure options: --prefix=/home/a/asarkar/sudhipv/software/FreeFem-sources/install/ff-petsc/r MAKEFLAGS= --with-debugging=0 COPTFLAGS="-O3 -mtune=native" CXXOPTFLAGS="-O3 -mtune=native" FOPTFLAGS="-O3 -mtune=native" --with-cxx-dialect=C++11 --with-ssl=0 --with-x=0 --with-fortran-bindings=0 --with-cudac=0 --with-cc=/cvmfs/soft.computecanada.ca/easybuild/software/2020/avx512/Compiler/intel2020/openmpi/4.0.3/bin/mpicc --with-cxx=/cvmfs/soft.computecanada.ca/easybuild/software/2020/avx512/Compiler/intel2020/openmpi/4.0.3/bin/mpic++ --with-fc=/cvmfs/soft.computecanada.ca/easybuild/software/2020/avx512/Compiler/intel2020/openmpi/4.0.3/bin/mpif90 --with-scalar-type=real --with-blaslapack-include=/cvmfs/soft.computecanada.ca/easybuild/software/2020/Core/imkl/2020.1.217/mkl/include --with-blaslapack-lib="-Wl,-rpath,/cvmfs/soft.computecanada.ca/easybuild/software/2020/Core/imkl/2020.1.217/mkl/lib/intel64 -L/cvmfs/soft.computecanada.ca/easybuild/software/2020/Core/imkl/2020.1.217/mkl/lib/intel64 -lmkl_rt -lmkl_intel_thread -lmkl_core  -liomp5 -lpthread" --download-metis --download-ptscotch --download-hypre --download-parmetis --download-mmg --download-parmmg --download-superlu --download-suitesparse --download-tetgen --download-slepc --download-hpddm --download-scalapack --download-mumps --download-slepc-configure-arguments=--download-arpack=https://github.com/prj-/arpack-ng/archive/b64dccb.tar.gz PETSC_ARCH=fr
-----------------------------------------
Libraries compiled on 2021-05-02 15:39:49 on nia-login03.scinet.local 
Machine characteristics: Linux-3.10.0-957.27.2.el7.x86_64-x86_64-with-centos-7.6.1810-Core
Using PETSc directory: /home/a/asarkar/sudhipv/software/FreeFem-sources/install/ff-petsc/r
Using PETSc arch: 
-----------------------------------------

Using C compiler: /cvmfs/soft.computecanada.ca/easybuild/software/2020/avx512/Compiler/intel2020/openmpi/4.0.3/bin/mpicc  -fPIC -wd1572 -O3 -mtune=native   
Using Fortran compiler: /cvmfs/soft.computecanada.ca/easybuild/software/2020/avx512/Compiler/intel2020/openmpi/4.0.3/bin/mpif90  -fPIC -O3 -mtune=native     
-----------------------------------------

Using include paths: -I/home/a/asarkar/sudhipv/software/FreeFem-sources/install/ff-petsc/r/include -I/cvmfs/soft.computecanada.ca/easybuild/software/2020/Core/imkl/2020.1.217/mkl/include
-----------------------------------------

Using C linker: /cvmfs/soft.computecanada.ca/easybuild/software/2020/avx512/Compiler/intel2020/openmpi/4.0.3/bin/mpicc
Using Fortran linker: /cvmfs/soft.computecanada.ca/easybuild/software/2020/avx512/Compiler/intel2020/openmpi/4.0.3/bin/mpif90
Using libraries: -Wl,-rpath,/home/a/asarkar/sudhipv/software/FreeFem-sources/install/ff-petsc/r/lib -L/home/a/asarkar/sudhipv/software/FreeFem-sources/install/ff-petsc/r/lib -lpetsc -Wl,-rpath,/home/a/asarkar/sudhipv/software/FreeFem-sources/install/ff-petsc/r/lib -L/home/a/asarkar/sudhipv/software/FreeFem-sources/install/ff-petsc/r/lib -Wl,-rpath,/cvmfs/soft.computecanada.ca/easybuild/software/2020/Core/imkl/2020.1.217/mkl/lib/intel64 -L/cvmfs/soft.computecanada.ca/easybuild/software/2020/Core/imkl/2020.1.217/mkl/lib/intel64 -Wl,-rpath,/cvmfs/soft.computecanada.ca/easybuild/software/2020/avx512/Compiler/intel2020/openmpi/4.0.3/lib -L/cvmfs/soft.computecanada.ca/easybuild/software/2020/avx512/Compiler/intel2020/openmpi/4.0.3/lib -Wl,-rpath,/cvmfs/soft.computecanada.ca/easybuild/software/2020/avx512/Core/libfabric/1.10.1/lib -L/cvmfs/soft.computecanada.ca/easybuild/software/2020/avx512/Core/libfabric/1.10.1/lib -Wl,-rpath,/cvmfs/soft.computecanada.ca/easybuild/software/2020/avx512/Core/ucx/1.8.0/lib -L/cvmfs/soft.computecanada.ca/easybuild/software/2020/avx512/Core/ucx/1.8.0/lib -Wl,-rpath,/cvmfs/soft.computecanada.ca/easybuild/software/2020/Core/imkl/2020.1.217/lib/intel64 -L/cvmfs/soft.computecanada.ca/easybuild/software/2020/Core/imkl/2020.1.217/lib/intel64 -Wl,-rpath,/cvmfs/restricted.computecanada.ca/easybuild/software/2020/Core/intel/2020.1.217/compilers_and_libraries_2020.1.217/linux/tbb/lib/intel64/gcc4.8 -L/cvmfs/restricted.computecanada.ca/easybuild/software/2020/Core/intel/2020.1.217/compilers_and_libraries_2020.1.217/linux/tbb/lib/intel64/gcc4.8 -Wl,-rpath,/cvmfs/restricted.computecanada.ca/easybuild/software/2020/Core/intel/2020.1.217/compilers_and_libraries_2020.1.217/linux/compiler/lib/intel64_lin -L/cvmfs/restricted.computecanada.ca/easybuild/software/2020/Core/intel/2020.1.217/compilers_and_libraries_2020.1.217/linux/compiler/lib/intel64_lin -Wl,-rpath,/cvmfs/soft.computecanada.ca/easybuild/software/2020/avx512/Compiler/intel2020/openmpi/4.0.3/lib64 -L/cvmfs/soft.computecanada.ca/easybuild/software/2020/avx512/Compiler/intel2020/openmpi/4.0.3/lib64 -Wl,-rpath,/cvmfs/soft.computecanada.ca/easybuild/software/2020/Core/gcccore/9.3.0/lib/gcc/x86_64-pc-linux-gnu/9.3.0 -L/cvmfs/soft.computecanada.ca/easybuild/software/2020/Core/gcccore/9.3.0/lib/gcc/x86_64-pc-linux-gnu/9.3.0 -Wl,-rpath,/cvmfs/soft.computecanada.ca/easybuild/software/2020/Core/gcccore/9.3.0/lib64 -L/cvmfs/soft.computecanada.ca/easybuild/software/2020/Core/gcccore/9.3.0/lib64 -Wl,-rpath,/cvmfs/soft.computecanada.ca/gentoo/2020/lib64 -L/cvmfs/soft.computecanada.ca/gentoo/2020/lib64 -Wl,-rpath,/cvmfs/soft.computecanada.ca/gentoo/2020/usr/lib64 -L/cvmfs/soft.computecanada.ca/gentoo/2020/usr/lib64 -Wl,-rpath,/cvmfs/soft.computecanada.ca/easybuild/software/2020/Core/gcccore/9.3.0/lib -L/cvmfs/soft.computecanada.ca/easybuild/software/2020/Core/gcccore/9.3.0/lib -Wl,-rpath,/cvmfs/soft.computecanada.ca/gentoo/2020/lib -L/cvmfs/soft.computecanada.ca/gentoo/2020/lib -Wl,-rpath,/cvmfs/soft.computecanada.ca/gentoo/2020/usr/lib -L/cvmfs/soft.computecanada.ca/gentoo/2020/usr/lib -lHYPRE -lcmumps -ldmumps -lsmumps -lzmumps -lmumps_common -lpord -lscalapack -lumfpack -lklu -lcholmod -lbtf -lccolamd -lcolamd -lcamd -lamd -lsuitesparseconfig -lsuperlu -lmkl_rt -lmkl_intel_thread -lmkl_core -liomp5 -lpthread -lparmmg -lmmg -lmmg3d -lptesmumps -lptscotchparmetis -lptscotch -lptscotcherr -lesmumps -lscotch -lscotcherr -lpthread -lparmetis -lmetis -ltet -lstdc++ -ldl -lmpi_usempif08 -lmpi_usempi_ignore_tkr -lmpi_mpifh -lmpi -lifport -lifcoremt_pic -limf -lsvml -lm -lipgo -lirc -lpthread -lgcc_s -lirc_s -lrt -lquadmath -lstdc++ -ldl
-----------------------------------------


scontrol show jobid 8558252
JobId=8558252 JobName=NL_AMG_640
   UserId=sudhipv(3061414) GroupId=asarkar(6001189) MCS_label=N/A
   Priority=905646 Nice=0 Account=def-asarkar QOS=normal
   JobState=COMPLETED Reason=None Dependency=(null)
   Requeue=0 Restarts=0 BatchFlag=1 Reboot=0 ExitCode=0:0
   RunTime=00:19:34 TimeLimit=00:30:00 TimeMin=N/A
   SubmitTime=2022-12-10T12:02:25 EligibleTime=2022-12-10T12:02:26
   AccrueTime=2022-12-10T12:02:26
   StartTime=2022-12-10T12:06:17 EndTime=2022-12-10T12:25:51 Deadline=N/A
   SuspendTime=None SecsPreSuspend=0 LastSchedEval=2022-12-10T12:06:17 Scheduler=Backfill
   Partition=compute AllocNode:Sid=nia-login06:220651
   ReqNodeList=(null) ExcNodeList=(null)
   NodeList=nia[0428,0913-0917,1045-1049,1250-1254]
   BatchHost=nia0428
   NumNodes=16 NumCPUs=1280 NumTasks=640 CPUs/Task=1 ReqB:S:C:T=0:0:*:*
   TRES=cpu=1280,mem=2800000M,node=16,billing=640
   Socks/Node=* NtasksPerN:B:S:C=40:0:*:* CoreSpec=*
   MinCPUsNode=40 MinMemoryNode=175000M MinTmpDiskNode=0
   Features=[skylake|cascade] DelayBoot=00:00:00
   OverSubscribe=NO Contiguous=0 Licenses=(null) Network=(null)
   Command=/gpfs/fs0/scratch/a/asarkar/sudhipv/poisson_hpc/stochastic/process_NL/NL2/runff_niagara.sh
   WorkDir=/gpfs/fs0/scratch/a/asarkar/sudhipv/poisson_hpc/stochastic/process_NL/NL2
   Comment=/opt/slurm/bin/sbatch --export=NONE runff_niagara.sh 
   StdErr=/gpfs/fs0/scratch/a/asarkar/sudhipv/poisson_hpc/stochastic/process_NL/NL2/NL_AMG_640-8558252.out
   StdIn=/dev/null
   StdOut=/gpfs/fs0/scratch/a/asarkar/sudhipv/poisson_hpc/stochastic/process_NL/NL2/NL_AMG_640-8558252.out
   Power=
   MailUser=sudhipv@cmail.carleton.ca MailType=INVALID_DEPEND,BEGIN,END,FAIL,REQUEUE,STAGE_OUT
   

sacct -j 8558252
JobID           JobName    Account    Elapsed  MaxVMSize     MaxRSS  SystemCPU    UserCPU ExitCode 
------------ ---------- ---------- ---------- ---------- ---------- ---------- ---------- -------- 
8558252      NL_AMG_640 def-asark+   00:19:34                        27:26.990 8-10:08:20      0:0 
8558252.bat+      batch def-asark+   00:19:34  50700648K  26113852K  01:46.327   12:37:55      0:0 
8558252.ext+     extern def-asark+   00:19:37    142384K      1136K  00:00.006  00:00.007      0:0 
8558252.0         orted def-asark+   00:19:15  50631464K  26744340K  25:40.656 7-21:30:25      0:0 
